INFO  io.skysail.webconsole.AgentActivator - starting webconsole plugin
INFO  io.skysail.webconsole.AgentActivator - starting intern webconsole server on port 2002
INFO  io.skysail.webconsole.server.Server - using client bundle 'webconsole.all' [0.1.13.201607300848]
WARN  io.skysail.webconsole.osgi.utils.FileUtils - could not parse bundle location System Bundle
INFO  io.skysail.webconsole.osgi.utils.FileUtils - could not determine file size of ''
INFO  io.skysail.server.app.ApplicationList - (+ ApplicationModel) (#01) with name 'root'
INFO  io.skysail.server.app.ApplicationList - (+ ApplicationModel) (#02) with name 'webapp'
INFO  io.skysail.server.http.HttpServer - 
INFO  io.skysail.server.http.HttpServer - ====================================
INFO  io.skysail.server.http.HttpServer - Starting skysail server on port 2015
INFO  io.skysail.server.http.HttpServer - ====================================
INFO  io.skysail.server.http.HttpServer - 
INFO  org.eclipse.jetty.util.log - Logging initialized @4287ms
INFO  org.restlet - Starting the Jetty [HTTP/1.1] server on port 2015
INFO  org.eclipse.jetty.server.Server - jetty-9.2.11.v20150529
INFO  org.eclipse.jetty.server.ServerConnector - Started ServerConnector@14e750c5{HTTP/1.1}{0.0.0.0:2015}
INFO  org.eclipse.jetty.server.Server - Started @4326ms
INFO  io.skysail.server.app.ApplicationList - (+ ApplicationModel) (#03) with name 'static'
INFO  io.skysail.server.app.ApplicationList - (+ ApplicationModel) (#04) with name 'i18n'
INFO  i.s.server.um.shiro.ShiroBasedUserManagementProvider - USER MANAGEMENT PROVIDER: activating provider 'io.skysail.server.um.shiro.ShiroBasedUserManagementProvider'
INFO  io.skysail.server.app.ServiceList - USER MANAGEMENT PROVIDER: setting provider to 'io.skysail.server.um.shiro.ShiroBasedUserManagementProvider'
INFO  io.skysail.server.app.ApplicationList - (+ ApplicationModel) (#05) with name 'io.skysail.server.um.shiro.app.ShiroUmApplication'
INFO  io.skysail.server.app.ApplicationList - (+ ApplicationModel) (#06) with name 'one2manyApplication'
INFO  o.r.S.InternalRouter.SkysailRootApplication - Starting io.skysail.server.app.SkysailRootApplication application
INFO  io.skysail.server.app.SkysailApplication - creating new Router in io.skysail.server.app.SkysailRootApplication
INFO  io.skysail.server.app.SkysailApplication - adding extensions to metadata service
INFO  io.skysail.server.app.SkysailApplication - adding protocols
INFO  io.skysail.server.restlet.SkysailRouter - routing path '/root/' -> AlwaysAuthenticatedAuthenticator -> RolesPredicateAuthorizer -> Finder -> DefaultResource
INFO  io.skysail.server.restlet.SkysailRouter - routing path '/root/_login' -> AlwaysAuthenticatedAuthenticator -> RolesPredicateAuthorizer -> Finder -> LoginResource
INFO  io.skysail.server.restlet.SkysailRouter - routing path '/root/_logout' -> AlwaysAuthenticatedAuthenticator -> RolesPredicateAuthorizer -> Finder -> LogoutResource
INFO  io.skysail.server.restlet.SkysailRouter - routing path '/root/_profile' -> AlwaysAuthenticatedAuthenticator -> RolesPredicateAuthorizer -> Finder -> ProfileResource
INFO  o.r.SkysailComponent.InternalRouter.WebappApplication - Starting io.skysail.server.converter.WebappApplication application
INFO  o.r.SkysailComponent.InternalRouter.WebappApplication - Starting de.twenty11.skysail.server.webapp.internal.WebappApplication application
INFO  o.r.SkysailComponent.InternalRouter.I18nApplication - Starting io.skysail.server.text.store.bundleresource.impl.I18nApplication application
INFO  io.skysail.server.app.SkysailApplication - creating new Router in io.skysail.server.text.store.bundleresource.impl.I18nApplication
INFO  io.skysail.server.app.SkysailApplication - adding extensions to metadata service
INFO  io.skysail.server.app.SkysailApplication - adding protocols
INFO  io.skysail.server.restlet.SkysailRouter - routing path '/i18n/v1' -> SkysailCookieAuthenticator -> RolesPredicateAuthorizer -> Finder -> I18nRootResource
INFO  io.skysail.server.restlet.SkysailRouter - routing path '/i18n/v1/messages/' -> SkysailCookieAuthenticator -> RolesPredicateAuthorizer -> Finder -> MessagesResource
INFO  io.skysail.server.restlet.SkysailRouter - routing path '/i18n/v1/messages/{key}' -> SkysailCookieAuthenticator -> RolesPredicateAuthorizer -> Finder -> MessageResource
INFO  io.skysail.server.restlet.SkysailRouter - routing path '/i18n/v1/messages/{key}/' -> SkysailCookieAuthenticator -> RolesPredicateAuthorizer -> Finder -> PutMessageResource
INFO  io.skysail.server.restlet.SkysailRouter - routing path '/i18n/v1/messages/{key}/{fieldname}/' -> SkysailCookieAuthenticator -> RolesPredicateAuthorizer -> Finder -> PatchMessageResource
INFO  o.r.SkysailComponent.InternalRouter.ShiroUmApplication - Starting io.skysail.server.um.shiro.app.ShiroUmApplication application
INFO  io.skysail.server.app.SkysailApplication - creating new Router in io.skysail.server.um.shiro.app.ShiroUmApplication
INFO  io.skysail.server.app.SkysailApplication - adding extensions to metadata service
INFO  io.skysail.server.app.SkysailApplication - adding protocols
INFO  io.skysail.server.restlet.SkysailRouter - routing path '/io.skysail.server.um.shiro.app.ShiroUmApplication/v1/_login' -> AlwaysAuthenticatedAuthenticator -> RolesPredicateAuthorizer -> Finder -> LoginResource
INFO  io.skysail.server.restlet.SkysailRouter - routing path '/io.skysail.server.um.shiro.app.ShiroUmApplication/v1/currentUser' -> NeverAuthenticatedAuthenticator -> RolesPredicateAuthorizer -> Finder -> CurrentUserResource
INFO  o.r.SkysailComponent.InternalRouter.One2ManyApplication - Starting io.skysail.server.app.reference.one2many.One2ManyApplication application
INFO  io.skysail.server.app.SkysailApplication - creating new Router in io.skysail.server.app.reference.one2many.One2ManyApplication
INFO  io.skysail.server.app.SkysailApplication - adding extensions to metadata service
INFO  io.skysail.server.app.SkysailApplication - adding protocols
WARN  io.skysail.server.app.SkysailApplication - there are no entities defined for the applicationModel JavaApplicationModel: one2manyApplication
Repositories: 
Repositories(repositories={io.skysail.server.db.versions.impl.ComponentDbVersion=io.skysail.server.db.versions.impl.VersionsRepository@10189057, io.skysail.server.app.reference.one2many.TodoList=io.skysail.server.app.reference.one2many.One2ManyRepository@3b61b053})

INFO  io.skysail.server.restlet.SkysailRouter - routing path '/one2manyApplication/v1' -> AlwaysAuthenticatedAuthenticator -> RolesPredicateAuthorizer -> Finder -> TodoListsResource
INFO  io.skysail.server.restlet.SkysailRouter - routing path '/one2manyApplication/v1/lists' -> AlwaysAuthenticatedAuthenticator -> RolesPredicateAuthorizer -> Finder -> TodoListsResource
INFO  io.skysail.server.restlet.SkysailRouter - routing path '/one2manyApplication/v1/lists/' -> AlwaysAuthenticatedAuthenticator -> RolesPredicateAuthorizer -> Finder -> PostTodoListResource
INFO  io.skysail.server.restlet.SkysailRouter - routing path '/one2manyApplication/v1/lists/{id}' -> AlwaysAuthenticatedAuthenticator -> RolesPredicateAuthorizer -> Finder -> TodoListResource
INFO  io.skysail.server.restlet.SkysailRouter - routing path '/one2manyApplication/v1/lists/{id}/' -> AlwaysAuthenticatedAuthenticator -> RolesPredicateAuthorizer -> Finder -> PutTodoListResource
INFO  io.skysail.server.restlet.SkysailRouter - routing path '/one2manyApplication/v1/lists/{id}/todos' -> AlwaysAuthenticatedAuthenticator -> RolesPredicateAuthorizer -> Finder -> TodoListsTodosResource
INFO  io.skysail.server.restlet.SkysailRouter - routing path '/one2manyApplication/v1/lists/{id}/todos/' -> AlwaysAuthenticatedAuthenticator -> RolesPredicateAuthorizer -> Finder -> PostTodoListToNewTodoRelationResource
INFO  io.skysail.server.restlet.SkysailRouter - routing path '/one2manyApplication/v1/lists/{id}/todos/{targetId}' -> AlwaysAuthenticatedAuthenticator -> RolesPredicateAuthorizer -> Finder -> TodoListsTodoResource
INFO  io.skysail.server.restlet.resources.ListServerResource - Request entry point: TodoListsResource @Get([text/html])
INFO  io.skysail.server.stringtemplate.STGroupBundleDir - found resource in skysail.server.converter: bundle://81.0:1/templates/bootstrap/index.st
INFO  io.skysail.server.stringtemplate.STGroupBundleDir - found resource in skysail.server.converter: bundle://81.0:1/templates/bootstrap/contentHeader.st
INFO  LogService - 2016-08-03	15:04:52	0:0:0:0:0:0:0:1	admin	0:0:0:0:0:0:0:1	2015	GET	/one2manyApplication/v1	-	200	-	0	996	http://localhost:2015	Mozilla/5.0 (Windows NT 6.1; WOW64) AppleWebKit/537.36 (KHTML, like Gecko) Chrome/51.0.2704.103 Safari/537.36	http://localhost:2015/one2manyApplication/v1/lists/14:0/todos
INFO  LogService - 2016-08-03	15:04:52	0:0:0:0:0:0:0:1	-	0:0:0:0:0:0:0:1	2015	GET	/static/js/mousetrap/mousetrap.min.js	-	200	-	0	4	http://localhost:2015	Mozilla/5.0 (Windows NT 6.1; WOW64) AppleWebKit/537.36 (KHTML, like Gecko) Chrome/51.0.2704.103 Safari/537.36	http://localhost:2015/one2manyApplication/v1
INFO  LogService - 2016-08-03	15:04:52	0:0:0:0:0:0:0:1	-	0:0:0:0:0:0:0:1	2015	GET	/static/themes/jstree/style.min.css	-	200	-	0	7	http://localhost:2015	Mozilla/5.0 (Windows NT 6.1; WOW64) AppleWebKit/537.36 (KHTML, like Gecko) Chrome/51.0.2704.103 Safari/537.36	http://localhost:2015/one2manyApplication/v1
INFO  LogService - 2016-08-03	15:04:52	0:0:0:0:0:0:0:1	-	0:0:0:0:0:0:0:1	2015	GET	/static/js/jstree/jstree.min.js	-	200	-	0	3	http://localhost:2015	Mozilla/5.0 (Windows NT 6.1; WOW64) AppleWebKit/537.36 (KHTML, like Gecko) Chrome/51.0.2704.103 Safari/537.36	http://localhost:2015/one2manyApplication/v1
INFO  LogService - 2016-08-03	15:04:52	0:0:0:0:0:0:0:1	-	0:0:0:0:0:0:0:1	2015	GET	/static/img/skysail.logo.png	-	200	-	0	2	http://localhost:2015	Mozilla/5.0 (Windows NT 6.1; WOW64) AppleWebKit/537.36 (KHTML, like Gecko) Chrome/51.0.2704.103 Safari/537.36	http://localhost:2015/one2manyApplication/v1
INFO  i.s.server.restlet.resources.PostEntityServerResource - Request entry point: PostTodoListResource @Get('htmlform|html')
WARN  io.skysail.server.model.ResourceModel - identifier was null
WARN  io.skysail.server.model.ResourceModel - identifier was null
WARN  io.skysail.server.model.ResourceModel - identifier was null
INFO  io.skysail.server.stringtemplate.STGroupBundleDir - found resource in skysail.server.converter: bundle://81.0:1/templates/bootstrap/index.st
INFO  io.skysail.server.stringtemplate.STGroupBundleDir - found resource in skysail.server.converter: bundle://81.0:1/templates/bootstrap/contentHeader.st
INFO  LogService - 2016-08-03	15:04:53	0:0:0:0:0:0:0:1	admin	0:0:0:0:0:0:0:1	2015	GET	/one2manyApplication/v1/lists/	-	200	-	0	638	http://localhost:2015	Mozilla/5.0 (Windows NT 6.1; WOW64) AppleWebKit/537.36 (KHTML, like Gecko) Chrome/51.0.2704.103 Safari/537.36	http://localhost:2015/one2manyApplication/v1
INFO  i.s.server.restlet.resources.PostEntityServerResource - Request entry point: PostTodoListResource @Post('x-www-form-urlencoded:html|json|xml')
INFO  i.s.server.restlet.resources.PostEntityServerResource - calling post(Form), media types '[text/html:1.0, application/xhtml+xml:1.0, application/xml:0.9, image/webp:1.0, */*:0.8]'
INFO  io.skysail.server.stringtemplate.STGroupBundleDir - found resource in skysail.server.converter: bundle://81.0:1/templates/bootstrap/index.st
INFO  io.skysail.server.stringtemplate.STGroupBundleDir - found resource in skysail.server.converter: bundle://81.0:1/templates/bootstrap/contentHeader.st
INFO  LogService - 2016-08-03	15:04:58	0:0:0:0:0:0:0:1	admin	0:0:0:0:0:0:0:1	2015	POST	/one2manyApplication/v1/lists/v%28io_skysail_server_app_reference_one2many_TodoList%29%5B14%3A0%5D	-	303	-	28	690	http://localhost:2015	Mozilla/5.0 (Windows NT 6.1; WOW64) AppleWebKit/537.36 (KHTML, like Gecko) Chrome/51.0.2704.103 Safari/537.36	http://localhost:2015/one2manyApplication/v1/lists/
INFO  io.skysail.server.restlet.resources.ListServerResource - Request entry point: TodoListsResource @Get([text/html])
INFO  io.skysail.server.stringtemplate.STGroupBundleDir - found resource in skysail.server.converter: bundle://81.0:1/templates/bootstrap/index.st
INFO  io.skysail.server.stringtemplate.STGroupBundleDir - found resource in skysail.server.converter: bundle://81.0:1/templates/bootstrap/contentHeader.st
INFO  LogService - 2016-08-03	15:04:58	0:0:0:0:0:0:0:1	admin	0:0:0:0:0:0:0:1	2015	GET	/one2manyApplication/v1/lists	msgIds=0	200	-	0	555	http://localhost:2015	Mozilla/5.0 (Windows NT 6.1; WOW64) AppleWebKit/537.36 (KHTML, like Gecko) Chrome/51.0.2704.103 Safari/537.36	http://localhost:2015/one2manyApplication/v1/lists/
INFO  LogService - 2016-08-03	15:04:58	0:0:0:0:0:0:0:1	-	0:0:0:0:0:0:0:1	2015	GET	/static/themes/jstree/32px.png	-	200	-	0	1	http://localhost:2015	Mozilla/5.0 (Windows NT 6.1; WOW64) AppleWebKit/537.36 (KHTML, like Gecko) Chrome/51.0.2704.103 Safari/537.36	http://localhost:2015/static/themes/jstree/style.min.css
INFO  LogService - 2016-08-03	15:04:58	0:0:0:0:0:0:0:1	-	0:0:0:0:0:0:0:1	2015	GET	/static/themes/jstree/throbber.gif	-	200	-	0	2	http://localhost:2015	Mozilla/5.0 (Windows NT 6.1; WOW64) AppleWebKit/537.36 (KHTML, like Gecko) Chrome/51.0.2704.103 Safari/537.36	http://localhost:2015/static/themes/jstree/style.min.css
INFO  i.s.server.restlet.resources.PostEntityServerResource - Request entry point: PostTodoListToNewTodoRelationResource @Get('htmlform|html')
WARN  io.skysail.server.model.ResourceModel - identifier was null
WARN  io.skysail.server.model.ResourceModel - identifier was null
INFO  io.skysail.server.stringtemplate.STGroupBundleDir - found resource in skysail.server.converter: bundle://81.0:1/templates/bootstrap/index.st
INFO  io.skysail.server.stringtemplate.STGroupBundleDir - found resource in skysail.server.converter: bundle://81.0:1/templates/bootstrap/contentHeader.st
INFO  LogService - 2016-08-03	15:05:03	0:0:0:0:0:0:0:1	admin	0:0:0:0:0:0:0:1	2015	GET	/one2manyApplication/v1/lists/14:0/todos/	-	200	-	0	533	http://localhost:2015	Mozilla/5.0 (Windows NT 6.1; WOW64) AppleWebKit/537.36 (KHTML, like Gecko) Chrome/51.0.2704.103 Safari/537.36	http://localhost:2015/one2manyApplication/v1/lists?msgIds=0
INFO  i.s.server.restlet.resources.PostEntityServerResource - Request entry point: PostTodoListToNewTodoRelationResource @Post('x-www-form-urlencoded:html|json|xml')
INFO  i.s.server.restlet.resources.PostEntityServerResource - calling post(Form), media types '[text/html:1.0, application/xhtml+xml:1.0, application/xml:0.9, image/webp:1.0, */*:0.8]'
WARN  io.skysail.server.model.ResourceModel - identifier was null
WARN  io.skysail.server.model.ResourceModel - identifier was null
INFO  io.skysail.server.stringtemplate.STGroupBundleDir - found resource in skysail.server.converter: bundle://81.0:1/templates/bootstrap/index.st
INFO  io.skysail.server.stringtemplate.STGroupBundleDir - found resource in skysail.server.converter: bundle://81.0:1/templates/bootstrap/contentHeader.st
INFO  LogService - 2016-08-03	15:05:08	0:0:0:0:0:0:0:1	admin	0:0:0:0:0:0:0:1	2015	POST	/one2manyApplication/v1/lists/14:0/todos/	-	201	-	28	541	http://localhost:2015	Mozilla/5.0 (Windows NT 6.1; WOW64) AppleWebKit/537.36 (KHTML, like Gecko) Chrome/51.0.2704.103 Safari/537.36	http://localhost:2015/one2manyApplication/v1/lists/14:0/todos/
INFO  io.skysail.server.restlet.resources.ListServerResource - Request entry point: TodoListsResource @Get([text/html])
ERROR io.skysail.server.db.OrientGraphDbService - null
java.lang.NullPointerException: null
	at io.skysail.server.db.OrientGraphDbService.documentToBean(OrientGraphDbService.java:180) [skysail.server.db-0.2.0.jar:na]
	at io.skysail.server.db.OrientGraphDbService.lambda$populateOutgoingEdges$24(OrientGraphDbService.java:215) [skysail.server.db-0.2.0.jar:na]
	at java.util.ArrayList.forEach(Unknown Source) ~[na:1.8.0_91]
	at io.skysail.server.db.OrientGraphDbService.populateOutgoingEdges(OrientGraphDbService.java:194) [skysail.server.db-0.2.0.jar:na]
	at io.skysail.server.db.OrientGraphDbService.documentToBean(OrientGraphDbService.java:183) [skysail.server.db-0.2.0.jar:na]
	at io.skysail.server.db.OrientGraphDbService.findGraphs(OrientGraphDbService.java:161) [skysail.server.db-0.2.0.jar:na]
	at io.skysail.server.db.GraphDbRepository.find(GraphDbRepository.java:97) ~[skysail.server.db-0.2.0.jar:na]
	at io.skysail.server.app.reference.one2many.resources.TodoListsResource.getEntity(TodoListsResource.java:32) ~[na:na]
	at io.skysail.server.app.reference.one2many.resources.TodoListsResource.getEntity(TodoListsResource.java:1) ~[na:na]
	at io.skysail.server.restlet.resources.SkysailServerResource.getEntity(SkysailServerResource.java:131) ~[skysail.server.jar:na]
	at io.skysail.server.restlet.filter.DataExtractingFilter.doHandle(DataExtractingFilter.java:21) ~[skysail.server.jar:na]
	at io.skysail.server.restlet.filter.AbstractResourceFilter.handleMe(AbstractResourceFilter.java:99) ~[skysail.server.jar:na]
	at io.skysail.server.restlet.filter.AbstractResourceFilter.doHandle(AbstractResourceFilter.java:82) ~[skysail.server.jar:na]
	at io.skysail.server.restlet.filter.AbstractResourceFilter.handleMe(AbstractResourceFilter.java:99) ~[skysail.server.jar:na]
	at io.skysail.server.restlet.filter.AbstractResourceFilter.doHandle(AbstractResourceFilter.java:82) ~[skysail.server.jar:na]
	at io.skysail.server.restlet.filter.ExceptionCatchingFilter.doHandle(ExceptionCatchingFilter.java:26) ~[skysail.server.jar:na]
	at io.skysail.server.restlet.filter.AbstractResourceFilter.handleMe(AbstractResourceFilter.java:99) ~[skysail.server.jar:na]
	at io.skysail.server.restlet.filter.AbstractResourceFilter.handleList(AbstractResourceFilter.java:51) ~[skysail.server.jar:na]
	at io.skysail.server.restlet.resources.ListServerResource.listEntities(ListServerResource.java:142) ~[skysail.server.jar:na]
	at io.skysail.server.restlet.resources.ListServerResource.getEntities(ListServerResource.java:130) ~[skysail.server.jar:na]
	at sun.reflect.NativeMethodAccessorImpl.invoke0(Native Method) ~[na:1.8.0_91]
	at sun.reflect.NativeMethodAccessorImpl.invoke(Unknown Source) ~[na:1.8.0_91]
	at sun.reflect.DelegatingMethodAccessorImpl.invoke(Unknown Source) ~[na:1.8.0_91]
	at java.lang.reflect.Method.invoke(Unknown Source) ~[na:1.8.0_91]
	at org.restlet.resource.ServerResource.doHandle(ServerResource.java:520) ~[org.restlet.jar:na]
	at org.restlet.resource.ServerResource.get(ServerResource.java:742) ~[org.restlet.jar:na]
	at org.restlet.resource.ServerResource.doHandle(ServerResource.java:617) ~[org.restlet.jar:na]
	at org.restlet.resource.ServerResource.doNegotiatedHandle(ServerResource.java:678) ~[org.restlet.jar:na]
	at org.restlet.resource.ServerResource.doConditionalHandle(ServerResource.java:356) ~[org.restlet.jar:na]
	at org.restlet.resource.ServerResource.handle(ServerResource.java:1043) ~[org.restlet.jar:na]
	at org.restlet.resource.Finder.handle(Finder.java:236) ~[org.restlet.jar:na]
	at org.restlet.routing.Filter.doHandle(Filter.java:150) ~[org.restlet.jar:na]
	at org.restlet.routing.Filter.handle(Filter.java:197) ~[org.restlet.jar:na]
	at org.restlet.routing.Filter.doHandle(Filter.java:150) ~[org.restlet.jar:na]
	at org.restlet.routing.Filter.handle(Filter.java:197) ~[org.restlet.jar:na]
	at org.restlet.routing.Filter.doHandle(Filter.java:150) ~[org.restlet.jar:na]
	at org.restlet.routing.Filter.handle(Filter.java:197) ~[org.restlet.jar:na]
	at org.restlet.routing.Router.doHandle(Router.java:422) ~[org.restlet.jar:na]
	at org.restlet.routing.Router.handle(Router.java:639) ~[org.restlet.jar:na]
	at org.restlet.routing.Filter.doHandle(Filter.java:150) ~[org.restlet.jar:na]
	at org.restlet.routing.Filter.handle(Filter.java:197) ~[org.restlet.jar:na]
	at org.restlet.routing.Filter.doHandle(Filter.java:150) ~[org.restlet.jar:na]
	at org.restlet.routing.Filter.handle(Filter.java:197) ~[org.restlet.jar:na]
	at org.restlet.routing.Filter.doHandle(Filter.java:150) ~[org.restlet.jar:na]
	at org.restlet.routing.Filter.handle(Filter.java:197) ~[org.restlet.jar:na]
	at org.restlet.routing.Filter.doHandle(Filter.java:150) ~[org.restlet.jar:na]
	at org.restlet.routing.Filter.handle(Filter.java:197) ~[org.restlet.jar:na]
	at org.restlet.routing.Filter.doHandle(Filter.java:150) ~[org.restlet.jar:na]
	at org.restlet.routing.Filter.handle(Filter.java:197) ~[org.restlet.jar:na]
	at org.restlet.routing.Filter.doHandle(Filter.java:150) ~[org.restlet.jar:na]
	at org.restlet.engine.application.StatusFilter.doHandle(StatusFilter.java:140) ~[org.restlet.jar:na]
	at org.restlet.routing.Filter.handle(Filter.java:197) ~[org.restlet.jar:na]
	at org.restlet.routing.Filter.doHandle(Filter.java:150) ~[org.restlet.jar:na]
	at org.restlet.routing.Filter.handle(Filter.java:197) ~[org.restlet.jar:na]
	at org.restlet.engine.CompositeHelper.handle(CompositeHelper.java:202) ~[org.restlet.jar:na]
	at org.restlet.engine.application.ApplicationHelper.handle(ApplicationHelper.java:75) ~[org.restlet.jar:na]
	at org.restlet.Application.handle(Application.java:385) ~[org.restlet.jar:na]
	at org.restlet.routing.Filter.doHandle(Filter.java:150) ~[org.restlet.jar:na]
	at org.restlet.routing.Filter.handle(Filter.java:197) ~[org.restlet.jar:na]
	at org.restlet.routing.Router.doHandle(Router.java:422) ~[org.restlet.jar:na]
	at org.restlet.routing.Router.handle(Router.java:639) ~[org.restlet.jar:na]
	at org.restlet.routing.Filter.doHandle(Filter.java:150) ~[org.restlet.jar:na]
	at org.restlet.routing.Filter.handle(Filter.java:197) ~[org.restlet.jar:na]
	at org.restlet.routing.Router.doHandle(Router.java:422) ~[org.restlet.jar:na]
	at org.restlet.routing.Router.handle(Router.java:639) ~[org.restlet.jar:na]
	at org.restlet.routing.Filter.doHandle(Filter.java:150) ~[org.restlet.jar:na]
	at org.restlet.engine.application.StatusFilter.doHandle(StatusFilter.java:140) ~[org.restlet.jar:na]
	at org.restlet.routing.Filter.handle(Filter.java:197) ~[org.restlet.jar:na]
	at org.restlet.routing.Filter.doHandle(Filter.java:150) ~[org.restlet.jar:na]
	at org.restlet.routing.Filter.handle(Filter.java:197) ~[org.restlet.jar:na]
	at org.restlet.engine.CompositeHelper.handle(CompositeHelper.java:202) ~[org.restlet.jar:na]
	at org.restlet.Component.handle(Component.java:408) ~[org.restlet.jar:na]
	at org.restlet.Server.handle(Server.java:507) ~[org.restlet.jar:na]
	at org.restlet.engine.connector.ServerHelper.handle(ServerHelper.java:63) ~[org.restlet.jar:na]
	at org.restlet.engine.adapter.HttpServerHelper.handle(HttpServerHelper.java:143) ~[org.restlet.jar:na]
	at org.restlet.ext.jetty.JettyServerHelper$WrappedServer.handle(JettyServerHelper.java:273) ~[org.restlet.ext.jetty.jar:na]
	at org.eclipse.jetty.server.HttpChannel.handle(HttpChannel.java:310) ~[jetty-server-9.2.11.v20150529.jar:9.2.11.v20150529]
	at org.eclipse.jetty.server.HttpConnection.onFillable(HttpConnection.java:257) ~[jetty-server-9.2.11.v20150529.jar:9.2.11.v20150529]
	at org.eclipse.jetty.io.AbstractConnection$2.run(AbstractConnection.java:540) ~[jetty-io-9.2.11.v20150529.jar:9.2.11.v20150529]
	at org.eclipse.jetty.util.thread.QueuedThreadPool.runJob(QueuedThreadPool.java:635) ~[jetty-util-9.2.11.v20150529.jar:9.2.11.v20150529]
	at org.eclipse.jetty.util.thread.QueuedThreadPool$3.run(QueuedThreadPool.java:555) ~[jetty-util-9.2.11.v20150529.jar:9.2.11.v20150529]
	at java.lang.Thread.run(Unknown Source) ~[na:1.8.0_91]
INFO  io.skysail.server.stringtemplate.STGroupBundleDir - found resource in skysail.server.converter: bundle://81.0:1/templates/bootstrap/index.st
INFO  io.skysail.server.stringtemplate.STGroupBundleDir - found resource in skysail.server.converter: bundle://81.0:1/templates/bootstrap/contentHeader.st
INFO  LogService - 2016-08-03	15:05:12	0:0:0:0:0:0:0:1	admin	0:0:0:0:0:0:0:1	2015	GET	/one2manyApplication/v1	-	200	-	0	639	http://localhost:2015	Mozilla/5.0 (Windows NT 6.1; WOW64) AppleWebKit/537.36 (KHTML, like Gecko) Chrome/51.0.2704.103 Safari/537.36	http://localhost:2015/one2manyApplication/v1/lists/14:0/todos/
INFO  io.skysail.server.restlet.resources.ListServerResource - Request entry point: TodoListsTodosResource @Get([text/html])
INFO  io.skysail.server.stringtemplate.STGroupBundleDir - found resource in skysail.server.converter: bundle://81.0:1/templates/bootstrap/index.st
INFO  io.skysail.server.stringtemplate.STGroupBundleDir - found resource in skysail.server.converter: bundle://81.0:1/templates/bootstrap/contentHeader.st
INFO  LogService - 2016-08-03	15:05:15	0:0:0:0:0:0:0:1	admin	0:0:0:0:0:0:0:1	2015	GET	/one2manyApplication/v1/lists/14:0/todos	-	200	-	0	521	http://localhost:2015	Mozilla/5.0 (Windows NT 6.1; WOW64) AppleWebKit/537.36 (KHTML, like Gecko) Chrome/51.0.2704.103 Safari/537.36	http://localhost:2015/one2manyApplication/v1
INFO  io.skysail.server.restlet.resources.ListServerResource - Request entry point: TodoListsResource @Get([text/html])
ERROR io.skysail.server.db.OrientGraphDbService - null
java.lang.NullPointerException: null
	at io.skysail.server.db.OrientGraphDbService.documentToBean(OrientGraphDbService.java:180) [skysail.server.db-0.2.0.jar:na]
	at io.skysail.server.db.OrientGraphDbService.lambda$populateOutgoingEdges$24(OrientGraphDbService.java:215) [skysail.server.db-0.2.0.jar:na]
	at java.util.ArrayList.forEach(Unknown Source) ~[na:1.8.0_91]
	at io.skysail.server.db.OrientGraphDbService.populateOutgoingEdges(OrientGraphDbService.java:194) [skysail.server.db-0.2.0.jar:na]
	at io.skysail.server.db.OrientGraphDbService.documentToBean(OrientGraphDbService.java:183) [skysail.server.db-0.2.0.jar:na]
	at io.skysail.server.db.OrientGraphDbService.findGraphs(OrientGraphDbService.java:161) [skysail.server.db-0.2.0.jar:na]
	at io.skysail.server.db.GraphDbRepository.find(GraphDbRepository.java:97) ~[skysail.server.db-0.2.0.jar:na]
	at io.skysail.server.app.reference.one2many.resources.TodoListsResource.getEntity(TodoListsResource.java:32) ~[na:na]
	at io.skysail.server.app.reference.one2many.resources.TodoListsResource.getEntity(TodoListsResource.java:1) ~[na:na]
	at io.skysail.server.restlet.resources.SkysailServerResource.getEntity(SkysailServerResource.java:131) ~[skysail.server.jar:na]
	at io.skysail.server.restlet.filter.DataExtractingFilter.doHandle(DataExtractingFilter.java:21) ~[skysail.server.jar:na]
	at io.skysail.server.restlet.filter.AbstractResourceFilter.handleMe(AbstractResourceFilter.java:99) ~[skysail.server.jar:na]
	at io.skysail.server.restlet.filter.AbstractResourceFilter.doHandle(AbstractResourceFilter.java:82) ~[skysail.server.jar:na]
	at io.skysail.server.restlet.filter.AbstractResourceFilter.handleMe(AbstractResourceFilter.java:99) ~[skysail.server.jar:na]
	at io.skysail.server.restlet.filter.AbstractResourceFilter.doHandle(AbstractResourceFilter.java:82) ~[skysail.server.jar:na]
	at io.skysail.server.restlet.filter.ExceptionCatchingFilter.doHandle(ExceptionCatchingFilter.java:26) ~[skysail.server.jar:na]
	at io.skysail.server.restlet.filter.AbstractResourceFilter.handleMe(AbstractResourceFilter.java:99) ~[skysail.server.jar:na]
	at io.skysail.server.restlet.filter.AbstractResourceFilter.handleList(AbstractResourceFilter.java:51) ~[skysail.server.jar:na]
	at io.skysail.server.restlet.resources.ListServerResource.listEntities(ListServerResource.java:142) ~[skysail.server.jar:na]
	at io.skysail.server.restlet.resources.ListServerResource.getEntities(ListServerResource.java:130) ~[skysail.server.jar:na]
	at sun.reflect.NativeMethodAccessorImpl.invoke0(Native Method) ~[na:1.8.0_91]
	at sun.reflect.NativeMethodAccessorImpl.invoke(Unknown Source) ~[na:1.8.0_91]
	at sun.reflect.DelegatingMethodAccessorImpl.invoke(Unknown Source) ~[na:1.8.0_91]
	at java.lang.reflect.Method.invoke(Unknown Source) ~[na:1.8.0_91]
	at org.restlet.resource.ServerResource.doHandle(ServerResource.java:520) ~[org.restlet.jar:na]
	at org.restlet.resource.ServerResource.get(ServerResource.java:742) ~[org.restlet.jar:na]
	at org.restlet.resource.ServerResource.doHandle(ServerResource.java:617) ~[org.restlet.jar:na]
	at org.restlet.resource.ServerResource.doNegotiatedHandle(ServerResource.java:678) ~[org.restlet.jar:na]
	at org.restlet.resource.ServerResource.doConditionalHandle(ServerResource.java:356) ~[org.restlet.jar:na]
	at org.restlet.resource.ServerResource.handle(ServerResource.java:1043) ~[org.restlet.jar:na]
	at org.restlet.resource.Finder.handle(Finder.java:236) ~[org.restlet.jar:na]
	at org.restlet.routing.Filter.doHandle(Filter.java:150) ~[org.restlet.jar:na]
	at org.restlet.routing.Filter.handle(Filter.java:197) ~[org.restlet.jar:na]
	at org.restlet.routing.Filter.doHandle(Filter.java:150) ~[org.restlet.jar:na]
	at org.restlet.routing.Filter.handle(Filter.java:197) ~[org.restlet.jar:na]
	at org.restlet.routing.Filter.doHandle(Filter.java:150) ~[org.restlet.jar:na]
	at org.restlet.routing.Filter.handle(Filter.java:197) ~[org.restlet.jar:na]
	at org.restlet.routing.Router.doHandle(Router.java:422) ~[org.restlet.jar:na]
	at org.restlet.routing.Router.handle(Router.java:639) ~[org.restlet.jar:na]
	at org.restlet.routing.Filter.doHandle(Filter.java:150) ~[org.restlet.jar:na]
	at org.restlet.routing.Filter.handle(Filter.java:197) ~[org.restlet.jar:na]
	at org.restlet.routing.Filter.doHandle(Filter.java:150) ~[org.restlet.jar:na]
	at org.restlet.routing.Filter.handle(Filter.java:197) ~[org.restlet.jar:na]
	at org.restlet.routing.Filter.doHandle(Filter.java:150) ~[org.restlet.jar:na]
	at org.restlet.routing.Filter.handle(Filter.java:197) ~[org.restlet.jar:na]
	at org.restlet.routing.Filter.doHandle(Filter.java:150) ~[org.restlet.jar:na]
	at org.restlet.routing.Filter.handle(Filter.java:197) ~[org.restlet.jar:na]
	at org.restlet.routing.Filter.doHandle(Filter.java:150) ~[org.restlet.jar:na]
	at org.restlet.routing.Filter.handle(Filter.java:197) ~[org.restlet.jar:na]
	at org.restlet.routing.Filter.doHandle(Filter.java:150) ~[org.restlet.jar:na]
	at org.restlet.engine.application.StatusFilter.doHandle(StatusFilter.java:140) ~[org.restlet.jar:na]
	at org.restlet.routing.Filter.handle(Filter.java:197) ~[org.restlet.jar:na]
	at org.restlet.routing.Filter.doHandle(Filter.java:150) ~[org.restlet.jar:na]
	at org.restlet.routing.Filter.handle(Filter.java:197) ~[org.restlet.jar:na]
	at org.restlet.engine.CompositeHelper.handle(CompositeHelper.java:202) ~[org.restlet.jar:na]
	at org.restlet.engine.application.ApplicationHelper.handle(ApplicationHelper.java:75) ~[org.restlet.jar:na]
	at org.restlet.Application.handle(Application.java:385) ~[org.restlet.jar:na]
	at org.restlet.routing.Filter.doHandle(Filter.java:150) ~[org.restlet.jar:na]
	at org.restlet.routing.Filter.handle(Filter.java:197) ~[org.restlet.jar:na]
	at org.restlet.routing.Router.doHandle(Router.java:422) ~[org.restlet.jar:na]
	at org.restlet.routing.Router.handle(Router.java:639) ~[org.restlet.jar:na]
	at org.restlet.routing.Filter.doHandle(Filter.java:150) ~[org.restlet.jar:na]
	at org.restlet.routing.Filter.handle(Filter.java:197) ~[org.restlet.jar:na]
	at org.restlet.routing.Router.doHandle(Router.java:422) ~[org.restlet.jar:na]
	at org.restlet.routing.Router.handle(Router.java:639) ~[org.restlet.jar:na]
	at org.restlet.routing.Filter.doHandle(Filter.java:150) ~[org.restlet.jar:na]
	at org.restlet.engine.application.StatusFilter.doHandle(StatusFilter.java:140) ~[org.restlet.jar:na]
	at org.restlet.routing.Filter.handle(Filter.java:197) ~[org.restlet.jar:na]
	at org.restlet.routing.Filter.doHandle(Filter.java:150) ~[org.restlet.jar:na]
	at org.restlet.routing.Filter.handle(Filter.java:197) ~[org.restlet.jar:na]
	at org.restlet.engine.CompositeHelper.handle(CompositeHelper.java:202) ~[org.restlet.jar:na]
	at org.restlet.Component.handle(Component.java:408) ~[org.restlet.jar:na]
	at org.restlet.Server.handle(Server.java:507) ~[org.restlet.jar:na]
	at org.restlet.engine.connector.ServerHelper.handle(ServerHelper.java:63) ~[org.restlet.jar:na]
	at org.restlet.engine.adapter.HttpServerHelper.handle(HttpServerHelper.java:143) ~[org.restlet.jar:na]
	at org.restlet.ext.jetty.JettyServerHelper$WrappedServer.handle(JettyServerHelper.java:273) ~[org.restlet.ext.jetty.jar:na]
	at org.eclipse.jetty.server.HttpChannel.handle(HttpChannel.java:310) ~[jetty-server-9.2.11.v20150529.jar:9.2.11.v20150529]
	at org.eclipse.jetty.server.HttpConnection.onFillable(HttpConnection.java:257) ~[jetty-server-9.2.11.v20150529.jar:9.2.11.v20150529]
	at org.eclipse.jetty.io.AbstractConnection$2.run(AbstractConnection.java:540) ~[jetty-io-9.2.11.v20150529.jar:9.2.11.v20150529]
	at org.eclipse.jetty.util.thread.QueuedThreadPool.runJob(QueuedThreadPool.java:635) ~[jetty-util-9.2.11.v20150529.jar:9.2.11.v20150529]
	at org.eclipse.jetty.util.thread.QueuedThreadPool$3.run(QueuedThreadPool.java:555) ~[jetty-util-9.2.11.v20150529.jar:9.2.11.v20150529]
	at java.lang.Thread.run(Unknown Source) ~[na:1.8.0_91]
INFO  io.skysail.server.stringtemplate.STGroupBundleDir - found resource in skysail.server.converter: bundle://81.0:1/templates/bootstrap/index.st
INFO  io.skysail.server.stringtemplate.STGroupBundleDir - found resource in skysail.server.converter: bundle://81.0:1/templates/bootstrap/contentHeader.st
INFO  LogService - 2016-08-03	15:05:56	0:0:0:0:0:0:0:1	admin	0:0:0:0:0:0:0:1	2015	GET	/one2manyApplication/v1	-	200	-	0	543	http://localhost:2015	Mozilla/5.0 (Windows NT 6.1; WOW64) AppleWebKit/537.36 (KHTML, like Gecko) Chrome/51.0.2704.103 Safari/537.36	http://localhost:2015/one2manyApplication/v1/lists/14:0/todos
INFO  i.s.server.restlet.resources.PutEntityServerResource - Request entry point: PutEntityServerResource @Get('htmlform|html|json') createForm with variant [text/html]
ERROR io.skysail.server.db.OrientGraphDbService - null
java.lang.NullPointerException: null
	at io.skysail.server.db.OrientGraphDbService.documentToBean(OrientGraphDbService.java:180) [skysail.server.db-0.2.0.jar:na]
	at io.skysail.server.db.OrientGraphDbService.lambda$populateOutgoingEdges$24(OrientGraphDbService.java:215) [skysail.server.db-0.2.0.jar:na]
	at java.util.ArrayList.forEach(Unknown Source) ~[na:1.8.0_91]
	at io.skysail.server.db.OrientGraphDbService.populateOutgoingEdges(OrientGraphDbService.java:194) [skysail.server.db-0.2.0.jar:na]
	at io.skysail.server.db.OrientGraphDbService.documentToBean(OrientGraphDbService.java:183) [skysail.server.db-0.2.0.jar:na]
	at io.skysail.server.db.OrientGraphDbService.findById2(OrientGraphDbService.java:174) [skysail.server.db-0.2.0.jar:na]
	at io.skysail.server.db.GraphDbRepository.findOne(GraphDbRepository.java:72) ~[skysail.server.db-0.2.0.jar:na]
	at io.skysail.server.app.reference.one2many.resources.PutTodoListResource.getEntity(PutTodoListResource.java:30) ~[na:na]
	at io.skysail.server.app.reference.one2many.resources.PutTodoListResource.getEntity(PutTodoListResource.java:1) ~[na:na]
	at io.skysail.server.restlet.resources.SkysailServerResource.getEntity(SkysailServerResource.java:131) ~[skysail.server.jar:na]
	at io.skysail.server.restlet.filter.DataExtractingFilter.doHandle(DataExtractingFilter.java:21) ~[skysail.server.jar:na]
	at io.skysail.server.restlet.filter.AbstractResourceFilter.handleMe(AbstractResourceFilter.java:99) ~[skysail.server.jar:na]
	at io.skysail.server.restlet.filter.AbstractResourceFilter.doHandle(AbstractResourceFilter.java:82) ~[skysail.server.jar:na]
	at io.skysail.server.restlet.filter.AbstractResourceFilter.handleMe(AbstractResourceFilter.java:99) ~[skysail.server.jar:na]
	at io.skysail.server.restlet.filter.AbstractResourceFilter.doHandle(AbstractResourceFilter.java:82) ~[skysail.server.jar:na]
	at io.skysail.server.restlet.filter.ExceptionCatchingFilter.doHandle(ExceptionCatchingFilter.java:26) ~[skysail.server.jar:na]
	at io.skysail.server.restlet.filter.AbstractResourceFilter.handleMe(AbstractResourceFilter.java:99) ~[skysail.server.jar:na]
	at io.skysail.server.restlet.filter.AbstractResourceFilter.handle(AbstractResourceFilter.java:45) ~[skysail.server.jar:na]
	at io.skysail.server.restlet.resources.PutEntityServerResource.createForm(PutEntityServerResource.java:141) ~[skysail.server.jar:na]
	at sun.reflect.NativeMethodAccessorImpl.invoke0(Native Method) ~[na:1.8.0_91]
	at sun.reflect.NativeMethodAccessorImpl.invoke(Unknown Source) ~[na:1.8.0_91]
	at sun.reflect.DelegatingMethodAccessorImpl.invoke(Unknown Source) ~[na:1.8.0_91]
	at java.lang.reflect.Method.invoke(Unknown Source) ~[na:1.8.0_91]
	at org.restlet.resource.ServerResource.doHandle(ServerResource.java:520) ~[org.restlet.jar:na]
	at org.restlet.resource.ServerResource.get(ServerResource.java:742) ~[org.restlet.jar:na]
	at org.restlet.resource.ServerResource.doHandle(ServerResource.java:617) ~[org.restlet.jar:na]
	at org.restlet.resource.ServerResource.doNegotiatedHandle(ServerResource.java:678) ~[org.restlet.jar:na]
	at org.restlet.resource.ServerResource.doConditionalHandle(ServerResource.java:356) ~[org.restlet.jar:na]
	at org.restlet.resource.ServerResource.handle(ServerResource.java:1043) ~[org.restlet.jar:na]
	at org.restlet.resource.Finder.handle(Finder.java:236) ~[org.restlet.jar:na]
	at org.restlet.routing.Filter.doHandle(Filter.java:150) ~[org.restlet.jar:na]
	at org.restlet.routing.Filter.handle(Filter.java:197) ~[org.restlet.jar:na]
	at org.restlet.routing.Filter.doHandle(Filter.java:150) ~[org.restlet.jar:na]
	at org.restlet.routing.Filter.handle(Filter.java:197) ~[org.restlet.jar:na]
	at org.restlet.routing.Filter.doHandle(Filter.java:150) ~[org.restlet.jar:na]
	at org.restlet.routing.Filter.handle(Filter.java:197) ~[org.restlet.jar:na]
	at org.restlet.routing.Router.doHandle(Router.java:422) ~[org.restlet.jar:na]
	at org.restlet.routing.Router.handle(Router.java:639) ~[org.restlet.jar:na]
	at org.restlet.routing.Filter.doHandle(Filter.java:150) ~[org.restlet.jar:na]
	at org.restlet.routing.Filter.handle(Filter.java:197) ~[org.restlet.jar:na]
	at org.restlet.routing.Filter.doHandle(Filter.java:150) ~[org.restlet.jar:na]
	at org.restlet.routing.Filter.handle(Filter.java:197) ~[org.restlet.jar:na]
	at org.restlet.routing.Filter.doHandle(Filter.java:150) ~[org.restlet.jar:na]
	at org.restlet.routing.Filter.handle(Filter.java:197) ~[org.restlet.jar:na]
	at org.restlet.routing.Filter.doHandle(Filter.java:150) ~[org.restlet.jar:na]
	at org.restlet.routing.Filter.handle(Filter.java:197) ~[org.restlet.jar:na]
	at org.restlet.routing.Filter.doHandle(Filter.java:150) ~[org.restlet.jar:na]
	at org.restlet.routing.Filter.handle(Filter.java:197) ~[org.restlet.jar:na]
	at org.restlet.routing.Filter.doHandle(Filter.java:150) ~[org.restlet.jar:na]
	at org.restlet.engine.application.StatusFilter.doHandle(StatusFilter.java:140) ~[org.restlet.jar:na]
	at org.restlet.routing.Filter.handle(Filter.java:197) ~[org.restlet.jar:na]
	at org.restlet.routing.Filter.doHandle(Filter.java:150) ~[org.restlet.jar:na]
	at org.restlet.routing.Filter.handle(Filter.java:197) ~[org.restlet.jar:na]
	at org.restlet.engine.CompositeHelper.handle(CompositeHelper.java:202) ~[org.restlet.jar:na]
	at org.restlet.engine.application.ApplicationHelper.handle(ApplicationHelper.java:75) ~[org.restlet.jar:na]
	at org.restlet.Application.handle(Application.java:385) ~[org.restlet.jar:na]
	at org.restlet.routing.Filter.doHandle(Filter.java:150) ~[org.restlet.jar:na]
	at org.restlet.routing.Filter.handle(Filter.java:197) ~[org.restlet.jar:na]
	at org.restlet.routing.Router.doHandle(Router.java:422) ~[org.restlet.jar:na]
	at org.restlet.routing.Router.handle(Router.java:639) ~[org.restlet.jar:na]
	at org.restlet.routing.Filter.doHandle(Filter.java:150) ~[org.restlet.jar:na]
	at org.restlet.routing.Filter.handle(Filter.java:197) ~[org.restlet.jar:na]
	at org.restlet.routing.Router.doHandle(Router.java:422) ~[org.restlet.jar:na]
	at org.restlet.routing.Router.handle(Router.java:639) ~[org.restlet.jar:na]
	at org.restlet.routing.Filter.doHandle(Filter.java:150) ~[org.restlet.jar:na]
	at org.restlet.engine.application.StatusFilter.doHandle(StatusFilter.java:140) ~[org.restlet.jar:na]
	at org.restlet.routing.Filter.handle(Filter.java:197) ~[org.restlet.jar:na]
	at org.restlet.routing.Filter.doHandle(Filter.java:150) ~[org.restlet.jar:na]
	at org.restlet.routing.Filter.handle(Filter.java:197) ~[org.restlet.jar:na]
	at org.restlet.engine.CompositeHelper.handle(CompositeHelper.java:202) ~[org.restlet.jar:na]
	at org.restlet.Component.handle(Component.java:408) ~[org.restlet.jar:na]
	at org.restlet.Server.handle(Server.java:507) ~[org.restlet.jar:na]
	at org.restlet.engine.connector.ServerHelper.handle(ServerHelper.java:63) ~[org.restlet.jar:na]
	at org.restlet.engine.adapter.HttpServerHelper.handle(HttpServerHelper.java:143) ~[org.restlet.jar:na]
	at org.restlet.ext.jetty.JettyServerHelper$WrappedServer.handle(JettyServerHelper.java:273) ~[org.restlet.ext.jetty.jar:na]
	at org.eclipse.jetty.server.HttpChannel.handle(HttpChannel.java:310) ~[jetty-server-9.2.11.v20150529.jar:9.2.11.v20150529]
	at org.eclipse.jetty.server.HttpConnection.onFillable(HttpConnection.java:257) ~[jetty-server-9.2.11.v20150529.jar:9.2.11.v20150529]
	at org.eclipse.jetty.io.AbstractConnection$2.run(AbstractConnection.java:540) ~[jetty-io-9.2.11.v20150529.jar:9.2.11.v20150529]
	at org.eclipse.jetty.util.thread.QueuedThreadPool.runJob(QueuedThreadPool.java:635) ~[jetty-util-9.2.11.v20150529.jar:9.2.11.v20150529]
	at org.eclipse.jetty.util.thread.QueuedThreadPool$3.run(QueuedThreadPool.java:555) ~[jetty-util-9.2.11.v20150529.jar:9.2.11.v20150529]
	at java.lang.Thread.run(Unknown Source) ~[na:1.8.0_91]
INFO  io.skysail.server.stringtemplate.STGroupBundleDir - found resource in skysail.server.converter: bundle://81.0:1/templates/bootstrap/index.st
INFO  io.skysail.server.stringtemplate.STGroupBundleDir - found resource in skysail.server.converter: bundle://81.0:1/templates/bootstrap/contentHeader.st
INFO  LogService - 2016-08-03	15:06:00	0:0:0:0:0:0:0:1	admin	0:0:0:0:0:0:0:1	2015	GET	/one2manyApplication/v1/lists/14:0/	-	200	-	0	519	http://localhost:2015	Mozilla/5.0 (Windows NT 6.1; WOW64) AppleWebKit/537.36 (KHTML, like Gecko) Chrome/51.0.2704.103 Safari/537.36	http://localhost:2015/one2manyApplication/v1
INFO  i.s.server.restlet.resources.PutEntityServerResource - Request entry point: PutTodoListResource @Put(text/html)
ERROR io.skysail.server.db.OrientGraphDbService - null
java.lang.NullPointerException: null
	at io.skysail.server.db.OrientGraphDbService.documentToBean(OrientGraphDbService.java:180) [skysail.server.db-0.2.0.jar:na]
	at io.skysail.server.db.OrientGraphDbService.lambda$populateOutgoingEdges$24(OrientGraphDbService.java:215) [skysail.server.db-0.2.0.jar:na]
	at java.util.ArrayList.forEach(Unknown Source) ~[na:1.8.0_91]
	at io.skysail.server.db.OrientGraphDbService.populateOutgoingEdges(OrientGraphDbService.java:194) [skysail.server.db-0.2.0.jar:na]
	at io.skysail.server.db.OrientGraphDbService.documentToBean(OrientGraphDbService.java:183) [skysail.server.db-0.2.0.jar:na]
	at io.skysail.server.db.OrientGraphDbService.findById2(OrientGraphDbService.java:174) [skysail.server.db-0.2.0.jar:na]
	at io.skysail.server.db.GraphDbRepository.findOne(GraphDbRepository.java:72) ~[skysail.server.db-0.2.0.jar:na]
	at io.skysail.server.app.reference.one2many.resources.PutTodoListResource.getEntity(PutTodoListResource.java:30) ~[na:na]
	at io.skysail.server.app.reference.one2many.resources.PutTodoListResource.getEntity(PutTodoListResource.java:1) ~[na:na]
	at io.skysail.server.restlet.resources.SkysailServerResource.getEntity(SkysailServerResource.java:131) ~[skysail.server.jar:na]
	at io.skysail.server.restlet.resources.PutEntityServerResource.getData(PutEntityServerResource.java:130) ~[skysail.server.jar:na]
	at io.skysail.server.restlet.filter.AbstractResourceFilter.getDataFromRequest(AbstractResourceFilter.java:170) ~[skysail.server.jar:na]
	at io.skysail.server.restlet.filter.FormDataExtractingFilter.doHandle(FormDataExtractingFilter.java:25) ~[skysail.server.jar:na]
	at io.skysail.server.restlet.filter.AbstractResourceFilter.handleMe(AbstractResourceFilter.java:99) ~[skysail.server.jar:na]
	at io.skysail.server.restlet.filter.AbstractResourceFilter.doHandle(AbstractResourceFilter.java:82) ~[skysail.server.jar:na]
	at io.skysail.server.restlet.filter.CheckInvalidInputFilter.doHandle(CheckInvalidInputFilter.java:48) ~[skysail.server.jar:na]
	at io.skysail.server.restlet.filter.AbstractResourceFilter.handleMe(AbstractResourceFilter.java:99) ~[skysail.server.jar:na]
	at io.skysail.server.restlet.filter.AbstractResourceFilter.doHandle(AbstractResourceFilter.java:82) ~[skysail.server.jar:na]
	at io.skysail.server.restlet.filter.AbstractResourceFilter.handleMe(AbstractResourceFilter.java:99) ~[skysail.server.jar:na]
	at io.skysail.server.restlet.filter.AbstractResourceFilter.doHandle(AbstractResourceFilter.java:82) ~[skysail.server.jar:na]
	at io.skysail.server.restlet.filter.ExceptionCatchingFilter.doHandle(ExceptionCatchingFilter.java:26) ~[skysail.server.jar:na]
	at io.skysail.server.restlet.filter.AbstractResourceFilter.handleMe(AbstractResourceFilter.java:99) ~[skysail.server.jar:na]
	at io.skysail.server.restlet.filter.AbstractResourceFilter.handle(AbstractResourceFilter.java:45) ~[skysail.server.jar:na]
	at io.skysail.server.restlet.resources.PutEntityServerResource.put(PutEntityServerResource.java:176) ~[skysail.server.jar:na]
	at sun.reflect.NativeMethodAccessorImpl.invoke0(Native Method) ~[na:1.8.0_91]
	at sun.reflect.NativeMethodAccessorImpl.invoke(Unknown Source) ~[na:1.8.0_91]
	at sun.reflect.DelegatingMethodAccessorImpl.invoke(Unknown Source) ~[na:1.8.0_91]
	at java.lang.reflect.Method.invoke(Unknown Source) ~[na:1.8.0_91]
	at org.restlet.resource.ServerResource.doHandle(ServerResource.java:520) ~[org.restlet.jar:na]
	at org.restlet.resource.ServerResource.put(ServerResource.java:1436) ~[org.restlet.jar:na]
	at org.restlet.resource.ServerResource.doHandle(ServerResource.java:609) ~[org.restlet.jar:na]
	at org.restlet.resource.ServerResource.doNegotiatedHandle(ServerResource.java:678) ~[org.restlet.jar:na]
	at org.restlet.resource.ServerResource.doConditionalHandle(ServerResource.java:356) ~[org.restlet.jar:na]
	at org.restlet.resource.ServerResource.handle(ServerResource.java:1043) ~[org.restlet.jar:na]
	at org.restlet.resource.Finder.handle(Finder.java:236) ~[org.restlet.jar:na]
	at org.restlet.routing.Filter.doHandle(Filter.java:150) ~[org.restlet.jar:na]
	at org.restlet.routing.Filter.handle(Filter.java:197) ~[org.restlet.jar:na]
	at org.restlet.routing.Filter.doHandle(Filter.java:150) ~[org.restlet.jar:na]
	at org.restlet.routing.Filter.handle(Filter.java:197) ~[org.restlet.jar:na]
	at org.restlet.routing.Filter.doHandle(Filter.java:150) ~[org.restlet.jar:na]
	at org.restlet.routing.Filter.handle(Filter.java:197) ~[org.restlet.jar:na]
	at org.restlet.routing.Router.doHandle(Router.java:422) ~[org.restlet.jar:na]
	at org.restlet.routing.Router.handle(Router.java:639) ~[org.restlet.jar:na]
	at org.restlet.routing.Filter.doHandle(Filter.java:150) ~[org.restlet.jar:na]
	at org.restlet.routing.Filter.handle(Filter.java:197) ~[org.restlet.jar:na]
	at org.restlet.routing.Filter.doHandle(Filter.java:150) ~[org.restlet.jar:na]
	at org.restlet.routing.Filter.handle(Filter.java:197) ~[org.restlet.jar:na]
	at org.restlet.routing.Filter.doHandle(Filter.java:150) ~[org.restlet.jar:na]
	at org.restlet.routing.Filter.handle(Filter.java:197) ~[org.restlet.jar:na]
	at org.restlet.routing.Filter.doHandle(Filter.java:150) ~[org.restlet.jar:na]
	at org.restlet.routing.Filter.handle(Filter.java:197) ~[org.restlet.jar:na]
	at org.restlet.routing.Filter.doHandle(Filter.java:150) ~[org.restlet.jar:na]
	at org.restlet.routing.Filter.handle(Filter.java:197) ~[org.restlet.jar:na]
	at org.restlet.routing.Filter.doHandle(Filter.java:150) ~[org.restlet.jar:na]
	at org.restlet.engine.application.StatusFilter.doHandle(StatusFilter.java:140) ~[org.restlet.jar:na]
	at org.restlet.routing.Filter.handle(Filter.java:197) ~[org.restlet.jar:na]
	at org.restlet.routing.Filter.doHandle(Filter.java:150) ~[org.restlet.jar:na]
	at org.restlet.routing.Filter.handle(Filter.java:197) ~[org.restlet.jar:na]
	at org.restlet.engine.CompositeHelper.handle(CompositeHelper.java:202) ~[org.restlet.jar:na]
	at org.restlet.engine.application.ApplicationHelper.handle(ApplicationHelper.java:75) ~[org.restlet.jar:na]
	at org.restlet.Application.handle(Application.java:385) ~[org.restlet.jar:na]
	at org.restlet.routing.Filter.doHandle(Filter.java:150) ~[org.restlet.jar:na]
	at org.restlet.routing.Filter.handle(Filter.java:197) ~[org.restlet.jar:na]
	at org.restlet.routing.Router.doHandle(Router.java:422) ~[org.restlet.jar:na]
	at org.restlet.routing.Router.handle(Router.java:639) ~[org.restlet.jar:na]
	at org.restlet.routing.Filter.doHandle(Filter.java:150) ~[org.restlet.jar:na]
	at org.restlet.routing.Filter.handle(Filter.java:197) ~[org.restlet.jar:na]
	at org.restlet.routing.Router.doHandle(Router.java:422) ~[org.restlet.jar:na]
	at org.restlet.routing.Router.handle(Router.java:639) ~[org.restlet.jar:na]
	at org.restlet.routing.Filter.doHandle(Filter.java:150) ~[org.restlet.jar:na]
	at org.restlet.engine.application.StatusFilter.doHandle(StatusFilter.java:140) ~[org.restlet.jar:na]
	at org.restlet.routing.Filter.handle(Filter.java:197) ~[org.restlet.jar:na]
	at org.restlet.routing.Filter.doHandle(Filter.java:150) ~[org.restlet.jar:na]
	at org.restlet.routing.Filter.handle(Filter.java:197) ~[org.restlet.jar:na]
	at org.restlet.engine.CompositeHelper.handle(CompositeHelper.java:202) ~[org.restlet.jar:na]
	at org.restlet.Component.handle(Component.java:408) ~[org.restlet.jar:na]
	at org.restlet.Server.handle(Server.java:507) ~[org.restlet.jar:na]
	at org.restlet.engine.connector.ServerHelper.handle(ServerHelper.java:63) ~[org.restlet.jar:na]
	at org.restlet.engine.adapter.HttpServerHelper.handle(HttpServerHelper.java:143) ~[org.restlet.jar:na]
	at org.restlet.ext.jetty.JettyServerHelper$WrappedServer.handle(JettyServerHelper.java:273) ~[org.restlet.ext.jetty.jar:na]
	at org.eclipse.jetty.server.HttpChannel.handle(HttpChannel.java:310) ~[jetty-server-9.2.11.v20150529.jar:9.2.11.v20150529]
	at org.eclipse.jetty.server.HttpConnection.onFillable(HttpConnection.java:257) ~[jetty-server-9.2.11.v20150529.jar:9.2.11.v20150529]
	at org.eclipse.jetty.io.AbstractConnection$2.run(AbstractConnection.java:540) ~[jetty-io-9.2.11.v20150529.jar:9.2.11.v20150529]
	at org.eclipse.jetty.util.thread.QueuedThreadPool.runJob(QueuedThreadPool.java:635) ~[jetty-util-9.2.11.v20150529.jar:9.2.11.v20150529]
	at org.eclipse.jetty.util.thread.QueuedThreadPool$3.run(QueuedThreadPool.java:555) ~[jetty-util-9.2.11.v20150529.jar:9.2.11.v20150529]
	at java.lang.Thread.run(Unknown Source) ~[na:1.8.0_91]
ERROR io.skysail.server.db.OrientGraphDbService - null
java.lang.NullPointerException: null
	at io.skysail.server.db.OrientGraphDbService.documentToBean(OrientGraphDbService.java:180) [skysail.server.db-0.2.0.jar:na]
	at io.skysail.server.db.OrientGraphDbService.lambda$populateOutgoingEdges$24(OrientGraphDbService.java:215) [skysail.server.db-0.2.0.jar:na]
	at java.util.ArrayList.forEach(Unknown Source) ~[na:1.8.0_91]
	at io.skysail.server.db.OrientGraphDbService.populateOutgoingEdges(OrientGraphDbService.java:194) [skysail.server.db-0.2.0.jar:na]
	at io.skysail.server.db.OrientGraphDbService.documentToBean(OrientGraphDbService.java:183) [skysail.server.db-0.2.0.jar:na]
	at io.skysail.server.db.OrientGraphDbService.findById2(OrientGraphDbService.java:174) [skysail.server.db-0.2.0.jar:na]
	at io.skysail.server.db.GraphDbRepository.findOne(GraphDbRepository.java:72) ~[skysail.server.db-0.2.0.jar:na]
	at io.skysail.server.app.reference.one2many.resources.PutTodoListResource.getEntity(PutTodoListResource.java:30) ~[na:na]
	at io.skysail.server.app.reference.one2many.resources.PutTodoListResource.updateEntity(PutTodoListResource.java:22) ~[na:na]
	at io.skysail.server.app.reference.one2many.resources.PutTodoListResource.updateEntity(PutTodoListResource.java:1) ~[na:na]
	at io.skysail.server.restlet.filter.UpdateEntityFilter.doHandle(UpdateEntityFilter.java:18) ~[skysail.server.jar:na]
	at io.skysail.server.restlet.filter.UpdateEntityFilter.doHandle(UpdateEntityFilter.java:1) ~[skysail.server.jar:na]
	at io.skysail.server.restlet.filter.AbstractResourceFilter.handleMe(AbstractResourceFilter.java:99) ~[skysail.server.jar:na]
	at io.skysail.server.restlet.filter.AbstractResourceFilter.doHandle(AbstractResourceFilter.java:82) ~[skysail.server.jar:na]
	at io.skysail.server.restlet.filter.CheckBusinessViolationsFilter.doHandle(CheckBusinessViolationsFilter.java:59) ~[skysail.server.jar:na]
	at io.skysail.server.restlet.filter.AbstractResourceFilter.handleMe(AbstractResourceFilter.java:99) ~[skysail.server.jar:na]
	at io.skysail.server.restlet.filter.AbstractResourceFilter.doHandle(AbstractResourceFilter.java:82) ~[skysail.server.jar:na]
	at io.skysail.server.restlet.filter.FormDataExtractingFilter.doHandle(FormDataExtractingFilter.java:31) ~[skysail.server.jar:na]
	at io.skysail.server.restlet.filter.AbstractResourceFilter.handleMe(AbstractResourceFilter.java:99) ~[skysail.server.jar:na]
	at io.skysail.server.restlet.filter.AbstractResourceFilter.doHandle(AbstractResourceFilter.java:82) ~[skysail.server.jar:na]
	at io.skysail.server.restlet.filter.CheckInvalidInputFilter.doHandle(CheckInvalidInputFilter.java:48) ~[skysail.server.jar:na]
	at io.skysail.server.restlet.filter.AbstractResourceFilter.handleMe(AbstractResourceFilter.java:99) ~[skysail.server.jar:na]
	at io.skysail.server.restlet.filter.AbstractResourceFilter.doHandle(AbstractResourceFilter.java:82) ~[skysail.server.jar:na]
	at io.skysail.server.restlet.filter.AbstractResourceFilter.handleMe(AbstractResourceFilter.java:99) ~[skysail.server.jar:na]
	at io.skysail.server.restlet.filter.AbstractResourceFilter.doHandle(AbstractResourceFilter.java:82) ~[skysail.server.jar:na]
	at io.skysail.server.restlet.filter.ExceptionCatchingFilter.doHandle(ExceptionCatchingFilter.java:26) ~[skysail.server.jar:na]
	at io.skysail.server.restlet.filter.AbstractResourceFilter.handleMe(AbstractResourceFilter.java:99) ~[skysail.server.jar:na]
	at io.skysail.server.restlet.filter.AbstractResourceFilter.handle(AbstractResourceFilter.java:45) ~[skysail.server.jar:na]
	at io.skysail.server.restlet.resources.PutEntityServerResource.put(PutEntityServerResource.java:176) ~[skysail.server.jar:na]
	at sun.reflect.NativeMethodAccessorImpl.invoke0(Native Method) ~[na:1.8.0_91]
	at sun.reflect.NativeMethodAccessorImpl.invoke(Unknown Source) ~[na:1.8.0_91]
	at sun.reflect.DelegatingMethodAccessorImpl.invoke(Unknown Source) ~[na:1.8.0_91]
	at java.lang.reflect.Method.invoke(Unknown Source) ~[na:1.8.0_91]
	at org.restlet.resource.ServerResource.doHandle(ServerResource.java:520) ~[org.restlet.jar:na]
	at org.restlet.resource.ServerResource.put(ServerResource.java:1436) ~[org.restlet.jar:na]
	at org.restlet.resource.ServerResource.doHandle(ServerResource.java:609) ~[org.restlet.jar:na]
	at org.restlet.resource.ServerResource.doNegotiatedHandle(ServerResource.java:678) ~[org.restlet.jar:na]
	at org.restlet.resource.ServerResource.doConditionalHandle(ServerResource.java:356) ~[org.restlet.jar:na]
	at org.restlet.resource.ServerResource.handle(ServerResource.java:1043) ~[org.restlet.jar:na]
	at org.restlet.resource.Finder.handle(Finder.java:236) ~[org.restlet.jar:na]
	at org.restlet.routing.Filter.doHandle(Filter.java:150) ~[org.restlet.jar:na]
	at org.restlet.routing.Filter.handle(Filter.java:197) ~[org.restlet.jar:na]
	at org.restlet.routing.Filter.doHandle(Filter.java:150) ~[org.restlet.jar:na]
	at org.restlet.routing.Filter.handle(Filter.java:197) ~[org.restlet.jar:na]
	at org.restlet.routing.Filter.doHandle(Filter.java:150) ~[org.restlet.jar:na]
	at org.restlet.routing.Filter.handle(Filter.java:197) ~[org.restlet.jar:na]
	at org.restlet.routing.Router.doHandle(Router.java:422) ~[org.restlet.jar:na]
	at org.restlet.routing.Router.handle(Router.java:639) ~[org.restlet.jar:na]
	at org.restlet.routing.Filter.doHandle(Filter.java:150) ~[org.restlet.jar:na]
	at org.restlet.routing.Filter.handle(Filter.java:197) ~[org.restlet.jar:na]
	at org.restlet.routing.Filter.doHandle(Filter.java:150) ~[org.restlet.jar:na]
	at org.restlet.routing.Filter.handle(Filter.java:197) ~[org.restlet.jar:na]
	at org.restlet.routing.Filter.doHandle(Filter.java:150) ~[org.restlet.jar:na]
	at org.restlet.routing.Filter.handle(Filter.java:197) ~[org.restlet.jar:na]
	at org.restlet.routing.Filter.doHandle(Filter.java:150) ~[org.restlet.jar:na]
	at org.restlet.routing.Filter.handle(Filter.java:197) ~[org.restlet.jar:na]
	at org.restlet.routing.Filter.doHandle(Filter.java:150) ~[org.restlet.jar:na]
	at org.restlet.routing.Filter.handle(Filter.java:197) ~[org.restlet.jar:na]
	at org.restlet.routing.Filter.doHandle(Filter.java:150) ~[org.restlet.jar:na]
	at org.restlet.engine.application.StatusFilter.doHandle(StatusFilter.java:140) ~[org.restlet.jar:na]
	at org.restlet.routing.Filter.handle(Filter.java:197) ~[org.restlet.jar:na]
	at org.restlet.routing.Filter.doHandle(Filter.java:150) ~[org.restlet.jar:na]
	at org.restlet.routing.Filter.handle(Filter.java:197) ~[org.restlet.jar:na]
	at org.restlet.engine.CompositeHelper.handle(CompositeHelper.java:202) ~[org.restlet.jar:na]
	at org.restlet.engine.application.ApplicationHelper.handle(ApplicationHelper.java:75) ~[org.restlet.jar:na]
	at org.restlet.Application.handle(Application.java:385) ~[org.restlet.jar:na]
	at org.restlet.routing.Filter.doHandle(Filter.java:150) ~[org.restlet.jar:na]
	at org.restlet.routing.Filter.handle(Filter.java:197) ~[org.restlet.jar:na]
	at org.restlet.routing.Router.doHandle(Router.java:422) ~[org.restlet.jar:na]
	at org.restlet.routing.Router.handle(Router.java:639) ~[org.restlet.jar:na]
	at org.restlet.routing.Filter.doHandle(Filter.java:150) ~[org.restlet.jar:na]
	at org.restlet.routing.Filter.handle(Filter.java:197) ~[org.restlet.jar:na]
	at org.restlet.routing.Router.doHandle(Router.java:422) ~[org.restlet.jar:na]
	at org.restlet.routing.Router.handle(Router.java:639) ~[org.restlet.jar:na]
	at org.restlet.routing.Filter.doHandle(Filter.java:150) ~[org.restlet.jar:na]
	at org.restlet.engine.application.StatusFilter.doHandle(StatusFilter.java:140) ~[org.restlet.jar:na]
	at org.restlet.routing.Filter.handle(Filter.java:197) ~[org.restlet.jar:na]
	at org.restlet.routing.Filter.doHandle(Filter.java:150) ~[org.restlet.jar:na]
	at org.restlet.routing.Filter.handle(Filter.java:197) ~[org.restlet.jar:na]
	at org.restlet.engine.CompositeHelper.handle(CompositeHelper.java:202) ~[org.restlet.jar:na]
	at org.restlet.Component.handle(Component.java:408) ~[org.restlet.jar:na]
	at org.restlet.Server.handle(Server.java:507) ~[org.restlet.jar:na]
	at org.restlet.engine.connector.ServerHelper.handle(ServerHelper.java:63) ~[org.restlet.jar:na]
	at org.restlet.engine.adapter.HttpServerHelper.handle(HttpServerHelper.java:143) ~[org.restlet.jar:na]
	at org.restlet.ext.jetty.JettyServerHelper$WrappedServer.handle(JettyServerHelper.java:273) ~[org.restlet.ext.jetty.jar:na]
	at org.eclipse.jetty.server.HttpChannel.handle(HttpChannel.java:310) ~[jetty-server-9.2.11.v20150529.jar:9.2.11.v20150529]
	at org.eclipse.jetty.server.HttpConnection.onFillable(HttpConnection.java:257) ~[jetty-server-9.2.11.v20150529.jar:9.2.11.v20150529]
	at org.eclipse.jetty.io.AbstractConnection$2.run(AbstractConnection.java:540) ~[jetty-io-9.2.11.v20150529.jar:9.2.11.v20150529]
	at org.eclipse.jetty.util.thread.QueuedThreadPool.runJob(QueuedThreadPool.java:635) ~[jetty-util-9.2.11.v20150529.jar:9.2.11.v20150529]
	at org.eclipse.jetty.util.thread.QueuedThreadPool$3.run(QueuedThreadPool.java:555) ~[jetty-util-9.2.11.v20150529.jar:9.2.11.v20150529]
	at java.lang.Thread.run(Unknown Source) ~[na:1.8.0_91]
ERROR io.skysail.server.db.OrientGraphDbService - null
java.lang.NullPointerException: null
	at io.skysail.server.db.OrientGraphDbService.documentToBean(OrientGraphDbService.java:180) [skysail.server.db-0.2.0.jar:na]
	at io.skysail.server.db.OrientGraphDbService.lambda$populateOutgoingEdges$24(OrientGraphDbService.java:215) [skysail.server.db-0.2.0.jar:na]
	at java.util.ArrayList.forEach(Unknown Source) ~[na:1.8.0_91]
	at io.skysail.server.db.OrientGraphDbService.populateOutgoingEdges(OrientGraphDbService.java:194) [skysail.server.db-0.2.0.jar:na]
	at io.skysail.server.db.OrientGraphDbService.documentToBean(OrientGraphDbService.java:183) [skysail.server.db-0.2.0.jar:na]
	at io.skysail.server.db.OrientGraphDbService.findById2(OrientGraphDbService.java:174) [skysail.server.db-0.2.0.jar:na]
	at io.skysail.server.db.GraphDbRepository.findOne(GraphDbRepository.java:72) ~[skysail.server.db-0.2.0.jar:na]
	at io.skysail.server.app.reference.one2many.resources.PutTodoListResource.getEntity(PutTodoListResource.java:30) ~[na:na]
	at io.skysail.server.app.reference.one2many.resources.PutTodoListResource.getEntity(PutTodoListResource.java:1) ~[na:na]
	at io.skysail.server.model.FieldsFactory.getFactory(FieldsFactory.java:11) ~[skysail.server.jar:na]
	at io.skysail.server.utils.FormfieldUtils.determineFormfields(FormfieldUtils.java:13) ~[skysail.server.jar:na]
	at io.skysail.server.utils.SkysailBeanUtils.copyProperties(SkysailBeanUtils.java:24) ~[skysail.server.jar:na]
	at io.skysail.server.restlet.resources.SkysailServerResource.copyProperties(SkysailServerResource.java:374) ~[skysail.server.jar:na]
	at io.skysail.server.app.reference.one2many.resources.PutTodoListResource.updateEntity(PutTodoListResource.java:23) ~[na:na]
	at io.skysail.server.app.reference.one2many.resources.PutTodoListResource.updateEntity(PutTodoListResource.java:1) ~[na:na]
	at io.skysail.server.restlet.filter.UpdateEntityFilter.doHandle(UpdateEntityFilter.java:18) ~[skysail.server.jar:na]
	at io.skysail.server.restlet.filter.UpdateEntityFilter.doHandle(UpdateEntityFilter.java:1) ~[skysail.server.jar:na]
	at io.skysail.server.restlet.filter.AbstractResourceFilter.handleMe(AbstractResourceFilter.java:99) ~[skysail.server.jar:na]
	at io.skysail.server.restlet.filter.AbstractResourceFilter.doHandle(AbstractResourceFilter.java:82) ~[skysail.server.jar:na]
	at io.skysail.server.restlet.filter.CheckBusinessViolationsFilter.doHandle(CheckBusinessViolationsFilter.java:59) ~[skysail.server.jar:na]
	at io.skysail.server.restlet.filter.AbstractResourceFilter.handleMe(AbstractResourceFilter.java:99) ~[skysail.server.jar:na]
	at io.skysail.server.restlet.filter.AbstractResourceFilter.doHandle(AbstractResourceFilter.java:82) ~[skysail.server.jar:na]
	at io.skysail.server.restlet.filter.FormDataExtractingFilter.doHandle(FormDataExtractingFilter.java:31) ~[skysail.server.jar:na]
	at io.skysail.server.restlet.filter.AbstractResourceFilter.handleMe(AbstractResourceFilter.java:99) ~[skysail.server.jar:na]
	at io.skysail.server.restlet.filter.AbstractResourceFilter.doHandle(AbstractResourceFilter.java:82) ~[skysail.server.jar:na]
	at io.skysail.server.restlet.filter.CheckInvalidInputFilter.doHandle(CheckInvalidInputFilter.java:48) ~[skysail.server.jar:na]
	at io.skysail.server.restlet.filter.AbstractResourceFilter.handleMe(AbstractResourceFilter.java:99) ~[skysail.server.jar:na]
	at io.skysail.server.restlet.filter.AbstractResourceFilter.doHandle(AbstractResourceFilter.java:82) ~[skysail.server.jar:na]
	at io.skysail.server.restlet.filter.AbstractResourceFilter.handleMe(AbstractResourceFilter.java:99) ~[skysail.server.jar:na]
	at io.skysail.server.restlet.filter.AbstractResourceFilter.doHandle(AbstractResourceFilter.java:82) ~[skysail.server.jar:na]
	at io.skysail.server.restlet.filter.ExceptionCatchingFilter.doHandle(ExceptionCatchingFilter.java:26) ~[skysail.server.jar:na]
	at io.skysail.server.restlet.filter.AbstractResourceFilter.handleMe(AbstractResourceFilter.java:99) ~[skysail.server.jar:na]
	at io.skysail.server.restlet.filter.AbstractResourceFilter.handle(AbstractResourceFilter.java:45) ~[skysail.server.jar:na]
	at io.skysail.server.restlet.resources.PutEntityServerResource.put(PutEntityServerResource.java:176) ~[skysail.server.jar:na]
	at sun.reflect.NativeMethodAccessorImpl.invoke0(Native Method) ~[na:1.8.0_91]
	at sun.reflect.NativeMethodAccessorImpl.invoke(Unknown Source) ~[na:1.8.0_91]
	at sun.reflect.DelegatingMethodAccessorImpl.invoke(Unknown Source) ~[na:1.8.0_91]
	at java.lang.reflect.Method.invoke(Unknown Source) ~[na:1.8.0_91]
	at org.restlet.resource.ServerResource.doHandle(ServerResource.java:520) ~[org.restlet.jar:na]
	at org.restlet.resource.ServerResource.put(ServerResource.java:1436) ~[org.restlet.jar:na]
	at org.restlet.resource.ServerResource.doHandle(ServerResource.java:609) ~[org.restlet.jar:na]
	at org.restlet.resource.ServerResource.doNegotiatedHandle(ServerResource.java:678) ~[org.restlet.jar:na]
	at org.restlet.resource.ServerResource.doConditionalHandle(ServerResource.java:356) ~[org.restlet.jar:na]
	at org.restlet.resource.ServerResource.handle(ServerResource.java:1043) ~[org.restlet.jar:na]
	at org.restlet.resource.Finder.handle(Finder.java:236) ~[org.restlet.jar:na]
	at org.restlet.routing.Filter.doHandle(Filter.java:150) ~[org.restlet.jar:na]
	at org.restlet.routing.Filter.handle(Filter.java:197) ~[org.restlet.jar:na]
	at org.restlet.routing.Filter.doHandle(Filter.java:150) ~[org.restlet.jar:na]
	at org.restlet.routing.Filter.handle(Filter.java:197) ~[org.restlet.jar:na]
	at org.restlet.routing.Filter.doHandle(Filter.java:150) ~[org.restlet.jar:na]
	at org.restlet.routing.Filter.handle(Filter.java:197) ~[org.restlet.jar:na]
	at org.restlet.routing.Router.doHandle(Router.java:422) ~[org.restlet.jar:na]
	at org.restlet.routing.Router.handle(Router.java:639) ~[org.restlet.jar:na]
	at org.restlet.routing.Filter.doHandle(Filter.java:150) ~[org.restlet.jar:na]
	at org.restlet.routing.Filter.handle(Filter.java:197) ~[org.restlet.jar:na]
	at org.restlet.routing.Filter.doHandle(Filter.java:150) ~[org.restlet.jar:na]
	at org.restlet.routing.Filter.handle(Filter.java:197) ~[org.restlet.jar:na]
	at org.restlet.routing.Filter.doHandle(Filter.java:150) ~[org.restlet.jar:na]
	at org.restlet.routing.Filter.handle(Filter.java:197) ~[org.restlet.jar:na]
	at org.restlet.routing.Filter.doHandle(Filter.java:150) ~[org.restlet.jar:na]
	at org.restlet.routing.Filter.handle(Filter.java:197) ~[org.restlet.jar:na]
	at org.restlet.routing.Filter.doHandle(Filter.java:150) ~[org.restlet.jar:na]
	at org.restlet.routing.Filter.handle(Filter.java:197) ~[org.restlet.jar:na]
	at org.restlet.routing.Filter.doHandle(Filter.java:150) ~[org.restlet.jar:na]
	at org.restlet.engine.application.StatusFilter.doHandle(StatusFilter.java:140) ~[org.restlet.jar:na]
	at org.restlet.routing.Filter.handle(Filter.java:197) ~[org.restlet.jar:na]
	at org.restlet.routing.Filter.doHandle(Filter.java:150) ~[org.restlet.jar:na]
	at org.restlet.routing.Filter.handle(Filter.java:197) ~[org.restlet.jar:na]
	at org.restlet.engine.CompositeHelper.handle(CompositeHelper.java:202) ~[org.restlet.jar:na]
	at org.restlet.engine.application.ApplicationHelper.handle(ApplicationHelper.java:75) ~[org.restlet.jar:na]
	at org.restlet.Application.handle(Application.java:385) ~[org.restlet.jar:na]
	at org.restlet.routing.Filter.doHandle(Filter.java:150) ~[org.restlet.jar:na]
	at org.restlet.routing.Filter.handle(Filter.java:197) ~[org.restlet.jar:na]
	at org.restlet.routing.Router.doHandle(Router.java:422) ~[org.restlet.jar:na]
	at org.restlet.routing.Router.handle(Router.java:639) ~[org.restlet.jar:na]
	at org.restlet.routing.Filter.doHandle(Filter.java:150) ~[org.restlet.jar:na]
	at org.restlet.routing.Filter.handle(Filter.java:197) ~[org.restlet.jar:na]
	at org.restlet.routing.Router.doHandle(Router.java:422) ~[org.restlet.jar:na]
	at org.restlet.routing.Router.handle(Router.java:639) ~[org.restlet.jar:na]
	at org.restlet.routing.Filter.doHandle(Filter.java:150) ~[org.restlet.jar:na]
	at org.restlet.engine.application.StatusFilter.doHandle(StatusFilter.java:140) ~[org.restlet.jar:na]
	at org.restlet.routing.Filter.handle(Filter.java:197) ~[org.restlet.jar:na]
	at org.restlet.routing.Filter.doHandle(Filter.java:150) ~[org.restlet.jar:na]
	at org.restlet.routing.Filter.handle(Filter.java:197) ~[org.restlet.jar:na]
	at org.restlet.engine.CompositeHelper.handle(CompositeHelper.java:202) ~[org.restlet.jar:na]
	at org.restlet.Component.handle(Component.java:408) ~[org.restlet.jar:na]
	at org.restlet.Server.handle(Server.java:507) ~[org.restlet.jar:na]
	at org.restlet.engine.connector.ServerHelper.handle(ServerHelper.java:63) ~[org.restlet.jar:na]
	at org.restlet.engine.adapter.HttpServerHelper.handle(HttpServerHelper.java:143) ~[org.restlet.jar:na]
	at org.restlet.ext.jetty.JettyServerHelper$WrappedServer.handle(JettyServerHelper.java:273) ~[org.restlet.ext.jetty.jar:na]
	at org.eclipse.jetty.server.HttpChannel.handle(HttpChannel.java:310) ~[jetty-server-9.2.11.v20150529.jar:9.2.11.v20150529]
	at org.eclipse.jetty.server.HttpConnection.onFillable(HttpConnection.java:257) ~[jetty-server-9.2.11.v20150529.jar:9.2.11.v20150529]
	at org.eclipse.jetty.io.AbstractConnection$2.run(AbstractConnection.java:540) ~[jetty-io-9.2.11.v20150529.jar:9.2.11.v20150529]
	at org.eclipse.jetty.util.thread.QueuedThreadPool.runJob(QueuedThreadPool.java:635) ~[jetty-util-9.2.11.v20150529.jar:9.2.11.v20150529]
	at org.eclipse.jetty.util.thread.QueuedThreadPool$3.run(QueuedThreadPool.java:555) ~[jetty-util-9.2.11.v20150529.jar:9.2.11.v20150529]
	at java.lang.Thread.run(Unknown Source) ~[na:1.8.0_91]
ERROR io.skysail.server.db.impl.Persister - null
java.lang.NullPointerException: null
	at io.skysail.server.db.impl.EdgeHandler.handleEdges(EdgeHandler.java:42) ~[na:na]
	at io.skysail.server.db.impl.Persister.lambda$setPropertyOrCreateEdge$15(Persister.java:73) ~[na:na]
	at java.util.Iterator.forEachRemaining(Unknown Source) ~[na:1.8.0_91]
	at java.util.Spliterators$IteratorSpliterator.forEachRemaining(Unknown Source) ~[na:1.8.0_91]
	at java.util.stream.ReferencePipeline$Head.forEach(Unknown Source) ~[na:1.8.0_91]
	at io.skysail.server.db.impl.Persister.execute(Persister.java:50) ~[na:na]
	at io.skysail.server.db.impl.Persister.runInTransaction(Persister.java:117) ~[na:na]
	at io.skysail.server.db.impl.Persister.persist(Persister.java:41) ~[na:na]
	at io.skysail.server.db.OrientGraphDbService.update(OrientGraphDbService.java:110) ~[na:na]
	at io.skysail.server.db.OrientGraphDbService.update(OrientGraphDbService.java:61) ~[na:na]
	at io.skysail.server.db.GraphDbRepository.update(GraphDbRepository.java:55) ~[na:na]
	at io.skysail.server.app.reference.one2many.resources.PutTodoListResource.updateEntity(PutTodoListResource.java:25) ~[na:na]
	at io.skysail.server.app.reference.one2many.resources.PutTodoListResource.updateEntity(PutTodoListResource.java:1) ~[na:na]
	at io.skysail.server.restlet.filter.UpdateEntityFilter.doHandle(UpdateEntityFilter.java:18) ~[na:na]
	at io.skysail.server.restlet.filter.UpdateEntityFilter.doHandle(UpdateEntityFilter.java:1) ~[na:na]
	at io.skysail.server.restlet.filter.AbstractResourceFilter.handleMe(AbstractResourceFilter.java:99) ~[na:na]
	at io.skysail.server.restlet.filter.AbstractResourceFilter.doHandle(AbstractResourceFilter.java:82) ~[na:na]
	at io.skysail.server.restlet.filter.CheckBusinessViolationsFilter.doHandle(CheckBusinessViolationsFilter.java:59) ~[na:na]
	at io.skysail.server.restlet.filter.AbstractResourceFilter.handleMe(AbstractResourceFilter.java:99) ~[na:na]
	at io.skysail.server.restlet.filter.AbstractResourceFilter.doHandle(AbstractResourceFilter.java:82) ~[na:na]
	at io.skysail.server.restlet.filter.FormDataExtractingFilter.doHandle(FormDataExtractingFilter.java:31) ~[na:na]
	at io.skysail.server.restlet.filter.AbstractResourceFilter.handleMe(AbstractResourceFilter.java:99) ~[na:na]
	at io.skysail.server.restlet.filter.AbstractResourceFilter.doHandle(AbstractResourceFilter.java:82) ~[na:na]
	at io.skysail.server.restlet.filter.CheckInvalidInputFilter.doHandle(CheckInvalidInputFilter.java:48) ~[na:na]
	at io.skysail.server.restlet.filter.AbstractResourceFilter.handleMe(AbstractResourceFilter.java:99) ~[na:na]
	at io.skysail.server.restlet.filter.AbstractResourceFilter.doHandle(AbstractResourceFilter.java:82) ~[na:na]
	at io.skysail.server.restlet.filter.AbstractResourceFilter.handleMe(AbstractResourceFilter.java:99) ~[na:na]
	at io.skysail.server.restlet.filter.AbstractResourceFilter.doHandle(AbstractResourceFilter.java:82) ~[na:na]
	at io.skysail.server.restlet.filter.ExceptionCatchingFilter.doHandle(ExceptionCatchingFilter.java:26) ~[na:na]
	at io.skysail.server.restlet.filter.AbstractResourceFilter.handleMe(AbstractResourceFilter.java:99) ~[na:na]
	at io.skysail.server.restlet.filter.AbstractResourceFilter.handle(AbstractResourceFilter.java:45) ~[na:na]
	at io.skysail.server.restlet.resources.PutEntityServerResource.put(PutEntityServerResource.java:176) ~[na:na]
	at sun.reflect.NativeMethodAccessorImpl.invoke0(Native Method) ~[na:1.8.0_91]
	at sun.reflect.NativeMethodAccessorImpl.invoke(Unknown Source) ~[na:1.8.0_91]
	at sun.reflect.DelegatingMethodAccessorImpl.invoke(Unknown Source) ~[na:1.8.0_91]
	at java.lang.reflect.Method.invoke(Unknown Source) ~[na:1.8.0_91]
	at org.restlet.resource.ServerResource.doHandle(ServerResource.java:520) ~[na:na]
	at org.restlet.resource.ServerResource.put(ServerResource.java:1436) ~[na:na]
	at org.restlet.resource.ServerResource.doHandle(ServerResource.java:609) ~[na:na]
	at org.restlet.resource.ServerResource.doNegotiatedHandle(ServerResource.java:678) ~[na:na]
	at org.restlet.resource.ServerResource.doConditionalHandle(ServerResource.java:356) ~[na:na]
	at org.restlet.resource.ServerResource.handle(ServerResource.java:1043) ~[na:na]
	at org.restlet.resource.Finder.handle(Finder.java:236) ~[na:na]
	at org.restlet.routing.Filter.doHandle(Filter.java:150) ~[na:na]
	at org.restlet.routing.Filter.handle(Filter.java:197) ~[na:na]
	at org.restlet.routing.Filter.doHandle(Filter.java:150) ~[na:na]
	at org.restlet.routing.Filter.handle(Filter.java:197) ~[na:na]
	at org.restlet.routing.Filter.doHandle(Filter.java:150) ~[na:na]
	at org.restlet.routing.Filter.handle(Filter.java:197) ~[na:na]
	at org.restlet.routing.Router.doHandle(Router.java:422) ~[na:na]
	at org.restlet.routing.Router.handle(Router.java:639) ~[na:na]
	at org.restlet.routing.Filter.doHandle(Filter.java:150) ~[na:na]
	at org.restlet.routing.Filter.handle(Filter.java:197) ~[na:na]
	at org.restlet.routing.Filter.doHandle(Filter.java:150) ~[na:na]
	at org.restlet.routing.Filter.handle(Filter.java:197) ~[na:na]
	at org.restlet.routing.Filter.doHandle(Filter.java:150) ~[na:na]
	at org.restlet.routing.Filter.handle(Filter.java:197) ~[na:na]
	at org.restlet.routing.Filter.doHandle(Filter.java:150) ~[na:na]
	at org.restlet.routing.Filter.handle(Filter.java:197) ~[na:na]
	at org.restlet.routing.Filter.doHandle(Filter.java:150) ~[na:na]
	at org.restlet.routing.Filter.handle(Filter.java:197) ~[na:na]
	at org.restlet.routing.Filter.doHandle(Filter.java:150) ~[na:na]
	at org.restlet.engine.application.StatusFilter.doHandle(StatusFilter.java:140) ~[na:na]
	at org.restlet.routing.Filter.handle(Filter.java:197) ~[na:na]
	at org.restlet.routing.Filter.doHandle(Filter.java:150) ~[na:na]
	at org.restlet.routing.Filter.handle(Filter.java:197) ~[na:na]
	at org.restlet.engine.CompositeHelper.handle(CompositeHelper.java:202) ~[na:na]
	at org.restlet.engine.application.ApplicationHelper.handle(ApplicationHelper.java:75) ~[na:na]
	at org.restlet.Application.handle(Application.java:385) ~[na:na]
	at org.restlet.routing.Filter.doHandle(Filter.java:150) ~[na:na]
	at org.restlet.routing.Filter.handle(Filter.java:197) ~[na:na]
	at org.restlet.routing.Router.doHandle(Router.java:422) ~[na:na]
	at org.restlet.routing.Router.handle(Router.java:639) ~[na:na]
	at org.restlet.routing.Filter.doHandle(Filter.java:150) ~[na:na]
	at org.restlet.routing.Filter.handle(Filter.java:197) ~[na:na]
	at org.restlet.routing.Router.doHandle(Router.java:422) ~[na:na]
	at org.restlet.routing.Router.handle(Router.java:639) ~[na:na]
	at org.restlet.routing.Filter.doHandle(Filter.java:150) ~[na:na]
	at org.restlet.engine.application.StatusFilter.doHandle(StatusFilter.java:140) ~[na:na]
	at org.restlet.routing.Filter.handle(Filter.java:197) ~[na:na]
	at org.restlet.routing.Filter.doHandle(Filter.java:150) ~[na:na]
	at org.restlet.routing.Filter.handle(Filter.java:197) ~[na:na]
	at org.restlet.engine.CompositeHelper.handle(CompositeHelper.java:202) ~[na:na]
	at org.restlet.Component.handle(Component.java:408) ~[na:na]
	at org.restlet.Server.handle(Server.java:507) ~[na:na]
	at org.restlet.engine.connector.ServerHelper.handle(ServerHelper.java:63) ~[na:na]
	at org.restlet.engine.adapter.HttpServerHelper.handle(HttpServerHelper.java:143) ~[na:na]
	at org.restlet.ext.jetty.JettyServerHelper$WrappedServer.handle(JettyServerHelper.java:273) ~[na:na]
	at org.eclipse.jetty.server.HttpChannel.handle(HttpChannel.java:310) ~[na:na]
	at org.eclipse.jetty.server.HttpConnection.onFillable(HttpConnection.java:257) ~[na:na]
	at org.eclipse.jetty.io.AbstractConnection$2.run(AbstractConnection.java:540) ~[na:na]
	at org.eclipse.jetty.util.thread.QueuedThreadPool.runJob(QueuedThreadPool.java:635) ~[na:na]
	at org.eclipse.jetty.util.thread.QueuedThreadPool$3.run(QueuedThreadPool.java:555) ~[na:na]
	at java.lang.Thread.run(Unknown Source) ~[na:1.8.0_91]
INFO  io.skysail.server.stringtemplate.STGroupBundleDir - found resource in skysail.server.converter: bundle://81.0:1/templates/bootstrap/index.st
INFO  io.skysail.server.stringtemplate.STGroupBundleDir - found resource in skysail.server.converter: bundle://81.0:1/templates/bootstrap/contentHeader.st
INFO  LogService - 2016-08-03	15:06:04	0:0:0:0:0:0:0:1	admin	0:0:0:0:0:0:0:1	2015	PUT	/one2manyApplication/v1/lists/14:0/	-	303	-	29	502	http://localhost:2015	Mozilla/5.0 (Windows NT 6.1; WOW64) AppleWebKit/537.36 (KHTML, like Gecko) Chrome/51.0.2704.103 Safari/537.36	http://localhost:2015/one2manyApplication/v1/lists/14:0/
INFO  io.skysail.server.restlet.resources.ListServerResource - Request entry point: TodoListsResource @Get([text/html])
ERROR io.skysail.server.db.OrientGraphDbService - null
java.lang.NullPointerException: null
	at io.skysail.server.db.OrientGraphDbService.documentToBean(OrientGraphDbService.java:180) [skysail.server.db-0.2.0.jar:na]
	at io.skysail.server.db.OrientGraphDbService.lambda$populateOutgoingEdges$24(OrientGraphDbService.java:215) [skysail.server.db-0.2.0.jar:na]
	at java.util.ArrayList.forEach(Unknown Source) ~[na:1.8.0_91]
	at io.skysail.server.db.OrientGraphDbService.populateOutgoingEdges(OrientGraphDbService.java:194) [skysail.server.db-0.2.0.jar:na]
	at io.skysail.server.db.OrientGraphDbService.documentToBean(OrientGraphDbService.java:183) [skysail.server.db-0.2.0.jar:na]
	at io.skysail.server.db.OrientGraphDbService.findGraphs(OrientGraphDbService.java:161) [skysail.server.db-0.2.0.jar:na]
	at io.skysail.server.db.GraphDbRepository.find(GraphDbRepository.java:97) ~[skysail.server.db-0.2.0.jar:na]
	at io.skysail.server.app.reference.one2many.resources.TodoListsResource.getEntity(TodoListsResource.java:32) ~[na:na]
	at io.skysail.server.app.reference.one2many.resources.TodoListsResource.getEntity(TodoListsResource.java:1) ~[na:na]
	at io.skysail.server.restlet.resources.SkysailServerResource.getEntity(SkysailServerResource.java:131) ~[skysail.server.jar:na]
	at io.skysail.server.restlet.filter.DataExtractingFilter.doHandle(DataExtractingFilter.java:21) ~[skysail.server.jar:na]
	at io.skysail.server.restlet.filter.AbstractResourceFilter.handleMe(AbstractResourceFilter.java:99) ~[skysail.server.jar:na]
	at io.skysail.server.restlet.filter.AbstractResourceFilter.doHandle(AbstractResourceFilter.java:82) ~[skysail.server.jar:na]
	at io.skysail.server.restlet.filter.AbstractResourceFilter.handleMe(AbstractResourceFilter.java:99) ~[skysail.server.jar:na]
	at io.skysail.server.restlet.filter.AbstractResourceFilter.doHandle(AbstractResourceFilter.java:82) ~[skysail.server.jar:na]
	at io.skysail.server.restlet.filter.ExceptionCatchingFilter.doHandle(ExceptionCatchingFilter.java:26) ~[skysail.server.jar:na]
	at io.skysail.server.restlet.filter.AbstractResourceFilter.handleMe(AbstractResourceFilter.java:99) ~[skysail.server.jar:na]
	at io.skysail.server.restlet.filter.AbstractResourceFilter.handleList(AbstractResourceFilter.java:51) ~[skysail.server.jar:na]
	at io.skysail.server.restlet.resources.ListServerResource.listEntities(ListServerResource.java:142) ~[skysail.server.jar:na]
	at io.skysail.server.restlet.resources.ListServerResource.getEntities(ListServerResource.java:130) ~[skysail.server.jar:na]
	at sun.reflect.NativeMethodAccessorImpl.invoke0(Native Method) ~[na:1.8.0_91]
	at sun.reflect.NativeMethodAccessorImpl.invoke(Unknown Source) ~[na:1.8.0_91]
	at sun.reflect.DelegatingMethodAccessorImpl.invoke(Unknown Source) ~[na:1.8.0_91]
	at java.lang.reflect.Method.invoke(Unknown Source) ~[na:1.8.0_91]
	at org.restlet.resource.ServerResource.doHandle(ServerResource.java:520) ~[org.restlet.jar:na]
	at org.restlet.resource.ServerResource.get(ServerResource.java:742) ~[org.restlet.jar:na]
	at org.restlet.resource.ServerResource.doHandle(ServerResource.java:617) ~[org.restlet.jar:na]
	at org.restlet.resource.ServerResource.doNegotiatedHandle(ServerResource.java:678) ~[org.restlet.jar:na]
	at org.restlet.resource.ServerResource.doConditionalHandle(ServerResource.java:356) ~[org.restlet.jar:na]
	at org.restlet.resource.ServerResource.handle(ServerResource.java:1043) ~[org.restlet.jar:na]
	at org.restlet.resource.Finder.handle(Finder.java:236) ~[org.restlet.jar:na]
	at org.restlet.routing.Filter.doHandle(Filter.java:150) ~[org.restlet.jar:na]
	at org.restlet.routing.Filter.handle(Filter.java:197) ~[org.restlet.jar:na]
	at org.restlet.routing.Filter.doHandle(Filter.java:150) ~[org.restlet.jar:na]
	at org.restlet.routing.Filter.handle(Filter.java:197) ~[org.restlet.jar:na]
	at org.restlet.routing.Filter.doHandle(Filter.java:150) ~[org.restlet.jar:na]
	at org.restlet.routing.Filter.handle(Filter.java:197) ~[org.restlet.jar:na]
	at org.restlet.routing.Router.doHandle(Router.java:422) ~[org.restlet.jar:na]
	at org.restlet.routing.Router.handle(Router.java:639) ~[org.restlet.jar:na]
	at org.restlet.routing.Filter.doHandle(Filter.java:150) ~[org.restlet.jar:na]
	at org.restlet.routing.Filter.handle(Filter.java:197) ~[org.restlet.jar:na]
	at org.restlet.routing.Filter.doHandle(Filter.java:150) ~[org.restlet.jar:na]
	at org.restlet.routing.Filter.handle(Filter.java:197) ~[org.restlet.jar:na]
	at org.restlet.routing.Filter.doHandle(Filter.java:150) ~[org.restlet.jar:na]
	at org.restlet.routing.Filter.handle(Filter.java:197) ~[org.restlet.jar:na]
	at org.restlet.routing.Filter.doHandle(Filter.java:150) ~[org.restlet.jar:na]
	at org.restlet.routing.Filter.handle(Filter.java:197) ~[org.restlet.jar:na]
	at org.restlet.routing.Filter.doHandle(Filter.java:150) ~[org.restlet.jar:na]
	at org.restlet.routing.Filter.handle(Filter.java:197) ~[org.restlet.jar:na]
	at org.restlet.routing.Filter.doHandle(Filter.java:150) ~[org.restlet.jar:na]
	at org.restlet.engine.application.StatusFilter.doHandle(StatusFilter.java:140) ~[org.restlet.jar:na]
	at org.restlet.routing.Filter.handle(Filter.java:197) ~[org.restlet.jar:na]
	at org.restlet.routing.Filter.doHandle(Filter.java:150) ~[org.restlet.jar:na]
	at org.restlet.routing.Filter.handle(Filter.java:197) ~[org.restlet.jar:na]
	at org.restlet.engine.CompositeHelper.handle(CompositeHelper.java:202) ~[org.restlet.jar:na]
	at org.restlet.engine.application.ApplicationHelper.handle(ApplicationHelper.java:75) ~[org.restlet.jar:na]
	at org.restlet.Application.handle(Application.java:385) ~[org.restlet.jar:na]
	at org.restlet.routing.Filter.doHandle(Filter.java:150) ~[org.restlet.jar:na]
	at org.restlet.routing.Filter.handle(Filter.java:197) ~[org.restlet.jar:na]
	at org.restlet.routing.Router.doHandle(Router.java:422) ~[org.restlet.jar:na]
	at org.restlet.routing.Router.handle(Router.java:639) ~[org.restlet.jar:na]
	at org.restlet.routing.Filter.doHandle(Filter.java:150) ~[org.restlet.jar:na]
	at org.restlet.routing.Filter.handle(Filter.java:197) ~[org.restlet.jar:na]
	at org.restlet.routing.Router.doHandle(Router.java:422) ~[org.restlet.jar:na]
	at org.restlet.routing.Router.handle(Router.java:639) ~[org.restlet.jar:na]
	at org.restlet.routing.Filter.doHandle(Filter.java:150) ~[org.restlet.jar:na]
	at org.restlet.engine.application.StatusFilter.doHandle(StatusFilter.java:140) ~[org.restlet.jar:na]
	at org.restlet.routing.Filter.handle(Filter.java:197) ~[org.restlet.jar:na]
	at org.restlet.routing.Filter.doHandle(Filter.java:150) ~[org.restlet.jar:na]
	at org.restlet.routing.Filter.handle(Filter.java:197) ~[org.restlet.jar:na]
	at org.restlet.engine.CompositeHelper.handle(CompositeHelper.java:202) ~[org.restlet.jar:na]
	at org.restlet.Component.handle(Component.java:408) ~[org.restlet.jar:na]
	at org.restlet.Server.handle(Server.java:507) ~[org.restlet.jar:na]
	at org.restlet.engine.connector.ServerHelper.handle(ServerHelper.java:63) ~[org.restlet.jar:na]
	at org.restlet.engine.adapter.HttpServerHelper.handle(HttpServerHelper.java:143) ~[org.restlet.jar:na]
	at org.restlet.ext.jetty.JettyServerHelper$WrappedServer.handle(JettyServerHelper.java:273) ~[org.restlet.ext.jetty.jar:na]
	at org.eclipse.jetty.server.HttpChannel.handle(HttpChannel.java:310) ~[jetty-server-9.2.11.v20150529.jar:9.2.11.v20150529]
	at org.eclipse.jetty.server.HttpConnection.onFillable(HttpConnection.java:257) ~[jetty-server-9.2.11.v20150529.jar:9.2.11.v20150529]
	at org.eclipse.jetty.io.AbstractConnection$2.run(AbstractConnection.java:540) ~[jetty-io-9.2.11.v20150529.jar:9.2.11.v20150529]
	at org.eclipse.jetty.util.thread.QueuedThreadPool.runJob(QueuedThreadPool.java:635) ~[jetty-util-9.2.11.v20150529.jar:9.2.11.v20150529]
	at org.eclipse.jetty.util.thread.QueuedThreadPool$3.run(QueuedThreadPool.java:555) ~[jetty-util-9.2.11.v20150529.jar:9.2.11.v20150529]
	at java.lang.Thread.run(Unknown Source) ~[na:1.8.0_91]
INFO  io.skysail.server.stringtemplate.STGroupBundleDir - found resource in skysail.server.converter: bundle://81.0:1/templates/bootstrap/index.st
INFO  io.skysail.server.stringtemplate.STGroupBundleDir - found resource in skysail.server.converter: bundle://81.0:1/templates/bootstrap/contentHeader.st
INFO  LogService - 2016-08-03	15:06:04	0:0:0:0:0:0:0:1	admin	0:0:0:0:0:0:0:1	2015	GET	/one2manyApplication/v1/lists	msgIds=2	200	-	0	561	http://localhost:2015	Mozilla/5.0 (Windows NT 6.1; WOW64) AppleWebKit/537.36 (KHTML, like Gecko) Chrome/51.0.2704.103 Safari/537.36	http://localhost:2015/one2manyApplication/v1/lists/14:0/
