WARN  io.skysail.webconsole.osgi.utils.FileUtils - could not parse bundle location System Bundle
WARN  io.skysail.server.app.SkysailApplication - there are no entities defined for the applicationModel JavaApplicationModel: one2manyApplication
Repositories: 
Repositories(repositories={io.skysail.server.db.versions.impl.ComponentDbVersion=io.skysail.server.db.versions.impl.VersionsRepository@10189057, io.skysail.server.app.reference.one2many.TodoList=io.skysail.server.app.reference.one2many.One2ManyRepository@3b61b053})

WARN  io.skysail.server.model.ResourceModel - identifier was null
WARN  io.skysail.server.model.ResourceModel - identifier was null
WARN  io.skysail.server.model.ResourceModel - identifier was null
WARN  io.skysail.server.model.ResourceModel - identifier was null
WARN  io.skysail.server.model.ResourceModel - identifier was null
WARN  io.skysail.server.model.ResourceModel - identifier was null
WARN  io.skysail.server.model.ResourceModel - identifier was null
ERROR io.skysail.server.db.OrientGraphDbService - null
java.lang.NullPointerException: null
	at io.skysail.server.db.OrientGraphDbService.documentToBean(OrientGraphDbService.java:180) [skysail.server.db-0.2.0.jar:na]
	at io.skysail.server.db.OrientGraphDbService.lambda$populateOutgoingEdges$24(OrientGraphDbService.java:215) [skysail.server.db-0.2.0.jar:na]
	at java.util.ArrayList.forEach(Unknown Source) ~[na:1.8.0_91]
	at io.skysail.server.db.OrientGraphDbService.populateOutgoingEdges(OrientGraphDbService.java:194) [skysail.server.db-0.2.0.jar:na]
	at io.skysail.server.db.OrientGraphDbService.documentToBean(OrientGraphDbService.java:183) [skysail.server.db-0.2.0.jar:na]
	at io.skysail.server.db.OrientGraphDbService.findGraphs(OrientGraphDbService.java:161) [skysail.server.db-0.2.0.jar:na]
	at io.skysail.server.db.GraphDbRepository.find(GraphDbRepository.java:97) ~[skysail.server.db-0.2.0.jar:na]
	at io.skysail.server.app.reference.one2many.resources.TodoListsResource.getEntity(TodoListsResource.java:32) ~[na:na]
	at io.skysail.server.app.reference.one2many.resources.TodoListsResource.getEntity(TodoListsResource.java:1) ~[na:na]
	at io.skysail.server.restlet.resources.SkysailServerResource.getEntity(SkysailServerResource.java:131) ~[skysail.server.jar:na]
	at io.skysail.server.restlet.filter.DataExtractingFilter.doHandle(DataExtractingFilter.java:21) ~[skysail.server.jar:na]
	at io.skysail.server.restlet.filter.AbstractResourceFilter.handleMe(AbstractResourceFilter.java:99) ~[skysail.server.jar:na]
	at io.skysail.server.restlet.filter.AbstractResourceFilter.doHandle(AbstractResourceFilter.java:82) ~[skysail.server.jar:na]
	at io.skysail.server.restlet.filter.AbstractResourceFilter.handleMe(AbstractResourceFilter.java:99) ~[skysail.server.jar:na]
	at io.skysail.server.restlet.filter.AbstractResourceFilter.doHandle(AbstractResourceFilter.java:82) ~[skysail.server.jar:na]
	at io.skysail.server.restlet.filter.ExceptionCatchingFilter.doHandle(ExceptionCatchingFilter.java:26) ~[skysail.server.jar:na]
	at io.skysail.server.restlet.filter.AbstractResourceFilter.handleMe(AbstractResourceFilter.java:99) ~[skysail.server.jar:na]
	at io.skysail.server.restlet.filter.AbstractResourceFilter.handleList(AbstractResourceFilter.java:51) ~[skysail.server.jar:na]
	at io.skysail.server.restlet.resources.ListServerResource.listEntities(ListServerResource.java:142) ~[skysail.server.jar:na]
	at io.skysail.server.restlet.resources.ListServerResource.getEntities(ListServerResource.java:130) ~[skysail.server.jar:na]
	at sun.reflect.NativeMethodAccessorImpl.invoke0(Native Method) ~[na:1.8.0_91]
	at sun.reflect.NativeMethodAccessorImpl.invoke(Unknown Source) ~[na:1.8.0_91]
	at sun.reflect.DelegatingMethodAccessorImpl.invoke(Unknown Source) ~[na:1.8.0_91]
	at java.lang.reflect.Method.invoke(Unknown Source) ~[na:1.8.0_91]
	at org.restlet.resource.ServerResource.doHandle(ServerResource.java:520) ~[org.restlet.jar:na]
	at org.restlet.resource.ServerResource.get(ServerResource.java:742) ~[org.restlet.jar:na]
	at org.restlet.resource.ServerResource.doHandle(ServerResource.java:617) ~[org.restlet.jar:na]
	at org.restlet.resource.ServerResource.doNegotiatedHandle(ServerResource.java:678) ~[org.restlet.jar:na]
	at org.restlet.resource.ServerResource.doConditionalHandle(ServerResource.java:356) ~[org.restlet.jar:na]
	at org.restlet.resource.ServerResource.handle(ServerResource.java:1043) ~[org.restlet.jar:na]
	at org.restlet.resource.Finder.handle(Finder.java:236) ~[org.restlet.jar:na]
	at org.restlet.routing.Filter.doHandle(Filter.java:150) ~[org.restlet.jar:na]
	at org.restlet.routing.Filter.handle(Filter.java:197) ~[org.restlet.jar:na]
	at org.restlet.routing.Filter.doHandle(Filter.java:150) ~[org.restlet.jar:na]
	at org.restlet.routing.Filter.handle(Filter.java:197) ~[org.restlet.jar:na]
	at org.restlet.routing.Filter.doHandle(Filter.java:150) ~[org.restlet.jar:na]
	at org.restlet.routing.Filter.handle(Filter.java:197) ~[org.restlet.jar:na]
	at org.restlet.routing.Router.doHandle(Router.java:422) ~[org.restlet.jar:na]
	at org.restlet.routing.Router.handle(Router.java:639) ~[org.restlet.jar:na]
	at org.restlet.routing.Filter.doHandle(Filter.java:150) ~[org.restlet.jar:na]
	at org.restlet.routing.Filter.handle(Filter.java:197) ~[org.restlet.jar:na]
	at org.restlet.routing.Filter.doHandle(Filter.java:150) ~[org.restlet.jar:na]
	at org.restlet.routing.Filter.handle(Filter.java:197) ~[org.restlet.jar:na]
	at org.restlet.routing.Filter.doHandle(Filter.java:150) ~[org.restlet.jar:na]
	at org.restlet.routing.Filter.handle(Filter.java:197) ~[org.restlet.jar:na]
	at org.restlet.routing.Filter.doHandle(Filter.java:150) ~[org.restlet.jar:na]
	at org.restlet.routing.Filter.handle(Filter.java:197) ~[org.restlet.jar:na]
	at org.restlet.routing.Filter.doHandle(Filter.java:150) ~[org.restlet.jar:na]
	at org.restlet.routing.Filter.handle(Filter.java:197) ~[org.restlet.jar:na]
	at org.restlet.routing.Filter.doHandle(Filter.java:150) ~[org.restlet.jar:na]
	at org.restlet.engine.application.StatusFilter.doHandle(StatusFilter.java:140) ~[org.restlet.jar:na]
	at org.restlet.routing.Filter.handle(Filter.java:197) ~[org.restlet.jar:na]
	at org.restlet.routing.Filter.doHandle(Filter.java:150) ~[org.restlet.jar:na]
	at org.restlet.routing.Filter.handle(Filter.java:197) ~[org.restlet.jar:na]
	at org.restlet.engine.CompositeHelper.handle(CompositeHelper.java:202) ~[org.restlet.jar:na]
	at org.restlet.engine.application.ApplicationHelper.handle(ApplicationHelper.java:75) ~[org.restlet.jar:na]
	at org.restlet.Application.handle(Application.java:385) ~[org.restlet.jar:na]
	at org.restlet.routing.Filter.doHandle(Filter.java:150) ~[org.restlet.jar:na]
	at org.restlet.routing.Filter.handle(Filter.java:197) ~[org.restlet.jar:na]
	at org.restlet.routing.Router.doHandle(Router.java:422) ~[org.restlet.jar:na]
	at org.restlet.routing.Router.handle(Router.java:639) ~[org.restlet.jar:na]
	at org.restlet.routing.Filter.doHandle(Filter.java:150) ~[org.restlet.jar:na]
	at org.restlet.routing.Filter.handle(Filter.java:197) ~[org.restlet.jar:na]
	at org.restlet.routing.Router.doHandle(Router.java:422) ~[org.restlet.jar:na]
	at org.restlet.routing.Router.handle(Router.java:639) ~[org.restlet.jar:na]
	at org.restlet.routing.Filter.doHandle(Filter.java:150) ~[org.restlet.jar:na]
	at org.restlet.engine.application.StatusFilter.doHandle(StatusFilter.java:140) ~[org.restlet.jar:na]
	at org.restlet.routing.Filter.handle(Filter.java:197) ~[org.restlet.jar:na]
	at org.restlet.routing.Filter.doHandle(Filter.java:150) ~[org.restlet.jar:na]
	at org.restlet.routing.Filter.handle(Filter.java:197) ~[org.restlet.jar:na]
	at org.restlet.engine.CompositeHelper.handle(CompositeHelper.java:202) ~[org.restlet.jar:na]
	at org.restlet.Component.handle(Component.java:408) ~[org.restlet.jar:na]
	at org.restlet.Server.handle(Server.java:507) ~[org.restlet.jar:na]
	at org.restlet.engine.connector.ServerHelper.handle(ServerHelper.java:63) ~[org.restlet.jar:na]
	at org.restlet.engine.adapter.HttpServerHelper.handle(HttpServerHelper.java:143) ~[org.restlet.jar:na]
	at org.restlet.ext.jetty.JettyServerHelper$WrappedServer.handle(JettyServerHelper.java:273) ~[org.restlet.ext.jetty.jar:na]
	at org.eclipse.jetty.server.HttpChannel.handle(HttpChannel.java:310) ~[jetty-server-9.2.11.v20150529.jar:9.2.11.v20150529]
	at org.eclipse.jetty.server.HttpConnection.onFillable(HttpConnection.java:257) ~[jetty-server-9.2.11.v20150529.jar:9.2.11.v20150529]
	at org.eclipse.jetty.io.AbstractConnection$2.run(AbstractConnection.java:540) ~[jetty-io-9.2.11.v20150529.jar:9.2.11.v20150529]
	at org.eclipse.jetty.util.thread.QueuedThreadPool.runJob(QueuedThreadPool.java:635) ~[jetty-util-9.2.11.v20150529.jar:9.2.11.v20150529]
	at org.eclipse.jetty.util.thread.QueuedThreadPool$3.run(QueuedThreadPool.java:555) ~[jetty-util-9.2.11.v20150529.jar:9.2.11.v20150529]
	at java.lang.Thread.run(Unknown Source) ~[na:1.8.0_91]
ERROR io.skysail.server.db.OrientGraphDbService - null
java.lang.NullPointerException: null
	at io.skysail.server.db.OrientGraphDbService.documentToBean(OrientGraphDbService.java:180) [skysail.server.db-0.2.0.jar:na]
	at io.skysail.server.db.OrientGraphDbService.lambda$populateOutgoingEdges$24(OrientGraphDbService.java:215) [skysail.server.db-0.2.0.jar:na]
	at java.util.ArrayList.forEach(Unknown Source) ~[na:1.8.0_91]
	at io.skysail.server.db.OrientGraphDbService.populateOutgoingEdges(OrientGraphDbService.java:194) [skysail.server.db-0.2.0.jar:na]
	at io.skysail.server.db.OrientGraphDbService.documentToBean(OrientGraphDbService.java:183) [skysail.server.db-0.2.0.jar:na]
	at io.skysail.server.db.OrientGraphDbService.findGraphs(OrientGraphDbService.java:161) [skysail.server.db-0.2.0.jar:na]
	at io.skysail.server.db.GraphDbRepository.find(GraphDbRepository.java:97) ~[skysail.server.db-0.2.0.jar:na]
	at io.skysail.server.app.reference.one2many.resources.TodoListsResource.getEntity(TodoListsResource.java:32) ~[na:na]
	at io.skysail.server.app.reference.one2many.resources.TodoListsResource.getEntity(TodoListsResource.java:1) ~[na:na]
	at io.skysail.server.restlet.resources.SkysailServerResource.getEntity(SkysailServerResource.java:131) ~[skysail.server.jar:na]
	at io.skysail.server.restlet.filter.DataExtractingFilter.doHandle(DataExtractingFilter.java:21) ~[skysail.server.jar:na]
	at io.skysail.server.restlet.filter.AbstractResourceFilter.handleMe(AbstractResourceFilter.java:99) ~[skysail.server.jar:na]
	at io.skysail.server.restlet.filter.AbstractResourceFilter.doHandle(AbstractResourceFilter.java:82) ~[skysail.server.jar:na]
	at io.skysail.server.restlet.filter.AbstractResourceFilter.handleMe(AbstractResourceFilter.java:99) ~[skysail.server.jar:na]
	at io.skysail.server.restlet.filter.AbstractResourceFilter.doHandle(AbstractResourceFilter.java:82) ~[skysail.server.jar:na]
	at io.skysail.server.restlet.filter.ExceptionCatchingFilter.doHandle(ExceptionCatchingFilter.java:26) ~[skysail.server.jar:na]
	at io.skysail.server.restlet.filter.AbstractResourceFilter.handleMe(AbstractResourceFilter.java:99) ~[skysail.server.jar:na]
	at io.skysail.server.restlet.filter.AbstractResourceFilter.handleList(AbstractResourceFilter.java:51) ~[skysail.server.jar:na]
	at io.skysail.server.restlet.resources.ListServerResource.listEntities(ListServerResource.java:142) ~[skysail.server.jar:na]
	at io.skysail.server.restlet.resources.ListServerResource.getEntities(ListServerResource.java:130) ~[skysail.server.jar:na]
	at sun.reflect.NativeMethodAccessorImpl.invoke0(Native Method) ~[na:1.8.0_91]
	at sun.reflect.NativeMethodAccessorImpl.invoke(Unknown Source) ~[na:1.8.0_91]
	at sun.reflect.DelegatingMethodAccessorImpl.invoke(Unknown Source) ~[na:1.8.0_91]
	at java.lang.reflect.Method.invoke(Unknown Source) ~[na:1.8.0_91]
	at org.restlet.resource.ServerResource.doHandle(ServerResource.java:520) ~[org.restlet.jar:na]
	at org.restlet.resource.ServerResource.get(ServerResource.java:742) ~[org.restlet.jar:na]
	at org.restlet.resource.ServerResource.doHandle(ServerResource.java:617) ~[org.restlet.jar:na]
	at org.restlet.resource.ServerResource.doNegotiatedHandle(ServerResource.java:678) ~[org.restlet.jar:na]
	at org.restlet.resource.ServerResource.doConditionalHandle(ServerResource.java:356) ~[org.restlet.jar:na]
	at org.restlet.resource.ServerResource.handle(ServerResource.java:1043) ~[org.restlet.jar:na]
	at org.restlet.resource.Finder.handle(Finder.java:236) ~[org.restlet.jar:na]
	at org.restlet.routing.Filter.doHandle(Filter.java:150) ~[org.restlet.jar:na]
	at org.restlet.routing.Filter.handle(Filter.java:197) ~[org.restlet.jar:na]
	at org.restlet.routing.Filter.doHandle(Filter.java:150) ~[org.restlet.jar:na]
	at org.restlet.routing.Filter.handle(Filter.java:197) ~[org.restlet.jar:na]
	at org.restlet.routing.Filter.doHandle(Filter.java:150) ~[org.restlet.jar:na]
	at org.restlet.routing.Filter.handle(Filter.java:197) ~[org.restlet.jar:na]
	at org.restlet.routing.Router.doHandle(Router.java:422) ~[org.restlet.jar:na]
	at org.restlet.routing.Router.handle(Router.java:639) ~[org.restlet.jar:na]
	at org.restlet.routing.Filter.doHandle(Filter.java:150) ~[org.restlet.jar:na]
	at org.restlet.routing.Filter.handle(Filter.java:197) ~[org.restlet.jar:na]
	at org.restlet.routing.Filter.doHandle(Filter.java:150) ~[org.restlet.jar:na]
	at org.restlet.routing.Filter.handle(Filter.java:197) ~[org.restlet.jar:na]
	at org.restlet.routing.Filter.doHandle(Filter.java:150) ~[org.restlet.jar:na]
	at org.restlet.routing.Filter.handle(Filter.java:197) ~[org.restlet.jar:na]
	at org.restlet.routing.Filter.doHandle(Filter.java:150) ~[org.restlet.jar:na]
	at org.restlet.routing.Filter.handle(Filter.java:197) ~[org.restlet.jar:na]
	at org.restlet.routing.Filter.doHandle(Filter.java:150) ~[org.restlet.jar:na]
	at org.restlet.routing.Filter.handle(Filter.java:197) ~[org.restlet.jar:na]
	at org.restlet.routing.Filter.doHandle(Filter.java:150) ~[org.restlet.jar:na]
	at org.restlet.engine.application.StatusFilter.doHandle(StatusFilter.java:140) ~[org.restlet.jar:na]
	at org.restlet.routing.Filter.handle(Filter.java:197) ~[org.restlet.jar:na]
	at org.restlet.routing.Filter.doHandle(Filter.java:150) ~[org.restlet.jar:na]
	at org.restlet.routing.Filter.handle(Filter.java:197) ~[org.restlet.jar:na]
	at org.restlet.engine.CompositeHelper.handle(CompositeHelper.java:202) ~[org.restlet.jar:na]
	at org.restlet.engine.application.ApplicationHelper.handle(ApplicationHelper.java:75) ~[org.restlet.jar:na]
	at org.restlet.Application.handle(Application.java:385) ~[org.restlet.jar:na]
	at org.restlet.routing.Filter.doHandle(Filter.java:150) ~[org.restlet.jar:na]
	at org.restlet.routing.Filter.handle(Filter.java:197) ~[org.restlet.jar:na]
	at org.restlet.routing.Router.doHandle(Router.java:422) ~[org.restlet.jar:na]
	at org.restlet.routing.Router.handle(Router.java:639) ~[org.restlet.jar:na]
	at org.restlet.routing.Filter.doHandle(Filter.java:150) ~[org.restlet.jar:na]
	at org.restlet.routing.Filter.handle(Filter.java:197) ~[org.restlet.jar:na]
	at org.restlet.routing.Router.doHandle(Router.java:422) ~[org.restlet.jar:na]
	at org.restlet.routing.Router.handle(Router.java:639) ~[org.restlet.jar:na]
	at org.restlet.routing.Filter.doHandle(Filter.java:150) ~[org.restlet.jar:na]
	at org.restlet.engine.application.StatusFilter.doHandle(StatusFilter.java:140) ~[org.restlet.jar:na]
	at org.restlet.routing.Filter.handle(Filter.java:197) ~[org.restlet.jar:na]
	at org.restlet.routing.Filter.doHandle(Filter.java:150) ~[org.restlet.jar:na]
	at org.restlet.routing.Filter.handle(Filter.java:197) ~[org.restlet.jar:na]
	at org.restlet.engine.CompositeHelper.handle(CompositeHelper.java:202) ~[org.restlet.jar:na]
	at org.restlet.Component.handle(Component.java:408) ~[org.restlet.jar:na]
	at org.restlet.Server.handle(Server.java:507) ~[org.restlet.jar:na]
	at org.restlet.engine.connector.ServerHelper.handle(ServerHelper.java:63) ~[org.restlet.jar:na]
	at org.restlet.engine.adapter.HttpServerHelper.handle(HttpServerHelper.java:143) ~[org.restlet.jar:na]
	at org.restlet.ext.jetty.JettyServerHelper$WrappedServer.handle(JettyServerHelper.java:273) ~[org.restlet.ext.jetty.jar:na]
	at org.eclipse.jetty.server.HttpChannel.handle(HttpChannel.java:310) ~[jetty-server-9.2.11.v20150529.jar:9.2.11.v20150529]
	at org.eclipse.jetty.server.HttpConnection.onFillable(HttpConnection.java:257) ~[jetty-server-9.2.11.v20150529.jar:9.2.11.v20150529]
	at org.eclipse.jetty.io.AbstractConnection$2.run(AbstractConnection.java:540) ~[jetty-io-9.2.11.v20150529.jar:9.2.11.v20150529]
	at org.eclipse.jetty.util.thread.QueuedThreadPool.runJob(QueuedThreadPool.java:635) ~[jetty-util-9.2.11.v20150529.jar:9.2.11.v20150529]
	at org.eclipse.jetty.util.thread.QueuedThreadPool$3.run(QueuedThreadPool.java:555) ~[jetty-util-9.2.11.v20150529.jar:9.2.11.v20150529]
	at java.lang.Thread.run(Unknown Source) ~[na:1.8.0_91]
ERROR io.skysail.server.db.OrientGraphDbService - null
java.lang.NullPointerException: null
	at io.skysail.server.db.OrientGraphDbService.documentToBean(OrientGraphDbService.java:180) [skysail.server.db-0.2.0.jar:na]
	at io.skysail.server.db.OrientGraphDbService.lambda$populateOutgoingEdges$24(OrientGraphDbService.java:215) [skysail.server.db-0.2.0.jar:na]
	at java.util.ArrayList.forEach(Unknown Source) ~[na:1.8.0_91]
	at io.skysail.server.db.OrientGraphDbService.populateOutgoingEdges(OrientGraphDbService.java:194) [skysail.server.db-0.2.0.jar:na]
	at io.skysail.server.db.OrientGraphDbService.documentToBean(OrientGraphDbService.java:183) [skysail.server.db-0.2.0.jar:na]
	at io.skysail.server.db.OrientGraphDbService.findById2(OrientGraphDbService.java:174) [skysail.server.db-0.2.0.jar:na]
	at io.skysail.server.db.GraphDbRepository.findOne(GraphDbRepository.java:72) ~[skysail.server.db-0.2.0.jar:na]
	at io.skysail.server.app.reference.one2many.resources.PutTodoListResource.getEntity(PutTodoListResource.java:30) ~[na:na]
	at io.skysail.server.app.reference.one2many.resources.PutTodoListResource.getEntity(PutTodoListResource.java:1) ~[na:na]
	at io.skysail.server.restlet.resources.SkysailServerResource.getEntity(SkysailServerResource.java:131) ~[skysail.server.jar:na]
	at io.skysail.server.restlet.filter.DataExtractingFilter.doHandle(DataExtractingFilter.java:21) ~[skysail.server.jar:na]
	at io.skysail.server.restlet.filter.AbstractResourceFilter.handleMe(AbstractResourceFilter.java:99) ~[skysail.server.jar:na]
	at io.skysail.server.restlet.filter.AbstractResourceFilter.doHandle(AbstractResourceFilter.java:82) ~[skysail.server.jar:na]
	at io.skysail.server.restlet.filter.AbstractResourceFilter.handleMe(AbstractResourceFilter.java:99) ~[skysail.server.jar:na]
	at io.skysail.server.restlet.filter.AbstractResourceFilter.doHandle(AbstractResourceFilter.java:82) ~[skysail.server.jar:na]
	at io.skysail.server.restlet.filter.ExceptionCatchingFilter.doHandle(ExceptionCatchingFilter.java:26) ~[skysail.server.jar:na]
	at io.skysail.server.restlet.filter.AbstractResourceFilter.handleMe(AbstractResourceFilter.java:99) ~[skysail.server.jar:na]
	at io.skysail.server.restlet.filter.AbstractResourceFilter.handle(AbstractResourceFilter.java:45) ~[skysail.server.jar:na]
	at io.skysail.server.restlet.resources.PutEntityServerResource.createForm(PutEntityServerResource.java:141) ~[skysail.server.jar:na]
	at sun.reflect.NativeMethodAccessorImpl.invoke0(Native Method) ~[na:1.8.0_91]
	at sun.reflect.NativeMethodAccessorImpl.invoke(Unknown Source) ~[na:1.8.0_91]
	at sun.reflect.DelegatingMethodAccessorImpl.invoke(Unknown Source) ~[na:1.8.0_91]
	at java.lang.reflect.Method.invoke(Unknown Source) ~[na:1.8.0_91]
	at org.restlet.resource.ServerResource.doHandle(ServerResource.java:520) ~[org.restlet.jar:na]
	at org.restlet.resource.ServerResource.get(ServerResource.java:742) ~[org.restlet.jar:na]
	at org.restlet.resource.ServerResource.doHandle(ServerResource.java:617) ~[org.restlet.jar:na]
	at org.restlet.resource.ServerResource.doNegotiatedHandle(ServerResource.java:678) ~[org.restlet.jar:na]
	at org.restlet.resource.ServerResource.doConditionalHandle(ServerResource.java:356) ~[org.restlet.jar:na]
	at org.restlet.resource.ServerResource.handle(ServerResource.java:1043) ~[org.restlet.jar:na]
	at org.restlet.resource.Finder.handle(Finder.java:236) ~[org.restlet.jar:na]
	at org.restlet.routing.Filter.doHandle(Filter.java:150) ~[org.restlet.jar:na]
	at org.restlet.routing.Filter.handle(Filter.java:197) ~[org.restlet.jar:na]
	at org.restlet.routing.Filter.doHandle(Filter.java:150) ~[org.restlet.jar:na]
	at org.restlet.routing.Filter.handle(Filter.java:197) ~[org.restlet.jar:na]
	at org.restlet.routing.Filter.doHandle(Filter.java:150) ~[org.restlet.jar:na]
	at org.restlet.routing.Filter.handle(Filter.java:197) ~[org.restlet.jar:na]
	at org.restlet.routing.Router.doHandle(Router.java:422) ~[org.restlet.jar:na]
	at org.restlet.routing.Router.handle(Router.java:639) ~[org.restlet.jar:na]
	at org.restlet.routing.Filter.doHandle(Filter.java:150) ~[org.restlet.jar:na]
	at org.restlet.routing.Filter.handle(Filter.java:197) ~[org.restlet.jar:na]
	at org.restlet.routing.Filter.doHandle(Filter.java:150) ~[org.restlet.jar:na]
	at org.restlet.routing.Filter.handle(Filter.java:197) ~[org.restlet.jar:na]
	at org.restlet.routing.Filter.doHandle(Filter.java:150) ~[org.restlet.jar:na]
	at org.restlet.routing.Filter.handle(Filter.java:197) ~[org.restlet.jar:na]
	at org.restlet.routing.Filter.doHandle(Filter.java:150) ~[org.restlet.jar:na]
	at org.restlet.routing.Filter.handle(Filter.java:197) ~[org.restlet.jar:na]
	at org.restlet.routing.Filter.doHandle(Filter.java:150) ~[org.restlet.jar:na]
	at org.restlet.routing.Filter.handle(Filter.java:197) ~[org.restlet.jar:na]
	at org.restlet.routing.Filter.doHandle(Filter.java:150) ~[org.restlet.jar:na]
	at org.restlet.engine.application.StatusFilter.doHandle(StatusFilter.java:140) ~[org.restlet.jar:na]
	at org.restlet.routing.Filter.handle(Filter.java:197) ~[org.restlet.jar:na]
	at org.restlet.routing.Filter.doHandle(Filter.java:150) ~[org.restlet.jar:na]
	at org.restlet.routing.Filter.handle(Filter.java:197) ~[org.restlet.jar:na]
	at org.restlet.engine.CompositeHelper.handle(CompositeHelper.java:202) ~[org.restlet.jar:na]
	at org.restlet.engine.application.ApplicationHelper.handle(ApplicationHelper.java:75) ~[org.restlet.jar:na]
	at org.restlet.Application.handle(Application.java:385) ~[org.restlet.jar:na]
	at org.restlet.routing.Filter.doHandle(Filter.java:150) ~[org.restlet.jar:na]
	at org.restlet.routing.Filter.handle(Filter.java:197) ~[org.restlet.jar:na]
	at org.restlet.routing.Router.doHandle(Router.java:422) ~[org.restlet.jar:na]
	at org.restlet.routing.Router.handle(Router.java:639) ~[org.restlet.jar:na]
	at org.restlet.routing.Filter.doHandle(Filter.java:150) ~[org.restlet.jar:na]
	at org.restlet.routing.Filter.handle(Filter.java:197) ~[org.restlet.jar:na]
	at org.restlet.routing.Router.doHandle(Router.java:422) ~[org.restlet.jar:na]
	at org.restlet.routing.Router.handle(Router.java:639) ~[org.restlet.jar:na]
	at org.restlet.routing.Filter.doHandle(Filter.java:150) ~[org.restlet.jar:na]
	at org.restlet.engine.application.StatusFilter.doHandle(StatusFilter.java:140) ~[org.restlet.jar:na]
	at org.restlet.routing.Filter.handle(Filter.java:197) ~[org.restlet.jar:na]
	at org.restlet.routing.Filter.doHandle(Filter.java:150) ~[org.restlet.jar:na]
	at org.restlet.routing.Filter.handle(Filter.java:197) ~[org.restlet.jar:na]
	at org.restlet.engine.CompositeHelper.handle(CompositeHelper.java:202) ~[org.restlet.jar:na]
	at org.restlet.Component.handle(Component.java:408) ~[org.restlet.jar:na]
	at org.restlet.Server.handle(Server.java:507) ~[org.restlet.jar:na]
	at org.restlet.engine.connector.ServerHelper.handle(ServerHelper.java:63) ~[org.restlet.jar:na]
	at org.restlet.engine.adapter.HttpServerHelper.handle(HttpServerHelper.java:143) ~[org.restlet.jar:na]
	at org.restlet.ext.jetty.JettyServerHelper$WrappedServer.handle(JettyServerHelper.java:273) ~[org.restlet.ext.jetty.jar:na]
	at org.eclipse.jetty.server.HttpChannel.handle(HttpChannel.java:310) ~[jetty-server-9.2.11.v20150529.jar:9.2.11.v20150529]
	at org.eclipse.jetty.server.HttpConnection.onFillable(HttpConnection.java:257) ~[jetty-server-9.2.11.v20150529.jar:9.2.11.v20150529]
	at org.eclipse.jetty.io.AbstractConnection$2.run(AbstractConnection.java:540) ~[jetty-io-9.2.11.v20150529.jar:9.2.11.v20150529]
	at org.eclipse.jetty.util.thread.QueuedThreadPool.runJob(QueuedThreadPool.java:635) ~[jetty-util-9.2.11.v20150529.jar:9.2.11.v20150529]
	at org.eclipse.jetty.util.thread.QueuedThreadPool$3.run(QueuedThreadPool.java:555) ~[jetty-util-9.2.11.v20150529.jar:9.2.11.v20150529]
	at java.lang.Thread.run(Unknown Source) ~[na:1.8.0_91]
ERROR io.skysail.server.db.OrientGraphDbService - null
java.lang.NullPointerException: null
	at io.skysail.server.db.OrientGraphDbService.documentToBean(OrientGraphDbService.java:180) [skysail.server.db-0.2.0.jar:na]
	at io.skysail.server.db.OrientGraphDbService.lambda$populateOutgoingEdges$24(OrientGraphDbService.java:215) [skysail.server.db-0.2.0.jar:na]
	at java.util.ArrayList.forEach(Unknown Source) ~[na:1.8.0_91]
	at io.skysail.server.db.OrientGraphDbService.populateOutgoingEdges(OrientGraphDbService.java:194) [skysail.server.db-0.2.0.jar:na]
	at io.skysail.server.db.OrientGraphDbService.documentToBean(OrientGraphDbService.java:183) [skysail.server.db-0.2.0.jar:na]
	at io.skysail.server.db.OrientGraphDbService.findById2(OrientGraphDbService.java:174) [skysail.server.db-0.2.0.jar:na]
	at io.skysail.server.db.GraphDbRepository.findOne(GraphDbRepository.java:72) ~[skysail.server.db-0.2.0.jar:na]
	at io.skysail.server.app.reference.one2many.resources.PutTodoListResource.getEntity(PutTodoListResource.java:30) ~[na:na]
	at io.skysail.server.app.reference.one2many.resources.PutTodoListResource.getEntity(PutTodoListResource.java:1) ~[na:na]
	at io.skysail.server.restlet.resources.SkysailServerResource.getEntity(SkysailServerResource.java:131) ~[skysail.server.jar:na]
	at io.skysail.server.restlet.resources.PutEntityServerResource.getData(PutEntityServerResource.java:130) ~[skysail.server.jar:na]
	at io.skysail.server.restlet.filter.AbstractResourceFilter.getDataFromRequest(AbstractResourceFilter.java:170) ~[skysail.server.jar:na]
	at io.skysail.server.restlet.filter.FormDataExtractingFilter.doHandle(FormDataExtractingFilter.java:25) ~[skysail.server.jar:na]
	at io.skysail.server.restlet.filter.AbstractResourceFilter.handleMe(AbstractResourceFilter.java:99) ~[skysail.server.jar:na]
	at io.skysail.server.restlet.filter.AbstractResourceFilter.doHandle(AbstractResourceFilter.java:82) ~[skysail.server.jar:na]
	at io.skysail.server.restlet.filter.CheckInvalidInputFilter.doHandle(CheckInvalidInputFilter.java:48) ~[skysail.server.jar:na]
	at io.skysail.server.restlet.filter.AbstractResourceFilter.handleMe(AbstractResourceFilter.java:99) ~[skysail.server.jar:na]
	at io.skysail.server.restlet.filter.AbstractResourceFilter.doHandle(AbstractResourceFilter.java:82) ~[skysail.server.jar:na]
	at io.skysail.server.restlet.filter.AbstractResourceFilter.handleMe(AbstractResourceFilter.java:99) ~[skysail.server.jar:na]
	at io.skysail.server.restlet.filter.AbstractResourceFilter.doHandle(AbstractResourceFilter.java:82) ~[skysail.server.jar:na]
	at io.skysail.server.restlet.filter.ExceptionCatchingFilter.doHandle(ExceptionCatchingFilter.java:26) ~[skysail.server.jar:na]
	at io.skysail.server.restlet.filter.AbstractResourceFilter.handleMe(AbstractResourceFilter.java:99) ~[skysail.server.jar:na]
	at io.skysail.server.restlet.filter.AbstractResourceFilter.handle(AbstractResourceFilter.java:45) ~[skysail.server.jar:na]
	at io.skysail.server.restlet.resources.PutEntityServerResource.put(PutEntityServerResource.java:176) ~[skysail.server.jar:na]
	at sun.reflect.NativeMethodAccessorImpl.invoke0(Native Method) ~[na:1.8.0_91]
	at sun.reflect.NativeMethodAccessorImpl.invoke(Unknown Source) ~[na:1.8.0_91]
	at sun.reflect.DelegatingMethodAccessorImpl.invoke(Unknown Source) ~[na:1.8.0_91]
	at java.lang.reflect.Method.invoke(Unknown Source) ~[na:1.8.0_91]
	at org.restlet.resource.ServerResource.doHandle(ServerResource.java:520) ~[org.restlet.jar:na]
	at org.restlet.resource.ServerResource.put(ServerResource.java:1436) ~[org.restlet.jar:na]
	at org.restlet.resource.ServerResource.doHandle(ServerResource.java:609) ~[org.restlet.jar:na]
	at org.restlet.resource.ServerResource.doNegotiatedHandle(ServerResource.java:678) ~[org.restlet.jar:na]
	at org.restlet.resource.ServerResource.doConditionalHandle(ServerResource.java:356) ~[org.restlet.jar:na]
	at org.restlet.resource.ServerResource.handle(ServerResource.java:1043) ~[org.restlet.jar:na]
	at org.restlet.resource.Finder.handle(Finder.java:236) ~[org.restlet.jar:na]
	at org.restlet.routing.Filter.doHandle(Filter.java:150) ~[org.restlet.jar:na]
	at org.restlet.routing.Filter.handle(Filter.java:197) ~[org.restlet.jar:na]
	at org.restlet.routing.Filter.doHandle(Filter.java:150) ~[org.restlet.jar:na]
	at org.restlet.routing.Filter.handle(Filter.java:197) ~[org.restlet.jar:na]
	at org.restlet.routing.Filter.doHandle(Filter.java:150) ~[org.restlet.jar:na]
	at org.restlet.routing.Filter.handle(Filter.java:197) ~[org.restlet.jar:na]
	at org.restlet.routing.Router.doHandle(Router.java:422) ~[org.restlet.jar:na]
	at org.restlet.routing.Router.handle(Router.java:639) ~[org.restlet.jar:na]
	at org.restlet.routing.Filter.doHandle(Filter.java:150) ~[org.restlet.jar:na]
	at org.restlet.routing.Filter.handle(Filter.java:197) ~[org.restlet.jar:na]
	at org.restlet.routing.Filter.doHandle(Filter.java:150) ~[org.restlet.jar:na]
	at org.restlet.routing.Filter.handle(Filter.java:197) ~[org.restlet.jar:na]
	at org.restlet.routing.Filter.doHandle(Filter.java:150) ~[org.restlet.jar:na]
	at org.restlet.routing.Filter.handle(Filter.java:197) ~[org.restlet.jar:na]
	at org.restlet.routing.Filter.doHandle(Filter.java:150) ~[org.restlet.jar:na]
	at org.restlet.routing.Filter.handle(Filter.java:197) ~[org.restlet.jar:na]
	at org.restlet.routing.Filter.doHandle(Filter.java:150) ~[org.restlet.jar:na]
	at org.restlet.routing.Filter.handle(Filter.java:197) ~[org.restlet.jar:na]
	at org.restlet.routing.Filter.doHandle(Filter.java:150) ~[org.restlet.jar:na]
	at org.restlet.engine.application.StatusFilter.doHandle(StatusFilter.java:140) ~[org.restlet.jar:na]
	at org.restlet.routing.Filter.handle(Filter.java:197) ~[org.restlet.jar:na]
	at org.restlet.routing.Filter.doHandle(Filter.java:150) ~[org.restlet.jar:na]
	at org.restlet.routing.Filter.handle(Filter.java:197) ~[org.restlet.jar:na]
	at org.restlet.engine.CompositeHelper.handle(CompositeHelper.java:202) ~[org.restlet.jar:na]
	at org.restlet.engine.application.ApplicationHelper.handle(ApplicationHelper.java:75) ~[org.restlet.jar:na]
	at org.restlet.Application.handle(Application.java:385) ~[org.restlet.jar:na]
	at org.restlet.routing.Filter.doHandle(Filter.java:150) ~[org.restlet.jar:na]
	at org.restlet.routing.Filter.handle(Filter.java:197) ~[org.restlet.jar:na]
	at org.restlet.routing.Router.doHandle(Router.java:422) ~[org.restlet.jar:na]
	at org.restlet.routing.Router.handle(Router.java:639) ~[org.restlet.jar:na]
	at org.restlet.routing.Filter.doHandle(Filter.java:150) ~[org.restlet.jar:na]
	at org.restlet.routing.Filter.handle(Filter.java:197) ~[org.restlet.jar:na]
	at org.restlet.routing.Router.doHandle(Router.java:422) ~[org.restlet.jar:na]
	at org.restlet.routing.Router.handle(Router.java:639) ~[org.restlet.jar:na]
	at org.restlet.routing.Filter.doHandle(Filter.java:150) ~[org.restlet.jar:na]
	at org.restlet.engine.application.StatusFilter.doHandle(StatusFilter.java:140) ~[org.restlet.jar:na]
	at org.restlet.routing.Filter.handle(Filter.java:197) ~[org.restlet.jar:na]
	at org.restlet.routing.Filter.doHandle(Filter.java:150) ~[org.restlet.jar:na]
	at org.restlet.routing.Filter.handle(Filter.java:197) ~[org.restlet.jar:na]
	at org.restlet.engine.CompositeHelper.handle(CompositeHelper.java:202) ~[org.restlet.jar:na]
	at org.restlet.Component.handle(Component.java:408) ~[org.restlet.jar:na]
	at org.restlet.Server.handle(Server.java:507) ~[org.restlet.jar:na]
	at org.restlet.engine.connector.ServerHelper.handle(ServerHelper.java:63) ~[org.restlet.jar:na]
	at org.restlet.engine.adapter.HttpServerHelper.handle(HttpServerHelper.java:143) ~[org.restlet.jar:na]
	at org.restlet.ext.jetty.JettyServerHelper$WrappedServer.handle(JettyServerHelper.java:273) ~[org.restlet.ext.jetty.jar:na]
	at org.eclipse.jetty.server.HttpChannel.handle(HttpChannel.java:310) ~[jetty-server-9.2.11.v20150529.jar:9.2.11.v20150529]
	at org.eclipse.jetty.server.HttpConnection.onFillable(HttpConnection.java:257) ~[jetty-server-9.2.11.v20150529.jar:9.2.11.v20150529]
	at org.eclipse.jetty.io.AbstractConnection$2.run(AbstractConnection.java:540) ~[jetty-io-9.2.11.v20150529.jar:9.2.11.v20150529]
	at org.eclipse.jetty.util.thread.QueuedThreadPool.runJob(QueuedThreadPool.java:635) ~[jetty-util-9.2.11.v20150529.jar:9.2.11.v20150529]
	at org.eclipse.jetty.util.thread.QueuedThreadPool$3.run(QueuedThreadPool.java:555) ~[jetty-util-9.2.11.v20150529.jar:9.2.11.v20150529]
	at java.lang.Thread.run(Unknown Source) ~[na:1.8.0_91]
ERROR io.skysail.server.db.OrientGraphDbService - null
java.lang.NullPointerException: null
	at io.skysail.server.db.OrientGraphDbService.documentToBean(OrientGraphDbService.java:180) [skysail.server.db-0.2.0.jar:na]
	at io.skysail.server.db.OrientGraphDbService.lambda$populateOutgoingEdges$24(OrientGraphDbService.java:215) [skysail.server.db-0.2.0.jar:na]
	at java.util.ArrayList.forEach(Unknown Source) ~[na:1.8.0_91]
	at io.skysail.server.db.OrientGraphDbService.populateOutgoingEdges(OrientGraphDbService.java:194) [skysail.server.db-0.2.0.jar:na]
	at io.skysail.server.db.OrientGraphDbService.documentToBean(OrientGraphDbService.java:183) [skysail.server.db-0.2.0.jar:na]
	at io.skysail.server.db.OrientGraphDbService.findById2(OrientGraphDbService.java:174) [skysail.server.db-0.2.0.jar:na]
	at io.skysail.server.db.GraphDbRepository.findOne(GraphDbRepository.java:72) ~[skysail.server.db-0.2.0.jar:na]
	at io.skysail.server.app.reference.one2many.resources.PutTodoListResource.getEntity(PutTodoListResource.java:30) ~[na:na]
	at io.skysail.server.app.reference.one2many.resources.PutTodoListResource.updateEntity(PutTodoListResource.java:22) ~[na:na]
	at io.skysail.server.app.reference.one2many.resources.PutTodoListResource.updateEntity(PutTodoListResource.java:1) ~[na:na]
	at io.skysail.server.restlet.filter.UpdateEntityFilter.doHandle(UpdateEntityFilter.java:18) ~[skysail.server.jar:na]
	at io.skysail.server.restlet.filter.UpdateEntityFilter.doHandle(UpdateEntityFilter.java:1) ~[skysail.server.jar:na]
	at io.skysail.server.restlet.filter.AbstractResourceFilter.handleMe(AbstractResourceFilter.java:99) ~[skysail.server.jar:na]
	at io.skysail.server.restlet.filter.AbstractResourceFilter.doHandle(AbstractResourceFilter.java:82) ~[skysail.server.jar:na]
	at io.skysail.server.restlet.filter.CheckBusinessViolationsFilter.doHandle(CheckBusinessViolationsFilter.java:59) ~[skysail.server.jar:na]
	at io.skysail.server.restlet.filter.AbstractResourceFilter.handleMe(AbstractResourceFilter.java:99) ~[skysail.server.jar:na]
	at io.skysail.server.restlet.filter.AbstractResourceFilter.doHandle(AbstractResourceFilter.java:82) ~[skysail.server.jar:na]
	at io.skysail.server.restlet.filter.FormDataExtractingFilter.doHandle(FormDataExtractingFilter.java:31) ~[skysail.server.jar:na]
	at io.skysail.server.restlet.filter.AbstractResourceFilter.handleMe(AbstractResourceFilter.java:99) ~[skysail.server.jar:na]
	at io.skysail.server.restlet.filter.AbstractResourceFilter.doHandle(AbstractResourceFilter.java:82) ~[skysail.server.jar:na]
	at io.skysail.server.restlet.filter.CheckInvalidInputFilter.doHandle(CheckInvalidInputFilter.java:48) ~[skysail.server.jar:na]
	at io.skysail.server.restlet.filter.AbstractResourceFilter.handleMe(AbstractResourceFilter.java:99) ~[skysail.server.jar:na]
	at io.skysail.server.restlet.filter.AbstractResourceFilter.doHandle(AbstractResourceFilter.java:82) ~[skysail.server.jar:na]
	at io.skysail.server.restlet.filter.AbstractResourceFilter.handleMe(AbstractResourceFilter.java:99) ~[skysail.server.jar:na]
	at io.skysail.server.restlet.filter.AbstractResourceFilter.doHandle(AbstractResourceFilter.java:82) ~[skysail.server.jar:na]
	at io.skysail.server.restlet.filter.ExceptionCatchingFilter.doHandle(ExceptionCatchingFilter.java:26) ~[skysail.server.jar:na]
	at io.skysail.server.restlet.filter.AbstractResourceFilter.handleMe(AbstractResourceFilter.java:99) ~[skysail.server.jar:na]
	at io.skysail.server.restlet.filter.AbstractResourceFilter.handle(AbstractResourceFilter.java:45) ~[skysail.server.jar:na]
	at io.skysail.server.restlet.resources.PutEntityServerResource.put(PutEntityServerResource.java:176) ~[skysail.server.jar:na]
	at sun.reflect.NativeMethodAccessorImpl.invoke0(Native Method) ~[na:1.8.0_91]
	at sun.reflect.NativeMethodAccessorImpl.invoke(Unknown Source) ~[na:1.8.0_91]
	at sun.reflect.DelegatingMethodAccessorImpl.invoke(Unknown Source) ~[na:1.8.0_91]
	at java.lang.reflect.Method.invoke(Unknown Source) ~[na:1.8.0_91]
	at org.restlet.resource.ServerResource.doHandle(ServerResource.java:520) ~[org.restlet.jar:na]
	at org.restlet.resource.ServerResource.put(ServerResource.java:1436) ~[org.restlet.jar:na]
	at org.restlet.resource.ServerResource.doHandle(ServerResource.java:609) ~[org.restlet.jar:na]
	at org.restlet.resource.ServerResource.doNegotiatedHandle(ServerResource.java:678) ~[org.restlet.jar:na]
	at org.restlet.resource.ServerResource.doConditionalHandle(ServerResource.java:356) ~[org.restlet.jar:na]
	at org.restlet.resource.ServerResource.handle(ServerResource.java:1043) ~[org.restlet.jar:na]
	at org.restlet.resource.Finder.handle(Finder.java:236) ~[org.restlet.jar:na]
	at org.restlet.routing.Filter.doHandle(Filter.java:150) ~[org.restlet.jar:na]
	at org.restlet.routing.Filter.handle(Filter.java:197) ~[org.restlet.jar:na]
	at org.restlet.routing.Filter.doHandle(Filter.java:150) ~[org.restlet.jar:na]
	at org.restlet.routing.Filter.handle(Filter.java:197) ~[org.restlet.jar:na]
	at org.restlet.routing.Filter.doHandle(Filter.java:150) ~[org.restlet.jar:na]
	at org.restlet.routing.Filter.handle(Filter.java:197) ~[org.restlet.jar:na]
	at org.restlet.routing.Router.doHandle(Router.java:422) ~[org.restlet.jar:na]
	at org.restlet.routing.Router.handle(Router.java:639) ~[org.restlet.jar:na]
	at org.restlet.routing.Filter.doHandle(Filter.java:150) ~[org.restlet.jar:na]
	at org.restlet.routing.Filter.handle(Filter.java:197) ~[org.restlet.jar:na]
	at org.restlet.routing.Filter.doHandle(Filter.java:150) ~[org.restlet.jar:na]
	at org.restlet.routing.Filter.handle(Filter.java:197) ~[org.restlet.jar:na]
	at org.restlet.routing.Filter.doHandle(Filter.java:150) ~[org.restlet.jar:na]
	at org.restlet.routing.Filter.handle(Filter.java:197) ~[org.restlet.jar:na]
	at org.restlet.routing.Filter.doHandle(Filter.java:150) ~[org.restlet.jar:na]
	at org.restlet.routing.Filter.handle(Filter.java:197) ~[org.restlet.jar:na]
	at org.restlet.routing.Filter.doHandle(Filter.java:150) ~[org.restlet.jar:na]
	at org.restlet.routing.Filter.handle(Filter.java:197) ~[org.restlet.jar:na]
	at org.restlet.routing.Filter.doHandle(Filter.java:150) ~[org.restlet.jar:na]
	at org.restlet.engine.application.StatusFilter.doHandle(StatusFilter.java:140) ~[org.restlet.jar:na]
	at org.restlet.routing.Filter.handle(Filter.java:197) ~[org.restlet.jar:na]
	at org.restlet.routing.Filter.doHandle(Filter.java:150) ~[org.restlet.jar:na]
	at org.restlet.routing.Filter.handle(Filter.java:197) ~[org.restlet.jar:na]
	at org.restlet.engine.CompositeHelper.handle(CompositeHelper.java:202) ~[org.restlet.jar:na]
	at org.restlet.engine.application.ApplicationHelper.handle(ApplicationHelper.java:75) ~[org.restlet.jar:na]
	at org.restlet.Application.handle(Application.java:385) ~[org.restlet.jar:na]
	at org.restlet.routing.Filter.doHandle(Filter.java:150) ~[org.restlet.jar:na]
	at org.restlet.routing.Filter.handle(Filter.java:197) ~[org.restlet.jar:na]
	at org.restlet.routing.Router.doHandle(Router.java:422) ~[org.restlet.jar:na]
	at org.restlet.routing.Router.handle(Router.java:639) ~[org.restlet.jar:na]
	at org.restlet.routing.Filter.doHandle(Filter.java:150) ~[org.restlet.jar:na]
	at org.restlet.routing.Filter.handle(Filter.java:197) ~[org.restlet.jar:na]
	at org.restlet.routing.Router.doHandle(Router.java:422) ~[org.restlet.jar:na]
	at org.restlet.routing.Router.handle(Router.java:639) ~[org.restlet.jar:na]
	at org.restlet.routing.Filter.doHandle(Filter.java:150) ~[org.restlet.jar:na]
	at org.restlet.engine.application.StatusFilter.doHandle(StatusFilter.java:140) ~[org.restlet.jar:na]
	at org.restlet.routing.Filter.handle(Filter.java:197) ~[org.restlet.jar:na]
	at org.restlet.routing.Filter.doHandle(Filter.java:150) ~[org.restlet.jar:na]
	at org.restlet.routing.Filter.handle(Filter.java:197) ~[org.restlet.jar:na]
	at org.restlet.engine.CompositeHelper.handle(CompositeHelper.java:202) ~[org.restlet.jar:na]
	at org.restlet.Component.handle(Component.java:408) ~[org.restlet.jar:na]
	at org.restlet.Server.handle(Server.java:507) ~[org.restlet.jar:na]
	at org.restlet.engine.connector.ServerHelper.handle(ServerHelper.java:63) ~[org.restlet.jar:na]
	at org.restlet.engine.adapter.HttpServerHelper.handle(HttpServerHelper.java:143) ~[org.restlet.jar:na]
	at org.restlet.ext.jetty.JettyServerHelper$WrappedServer.handle(JettyServerHelper.java:273) ~[org.restlet.ext.jetty.jar:na]
	at org.eclipse.jetty.server.HttpChannel.handle(HttpChannel.java:310) ~[jetty-server-9.2.11.v20150529.jar:9.2.11.v20150529]
	at org.eclipse.jetty.server.HttpConnection.onFillable(HttpConnection.java:257) ~[jetty-server-9.2.11.v20150529.jar:9.2.11.v20150529]
	at org.eclipse.jetty.io.AbstractConnection$2.run(AbstractConnection.java:540) ~[jetty-io-9.2.11.v20150529.jar:9.2.11.v20150529]
	at org.eclipse.jetty.util.thread.QueuedThreadPool.runJob(QueuedThreadPool.java:635) ~[jetty-util-9.2.11.v20150529.jar:9.2.11.v20150529]
	at org.eclipse.jetty.util.thread.QueuedThreadPool$3.run(QueuedThreadPool.java:555) ~[jetty-util-9.2.11.v20150529.jar:9.2.11.v20150529]
	at java.lang.Thread.run(Unknown Source) ~[na:1.8.0_91]
ERROR io.skysail.server.db.OrientGraphDbService - null
java.lang.NullPointerException: null
	at io.skysail.server.db.OrientGraphDbService.documentToBean(OrientGraphDbService.java:180) [skysail.server.db-0.2.0.jar:na]
	at io.skysail.server.db.OrientGraphDbService.lambda$populateOutgoingEdges$24(OrientGraphDbService.java:215) [skysail.server.db-0.2.0.jar:na]
	at java.util.ArrayList.forEach(Unknown Source) ~[na:1.8.0_91]
	at io.skysail.server.db.OrientGraphDbService.populateOutgoingEdges(OrientGraphDbService.java:194) [skysail.server.db-0.2.0.jar:na]
	at io.skysail.server.db.OrientGraphDbService.documentToBean(OrientGraphDbService.java:183) [skysail.server.db-0.2.0.jar:na]
	at io.skysail.server.db.OrientGraphDbService.findById2(OrientGraphDbService.java:174) [skysail.server.db-0.2.0.jar:na]
	at io.skysail.server.db.GraphDbRepository.findOne(GraphDbRepository.java:72) ~[skysail.server.db-0.2.0.jar:na]
	at io.skysail.server.app.reference.one2many.resources.PutTodoListResource.getEntity(PutTodoListResource.java:30) ~[na:na]
	at io.skysail.server.app.reference.one2many.resources.PutTodoListResource.getEntity(PutTodoListResource.java:1) ~[na:na]
	at io.skysail.server.model.FieldsFactory.getFactory(FieldsFactory.java:11) ~[skysail.server.jar:na]
	at io.skysail.server.utils.FormfieldUtils.determineFormfields(FormfieldUtils.java:13) ~[skysail.server.jar:na]
	at io.skysail.server.utils.SkysailBeanUtils.copyProperties(SkysailBeanUtils.java:24) ~[skysail.server.jar:na]
	at io.skysail.server.restlet.resources.SkysailServerResource.copyProperties(SkysailServerResource.java:374) ~[skysail.server.jar:na]
	at io.skysail.server.app.reference.one2many.resources.PutTodoListResource.updateEntity(PutTodoListResource.java:23) ~[na:na]
	at io.skysail.server.app.reference.one2many.resources.PutTodoListResource.updateEntity(PutTodoListResource.java:1) ~[na:na]
	at io.skysail.server.restlet.filter.UpdateEntityFilter.doHandle(UpdateEntityFilter.java:18) ~[skysail.server.jar:na]
	at io.skysail.server.restlet.filter.UpdateEntityFilter.doHandle(UpdateEntityFilter.java:1) ~[skysail.server.jar:na]
	at io.skysail.server.restlet.filter.AbstractResourceFilter.handleMe(AbstractResourceFilter.java:99) ~[skysail.server.jar:na]
	at io.skysail.server.restlet.filter.AbstractResourceFilter.doHandle(AbstractResourceFilter.java:82) ~[skysail.server.jar:na]
	at io.skysail.server.restlet.filter.CheckBusinessViolationsFilter.doHandle(CheckBusinessViolationsFilter.java:59) ~[skysail.server.jar:na]
	at io.skysail.server.restlet.filter.AbstractResourceFilter.handleMe(AbstractResourceFilter.java:99) ~[skysail.server.jar:na]
	at io.skysail.server.restlet.filter.AbstractResourceFilter.doHandle(AbstractResourceFilter.java:82) ~[skysail.server.jar:na]
	at io.skysail.server.restlet.filter.FormDataExtractingFilter.doHandle(FormDataExtractingFilter.java:31) ~[skysail.server.jar:na]
	at io.skysail.server.restlet.filter.AbstractResourceFilter.handleMe(AbstractResourceFilter.java:99) ~[skysail.server.jar:na]
	at io.skysail.server.restlet.filter.AbstractResourceFilter.doHandle(AbstractResourceFilter.java:82) ~[skysail.server.jar:na]
	at io.skysail.server.restlet.filter.CheckInvalidInputFilter.doHandle(CheckInvalidInputFilter.java:48) ~[skysail.server.jar:na]
	at io.skysail.server.restlet.filter.AbstractResourceFilter.handleMe(AbstractResourceFilter.java:99) ~[skysail.server.jar:na]
	at io.skysail.server.restlet.filter.AbstractResourceFilter.doHandle(AbstractResourceFilter.java:82) ~[skysail.server.jar:na]
	at io.skysail.server.restlet.filter.AbstractResourceFilter.handleMe(AbstractResourceFilter.java:99) ~[skysail.server.jar:na]
	at io.skysail.server.restlet.filter.AbstractResourceFilter.doHandle(AbstractResourceFilter.java:82) ~[skysail.server.jar:na]
	at io.skysail.server.restlet.filter.ExceptionCatchingFilter.doHandle(ExceptionCatchingFilter.java:26) ~[skysail.server.jar:na]
	at io.skysail.server.restlet.filter.AbstractResourceFilter.handleMe(AbstractResourceFilter.java:99) ~[skysail.server.jar:na]
	at io.skysail.server.restlet.filter.AbstractResourceFilter.handle(AbstractResourceFilter.java:45) ~[skysail.server.jar:na]
	at io.skysail.server.restlet.resources.PutEntityServerResource.put(PutEntityServerResource.java:176) ~[skysail.server.jar:na]
	at sun.reflect.NativeMethodAccessorImpl.invoke0(Native Method) ~[na:1.8.0_91]
	at sun.reflect.NativeMethodAccessorImpl.invoke(Unknown Source) ~[na:1.8.0_91]
	at sun.reflect.DelegatingMethodAccessorImpl.invoke(Unknown Source) ~[na:1.8.0_91]
	at java.lang.reflect.Method.invoke(Unknown Source) ~[na:1.8.0_91]
	at org.restlet.resource.ServerResource.doHandle(ServerResource.java:520) ~[org.restlet.jar:na]
	at org.restlet.resource.ServerResource.put(ServerResource.java:1436) ~[org.restlet.jar:na]
	at org.restlet.resource.ServerResource.doHandle(ServerResource.java:609) ~[org.restlet.jar:na]
	at org.restlet.resource.ServerResource.doNegotiatedHandle(ServerResource.java:678) ~[org.restlet.jar:na]
	at org.restlet.resource.ServerResource.doConditionalHandle(ServerResource.java:356) ~[org.restlet.jar:na]
	at org.restlet.resource.ServerResource.handle(ServerResource.java:1043) ~[org.restlet.jar:na]
	at org.restlet.resource.Finder.handle(Finder.java:236) ~[org.restlet.jar:na]
	at org.restlet.routing.Filter.doHandle(Filter.java:150) ~[org.restlet.jar:na]
	at org.restlet.routing.Filter.handle(Filter.java:197) ~[org.restlet.jar:na]
	at org.restlet.routing.Filter.doHandle(Filter.java:150) ~[org.restlet.jar:na]
	at org.restlet.routing.Filter.handle(Filter.java:197) ~[org.restlet.jar:na]
	at org.restlet.routing.Filter.doHandle(Filter.java:150) ~[org.restlet.jar:na]
	at org.restlet.routing.Filter.handle(Filter.java:197) ~[org.restlet.jar:na]
	at org.restlet.routing.Router.doHandle(Router.java:422) ~[org.restlet.jar:na]
	at org.restlet.routing.Router.handle(Router.java:639) ~[org.restlet.jar:na]
	at org.restlet.routing.Filter.doHandle(Filter.java:150) ~[org.restlet.jar:na]
	at org.restlet.routing.Filter.handle(Filter.java:197) ~[org.restlet.jar:na]
	at org.restlet.routing.Filter.doHandle(Filter.java:150) ~[org.restlet.jar:na]
	at org.restlet.routing.Filter.handle(Filter.java:197) ~[org.restlet.jar:na]
	at org.restlet.routing.Filter.doHandle(Filter.java:150) ~[org.restlet.jar:na]
	at org.restlet.routing.Filter.handle(Filter.java:197) ~[org.restlet.jar:na]
	at org.restlet.routing.Filter.doHandle(Filter.java:150) ~[org.restlet.jar:na]
	at org.restlet.routing.Filter.handle(Filter.java:197) ~[org.restlet.jar:na]
	at org.restlet.routing.Filter.doHandle(Filter.java:150) ~[org.restlet.jar:na]
	at org.restlet.routing.Filter.handle(Filter.java:197) ~[org.restlet.jar:na]
	at org.restlet.routing.Filter.doHandle(Filter.java:150) ~[org.restlet.jar:na]
	at org.restlet.engine.application.StatusFilter.doHandle(StatusFilter.java:140) ~[org.restlet.jar:na]
	at org.restlet.routing.Filter.handle(Filter.java:197) ~[org.restlet.jar:na]
	at org.restlet.routing.Filter.doHandle(Filter.java:150) ~[org.restlet.jar:na]
	at org.restlet.routing.Filter.handle(Filter.java:197) ~[org.restlet.jar:na]
	at org.restlet.engine.CompositeHelper.handle(CompositeHelper.java:202) ~[org.restlet.jar:na]
	at org.restlet.engine.application.ApplicationHelper.handle(ApplicationHelper.java:75) ~[org.restlet.jar:na]
	at org.restlet.Application.handle(Application.java:385) ~[org.restlet.jar:na]
	at org.restlet.routing.Filter.doHandle(Filter.java:150) ~[org.restlet.jar:na]
	at org.restlet.routing.Filter.handle(Filter.java:197) ~[org.restlet.jar:na]
	at org.restlet.routing.Router.doHandle(Router.java:422) ~[org.restlet.jar:na]
	at org.restlet.routing.Router.handle(Router.java:639) ~[org.restlet.jar:na]
	at org.restlet.routing.Filter.doHandle(Filter.java:150) ~[org.restlet.jar:na]
	at org.restlet.routing.Filter.handle(Filter.java:197) ~[org.restlet.jar:na]
	at org.restlet.routing.Router.doHandle(Router.java:422) ~[org.restlet.jar:na]
	at org.restlet.routing.Router.handle(Router.java:639) ~[org.restlet.jar:na]
	at org.restlet.routing.Filter.doHandle(Filter.java:150) ~[org.restlet.jar:na]
	at org.restlet.engine.application.StatusFilter.doHandle(StatusFilter.java:140) ~[org.restlet.jar:na]
	at org.restlet.routing.Filter.handle(Filter.java:197) ~[org.restlet.jar:na]
	at org.restlet.routing.Filter.doHandle(Filter.java:150) ~[org.restlet.jar:na]
	at org.restlet.routing.Filter.handle(Filter.java:197) ~[org.restlet.jar:na]
	at org.restlet.engine.CompositeHelper.handle(CompositeHelper.java:202) ~[org.restlet.jar:na]
	at org.restlet.Component.handle(Component.java:408) ~[org.restlet.jar:na]
	at org.restlet.Server.handle(Server.java:507) ~[org.restlet.jar:na]
	at org.restlet.engine.connector.ServerHelper.handle(ServerHelper.java:63) ~[org.restlet.jar:na]
	at org.restlet.engine.adapter.HttpServerHelper.handle(HttpServerHelper.java:143) ~[org.restlet.jar:na]
	at org.restlet.ext.jetty.JettyServerHelper$WrappedServer.handle(JettyServerHelper.java:273) ~[org.restlet.ext.jetty.jar:na]
	at org.eclipse.jetty.server.HttpChannel.handle(HttpChannel.java:310) ~[jetty-server-9.2.11.v20150529.jar:9.2.11.v20150529]
	at org.eclipse.jetty.server.HttpConnection.onFillable(HttpConnection.java:257) ~[jetty-server-9.2.11.v20150529.jar:9.2.11.v20150529]
	at org.eclipse.jetty.io.AbstractConnection$2.run(AbstractConnection.java:540) ~[jetty-io-9.2.11.v20150529.jar:9.2.11.v20150529]
	at org.eclipse.jetty.util.thread.QueuedThreadPool.runJob(QueuedThreadPool.java:635) ~[jetty-util-9.2.11.v20150529.jar:9.2.11.v20150529]
	at org.eclipse.jetty.util.thread.QueuedThreadPool$3.run(QueuedThreadPool.java:555) ~[jetty-util-9.2.11.v20150529.jar:9.2.11.v20150529]
	at java.lang.Thread.run(Unknown Source) ~[na:1.8.0_91]
ERROR io.skysail.server.db.impl.Persister - null
java.lang.NullPointerException: null
	at io.skysail.server.db.impl.EdgeHandler.handleEdges(EdgeHandler.java:42) ~[na:na]
	at io.skysail.server.db.impl.Persister.lambda$setPropertyOrCreateEdge$15(Persister.java:73) ~[na:na]
	at java.util.Iterator.forEachRemaining(Unknown Source) ~[na:1.8.0_91]
	at java.util.Spliterators$IteratorSpliterator.forEachRemaining(Unknown Source) ~[na:1.8.0_91]
	at java.util.stream.ReferencePipeline$Head.forEach(Unknown Source) ~[na:1.8.0_91]
	at io.skysail.server.db.impl.Persister.execute(Persister.java:50) ~[na:na]
	at io.skysail.server.db.impl.Persister.runInTransaction(Persister.java:117) ~[na:na]
	at io.skysail.server.db.impl.Persister.persist(Persister.java:41) ~[na:na]
	at io.skysail.server.db.OrientGraphDbService.update(OrientGraphDbService.java:110) ~[na:na]
	at io.skysail.server.db.OrientGraphDbService.update(OrientGraphDbService.java:61) ~[na:na]
	at io.skysail.server.db.GraphDbRepository.update(GraphDbRepository.java:55) ~[na:na]
	at io.skysail.server.app.reference.one2many.resources.PutTodoListResource.updateEntity(PutTodoListResource.java:25) ~[na:na]
	at io.skysail.server.app.reference.one2many.resources.PutTodoListResource.updateEntity(PutTodoListResource.java:1) ~[na:na]
	at io.skysail.server.restlet.filter.UpdateEntityFilter.doHandle(UpdateEntityFilter.java:18) ~[na:na]
	at io.skysail.server.restlet.filter.UpdateEntityFilter.doHandle(UpdateEntityFilter.java:1) ~[na:na]
	at io.skysail.server.restlet.filter.AbstractResourceFilter.handleMe(AbstractResourceFilter.java:99) ~[na:na]
	at io.skysail.server.restlet.filter.AbstractResourceFilter.doHandle(AbstractResourceFilter.java:82) ~[na:na]
	at io.skysail.server.restlet.filter.CheckBusinessViolationsFilter.doHandle(CheckBusinessViolationsFilter.java:59) ~[na:na]
	at io.skysail.server.restlet.filter.AbstractResourceFilter.handleMe(AbstractResourceFilter.java:99) ~[na:na]
	at io.skysail.server.restlet.filter.AbstractResourceFilter.doHandle(AbstractResourceFilter.java:82) ~[na:na]
	at io.skysail.server.restlet.filter.FormDataExtractingFilter.doHandle(FormDataExtractingFilter.java:31) ~[na:na]
	at io.skysail.server.restlet.filter.AbstractResourceFilter.handleMe(AbstractResourceFilter.java:99) ~[na:na]
	at io.skysail.server.restlet.filter.AbstractResourceFilter.doHandle(AbstractResourceFilter.java:82) ~[na:na]
	at io.skysail.server.restlet.filter.CheckInvalidInputFilter.doHandle(CheckInvalidInputFilter.java:48) ~[na:na]
	at io.skysail.server.restlet.filter.AbstractResourceFilter.handleMe(AbstractResourceFilter.java:99) ~[na:na]
	at io.skysail.server.restlet.filter.AbstractResourceFilter.doHandle(AbstractResourceFilter.java:82) ~[na:na]
	at io.skysail.server.restlet.filter.AbstractResourceFilter.handleMe(AbstractResourceFilter.java:99) ~[na:na]
	at io.skysail.server.restlet.filter.AbstractResourceFilter.doHandle(AbstractResourceFilter.java:82) ~[na:na]
	at io.skysail.server.restlet.filter.ExceptionCatchingFilter.doHandle(ExceptionCatchingFilter.java:26) ~[na:na]
	at io.skysail.server.restlet.filter.AbstractResourceFilter.handleMe(AbstractResourceFilter.java:99) ~[na:na]
	at io.skysail.server.restlet.filter.AbstractResourceFilter.handle(AbstractResourceFilter.java:45) ~[na:na]
	at io.skysail.server.restlet.resources.PutEntityServerResource.put(PutEntityServerResource.java:176) ~[na:na]
	at sun.reflect.NativeMethodAccessorImpl.invoke0(Native Method) ~[na:1.8.0_91]
	at sun.reflect.NativeMethodAccessorImpl.invoke(Unknown Source) ~[na:1.8.0_91]
	at sun.reflect.DelegatingMethodAccessorImpl.invoke(Unknown Source) ~[na:1.8.0_91]
	at java.lang.reflect.Method.invoke(Unknown Source) ~[na:1.8.0_91]
	at org.restlet.resource.ServerResource.doHandle(ServerResource.java:520) ~[na:na]
	at org.restlet.resource.ServerResource.put(ServerResource.java:1436) ~[na:na]
	at org.restlet.resource.ServerResource.doHandle(ServerResource.java:609) ~[na:na]
	at org.restlet.resource.ServerResource.doNegotiatedHandle(ServerResource.java:678) ~[na:na]
	at org.restlet.resource.ServerResource.doConditionalHandle(ServerResource.java:356) ~[na:na]
	at org.restlet.resource.ServerResource.handle(ServerResource.java:1043) ~[na:na]
	at org.restlet.resource.Finder.handle(Finder.java:236) ~[na:na]
	at org.restlet.routing.Filter.doHandle(Filter.java:150) ~[na:na]
	at org.restlet.routing.Filter.handle(Filter.java:197) ~[na:na]
	at org.restlet.routing.Filter.doHandle(Filter.java:150) ~[na:na]
	at org.restlet.routing.Filter.handle(Filter.java:197) ~[na:na]
	at org.restlet.routing.Filter.doHandle(Filter.java:150) ~[na:na]
	at org.restlet.routing.Filter.handle(Filter.java:197) ~[na:na]
	at org.restlet.routing.Router.doHandle(Router.java:422) ~[na:na]
	at org.restlet.routing.Router.handle(Router.java:639) ~[na:na]
	at org.restlet.routing.Filter.doHandle(Filter.java:150) ~[na:na]
	at org.restlet.routing.Filter.handle(Filter.java:197) ~[na:na]
	at org.restlet.routing.Filter.doHandle(Filter.java:150) ~[na:na]
	at org.restlet.routing.Filter.handle(Filter.java:197) ~[na:na]
	at org.restlet.routing.Filter.doHandle(Filter.java:150) ~[na:na]
	at org.restlet.routing.Filter.handle(Filter.java:197) ~[na:na]
	at org.restlet.routing.Filter.doHandle(Filter.java:150) ~[na:na]
	at org.restlet.routing.Filter.handle(Filter.java:197) ~[na:na]
	at org.restlet.routing.Filter.doHandle(Filter.java:150) ~[na:na]
	at org.restlet.routing.Filter.handle(Filter.java:197) ~[na:na]
	at org.restlet.routing.Filter.doHandle(Filter.java:150) ~[na:na]
	at org.restlet.engine.application.StatusFilter.doHandle(StatusFilter.java:140) ~[na:na]
	at org.restlet.routing.Filter.handle(Filter.java:197) ~[na:na]
	at org.restlet.routing.Filter.doHandle(Filter.java:150) ~[na:na]
	at org.restlet.routing.Filter.handle(Filter.java:197) ~[na:na]
	at org.restlet.engine.CompositeHelper.handle(CompositeHelper.java:202) ~[na:na]
	at org.restlet.engine.application.ApplicationHelper.handle(ApplicationHelper.java:75) ~[na:na]
	at org.restlet.Application.handle(Application.java:385) ~[na:na]
	at org.restlet.routing.Filter.doHandle(Filter.java:150) ~[na:na]
	at org.restlet.routing.Filter.handle(Filter.java:197) ~[na:na]
	at org.restlet.routing.Router.doHandle(Router.java:422) ~[na:na]
	at org.restlet.routing.Router.handle(Router.java:639) ~[na:na]
	at org.restlet.routing.Filter.doHandle(Filter.java:150) ~[na:na]
	at org.restlet.routing.Filter.handle(Filter.java:197) ~[na:na]
	at org.restlet.routing.Router.doHandle(Router.java:422) ~[na:na]
	at org.restlet.routing.Router.handle(Router.java:639) ~[na:na]
	at org.restlet.routing.Filter.doHandle(Filter.java:150) ~[na:na]
	at org.restlet.engine.application.StatusFilter.doHandle(StatusFilter.java:140) ~[na:na]
	at org.restlet.routing.Filter.handle(Filter.java:197) ~[na:na]
	at org.restlet.routing.Filter.doHandle(Filter.java:150) ~[na:na]
	at org.restlet.routing.Filter.handle(Filter.java:197) ~[na:na]
	at org.restlet.engine.CompositeHelper.handle(CompositeHelper.java:202) ~[na:na]
	at org.restlet.Component.handle(Component.java:408) ~[na:na]
	at org.restlet.Server.handle(Server.java:507) ~[na:na]
	at org.restlet.engine.connector.ServerHelper.handle(ServerHelper.java:63) ~[na:na]
	at org.restlet.engine.adapter.HttpServerHelper.handle(HttpServerHelper.java:143) ~[na:na]
	at org.restlet.ext.jetty.JettyServerHelper$WrappedServer.handle(JettyServerHelper.java:273) ~[na:na]
	at org.eclipse.jetty.server.HttpChannel.handle(HttpChannel.java:310) ~[na:na]
	at org.eclipse.jetty.server.HttpConnection.onFillable(HttpConnection.java:257) ~[na:na]
	at org.eclipse.jetty.io.AbstractConnection$2.run(AbstractConnection.java:540) ~[na:na]
	at org.eclipse.jetty.util.thread.QueuedThreadPool.runJob(QueuedThreadPool.java:635) ~[na:na]
	at org.eclipse.jetty.util.thread.QueuedThreadPool$3.run(QueuedThreadPool.java:555) ~[na:na]
	at java.lang.Thread.run(Unknown Source) ~[na:1.8.0_91]
ERROR io.skysail.server.db.OrientGraphDbService - null
java.lang.NullPointerException: null
	at io.skysail.server.db.OrientGraphDbService.documentToBean(OrientGraphDbService.java:180) [skysail.server.db-0.2.0.jar:na]
	at io.skysail.server.db.OrientGraphDbService.lambda$populateOutgoingEdges$24(OrientGraphDbService.java:215) [skysail.server.db-0.2.0.jar:na]
	at java.util.ArrayList.forEach(Unknown Source) ~[na:1.8.0_91]
	at io.skysail.server.db.OrientGraphDbService.populateOutgoingEdges(OrientGraphDbService.java:194) [skysail.server.db-0.2.0.jar:na]
	at io.skysail.server.db.OrientGraphDbService.documentToBean(OrientGraphDbService.java:183) [skysail.server.db-0.2.0.jar:na]
	at io.skysail.server.db.OrientGraphDbService.findGraphs(OrientGraphDbService.java:161) [skysail.server.db-0.2.0.jar:na]
	at io.skysail.server.db.GraphDbRepository.find(GraphDbRepository.java:97) ~[skysail.server.db-0.2.0.jar:na]
	at io.skysail.server.app.reference.one2many.resources.TodoListsResource.getEntity(TodoListsResource.java:32) ~[na:na]
	at io.skysail.server.app.reference.one2many.resources.TodoListsResource.getEntity(TodoListsResource.java:1) ~[na:na]
	at io.skysail.server.restlet.resources.SkysailServerResource.getEntity(SkysailServerResource.java:131) ~[skysail.server.jar:na]
	at io.skysail.server.restlet.filter.DataExtractingFilter.doHandle(DataExtractingFilter.java:21) ~[skysail.server.jar:na]
	at io.skysail.server.restlet.filter.AbstractResourceFilter.handleMe(AbstractResourceFilter.java:99) ~[skysail.server.jar:na]
	at io.skysail.server.restlet.filter.AbstractResourceFilter.doHandle(AbstractResourceFilter.java:82) ~[skysail.server.jar:na]
	at io.skysail.server.restlet.filter.AbstractResourceFilter.handleMe(AbstractResourceFilter.java:99) ~[skysail.server.jar:na]
	at io.skysail.server.restlet.filter.AbstractResourceFilter.doHandle(AbstractResourceFilter.java:82) ~[skysail.server.jar:na]
	at io.skysail.server.restlet.filter.ExceptionCatchingFilter.doHandle(ExceptionCatchingFilter.java:26) ~[skysail.server.jar:na]
	at io.skysail.server.restlet.filter.AbstractResourceFilter.handleMe(AbstractResourceFilter.java:99) ~[skysail.server.jar:na]
	at io.skysail.server.restlet.filter.AbstractResourceFilter.handleList(AbstractResourceFilter.java:51) ~[skysail.server.jar:na]
	at io.skysail.server.restlet.resources.ListServerResource.listEntities(ListServerResource.java:142) ~[skysail.server.jar:na]
	at io.skysail.server.restlet.resources.ListServerResource.getEntities(ListServerResource.java:130) ~[skysail.server.jar:na]
	at sun.reflect.NativeMethodAccessorImpl.invoke0(Native Method) ~[na:1.8.0_91]
	at sun.reflect.NativeMethodAccessorImpl.invoke(Unknown Source) ~[na:1.8.0_91]
	at sun.reflect.DelegatingMethodAccessorImpl.invoke(Unknown Source) ~[na:1.8.0_91]
	at java.lang.reflect.Method.invoke(Unknown Source) ~[na:1.8.0_91]
	at org.restlet.resource.ServerResource.doHandle(ServerResource.java:520) ~[org.restlet.jar:na]
	at org.restlet.resource.ServerResource.get(ServerResource.java:742) ~[org.restlet.jar:na]
	at org.restlet.resource.ServerResource.doHandle(ServerResource.java:617) ~[org.restlet.jar:na]
	at org.restlet.resource.ServerResource.doNegotiatedHandle(ServerResource.java:678) ~[org.restlet.jar:na]
	at org.restlet.resource.ServerResource.doConditionalHandle(ServerResource.java:356) ~[org.restlet.jar:na]
	at org.restlet.resource.ServerResource.handle(ServerResource.java:1043) ~[org.restlet.jar:na]
	at org.restlet.resource.Finder.handle(Finder.java:236) ~[org.restlet.jar:na]
	at org.restlet.routing.Filter.doHandle(Filter.java:150) ~[org.restlet.jar:na]
	at org.restlet.routing.Filter.handle(Filter.java:197) ~[org.restlet.jar:na]
	at org.restlet.routing.Filter.doHandle(Filter.java:150) ~[org.restlet.jar:na]
	at org.restlet.routing.Filter.handle(Filter.java:197) ~[org.restlet.jar:na]
	at org.restlet.routing.Filter.doHandle(Filter.java:150) ~[org.restlet.jar:na]
	at org.restlet.routing.Filter.handle(Filter.java:197) ~[org.restlet.jar:na]
	at org.restlet.routing.Router.doHandle(Router.java:422) ~[org.restlet.jar:na]
	at org.restlet.routing.Router.handle(Router.java:639) ~[org.restlet.jar:na]
	at org.restlet.routing.Filter.doHandle(Filter.java:150) ~[org.restlet.jar:na]
	at org.restlet.routing.Filter.handle(Filter.java:197) ~[org.restlet.jar:na]
	at org.restlet.routing.Filter.doHandle(Filter.java:150) ~[org.restlet.jar:na]
	at org.restlet.routing.Filter.handle(Filter.java:197) ~[org.restlet.jar:na]
	at org.restlet.routing.Filter.doHandle(Filter.java:150) ~[org.restlet.jar:na]
	at org.restlet.routing.Filter.handle(Filter.java:197) ~[org.restlet.jar:na]
	at org.restlet.routing.Filter.doHandle(Filter.java:150) ~[org.restlet.jar:na]
	at org.restlet.routing.Filter.handle(Filter.java:197) ~[org.restlet.jar:na]
	at org.restlet.routing.Filter.doHandle(Filter.java:150) ~[org.restlet.jar:na]
	at org.restlet.routing.Filter.handle(Filter.java:197) ~[org.restlet.jar:na]
	at org.restlet.routing.Filter.doHandle(Filter.java:150) ~[org.restlet.jar:na]
	at org.restlet.engine.application.StatusFilter.doHandle(StatusFilter.java:140) ~[org.restlet.jar:na]
	at org.restlet.routing.Filter.handle(Filter.java:197) ~[org.restlet.jar:na]
	at org.restlet.routing.Filter.doHandle(Filter.java:150) ~[org.restlet.jar:na]
	at org.restlet.routing.Filter.handle(Filter.java:197) ~[org.restlet.jar:na]
	at org.restlet.engine.CompositeHelper.handle(CompositeHelper.java:202) ~[org.restlet.jar:na]
	at org.restlet.engine.application.ApplicationHelper.handle(ApplicationHelper.java:75) ~[org.restlet.jar:na]
	at org.restlet.Application.handle(Application.java:385) ~[org.restlet.jar:na]
	at org.restlet.routing.Filter.doHandle(Filter.java:150) ~[org.restlet.jar:na]
	at org.restlet.routing.Filter.handle(Filter.java:197) ~[org.restlet.jar:na]
	at org.restlet.routing.Router.doHandle(Router.java:422) ~[org.restlet.jar:na]
	at org.restlet.routing.Router.handle(Router.java:639) ~[org.restlet.jar:na]
	at org.restlet.routing.Filter.doHandle(Filter.java:150) ~[org.restlet.jar:na]
	at org.restlet.routing.Filter.handle(Filter.java:197) ~[org.restlet.jar:na]
	at org.restlet.routing.Router.doHandle(Router.java:422) ~[org.restlet.jar:na]
	at org.restlet.routing.Router.handle(Router.java:639) ~[org.restlet.jar:na]
	at org.restlet.routing.Filter.doHandle(Filter.java:150) ~[org.restlet.jar:na]
	at org.restlet.engine.application.StatusFilter.doHandle(StatusFilter.java:140) ~[org.restlet.jar:na]
	at org.restlet.routing.Filter.handle(Filter.java:197) ~[org.restlet.jar:na]
	at org.restlet.routing.Filter.doHandle(Filter.java:150) ~[org.restlet.jar:na]
	at org.restlet.routing.Filter.handle(Filter.java:197) ~[org.restlet.jar:na]
	at org.restlet.engine.CompositeHelper.handle(CompositeHelper.java:202) ~[org.restlet.jar:na]
	at org.restlet.Component.handle(Component.java:408) ~[org.restlet.jar:na]
	at org.restlet.Server.handle(Server.java:507) ~[org.restlet.jar:na]
	at org.restlet.engine.connector.ServerHelper.handle(ServerHelper.java:63) ~[org.restlet.jar:na]
	at org.restlet.engine.adapter.HttpServerHelper.handle(HttpServerHelper.java:143) ~[org.restlet.jar:na]
	at org.restlet.ext.jetty.JettyServerHelper$WrappedServer.handle(JettyServerHelper.java:273) ~[org.restlet.ext.jetty.jar:na]
	at org.eclipse.jetty.server.HttpChannel.handle(HttpChannel.java:310) ~[jetty-server-9.2.11.v20150529.jar:9.2.11.v20150529]
	at org.eclipse.jetty.server.HttpConnection.onFillable(HttpConnection.java:257) ~[jetty-server-9.2.11.v20150529.jar:9.2.11.v20150529]
	at org.eclipse.jetty.io.AbstractConnection$2.run(AbstractConnection.java:540) ~[jetty-io-9.2.11.v20150529.jar:9.2.11.v20150529]
	at org.eclipse.jetty.util.thread.QueuedThreadPool.runJob(QueuedThreadPool.java:635) ~[jetty-util-9.2.11.v20150529.jar:9.2.11.v20150529]
	at org.eclipse.jetty.util.thread.QueuedThreadPool$3.run(QueuedThreadPool.java:555) ~[jetty-util-9.2.11.v20150529.jar:9.2.11.v20150529]
	at java.lang.Thread.run(Unknown Source) ~[na:1.8.0_91]
