#
# A fatal error has been detected by the Java Runtime Environment:
#
#  EXCEPTION_ACCESS_VIOLATION (0xc0000005) at pc=0x00000000702a8f45, pid=11240, tid=3372
#
# JRE version: Java(TM) SE Runtime Environment (8.0_91-b15) (build 1.8.0_91-b15)
# Java VM: Java HotSpot(TM) 64-Bit Server VM (25.91-b15 mixed mode windows-amd64 compressed oops)
# Problematic frame:
# V  [jvm.dll+0x128f45]
#
# Failed to write core dump. Minidumps are not enabled by default on client versions of Windows
#
# If you would like to submit a bug report, please visit:
#   http://bugreport.java.com/bugreport/crash.jsp
#

---------------  T H R E A D  ---------------

Current thread (0x000000001d72e000):  JavaThread "JDWP Transport Listener: dt_socket" daemon [_thread_in_vm, id=3372, stack(0x000000001f4b0000,0x000000001f5b0000)]

siginfo: ExceptionCode=0xc0000005, reading address 0xffffffffffffffff

Registers:
RAX=0x000000001f5af101, RBX=0x000000001d72e000, RCX=0x78456e6f69746172, RDX=0x0000000000000000
RSP=0x000000001f5af140, RBP=0x78456e6f69746172, RSI=0x000000001f5af258, RDI=0x0000000002469930
R8 =0x000000001d72e000, R9 =0x000000000000ff00, R10=0x0000000000000000, R11=0x00006c4d001e0008
R12=0x0000000000000000, R13=0x000000001d734118, R14=0x0000000000000000, R15=0x0000000000000000
RIP=0x00000000702a8f45, EFLAGS=0x0000000000010206

Top of Stack: (sp=0x000000001f5af140)
0x000000001f5af140:   000000001d72e000 000000001d72e000
0x000000001f5af150:   000000001f5af208 00000000704af32b
0x000000001f5af160:   000000001d72e000 00000000704cbb8d
0x000000001f5af170:   0000000000000000 00000000731e9155
0x000000001f5af180:   0000000021e15470 00000000731f291e
0x000000001f5af190:   000000001d72e000 0000000000000000
0x000000001f5af1a0:   0000000000000000 0000000000000000
0x000000001f5af1b0:   78456e6f69746172 00000000731f1a15
0x000000001f5af1c0:   000000001f5af258 000000001f5af230
0x000000001f5af1d0:   0000000000000001 0000000021e15470
0x000000001f5af1e0:   78456e6f69746172 00000000731d53b3
0x000000001f5af1f0:   000000001f5af320 0000000000000001
0x000000001f5af200:   0000000000000001 0000000021e15470
0x000000001f5af210:   00000000f000100a 0000000000000000
0x000000001f5af220:   0000000000000000 0000000000000000
0x000000001f5af230:   0000000000000001 00000000731d5571 

Instructions: (pc=0x00000000702a8f45)
0x00000000702a8f25:   cc cc cc cc cc cc cc cc cc cc cc 48 83 ec 28 48
0x00000000702a8f35:   85 c9 75 07 33 c0 48 83 c4 28 c3 48 89 5c 24 20
0x00000000702a8f45:   48 8b 19 48 85 db 74 20 48 83 fb 37 74 1a 48 8b
0x00000000702a8f55:   13 48 8b cb ff 52 10 84 c0 74 0d 48 8b c3 48 8b 


Register to memory mapping:

RAX=0x000000001f5af101 is pointing into the stack for thread: 0x000000001d72e000
RBX=0x000000001d72e000 is a thread
RCX=0x78456e6f69746172 is an unknown value
RDX=0x0000000000000000 is an unknown value
RSP=0x000000001f5af140 is pointing into the stack for thread: 0x000000001d72e000
RBP=0x78456e6f69746172 is an unknown value
RSI=0x000000001f5af258 is pointing into the stack for thread: 0x000000001d72e000
RDI=0x0000000002469930 is an unknown value
R8 =0x000000001d72e000 is a thread
R9 =0x000000000000ff00 is an unknown value
R10=0x0000000000000000 is an unknown value
R11=0x00006c4d001e0008 is an unknown value
R12=0x0000000000000000 is an unknown value
R13=0x000000001d734118 is an unknown value
R14=0x0000000000000000 is an unknown value
R15=0x0000000000000000 is an unknown value


Stack: [0x000000001f4b0000,0x000000001f5b0000],  sp=0x000000001f5af140,  free space=1020k
Native frames: (J=compiled Java code, j=interpreted, Vv=VM code, C=native code)
V  [jvm.dll+0x128f45]
V  [jvm.dll+0x34bb8d]
C  [jdwp.dll+0x21a15]
C  [jdwp.dll+0x53b3]
C  [jdwp.dll+0x5571]
C  [jdwp.dll+0xf0a8]
C  [jdwp.dll+0x1f2d5]
C  [jdwp.dll+0x1f4aa]
V  [jvm.dll+0x1bbf38]
V  [jvm.dll+0x243ae4]
V  [jvm.dll+0x29a99a]
C  [msvcr100.dll+0x21d9f]
C  [msvcr100.dll+0x21e3b]
C  [kernel32.dll+0x159cd]
C  [ntdll.dll+0x2a561]


---------------  P R O C E S S  ---------------

Java Threads: ( => current thread )
  0x000000001d863800 JavaThread "EventAdminThread #4" daemon [_thread_blocked, id=11580, stack(0x000000002c630000,0x000000002c730000)]
  0x00000000248d8800 JavaThread "EventAdminThread #3" daemon [_thread_blocked, id=8040, stack(0x000000002bf70000,0x000000002c070000)]
  0x00000000248d8000 JavaThread "EventAdminThread #2" daemon [_thread_blocked, id=11696, stack(0x000000002b9d0000,0x000000002bad0000)]
  0x000000001d863000 JavaThread "EventAdminThread #1" daemon [_thread_blocked, id=1132, stack(0x000000002c510000,0x000000002c610000)]
  0x00000000221c6800 JavaThread "qtp2131191535-101" [_thread_blocked, id=13980, stack(0x000000002c780000,0x000000002c880000)]
  0x00000000248d7000 JavaThread "HttpClient@1242391822-97" [_thread_blocked, id=9048, stack(0x000000002b5b0000,0x000000002b6b0000)]
  0x00000000248d6800 JavaThread "HttpClient@1242391822-96" [_thread_blocked, id=8140, stack(0x000000002b8a0000,0x000000002b9a0000)]
  0x00000000248d5800 JavaThread "HttpClient@1242391822-95" [_thread_blocked, id=11024, stack(0x000000002b760000,0x000000002b860000)]
  0x00000000248d5000 JavaThread "HttpClient@1242391822-94" [_thread_blocked, id=11416, stack(0x000000002af70000,0x000000002b070000)]
  0x00000000248d4000 JavaThread "HttpClient@1242391822-93-selector-ClientSelectorManager@79192797/3" [_thread_in_native, id=11684, stack(0x000000002b4b0000,0x000000002b5b0000)]
  0x00000000248d3800 JavaThread "HttpClient@1242391822-92-selector-ClientSelectorManager@79192797/2" [_thread_in_native, id=4896, stack(0x000000002b330000,0x000000002b430000)]
  0x00000000248d2800 JavaThread "HttpClient@1242391822-91-selector-ClientSelectorManager@79192797/1" [_thread_in_native, id=11404, stack(0x000000002b210000,0x000000002b310000)]
  0x000000001d7eb000 JavaThread "HttpClient@1242391822-90-selector-ClientSelectorManager@79192797/0" [_thread_in_native, id=10936, stack(0x000000002b100000,0x000000002b200000)]
  0x000000001d7ea800 JavaThread "HttpClient@57157865-89" [_thread_blocked, id=10644, stack(0x000000002ad50000,0x000000002ae50000)]
  0x000000001d7e9800 JavaThread "HttpClient@57157865-88" [_thread_blocked, id=14244, stack(0x000000002ae60000,0x000000002af60000)]
  0x000000001d7e9000 JavaThread "HttpClient@57157865-87" [_thread_blocked, id=3668, stack(0x000000002ac30000,0x000000002ad30000)]
  0x000000001d7e8000 JavaThread "HttpClient@57157865-86" [_thread_blocked, id=3656, stack(0x000000002aaa0000,0x000000002aba0000)]
  0x000000001d7e7800 JavaThread "HttpClient@57157865-85-selector-ClientSelectorManager@10ee3ce2/3" [_thread_in_native, id=6756, stack(0x000000002a950000,0x000000002aa50000)]
  0x000000001d7e6800 JavaThread "HttpClient@57157865-84-selector-ClientSelectorManager@10ee3ce2/2" [_thread_in_native, id=15076, stack(0x000000002a790000,0x000000002a890000)]
  0x000000001d7e6000 JavaThread "HttpClient@57157865-83-selector-ClientSelectorManager@10ee3ce2/1" [_thread_in_native, id=12372, stack(0x0000000028670000,0x0000000028770000)]
  0x000000001d7e5000 JavaThread "HttpClient@57157865-82-selector-ClientSelectorManager@10ee3ce2/0" [_thread_in_native, id=12948, stack(0x000000002a5b0000,0x000000002a6b0000)]
  0x000000001d7e4000 JavaThread "Scheduler-2133547083" [_thread_blocked, id=10632, stack(0x000000002a190000,0x000000002a290000)]
  0x00000000221c7800 JavaThread "Scheduler-129572255" [_thread_blocked, id=15176, stack(0x0000000028c70000,0x0000000028d70000)]
  0x00000000221c6000 JavaThread "qtp2131191535-78" [_thread_blocked, id=4868, stack(0x0000000028ef0000,0x0000000028ff0000)]
  0x00000000221c5000 JavaThread "qtp2131191535-77" [_thread_blocked, id=15216, stack(0x0000000028dd0000,0x0000000028ed0000)]
  0x00000000221c4800 JavaThread "qtp2131191535-76-acceptor-0@72df3dfc-ServerConnector@7c18ddd7{HTTP/1.1}{0.0.0.0:2021}" [_thread_in_native, id=5212, stack(0x0000000028a10000,0x0000000028b10000)]
  0x00000000221c3800 JavaThread "qtp2131191535-75-selector-ServerConnectorManager@5d585b82/3" [_thread_in_native, id=13868, stack(0x0000000027c80000,0x0000000027d80000)]
  0x00000000221c3000 JavaThread "qtp2131191535-74-selector-ServerConnectorManager@5d585b82/1" [_thread_in_native, id=12184, stack(0x0000000028b50000,0x0000000028c50000)]
  0x00000000221c2000 JavaThread "qtp2131191535-73-selector-ServerConnectorManager@5d585b82/0" [_thread_in_native, id=13188, stack(0x00000000287b0000,0x00000000288b0000)]
  0x00000000221c1800 JavaThread "qtp2131191535-72-selector-ServerConnectorManager@5d585b82/2" [_thread_in_native, id=5332, stack(0x0000000028900000,0x0000000028a00000)]
  0x00000000221c0800 JavaThread "OrientDB Write Cache Flush Task (db)" daemon [_thread_blocked, id=9016, stack(0x0000000027f10000,0x0000000028010000)]
  0x0000000021eea800 JavaThread "OrientDB WAL Flush Task (db)" daemon [_thread_blocked, id=9988, stack(0x0000000027d90000,0x0000000027e90000)]
  0x0000000021eea000 JavaThread "Timer-2" daemon [_thread_blocked, id=10344, stack(0x0000000026750000,0x0000000026850000)]
  0x0000000021edb800 JavaThread "Timer-1" daemon [_thread_blocked, id=15196, stack(0x00000000259d0000,0x0000000025ad0000)]
  0x0000000021ee9000 JavaThread "SCR Component Actor" daemon [_thread_blocked, id=15052, stack(0x00000000263a0000,0x00000000264a0000)]
  0x0000000021ee8800 JavaThread "Thread-16" [_thread_blocked, id=15004, stack(0x0000000026290000,0x0000000026390000)]
  0x0000000021ee7800 JavaThread "Gogo shell" [_thread_in_native, id=12064, stack(0x0000000026130000,0x0000000026230000)]
  0x0000000021ee7000 JavaThread "Thread-15" daemon [_thread_blocked, id=9484, stack(0x0000000023310000,0x0000000023410000)]
  0x0000000021ee6000 JavaThread "Thread-14" daemon [_thread_blocked, id=12812, stack(0x0000000025b40000,0x0000000025c40000)]
  0x0000000021ee5800 JavaThread "Thread-13" daemon [_thread_blocked, id=11332, stack(0x0000000025850000,0x0000000025950000)]
  0x0000000021ee4800 JavaThread "Thread-12" daemon [_thread_blocked, id=12088, stack(0x0000000025680000,0x0000000025780000)]
  0x0000000021ee4000 JavaThread "Thread-11" daemon [_thread_blocked, id=10960, stack(0x00000000254e0000,0x00000000255e0000)]
  0x0000000021ee3000 JavaThread "Thread-10" daemon [_thread_blocked, id=1636, stack(0x0000000025390000,0x0000000025490000)]
  0x0000000021ee1800 JavaThread "Thread-9" daemon [_thread_blocked, id=15304, stack(0x0000000025240000,0x0000000025340000)]
  0x0000000021ee2800 JavaThread "Thread-8" daemon [_thread_blocked, id=14304, stack(0x000000001ff80000,0x0000000020080000)]
  0x0000000021ee1000 JavaThread "Thread-6" daemon [_thread_blocked, id=3708, stack(0x00000000235a0000,0x00000000236a0000)]
  0x0000000021ee0000 JavaThread "Thread-5" daemon [_thread_blocked, id=14592, stack(0x0000000024140000,0x0000000024240000)]
  0x0000000021edf800 JavaThread "fileinstall-config/local" daemon [_thread_blocked, id=14864, stack(0x0000000023fd0000,0x00000000240d0000)]
  0x0000000021ede800 JavaThread "Thread-4" daemon [_thread_in_native, id=10588, stack(0x0000000023a50000,0x0000000023b50000)]
  0x0000000021ede000 JavaThread "CM Event Dispatcher" daemon [_thread_blocked, id=9008, stack(0x00000000236a0000,0x00000000237a0000)]
  0x0000000021edd000 JavaThread "CM Configuration Updater" daemon [_thread_blocked, id=1484, stack(0x0000000023480000,0x0000000023580000)]
  0x0000000021edc800 JavaThread "NanoHttpd Main Listener" [_thread_in_native, id=2816, stack(0x0000000023200000,0x0000000023300000)]
  0x00000000203dc000 JavaThread "FelixStartLevel" daemon [_thread_blocked, id=3068, stack(0x00000000210a0000,0x00000000211a0000)]
  0x00000000203c4000 JavaThread "FrameworkWaiter" [_thread_blocked, id=7416, stack(0x0000000020dd0000,0x0000000020ed0000)]
  0x00000000203c7000 JavaThread "FelixFrameworkWiring" daemon [_thread_blocked, id=5616, stack(0x0000000020bf0000,0x0000000020cf0000)]
  0x00000000202ee000 JavaThread "FelixDispatchQueue" [_thread_blocked, id=13888, stack(0x0000000020a50000,0x0000000020b50000)]
  0x000000001d83d800 JavaThread "Timer-0" daemon [_thread_blocked, id=15284, stack(0x0000000020090000,0x0000000020190000)]
  0x000000001d7d9000 JavaThread "Service Thread" daemon [_thread_blocked, id=11124, stack(0x000000001f240000,0x000000001f340000)]
  0x000000001d764000 JavaThread "C1 CompilerThread3" daemon [_thread_blocked, id=15328, stack(0x000000001fd50000,0x000000001fe50000)]
  0x000000001d763000 JavaThread "C2 CompilerThread2" daemon [_thread_blocked, id=11448, stack(0x000000001fc10000,0x000000001fd10000)]
  0x000000001d760800 JavaThread "C2 CompilerThread1" daemon [_thread_blocked, id=8180, stack(0x000000001fa20000,0x000000001fb20000)]
  0x000000001d750000 JavaThread "C2 CompilerThread0" daemon [_thread_blocked, id=8432, stack(0x000000001f830000,0x000000001f930000)]
  0x000000001d741800 JavaThread "JDWP Command Reader" daemon [_thread_in_native, id=1684, stack(0x000000001f720000,0x000000001f820000)]
  0x000000001d73c800 JavaThread "JDWP Event Helper Thread" daemon [_thread_blocked, id=11972, stack(0x000000001f5c0000,0x000000001f6c0000)]
=>0x000000001d72e000 JavaThread "JDWP Transport Listener: dt_socket" daemon [_thread_in_vm, id=3372, stack(0x000000001f4b0000,0x000000001f5b0000)]
  0x000000001d720800 JavaThread "Attach Listener" daemon [_thread_blocked, id=10092, stack(0x000000001ed50000,0x000000001ee50000)]
  0x000000001c56f000 JavaThread "Signal Dispatcher" daemon [_thread_blocked, id=1480, stack(0x000000001ebb0000,0x000000001ecb0000)]
  0x000000001c55f000 JavaThread "Finalizer" daemon [_thread_blocked, id=4508, stack(0x000000001ea60000,0x000000001eb60000)]
  0x000000001c558000 JavaThread "Reference Handler" daemon [_thread_blocked, id=7632, stack(0x000000001e880000,0x000000001e980000)]
  0x000000000246f000 JavaThread "main" [_thread_blocked, id=2240, stack(0x0000000002620000,0x0000000002720000)]

Other Threads:
  0x000000001c551000 VMThread [stack: 0x000000001e720000,0x000000001e820000] [id=9080]
  0x000000001d7fd000 WatcherThread [stack: 0x000000001fe80000,0x000000001ff80000] [id=4420]

VM state:not at safepoint (normal execution)

VM Mutex/Monitor currently owned by a thread: None

Heap:
 PSYoungGen      total 224768K, used 78875K [0x000000076b400000, 0x000000077c900000, 0x00000007c0000000)
  eden space 207360K, 38% used [0x000000076b400000,0x0000000770106e30,0x0000000777e80000)
  from space 17408K, 0% used [0x0000000779000000,0x0000000779000000,0x000000077a100000)
  to   space 17920K, 0% used [0x0000000777e80000,0x0000000777e80000,0x0000000779000000)
 ParOldGen       total 110592K, used 14952K [0x00000006c1c00000, 0x00000006c8800000, 0x000000076b400000)
  object space 110592K, 13% used [0x00000006c1c00000,0x00000006c2a9a130,0x00000006c8800000)
 Metaspace       used 40035K, capacity 43868K, committed 43904K, reserved 1087488K
  class space    used 4857K, capacity 6013K, committed 6016K, reserved 1048576K

Card table byte_map: [0x0000000011db0000,0x00000000125b0000] byte_map_base: 0x000000000e7a2000

Marking Bits: (ParMarkBitMap*) 0x0000000070992f70
 Begin Bits: [0x0000000013450000, 0x00000000173e0000)
 End Bits:   [0x00000000173e0000, 0x000000001b370000)

Polling page: 0x0000000000440000

CodeCache: size=245760Kb used=13374Kb max_used=13547Kb free=232385Kb
 bounds [0x00000000029f0000, 0x0000000003740000, 0x00000000119f0000]
 total_blobs=4706 nmethods=4188 adapters=437
 compilation: enabled

Compilation events (10 events):
Event: 257.252 Thread 0x000000001d764000 4901       3       org.apache.felix.framework.FrameworkStartLevelImpl::getStartLevel (8 bytes)
Event: 257.252 Thread 0x000000001d764000 nmethod 4901 0x0000000002ed39d0 code [0x0000000002ed3b20, 0x0000000002ed3cb0]
Event: 259.994 Thread 0x000000001d764000 4903       3       org.eclipse.jetty.server.LowResourceMonitor::monitor (450 bytes)
Event: 259.997 Thread 0x000000001d764000 nmethod 4903 0x000000000360fa90 code [0x0000000003610260, 0x0000000003616248]
Event: 259.997 Thread 0x000000001d764000 4902       3       org.eclipse.jetty.server.LowResourceMonitor$1::run (49 bytes)
Event: 259.997 Thread 0x000000001d764000 nmethod 4902 0x0000000002b8ab90 code [0x0000000002b8ad20, 0x0000000002b8b1d8]
Event: 260.123 Thread 0x000000001d764000 4904   !   3       aQute.launcher.Launcher$1::run (95 bytes)
Event: 260.124 Thread 0x000000001d764000 nmethod 4904 0x000000000313d290 code [0x000000000313d540, 0x000000000313e4e8]
Event: 299.061 Thread 0x000000001d750000 4905       4       java.util.Collections$SetFromMap::size (10 bytes)
Event: 299.062 Thread 0x000000001d750000 nmethod 4905 0x000000000335b990 code [0x000000000335bae0, 0x000000000335bc58]

GC Heap History (10 events):
Event: 2.916 GC heap before
{Heap before GC invocations=4 (full 1):
 PSYoungGen      total 76288K, used 10745K [0x000000076b400000, 0x0000000774900000, 0x00000007c0000000)
  eden space 65536K, 0% used [0x000000076b400000,0x000000076b400000,0x000000076f400000)
  from space 10752K, 99% used [0x000000076f400000,0x000000076fe7e568,0x000000076fe80000)
  to   space 10752K, 0% used [0x0000000773e80000,0x0000000773e80000,0x0000000774900000)
 ParOldGen       total 175104K, used 8369K [0x00000006c1c00000, 0x00000006cc700000, 0x000000076b400000)
  object space 175104K, 4% used [0x00000006c1c00000,0x00000006c242c490,0x00000006cc700000)
 Metaspace       used 19452K, capacity 21102K, committed 21248K, reserved 1067008K
  class space    used 2256K, capacity 2698K, committed 2816K, reserved 1048576K
Event: 2.949 GC heap after
Heap after GC invocations=4 (full 1):
 PSYoungGen      total 76288K, used 0K [0x000000076b400000, 0x0000000774900000, 0x00000007c0000000)
  eden space 65536K, 0% used [0x000000076b400000,0x000000076b400000,0x000000076f400000)
  from space 10752K, 0% used [0x000000076f400000,0x000000076f400000,0x000000076fe80000)
  to   space 10752K, 0% used [0x0000000773e80000,0x0000000773e80000,0x0000000774900000)
 ParOldGen       total 98304K, used 11192K [0x00000006c1c00000, 0x00000006c7c00000, 0x000000076b400000)
  object space 98304K, 11% used [0x00000006c1c00000,0x00000006c26ee120,0x00000006c7c00000)
 Metaspace       used 19452K, capacity 21102K, committed 21248K, reserved 1067008K
  class space    used 2256K, capacity 2698K, committed 2816K, reserved 1048576K
}
Event: 3.687 GC heap before
{Heap before GC invocations=5 (full 1):
 PSYoungGen      total 76288K, used 65536K [0x000000076b400000, 0x0000000774900000, 0x00000007c0000000)
  eden space 65536K, 100% used [0x000000076b400000,0x000000076f400000,0x000000076f400000)
  from space 10752K, 0% used [0x000000076f400000,0x000000076f400000,0x000000076fe80000)
  to   space 10752K, 0% used [0x0000000773e80000,0x0000000773e80000,0x0000000774900000)
 ParOldGen       total 98304K, used 11192K [0x00000006c1c00000, 0x00000006c7c00000, 0x000000076b400000)
  object space 98304K, 11% used [0x00000006c1c00000,0x00000006c26ee120,0x00000006c7c00000)
 Metaspace       used 30714K, capacity 33172K, committed 33536K, reserved 1079296K
  class space    used 3697K, capacity 4481K, committed 4608K, reserved 1048576K
Event: 3.750 GC heap after
Heap after GC invocations=5 (full 1):
 PSYoungGen      total 129024K, used 10725K [0x000000076b400000, 0x0000000774900000, 0x00000007c0000000)
  eden space 118272K, 0% used [0x000000076b400000,0x000000076b400000,0x0000000772780000)
  from space 10752K, 99% used [0x0000000773e80000,0x00000007748f9640,0x0000000774900000)
  to   space 10752K, 0% used [0x0000000773400000,0x0000000773400000,0x0000000773e80000)
 ParOldGen       total 98304K, used 11684K [0x00000006c1c00000, 0x00000006c7c00000, 0x000000076b400000)
  object space 98304K, 11% used [0x00000006c1c00000,0x00000006c27692c0,0x00000006c7c00000)
 Metaspace       used 30714K, capacity 33172K, committed 33536K, reserved 1079296K
  class space    used 3697K, capacity 4481K, committed 4608K, reserved 1048576K
}
Event: 11.672 GC heap before
{Heap before GC invocations=6 (full 1):
 PSYoungGen      total 129024K, used 63822K [0x000000076b400000, 0x0000000774900000, 0x00000007c0000000)
  eden space 118272K, 44% used [0x000000076b400000,0x000000076e7da1e8,0x0000000772780000)
  from space 10752K, 99% used [0x0000000773e80000,0x00000007748f9640,0x0000000774900000)
  to   space 10752K, 0% used [0x0000000773400000,0x0000000773400000,0x0000000773e80000)
 ParOldGen       total 98304K, used 11684K [0x00000006c1c00000, 0x00000006c7c00000, 0x000000076b400000)
  object space 98304K, 11% used [0x00000006c1c00000,0x00000006c27692c0,0x00000006c7c00000)
 Metaspace       used 32790K, capacity 35364K, committed 35584K, reserved 1079296K
  class space    used 3988K, capacity 4784K, committed 4864K, reserved 1048576K
Event: 11.680 GC heap after
Heap after GC invocations=6 (full 1):
 PSYoungGen      total 141824K, used 7396K [0x000000076b400000, 0x000000077a100000, 0x00000007c0000000)
  eden space 131072K, 0% used [0x000000076b400000,0x000000076b400000,0x0000000773400000)
  from space 10752K, 68% used [0x0000000773400000,0x0000000773b39308,0x0000000773e80000)
  to   space 17408K, 0% used [0x0000000779000000,0x0000000779000000,0x000000077a100000)
 ParOldGen       total 98304K, used 11692K [0x00000006c1c00000, 0x00000006c7c00000, 0x000000076b400000)
  object space 98304K, 11% used [0x00000006c1c00000,0x00000006c276b2c0,0x00000006c7c00000)
 Metaspace       used 32790K, capacity 35364K, committed 35584K, reserved 1079296K
  class space    used 3988K, capacity 4784K, committed 4864K, reserved 1048576K
}
Event: 11.697 GC heap before
{Heap before GC invocations=7 (full 1):
 PSYoungGen      total 141824K, used 10305K [0x000000076b400000, 0x000000077a100000, 0x00000007c0000000)
  eden space 131072K, 2% used [0x000000076b400000,0x000000076b6d7108,0x0000000773400000)
  from space 10752K, 68% used [0x0000000773400000,0x0000000773b39308,0x0000000773e80000)
  to   space 17408K, 0% used [0x0000000779000000,0x0000000779000000,0x000000077a100000)
 ParOldGen       total 98304K, used 11692K [0x00000006c1c00000, 0x00000006c7c00000, 0x000000076b400000)
  object space 98304K, 11% used [0x00000006c1c00000,0x00000006c276b2c0,0x00000006c7c00000)
 Metaspace       used 32966K, capacity 35620K, committed 35748K, reserved 1081344K
  class space    used 4006K, capacity 4784K, committed 4864K, reserved 1048576K
Event: 11.703 GC heap after
Heap after GC invocations=7 (full 1):
 PSYoungGen      total 224768K, used 6248K [0x000000076b400000, 0x000000077c900000, 0x00000007c0000000)
  eden space 207360K, 0% used [0x000000076b400000,0x000000076b400000,0x0000000777e80000)
  from space 17408K, 35% used [0x0000000779000000,0x000000077961a150,0x000000077a100000)
  to   space 17920K, 0% used [0x0000000777e80000,0x0000000777e80000,0x0000000779000000)
 ParOldGen       total 98304K, used 11700K [0x00000006c1c00000, 0x00000006c7c00000, 0x000000076b400000)
  object space 98304K, 11% used [0x00000006c1c00000,0x00000006c276d2c0,0x00000006c7c00000)
 Metaspace       used 32966K, capacity 35620K, committed 35748K, reserved 1081344K
  class space    used 4006K, capacity 4784K, committed 4864K, reserved 1048576K
}
Event: 11.703 GC heap before
{Heap before GC invocations=8 (full 2):
 PSYoungGen      total 224768K, used 6248K [0x000000076b400000, 0x000000077c900000, 0x00000007c0000000)
  eden space 207360K, 0% used [0x000000076b400000,0x000000076b400000,0x0000000777e80000)
  from space 17408K, 35% used [0x0000000779000000,0x000000077961a150,0x000000077a100000)
  to   space 17920K, 0% used [0x0000000777e80000,0x0000000777e80000,0x0000000779000000)
 ParOldGen       total 98304K, used 11700K [0x00000006c1c00000, 0x00000006c7c00000, 0x000000076b400000)
  object space 98304K, 11% used [0x00000006c1c00000,0x00000006c276d2c0,0x00000006c7c00000)
 Metaspace       used 32966K, capacity 35620K, committed 35748K, reserved 1081344K
  class space    used 4006K, capacity 4784K, committed 4864K, reserved 1048576K
Event: 11.780 GC heap after
Heap after GC invocations=8 (full 2):
 PSYoungGen      total 224768K, used 0K [0x000000076b400000, 0x000000077c900000, 0x00000007c0000000)
  eden space 207360K, 0% used [0x000000076b400000,0x000000076b400000,0x0000000777e80000)
  from space 17408K, 0% used [0x0000000779000000,0x0000000779000000,0x000000077a100000)
  to   space 17920K, 0% used [0x0000000777e80000,0x0000000777e80000,0x0000000779000000)
 ParOldGen       total 110592K, used 14952K [0x00000006c1c00000, 0x00000006c8800000, 0x000000076b400000)
  object space 110592K, 13% used [0x00000006c1c00000,0x00000006c2a9a130,0x00000006c8800000)
 Metaspace       used 32966K, capacity 35620K, committed 35748K, reserved 1081344K
  class space    used 4006K, capacity 4784K, committed 4864K, reserved 1048576K
}

Deoptimization events (10 events):
Event: 51.371 Thread 0x00000000221c5000 Uncommon trap: reason=null_check action=make_not_entrant pc=0x0000000002f5d524 method=org.apache.felix.framework.BundleWiringImpl.isClassLoadedFromBundleRevision(Ljava/lang/Class;)Z @ 9
Event: 51.511 Thread 0x00000000221c5000 Uncommon trap: reason=range_check action=none pc=0x000000000312b6e4 method=sun.reflect.generics.parser.SignatureParser.current()C @ 34
Event: 51.512 Thread 0x00000000221c5000 Uncommon trap: reason=range_check action=none pc=0x000000000312b6e4 method=sun.reflect.generics.parser.SignatureParser.current()C @ 34
Event: 51.540 Thread 0x00000000221c5000 Uncommon trap: reason=range_check action=none pc=0x000000000312b6e4 method=sun.reflect.generics.parser.SignatureParser.current()C @ 34
Event: 51.540 Thread 0x00000000221c5000 Uncommon trap: reason=range_check action=none pc=0x000000000312b6e4 method=sun.reflect.generics.parser.SignatureParser.current()C @ 34
Event: 51.540 Thread 0x00000000221c5000 Uncommon trap: reason=range_check action=none pc=0x000000000312b6e4 method=sun.reflect.generics.parser.SignatureParser.current()C @ 34
Event: 51.563 Thread 0x00000000221c5000 Uncommon trap: reason=range_check action=none pc=0x000000000312b6e4 method=sun.reflect.generics.parser.SignatureParser.current()C @ 34
Event: 51.586 Thread 0x00000000221c5000 Uncommon trap: reason=unstable_if action=reinterpret pc=0x0000000002e4bfb0 method=java.util.ResourceBundle.findBundleInCache(Ljava/util/ResourceBundle$CacheKey;Ljava/util/ResourceBundle$Control;)Ljava/util/ResourceBundle; @ 63
Event: 51.728 Thread 0x00000000221c3800 Uncommon trap: reason=unstable_if action=reinterpret pc=0x00000000031292a4 method=java.util.HashMap.removeNode(ILjava/lang/Object;Ljava/lang/Object;ZZ)Ljava/util/HashMap$Node; @ 58
Event: 51.730 Thread 0x00000000221c2000 Uncommon trap: reason=unstable_if action=reinterpret pc=0x00000000033d9478 method=java.util.HashMap.removeNode(ILjava/lang/Object;Ljava/lang/Object;ZZ)Ljava/util/HashMap$Node; @ 133

Internal exceptions (10 events):
Event: 51.470 Thread 0x00000000221c5000 Exception <a 'java/io/FileNotFoundException'> (0x000000076eb10078) thrown at [C:\re\workspace\8-2-build-windows-amd64-cygwin\jdk8u91\7017\hotspot\src\share\vm\prims\jni.cpp, line 709]
Event: 51.474 Thread 0x00000000221c5000 Exception <a 'java/io/FileNotFoundException'> (0x000000076eb50650) thrown at [C:\re\workspace\8-2-build-windows-amd64-cygwin\jdk8u91\7017\hotspot\src\share\vm\prims\jni.cpp, line 709]
Event: 51.474 Thread 0x00000000221c5000 Exception <a 'java/io/FileNotFoundException'> (0x000000076eb536d8) thrown at [C:\re\workspace\8-2-build-windows-amd64-cygwin\jdk8u91\7017\hotspot\src\share\vm\prims\jni.cpp, line 709]
Event: 51.478 Thread 0x00000000221c5000 Exception <a 'java/io/FileNotFoundException'> (0x000000076eb93b50) thrown at [C:\re\workspace\8-2-build-windows-amd64-cygwin\jdk8u91\7017\hotspot\src\share\vm\prims\jni.cpp, line 709]
Event: 51.511 Thread 0x00000000221c5000 Exception <a 'java/lang/ArrayIndexOutOfBoundsException': 108> (0x000000076ee8f918) thrown at [C:\re\workspace\8-2-build-windows-amd64-cygwin\jdk8u91\7017\hotspot\src\share\vm\interpreter\interpreterRuntime.cpp, line 366]
Event: 51.512 Thread 0x00000000221c5000 Exception <a 'java/lang/ArrayIndexOutOfBoundsException': 40> (0x000000076ee90d48) thrown at [C:\re\workspace\8-2-build-windows-amd64-cygwin\jdk8u91\7017\hotspot\src\share\vm\interpreter\interpreterRuntime.cpp, line 366]
Event: 51.540 Thread 0x00000000221c5000 Exception <a 'java/lang/ArrayIndexOutOfBoundsException': 79> (0x000000076f0cbae0) thrown at [C:\re\workspace\8-2-build-windows-amd64-cygwin\jdk8u91\7017\hotspot\src\share\vm\interpreter\interpreterRuntime.cpp, line 366]
Event: 51.540 Thread 0x00000000221c5000 Exception <a 'java/lang/ArrayIndexOutOfBoundsException': 101> (0x000000076f0d0318) thrown at [C:\re\workspace\8-2-build-windows-amd64-cygwin\jdk8u91\7017\hotspot\src\share\vm\interpreter\interpreterRuntime.cpp, line 366]
Event: 51.540 Thread 0x00000000221c5000 Exception <a 'java/lang/ArrayIndexOutOfBoundsException': 59> (0x000000076f0d1658) thrown at [C:\re\workspace\8-2-build-windows-amd64-cygwin\jdk8u91\7017\hotspot\src\share\vm\interpreter\interpreterRuntime.cpp, line 366]
Event: 51.563 Thread 0x00000000221c5000 Exception <a 'java/lang/ArrayIndexOutOfBoundsException': 55> (0x000000076f2cbfa0) thrown at [C:\re\workspace\8-2-build-windows-amd64-cygwin\jdk8u91\7017\hotspot\src\share\vm\interpreter\interpreterRuntime.cpp, line 366]

Events (10 events):
Event: 253.293 Executing VM operation: RevokeBias done
Event: 253.293 Thread 0x000000001d862000 Thread exited: 0x000000001d862000
Event: 253.293 Thread 0x000000001d863800 Thread added: 0x000000001d863800
Event: 255.263 Executing VM operation: RedefineClasses
Event: 255.283 Executing VM operation: RedefineClasses done
Event: 291.893 Executing VM operation: RevokeBias
Event: 291.893 Executing VM operation: RevokeBias done
Event: 291.893 Thread 0x00000000248d9800 Thread exited: 0x00000000248d9800
Event: 299.535 Executing VM operation: RedefineClasses
Event: 299.553 Executing VM operation: RedefineClasses done


Dynamic libraries:
0x000000013fcb0000 - 0x000000013fce7000 	C:\Program Files\Java\jre1.8.0_91\bin\javaw.exe
0x00000000771b0000 - 0x000000007735a000 	C:\Windows\SYSTEM32\ntdll.dll
0x0000000077090000 - 0x00000000771af000 	C:\Windows\system32\kernel32.dll
0x000007fefd000000 - 0x000007fefd06a000 	C:\Windows\system32\KERNELBASE.dll
0x000007fefd3d0000 - 0x000007fefd4ab000 	C:\Windows\system32\ADVAPI32.dll
0x000007feff420000 - 0x000007feff4bf000 	C:\Windows\system32\msvcrt.dll
0x000007feff060000 - 0x000007feff07f000 	C:\Windows\SYSTEM32\sechost.dll
0x000007fefed20000 - 0x000007fefee4d000 	C:\Windows\system32\RPCRT4.dll
0x0000000076f90000 - 0x000000007708a000 	C:\Windows\system32\USER32.dll
0x000007fefd2a0000 - 0x000007fefd307000 	C:\Windows\system32\GDI32.dll
0x000007fefd3c0000 - 0x000007fefd3ce000 	C:\Windows\system32\LPK.dll
0x000007fefe830000 - 0x000007fefe8fa000 	C:\Windows\system32\USP10.dll
0x000007fefc800000 - 0x000007fefc9f4000 	C:\Windows\WinSxS\amd64_microsoft.windows.common-controls_6595b64144ccf1df_6.0.7601.23403_none_e36ad4593102f066\COMCTL32.dll
0x000007fefd4b0000 - 0x000007fefd521000 	C:\Windows\system32\SHLWAPI.dll
0x000007fefe3a0000 - 0x000007fefe3ce000 	C:\Windows\system32\IMM32.DLL
0x000007fefe6a0000 - 0x000007fefe7a9000 	C:\Windows\system32\MSCTF.dll
0x0000000073490000 - 0x00000000734c9000 	C:\PROGRA~2\Sophos\SOPHOS~1\SOPHOS~2.DLL
0x0000000077380000 - 0x0000000077387000 	C:\Windows\system32\PSAPI.DLL
0x0000000073240000 - 0x0000000073312000 	C:\Program Files\Java\jre1.8.0_91\bin\msvcr100.dll
0x0000000070180000 - 0x0000000070a13000 	C:\Program Files\Java\jre1.8.0_91\bin\server\jvm.dll
0x000007fefa640000 - 0x000007fefa649000 	C:\Windows\system32\WSOCK32.dll
0x000007fefd310000 - 0x000007fefd35d000 	C:\Windows\system32\WS2_32.dll
0x000007feff3f0000 - 0x000007feff3f8000 	C:\Windows\system32\NSI.dll
0x000007fefad40000 - 0x000007fefad7b000 	C:\Windows\system32\WINMM.dll
0x000007fefbfe0000 - 0x000007fefbfec000 	C:\Windows\system32\VERSION.dll
0x0000000073aa0000 - 0x0000000073aaf000 	C:\Program Files\Java\jre1.8.0_91\bin\verify.dll
0x0000000073210000 - 0x0000000073239000 	C:\Program Files\Java\jre1.8.0_91\bin\java.dll
0x00000000731d0000 - 0x0000000073205000 	C:\Program Files\Java\jre1.8.0_91\bin\jdwp.dll
0x0000000073ab0000 - 0x0000000073ab8000 	C:\Program Files\Java\jre1.8.0_91\bin\npt.dll
0x0000000073a80000 - 0x0000000073a96000 	C:\Program Files\Java\jre1.8.0_91\bin\zip.dll
0x000007fefd530000 - 0x000007fefe2ba000 	C:\Windows\system32\SHELL32.dll
0x000007fefee50000 - 0x000007feff053000 	C:\Windows\system32\ole32.dll
0x000007fefcee0000 - 0x000007fefceef000 	C:\Windows\system32\profapi.dll
0x00000000739d0000 - 0x00000000739d9000 	C:\Program Files\Java\jre1.8.0_91\bin\dt_socket.dll
0x000007fefacc0000 - 0x000007fefacd5000 	C:\Windows\system32\NLAapi.dll
0x000007fef9f60000 - 0x000007fef9f75000 	C:\Windows\system32\napinsp.dll
0x000007fef9f40000 - 0x000007fef9f59000 	C:\Windows\system32\pnrpnsp.dll
0x000007fefc380000 - 0x000007fefc3d5000 	C:\Windows\System32\mswsock.dll
0x000007fefc200000 - 0x000007fefc25b000 	C:\Windows\system32\DNSAPI.dll
0x000007fef9f30000 - 0x000007fef9f3b000 	C:\Windows\System32\winrnr.dll
0x000007fefb2e0000 - 0x000007fefb307000 	C:\Windows\system32\IPHLPAPI.DLL
0x000007fefb8a0000 - 0x000007fefb8ab000 	C:\Windows\system32\WINNSI.DLL
0x000007fef9e90000 - 0x000007fef9ee3000 	C:\Windows\System32\fwpuclnt.dll
0x000007fef9e80000 - 0x000007fef9e88000 	C:\Windows\system32\rasadhlp.dll
0x000007fefb8b0000 - 0x000007fefb8df000 	C:\ProgramData\Sophos\Web Intelligence\swi_ifslsp_64.dll
0x000007fefb890000 - 0x000007fefb897000 	C:\Windows\System32\wshtcpip.dll
0x00000000731b0000 - 0x00000000731ca000 	C:\Program Files\Java\jre1.8.0_91\bin\net.dll
0x000007fefc370000 - 0x000007fefc377000 	C:\Windows\System32\wship6.dll
0x000007fefc3e0000 - 0x000007fefc3f8000 	C:\Windows\system32\CRYPTSP.dll
0x000007fefc0e0000 - 0x000007fefc127000 	C:\Windows\system32\rsaenh.dll
0x000007fefd280000 - 0x000007fefd29f000 	C:\Windows\system32\USERENV.dll
0x000007fefcd20000 - 0x000007fefcd2f000 	C:\Windows\system32\CRYPTBASE.dll
0x000007fef9ef0000 - 0x000007fef9f01000 	C:\Windows\system32\dhcpcsvc6.DLL
0x000007fef9f10000 - 0x000007fef9f28000 	C:\Windows\system32\dhcpcsvc.DLL
0x0000000073190000 - 0x00000000731a1000 	C:\Program Files\Java\jre1.8.0_91\bin\nio.dll
0x0000000073180000 - 0x000000007318d000 	C:\Program Files\Java\jre1.8.0_91\bin\management.dll
0x0000000073150000 - 0x0000000073174000 	C:\Program Files\Java\jre1.8.0_91\bin\sunec.dll
0x000007fef9d50000 - 0x000007fef9e75000 	C:\Windows\system32\dbghelp.dll

VM Arguments:
jvm_args: -agentlib:jdwp=transport=dt_socket,suspend=y,address=localhost:59498 -Dlauncher.properties=C:\git\skysail\skysail.server.app.crm.companies\generated\launch5424394986200909796.properties -Dfile.encoding=UTF-8 
java_command: aQute.launcher.Launcher
java_class_path (initial): C:\Users\graefca\.bnd\cache\https%3A%2F%2Fraw.githubusercontent.com%2Fbndtools%2Fbundle-hub%2Fmaster%2Forg.apache.felix.framework\org.apache.felix.framework-5.4.0.jar;C:\git\skysail\cnf\nonosgi-repo\biz.aQute.launcher\biz.aQute.launcher-latest.jar
Launcher Type: SUN_STANDARD

Environment Variables:
JAVA_HOME=C:\Program Files\Java\jdk1.8.0_51
PATH=C:/Program Files/Java/jre1.8.0_102/bin/server;C:/Program Files/Java/jre1.8.0_102/bin;C:/Program Files/Java/jre1.8.0_102/lib/amd64;C:\Program Files\Haskell\bin;C:\Program Files\Haskell Platform\7.10.2-a\lib\extralibs\bin;C:\Program Files\Haskell Platform\7.10.2-a\bin;C:\ProgramData\Oracle\Java\javapath;C:\oraclexe\app\oracle\product\11.2.0\server\bin;C:\Programme\Ora11203\Client_1\bin;C:\Windows\system32;C:\Windows;C:\Windows\System32\Wbem;C:\Windows\System32\WindowsPowerShell\v1.0\;C:\Program Files (x86)\Subversion\bin;C:\Program Files\Java\jdk1.8.0_51\bin;D:\dev\gradle\bin;c:\Program Files (x86)\Microsoft SQL Server\100\Tools\Binn\;c:\Program Files\Microsoft SQL Server\100\Tools\Binn\;c:\Program Files\Microsoft SQL Server\100\DTS\Binn\;c:\Program Files (x86)\Microsoft SQL Server\100\Tools\Binn\VSShell\Common7\IDE\;c:\Program Files (x86)\Microsoft SQL Server\100\DTS\Bin\;C:\Program Files (x86)\Mono-3.2.3\bin;C:\dev\groovy\bin;C:\tools\apache-ant-1.9.3\bin;C:\Program Files (x86)\Git\cmd;C:\tools\apache-maven-3.1.1\bin;C:\Program Files\TortoiseGit\bin;C:\Program Files (x86)\Enterprise Vault\EVClient\;c:\Program Files (x86)\Microsoft SQL Server\100\DTS\Binn\;C:\Users\graefca\AppData\Local\Mozilla Firefox;C:\tools\jbake-2.4.0\bin;C:\Program Files\Haskell Platform\7.10.2-a\mingw\bin;C:\Program Files\Git\cmd;C:\Program Files\nodejs\;C:\tools\spring-1.4.0.RELEASE\bin;C:\Python27;C:\tools\activator-1.3.10-minimal\bin;C:\Program Files\Amazon\AWSCLI\;C:\Program Files (x86)\GTK2-Runtime\bin;C:\Programme\Gemeinsame Dateien\GTK\2.0\bin;C:\Program Files (x86)\sbt\\bin;C:\Program Files\TortoiseSVN\bin;C:\Users\graefca\AppData\Roaming\cabal\bin;C:\Program Files (x86)\Microsoft VS Code\bin;C:\Users\graefca\AppData\Roaming\npm;C:\Users\graefca\AppData\Local\atom\bin;C:\Program Files (x86)\NSIS;C:\Program Files\Docker Toolbox;C:\Users\graefca\eclipse\java-neon\eclipse;
USERNAME=graefca
OS=Windows_NT
PROCESSOR_IDENTIFIER=Intel64 Family 6 Model 60 Stepping 3, GenuineIntel



---------------  S Y S T E M  ---------------

OS: Windows 7 , 64 bit Build 7601 (6.1.7601.23572)

CPU:total 8 (4 cores per cpu, 2 threads per core) family 6 model 60 stepping 3, cmov, cx8, fxsr, mmx, sse, sse2, sse3, ssse3, sse4.1, sse4.2, popcnt, avx, avx2, aes, clmul, erms, lzcnt, ht, tsc, tscinvbit, bmi1, bmi2

Memory: 4k page, physical 16658648k(3513560k free), swap 33315436k(18330468k free)

vm_info: Java HotSpot(TM) 64-Bit Server VM (25.91-b15) for windows-amd64 JRE (1.8.0_91-b15), built on May 20 2016 17:43:15 by "java_re" with MS VC++ 10.0 (VS2010)

time: Tue Jan 10 16:18:47 2017
elapsed time: 299 seconds (0d 0h 4m 59s)

