INFO  io.skysail.server.app.SkysailApplication - Activating ApplicationModel io.skysail.server.converter.WebappApplication
INFO  io.skysail.server.http.HttpServer - 
INFO  io.skysail.server.http.HttpServer - ====================================
INFO  io.skysail.server.http.HttpServer - Starting skysail server on port 2015
INFO  io.skysail.server.http.HttpServer - ====================================
INFO  io.skysail.server.http.HttpServer - 
INFO  org.eclipse.jetty.util.log - Logging initialized @3047ms
INFO  org.restlet - Starting the Jetty [HTTP/1.1] server on port 2015
INFO  org.eclipse.jetty.server.Server - jetty-9.2.11.v20150529
INFO  org.eclipse.jetty.server.ServerConnector - Started ServerConnector@3de17974{HTTP/1.1}{0.0.0.0:2015}
INFO  org.eclipse.jetty.server.Server - Started @3086ms
INFO  io.skysail.server.app.SkysailApplication - Activating ApplicationModel de.twenty11.skysail.server.webapp.internal.WebappApplication
INFO  io.skysail.server.app.SkysailApplication - Activating ApplicationModel io.skysail.server.text.store.bundleresource.impl.I18nApplication
INFO  io.skysail.server.app.SkysailApplication - Activating ApplicationModel io.skysail.server.app.webconsole.WebconsoleApplication
INFO  io.skysail.server.app.SkysailApplication - setting CORS allowed Origins for application webconsole to [*].
INFO  io.skysail.server.app.SkysailApplication - setting CORS allowed Headers for application webconsole to [*].
INFO  io.skysail.server.app.SkysailApplication - Deactivating ApplicationModel io.skysail.server.app.webconsole.WebconsoleApplication
INFO  io.skysail.server.app.SkysailApplication - Activating ApplicationModel io.skysail.server.app.webconsole.WebconsoleApplication
INFO  io.skysail.server.app.SkysailApplication - setting CORS allowed Origins for application webconsole to [*].
INFO  io.skysail.server.app.SkysailApplication - setting CORS allowed Headers for application webconsole to [*].
