#
# A fatal error has been detected by the Java Runtime Environment:
#
#  EXCEPTION_ACCESS_VIOLATION (0xc0000005) at pc=0x00000000701e8f45, pid=12932, tid=3384
#
# JRE version: Java(TM) SE Runtime Environment (8.0_91-b15) (build 1.8.0_91-b15)
# Java VM: Java HotSpot(TM) 64-Bit Server VM (25.91-b15 mixed mode windows-amd64 compressed oops)
# Problematic frame:
# V  [jvm.dll+0x128f45]
#
# Failed to write core dump. Minidumps are not enabled by default on client versions of Windows
#
# If you would like to submit a bug report, please visit:
#   http://bugreport.java.com/bugreport/crash.jsp
#

---------------  T H R E A D  ---------------

Current thread (0x000000001d9a3800):  JavaThread "JDWP Transport Listener: dt_socket" daemon [_thread_in_vm, id=3384, stack(0x000000001f800000,0x000000001f900000)]

siginfo: ExceptionCode=0xc0000005, reading address 0xffffffffffffffff

Registers:
RAX=0x000000001f8ff301, RBX=0x000000001d9a3800, RCX=0x0001160010000000, RDX=0x0000000000000000
RSP=0x000000001f8ff310, RBP=0x0001160010000000, RSI=0x000000001f8ff428, RDI=0x00000000024b9940
R8 =0x000000001d9a3800, R9 =0x000000000000ff00, R10=0x0000000000000000, R11=0x00131b80001b0007
R12=0x0000000000000000, R13=0x000000001c7cd228, R14=0x0000000000000000, R15=0x0000000000000000
RIP=0x00000000701e8f45, EFLAGS=0x0000000000010206

Top of Stack: (sp=0x000000001f8ff310)
0x000000001f8ff310:   000000001d9a3800 000000001d9a3800
0x000000001f8ff320:   000000001f8ff3d8 00000000703ef32b
0x000000001f8ff330:   000000001d9a3800 000000007040bb8d
0x000000001f8ff340:   0000000000000000 000000006cd09155
0x000000001f8ff350:   0000000022130710 000000006cd1291e
0x000000001f8ff360:   000000001d9a3800 0000000000000000
0x000000001f8ff370:   0000000000000000 0000000000000000
0x000000001f8ff380:   0001160010000000 000000006cd11a15
0x000000001f8ff390:   000000001f8ff428 000000001f8ff400
0x000000001f8ff3a0:   0000000000000001 0000000022130710
0x000000001f8ff3b0:   0001160010000000 000000006ccf53b3
0x000000001f8ff3c0:   000000001f8ff4f0 0000000000000001
0x000000001f8ff3d0:   0000000000000001 0000000022130710
0x000000001f8ff3e0:   0000000000000001 0000000000000000
0x000000001f8ff3f0:   0000000000000000 0000000000000000
0x000000001f8ff400:   0000000000000001 000000006ccf5571 

Instructions: (pc=0x00000000701e8f45)
0x00000000701e8f25:   cc cc cc cc cc cc cc cc cc cc cc 48 83 ec 28 48
0x00000000701e8f35:   85 c9 75 07 33 c0 48 83 c4 28 c3 48 89 5c 24 20
0x00000000701e8f45:   48 8b 19 48 85 db 74 20 48 83 fb 37 74 1a 48 8b
0x00000000701e8f55:   13 48 8b cb ff 52 10 84 c0 74 0d 48 8b c3 48 8b 


Register to memory mapping:

RAX=0x000000001f8ff301 is pointing into the stack for thread: 0x000000001d9a3800
RBX=0x000000001d9a3800 is a thread
RCX=0x0001160010000000 is an unknown value
RDX=0x0000000000000000 is an unknown value
RSP=0x000000001f8ff310 is pointing into the stack for thread: 0x000000001d9a3800
RBP=0x0001160010000000 is an unknown value
RSI=0x000000001f8ff428 is pointing into the stack for thread: 0x000000001d9a3800
RDI=0x00000000024b9940 is an unknown value
R8 =0x000000001d9a3800 is a thread
R9 =0x000000000000ff00 is an unknown value
R10=0x0000000000000000 is an unknown value
R11=0x00131b80001b0007 is an unknown value
R12=0x0000000000000000 is an unknown value
R13=0x000000001c7cd228 is an unknown value
R14=0x0000000000000000 is an unknown value
R15=0x0000000000000000 is an unknown value


Stack: [0x000000001f800000,0x000000001f900000],  sp=0x000000001f8ff310,  free space=1020k
Native frames: (J=compiled Java code, j=interpreted, Vv=VM code, C=native code)
V  [jvm.dll+0x128f45]
V  [jvm.dll+0x34bb8d]
C  [jdwp.dll+0x21a15]
C  [jdwp.dll+0x53b3]
C  [jdwp.dll+0x5571]
C  [jdwp.dll+0xf0a8]
C  [jdwp.dll+0x1f2d5]
C  [jdwp.dll+0x1f4aa]
V  [jvm.dll+0x1bbf38]
V  [jvm.dll+0x243ae4]
V  [jvm.dll+0x29a99a]
C  [msvcr100.dll+0x21d9f]
C  [msvcr100.dll+0x21e3b]
C  [kernel32.dll+0x159cd]
C  [ntdll.dll+0x2a561]


---------------  P R O C E S S  ---------------

Java Threads: ( => current thread )
  0x000000002337c000 JavaThread "java-sdk-http-connection-reaper" daemon [_thread_blocked, id=13652, stack(0x000000002c0e0000,0x000000002c1e0000)]
  0x0000000022252800 JavaThread "EventAdminThread #20" daemon [_thread_blocked, id=14800, stack(0x000000002c900000,0x000000002ca00000)]
  0x0000000022251800 JavaThread "EventAdminThread #19" daemon [_thread_blocked, id=14288, stack(0x000000002c740000,0x000000002c840000)]
  0x0000000022251000 JavaThread "EventAdminThread #18" daemon [_thread_blocked, id=12592, stack(0x000000002c500000,0x000000002c600000)]
  0x0000000022250000 JavaThread "EventAdminThread #17" daemon [_thread_blocked, id=9832, stack(0x000000002c600000,0x000000002c700000)]
  0x000000002224f800 JavaThread "EventAdminThread #16" daemon [_thread_blocked, id=13720, stack(0x000000002c370000,0x000000002c470000)]
  0x000000002224e800 JavaThread "EventAdminThread #15" daemon [_thread_blocked, id=12480, stack(0x000000002c1f0000,0x000000002c2f0000)]
  0x000000002224e000 JavaThread "EventAdminThread #14" daemon [_thread_blocked, id=14772, stack(0x000000002bf70000,0x000000002c070000)]
  0x000000002224d000 JavaThread "EventAdminThread #13" daemon [_thread_blocked, id=10276, stack(0x000000002be30000,0x000000002bf30000)]
  0x000000002224c800 JavaThread "EventAdminThread #12" daemon [_thread_blocked, id=5476, stack(0x000000002bc80000,0x000000002bd80000)]
  0x0000000026b98000 JavaThread "EventAdminThread #11" daemon [_thread_blocked, id=7848, stack(0x000000002bb70000,0x000000002bc70000)]
  0x0000000026b97000 JavaThread "EventAdminThread #10" daemon [_thread_blocked, id=13112, stack(0x000000002ae30000,0x000000002af30000)]
  0x0000000026b96800 JavaThread "EventAdminThread #9" daemon [_thread_blocked, id=13492, stack(0x00000000295d0000,0x00000000296d0000)]
  0x0000000026b95800 JavaThread "EventAdminThread #8" daemon [_thread_blocked, id=14608, stack(0x000000002b820000,0x000000002b920000)]
  0x0000000026b95000 JavaThread "EventAdminThread #7" daemon [_thread_blocked, id=14472, stack(0x000000002b990000,0x000000002ba90000)]
  0x0000000026b94000 JavaThread "EventAdminThread #6" daemon [_thread_blocked, id=3484, stack(0x000000002b700000,0x000000002b800000)]
  0x0000000026b93800 JavaThread "EventAdminThread #5" daemon [_thread_blocked, id=2868, stack(0x000000002b5b0000,0x000000002b6b0000)]
  0x0000000026b92800 JavaThread "EventAdminThread #4" daemon [_thread_blocked, id=10988, stack(0x000000002b080000,0x000000002b180000)]
  0x0000000026b92000 JavaThread "EventAdminThread #3" daemon [_thread_blocked, id=12960, stack(0x000000002b4a0000,0x000000002b5a0000)]
  0x0000000026b91000 JavaThread "EventAdminThread #2" daemon [_thread_blocked, id=8088, stack(0x000000002b330000,0x000000002b430000)]
  0x0000000021caa000 JavaThread "EventAdminThread #1" daemon [_thread_blocked, id=14720, stack(0x000000002ac00000,0x000000002ad00000)]
  0x0000000021ca9800 JavaThread "Scheduler-1923590735" [_thread_blocked, id=8184, stack(0x000000002b180000,0x000000002b280000)]
  0x0000000021ca8800 JavaThread "qtp251915919-77" [_thread_blocked, id=11424, stack(0x000000002af30000,0x000000002b030000)]
  0x0000000021ca8000 JavaThread "qtp251915919-76" [_thread_blocked, id=4600, stack(0x0000000027ef0000,0x0000000027ff0000)]
  0x0000000021ca7000 JavaThread "qtp251915919-75-acceptor-0@5bdf53e3-ServerConnector@5518a6e8{HTTP/1.1}{0.0.0.0:2020}" [_thread_in_native, id=5216, stack(0x000000002ad20000,0x000000002ae20000)]
  0x0000000021ca6800 JavaThread "qtp251915919-74" [_thread_blocked, id=2052, stack(0x000000002a9f0000,0x000000002aaf0000)]
  0x0000000021ca5800 JavaThread "qtp251915919-73-selector-ServerConnectorManager@1801b859/3" [_thread_in_native, id=10812, stack(0x000000002ab00000,0x000000002ac00000)]
  0x0000000021ca5000 JavaThread "qtp251915919-72-selector-ServerConnectorManager@1801b859/2" [_thread_in_native, id=10908, stack(0x00000000294c0000,0x00000000295c0000)]
  0x0000000021ca4000 JavaThread "qtp251915919-71-selector-ServerConnectorManager@1801b859/1" [_thread_in_native, id=10376, stack(0x00000000245b0000,0x00000000246b0000)]
  0x0000000021d0d800 JavaThread "qtp251915919-70-selector-ServerConnectorManager@1801b859/0" [_thread_in_native, id=10460, stack(0x0000000028030000,0x0000000028130000)]
  0x0000000021d0e800 JavaThread "Timer-2" daemon [_thread_blocked, id=9596, stack(0x00000000296e0000,0x00000000297e0000)]
  0x0000000021d0d000 JavaThread "Timer-1" daemon [_thread_blocked, id=12948, stack(0x0000000024290000,0x0000000024390000)]
  0x0000000021d0c000 JavaThread "SCR Component Actor" daemon [_thread_blocked, id=5080, stack(0x0000000022490000,0x0000000022590000)]
  0x0000000021d0b800 JavaThread "Thread-16" [_thread_blocked, id=10180, stack(0x0000000026360000,0x0000000026460000)]
  0x0000000021d00000 JavaThread "Gogo shell" [_thread_in_native, id=11032, stack(0x0000000026250000,0x0000000026350000)]
  0x0000000021d0a800 JavaThread "Thread-15" daemon [_thread_blocked, id=11916, stack(0x0000000025ed0000,0x0000000025fd0000)]
  0x0000000021d0a000 JavaThread "Thread-14" daemon [_thread_blocked, id=10836, stack(0x0000000025cc0000,0x0000000025dc0000)]
  0x0000000021d09000 JavaThread "Thread-13" daemon [_thread_blocked, id=1236, stack(0x0000000025dd0000,0x0000000025ed0000)]
  0x0000000021d08800 JavaThread "Thread-12" daemon [_thread_blocked, id=5400, stack(0x0000000022390000,0x0000000022490000)]
  0x0000000021d07800 JavaThread "Thread-11" daemon [_thread_blocked, id=15084, stack(0x00000000259b0000,0x0000000025ab0000)]
  0x0000000021d07000 JavaThread "Thread-10" daemon [_thread_blocked, id=4560, stack(0x0000000020de0000,0x0000000020ee0000)]
  0x0000000021d05800 JavaThread "Thread-9" daemon [_thread_blocked, id=14620, stack(0x0000000025ae0000,0x0000000025be0000)]
  0x0000000021d06000 JavaThread "Thread-8" daemon [_thread_blocked, id=14344, stack(0x00000000258b0000,0x00000000259b0000)]
  0x0000000021d04800 JavaThread "Thread-6" daemon [_thread_blocked, id=11248, stack(0x00000000257b0000,0x00000000258b0000)]
  0x0000000021d04000 JavaThread "Thread-5" daemon [_thread_blocked, id=13936, stack(0x0000000021160000,0x0000000021260000)]
  0x0000000021d03000 JavaThread "fileinstall-config/local" daemon [_thread_blocked, id=7720, stack(0x0000000023f60000,0x0000000024060000)]
  0x0000000021d02800 JavaThread "Thread-4" daemon [_thread_in_native, id=12696, stack(0x0000000023db0000,0x0000000023eb0000)]
  0x0000000021d01800 JavaThread "CM Event Dispatcher" daemon [_thread_blocked, id=10108, stack(0x0000000022a10000,0x0000000022b10000)]
  0x0000000021cff800 JavaThread "CM Configuration Updater" daemon [_thread_blocked, id=15316, stack(0x0000000022830000,0x0000000022930000)]
  0x0000000021d01000 JavaThread "NanoHttpd Main Listener" [_thread_in_native, id=11120, stack(0x0000000022660000,0x0000000022760000)]
  0x0000000020679800 JavaThread "FelixStartLevel" daemon [_thread_blocked, id=4400, stack(0x00000000212b0000,0x00000000213b0000)]
  0x0000000020885000 JavaThread "FrameworkWaiter" [_thread_blocked, id=14740, stack(0x0000000021060000,0x0000000021160000)]
  0x0000000020745800 JavaThread "FelixFrameworkWiring" daemon [_thread_blocked, id=9844, stack(0x0000000020f00000,0x0000000021000000)]
  0x00000000206ec000 JavaThread "FelixDispatchQueue" [_thread_blocked, id=10924, stack(0x0000000020200000,0x0000000020300000)]
  0x000000001dab0800 JavaThread "Timer-0" daemon [_thread_blocked, id=13376, stack(0x00000000204e0000,0x00000000205e0000)]
  0x000000001da4a000 JavaThread "Service Thread" daemon [_thread_blocked, id=12384, stack(0x00000000200b0000,0x00000000201b0000)]
  0x000000001d9d2000 JavaThread "C1 CompilerThread3" daemon [_thread_blocked, id=9320, stack(0x000000001ff70000,0x0000000020070000)]
  0x000000001d9d1000 JavaThread "C2 CompilerThread2" daemon [_thread_blocked, id=13300, stack(0x000000001fe50000,0x000000001ff50000)]
  0x000000001d9ce000 JavaThread "C2 CompilerThread1" daemon [_thread_blocked, id=4536, stack(0x000000001f700000,0x000000001f800000)]
  0x000000001d9c2000 JavaThread "C2 CompilerThread0" daemon [_thread_blocked, id=5612, stack(0x000000001fd50000,0x000000001fe50000)]
  0x000000001d9b4800 JavaThread "JDWP Command Reader" daemon [_thread_in_native, id=11708, stack(0x000000001fbb0000,0x000000001fcb0000)]
  0x000000001d9b2000 JavaThread "JDWP Event Helper Thread" daemon [_thread_blocked, id=8416, stack(0x000000001fa30000,0x000000001fb30000)]
=>0x000000001d9a3800 JavaThread "JDWP Transport Listener: dt_socket" daemon [_thread_in_vm, id=3384, stack(0x000000001f800000,0x000000001f900000)]
  0x000000001d998000 JavaThread "Attach Listener" daemon [_thread_blocked, id=10952, stack(0x000000001edc0000,0x000000001eec0000)]
  0x000000001d997000 JavaThread "Signal Dispatcher" daemon [_thread_blocked, id=9076, stack(0x000000001ef20000,0x000000001f020000)]
  0x000000001c7d6000 JavaThread "Finalizer" daemon [_thread_blocked, id=14684, stack(0x000000001eca0000,0x000000001eda0000)]
  0x000000001c7cb800 JavaThread "Reference Handler" daemon [_thread_blocked, id=6636, stack(0x000000001eb70000,0x000000001ec70000)]
  0x00000000024bf000 JavaThread "main" [_thread_blocked, id=9464, stack(0x0000000002690000,0x0000000002790000)]

Other Threads:
  0x000000001c7c4800 VMThread [stack: 0x000000001ea10000,0x000000001eb10000] [id=11776]
  0x000000001da6e800 WatcherThread [stack: 0x0000000020330000,0x0000000020430000] [id=14596]

VM state:not at safepoint (normal execution)

VM Mutex/Monitor currently owned by a thread: None

Heap:
 PSYoungGen      total 141824K, used 63411K [0x000000076b400000, 0x0000000779800000, 0x00000007c0000000)
  eden space 131072K, 48% used [0x000000076b400000,0x000000076f1ecd78,0x0000000773400000)
  from space 10752K, 0% used [0x0000000773400000,0x0000000773400000,0x0000000773e80000)
  to   space 17920K, 0% used [0x0000000778680000,0x0000000778680000,0x0000000779800000)
 ParOldGen       total 137216K, used 17771K [0x00000006c1c00000, 0x00000006ca200000, 0x000000076b400000)
  object space 137216K, 12% used [0x00000006c1c00000,0x00000006c2d5acc8,0x00000006ca200000)
 Metaspace       used 40381K, capacity 43658K, committed 43904K, reserved 1087488K
  class space    used 4920K, capacity 5965K, committed 6016K, reserved 1048576K

Card table byte_map: [0x0000000011e20000,0x0000000012620000] byte_map_base: 0x000000000e812000

Marking Bits: (ParMarkBitMap*) 0x00000000708d2f70
 Begin Bits: [0x00000000136c0000, 0x0000000017650000)
 End Bits:   [0x0000000017650000, 0x000000001b5e0000)

Polling page: 0x0000000000240000

CodeCache: size=245760Kb used=13391Kb max_used=13413Kb free=232368Kb
 bounds [0x0000000002a60000, 0x0000000003790000, 0x0000000011a60000]
 total_blobs=4552 nmethods=4016 adapters=456
 compilation: enabled

Compilation events (10 events):
Event: 62.094 Thread 0x000000001d9c2000 4652       4       com.orientechnologies.orient.core.id.ORecordId::hashCode (26 bytes)
Event: 62.095 Thread 0x000000001d9d1000 nmethod 4668 0x0000000002ea59d0 code [0x0000000002ea5b20, 0x0000000002ea5c68]
Event: 62.095 Thread 0x000000001d9c2000 nmethod 4652 0x0000000002d09410 code [0x0000000002d09540, 0x0000000002d095b8]
Event: 62.135 Thread 0x000000001d9ce000 nmethod 4606 0x0000000003784410 code [0x00000000037847c0, 0x0000000003788048]
Event: 65.135 Thread 0x000000001d9d2000 4679       3       java.util.TaskQueue::isEmpty (13 bytes)
Event: 65.135 Thread 0x000000001d9d2000 nmethod 4679 0x0000000002ea5650 code [0x0000000002ea57a0, 0x0000000002ea5950]
Event: 84.776 Thread 0x000000001d9d2000 4680       3       java.util.concurrent.locks.AbstractQueuedSynchronizer::acquireSharedInterruptibly (28 bytes)
Event: 84.776 Thread 0x000000001d9d2000 nmethod 4680 0x0000000002ea4ed0 code [0x0000000002ea5080, 0x0000000002ea54b8]
Event: 89.508 Thread 0x000000001d9d2000 4681       3       java.util.concurrent.ScheduledThreadPoolExecutor::now (4 bytes)
Event: 89.508 Thread 0x000000001d9d2000 nmethod 4681 0x00000000037840d0 code [0x0000000003784220, 0x0000000003784390]

GC Heap History (10 events):
Event: 3.421 GC heap before
{Heap before GC invocations=3 (full 0):
 PSYoungGen      total 76288K, used 53461K [0x000000076b400000, 0x0000000774900000, 0x00000007c0000000)
  eden space 65536K, 65% used [0x000000076b400000,0x000000076ddb5948,0x000000076f400000)
  from space 10752K, 99% used [0x000000076fe80000,0x00000007708ffeb0,0x0000000770900000)
  to   space 10752K, 0% used [0x000000076f400000,0x000000076f400000,0x000000076fe80000)
 ParOldGen       total 175104K, used 8543K [0x00000006c1c00000, 0x00000006cc700000, 0x000000076b400000)
  object space 175104K, 4% used [0x00000006c1c00000,0x00000006c2457d68,0x00000006cc700000)
 Metaspace       used 19518K, capacity 21106K, committed 21248K, reserved 1067008K
  class space    used 2254K, capacity 2702K, committed 2816K, reserved 1048576K
Event: 3.441 GC heap after
Heap after GC invocations=3 (full 0):
 PSYoungGen      total 76288K, used 10743K [0x000000076b400000, 0x0000000774900000, 0x00000007c0000000)
  eden space 65536K, 0% used [0x000000076b400000,0x000000076b400000,0x000000076f400000)
  from space 10752K, 99% used [0x000000076f400000,0x000000076fe7dfe0,0x000000076fe80000)
  to   space 10752K, 0% used [0x0000000773e80000,0x0000000773e80000,0x0000000774900000)
 ParOldGen       total 175104K, used 10566K [0x00000006c1c00000, 0x00000006cc700000, 0x000000076b400000)
  object space 175104K, 6% used [0x00000006c1c00000,0x00000006c2651b90,0x00000006cc700000)
 Metaspace       used 19518K, capacity 21106K, committed 21248K, reserved 1067008K
  class space    used 2254K, capacity 2702K, committed 2816K, reserved 1048576K
}
Event: 3.441 GC heap before
{Heap before GC invocations=4 (full 1):
 PSYoungGen      total 76288K, used 10743K [0x000000076b400000, 0x0000000774900000, 0x00000007c0000000)
  eden space 65536K, 0% used [0x000000076b400000,0x000000076b400000,0x000000076f400000)
  from space 10752K, 99% used [0x000000076f400000,0x000000076fe7dfe0,0x000000076fe80000)
  to   space 10752K, 0% used [0x0000000773e80000,0x0000000773e80000,0x0000000774900000)
 ParOldGen       total 175104K, used 10566K [0x00000006c1c00000, 0x00000006cc700000, 0x000000076b400000)
  object space 175104K, 6% used [0x00000006c1c00000,0x00000006c2651b90,0x00000006cc700000)
 Metaspace       used 19518K, capacity 21106K, committed 21248K, reserved 1067008K
  class space    used 2254K, capacity 2702K, committed 2816K, reserved 1048576K
Event: 3.492 GC heap after
Heap after GC invocations=4 (full 1):
 PSYoungGen      total 76288K, used 0K [0x000000076b400000, 0x0000000774900000, 0x00000007c0000000)
  eden space 65536K, 0% used [0x000000076b400000,0x000000076b400000,0x000000076f400000)
  from space 10752K, 0% used [0x000000076f400000,0x000000076f400000,0x000000076fe80000)
  to   space 10752K, 0% used [0x0000000773e80000,0x0000000773e80000,0x0000000774900000)
 ParOldGen       total 104448K, used 12397K [0x00000006c1c00000, 0x00000006c8200000, 0x000000076b400000)
  object space 104448K, 11% used [0x00000006c1c00000,0x00000006c281b5b0,0x00000006c8200000)
 Metaspace       used 19518K, capacity 21106K, committed 21248K, reserved 1067008K
  class space    used 2254K, capacity 2702K, committed 2816K, reserved 1048576K
}
Event: 4.298 GC heap before
{Heap before GC invocations=5 (full 1):
 PSYoungGen      total 76288K, used 65536K [0x000000076b400000, 0x0000000774900000, 0x00000007c0000000)
  eden space 65536K, 100% used [0x000000076b400000,0x000000076f400000,0x000000076f400000)
  from space 10752K, 0% used [0x000000076f400000,0x000000076f400000,0x000000076fe80000)
  to   space 10752K, 0% used [0x0000000773e80000,0x0000000773e80000,0x0000000774900000)
 ParOldGen       total 104448K, used 12397K [0x00000006c1c00000, 0x00000006c8200000, 0x000000076b400000)
  object space 104448K, 11% used [0x00000006c1c00000,0x00000006c281b5b0,0x00000006c8200000)
 Metaspace       used 29630K, capacity 31718K, committed 32000K, reserved 1077248K
  class space    used 3534K, capacity 4252K, committed 4352K, reserved 1048576K
Event: 4.308 GC heap after
Heap after GC invocations=5 (full 1):
 PSYoungGen      total 119296K, used 10729K [0x000000076b400000, 0x0000000774900000, 0x00000007c0000000)
  eden space 108544K, 0% used [0x000000076b400000,0x000000076b400000,0x0000000771e00000)
  from space 10752K, 99% used [0x0000000773e80000,0x00000007748fa4b8,0x0000000774900000)
  to   space 10752K, 0% used [0x0000000773400000,0x0000000773400000,0x0000000773e80000)
 ParOldGen       total 104448K, used 12440K [0x00000006c1c00000, 0x00000006c8200000, 0x000000076b400000)
  object space 104448K, 11% used [0x00000006c1c00000,0x00000006c2826330,0x00000006c8200000)
 Metaspace       used 29630K, capacity 31718K, committed 32000K, reserved 1077248K
  class space    used 3534K, capacity 4252K, committed 4352K, reserved 1048576K
}
Event: 4.789 GC heap before
{Heap before GC invocations=6 (full 1):
 PSYoungGen      total 119296K, used 81797K [0x000000076b400000, 0x0000000774900000, 0x00000007c0000000)
  eden space 108544K, 65% used [0x000000076b400000,0x000000076f9670f8,0x0000000771e00000)
  from space 10752K, 99% used [0x0000000773e80000,0x00000007748fa4b8,0x0000000774900000)
  to   space 10752K, 0% used [0x0000000773400000,0x0000000773400000,0x0000000773e80000)
 ParOldGen       total 104448K, used 12440K [0x00000006c1c00000, 0x00000006c8200000, 0x000000076b400000)
  object space 104448K, 11% used [0x00000006c1c00000,0x00000006c2826330,0x00000006c8200000)
 Metaspace       used 32535K, capacity 35290K, committed 35416K, reserved 1079296K
  class space    used 3928K, capacity 4786K, committed 4864K, reserved 1048576K
Event: 4.896 GC heap after
Heap after GC invocations=6 (full 1):
 PSYoungGen      total 141824K, used 8699K [0x000000076b400000, 0x0000000779800000, 0x00000007c0000000)
  eden space 131072K, 0% used [0x000000076b400000,0x000000076b400000,0x0000000773400000)
  from space 10752K, 80% used [0x0000000773400000,0x0000000773c7ec30,0x0000000773e80000)
  to   space 17920K, 0% used [0x0000000778680000,0x0000000778680000,0x0000000779800000)
 ParOldGen       total 104448K, used 12448K [0x00000006c1c00000, 0x00000006c8200000, 0x000000076b400000)
  object space 104448K, 11% used [0x00000006c1c00000,0x00000006c2828330,0x00000006c8200000)
 Metaspace       used 32535K, capacity 35290K, committed 35416K, reserved 1079296K
  class space    used 3928K, capacity 4786K, committed 4864K, reserved 1048576K
}
Event: 4.896 GC heap before
{Heap before GC invocations=7 (full 2):
 PSYoungGen      total 141824K, used 8699K [0x000000076b400000, 0x0000000779800000, 0x00000007c0000000)
  eden space 131072K, 0% used [0x000000076b400000,0x000000076b400000,0x0000000773400000)
  from space 10752K, 80% used [0x0000000773400000,0x0000000773c7ec30,0x0000000773e80000)
  to   space 17920K, 0% used [0x0000000778680000,0x0000000778680000,0x0000000779800000)
 ParOldGen       total 104448K, used 12448K [0x00000006c1c00000, 0x00000006c8200000, 0x000000076b400000)
  object space 104448K, 11% used [0x00000006c1c00000,0x00000006c2828330,0x00000006c8200000)
 Metaspace       used 32535K, capacity 35290K, committed 35416K, reserved 1079296K
  class space    used 3928K, capacity 4786K, committed 4864K, reserved 1048576K
Event: 4.963 GC heap after
Heap after GC invocations=7 (full 2):
 PSYoungGen      total 141824K, used 0K [0x000000076b400000, 0x0000000779800000, 0x00000007c0000000)
  eden space 131072K, 0% used [0x000000076b400000,0x000000076b400000,0x0000000773400000)
  from space 10752K, 0% used [0x0000000773400000,0x0000000773400000,0x0000000773e80000)
  to   space 17920K, 0% used [0x0000000778680000,0x0000000778680000,0x0000000779800000)
 ParOldGen       total 137216K, used 17771K [0x00000006c1c00000, 0x00000006ca200000, 0x000000076b400000)
  object space 137216K, 12% used [0x00000006c1c00000,0x00000006c2d5acc8,0x00000006ca200000)
 Metaspace       used 32535K, capacity 35290K, committed 35416K, reserved 1079296K
  class space    used 3928K, capacity 4786K, committed 4864K, reserved 1048576K
}

Deoptimization events (10 events):
Event: 6.125 Thread 0x0000000022253000 Uncommon trap: reason=range_check action=none pc=0x00000000031faf24 method=sun.reflect.generics.parser.SignatureParser.current()C @ 34
Event: 6.125 Thread 0x0000000022253000 Uncommon trap: reason=range_check action=none pc=0x00000000031faf24 method=sun.reflect.generics.parser.SignatureParser.current()C @ 34
Event: 6.126 Thread 0x0000000022253000 Uncommon trap: reason=range_check action=none pc=0x00000000031faf24 method=sun.reflect.generics.parser.SignatureParser.current()C @ 34
Event: 6.131 Thread 0x0000000022253000 Uncommon trap: reason=range_check action=none pc=0x00000000031faf24 method=sun.reflect.generics.parser.SignatureParser.current()C @ 34
Event: 62.048 Thread 0x00000000024bf000 Uncommon trap: reason=range_check action=none pc=0x00000000031faf24 method=sun.reflect.generics.parser.SignatureParser.current()C @ 34
Event: 62.071 Thread 0x00000000024bf000 Uncommon trap: reason=range_check action=none pc=0x00000000031faf24 method=sun.reflect.generics.parser.SignatureParser.current()C @ 34
Event: 62.085 Thread 0x00000000024bf000 Uncommon trap: reason=unhandled action=none pc=0x000000000372541c method=org.apache.felix.framework.BundleWiringImpl.findClassOrResourceByDelegation(Ljava/lang/String;Z)Ljava/lang/Object; @ 333
Event: 62.085 Thread 0x00000000024bf000 Uncommon trap: reason=unhandled action=none pc=0x000000000372541c method=org.apache.felix.framework.BundleWiringImpl.findClassOrResourceByDelegation(Ljava/lang/String;Z)Ljava/lang/Object; @ 333
Event: 62.085 Thread 0x00000000024bf000 Uncommon trap: reason=unhandled action=none pc=0x000000000372541c method=org.apache.felix.framework.BundleWiringImpl.findClassOrResourceByDelegation(Ljava/lang/String;Z)Ljava/lang/Object; @ 333
Event: 62.086 Thread 0x00000000024bf000 Uncommon trap: reason=unhandled action=none pc=0x000000000372541c method=org.apache.felix.framework.BundleWiringImpl.findClassOrResourceByDelegation(Ljava/lang/String;Z)Ljava/lang/Object; @ 333

Internal exceptions (10 events):
Event: 5.387 Thread 0x0000000022253000 Exception <a 'java/lang/ArrayIndexOutOfBoundsException': 78> (0x000000076d7e4ae0) thrown at [C:\re\workspace\8-2-build-windows-amd64-cygwin\jdk8u91\7017\hotspot\src\share\vm\interpreter\interpreterRuntime.cpp, line 366]
Event: 5.392 Thread 0x0000000022253000 Exception <a 'java/lang/ArrayIndexOutOfBoundsException': 28> (0x000000076d82b2d0) thrown at [C:\re\workspace\8-2-build-windows-amd64-cygwin\jdk8u91\7017\hotspot\src\share\vm\interpreter\interpreterRuntime.cpp, line 366]
Event: 5.393 Thread 0x0000000022253000 Exception <a 'java/lang/ArrayIndexOutOfBoundsException': 28> (0x000000076d83c3c8) thrown at [C:\re\workspace\8-2-build-windows-amd64-cygwin\jdk8u91\7017\hotspot\src\share\vm\interpreter\interpreterRuntime.cpp, line 366]
Event: 6.122 Thread 0x0000000022253000 Exception <a 'java/lang/ArrayIndexOutOfBoundsException': 154> (0x000000076e894ec8) thrown at [C:\re\workspace\8-2-build-windows-amd64-cygwin\jdk8u91\7017\hotspot\src\share\vm\interpreter\interpreterRuntime.cpp, line 366]
Event: 6.125 Thread 0x0000000022253000 Exception <a 'java/lang/ArrayIndexOutOfBoundsException': 66> (0x000000076e8c1e70) thrown at [C:\re\workspace\8-2-build-windows-amd64-cygwin\jdk8u91\7017\hotspot\src\share\vm\interpreter\interpreterRuntime.cpp, line 366]
Event: 6.125 Thread 0x0000000022253000 Exception <a 'java/lang/ArrayIndexOutOfBoundsException': 92> (0x000000076e8c34c8) thrown at [C:\re\workspace\8-2-build-windows-amd64-cygwin\jdk8u91\7017\hotspot\src\share\vm\interpreter\interpreterRuntime.cpp, line 366]
Event: 6.126 Thread 0x0000000022253000 Exception <a 'java/lang/ArrayIndexOutOfBoundsException': 56> (0x000000076e8c5700) thrown at [C:\re\workspace\8-2-build-windows-amd64-cygwin\jdk8u91\7017\hotspot\src\share\vm\interpreter\interpreterRuntime.cpp, line 366]
Event: 6.131 Thread 0x0000000022253000 Exception <a 'java/lang/ArrayIndexOutOfBoundsException': 28> (0x000000076e918cd8) thrown at [C:\re\workspace\8-2-build-windows-amd64-cygwin\jdk8u91\7017\hotspot\src\share\vm\interpreter\interpreterRuntime.cpp, line 366]
Event: 62.049 Thread 0x00000000024bf000 Exception <a 'java/lang/ArrayIndexOutOfBoundsException': 134> (0x000000076c5e6140) thrown at [C:\re\workspace\8-2-build-windows-amd64-cygwin\jdk8u91\7017\hotspot\src\share\vm\interpreter\interpreterRuntime.cpp, line 366]
Event: 62.071 Thread 0x00000000024bf000 Exception <a 'java/lang/ArrayIndexOutOfBoundsException': 137> (0x000000076eb9fb50) thrown at [C:\re\workspace\8-2-build-windows-amd64-cygwin\jdk8u91\7017\hotspot\src\share\vm\interpreter\interpreterRuntime.cpp, line 366]

Events (10 events):
Event: 73.316 Thread 0x0000000022253000 Thread added: 0x0000000022253000
Event: 73.816 Executing VM operation: RevokeBias
Event: 73.816 Executing VM operation: RevokeBias done
Event: 73.816 Thread 0x0000000022253000 Thread exited: 0x0000000022253000
Event: 98.976 Executing VM operation: ChangeBreakpoints
Event: 98.976 Executing VM operation: ChangeBreakpoints done
Event: 98.976 Executing VM operation: ChangeBreakpoints
Event: 98.976 Executing VM operation: ChangeBreakpoints done
Event: 99.029 Executing VM operation: RedefineClasses
Event: 99.059 Executing VM operation: RedefineClasses done


Dynamic libraries:
0x000000013f8b0000 - 0x000000013f8e7000 	C:\Program Files\Java\jre1.8.0_91\bin\javaw.exe
0x00000000771f0000 - 0x000000007739a000 	C:\Windows\SYSTEM32\ntdll.dll
0x00000000770d0000 - 0x00000000771ef000 	C:\Windows\system32\kernel32.dll
0x000007fefcff0000 - 0x000007fefd05a000 	C:\Windows\system32\KERNELBASE.dll
0x000007fefd360000 - 0x000007fefd43b000 	C:\Windows\system32\ADVAPI32.dll
0x000007fefeb60000 - 0x000007fefebff000 	C:\Windows\system32\msvcrt.dll
0x000007feff4e0000 - 0x000007feff4ff000 	C:\Windows\SYSTEM32\sechost.dll
0x000007fefe990000 - 0x000007fefeabd000 	C:\Windows\system32\RPCRT4.dll
0x0000000076fd0000 - 0x00000000770ca000 	C:\Windows\system32\USER32.dll
0x000007fefd9c0000 - 0x000007fefda27000 	C:\Windows\system32\GDI32.dll
0x000007fefda30000 - 0x000007fefda3e000 	C:\Windows\system32\LPK.dll
0x000007fefd4a0000 - 0x000007fefd56a000 	C:\Windows\system32\USP10.dll
0x000007fefc800000 - 0x000007fefc9f4000 	C:\Windows\WinSxS\amd64_microsoft.windows.common-controls_6595b64144ccf1df_6.0.7601.23403_none_e36ad4593102f066\COMCTL32.dll
0x000007fefd2e0000 - 0x000007fefd351000 	C:\Windows\system32\SHLWAPI.dll
0x000007fefecf0000 - 0x000007fefed1e000 	C:\Windows\system32\IMM32.DLL
0x000007fefd8b0000 - 0x000007fefd9b9000 	C:\Windows\system32\MSCTF.dll
0x0000000074c70000 - 0x0000000074ca9000 	C:\PROGRA~2\Sophos\SOPHOS~1\SOPHOS~2.DLL
0x00000000773c0000 - 0x00000000773c7000 	C:\Windows\system32\PSAPI.DLL
0x0000000078be0000 - 0x0000000078cb2000 	C:\Program Files\Java\jre1.8.0_91\bin\msvcr100.dll
0x00000000700c0000 - 0x0000000070953000 	C:\Program Files\Java\jre1.8.0_91\bin\server\jvm.dll
0x000007fefb260000 - 0x000007fefb269000 	C:\Windows\system32\WSOCK32.dll
0x000007fefeca0000 - 0x000007fefeced000 	C:\Windows\system32\WS2_32.dll
0x000007fefda40000 - 0x000007fefda48000 	C:\Windows\system32\NSI.dll
0x000007fefaa50000 - 0x000007fefaa8b000 	C:\Windows\system32\WINMM.dll
0x000007fefc020000 - 0x000007fefc02c000 	C:\Windows\system32\VERSION.dll
0x0000000050220000 - 0x000000005022f000 	C:\Program Files\Java\jre1.8.0_91\bin\verify.dll
0x0000000077560000 - 0x0000000077589000 	C:\Program Files\Java\jre1.8.0_91\bin\java.dll
0x000000006ccf0000 - 0x000000006cd25000 	C:\Program Files\Java\jre1.8.0_91\bin\jdwp.dll
0x0000000052ca0000 - 0x0000000052ca8000 	C:\Program Files\Java\jre1.8.0_91\bin\npt.dll
0x0000000070980000 - 0x0000000070996000 	C:\Program Files\Java\jre1.8.0_91\bin\zip.dll
0x000007fefda50000 - 0x000007fefe7da000 	C:\Windows\system32\SHELL32.dll
0x000007fefed20000 - 0x000007fefef23000 	C:\Windows\system32\ole32.dll
0x000007fefcf20000 - 0x000007fefcf2f000 	C:\Windows\system32\profapi.dll
0x0000000050000000 - 0x0000000050009000 	C:\Program Files\Java\jre1.8.0_91\bin\dt_socket.dll
0x000007fefaa20000 - 0x000007fefaa35000 	C:\Windows\system32\NLAapi.dll
0x000007fef9b40000 - 0x000007fef9b55000 	C:\Windows\system32\napinsp.dll
0x000007fef9a60000 - 0x000007fef9a79000 	C:\Windows\system32\pnrpnsp.dll
0x000007fefc3c0000 - 0x000007fefc415000 	C:\Windows\System32\mswsock.dll
0x000007fefc240000 - 0x000007fefc29b000 	C:\Windows\system32\DNSAPI.dll
0x000007fef9a50000 - 0x000007fef9a5b000 	C:\Windows\System32\winrnr.dll
0x000007fefb640000 - 0x000007fefb667000 	C:\Windows\system32\IPHLPAPI.DLL
0x000007fefb8e0000 - 0x000007fefb8eb000 	C:\Windows\system32\WINNSI.DLL
0x000007fef99b0000 - 0x000007fef9a03000 	C:\Windows\System32\fwpuclnt.dll
0x000007fef99a0000 - 0x000007fef99a8000 	C:\Windows\system32\rasadhlp.dll
0x000007fefb8f0000 - 0x000007fefb91f000 	C:\ProgramData\Sophos\Web Intelligence\swi_ifslsp_64.dll
0x000007fefb8d0000 - 0x000007fefb8d7000 	C:\Windows\System32\wshtcpip.dll
0x000000006ff90000 - 0x000000006ffaa000 	C:\Program Files\Java\jre1.8.0_91\bin\net.dll
0x000007fefc3b0000 - 0x000007fefc3b7000 	C:\Windows\System32\wship6.dll
0x000007fefc420000 - 0x000007fefc438000 	C:\Windows\system32\CRYPTSP.dll
0x000007fefc120000 - 0x000007fefc167000 	C:\Windows\system32\rsaenh.dll
0x000007fefd080000 - 0x000007fefd09f000 	C:\Windows\system32\USERENV.dll
0x000007fefcd60000 - 0x000007fefcd6f000 	C:\Windows\system32\CRYPTBASE.dll
0x000007fef9a10000 - 0x000007fef9a21000 	C:\Windows\system32\dhcpcsvc6.DLL
0x000007fef9a30000 - 0x000007fef9a48000 	C:\Windows\system32\dhcpcsvc.DLL
0x000000006f470000 - 0x000000006f481000 	C:\Program Files\Java\jre1.8.0_91\bin\nio.dll
0x00000000775e0000 - 0x00000000775ed000 	C:\Program Files\Java\jre1.8.0_91\bin\management.dll
0x0000000070bb0000 - 0x0000000070bd4000 	C:\Program Files\Java\jre1.8.0_91\bin\sunec.dll
0x000007fefbae0000 - 0x000007fefbc05000 	C:\Windows\system32\dbghelp.dll

VM Arguments:
jvm_args: -agentlib:jdwp=transport=dt_socket,suspend=y,address=localhost:50926 -ea -Dlauncher.properties=C:\git\skysail\skysail.server.app.notes\generated\launch8020901366822351759.properties -Dfile.encoding=UTF-8 
java_command: aQute.launcher.Launcher
java_class_path (initial): C:\Users\graefca\.bnd\cache\https%3A%2F%2Fraw.githubusercontent.com%2Fbndtools%2Fbundle-hub%2Fmaster%2Forg.apache.felix.framework\org.apache.felix.framework-5.4.0.jar;C:\git\skysail\cnf\nonosgi-repo\biz.aQute.launcher\biz.aQute.launcher-latest.jar
Launcher Type: SUN_STANDARD

Environment Variables:
JAVA_HOME=C:\Program Files\Java\jdk1.8.0_51
PATH=C:/Program Files/Java/jre1.8.0_102/bin/server;C:/Program Files/Java/jre1.8.0_102/bin;C:/Program Files/Java/jre1.8.0_102/lib/amd64;C:\Program Files\Haskell\bin;C:\Program Files\Haskell Platform\7.10.2-a\lib\extralibs\bin;C:\Program Files\Haskell Platform\7.10.2-a\bin;C:\ProgramData\Oracle\Java\javapath;C:\oraclexe\app\oracle\product\11.2.0\server\bin;C:\Programme\Ora11203\Client_1\bin;C:\Windows\system32;C:\Windows;C:\Windows\System32\Wbem;C:\Windows\System32\WindowsPowerShell\v1.0\;C:\Program Files (x86)\Subversion\bin;C:\Program Files\Java\jdk1.8.0_51\bin;D:\dev\gradle\bin;c:\Program Files (x86)\Microsoft SQL Server\100\Tools\Binn\;c:\Program Files\Microsoft SQL Server\100\Tools\Binn\;c:\Program Files\Microsoft SQL Server\100\DTS\Binn\;c:\Program Files (x86)\Microsoft SQL Server\100\Tools\Binn\VSShell\Common7\IDE\;c:\Program Files (x86)\Microsoft SQL Server\100\DTS\Bin\;C:\Program Files (x86)\Mono-3.2.3\bin;C:\dev\groovy\bin;C:\tools\apache-ant-1.9.3\bin;C:\Program Files (x86)\Git\cmd;C:\tools\apache-maven-3.1.1\bin;C:\Program Files\TortoiseGit\bin;C:\Program Files (x86)\Enterprise Vault\EVClient\;c:\Program Files (x86)\Microsoft SQL Server\100\DTS\Binn\;C:\Users\graefca\AppData\Local\Mozilla Firefox;C:\tools\jbake-2.4.0\bin;C:\Program Files\Haskell Platform\7.10.2-a\mingw\bin;C:\Program Files\Git\cmd;C:\Program Files\nodejs\;C:\tools\spring-1.4.0.RELEASE\bin;C:\Python27;C:\tools\activator-1.3.10-minimal\bin;C:\Program Files\Amazon\AWSCLI\;C:\Program Files (x86)\GTK2-Runtime\bin;C:\Programme\Gemeinsame Dateien\GTK\2.0\bin;C:\Program Files (x86)\sbt\\bin;C:\Program Files\TortoiseSVN\bin;C:\Users\graefca\AppData\Roaming\cabal\bin;C:\Program Files (x86)\Microsoft VS Code\bin;C:\Users\graefca\AppData\Roaming\npm;C:\Users\graefca\AppData\Local\atom\bin;C:\Program Files (x86)\NSIS;C:\Program Files\Docker Toolbox;C:\Users\graefca\eclipse\java-neon\eclipse;
USERNAME=graefca
OS=Windows_NT
PROCESSOR_IDENTIFIER=Intel64 Family 6 Model 60 Stepping 3, GenuineIntel



---------------  S Y S T E M  ---------------

OS: Windows 7 , 64 bit Build 7601 (6.1.7601.23572)

CPU:total 8 (4 cores per cpu, 2 threads per core) family 6 model 60 stepping 3, cmov, cx8, fxsr, mmx, sse, sse2, sse3, ssse3, sse4.1, sse4.2, popcnt, avx, avx2, aes, clmul, erms, lzcnt, ht, tsc, tscinvbit, bmi1, bmi2

Memory: 4k page, physical 16658648k(2465312k free), swap 33315436k(16621400k free)

vm_info: Java HotSpot(TM) 64-Bit Server VM (25.91-b15) for windows-amd64 JRE (1.8.0_91-b15), built on May 20 2016 17:43:15 by "java_re" with MS VC++ 10.0 (VS2010)

time: Thu Dec 29 11:30:32 2016
elapsed time: 99 seconds (0d 0h 1m 39s)

