#
# A fatal error has been detected by the Java Runtime Environment:
#
#  EXCEPTION_ACCESS_VIOLATION (0xc0000005) at pc=0x0000000077bceef1, pid=13336, tid=16264
#
# JRE version: Java(TM) SE Runtime Environment (8.0_91-b15) (build 1.8.0_91-b15)
# Java VM: Java HotSpot(TM) 64-Bit Server VM (25.91-b15 mixed mode windows-amd64 compressed oops)
# Problematic frame:
# C  [ntdll.dll+0x4eef1]
#
# Failed to write core dump. Minidumps are not enabled by default on client versions of Windows
#
# If you would like to submit a bug report, please visit:
#   http://bugreport.java.com/bugreport/crash.jsp
#

---------------  T H R E A D  ---------------

Current thread (0x000000001d21b800):  JavaThread "JDWP Transport Listener: dt_socket" daemon [_thread_in_vm, id=16264, stack(0x000000001ef40000,0x000000001f040000)]

siginfo: ExceptionCode=0xc0000005, reading address 0x000008c0bf6250c8

Registers:
RAX=0x000000002656ba40, RBX=0x000008c0bf6250c0, RCX=0x000000ffffffffff, RDX=0x0000000000000000
RSP=0x000000001f03eee0, RBP=0x00000000211fe330, RSI=0x0000000000000000, RDI=0x0000000000000000
R8 =0x00000000211fe320, R9 =0x000000000000ff00, R10=0x54676e697274532f, R11=0x6553306e00870111
R12=0x0000000001fb0000, R13=0x000000001d222ef8, R14=0x0000000000000000, R15=0x0000000000000000
RIP=0x0000000077bceef1, EFLAGS=0x0000000000010206

Top of Stack: (sp=0x000000001f03eee0)
0x000000001f03eee0:   0000000000000018 0000000000000007
0x000000001f03eef0:   0000000000000018 0000000000000007
0x000000001f03ef00:   000000001d222b10 0000000078888d17
0x000000001f03ef10:   000000001d222c25 000000006fba21da
0x000000001f03ef20:   0000000000000000 0000000000000000
0x000000001f03ef30:   0000000000000000 0000000001fb98b0
0x000000001f03ef40:   00000000211fe330 000000001f03f0c0
0x000000001f03ef50:   000000001d21b800 0000000077981a0a
0x000000001f03ef60:   000000001d21b800 000000001d222ef8
0x000000001f03ef70:   000000001d222ef8 0000000001fb98b0
0x000000001f03ef80:   000000001d21b800 0000000078888d94
0x000000001f03ef90:   0000000025433710 000000006d262871
0x000000001f03efa0:   000000000000008c 0000000000000008
0x000000001f03efb0:   000000001d21b800 000000006fba2249
0x000000001f03efc0:   0000000001fb98b0 000000006d259155
0x000000001f03efd0:   000000001d21b800 000000001d21b800 

Instructions: (pc=0x0000000077bceef1)
0x0000000077bceed1:   ff ff 00 00 00 49 33 dc 48 23 c1 48 c1 eb 04 48
0x0000000077bceee1:   33 d8 48 33 1d de f4 0c 00 48 c1 e3 04 0f 0d 0b
0x0000000077bceef1:   48 8b 7b 08 49 bd 01 00 00 00 01 00 00 00 49 be
0x0000000077bcef01:   ff 7f 00 00 ff ff ff ff 41 c6 40 0f 80 41 88 70 


Register to memory mapping:

RAX=0x000000002656ba40 is an unknown value
RBX=0x000008c0bf6250c0 is an unknown value
RCX=0x000000ffffffffff is an unknown value
RDX=0x0000000000000000 is an unknown value
RSP=0x000000001f03eee0 is pointing into the stack for thread: 0x000000001d21b800
RBP=0x00000000211fe330 is an unknown value
RSI=0x0000000000000000 is an unknown value
RDI=0x0000000000000000 is an unknown value
R8 =0x00000000211fe320 is an unknown value
R9 =0x000000000000ff00 is an unknown value
R10=0x54676e697274532f is an unknown value
R11=0x6553306e00870111 is an unknown value
R12=0x0000000001fb0000 is an unknown value
R13=0x000000001d222ef8 is an unknown value
R14=0x0000000000000000 is an unknown value
R15=0x0000000000000000 is an unknown value


Stack: [0x000000001ef40000,0x000000001f040000],  sp=0x000000001f03eee0,  free space=1019k
Native frames: (J=compiled Java code, j=interpreted, Vv=VM code, C=native code)
C  [ntdll.dll+0x4eef1]
C  [kernel32.dll+0x21a0a]
C  [msvcr100.dll+0x68d94]
V  [jvm.dll+0x1a2249]
V  [jvm.dll+0x32f2b6]
C  [jdwp.dll+0x2291e]
C  [jdwp.dll+0x5461]
C  [jdwp.dll+0x5571]
C  [jdwp.dll+0xf0a8]
C  [jdwp.dll+0x1f2d5]
C  [jdwp.dll+0x1f4aa]
V  [jvm.dll+0x1bbf38]
V  [jvm.dll+0x243ae4]
V  [jvm.dll+0x29a99a]
C  [msvcr100.dll+0x21d9f]
C  [msvcr100.dll+0x21e3b]
C  [kernel32.dll+0x159bd]
C  [ntdll.dll+0x2a2e1]


---------------  P R O C E S S  ---------------

Java Threads: ( => current thread )
  0x0000000025c20000 JavaThread "EventAdminThread #1" daemon [_thread_blocked, id=16732, stack(0x000000002ab20000,0x000000002ac20000)]
  0x0000000025c1f000 JavaThread "HttpClient@1324468847-96" [_thread_blocked, id=15416, stack(0x000000002a3c0000,0x000000002a4c0000)]
  0x0000000025c1e800 JavaThread "HttpClient@1324468847-95" [_thread_blocked, id=15468, stack(0x000000002a290000,0x000000002a390000)]
  0x0000000025c1d800 JavaThread "HttpClient@1324468847-94" [_thread_blocked, id=11984, stack(0x000000002a180000,0x000000002a280000)]
  0x0000000025c1d000 JavaThread "HttpClient@1324468847-93" [_thread_blocked, id=14416, stack(0x0000000029f80000,0x000000002a080000)]
  0x0000000025c1c000 JavaThread "HttpClient@1324468847-92-selector-ClientSelectorManager@4fdd88fd/3" [_thread_in_native, id=14300, stack(0x0000000029ce0000,0x0000000029de0000)]
  0x0000000020df0800 JavaThread "HttpClient@1324468847-91-selector-ClientSelectorManager@4fdd88fd/2" [_thread_in_native, id=7312, stack(0x0000000029e00000,0x0000000029f00000)]
  0x0000000020def800 JavaThread "HttpClient@1324468847-90-selector-ClientSelectorManager@4fdd88fd/1" [_thread_in_native, id=8552, stack(0x0000000029b20000,0x0000000029c20000)]
  0x0000000020def000 JavaThread "HttpClient@1324468847-89-selector-ClientSelectorManager@4fdd88fd/0" [_thread_in_native, id=16688, stack(0x00000000298a0000,0x00000000299a0000)]
  0x0000000020dee000 JavaThread "HttpClient@1364858420-88" [_thread_blocked, id=14728, stack(0x0000000029a20000,0x0000000029b20000)]
  0x0000000020ded800 JavaThread "HttpClient@1364858420-87" [_thread_blocked, id=16580, stack(0x0000000029790000,0x0000000029890000)]
  0x0000000020dec800 JavaThread "HttpClient@1364858420-86" [_thread_blocked, id=10924, stack(0x0000000029060000,0x0000000029160000)]
  0x0000000020deb800 JavaThread "HttpClient@1364858420-85" [_thread_blocked, id=10208, stack(0x00000000295d0000,0x00000000296d0000)]
  0x0000000020deb000 JavaThread "HttpClient@1364858420-84-selector-ClientSelectorManager@3b7e89a9/3" [_thread_in_native, id=9012, stack(0x0000000029400000,0x0000000029500000)]
  0x0000000020dea000 JavaThread "HttpClient@1364858420-83-selector-ClientSelectorManager@3b7e89a9/2" [_thread_in_native, id=5276, stack(0x00000000291f0000,0x00000000292f0000)]
  0x0000000020de9800 JavaThread "HttpClient@1364858420-82-selector-ClientSelectorManager@3b7e89a9/1" [_thread_in_native, id=2656, stack(0x0000000028e30000,0x0000000028f30000)]
  0x0000000022f90800 JavaThread "HttpClient@1364858420-81-selector-ClientSelectorManager@3b7e89a9/0" [_thread_in_native, id=16372, stack(0x0000000028f40000,0x0000000029040000)]
  0x0000000022f90000 JavaThread "Scheduler-2000603780" [_thread_blocked, id=8668, stack(0x0000000028a70000,0x0000000028b70000)]
  0x0000000022f8f000 JavaThread "Scheduler-853913427" [_thread_blocked, id=1976, stack(0x0000000028050000,0x0000000028150000)]
  0x0000000022f8e800 JavaThread "qtp1924318701-77" [_thread_blocked, id=12564, stack(0x0000000028600000,0x0000000028700000)]
  0x0000000022f8d800 JavaThread "qtp1924318701-76" [_thread_blocked, id=13380, stack(0x00000000284a0000,0x00000000285a0000)]
  0x0000000022f8d000 JavaThread "qtp1924318701-75" [_thread_blocked, id=16128, stack(0x0000000028300000,0x0000000028400000)]
  0x0000000022f8c000 JavaThread "qtp1924318701-74-acceptor-0@648f76e9-ServerConnector@6a489408{HTTP/1.1}{0.0.0.0:2020}" [_thread_in_native, id=16028, stack(0x0000000028190000,0x0000000028290000)]
  0x0000000022f8b800 JavaThread "qtp1924318701-73-selector-ServerConnectorManager@254a5199/3" [_thread_in_native, id=17116, stack(0x00000000209b0000,0x0000000020ab0000)]
  0x0000000022f8a800 JavaThread "qtp1924318701-72-selector-ServerConnectorManager@254a5199/1" [_thread_in_native, id=12412, stack(0x0000000027f00000,0x0000000028000000)]
  0x0000000022f8a000 JavaThread "qtp1924318701-71-selector-ServerConnectorManager@254a5199/0" [_thread_in_native, id=15968, stack(0x0000000024b40000,0x0000000024c40000)]
  0x00000000201db800 JavaThread "qtp1924318701-70-selector-ServerConnectorManager@254a5199/2" [_thread_in_native, id=14408, stack(0x0000000022520000,0x0000000022620000)]
  0x00000000201da800 JavaThread "Timer-2" daemon [_thread_blocked, id=6860, stack(0x0000000027750000,0x0000000027850000)]
  0x00000000201cc800 JavaThread "Timer-1" daemon [_thread_blocked, id=13056, stack(0x0000000022630000,0x0000000022730000)]
  0x00000000201da000 JavaThread "SCR Component Actor" daemon [_thread_blocked, id=10352, stack(0x0000000025fb0000,0x00000000260b0000)]
  0x00000000201d9000 JavaThread "Thread-16" [_thread_blocked, id=11384, stack(0x0000000024cb0000,0x0000000024db0000)]
  0x00000000201d8800 JavaThread "Gogo shell" [_thread_in_native, id=3912, stack(0x0000000024a30000,0x0000000024b30000)]
  0x00000000201d7800 JavaThread "Thread-15" daemon [_thread_blocked, id=16760, stack(0x0000000024760000,0x0000000024860000)]
  0x00000000201d7000 JavaThread "Thread-14" daemon [_thread_blocked, id=14712, stack(0x00000000248e0000,0x00000000249e0000)]
  0x00000000201d6000 JavaThread "Thread-13" daemon [_thread_blocked, id=15176, stack(0x0000000023c10000,0x0000000023d10000)]
  0x00000000201d5800 JavaThread "Thread-12" daemon [_thread_blocked, id=11112, stack(0x0000000024640000,0x0000000024740000)]
  0x00000000201d4800 JavaThread "Thread-11" daemon [_thread_blocked, id=7804, stack(0x00000000244f0000,0x00000000245f0000)]
  0x00000000201d4000 JavaThread "Thread-10" daemon [_thread_blocked, id=1472, stack(0x0000000024300000,0x0000000024400000)]
  0x00000000201d3000 JavaThread "Thread-9" daemon [_thread_blocked, id=10416, stack(0x0000000024120000,0x0000000024220000)]
  0x00000000201d2800 JavaThread "Thread-7" daemon [_thread_blocked, id=16008, stack(0x0000000023e40000,0x0000000023f40000)]
  0x00000000201d1800 JavaThread "Thread-6" daemon [_thread_blocked, id=2108, stack(0x0000000023f40000,0x0000000024040000)]
  0x00000000201d1000 JavaThread "Thread-5" daemon [_thread_blocked, id=15320, stack(0x0000000023d30000,0x0000000023e30000)]
  0x00000000201d0000 JavaThread "fileinstall-config/local" daemon [_thread_blocked, id=13584, stack(0x0000000023860000,0x0000000023960000)]
  0x00000000201cf800 JavaThread "Thread-4" daemon [_thread_in_native, id=12260, stack(0x0000000021cf0000,0x0000000021df0000)]
  0x00000000201ce800 JavaThread "NanoHttpd Main Listener" [_thread_in_native, id=12444, stack(0x0000000021fe0000,0x00000000220e0000)]
  0x00000000201ce000 JavaThread "CM Event Dispatcher" daemon [_thread_blocked, id=2924, stack(0x0000000021e90000,0x0000000021f90000)]
  0x00000000201cd000 JavaThread "CM Configuration Updater" daemon [_thread_blocked, id=11820, stack(0x0000000021be0000,0x0000000021ce0000)]
  0x000000001fe0a000 JavaThread "FelixStartLevel" daemon [_thread_blocked, id=7292, stack(0x0000000020b00000,0x0000000020c00000)]
  0x000000001fe09800 JavaThread "FrameworkWaiter" [_thread_blocked, id=13436, stack(0x0000000020870000,0x0000000020970000)]
  0x000000001fd28800 JavaThread "FelixFrameworkWiring" daemon [_thread_blocked, id=16700, stack(0x00000000206f0000,0x00000000207f0000)]
  0x000000001fd2b000 JavaThread "FelixDispatchQueue" [_thread_blocked, id=15660, stack(0x0000000020540000,0x0000000020640000)]
  0x000000001d2f9800 JavaThread "Timer-0" daemon [_thread_blocked, id=2600, stack(0x000000001f7d0000,0x000000001f8d0000)]
  0x000000001d2a5800 JavaThread "Service Thread" daemon [_thread_blocked, id=5024, stack(0x000000001fad0000,0x000000001fbd0000)]
  0x000000001d2a3800 JavaThread "C1 CompilerThread3" daemon [_thread_blocked, id=16044, stack(0x000000001f920000,0x000000001fa20000)]
  0x000000001d2a2800 JavaThread "C2 CompilerThread2" daemon [_thread_blocked, id=9640, stack(0x000000001f6c0000,0x000000001f7c0000)]
  0x000000001d2a0000 JavaThread "C2 CompilerThread1" daemon [_thread_blocked, id=15604, stack(0x000000001f4a0000,0x000000001f5a0000)]
  0x000000001d23c800 JavaThread "C2 CompilerThread0" daemon [_thread_blocked, id=11736, stack(0x000000001f1c0000,0x000000001f2c0000)]
  0x000000001d23b800 JavaThread "JDWP Command Reader" daemon [_thread_in_native, id=1684, stack(0x000000001f350000,0x000000001f450000)]
  0x000000001d22b000 JavaThread "JDWP Event Helper Thread" daemon [_thread_blocked, id=15988, stack(0x000000001ecb0000,0x000000001edb0000)]
=>0x000000001d21b800 JavaThread "JDWP Transport Listener: dt_socket" daemon [_thread_in_vm, id=16264, stack(0x000000001ef40000,0x000000001f040000)]
  0x000000001d202800 JavaThread "Attach Listener" daemon [_thread_blocked, id=15592, stack(0x000000001e640000,0x000000001e740000)]
  0x000000001c15f800 JavaThread "Signal Dispatcher" daemon [_thread_blocked, id=17096, stack(0x000000001e800000,0x000000001e900000)]
  0x000000001c14f000 JavaThread "Finalizer" daemon [_thread_blocked, id=15544, stack(0x000000001e520000,0x000000001e620000)]
  0x000000001c148000 JavaThread "Reference Handler" daemon [_thread_blocked, id=16220, stack(0x000000001e2f0000,0x000000001e3f0000)]
  0x0000000001fbf000 JavaThread "main" [_thread_blocked, id=13560, stack(0x00000000022b0000,0x00000000023b0000)]

Other Threads:
  0x000000001c141000 VMThread [stack: 0x000000001e170000,0x000000001e270000] [id=8632]
  0x000000001d2c3800 WatcherThread [stack: 0x000000001fbd0000,0x000000001fcd0000] [id=14180]

VM state:not at safepoint (normal execution)

VM Mutex/Monitor currently owned by a thread: None

Heap:
 PSYoungGen      total 141312K, used 23941K [0x000000076b400000, 0x000000077a780000, 0x00000007c0000000)
  eden space 130560K, 18% used [0x000000076b400000,0x000000076cb61440,0x0000000773380000)
  from space 10752K, 0% used [0x0000000773380000,0x0000000773380000,0x0000000773e00000)
  to   space 20992K, 0% used [0x0000000779300000,0x0000000779300000,0x000000077a780000)
 ParOldGen       total 119296K, used 16217K [0x00000006c1c00000, 0x00000006c9080000, 0x000000076b400000)
  object space 119296K, 13% used [0x00000006c1c00000,0x00000006c2bd6690,0x00000006c9080000)
 Metaspace       used 36034K, capacity 39286K, committed 39512K, reserved 1083392K
  class space    used 4375K, capacity 5377K, committed 5504K, reserved 1048576K

Card table byte_map: [0x0000000011a40000,0x0000000012240000] byte_map_base: 0x000000000e432000

Marking Bits: (ParMarkBitMap*) 0x0000000070212f70
 Begin Bits: [0x0000000013040000, 0x0000000016fd0000)
 End Bits:   [0x0000000016fd0000, 0x000000001af60000)

Polling page: 0x0000000000320000

CodeCache: size=245760Kb used=10780Kb max_used=11054Kb free=234979Kb
 bounds [0x0000000002680000, 0x0000000003170000, 0x0000000011680000]
 total_blobs=3972 nmethods=3469 adapters=422
 compilation: enabled

Compilation events (10 events):
Event: 77.409 Thread 0x000000001d2a3800 4154   !   3       java.util.concurrent.locks.AbstractQueuedSynchronizer::acquireQueued (93 bytes)
Event: 77.410 Thread 0x000000001d2a3800 nmethod 4154 0x00000000027d1ad0 code [0x00000000027d1d00, 0x00000000027d2878]
Event: 86.241 Thread 0x000000001d2a3800 4155       3       java.util.HashSet::isEmpty (8 bytes)
Event: 86.241 Thread 0x000000001d2a3800 nmethod 4155 0x0000000002be0dd0 code [0x0000000002be0f40, 0x0000000002be1168]
Event: 86.414 Thread 0x000000001d2a3800 4156       3       java.util.concurrent.ScheduledThreadPoolExecutor::now (4 bytes)
Event: 86.414 Thread 0x000000001d2a3800 nmethod 4156 0x00000000027d1790 code [0x00000000027d18e0, 0x00000000027d1a50]
Event: 89.413 Thread 0x000000001d2a3800 4157       3       java.util.concurrent.locks.LockSupport::parkNanos (29 bytes)
Event: 89.413 Thread 0x000000001d2a3800 nmethod 4157 0x0000000002ad4490 code [0x0000000002ad4600, 0x0000000002ad4988]
Event: 101.419 Thread 0x000000001d2a3800 4158       3       java.util.concurrent.locks.AbstractQueuedSynchronizer$ConditionObject::doSignal (43 bytes)
Event: 101.419 Thread 0x000000001d2a3800 nmethod 4158 0x0000000002a82510 code [0x0000000002a82680, 0x0000000002a82a28]

GC Heap History (10 events):
Event: 4.304 GC heap before
{Heap before GC invocations=3 (full 0):
 PSYoungGen      total 76288K, used 42828K [0x000000076b400000, 0x0000000770900000, 0x00000007c0000000)
  eden space 65536K, 48% used [0x000000076b400000,0x000000076d357998,0x000000076f400000)
  from space 10752K, 99% used [0x000000076fe80000,0x00000007708fb858,0x0000000770900000)
  to   space 10752K, 0% used [0x000000076f400000,0x000000076f400000,0x000000076fe80000)
 ParOldGen       total 175104K, used 11791K [0x00000006c1c00000, 0x00000006cc700000, 0x000000076b400000)
  object space 175104K, 6% used [0x00000006c1c00000,0x00000006c2783ed8,0x00000006cc700000)
 Metaspace       used 19527K, capacity 21124K, committed 21248K, reserved 1067008K
  class space    used 2263K, capacity 2728K, committed 2816K, reserved 1048576K
Event: 4.331 GC heap after
Heap after GC invocations=3 (full 0):
 PSYoungGen      total 76288K, used 10734K [0x000000076b400000, 0x0000000774900000, 0x00000007c0000000)
  eden space 65536K, 0% used [0x000000076b400000,0x000000076b400000,0x000000076f400000)
  from space 10752K, 99% used [0x000000076f400000,0x000000076fe7bb40,0x000000076fe80000)
  to   space 10752K, 0% used [0x0000000773e80000,0x0000000773e80000,0x0000000774900000)
 ParOldGen       total 175104K, used 12622K [0x00000006c1c00000, 0x00000006cc700000, 0x000000076b400000)
  object space 175104K, 7% used [0x00000006c1c00000,0x00000006c2853968,0x00000006cc700000)
 Metaspace       used 19527K, capacity 21124K, committed 21248K, reserved 1067008K
  class space    used 2263K, capacity 2728K, committed 2816K, reserved 1048576K
}
Event: 4.331 GC heap before
{Heap before GC invocations=4 (full 1):
 PSYoungGen      total 76288K, used 10734K [0x000000076b400000, 0x0000000774900000, 0x00000007c0000000)
  eden space 65536K, 0% used [0x000000076b400000,0x000000076b400000,0x000000076f400000)
  from space 10752K, 99% used [0x000000076f400000,0x000000076fe7bb40,0x000000076fe80000)
  to   space 10752K, 0% used [0x0000000773e80000,0x0000000773e80000,0x0000000774900000)
 ParOldGen       total 175104K, used 12622K [0x00000006c1c00000, 0x00000006cc700000, 0x000000076b400000)
  object space 175104K, 7% used [0x00000006c1c00000,0x00000006c2853968,0x00000006cc700000)
 Metaspace       used 19527K, capacity 21124K, committed 21248K, reserved 1067008K
  class space    used 2263K, capacity 2728K, committed 2816K, reserved 1048576K
Event: 4.371 GC heap after
Heap after GC invocations=4 (full 1):
 PSYoungGen      total 76288K, used 0K [0x000000076b400000, 0x0000000774900000, 0x00000007c0000000)
  eden space 65536K, 0% used [0x000000076b400000,0x000000076b400000,0x000000076f400000)
  from space 10752K, 0% used [0x000000076f400000,0x000000076f400000,0x000000076fe80000)
  to   space 10752K, 0% used [0x0000000773e80000,0x0000000773e80000,0x0000000774900000)
 ParOldGen       total 97280K, used 11371K [0x00000006c1c00000, 0x00000006c7b00000, 0x000000076b400000)
  object space 97280K, 11% used [0x00000006c1c00000,0x00000006c271ae90,0x00000006c7b00000)
 Metaspace       used 19527K, capacity 21124K, committed 21248K, reserved 1067008K
  class space    used 2263K, capacity 2728K, committed 2816K, reserved 1048576K
}
Event: 5.194 GC heap before
{Heap before GC invocations=5 (full 1):
 PSYoungGen      total 76288K, used 65536K [0x000000076b400000, 0x0000000774900000, 0x00000007c0000000)
  eden space 65536K, 100% used [0x000000076b400000,0x000000076f400000,0x000000076f400000)
  from space 10752K, 0% used [0x000000076f400000,0x000000076f400000,0x000000076fe80000)
  to   space 10752K, 0% used [0x0000000773e80000,0x0000000773e80000,0x0000000774900000)
 ParOldGen       total 97280K, used 11371K [0x00000006c1c00000, 0x00000006c7b00000, 0x000000076b400000)
  object space 97280K, 11% used [0x00000006c1c00000,0x00000006c271ae90,0x00000006c7b00000)
 Metaspace       used 29521K, capacity 31640K, committed 32000K, reserved 1077248K
  class space    used 3525K, capacity 4246K, committed 4352K, reserved 1048576K
Event: 5.204 GC heap after
Heap after GC invocations=5 (full 1):
 PSYoungGen      total 128512K, used 9737K [0x000000076b400000, 0x0000000774880000, 0x00000007c0000000)
  eden space 118272K, 0% used [0x000000076b400000,0x000000076b400000,0x0000000772780000)
  from space 10240K, 95% used [0x0000000773e80000,0x0000000774802748,0x0000000774880000)
  to   space 10752K, 0% used [0x0000000773380000,0x0000000773380000,0x0000000773e00000)
 ParOldGen       total 97280K, used 11379K [0x00000006c1c00000, 0x00000006c7b00000, 0x000000076b400000)
  object space 97280K, 11% used [0x00000006c1c00000,0x00000006c271ce90,0x00000006c7b00000)
 Metaspace       used 29521K, capacity 31640K, committed 32000K, reserved 1077248K
  class space    used 3525K, capacity 4246K, committed 4352K, reserved 1048576K
}
Event: 16.301 GC heap before
{Heap before GC invocations=6 (full 1):
 PSYoungGen      total 128512K, used 67337K [0x000000076b400000, 0x0000000774880000, 0x00000007c0000000)
  eden space 118272K, 48% used [0x000000076b400000,0x000000076ec3ffc0,0x0000000772780000)
  from space 10240K, 95% used [0x0000000773e80000,0x0000000774802748,0x0000000774880000)
  to   space 10752K, 0% used [0x0000000773380000,0x0000000773380000,0x0000000773e00000)
 ParOldGen       total 97280K, used 11379K [0x00000006c1c00000, 0x00000006c7b00000, 0x000000076b400000)
  object space 97280K, 11% used [0x00000006c1c00000,0x00000006c271ce90,0x00000006c7b00000)
 Metaspace       used 32740K, capacity 35346K, committed 35416K, reserved 1079296K
  class space    used 3948K, capacity 4715K, committed 4736K, reserved 1048576K
Event: 16.308 GC heap after
Heap after GC invocations=6 (full 1):
 PSYoungGen      total 141312K, used 6980K [0x000000076b400000, 0x000000077a780000, 0x00000007c0000000)
  eden space 130560K, 0% used [0x000000076b400000,0x000000076b400000,0x0000000773380000)
  from space 10752K, 64% used [0x0000000773380000,0x0000000773a513a8,0x0000000773e00000)
  to   space 20992K, 0% used [0x0000000779300000,0x0000000779300000,0x000000077a780000)
 ParOldGen       total 97280K, used 11387K [0x00000006c1c00000, 0x00000006c7b00000, 0x000000076b400000)
  object space 97280K, 11% used [0x00000006c1c00000,0x00000006c271ee90,0x00000006c7b00000)
 Metaspace       used 32740K, capacity 35346K, committed 35416K, reserved 1079296K
  class space    used 3948K, capacity 4715K, committed 4736K, reserved 1048576K
}
Event: 16.308 GC heap before
{Heap before GC invocations=7 (full 2):
 PSYoungGen      total 141312K, used 6980K [0x000000076b400000, 0x000000077a780000, 0x00000007c0000000)
  eden space 130560K, 0% used [0x000000076b400000,0x000000076b400000,0x0000000773380000)
  from space 10752K, 64% used [0x0000000773380000,0x0000000773a513a8,0x0000000773e00000)
  to   space 20992K, 0% used [0x0000000779300000,0x0000000779300000,0x000000077a780000)
 ParOldGen       total 97280K, used 11387K [0x00000006c1c00000, 0x00000006c7b00000, 0x000000076b400000)
  object space 97280K, 11% used [0x00000006c1c00000,0x00000006c271ee90,0x00000006c7b00000)
 Metaspace       used 32740K, capacity 35346K, committed 35416K, reserved 1079296K
  class space    used 3948K, capacity 4715K, committed 4736K, reserved 1048576K
Event: 16.387 GC heap after
Heap after GC invocations=7 (full 2):
 PSYoungGen      total 141312K, used 0K [0x000000076b400000, 0x000000077a780000, 0x00000007c0000000)
  eden space 130560K, 0% used [0x000000076b400000,0x000000076b400000,0x0000000773380000)
  from space 10752K, 0% used [0x0000000773380000,0x0000000773380000,0x0000000773e00000)
  to   space 20992K, 0% used [0x0000000779300000,0x0000000779300000,0x000000077a780000)
 ParOldGen       total 119296K, used 16217K [0x00000006c1c00000, 0x00000006c9080000, 0x000000076b400000)
  object space 119296K, 13% used [0x00000006c1c00000,0x00000006c2bd6690,0x00000006c9080000)
 Metaspace       used 32740K, capacity 35346K, committed 35416K, reserved 1079296K
  class space    used 3948K, capacity 4715K, committed 4736K, reserved 1048576K
}

Deoptimization events (10 events):
Event: 16.587 Thread 0x0000000022f8d000 Uncommon trap: reason=range_check action=none pc=0x0000000002dface4 method=sun.reflect.generics.parser.SignatureParser.current()C @ 34
Event: 16.588 Thread 0x0000000022f8d000 Uncommon trap: reason=range_check action=none pc=0x0000000002dface4 method=sun.reflect.generics.parser.SignatureParser.current()C @ 34
Event: 16.589 Thread 0x0000000022f8d000 Uncommon trap: reason=range_check action=none pc=0x0000000002dface4 method=sun.reflect.generics.parser.SignatureParser.current()C @ 34
Event: 16.592 Thread 0x0000000022f8d000 Uncommon trap: reason=range_check action=none pc=0x0000000002dface4 method=sun.reflect.generics.parser.SignatureParser.current()C @ 34
Event: 16.593 Thread 0x0000000022f8d000 Uncommon trap: reason=range_check action=none pc=0x0000000002dface4 method=sun.reflect.generics.parser.SignatureParser.current()C @ 34
Event: 16.594 Thread 0x0000000022f8d000 Uncommon trap: reason=range_check action=none pc=0x0000000002dface4 method=sun.reflect.generics.parser.SignatureParser.current()C @ 34
Event: 16.595 Thread 0x0000000022f8d000 Uncommon trap: reason=range_check action=none pc=0x0000000002dface4 method=sun.reflect.generics.parser.SignatureParser.current()C @ 34
Event: 16.616 Thread 0x0000000022f8d000 Uncommon trap: reason=range_check action=none pc=0x0000000002dface4 method=sun.reflect.generics.parser.SignatureParser.current()C @ 34
Event: 16.616 Thread 0x0000000022f8d000 Uncommon trap: reason=range_check action=none pc=0x0000000002dface4 method=sun.reflect.generics.parser.SignatureParser.current()C @ 34
Event: 16.627 Thread 0x0000000022f8d000 Uncommon trap: reason=unstable_if action=reinterpret pc=0x000000000279a238 method=java.lang.String.isEmpty()Z @ 5

Internal exceptions (10 events):
Event: 16.584 Thread 0x0000000022f8d000 Exception <a 'java/lang/ArrayIndexOutOfBoundsException': 116> (0x000000076c2df938) thrown at [C:\re\workspace\8-2-build-windows-amd64-cygwin\jdk8u91\7017\hotspot\src\share\vm\interpreter\interpreterRuntime.cpp, line 366]
Event: 16.587 Thread 0x0000000022f8d000 Exception <a 'java/lang/ArrayIndexOutOfBoundsException': 119> (0x000000076c30edd8) thrown at [C:\re\workspace\8-2-build-windows-amd64-cygwin\jdk8u91\7017\hotspot\src\share\vm\interpreter\interpreterRuntime.cpp, line 366]
Event: 16.588 Thread 0x0000000022f8d000 Exception <a 'java/lang/ArrayIndexOutOfBoundsException': 118> (0x000000076c3202d0) thrown at [C:\re\workspace\8-2-build-windows-amd64-cygwin\jdk8u91\7017\hotspot\src\share\vm\interpreter\interpreterRuntime.cpp, line 366]
Event: 16.589 Thread 0x0000000022f8d000 Exception <a 'java/lang/ArrayIndexOutOfBoundsException': 120> (0x000000076c331440) thrown at [C:\re\workspace\8-2-build-windows-amd64-cygwin\jdk8u91\7017\hotspot\src\share\vm\interpreter\interpreterRuntime.cpp, line 366]
Event: 16.592 Thread 0x0000000022f8d000 Exception <a 'java/lang/ArrayIndexOutOfBoundsException': 94> (0x000000076c36ad60) thrown at [C:\re\workspace\8-2-build-windows-amd64-cygwin\jdk8u91\7017\hotspot\src\share\vm\interpreter\interpreterRuntime.cpp, line 366]
Event: 16.593 Thread 0x0000000022f8d000 Exception <a 'java/lang/ArrayIndexOutOfBoundsException': 98> (0x000000076c37b230) thrown at [C:\re\workspace\8-2-build-windows-amd64-cygwin\jdk8u91\7017\hotspot\src\share\vm\interpreter\interpreterRuntime.cpp, line 366]
Event: 16.594 Thread 0x0000000022f8d000 Exception <a 'java/lang/ArrayIndexOutOfBoundsException': 97> (0x000000076c38abc0) thrown at [C:\re\workspace\8-2-build-windows-amd64-cygwin\jdk8u91\7017\hotspot\src\share\vm\interpreter\interpreterRuntime.cpp, line 366]
Event: 16.595 Thread 0x0000000022f8d000 Exception <a 'java/lang/ArrayIndexOutOfBoundsException': 92> (0x000000076c399af8) thrown at [C:\re\workspace\8-2-build-windows-amd64-cygwin\jdk8u91\7017\hotspot\src\share\vm\interpreter\interpreterRuntime.cpp, line 366]
Event: 16.616 Thread 0x0000000022f8d000 Exception <a 'java/lang/ArrayIndexOutOfBoundsException': 88> (0x000000076c511c00) thrown at [C:\re\workspace\8-2-build-windows-amd64-cygwin\jdk8u91\7017\hotspot\src\share\vm\interpreter\interpreterRuntime.cpp, line 366]
Event: 16.616 Thread 0x0000000022f8d000 Exception <a 'java/lang/ArrayIndexOutOfBoundsException': 87> (0x000000076c5132d8) thrown at [C:\re\workspace\8-2-build-windows-amd64-cygwin\jdk8u91\7017\hotspot\src\share\vm\interpreter\interpreterRuntime.cpp, line 366]

Events (10 events):
Event: 101.675 Executing VM operation: GetCurrentLocation
Event: 101.675 Executing VM operation: GetCurrentLocation done
Event: 101.675 Executing VM operation: EnterInterpOnlyMode
Event: 101.675 Executing VM operation: EnterInterpOnlyMode done
Event: 101.675 Executing VM operation: ChangeSingleStep
Event: 101.675 Executing VM operation: ChangeSingleStep done
Event: 101.675 Executing VM operation: ChangeSingleStep
Event: 101.675 Executing VM operation: ChangeSingleStep done
Event: 101.682 Executing VM operation: RedefineClasses
Event: 101.699 Executing VM operation: RedefineClasses done


Dynamic libraries:
0x000000013f3b0000 - 0x000000013f3e7000 	C:\Program Files\Java\jre1.8.0_91\bin\javaw.exe
0x0000000077b80000 - 0x0000000077d2b000 	C:\Windows\SYSTEM32\ntdll.dll
0x0000000077960000 - 0x0000000077a7f000 	C:\Windows\system32\kernel32.dll
0x000007fefd8d0000 - 0x000007fefd93a000 	C:\Windows\system32\KERNELBASE.dll
0x000007feff7d0000 - 0x000007feff8ab000 	C:\Windows\system32\ADVAPI32.dll
0x000007feffab0000 - 0x000007feffb4f000 	C:\Windows\system32\msvcrt.dll
0x000007fefee30000 - 0x000007fefee4f000 	C:\Windows\SYSTEM32\sechost.dll
0x000007fefde60000 - 0x000007fefdf8d000 	C:\Windows\system32\RPCRT4.dll
0x0000000077a80000 - 0x0000000077b7a000 	C:\Windows\system32\USER32.dll
0x000007feff460000 - 0x000007feff4c7000 	C:\Windows\system32\GDI32.dll
0x000007feffa40000 - 0x000007feffa4e000 	C:\Windows\system32\LPK.dll
0x000007fefdd90000 - 0x000007fefde5a000 	C:\Windows\system32\USP10.dll
0x000007fefc260000 - 0x000007fefc454000 	C:\Windows\WinSxS\amd64_microsoft.windows.common-controls_6595b64144ccf1df_6.0.7601.23403_none_e36ad4593102f066\COMCTL32.dll
0x000007feff340000 - 0x000007feff3b1000 	C:\Windows\system32\SHLWAPI.dll
0x000007feff310000 - 0x000007feff33e000 	C:\Windows\system32\IMM32.DLL
0x000007fefdf90000 - 0x000007fefe099000 	C:\Windows\system32\MSCTF.dll
0x0000000075600000 - 0x0000000075639000 	C:\PROGRA~2\Sophos\SOPHOS~1\SOPHOS~2.DLL
0x0000000077d40000 - 0x0000000077d47000 	C:\Windows\system32\PSAPI.DLL
0x0000000078820000 - 0x00000000788f2000 	C:\Program Files\Java\jre1.8.0_91\bin\msvcr100.dll
0x000000006fa00000 - 0x0000000070293000 	C:\Program Files\Java\jre1.8.0_91\bin\server\jvm.dll
0x000007feedb60000 - 0x000007feedb69000 	C:\Windows\system32\WSOCK32.dll
0x000007feffe40000 - 0x000007feffe8d000 	C:\Windows\system32\WS2_32.dll
0x000007feff4d0000 - 0x000007feff4d8000 	C:\Windows\system32\NSI.dll
0x000007fefb720000 - 0x000007fefb75b000 	C:\Windows\system32\WINMM.dll
0x000007fefca30000 - 0x000007fefca3c000 	C:\Windows\system32\VERSION.dll
0x0000000073c30000 - 0x0000000073c3f000 	C:\Program Files\Java\jre1.8.0_91\bin\verify.dll
0x000000006cd20000 - 0x000000006cd49000 	C:\Program Files\Java\jre1.8.0_91\bin\java.dll
0x000000006d240000 - 0x000000006d275000 	C:\Program Files\Java\jre1.8.0_91\bin\jdwp.dll
0x0000000073c20000 - 0x0000000073c28000 	C:\Program Files\Java\jre1.8.0_91\bin\npt.dll
0x0000000070530000 - 0x0000000070546000 	C:\Program Files\Java\jre1.8.0_91\bin\zip.dll
0x000007fefe0a0000 - 0x000007fefee2c000 	C:\Windows\system32\SHELL32.dll
0x000007feffc30000 - 0x000007feffe33000 	C:\Windows\system32\ole32.dll
0x000007fefd8b0000 - 0x000007fefd8bf000 	C:\Windows\system32\profapi.dll
0x0000000072b10000 - 0x0000000072b19000 	C:\Program Files\Java\jre1.8.0_91\bin\dt_socket.dll
0x000007fefb690000 - 0x000007fefb6a5000 	C:\Windows\system32\NLAapi.dll
0x000007fefa960000 - 0x000007fefa975000 	C:\Windows\system32\napinsp.dll
0x000007fefa940000 - 0x000007fefa959000 	C:\Windows\system32\pnrpnsp.dll
0x000007fefd050000 - 0x000007fefd0a5000 	C:\Windows\System32\mswsock.dll
0x000007fefced0000 - 0x000007fefcf2b000 	C:\Windows\system32\DNSAPI.dll
0x000007fefa930000 - 0x000007fefa93b000 	C:\Windows\System32\winrnr.dll
0x000007fefc460000 - 0x000007fefc487000 	C:\Windows\system32\IPHLPAPI.DLL
0x000007fefca20000 - 0x000007fefca2b000 	C:\Windows\system32\WINNSI.DLL
0x000007fefa890000 - 0x000007fefa8e3000 	C:\Windows\System32\fwpuclnt.dll
0x000007fefa880000 - 0x000007fefa888000 	C:\Windows\system32\rasadhlp.dll
0x000007fefca40000 - 0x000007fefca6f000 	C:\ProgramData\Sophos\Web Intelligence\swi_ifslsp_64.dll
0x000007fefca10000 - 0x000007fefca17000 	C:\Windows\System32\wshtcpip.dll
0x000000006f7b0000 - 0x000000006f7ca000 	C:\Program Files\Java\jre1.8.0_91\bin\net.dll
0x000007fefd040000 - 0x000007fefd047000 	C:\Windows\System32\wship6.dll
0x000007fefd0b0000 - 0x000007fefd0c8000 	C:\Windows\system32\CRYPTSP.dll
0x000007fefcdb0000 - 0x000007fefcdf7000 	C:\Windows\system32\rsaenh.dll
0x000007fefdb60000 - 0x000007fefdb7f000 	C:\Windows\system32\USERENV.dll
0x000007fefd750000 - 0x000007fefd75f000 	C:\Windows\system32\CRYPTBASE.dll
0x000007fefa8f0000 - 0x000007fefa901000 	C:\Windows\system32\dhcpcsvc6.DLL
0x000007fefa910000 - 0x000007fefa928000 	C:\Windows\system32\dhcpcsvc.DLL
0x000000006f650000 - 0x000000006f661000 	C:\Program Files\Java\jre1.8.0_91\bin\nio.dll
0x00000000727b0000 - 0x00000000727bd000 	C:\Program Files\Java\jre1.8.0_91\bin\management.dll
0x0000000001c20000 - 0x0000000001c44000 	C:\Program Files\Java\jre1.8.0_91\bin\sunec.dll
0x000007fefa750000 - 0x000007fefa875000 	C:\Windows\system32\dbghelp.dll

VM Arguments:
jvm_args: -agentlib:jdwp=transport=dt_socket,suspend=y,address=localhost:55624 -ea -Dlauncher.properties=C:\git\skysail\skysail.server.app.notes\generated\launch4184022477852764753.properties -Dfile.encoding=Cp1252 
java_command: aQute.launcher.Launcher
java_class_path (initial): C:\Users\graefca\.bnd\cache\https%3A%2F%2Fraw.githubusercontent.com%2Fbndtools%2Fbundle-hub%2Fmaster%2Forg.apache.felix.framework\org.apache.felix.framework-5.4.0.jar;C:\git\skysail\cnf\nonosgi-repo\biz.aQute.launcher\biz.aQute.launcher-latest.jar
Launcher Type: SUN_STANDARD

Environment Variables:
JAVA_HOME=C:\Program Files\Java\jdk1.8.0_51
PATH=C:/Program Files/Java/jre1.8.0_102/bin/server;C:/Program Files/Java/jre1.8.0_102/bin;C:/Program Files/Java/jre1.8.0_102/lib/amd64;C:\Program Files\Haskell\bin;C:\Program Files\Haskell Platform\7.10.2-a\lib\extralibs\bin;C:\Program Files\Haskell Platform\7.10.2-a\bin;C:\ProgramData\Oracle\Java\javapath;C:\oraclexe\app\oracle\product\11.2.0\server\bin;C:\Programme\Ora11203\Client_1\bin;C:\Windows\system32;C:\Windows;C:\Windows\System32\Wbem;C:\Windows\System32\WindowsPowerShell\v1.0\;C:\Program Files (x86)\Subversion\bin;C:\Program Files\Java\jdk1.8.0_51\bin;D:\dev\gradle\bin;c:\Program Files (x86)\Microsoft SQL Server\100\Tools\Binn\;c:\Program Files\Microsoft SQL Server\100\Tools\Binn\;c:\Program Files\Microsoft SQL Server\100\DTS\Binn\;c:\Program Files (x86)\Microsoft SQL Server\100\Tools\Binn\VSShell\Common7\IDE\;c:\Program Files (x86)\Microsoft SQL Server\100\DTS\Bin\;C:\Program Files (x86)\Mono-3.2.3\bin;C:\dev\groovy\bin;C:\tools\apache-ant-1.9.3\bin;C:\Program Files (x86)\Git\cmd;C:\tools\apache-maven-3.1.1\bin;C:\Program Files\TortoiseGit\bin;C:\Program Files (x86)\Enterprise Vault\EVClient\;c:\Program Files (x86)\Microsoft SQL Server\100\DTS\Binn\;C:\Users\graefca\AppData\Local\Mozilla Firefox;C:\tools\jbake-2.4.0\bin;C:\Program Files\Haskell Platform\7.10.2-a\mingw\bin;C:\Program Files\Git\cmd;C:\Program Files\nodejs\;C:\tools\spring-1.4.0.RELEASE\bin;C:\Python27;C:\tools\activator-1.3.10-minimal\bin;C:\Program Files\Amazon\AWSCLI\;C:\Program Files (x86)\GTK2-Runtime\bin;C:\Programme\Gemeinsame Dateien\GTK\2.0\bin;C:\Program Files (x86)\sbt\\bin;C:\Program Files\TortoiseSVN\bin;C:\Users\graefca\AppData\Roaming\cabal\bin;C:\Program Files (x86)\Microsoft VS Code\bin;C:\Users\graefca\AppData\Roaming\npm;C:\Users\graefca\AppData\Local\atom\bin;C:\Program Files (x86)\NSIS;C:\Users\graefca\eclipse\java-neon\eclipse;
USERNAME=graefca
OS=Windows_NT
PROCESSOR_IDENTIFIER=Intel64 Family 6 Model 60 Stepping 3, GenuineIntel



---------------  S Y S T E M  ---------------

OS: Windows 7 , 64 bit Build 7601 (6.1.7601.23455)

CPU:total 8 (4 cores per cpu, 2 threads per core) family 6 model 60 stepping 3, cmov, cx8, fxsr, mmx, sse, sse2, sse3, ssse3, sse4.1, sse4.2, popcnt, avx, avx2, aes, clmul, erms, lzcnt, ht, tsc, tscinvbit, bmi1, bmi2

Memory: 4k page, physical 16658648k(1456116k free), swap 33315436k(14836444k free)

vm_info: Java HotSpot(TM) 64-Bit Server VM (25.91-b15) for windows-amd64 JRE (1.8.0_91-b15), built on May 20 2016 17:43:15 by "java_re" with MS VC++ 10.0 (VS2010)

time: Wed Dec 07 16:26:26 2016
elapsed time: 101 seconds (0d 0h 1m 41s)

