#
# A fatal error has been detected by the Java Runtime Environment:
#
#  EXCEPTION_ACCESS_VIOLATION (0xc0000005) at pc=0x000000007736f23c, pid=15644, tid=14208
#
# JRE version: Java(TM) SE Runtime Environment (8.0_91-b15) (build 1.8.0_91-b15)
# Java VM: Java HotSpot(TM) 64-Bit Server VM (25.91-b15 mixed mode windows-amd64 compressed oops)
# Problematic frame:
# C  [ntdll.dll+0x4f23c]
#
# Failed to write core dump. Minidumps are not enabled by default on client versions of Windows
#
# If you would like to submit a bug report, please visit:
#   http://bugreport.java.com/bugreport/crash.jsp
#

---------------  T H R E A D  ---------------

Current thread (0x000000001d6c0800):  JavaThread "JDWP Transport Listener: dt_socket" daemon [_thread_in_vm, id=14208, stack(0x000000001f4c0000,0x000000001f5c0000)]

siginfo: ExceptionCode=0xc0000005, reading address 0x000002c487ddd2f8

Registers:
RAX=0x00000000203c37f0, RBX=0x000002c487ddd2f0, RCX=0x000000ffffffffff, RDX=0x0000000000000000
RSP=0x000000001f5bf670, RBP=0x0000000026df1fe0, RSI=0x0000000000000000, RDI=0x0000000000000000
R8 =0x0000000026df1fd0, R9 =0x000000000000ff00, R10=0x74532f676e616c2f, R11=0x637477d1ffff0000
R12=0x0000000002440000, R13=0x000000001d6b9688, R14=0x0000000000000000, R15=0x0000000000000000
RIP=0x000000007736f23c, EFLAGS=0x0000000000010206

Top of Stack: (sp=0x000000001f5bf670)
0x000000001f5bf670:   0000000000000018 0000000000000007
0x000000001f5bf680:   0000000000000018 0000000000000007
0x000000001f5bf690:   000000001d6b92a0 0000000051ab8d17
0x000000001f5bf6a0:   000000001d6b93d7 000000006f9b21da
0x000000001f5bf6b0:   0000000000000000 0000000000000000
0x000000001f5bf6c0:   0000000000000000 0000000002449900
0x000000001f5bf6d0:   0000000026df1fe0 000000001f5bf850
0x000000001f5bf6e0:   000000001d6c0800 0000000077121a0a
0x000000001f5bf6f0:   000000001d6c0800 000000001d6b9688
0x000000001f5bf700:   000000001d6b9688 0000000002449900
0x000000001f5bf710:   000000001d6c0800 0000000051ab8d94
0x000000001f5bf720:   0000000021e87430 0000000061ec2871
0x000000001f5bf730:   0000000000000051 0000000000000025
0x000000001f5bf740:   000000001d6c0800 000000006f9b2249
0x000000001f5bf750:   0000000002449900 0000000061eb9155
0x000000001f5bf760:   000000001d6c0800 000000001d6c0800 

Instructions: (pc=0x000000007736f23c)
0x000000007736f21c:   ff ff 00 00 00 49 33 dc 48 23 c1 48 c1 eb 04 48
0x000000007736f22c:   33 d8 48 33 1d 93 e1 0d 00 48 c1 e3 04 0f 0d 0b
0x000000007736f23c:   48 8b 7b 08 49 bd 01 00 00 00 01 00 00 00 49 be
0x000000007736f24c:   ff 7f 00 00 ff ff ff ff 41 c6 40 0f 80 41 88 70 


Register to memory mapping:

RAX=0x00000000203c37f0 is an unknown value
RBX=0x000002c487ddd2f0 is an unknown value
RCX=0x000000ffffffffff is an unknown value
RDX=0x0000000000000000 is an unknown value
RSP=0x000000001f5bf670 is pointing into the stack for thread: 0x000000001d6c0800
RBP=0x0000000026df1fe0 is an unknown value
RSI=0x0000000000000000 is an unknown value
RDI=0x0000000000000000 is an unknown value
R8 =0x0000000026df1fd0 is an unknown value
R9 =0x000000000000ff00 is an unknown value
R10=0x74532f676e616c2f is an unknown value
R11=0x637477d1ffff0000 is an unknown value
R12=0x0000000002440000 is an unknown value
R13=0x000000001d6b9688 is an unknown value
R14=0x0000000000000000 is an unknown value
R15=0x0000000000000000 is an unknown value


Stack: [0x000000001f4c0000,0x000000001f5c0000],  sp=0x000000001f5bf670,  free space=1021k
Native frames: (J=compiled Java code, j=interpreted, Vv=VM code, C=native code)
C  [ntdll.dll+0x4f23c]
C  [kernel32.dll+0x21a0a]
C  [msvcr100.dll+0x68d94]
V  [jvm.dll+0x1a2249]
V  [jvm.dll+0x32f2b6]
C  [jdwp.dll+0x2291e]
C  [jdwp.dll+0x5453]
C  [jdwp.dll+0x5571]
C  [jdwp.dll+0xf0a8]
C  [jdwp.dll+0x1f2d5]
C  [jdwp.dll+0x1f4aa]
V  [jvm.dll+0x1bbf38]
V  [jvm.dll+0x243ae4]
V  [jvm.dll+0x29a99a]
C  [msvcr100.dll+0x21d9f]
C  [msvcr100.dll+0x21e3b]
C  [kernel32.dll+0x159cd]
C  [ntdll.dll+0x2a561]


---------------  P R O C E S S  ---------------

Java Threads: ( => current thread )
  0x000000002487f800 JavaThread "qtp1538844412-124" [_thread_blocked, id=10000, stack(0x000000002d000000,0x000000002d100000)]
  0x000000002487f000 JavaThread "qtp1538844412-123" [_thread_blocked, id=10148, stack(0x000000002cef0000,0x000000002cff0000)]
  0x0000000021b41800 JavaThread "qtp1538844412-122" [_thread_blocked, id=1208, stack(0x000000002b410000,0x000000002b510000)]
  0x0000000021b40800 JavaThread "qtp1538844412-121" [_thread_blocked, id=8936, stack(0x000000002cd00000,0x000000002ce00000)]
  0x0000000021b40000 JavaThread "qtp1538844412-120" [_thread_blocked, id=13184, stack(0x000000002cae0000,0x000000002cbe0000)]
  0x0000000021b3f000 JavaThread "HttpClient@640527123-119" [_thread_blocked, id=8896, stack(0x000000002bbc0000,0x000000002bcc0000)]
  0x0000000021b3e800 JavaThread "HttpClient@640527123-118" [_thread_blocked, id=2756, stack(0x000000002c590000,0x000000002c690000)]
  0x0000000021b3d800 JavaThread "HttpClient@640527123-117" [_thread_blocked, id=7956, stack(0x000000002c440000,0x000000002c540000)]
  0x0000000021b3d000 JavaThread "HttpClient@640527123-116" [_thread_blocked, id=5196, stack(0x000000002c2b0000,0x000000002c3b0000)]
  0x0000000021b3c000 JavaThread "HttpClient@640527123-115-selector-ClientSelectorManager@62c85b07/3" [_thread_in_native, id=14784, stack(0x000000002b9c0000,0x000000002bac0000)]
  0x0000000021b3b800 JavaThread "HttpClient@640527123-114-selector-ClientSelectorManager@62c85b07/2" [_thread_in_native, id=15432, stack(0x000000002c090000,0x000000002c190000)]
  0x0000000021b3a800 JavaThread "HttpClient@640527123-113-selector-ClientSelectorManager@62c85b07/1" [_thread_in_native, id=15980, stack(0x000000002bee0000,0x000000002bfe0000)]
  0x00000000248a7000 JavaThread "HttpClient@640527123-112-selector-ClientSelectorManager@62c85b07/0" [_thread_in_native, id=9168, stack(0x000000002bde0000,0x000000002bee0000)]
  0x00000000248a6000 JavaThread "HttpClient@960193433-111" [_thread_blocked, id=7540, stack(0x000000002bcc0000,0x000000002bdc0000)]
  0x00000000248a5800 JavaThread "HttpClient@960193433-110" [_thread_blocked, id=6012, stack(0x000000002bac0000,0x000000002bbc0000)]
  0x00000000248a4800 JavaThread "HttpClient@960193433-109" [_thread_blocked, id=2980, stack(0x000000002b880000,0x000000002b980000)]
  0x00000000248a4000 JavaThread "HttpClient@960193433-108" [_thread_blocked, id=12700, stack(0x000000002a6a0000,0x000000002a7a0000)]
  0x00000000248a3000 JavaThread "HttpClient@960193433-107-selector-ClientSelectorManager@5090109e/3" [_thread_in_native, id=12960, stack(0x000000002b720000,0x000000002b820000)]
  0x00000000248a2800 JavaThread "HttpClient@960193433-106-selector-ClientSelectorManager@5090109e/2" [_thread_in_native, id=12728, stack(0x000000002b540000,0x000000002b640000)]
  0x00000000248a1800 JavaThread "HttpClient@960193433-105-selector-ClientSelectorManager@5090109e/1" [_thread_in_native, id=4944, stack(0x000000002b310000,0x000000002b410000)]
  0x00000000248a1000 JavaThread "HttpClient@960193433-104-selector-ClientSelectorManager@5090109e/0" [_thread_in_native, id=8244, stack(0x000000002b1e0000,0x000000002b2e0000)]
  0x00000000248a0000 JavaThread "Scheduler-789367604" [_thread_blocked, id=8116, stack(0x000000002aff0000,0x000000002b0f0000)]
  0x0000000024874800 JavaThread "EventAdminThread #20" daemon [_thread_blocked, id=8712, stack(0x000000002a950000,0x000000002aa50000)]
  0x0000000024873800 JavaThread "EventAdminThread #19" daemon [_thread_blocked, id=13524, stack(0x000000002a7b0000,0x000000002a8b0000)]
  0x0000000024873000 JavaThread "EventAdminThread #18" daemon [_thread_blocked, id=12816, stack(0x000000002a580000,0x000000002a680000)]
  0x0000000024872000 JavaThread "EventAdminThread #17" daemon [_thread_blocked, id=8580, stack(0x000000002a350000,0x000000002a450000)]
  0x0000000024871800 JavaThread "EventAdminThread #16" daemon [_thread_blocked, id=10532, stack(0x000000002a190000,0x000000002a290000)]
  0x0000000024870800 JavaThread "EventAdminThread #15" daemon [_thread_blocked, id=9788, stack(0x0000000029a50000,0x0000000029b50000)]
  0x0000000024870000 JavaThread "EventAdminThread #14" daemon [_thread_blocked, id=11404, stack(0x000000002a070000,0x000000002a170000)]
  0x000000002486f000 JavaThread "EventAdminThread #13" daemon [_thread_blocked, id=13532, stack(0x0000000029ea0000,0x0000000029fa0000)]
  0x000000002486e800 JavaThread "EventAdminThread #12" daemon [_thread_blocked, id=10376, stack(0x0000000029710000,0x0000000029810000)]
  0x000000002486d800 JavaThread "EventAdminThread #11" daemon [_thread_blocked, id=1548, stack(0x0000000029d70000,0x0000000029e70000)]
  0x0000000021df1800 JavaThread "EventAdminThread #10" daemon [_thread_blocked, id=15596, stack(0x0000000029bd0000,0x0000000029cd0000)]
  0x0000000021df0800 JavaThread "EventAdminThread #9" daemon [_thread_blocked, id=16224, stack(0x0000000029950000,0x0000000029a50000)]
  0x0000000021df0000 JavaThread "EventAdminThread #8" daemon [_thread_blocked, id=10828, stack(0x0000000029830000,0x0000000029930000)]
  0x0000000021def000 JavaThread "EventAdminThread #7" daemon [_thread_blocked, id=15480, stack(0x0000000029610000,0x0000000029710000)]
  0x0000000021dee000 JavaThread "EventAdminThread #6" daemon [_thread_blocked, id=7812, stack(0x00000000282d0000,0x00000000283d0000)]
  0x0000000021ded800 JavaThread "EventAdminThread #5" daemon [_thread_blocked, id=7304, stack(0x00000000294f0000,0x00000000295f0000)]
  0x0000000021dec800 JavaThread "EventAdminThread #4" daemon [_thread_blocked, id=5256, stack(0x0000000029350000,0x0000000029450000)]
  0x0000000021dec000 JavaThread "EventAdminThread #3" daemon [_thread_blocked, id=10632, stack(0x00000000291b0000,0x00000000292b0000)]
  0x0000000021deb000 JavaThread "EventAdminThread #2" daemon [_thread_blocked, id=15204, stack(0x0000000025be0000,0x0000000025ce0000)]
  0x0000000021dea800 JavaThread "EventAdminThread #1" daemon [_thread_blocked, id=13640, stack(0x00000000283f0000,0x00000000284f0000)]
  0x00000000249da800 JavaThread "Scheduler-1415390560" [_thread_blocked, id=1112, stack(0x0000000029040000,0x0000000029140000)]
  0x00000000249d9800 JavaThread "qtp1538844412-78" [_thread_blocked, id=2620, stack(0x0000000028f10000,0x0000000029010000)]
  0x00000000249d8000 JavaThread "qtp1538844412-76" [_thread_blocked, id=12364, stack(0x0000000028b80000,0x0000000028c80000)]
  0x00000000249d7800 JavaThread "qtp1538844412-75-acceptor-0@264566a-ServerConnector@ca3b856{HTTP/1.1}{0.0.0.0:2020}" [_thread_in_native, id=11300, stack(0x00000000289f0000,0x0000000028af0000)]
  0x00000000249d6800 JavaThread "qtp1538844412-74-selector-ServerConnectorManager@2222a13a/3" [_thread_in_native, id=8368, stack(0x0000000028760000,0x0000000028860000)]
  0x00000000249d6000 JavaThread "qtp1538844412-73-selector-ServerConnectorManager@2222a13a/2" [_thread_in_native, id=10616, stack(0x0000000028880000,0x0000000028980000)]
  0x00000000249d5000 JavaThread "qtp1538844412-72-selector-ServerConnectorManager@2222a13a/0" [_thread_in_native, id=15464, stack(0x0000000028510000,0x0000000028610000)]
  0x00000000249d4800 JavaThread "qtp1538844412-71-selector-ServerConnectorManager@2222a13a/1" [_thread_in_native, id=9804, stack(0x0000000028660000,0x0000000028760000)]
  0x00000000249d3800 JavaThread "OrientDB <- Asynch Client (/127.0.0.1:2424)" daemon [_thread_in_native, id=14912, stack(0x0000000027dc0000,0x0000000027ec0000)]
  0x0000000021719800 JavaThread "Timer-2" daemon [_thread_blocked, id=12380, stack(0x0000000022f80000,0x0000000023080000)]
  0x0000000021719000 JavaThread "Timer-1" daemon [_thread_blocked, id=16136, stack(0x0000000025170000,0x0000000025270000)]
  0x0000000021718000 JavaThread "SCR Component Actor" daemon [_thread_blocked, id=10396, stack(0x0000000025310000,0x0000000025410000)]
  0x0000000021717800 JavaThread "Thread-16" [_thread_blocked, id=15692, stack(0x00000000261b0000,0x00000000262b0000)]
  0x0000000021716800 JavaThread "Gogo shell" [_thread_in_native, id=1316, stack(0x0000000023330000,0x0000000023430000)]
  0x0000000021716000 JavaThread "Thread-15" daemon [_thread_blocked, id=14872, stack(0x0000000025ed0000,0x0000000025fd0000)]
  0x0000000021715000 JavaThread "Thread-14" daemon [_thread_blocked, id=9180, stack(0x0000000025d10000,0x0000000025e10000)]
  0x0000000021714800 JavaThread "Thread-13" daemon [_thread_blocked, id=2824, stack(0x0000000025a80000,0x0000000025b80000)]
  0x0000000021713800 JavaThread "Thread-12" daemon [_thread_blocked, id=10740, stack(0x00000000258a0000,0x00000000259a0000)]
  0x0000000021713000 JavaThread "Thread-11" daemon [_thread_blocked, id=15152, stack(0x0000000025740000,0x0000000025840000)]
  0x0000000021712000 JavaThread "Thread-10" daemon [_thread_blocked, id=7976, stack(0x00000000254c0000,0x00000000255c0000)]
  0x0000000021711800 JavaThread "Thread-8" daemon [_thread_blocked, id=13680, stack(0x0000000024d40000,0x0000000024e40000)]
  0x0000000021710800 JavaThread "Thread-7" daemon [_thread_blocked, id=16268, stack(0x00000000255d0000,0x00000000256d0000)]
  0x0000000021710000 JavaThread "Thread-6" daemon [_thread_blocked, id=4928, stack(0x00000000239f0000,0x0000000023af0000)]
  0x000000002170f000 JavaThread "Thread-5" daemon [_thread_blocked, id=4568, stack(0x00000000237c0000,0x00000000238c0000)]
  0x000000002170e800 JavaThread "fileinstall-config/local" daemon [_thread_blocked, id=15684, stack(0x0000000024e40000,0x0000000024f40000)]
  0x000000002170d800 JavaThread "Thread-4" daemon [_thread_in_native, id=4200, stack(0x00000000238c0000,0x00000000239c0000)]
  0x000000002170d000 JavaThread "NanoHttpd Main Listener" [_thread_in_native, id=9724, stack(0x00000000230d0000,0x00000000231d0000)]
  0x000000002170c000 JavaThread "CM Event Dispatcher" daemon [_thread_blocked, id=13112, stack(0x0000000023480000,0x0000000023580000)]
  0x000000002170a800 JavaThread "CM Configuration Updater" daemon [_thread_blocked, id=13476, stack(0x0000000023230000,0x0000000023330000)]
  0x0000000020138800 JavaThread "FelixStartLevel" daemon [_thread_blocked, id=8324, stack(0x0000000020ea0000,0x0000000020fa0000)]
  0x0000000020137800 JavaThread "FrameworkWaiter" [_thread_blocked, id=12704, stack(0x0000000020cd0000,0x0000000020dd0000)]
  0x00000000202d9000 JavaThread "FelixFrameworkWiring" daemon [_thread_blocked, id=11508, stack(0x0000000020b90000,0x0000000020c90000)]
  0x0000000020234800 JavaThread "FelixDispatchQueue" [_thread_blocked, id=8564, stack(0x0000000020a00000,0x0000000020b00000)]
  0x000000001d7e6800 JavaThread "Timer-0" daemon [_thread_blocked, id=14244, stack(0x0000000020020000,0x0000000020120000)]
  0x000000001d76f800 JavaThread "Service Thread" daemon [_thread_blocked, id=5172, stack(0x000000001f840000,0x000000001f940000)]
  0x000000001d6f1800 JavaThread "C1 CompilerThread3" daemon [_thread_blocked, id=9432, stack(0x000000001fb90000,0x000000001fc90000)]
  0x000000001d6f0800 JavaThread "C2 CompilerThread2" daemon [_thread_blocked, id=13820, stack(0x000000001f3b0000,0x000000001f4b0000)]
  0x000000001d6ee000 JavaThread "C2 CompilerThread1" daemon [_thread_blocked, id=7836, stack(0x000000001f9c0000,0x000000001fac0000)]
  0x000000001d6d8800 JavaThread "C2 CompilerThread0" daemon [_thread_blocked, id=8924, stack(0x000000001f630000,0x000000001f730000)]
  0x000000001d6ce000 JavaThread "JDWP Command Reader" daemon [_thread_in_native, id=9036, stack(0x000000001f730000,0x000000001f830000)]
  0x000000001d6ca800 JavaThread "JDWP Event Helper Thread" daemon [_thread_blocked, id=13072, stack(0x000000001f1a0000,0x000000001f2a0000)]
=>0x000000001d6c0800 JavaThread "JDWP Transport Listener: dt_socket" daemon [_thread_in_vm, id=14208, stack(0x000000001f4c0000,0x000000001f5c0000)]
  0x000000001d6b6000 JavaThread "Attach Listener" daemon [_thread_blocked, id=13292, stack(0x000000001ed00000,0x000000001ee00000)]
  0x000000001d6b5000 JavaThread "Signal Dispatcher" daemon [_thread_blocked, id=8132, stack(0x000000001ea80000,0x000000001eb80000)]
  0x000000001c604000 JavaThread "Finalizer" daemon [_thread_blocked, id=6976, stack(0x000000001e950000,0x000000001ea50000)]
  0x000000001c5fd000 JavaThread "Reference Handler" daemon [_thread_blocked, id=10808, stack(0x000000001e600000,0x000000001e700000)]
  0x000000000244f000 JavaThread "main" [_thread_blocked, id=8720, stack(0x0000000002740000,0x0000000002840000)]

Other Threads:
  0x000000001c5f6000 VMThread [stack: 0x000000001e730000,0x000000001e830000] [id=14804]
  0x000000001d77f800 WatcherThread [stack: 0x000000001fd50000,0x000000001fe50000] [id=460]

VM state:not at safepoint (normal execution)

VM Mutex/Monitor currently owned by a thread: None

Heap:
 PSYoungGen      total 141312K, used 47202K [0x000000076b400000, 0x0000000777e80000, 0x00000007c0000000)
  eden space 130560K, 36% used [0x000000076b400000,0x000000076e218848,0x0000000773380000)
  from space 10752K, 0% used [0x0000000773380000,0x0000000773380000,0x0000000773e00000)
  to   space 18432K, 0% used [0x0000000776c80000,0x0000000776c80000,0x0000000777e80000)
 ParOldGen       total 142336K, used 20190K [0x00000006c1c00000, 0x00000006ca700000, 0x000000076b400000)
  object space 142336K, 14% used [0x00000006c1c00000,0x00000006c2fb7a40,0x00000006ca700000)
 Metaspace       used 37846K, capacity 41496K, committed 41688K, reserved 1085440K
  class space    used 4635K, capacity 5877K, committed 5888K, reserved 1048576K

Card table byte_map: [0x0000000011ed0000,0x00000000126d0000] byte_map_base: 0x000000000e8c2000

Marking Bits: (ParMarkBitMap*) 0x0000000070022f70
 Begin Bits: [0x00000000134f0000, 0x0000000017480000)
 End Bits:   [0x0000000017480000, 0x000000001b410000)

Polling page: 0x0000000000250000

CodeCache: size=245760Kb used=11884Kb max_used=12246Kb free=233875Kb
 bounds [0x0000000002b10000, 0x0000000003720000, 0x0000000011b10000]
 total_blobs=4265 nmethods=3758 adapters=427
 compilation: enabled

Compilation events (10 events):
Event: 135.572 Thread 0x000000001d6f1800 4546       3       org.apache.felix.framework.Felix::adapt (59 bytes)
Event: 135.573 Thread 0x000000001d6f1800 nmethod 4546 0x0000000003051110 code [0x00000000030512a0, 0x00000000030516d8]
Event: 137.249 Thread 0x000000001d6d8800 4547       4       java.util.concurrent.locks.ReentrantLock$Sync::nonfairTryAcquire (67 bytes)
Event: 137.250 Thread 0x000000001d6d8800 nmethod 4547 0x00000000031c4050 code [0x00000000031c4180, 0x00000000031c4278]
Event: 137.572 Thread 0x000000001d6f1800 4548       3       java.util.concurrent.locks.ReentrantReadWriteLock$NonfairSync::readerShouldBlock (5 bytes)
Event: 137.572 Thread 0x000000001d6f1800 nmethod 4548 0x00000000030d8c50 code [0x00000000030d8dc0, 0x00000000030d8fc8]
Event: 137.573 Thread 0x000000001d6f1800 4549       3       java.util.concurrent.locks.AbstractQueuedSynchronizer::apparentlyFirstQueuedIsExclusive (38 bytes)
Event: 137.573 Thread 0x000000001d6f1800 nmethod 4549 0x00000000032a51d0 code [0x00000000032a5340, 0x00000000032a5710]
Event: 144.263 Thread 0x000000001d6f1800 4550       3       org.eclipse.jetty.util.component.AbstractLifeCycle::isRunning (21 bytes)
Event: 144.263 Thread 0x000000001d6f1800 nmethod 4550 0x00000000033a1fd0 code [0x00000000033a2120, 0x00000000033a2310]

GC Heap History (10 events):
Event: 4.310 GC heap before
{Heap before GC invocations=3 (full 0):
 PSYoungGen      total 76288K, used 49817K [0x000000076b400000, 0x0000000774900000, 0x00000007c0000000)
  eden space 65536K, 59% used [0x000000076b400000,0x000000076da2c6f0,0x000000076f400000)
  from space 10752K, 99% used [0x000000076fe80000,0x00000007708f9d10,0x0000000770900000)
  to   space 10752K, 0% used [0x000000076f400000,0x000000076f400000,0x000000076fe80000)
 ParOldGen       total 175104K, used 9815K [0x00000006c1c00000, 0x00000006cc700000, 0x000000076b400000)
  object space 175104K, 5% used [0x00000006c1c00000,0x00000006c2595d80,0x00000006cc700000)
 Metaspace       used 19561K, capacity 21100K, committed 21248K, reserved 1067008K
  class space    used 2251K, capacity 2700K, committed 2816K, reserved 1048576K
Event: 4.319 GC heap after
Heap after GC invocations=3 (full 0):
 PSYoungGen      total 76288K, used 10746K [0x000000076b400000, 0x0000000774900000, 0x00000007c0000000)
  eden space 65536K, 0% used [0x000000076b400000,0x000000076b400000,0x000000076f400000)
  from space 10752K, 99% used [0x000000076f400000,0x000000076fe7e838,0x000000076fe80000)
  to   space 10752K, 0% used [0x0000000773e80000,0x0000000773e80000,0x0000000774900000)
 ParOldGen       total 175104K, used 11707K [0x00000006c1c00000, 0x00000006cc700000, 0x000000076b400000)
  object space 175104K, 6% used [0x00000006c1c00000,0x00000006c276ed00,0x00000006cc700000)
 Metaspace       used 19561K, capacity 21100K, committed 21248K, reserved 1067008K
  class space    used 2251K, capacity 2700K, committed 2816K, reserved 1048576K
}
Event: 4.319 GC heap before
{Heap before GC invocations=4 (full 1):
 PSYoungGen      total 76288K, used 10746K [0x000000076b400000, 0x0000000774900000, 0x00000007c0000000)
  eden space 65536K, 0% used [0x000000076b400000,0x000000076b400000,0x000000076f400000)
  from space 10752K, 99% used [0x000000076f400000,0x000000076fe7e838,0x000000076fe80000)
  to   space 10752K, 0% used [0x0000000773e80000,0x0000000773e80000,0x0000000774900000)
 ParOldGen       total 175104K, used 11707K [0x00000006c1c00000, 0x00000006cc700000, 0x000000076b400000)
  object space 175104K, 6% used [0x00000006c1c00000,0x00000006c276ed00,0x00000006cc700000)
 Metaspace       used 19561K, capacity 21100K, committed 21248K, reserved 1067008K
  class space    used 2251K, capacity 2700K, committed 2816K, reserved 1048576K
Event: 4.375 GC heap after
Heap after GC invocations=4 (full 1):
 PSYoungGen      total 76288K, used 0K [0x000000076b400000, 0x0000000774900000, 0x00000007c0000000)
  eden space 65536K, 0% used [0x000000076b400000,0x000000076b400000,0x000000076f400000)
  from space 10752K, 0% used [0x000000076f400000,0x000000076f400000,0x000000076fe80000)
  to   space 10752K, 0% used [0x0000000773e80000,0x0000000773e80000,0x0000000774900000)
 ParOldGen       total 108544K, used 12307K [0x00000006c1c00000, 0x00000006c8600000, 0x000000076b400000)
  object space 108544K, 11% used [0x00000006c1c00000,0x00000006c2804fe0,0x00000006c8600000)
 Metaspace       used 19561K, capacity 21100K, committed 21248K, reserved 1067008K
  class space    used 2251K, capacity 2700K, committed 2816K, reserved 1048576K
}
Event: 5.252 GC heap before
{Heap before GC invocations=5 (full 1):
 PSYoungGen      total 76288K, used 65536K [0x000000076b400000, 0x0000000774900000, 0x00000007c0000000)
  eden space 65536K, 100% used [0x000000076b400000,0x000000076f400000,0x000000076f400000)
  from space 10752K, 0% used [0x000000076f400000,0x000000076f400000,0x000000076fe80000)
  to   space 10752K, 0% used [0x0000000773e80000,0x0000000773e80000,0x0000000774900000)
 ParOldGen       total 108544K, used 12307K [0x00000006c1c00000, 0x00000006c8600000, 0x000000076b400000)
  object space 108544K, 11% used [0x00000006c1c00000,0x00000006c2804fe0,0x00000006c8600000)
 Metaspace       used 29085K, capacity 31562K, committed 31744K, reserved 1077248K
  class space    used 3516K, capacity 4321K, committed 4352K, reserved 1048576K
Event: 5.274 GC heap after
Heap after GC invocations=5 (full 1):
 PSYoungGen      total 118272K, used 9971K [0x000000076b400000, 0x0000000774880000, 0x00000007c0000000)
  eden space 108032K, 0% used [0x000000076b400000,0x000000076b400000,0x0000000771d80000)
  from space 10240K, 97% used [0x0000000773e80000,0x000000077483cff8,0x0000000774880000)
  to   space 10752K, 0% used [0x0000000773380000,0x0000000773380000,0x0000000773e00000)
 ParOldGen       total 108544K, used 12315K [0x00000006c1c00000, 0x00000006c8600000, 0x000000076b400000)
  object space 108544K, 11% used [0x00000006c1c00000,0x00000006c2806fe0,0x00000006c8600000)
 Metaspace       used 29085K, capacity 31562K, committed 31744K, reserved 1077248K
  class space    used 3516K, capacity 4321K, committed 4352K, reserved 1048576K
}
Event: 89.024 GC heap before
{Heap before GC invocations=6 (full 1):
 PSYoungGen      total 118272K, used 89569K [0x000000076b400000, 0x0000000774880000, 0x00000007c0000000)
  eden space 108032K, 73% used [0x000000076b400000,0x00000007701bb4f0,0x0000000771d80000)
  from space 10240K, 97% used [0x0000000773e80000,0x000000077483cff8,0x0000000774880000)
  to   space 10752K, 0% used [0x0000000773380000,0x0000000773380000,0x0000000773e00000)
 ParOldGen       total 108544K, used 12315K [0x00000006c1c00000, 0x00000006c8600000, 0x000000076b400000)
  object space 108544K, 11% used [0x00000006c1c00000,0x00000006c2806fe0,0x00000006c8600000)
 Metaspace       used 32440K, capacity 35326K, committed 35416K, reserved 1079296K
  class space    used 3959K, capacity 4905K, committed 4992K, reserved 1048576K
Event: 89.046 GC heap after
Heap after GC invocations=6 (full 1):
 PSYoungGen      total 141312K, used 10724K [0x000000076b400000, 0x0000000777e80000, 0x00000007c0000000)
  eden space 130560K, 0% used [0x000000076b400000,0x000000076b400000,0x0000000773380000)
  from space 10752K, 99% used [0x0000000773380000,0x0000000773df91e8,0x0000000773e00000)
  to   space 18432K, 0% used [0x0000000776c80000,0x0000000776c80000,0x0000000777e80000)
 ParOldGen       total 108544K, used 12745K [0x00000006c1c00000, 0x00000006c8600000, 0x000000076b400000)
  object space 108544K, 11% used [0x00000006c1c00000,0x00000006c2872620,0x00000006c8600000)
 Metaspace       used 32440K, capacity 35326K, committed 35416K, reserved 1079296K
  class space    used 3959K, capacity 4905K, committed 4992K, reserved 1048576K
}
Event: 89.046 GC heap before
{Heap before GC invocations=7 (full 2):
 PSYoungGen      total 141312K, used 10724K [0x000000076b400000, 0x0000000777e80000, 0x00000007c0000000)
  eden space 130560K, 0% used [0x000000076b400000,0x000000076b400000,0x0000000773380000)
  from space 10752K, 99% used [0x0000000773380000,0x0000000773df91e8,0x0000000773e00000)
  to   space 18432K, 0% used [0x0000000776c80000,0x0000000776c80000,0x0000000777e80000)
 ParOldGen       total 108544K, used 12745K [0x00000006c1c00000, 0x00000006c8600000, 0x000000076b400000)
  object space 108544K, 11% used [0x00000006c1c00000,0x00000006c2872620,0x00000006c8600000)
 Metaspace       used 32440K, capacity 35326K, committed 35416K, reserved 1079296K
  class space    used 3959K, capacity 4905K, committed 4992K, reserved 1048576K
Event: 89.119 GC heap after
Heap after GC invocations=7 (full 2):
 PSYoungGen      total 141312K, used 0K [0x000000076b400000, 0x0000000777e80000, 0x00000007c0000000)
  eden space 130560K, 0% used [0x000000076b400000,0x000000076b400000,0x0000000773380000)
  from space 10752K, 0% used [0x0000000773380000,0x0000000773380000,0x0000000773e00000)
  to   space 18432K, 0% used [0x0000000776c80000,0x0000000776c80000,0x0000000777e80000)
 ParOldGen       total 142336K, used 20190K [0x00000006c1c00000, 0x00000006ca700000, 0x000000076b400000)
  object space 142336K, 14% used [0x00000006c1c00000,0x00000006c2fb7a40,0x00000006ca700000)
 Metaspace       used 32440K, capacity 35326K, committed 35416K, reserved 1079296K
  class space    used 3959K, capacity 4905K, committed 4992K, reserved 1048576K
}

Deoptimization events (10 events):
Event: 96.057 Thread 0x0000000021b40800 Uncommon trap: reason=unhandled action=none pc=0x000000000367f1b0 method=org.apache.felix.framework.BundleWiringImpl.findClassOrResourceByDelegation(Ljava/lang/String;Z)Ljava/lang/Object; @ 368
Event: 96.057 Thread 0x0000000021b40800 Uncommon trap: reason=unhandled action=none pc=0x000000000367f1b0 method=org.apache.felix.framework.BundleWiringImpl.findClassOrResourceByDelegation(Ljava/lang/String;Z)Ljava/lang/Object; @ 368
Event: 96.057 Thread 0x0000000021b40800 Uncommon trap: reason=unhandled action=none pc=0x000000000367f1b0 method=org.apache.felix.framework.BundleWiringImpl.findClassOrResourceByDelegation(Ljava/lang/String;Z)Ljava/lang/Object; @ 368
Event: 96.058 Thread 0x0000000021b40800 Uncommon trap: reason=unhandled action=none pc=0x000000000367f1b0 method=org.apache.felix.framework.BundleWiringImpl.findClassOrResourceByDelegation(Ljava/lang/String;Z)Ljava/lang/Object; @ 368
Event: 96.058 Thread 0x0000000021b40800 Uncommon trap: reason=unhandled action=none pc=0x000000000367f1b0 method=org.apache.felix.framework.BundleWiringImpl.findClassOrResourceByDelegation(Ljava/lang/String;Z)Ljava/lang/Object; @ 368
Event: 96.063 Thread 0x0000000021b40800 Uncommon trap: reason=unhandled action=none pc=0x000000000367f1b0 method=org.apache.felix.framework.BundleWiringImpl.findClassOrResourceByDelegation(Ljava/lang/String;Z)Ljava/lang/Object; @ 368
Event: 96.063 Thread 0x0000000021b40800 Uncommon trap: reason=unhandled action=none pc=0x000000000367f1b0 method=org.apache.felix.framework.BundleWiringImpl.findClassOrResourceByDelegation(Ljava/lang/String;Z)Ljava/lang/Object; @ 368
Event: 96.066 Thread 0x0000000021b40800 Uncommon trap: reason=range_check action=none pc=0x00000000035698a4 method=sun.reflect.generics.parser.SignatureParser.current()C @ 34
Event: 96.067 Thread 0x0000000021b40800 Uncommon trap: reason=range_check action=none pc=0x00000000035698a4 method=sun.reflect.generics.parser.SignatureParser.current()C @ 34
Event: 96.068 Thread 0x0000000021b40800 Uncommon trap: reason=range_check action=none pc=0x00000000035698a4 method=sun.reflect.generics.parser.SignatureParser.current()C @ 34

Internal exceptions (10 events):
Event: 89.891 Thread 0x00000000249d8000 Exception <a 'java/lang/ArrayIndexOutOfBoundsException': 28> (0x000000076d545390) thrown at [C:\re\workspace\8-2-build-windows-amd64-cygwin\jdk8u91\7017\hotspot\src\share\vm\interpreter\interpreterRuntime.cpp, line 366]
Event: 89.895 Thread 0x00000000249d8000 Exception <a 'java/lang/ArrayIndexOutOfBoundsException': 67> (0x000000076d5743d0) thrown at [C:\re\workspace\8-2-build-windows-amd64-cygwin\jdk8u91\7017\hotspot\src\share\vm\interpreter\interpreterRuntime.cpp, line 366]
Event: 89.896 Thread 0x00000000249d8000 Exception <a 'java/lang/ArrayIndexOutOfBoundsException': 31> (0x000000076d57a040) thrown at [C:\re\workspace\8-2-build-windows-amd64-cygwin\jdk8u91\7017\hotspot\src\share\vm\interpreter\interpreterRuntime.cpp, line 366]
Event: 89.897 Thread 0x00000000249d8000 Exception <a 'java/lang/ArrayIndexOutOfBoundsException': 28> (0x000000076d58e720) thrown at [C:\re\workspace\8-2-build-windows-amd64-cygwin\jdk8u91\7017\hotspot\src\share\vm\interpreter\interpreterRuntime.cpp, line 366]
Event: 89.976 Thread 0x00000000249d8000 Exception <a 'java/lang/ArrayIndexOutOfBoundsException': 28> (0x000000076dc8bc10) thrown at [C:\re\workspace\8-2-build-windows-amd64-cygwin\jdk8u91\7017\hotspot\src\share\vm\interpreter\interpreterRuntime.cpp, line 366]
Event: 89.977 Thread 0x00000000249d8000 Exception <a 'java/lang/ArrayIndexOutOfBoundsException': 31> (0x000000076dc8f360) thrown at [C:\re\workspace\8-2-build-windows-amd64-cygwin\jdk8u91\7017\hotspot\src\share\vm\interpreter\interpreterRuntime.cpp, line 366]
Event: 89.977 Thread 0x00000000249d8000 Exception <a 'java/lang/ArrayIndexOutOfBoundsException': 28> (0x000000076dc91d70) thrown at [C:\re\workspace\8-2-build-windows-amd64-cygwin\jdk8u91\7017\hotspot\src\share\vm\interpreter\interpreterRuntime.cpp, line 366]
Event: 96.066 Thread 0x0000000021b40800 Exception <a 'java/lang/ArrayIndexOutOfBoundsException': 28> (0x000000076dfe0720) thrown at [C:\re\workspace\8-2-build-windows-amd64-cygwin\jdk8u91\7017\hotspot\src\share\vm\interpreter\interpreterRuntime.cpp, line 366]
Event: 96.067 Thread 0x0000000021b40800 Exception <a 'java/lang/ArrayIndexOutOfBoundsException': 31> (0x000000076dfe3e58) thrown at [C:\re\workspace\8-2-build-windows-amd64-cygwin\jdk8u91\7017\hotspot\src\share\vm\interpreter\interpreterRuntime.cpp, line 366]
Event: 96.068 Thread 0x0000000021b40800 Exception <a 'java/lang/ArrayIndexOutOfBoundsException': 28> (0x000000076dfe6868) thrown at [C:\re\workspace\8-2-build-windows-amd64-cygwin\jdk8u91\7017\hotspot\src\share\vm\interpreter\interpreterRuntime.cpp, line 366]

Events (10 events):
Event: 147.115 Executing VM operation: EnterInterpOnlyMode
Event: 147.115 Executing nested VM operation: Deoptimize
Event: 147.115 Executing nested VM operation: Deoptimize done
Event: 147.115 Executing VM operation: EnterInterpOnlyMode done
Event: 147.115 Executing VM operation: ChangeSingleStep
Event: 147.115 Executing VM operation: ChangeSingleStep done
Event: 147.115 Executing VM operation: ChangeSingleStep
Event: 147.115 Executing VM operation: ChangeSingleStep done
Event: 147.126 Executing VM operation: RedefineClasses
Event: 147.145 Executing VM operation: RedefineClasses done


Dynamic libraries:
0x000000013f820000 - 0x000000013f857000 	C:\Program Files\Java\jre1.8.0_91\bin\javaw.exe
0x0000000077320000 - 0x00000000774ca000 	C:\Windows\SYSTEM32\ntdll.dll
0x0000000077100000 - 0x000000007721f000 	C:\Windows\system32\kernel32.dll
0x000007fefd160000 - 0x000007fefd1ca000 	C:\Windows\system32\KERNELBASE.dll
0x000007fefe240000 - 0x000007fefe31b000 	C:\Windows\system32\ADVAPI32.dll
0x000007fefe340000 - 0x000007fefe3df000 	C:\Windows\system32\msvcrt.dll
0x000007fefe320000 - 0x000007fefe33f000 	C:\Windows\SYSTEM32\sechost.dll
0x000007fefdb80000 - 0x000007fefdcad000 	C:\Windows\system32\RPCRT4.dll
0x0000000077220000 - 0x000000007731a000 	C:\Windows\system32\USER32.dll
0x000007fefd520000 - 0x000007fefd587000 	C:\Windows\system32\GDI32.dll
0x000007fefd7c0000 - 0x000007fefd7ce000 	C:\Windows\system32\LPK.dll
0x000007fefd7d0000 - 0x000007fefd89a000 	C:\Windows\system32\USP10.dll
0x000007fefb590000 - 0x000007fefb784000 	C:\Windows\WinSxS\amd64_microsoft.windows.common-controls_6595b64144ccf1df_6.0.7601.23403_none_e36ad4593102f066\COMCTL32.dll
0x000007feff5a0000 - 0x000007feff611000 	C:\Windows\system32\SHLWAPI.dll
0x000007fefdec0000 - 0x000007fefdeee000 	C:\Windows\system32\IMM32.DLL
0x000007fefd410000 - 0x000007fefd519000 	C:\Windows\system32\MSCTF.dll
0x0000000074da0000 - 0x0000000074dd9000 	C:\PROGRA~2\Sophos\SOPHOS~1\SOPHOS~2.DLL
0x00000000774f0000 - 0x00000000774f7000 	C:\Windows\system32\PSAPI.DLL
0x0000000051a50000 - 0x0000000051b22000 	C:\Program Files\Java\jre1.8.0_91\bin\msvcr100.dll
0x000000006f810000 - 0x00000000700a3000 	C:\Program Files\Java\jre1.8.0_91\bin\server\jvm.dll
0x000007fefbda0000 - 0x000007fefbda9000 	C:\Windows\system32\WSOCK32.dll
0x000007fefe1d0000 - 0x000007fefe21d000 	C:\Windows\system32\WS2_32.dll
0x000007feff620000 - 0x000007feff628000 	C:\Windows\system32\NSI.dll
0x000007fefafd0000 - 0x000007fefb00b000 	C:\Windows\system32\WINMM.dll
0x000007fefc1d0000 - 0x000007fefc1dc000 	C:\Windows\system32\VERSION.dll
0x000000006b610000 - 0x000000006b61f000 	C:\Program Files\Java\jre1.8.0_91\bin\verify.dll
0x0000000067700000 - 0x0000000067729000 	C:\Program Files\Java\jre1.8.0_91\bin\java.dll
0x0000000061ea0000 - 0x0000000061ed5000 	C:\Program Files\Java\jre1.8.0_91\bin\jdwp.dll
0x000000006b860000 - 0x000000006b868000 	C:\Program Files\Java\jre1.8.0_91\bin\npt.dll
0x000000006b5f0000 - 0x000000006b606000 	C:\Program Files\Java\jre1.8.0_91\bin\zip.dll
0x000007fefe810000 - 0x000007feff59a000 	C:\Windows\system32\SHELL32.dll
0x000007fefdcb0000 - 0x000007fefdeb3000 	C:\Windows\system32\ole32.dll
0x000007fefd050000 - 0x000007fefd05f000 	C:\Windows\system32\profapi.dll
0x000000006b5e0000 - 0x000000006b5e9000 	C:\Program Files\Java\jre1.8.0_91\bin\dt_socket.dll
0x000007fefb090000 - 0x000007fefb0a5000 	C:\Windows\system32\NLAapi.dll
0x000007fefa140000 - 0x000007fefa155000 	C:\Windows\system32\napinsp.dll
0x000007fefa120000 - 0x000007fefa139000 	C:\Windows\system32\pnrpnsp.dll
0x000007fefc7f0000 - 0x000007fefc845000 	C:\Windows\System32\mswsock.dll
0x000007fefc670000 - 0x000007fefc6cb000 	C:\Windows\system32\DNSAPI.dll
0x000007fefa110000 - 0x000007fefa11b000 	C:\Windows\System32\winrnr.dll
0x000007fefbf20000 - 0x000007fefbf47000 	C:\Windows\system32\IPHLPAPI.DLL
0x000007fefc1c0000 - 0x000007fefc1cb000 	C:\Windows\system32\WINNSI.DLL
0x000007fefa070000 - 0x000007fefa0c3000 	C:\Windows\System32\fwpuclnt.dll
0x000007fefa050000 - 0x000007fefa058000 	C:\Windows\system32\rasadhlp.dll
0x000007fefc1e0000 - 0x000007fefc20f000 	C:\ProgramData\Sophos\Web Intelligence\swi_ifslsp_64.dll
0x000007fefc1b0000 - 0x000007fefc1b7000 	C:\Windows\System32\wshtcpip.dll
0x000000006b0c0000 - 0x000000006b0da000 	C:\Program Files\Java\jre1.8.0_91\bin\net.dll
0x000007fefc7e0000 - 0x000007fefc7e7000 	C:\Windows\System32\wship6.dll
0x000007fefc850000 - 0x000007fefc868000 	C:\Windows\system32\CRYPTSP.dll
0x000007fefc550000 - 0x000007fefc597000 	C:\Windows\system32\rsaenh.dll
0x000007fefd1d0000 - 0x000007fefd1ef000 	C:\Windows\system32\USERENV.dll
0x000007fefcef0000 - 0x000007fefceff000 	C:\Windows\system32\CRYPTBASE.dll
0x000007fefa0d0000 - 0x000007fefa0e1000 	C:\Windows\system32\dhcpcsvc6.DLL
0x000007fefa0f0000 - 0x000007fefa108000 	C:\Windows\system32\dhcpcsvc.DLL
0x000000006b080000 - 0x000000006b091000 	C:\Program Files\Java\jre1.8.0_91\bin\nio.dll
0x000000006b030000 - 0x000000006b03d000 	C:\Program Files\Java\jre1.8.0_91\bin\management.dll
0x0000000061e30000 - 0x0000000061e54000 	C:\Program Files\Java\jre1.8.0_91\bin\sunec.dll
0x000007fef9f20000 - 0x000007fefa045000 	C:\Windows\system32\dbghelp.dll

VM Arguments:
jvm_args: -agentlib:jdwp=transport=dt_socket,suspend=y,address=localhost:63371 -ea -Dlauncher.properties=C:\git\skysail\skysail.server.app.notes\generated\launch1976395292093076821.properties -Dfile.encoding=UTF-8 
java_command: aQute.launcher.Launcher
java_class_path (initial): C:\Users\graefca\.bnd\shacache\shas\EB85121A1F35E8C03CB2A6024FC3101E641456E9\org.apache.felix.framework-5.4.0.jar;C:\git\skysail\cnf\nonosgi-repo\biz.aQute.launcher\biz.aQute.launcher-latest.jar
Launcher Type: SUN_STANDARD

Environment Variables:
JAVA_HOME=C:\Program Files\Java\jdk1.8.0_51
PATH=C:/Program Files/Java/jre1.8.0_102/bin/server;C:/Program Files/Java/jre1.8.0_102/bin;C:/Program Files/Java/jre1.8.0_102/lib/amd64;C:\Program Files\Haskell\bin;C:\Program Files\Haskell Platform\7.10.2-a\lib\extralibs\bin;C:\Program Files\Haskell Platform\7.10.2-a\bin;C:\ProgramData\Oracle\Java\javapath;C:\oraclexe\app\oracle\product\11.2.0\server\bin;C:\Programme\Ora11203\Client_1\bin;C:\Windows\system32;C:\Windows;C:\Windows\System32\Wbem;C:\Windows\System32\WindowsPowerShell\v1.0\;C:\Program Files (x86)\Subversion\bin;C:\Program Files\Java\jdk1.8.0_51\bin;D:\dev\gradle\bin;c:\Program Files (x86)\Microsoft SQL Server\100\Tools\Binn\;c:\Program Files\Microsoft SQL Server\100\Tools\Binn\;c:\Program Files\Microsoft SQL Server\100\DTS\Binn\;c:\Program Files (x86)\Microsoft SQL Server\100\Tools\Binn\VSShell\Common7\IDE\;c:\Program Files (x86)\Microsoft SQL Server\100\DTS\Bin\;C:\Program Files (x86)\Mono-3.2.3\bin;C:\dev\groovy\bin;C:\tools\apache-ant-1.9.3\bin;C:\Program Files (x86)\Git\cmd;C:\tools\apache-maven-3.1.1\bin;C:\Program Files\TortoiseGit\bin;C:\Program Files (x86)\Enterprise Vault\EVClient\;c:\Program Files (x86)\Microsoft SQL Server\100\DTS\Binn\;C:\Users\graefca\AppData\Local\Mozilla Firefox;C:\tools\jbake-2.4.0\bin;C:\Program Files\Haskell Platform\7.10.2-a\mingw\bin;C:\Program Files\Git\cmd;C:\Program Files\nodejs\;C:\tools\spring-1.4.0.RELEASE\bin;C:\Python27;C:\tools\activator-1.3.10-minimal\bin;C:\Program Files\Amazon\AWSCLI\;C:\Program Files (x86)\GTK2-Runtime\bin;C:\Programme\Gemeinsame Dateien\GTK\2.0\bin;C:\Program Files (x86)\sbt\\bin;C:\Program Files\TortoiseSVN\bin;C:\Ruby23-x64\bin;C:\Users\graefca\AppData\Roaming\cabal\bin;C:\Program Files (x86)\Microsoft VS Code\bin;C:\Users\graefca\AppData\Roaming\npm;C:\Users\graefca\AppData\Local\atom\bin;C:\Program Files (x86)\NSIS;C:\Program Files\Docker Toolbox;C:\Users\graefca\eclipse\java-neon\eclipse;
USERNAME=graefca
OS=Windows_NT
PROCESSOR_IDENTIFIER=Intel64 Family 6 Model 60 Stepping 3, GenuineIntel



---------------  S Y S T E M  ---------------

OS: Windows 7 , 64 bit Build 7601 (6.1.7601.23572)

CPU:total 8 (4 cores per cpu, 2 threads per core) family 6 model 60 stepping 3, cmov, cx8, fxsr, mmx, sse, sse2, sse3, ssse3, sse4.1, sse4.2, popcnt, avx, avx2, aes, clmul, erms, lzcnt, ht, tsc, tscinvbit, bmi1, bmi2

Memory: 4k page, physical 16658648k(613960k free), swap 33315436k(13686744k free)

vm_info: Java HotSpot(TM) 64-Bit Server VM (25.91-b15) for windows-amd64 JRE (1.8.0_91-b15), built on May 20 2016 17:43:15 by "java_re" with MS VC++ 10.0 (VS2010)

time: Wed Feb 01 14:44:02 2017
elapsed time: 147 seconds (0d 0h 2m 27s)

