INFO  io.skysail.server.app.SkysailApplication - Activating ApplicationModel io.skysail.server.converter.WebappApplication
INFO  io.skysail.server.http.HttpServer - 
INFO  io.skysail.server.http.HttpServer - ====================================
INFO  io.skysail.server.http.HttpServer - Starting skysail server on port 2015
INFO  io.skysail.server.http.HttpServer - ====================================
INFO  io.skysail.server.http.HttpServer - 
INFO  org.eclipse.jetty.util.log - Logging initialized @3997ms
INFO  org.restlet - Starting the Jetty [HTTP/1.1] server on port 2015
INFO  org.eclipse.jetty.server.Server - jetty-9.2.11.v20150529
INFO  org.eclipse.jetty.server.ServerConnector - Started ServerConnector@75a35c28{HTTP/1.1}{0.0.0.0:2015}
INFO  org.eclipse.jetty.server.Server - Started @4089ms
INFO  io.skysail.server.app.SkysailApplication - Activating ApplicationModel io.skysail.server.polymer.PolymerStaticWebapp
INFO  io.skysail.server.app.SkysailApplication - Activating ApplicationModel de.twenty11.skysail.server.webapp.internal.WebappApplication
INFO  io.skysail.server.app.SkysailApplication - Activating ApplicationModel io.skysail.server.text.store.bundleresource.impl.I18nApplication
INFO  io.skysail.server.app.SkysailApplication - Activating ApplicationModel io.skysail.server.um.simple.app.SimpleUserManagementApplication
WARN  i.s.server.um.simple.FileBasedUserManagementProvider - creating default configuration for usermanagement as no configuration was provided (yet)!
INFO  io.skysail.server.app.SkysailApplication - Activating ApplicationModel io.skysail.server.app.demo.DemoApplication
INFO  o.r.S.InternalRouter.SkysailRootApplication - Starting io.skysail.server.app.SkysailRootApplication application
INFO  io.skysail.server.app.SkysailApplication - creating new Router in io.skysail.server.app.SkysailRootApplication
INFO  io.skysail.server.app.SkysailApplication - adding extensions to metadata service
INFO  io.skysail.server.app.SkysailApplication - adding protocols
INFO  de.twenty11.skysail.server.core.restlet.SkysailRouter - routing path '/!meta' -> 'RolesPredicateAuthorizer' -> 'de.twenty11.skysail.server.resources.DefaultResource'
INFO  de.twenty11.skysail.server.core.restlet.SkysailRouter - routing path '/' -> 'de.twenty11.skysail.server.resources.DefaultResource'
WARN  de.twenty11.skysail.server.core.restlet.SkysailRouter - please use a RouteBuilder to attach this resource: class de.twenty11.skysail.server.resources.DefaultResource
INFO  de.twenty11.skysail.server.core.restlet.SkysailRouter - routing path '/_login' -> 'de.twenty11.skysail.server.resources.LoginResource'
WARN  de.twenty11.skysail.server.core.restlet.SkysailRouter - please use a RouteBuilder to attach this resource: class de.twenty11.skysail.server.resources.LoginResource
INFO  de.twenty11.skysail.server.core.restlet.SkysailRouter - routing path '/_demologin' -> 'de.twenty11.skysail.server.resources.DemoLoginResource'
WARN  de.twenty11.skysail.server.core.restlet.SkysailRouter - please use a RouteBuilder to attach this resource: class de.twenty11.skysail.server.resources.DemoLoginResource
INFO  de.twenty11.skysail.server.core.restlet.SkysailRouter - routing path '/_remotelogin' -> 'de.twenty11.skysail.server.resources.RemoteLoginResource'
WARN  de.twenty11.skysail.server.core.restlet.SkysailRouter - please use a RouteBuilder to attach this resource: class de.twenty11.skysail.server.resources.RemoteLoginResource
INFO  o.r.SkysailComponent.InternalRouter.WebappApplication - Starting io.skysail.server.converter.WebappApplication application
INFO  o.r.SkysailComponent.InternalRouter.PolymerStaticWebapp - Starting io.skysail.server.polymer.PolymerStaticWebapp application
INFO  o.r.SkysailComponent.InternalRouter.WebappApplication - Starting de.twenty11.skysail.server.webapp.internal.WebappApplication application
INFO  o.r.SkysailComponent.InternalRouter.I18nApplication - Starting io.skysail.server.text.store.bundleresource.impl.I18nApplication application
INFO  io.skysail.server.app.SkysailApplication - creating new Router in io.skysail.server.text.store.bundleresource.impl.I18nApplication
INFO  io.skysail.server.app.SkysailApplication - adding extensions to metadata service
INFO  io.skysail.server.app.SkysailApplication - adding protocols
INFO  de.twenty11.skysail.server.core.restlet.SkysailRouter - routing path '/v1!meta' -> 'RolesPredicateAuthorizer' -> 'io.skysail.server.text.store.bundleresource.impl.I18nRootResource'
INFO  de.twenty11.skysail.server.core.restlet.SkysailRouter - routing path '/v1' -> 'RolesPredicateAuthorizer' -> 'io.skysail.server.text.store.bundleresource.impl.I18nRootResource'
INFO  io.skysail.domain.core.ApplicationModel - adding entity model with id 'io.skysail.domain.Identifiable'
INFO  de.twenty11.skysail.server.core.restlet.SkysailRouter - routing path '/v1/messages/!meta' -> 'RolesPredicateAuthorizer' -> 'io.skysail.server.text.store.bundleresource.impl.MessagesResource'
INFO  de.twenty11.skysail.server.core.restlet.SkysailRouter - routing path '/v1/messages/' -> 'RolesPredicateAuthorizer' -> 'io.skysail.server.text.store.bundleresource.impl.MessagesResource'
INFO  io.skysail.domain.core.ApplicationModel - adding entity model with id 'io.skysail.server.text.store.bundleresource.impl.BundleMessages'
INFO  de.twenty11.skysail.server.core.restlet.SkysailRouter - routing path '/v1/messages/{key}' -> 'RolesPredicateAuthorizer' -> 'io.skysail.server.text.store.bundleresource.impl.MessageResource'
INFO  io.skysail.domain.core.ApplicationModel - adding entity model with id 'io.skysail.server.text.store.bundleresource.impl.Message'
INFO  de.twenty11.skysail.server.core.restlet.SkysailRouter - routing path '/v1/messages/{key}/' -> 'RolesPredicateAuthorizer' -> 'io.skysail.server.text.store.bundleresource.impl.PutMessageResource'
INFO  de.twenty11.skysail.server.core.restlet.SkysailRouter - routing path '/v1/messages/{key}/{fieldname}/' -> 'RolesPredicateAuthorizer' -> 'io.skysail.server.text.store.bundleresource.impl.PatchMessageResource'
INFO  o.r.S.InternalRouter.SimpleUserManagementApplication - Starting io.skysail.server.um.simple.app.SimpleUserManagementApplication application
INFO  io.skysail.server.app.SkysailApplication - creating new Router in io.skysail.server.um.simple.app.SimpleUserManagementApplication
INFO  io.skysail.server.app.SkysailApplication - adding extensions to metadata service
INFO  io.skysail.server.app.SkysailApplication - adding protocols
WARN  io.skysail.server.app.SkysailApplication - there are no entities defined for the applicationModel ApplicationModel: usermanagement
Repositories: 
Repositories(repositories={})

INFO  de.twenty11.skysail.server.core.restlet.SkysailRouter - routing path '/v1/currentUser' -> 'io.skysail.server.um.simple.app.users.resources.CurrentUserResource'
WARN  de.twenty11.skysail.server.core.restlet.SkysailRouter - please use a RouteBuilder to attach this resource: class io.skysail.server.um.simple.app.users.resources.CurrentUserResource
INFO  o.r.SkysailComponent.InternalRouter.DemoApplication - Starting io.skysail.server.app.demo.DemoApplication application
INFO  io.skysail.server.app.SkysailApplication - creating new Router in io.skysail.server.app.demo.DemoApplication
INFO  io.skysail.server.app.SkysailApplication - adding extensions to metadata service
INFO  io.skysail.server.app.SkysailApplication - adding protocols
WARN  io.skysail.server.app.SkysailApplication - there are no entities defined for the applicationModel ApplicationModel: demoapp
Repositories: 
Repositories(repositories={io.skysail.server.app.demo.Timetable=io.skysail.server.app.demo.DemoRepository@4652f337, io.skysail.server.db.versions.impl.ComponentDbVersion=io.skysail.server.db.versions.impl.VersionsRepository@111a307f})

INFO  de.twenty11.skysail.server.core.restlet.SkysailRouter - routing path '/v1/Timetables/{id}' -> 'RolesPredicateAuthorizer' -> 'io.skysail.server.app.demo.resources.TimetableResourceGen'
INFO  io.skysail.domain.core.ApplicationModel - adding entity model with id 'io.skysail.server.app.demo.Timetable'
INFO  de.twenty11.skysail.server.core.restlet.SkysailRouter - routing path '/v1/Timetables/' -> 'RolesPredicateAuthorizer' -> 'io.skysail.server.app.demo.resources.PostTimetableResourceGen'
INFO  de.twenty11.skysail.server.core.restlet.SkysailRouter - routing path '/v1/Timetables/{id}/' -> 'RolesPredicateAuthorizer' -> 'io.skysail.server.app.demo.resources.PutTimetableResourceGen'
INFO  de.twenty11.skysail.server.core.restlet.SkysailRouter - routing path '/v1/Timetables!meta' -> 'RolesPredicateAuthorizer' -> 'io.skysail.server.app.demo.resources.TimetablesResourceGen'
INFO  de.twenty11.skysail.server.core.restlet.SkysailRouter - routing path '/v1/Timetables' -> 'RolesPredicateAuthorizer' -> 'io.skysail.server.app.demo.resources.TimetablesResourceGen'
INFO  de.twenty11.skysail.server.core.restlet.SkysailRouter - routing path '/v1!meta' -> 'RolesPredicateAuthorizer' -> 'io.skysail.server.app.demo.resources.TimetablesResourceGen'
INFO  de.twenty11.skysail.server.core.restlet.SkysailRouter - routing path '/v1' -> 'RolesPredicateAuthorizer' -> 'io.skysail.server.app.demo.resources.TimetablesResourceGen'
INFO  LogService - 2016-03-25	11:11:24	0:0:0:0:0:0:0:1	admin	0:0:0:0:0:0:0:1	2015	GET	/demoapp/v1/client/index.html	-	200	-	0	711	http://localhost:2015	Mozilla/5.0 (Macintosh; Intel Mac OS X 10_11_4) AppleWebKit/537.36 (KHTML, like Gecko) Chrome/49.0.2623.75 Safari/537.36	-
INFO  LogService - 2016-03-25	11:11:25	0:0:0:0:0:0:0:1	admin	0:0:0:0:0:0:0:1	2015	GET	/lib/router.dev.js	-	404	276	0	642	http://localhost:2015	Mozilla/5.0 (Macintosh; Intel Mac OS X 10_11_4) AppleWebKit/537.36 (KHTML, like Gecko) Chrome/49.0.2623.75 Safari/537.36	http://localhost:2015/demoapp/v1/client/index.html
INFO  LogService - 2016-03-25	11:11:25	0:0:0:0:0:0:0:1	admin	0:0:0:0:0:0:0:1	2015	GET	/lib/http.dev.js	-	404	276	0	675	http://localhost:2015	Mozilla/5.0 (Macintosh; Intel Mac OS X 10_11_4) AppleWebKit/537.36 (KHTML, like Gecko) Chrome/49.0.2623.75 Safari/537.36	http://localhost:2015/demoapp/v1/client/index.html
INFO  LogService - 2016-03-25	11:11:25	0:0:0:0:0:0:0:1	admin	0:0:0:0:0:0:0:1	2015	GET	/lib/system.src.js	-	404	276	0	677	http://localhost:2015	Mozilla/5.0 (Macintosh; Intel Mac OS X 10_11_4) AppleWebKit/537.36 (KHTML, like Gecko) Chrome/49.0.2623.75 Safari/537.36	http://localhost:2015/demoapp/v1/client/index.html
INFO  LogService - 2016-03-25	11:11:25	0:0:0:0:0:0:0:1	admin	0:0:0:0:0:0:0:1	2015	GET	/lib/angular2.dev.js	-	404	276	0	675	http://localhost:2015	Mozilla/5.0 (Macintosh; Intel Mac OS X 10_11_4) AppleWebKit/537.36 (KHTML, like Gecko) Chrome/49.0.2623.75 Safari/537.36	http://localhost:2015/demoapp/v1/client/index.html
INFO  LogService - 2016-03-25	11:11:25	0:0:0:0:0:0:0:1	admin	0:0:0:0:0:0:0:1	2015	GET	/client/app.css	-	404	276	0	706	http://localhost:2015	Mozilla/5.0 (Macintosh; Intel Mac OS X 10_11_4) AppleWebKit/537.36 (KHTML, like Gecko) Chrome/49.0.2623.75 Safari/537.36	http://localhost:2015/demoapp/v1/client/index.html
INFO  LogService - 2016-03-25	11:11:37	0:0:0:0:0:0:0:1	admin	0:0:0:0:0:0:0:1	2015	GET	/demoapp/v1/client/index.html	-	200	-	0	436	http://localhost:2015	Mozilla/5.0 (Macintosh; Intel Mac OS X 10_11_4) AppleWebKit/537.36 (KHTML, like Gecko) Chrome/49.0.2623.75 Safari/537.36	-
INFO  LogService - 2016-03-25	11:11:38	0:0:0:0:0:0:0:1	admin	0:0:0:0:0:0:0:1	2015	GET	/lib/http.dev.js	-	404	276	0	834	http://localhost:2015	Mozilla/5.0 (Macintosh; Intel Mac OS X 10_11_4) AppleWebKit/537.36 (KHTML, like Gecko) Chrome/49.0.2623.75 Safari/537.36	http://localhost:2015/demoapp/v1/client/index.html
INFO  LogService - 2016-03-25	11:11:38	0:0:0:0:0:0:0:1	admin	0:0:0:0:0:0:0:1	2015	GET	/lib/system.src.js	-	404	276	0	880	http://localhost:2015	Mozilla/5.0 (Macintosh; Intel Mac OS X 10_11_4) AppleWebKit/537.36 (KHTML, like Gecko) Chrome/49.0.2623.75 Safari/537.36	http://localhost:2015/demoapp/v1/client/index.html
INFO  LogService - 2016-03-25	11:11:38	0:0:0:0:0:0:0:1	admin	0:0:0:0:0:0:0:1	2015	GET	/lib/angular2.dev.js	-	404	276	0	851	http://localhost:2015	Mozilla/5.0 (Macintosh; Intel Mac OS X 10_11_4) AppleWebKit/537.36 (KHTML, like Gecko) Chrome/49.0.2623.75 Safari/537.36	http://localhost:2015/demoapp/v1/client/index.html
INFO  LogService - 2016-03-25	11:11:38	0:0:0:0:0:0:0:1	admin	0:0:0:0:0:0:0:1	2015	GET	/client/app.css	-	404	276	0	890	http://localhost:2015	Mozilla/5.0 (Macintosh; Intel Mac OS X 10_11_4) AppleWebKit/537.36 (KHTML, like Gecko) Chrome/49.0.2623.75 Safari/537.36	http://localhost:2015/demoapp/v1/client/index.html
INFO  LogService - 2016-03-25	11:11:38	0:0:0:0:0:0:0:1	admin	0:0:0:0:0:0:0:1	2015	GET	/lib/router.dev.js	-	404	276	0	864	http://localhost:2015	Mozilla/5.0 (Macintosh; Intel Mac OS X 10_11_4) AppleWebKit/537.36 (KHTML, like Gecko) Chrome/49.0.2623.75 Safari/537.36	http://localhost:2015/demoapp/v1/client/index.html
INFO  io.skysail.server.app.SkysailApplication - Deactivating ApplicationModel io.skysail.server.app.demo.DemoApplication
INFO  io.skysail.server.app.SkysailApplication - Activating ApplicationModel io.skysail.server.app.demo.DemoApplication
INFO  o.r.SkysailComponent.InternalRouter.DemoApplication - Starting io.skysail.server.app.demo.DemoApplication application
INFO  io.skysail.server.app.SkysailApplication - creating new Router in io.skysail.server.app.demo.DemoApplication
INFO  io.skysail.server.app.SkysailApplication - adding extensions to metadata service
INFO  io.skysail.server.app.SkysailApplication - adding protocols
WARN  io.skysail.server.app.SkysailApplication - there are no entities defined for the applicationModel ApplicationModel: demoapp
Repositories: 
Repositories(repositories={io.skysail.server.app.demo.Timetable=io.skysail.server.app.demo.DemoRepository@73a5723a, io.skysail.server.db.versions.impl.ComponentDbVersion=io.skysail.server.db.versions.impl.VersionsRepository@111a307f})

INFO  de.twenty11.skysail.server.core.restlet.SkysailRouter - routing path '/v1/Timetables/{id}' -> 'RolesPredicateAuthorizer' -> 'io.skysail.server.app.demo.resources.TimetableResourceGen'
INFO  io.skysail.domain.core.ApplicationModel - adding entity model with id 'io.skysail.server.app.demo.Timetable'
INFO  de.twenty11.skysail.server.core.restlet.SkysailRouter - routing path '/v1/Timetables/' -> 'RolesPredicateAuthorizer' -> 'io.skysail.server.app.demo.resources.PostTimetableResourceGen'
INFO  de.twenty11.skysail.server.core.restlet.SkysailRouter - routing path '/v1/Timetables/{id}/' -> 'RolesPredicateAuthorizer' -> 'io.skysail.server.app.demo.resources.PutTimetableResourceGen'
INFO  de.twenty11.skysail.server.core.restlet.SkysailRouter - routing path '/v1/Timetables!meta' -> 'RolesPredicateAuthorizer' -> 'io.skysail.server.app.demo.resources.TimetablesResourceGen'
INFO  de.twenty11.skysail.server.core.restlet.SkysailRouter - routing path '/v1/Timetables' -> 'RolesPredicateAuthorizer' -> 'io.skysail.server.app.demo.resources.TimetablesResourceGen'
INFO  de.twenty11.skysail.server.core.restlet.SkysailRouter - routing path '/v1!meta' -> 'RolesPredicateAuthorizer' -> 'io.skysail.server.app.demo.resources.TimetablesResourceGen'
INFO  de.twenty11.skysail.server.core.restlet.SkysailRouter - routing path '/v1' -> 'RolesPredicateAuthorizer' -> 'io.skysail.server.app.demo.resources.TimetablesResourceGen'
INFO  LogService - 2016-03-25	11:13:05	0:0:0:0:0:0:0:1	admin	0:0:0:0:0:0:0:1	2015	GET	/demoapp/v1/client/index.html	-	200	-	0	454	http://localhost:2015	Mozilla/5.0 (Macintosh; Intel Mac OS X 10_11_4) AppleWebKit/537.36 (KHTML, like Gecko) Chrome/49.0.2623.75 Safari/537.36	-
INFO  LogService - 2016-03-25	11:13:05	0:0:0:0:0:0:0:1	admin	0:0:0:0:0:0:0:1	2015	GET	/client/app.css	-	404	276	0	737	http://localhost:2015	Mozilla/5.0 (Macintosh; Intel Mac OS X 10_11_4) AppleWebKit/537.36 (KHTML, like Gecko) Chrome/49.0.2623.75 Safari/537.36	http://localhost:2015/demoapp/v1/client/index.html
INFO  LogService - 2016-03-25	11:13:05	0:0:0:0:0:0:0:1	admin	0:0:0:0:0:0:0:1	2015	GET	/lib/http.dev.js	-	404	276	0	785	http://localhost:2015	Mozilla/5.0 (Macintosh; Intel Mac OS X 10_11_4) AppleWebKit/537.36 (KHTML, like Gecko) Chrome/49.0.2623.75 Safari/537.36	http://localhost:2015/demoapp/v1/client/index.html
INFO  LogService - 2016-03-25	11:13:06	0:0:0:0:0:0:0:1	admin	0:0:0:0:0:0:0:1	2015	GET	/lib/angular2.dev.js	-	404	276	0	865	http://localhost:2015	Mozilla/5.0 (Macintosh; Intel Mac OS X 10_11_4) AppleWebKit/537.36 (KHTML, like Gecko) Chrome/49.0.2623.75 Safari/537.36	http://localhost:2015/demoapp/v1/client/index.html
INFO  LogService - 2016-03-25	11:13:06	0:0:0:0:0:0:0:1	admin	0:0:0:0:0:0:0:1	2015	GET	/lib/router.dev.js	-	404	276	0	830	http://localhost:2015	Mozilla/5.0 (Macintosh; Intel Mac OS X 10_11_4) AppleWebKit/537.36 (KHTML, like Gecko) Chrome/49.0.2623.75 Safari/537.36	http://localhost:2015/demoapp/v1/client/index.html
INFO  LogService - 2016-03-25	11:13:06	0:0:0:0:0:0:0:1	admin	0:0:0:0:0:0:0:1	2015	GET	/lib/system.src.js	-	404	276	0	882	http://localhost:2015	Mozilla/5.0 (Macintosh; Intel Mac OS X 10_11_4) AppleWebKit/537.36 (KHTML, like Gecko) Chrome/49.0.2623.75 Safari/537.36	http://localhost:2015/demoapp/v1/client/index.html
INFO  LogService - 2016-03-25	11:13:14	0:0:0:0:0:0:0:1	admin	0:0:0:0:0:0:0:1	2015	GET	/demoapp/v1/client/index.html	-	200	-	0	432	http://localhost:2015	Mozilla/5.0 (Macintosh; Intel Mac OS X 10_11_4) AppleWebKit/537.36 (KHTML, like Gecko) Chrome/49.0.2623.75 Safari/537.36	-
INFO  LogService - 2016-03-25	11:13:14	0:0:0:0:0:0:0:1	admin	0:0:0:0:0:0:0:1	2015	GET	/lib/router.dev.js	-	404	276	0	738	http://localhost:2015	Mozilla/5.0 (Macintosh; Intel Mac OS X 10_11_4) AppleWebKit/537.36 (KHTML, like Gecko) Chrome/49.0.2623.75 Safari/537.36	http://localhost:2015/demoapp/v1/client/index.html
INFO  LogService - 2016-03-25	11:13:14	0:0:0:0:0:0:0:1	admin	0:0:0:0:0:0:0:1	2015	GET	/lib/angular2.dev.js	-	404	276	0	739	http://localhost:2015	Mozilla/5.0 (Macintosh; Intel Mac OS X 10_11_4) AppleWebKit/537.36 (KHTML, like Gecko) Chrome/49.0.2623.75 Safari/537.36	http://localhost:2015/demoapp/v1/client/index.html
INFO  LogService - 2016-03-25	11:13:14	0:0:0:0:0:0:0:1	admin	0:0:0:0:0:0:0:1	2015	GET	/lib/http.dev.js	-	404	276	0	759	http://localhost:2015	Mozilla/5.0 (Macintosh; Intel Mac OS X 10_11_4) AppleWebKit/537.36 (KHTML, like Gecko) Chrome/49.0.2623.75 Safari/537.36	http://localhost:2015/demoapp/v1/client/index.html
INFO  LogService - 2016-03-25	11:13:14	0:0:0:0:0:0:0:1	admin	0:0:0:0:0:0:0:1	2015	GET	/lib/system.src.js	-	404	276	0	753	http://localhost:2015	Mozilla/5.0 (Macintosh; Intel Mac OS X 10_11_4) AppleWebKit/537.36 (KHTML, like Gecko) Chrome/49.0.2623.75 Safari/537.36	http://localhost:2015/demoapp/v1/client/index.html
INFO  LogService - 2016-03-25	11:13:14	0:0:0:0:0:0:0:1	admin	0:0:0:0:0:0:0:1	2015	GET	/client/app.css	-	404	276	0	775	http://localhost:2015	Mozilla/5.0 (Macintosh; Intel Mac OS X 10_11_4) AppleWebKit/537.36 (KHTML, like Gecko) Chrome/49.0.2623.75 Safari/537.36	http://localhost:2015/demoapp/v1/client/index.html
INFO  io.skysail.server.app.SkysailApplication - Deactivating ApplicationModel io.skysail.server.app.demo.DemoApplication
INFO  io.skysail.server.app.SkysailApplication - Activating ApplicationModel io.skysail.server.app.demo.DemoApplication
INFO  o.r.SkysailComponent.InternalRouter.DemoApplication - Starting io.skysail.server.app.demo.DemoApplication application
INFO  io.skysail.server.app.SkysailApplication - creating new Router in io.skysail.server.app.demo.DemoApplication
INFO  io.skysail.server.app.SkysailApplication - adding extensions to metadata service
INFO  io.skysail.server.app.SkysailApplication - adding protocols
WARN  io.skysail.server.app.SkysailApplication - there are no entities defined for the applicationModel ApplicationModel: demoapp
Repositories: 
Repositories(repositories={io.skysail.server.app.demo.Timetable=io.skysail.server.app.demo.DemoRepository@2688d143, io.skysail.server.db.versions.impl.ComponentDbVersion=io.skysail.server.db.versions.impl.VersionsRepository@111a307f})

INFO  de.twenty11.skysail.server.core.restlet.SkysailRouter - routing path '/v1/Timetables/{id}' -> 'RolesPredicateAuthorizer' -> 'io.skysail.server.app.demo.resources.TimetableResourceGen'
INFO  io.skysail.domain.core.ApplicationModel - adding entity model with id 'io.skysail.server.app.demo.Timetable'
INFO  de.twenty11.skysail.server.core.restlet.SkysailRouter - routing path '/v1/Timetables/' -> 'RolesPredicateAuthorizer' -> 'io.skysail.server.app.demo.resources.PostTimetableResourceGen'
INFO  de.twenty11.skysail.server.core.restlet.SkysailRouter - routing path '/v1/Timetables/{id}/' -> 'RolesPredicateAuthorizer' -> 'io.skysail.server.app.demo.resources.PutTimetableResourceGen'
INFO  de.twenty11.skysail.server.core.restlet.SkysailRouter - routing path '/v1/Timetables!meta' -> 'RolesPredicateAuthorizer' -> 'io.skysail.server.app.demo.resources.TimetablesResourceGen'
INFO  de.twenty11.skysail.server.core.restlet.SkysailRouter - routing path '/v1/Timetables' -> 'RolesPredicateAuthorizer' -> 'io.skysail.server.app.demo.resources.TimetablesResourceGen'
INFO  de.twenty11.skysail.server.core.restlet.SkysailRouter - routing path '/v1!meta' -> 'RolesPredicateAuthorizer' -> 'io.skysail.server.app.demo.resources.TimetablesResourceGen'
INFO  de.twenty11.skysail.server.core.restlet.SkysailRouter - routing path '/v1' -> 'RolesPredicateAuthorizer' -> 'io.skysail.server.app.demo.resources.TimetablesResourceGen'
INFO  LogService - 2016-03-25	11:13:41	0:0:0:0:0:0:0:1	admin	0:0:0:0:0:0:0:1	2015	GET	/demoapp/v1/client/index.html	-	200	-	0	463	http://localhost:2015	Mozilla/5.0 (Macintosh; Intel Mac OS X 10_11_4) AppleWebKit/537.36 (KHTML, like Gecko) Chrome/49.0.2623.75 Safari/537.36	-
INFO  LogService - 2016-03-25	11:13:42	0:0:0:0:0:0:0:1	admin	0:0:0:0:0:0:0:1	2015	GET	/lib/angular2.dev.js	-	404	276	0	723	http://localhost:2015	Mozilla/5.0 (Macintosh; Intel Mac OS X 10_11_4) AppleWebKit/537.36 (KHTML, like Gecko) Chrome/49.0.2623.75 Safari/537.36	http://localhost:2015/demoapp/v1/client/index.html
INFO  LogService - 2016-03-25	11:13:42	0:0:0:0:0:0:0:1	admin	0:0:0:0:0:0:0:1	2015	GET	/lib/system.src.js	-	404	276	0	700	http://localhost:2015	Mozilla/5.0 (Macintosh; Intel Mac OS X 10_11_4) AppleWebKit/537.36 (KHTML, like Gecko) Chrome/49.0.2623.75 Safari/537.36	http://localhost:2015/demoapp/v1/client/index.html
INFO  LogService - 2016-03-25	11:13:42	0:0:0:0:0:0:0:1	admin	0:0:0:0:0:0:0:1	2015	GET	/lib/router.dev.js	-	404	276	0	694	http://localhost:2015	Mozilla/5.0 (Macintosh; Intel Mac OS X 10_11_4) AppleWebKit/537.36 (KHTML, like Gecko) Chrome/49.0.2623.75 Safari/537.36	http://localhost:2015/demoapp/v1/client/index.html
INFO  LogService - 2016-03-25	11:13:42	0:0:0:0:0:0:0:1	admin	0:0:0:0:0:0:0:1	2015	GET	/lib/http.dev.js	-	404	276	0	713	http://localhost:2015	Mozilla/5.0 (Macintosh; Intel Mac OS X 10_11_4) AppleWebKit/537.36 (KHTML, like Gecko) Chrome/49.0.2623.75 Safari/537.36	http://localhost:2015/demoapp/v1/client/index.html
INFO  LogService - 2016-03-25	11:13:42	0:0:0:0:0:0:0:1	admin	0:0:0:0:0:0:0:1	2015	GET	/client/app.css	-	404	276	0	734	http://localhost:2015	Mozilla/5.0 (Macintosh; Intel Mac OS X 10_11_4) AppleWebKit/537.36 (KHTML, like Gecko) Chrome/49.0.2623.75 Safari/537.36	http://localhost:2015/demoapp/v1/client/index.html
INFO  io.skysail.server.app.SkysailApplication - Deactivating ApplicationModel io.skysail.server.app.demo.DemoApplication
INFO  io.skysail.server.app.SkysailApplication - Activating ApplicationModel io.skysail.server.app.demo.DemoApplication
INFO  o.r.SkysailComponent.InternalRouter.DemoApplication - Starting io.skysail.server.app.demo.DemoApplication application
INFO  io.skysail.server.app.SkysailApplication - creating new Router in io.skysail.server.app.demo.DemoApplication
INFO  io.skysail.server.app.SkysailApplication - adding extensions to metadata service
INFO  io.skysail.server.app.SkysailApplication - adding protocols
WARN  io.skysail.server.app.SkysailApplication - there are no entities defined for the applicationModel ApplicationModel: demoapp
Repositories: 
Repositories(repositories={io.skysail.server.app.demo.Timetable=io.skysail.server.app.demo.DemoRepository@7cac971b, io.skysail.server.db.versions.impl.ComponentDbVersion=io.skysail.server.db.versions.impl.VersionsRepository@111a307f})

INFO  de.twenty11.skysail.server.core.restlet.SkysailRouter - routing path '/v1/Timetables/{id}' -> 'RolesPredicateAuthorizer' -> 'io.skysail.server.app.demo.resources.TimetableResourceGen'
INFO  io.skysail.domain.core.ApplicationModel - adding entity model with id 'io.skysail.server.app.demo.Timetable'
INFO  de.twenty11.skysail.server.core.restlet.SkysailRouter - routing path '/v1/Timetables/' -> 'RolesPredicateAuthorizer' -> 'io.skysail.server.app.demo.resources.PostTimetableResourceGen'
INFO  de.twenty11.skysail.server.core.restlet.SkysailRouter - routing path '/v1/Timetables/{id}/' -> 'RolesPredicateAuthorizer' -> 'io.skysail.server.app.demo.resources.PutTimetableResourceGen'
INFO  de.twenty11.skysail.server.core.restlet.SkysailRouter - routing path '/v1/Timetables!meta' -> 'RolesPredicateAuthorizer' -> 'io.skysail.server.app.demo.resources.TimetablesResourceGen'
INFO  de.twenty11.skysail.server.core.restlet.SkysailRouter - routing path '/v1/Timetables' -> 'RolesPredicateAuthorizer' -> 'io.skysail.server.app.demo.resources.TimetablesResourceGen'
INFO  de.twenty11.skysail.server.core.restlet.SkysailRouter - routing path '/v1!meta' -> 'RolesPredicateAuthorizer' -> 'io.skysail.server.app.demo.resources.TimetablesResourceGen'
INFO  de.twenty11.skysail.server.core.restlet.SkysailRouter - routing path '/v1' -> 'RolesPredicateAuthorizer' -> 'io.skysail.server.app.demo.resources.TimetablesResourceGen'
INFO  LogService - 2016-03-25	11:14:08	0:0:0:0:0:0:0:1	admin	0:0:0:0:0:0:0:1	2015	GET	/demoapp/v1/client/index.html	-	200	-	0	440	http://localhost:2015	Mozilla/5.0 (Macintosh; Intel Mac OS X 10_11_4) AppleWebKit/537.36 (KHTML, like Gecko) Chrome/49.0.2623.75 Safari/537.36	-
INFO  LogService - 2016-03-25	11:14:11	0:0:0:0:0:0:0:1	admin	0:0:0:0:0:0:0:1	2015	GET	/demoapp/v1/client/index.html	-	200	-	0	435	http://localhost:2015	Mozilla/5.0 (Macintosh; Intel Mac OS X 10_11_4) AppleWebKit/537.36 (KHTML, like Gecko) Chrome/49.0.2623.75 Safari/537.36	-
INFO  LogService - 2016-03-25	11:14:12	0:0:0:0:0:0:0:1	admin	0:0:0:0:0:0:0:1	2015	GET	/demoapp/v1/lib/system.src.js	-	200	-	0	773	http://localhost:2015	Mozilla/5.0 (Macintosh; Intel Mac OS X 10_11_4) AppleWebKit/537.36 (KHTML, like Gecko) Chrome/49.0.2623.75 Safari/537.36	http://localhost:2015/demoapp/v1/client/index.html
INFO  LogService - 2016-03-25	11:14:12	0:0:0:0:0:0:0:1	admin	0:0:0:0:0:0:0:1	2015	GET	/demoapp/v1/client/app.css	-	200	-	0	789	http://localhost:2015	Mozilla/5.0 (Macintosh; Intel Mac OS X 10_11_4) AppleWebKit/537.36 (KHTML, like Gecko) Chrome/49.0.2623.75 Safari/537.36	http://localhost:2015/demoapp/v1/client/index.html
INFO  LogService - 2016-03-25	11:14:12	0:0:0:0:0:0:0:1	admin	0:0:0:0:0:0:0:1	2015	GET	/demoapp/v1/lib/http.dev.js	-	200	-	0	949	http://localhost:2015	Mozilla/5.0 (Macintosh; Intel Mac OS X 10_11_4) AppleWebKit/537.36 (KHTML, like Gecko) Chrome/49.0.2623.75 Safari/537.36	http://localhost:2015/demoapp/v1/client/index.html
INFO  LogService - 2016-03-25	11:14:12	0:0:0:0:0:0:0:1	admin	0:0:0:0:0:0:0:1	2015	GET	/demoapp/v1/lib/angular2.dev.js	-	200	-	0	963	http://localhost:2015	Mozilla/5.0 (Macintosh; Intel Mac OS X 10_11_4) AppleWebKit/537.36 (KHTML, like Gecko) Chrome/49.0.2623.75 Safari/537.36	http://localhost:2015/demoapp/v1/client/index.html
INFO  LogService - 2016-03-25	11:14:12	0:0:0:0:0:0:0:1	admin	0:0:0:0:0:0:0:1	2015	GET	/demoapp/v1/lib/router.dev.js	-	200	-	0	1007	http://localhost:2015	Mozilla/5.0 (Macintosh; Intel Mac OS X 10_11_4) AppleWebKit/537.36 (KHTML, like Gecko) Chrome/49.0.2623.75 Safari/537.36	http://localhost:2015/demoapp/v1/client/index.html
INFO  LogService - 2016-03-25	11:14:13	0:0:0:0:0:0:0:1	admin	0:0:0:0:0:0:0:1	2015	GET	/demoapp/v1/client/app.css.map	-	200	-	0	824	http://localhost:2015	Mozilla/5.0 (Macintosh; Intel Mac OS X 10_11_4) AppleWebKit/537.36 (KHTML, like Gecko) Chrome/49.0.2623.75 Safari/537.36	-
INFO  LogService - 2016-03-25	11:14:13	0:0:0:0:0:0:0:1	admin	0:0:0:0:0:0:0:1	2015	GET	/demoapp/v1/client/bootstrap.js	-	200	-	0	520	http://localhost:2015	Mozilla/5.0 (Macintosh; Intel Mac OS X 10_11_4) AppleWebKit/537.36 (KHTML, like Gecko) Chrome/49.0.2623.75 Safari/537.36	http://localhost:2015/demoapp/v1/client/index.html
INFO  LogService - 2016-03-25	11:14:13	0:0:0:0:0:0:0:1	admin	0:0:0:0:0:0:0:1	2015	GET	/demoapp/v1/lib/router.dev.js.map	-	404	276	0	501	http://localhost:2015	Mozilla/5.0 (Macintosh; Intel Mac OS X 10_11_4) AppleWebKit/537.36 (KHTML, like Gecko) Chrome/49.0.2623.75 Safari/537.36	-
INFO  LogService - 2016-03-25	11:14:14	0:0:0:0:0:0:0:1	admin	0:0:0:0:0:0:0:1	2015	GET	/demoapp/v1/client/components/app.js	-	200	-	0	432	http://localhost:2015	Mozilla/5.0 (Macintosh; Intel Mac OS X 10_11_4) AppleWebKit/537.36 (KHTML, like Gecko) Chrome/49.0.2623.75 Safari/537.36	http://localhost:2015/demoapp/v1/client/index.html
INFO  LogService - 2016-03-25	11:14:14	0:0:0:0:0:0:0:1	admin	0:0:0:0:0:0:0:1	2015	GET	/demoapp/v1/client/components/dashboard.js	-	200	-	0	441	http://localhost:2015	Mozilla/5.0 (Macintosh; Intel Mac OS X 10_11_4) AppleWebKit/537.36 (KHTML, like Gecko) Chrome/49.0.2623.75 Safari/537.36	http://localhost:2015/demoapp/v1/client/index.html
INFO  LogService - 2016-03-25	11:14:14	0:0:0:0:0:0:0:1	admin	0:0:0:0:0:0:0:1	2015	GET	/demoapp/v1/client/components/manage.js	-	200	-	0	437	http://localhost:2015	Mozilla/5.0 (Macintosh; Intel Mac OS X 10_11_4) AppleWebKit/537.36 (KHTML, like Gecko) Chrome/49.0.2623.75 Safari/537.36	http://localhost:2015/demoapp/v1/client/index.html
INFO  LogService - 2016-03-25	11:14:15	0:0:0:0:0:0:0:1	admin	0:0:0:0:0:0:0:1	2015	GET	/demoapp/v1/client/components/summary.js	-	200	-	0	412	http://localhost:2015	Mozilla/5.0 (Macintosh; Intel Mac OS X 10_11_4) AppleWebKit/537.36 (KHTML, like Gecko) Chrome/49.0.2623.75 Safari/537.36	http://localhost:2015/demoapp/v1/client/index.html
INFO  LogService - 2016-03-25	11:14:15	0:0:0:0:0:0:0:1	admin	0:0:0:0:0:0:0:1	2015	GET	/demoapp/v1/client/services/stocks.js	-	200	-	0	409	http://localhost:2015	Mozilla/5.0 (Macintosh; Intel Mac OS X 10_11_4) AppleWebKit/537.36 (KHTML, like Gecko) Chrome/49.0.2623.75 Safari/537.36	http://localhost:2015/demoapp/v1/client/index.html
INFO  LogService - 2016-03-25	11:14:16	0:0:0:0:0:0:0:1	admin	0:0:0:0:0:0:0:1	2015	GET	/demoapp/v1/client/bootstrap.js.map	-	200	-	0	755	http://localhost:2015	Mozilla/5.0 (Macintosh; Intel Mac OS X 10_11_4) AppleWebKit/537.36 (KHTML, like Gecko) Chrome/49.0.2623.75 Safari/537.36	-
INFO  LogService - 2016-03-25	11:14:16	0:0:0:0:0:0:0:1	admin	0:0:0:0:0:0:0:1	2015	GET	/demoapp/v1/client/components/summary.js.map	-	200	-	0	733	http://localhost:2015	Mozilla/5.0 (Macintosh; Intel Mac OS X 10_11_4) AppleWebKit/537.36 (KHTML, like Gecko) Chrome/49.0.2623.75 Safari/537.36	-
INFO  LogService - 2016-03-25	11:14:16	0:0:0:0:0:0:0:1	admin	0:0:0:0:0:0:0:1	2015	GET	/demoapp/v1/client/components/app.js.map	-	200	-	0	759	http://localhost:2015	Mozilla/5.0 (Macintosh; Intel Mac OS X 10_11_4) AppleWebKit/537.36 (KHTML, like Gecko) Chrome/49.0.2623.75 Safari/537.36	-
INFO  LogService - 2016-03-25	11:14:16	0:0:0:0:0:0:0:1	admin	0:0:0:0:0:0:0:1	2015	GET	/demoapp/v1/client/services/stocks.js.map	-	200	-	0	760	http://localhost:2015	Mozilla/5.0 (Macintosh; Intel Mac OS X 10_11_4) AppleWebKit/537.36 (KHTML, like Gecko) Chrome/49.0.2623.75 Safari/537.36	-
INFO  LogService - 2016-03-25	11:14:16	0:0:0:0:0:0:0:1	admin	0:0:0:0:0:0:0:1	2015	GET	/demoapp/v1/client/components/dashboard.js.map	-	200	-	0	771	http://localhost:2015	Mozilla/5.0 (Macintosh; Intel Mac OS X 10_11_4) AppleWebKit/537.36 (KHTML, like Gecko) Chrome/49.0.2623.75 Safari/537.36	-
INFO  LogService - 2016-03-25	11:14:16	0:0:0:0:0:0:0:1	admin	0:0:0:0:0:0:0:1	2015	GET	/demoapp/v1/client/components/manage.js.map	-	200	-	0	758	http://localhost:2015	Mozilla/5.0 (Macintosh; Intel Mac OS X 10_11_4) AppleWebKit/537.36 (KHTML, like Gecko) Chrome/49.0.2623.75 Safari/537.36	-
INFO  io.skysail.server.restlet.resources.ListServerResource - Request entry point: TimetablesResourceGen @Get([text/html])
INFO  io.skysail.server.stringtemplate.STGroupBundleDir - found resource in skysail.server.converter: bundle://84.0:1/templates/bootstrap/index.st
INFO  io.skysail.server.stringtemplate.STGroupBundleDir - found resource in skysail.server.converter: bundle://84.0:1/templates/bootstrap/contentHeader.st
INFO  LogService - 2016-03-25	11:14:25	0:0:0:0:0:0:0:1	admin	0:0:0:0:0:0:0:1	2015	GET	/demoapp/v1	-	200	-	0	1392	http://localhost:2015	Mozilla/5.0 (Macintosh; Intel Mac OS X 10_11_4) AppleWebKit/537.36 (KHTML, like Gecko) Chrome/49.0.2623.75 Safari/537.36	-
INFO  LogService - 2016-03-25	11:14:26	0:0:0:0:0:0:0:1	-	0:0:0:0:0:0:0:1	2015	GET	/static/js/mousetrap/mousetrap.min.js	-	200	-	0	4	http://localhost:2015	Mozilla/5.0 (Macintosh; Intel Mac OS X 10_11_4) AppleWebKit/537.36 (KHTML, like Gecko) Chrome/49.0.2623.75 Safari/537.36	http://localhost:2015/demoapp/v1
INFO  LogService - 2016-03-25	11:14:26	0:0:0:0:0:0:0:1	-	0:0:0:0:0:0:0:1	2015	GET	/static/themes/jstree/style.min.css	-	200	-	0	4	http://localhost:2015	Mozilla/5.0 (Macintosh; Intel Mac OS X 10_11_4) AppleWebKit/537.36 (KHTML, like Gecko) Chrome/49.0.2623.75 Safari/537.36	http://localhost:2015/demoapp/v1
INFO  LogService - 2016-03-25	11:14:26	0:0:0:0:0:0:0:1	-	0:0:0:0:0:0:0:1	2015	GET	/static/img/silk/user.png	-	200	-	0	2	http://localhost:2015	Mozilla/5.0 (Macintosh; Intel Mac OS X 10_11_4) AppleWebKit/537.36 (KHTML, like Gecko) Chrome/49.0.2623.75 Safari/537.36	http://localhost:2015/demoapp/v1
INFO  LogService - 2016-03-25	11:14:26	0:0:0:0:0:0:0:1	-	0:0:0:0:0:0:0:1	2015	GET	/static/img/skysail.logo.png	-	200	-	0	3	http://localhost:2015	Mozilla/5.0 (Macintosh; Intel Mac OS X 10_11_4) AppleWebKit/537.36 (KHTML, like Gecko) Chrome/49.0.2623.75 Safari/537.36	http://localhost:2015/demoapp/v1
INFO  LogService - 2016-03-25	11:14:26	0:0:0:0:0:0:0:1	-	0:0:0:0:0:0:0:1	2015	GET	/static/img/silk/book_open.png	-	200	-	0	2	http://localhost:2015	Mozilla/5.0 (Macintosh; Intel Mac OS X 10_11_4) AppleWebKit/537.36 (KHTML, like Gecko) Chrome/49.0.2623.75 Safari/537.36	http://localhost:2015/demoapp/v1
INFO  LogService - 2016-03-25	11:14:26	0:0:0:0:0:0:0:1	-	0:0:0:0:0:0:0:1	2015	GET	/static/js/jstree/jstree.min.js	-	200	-	0	4	http://localhost:2015	Mozilla/5.0 (Macintosh; Intel Mac OS X 10_11_4) AppleWebKit/537.36 (KHTML, like Gecko) Chrome/49.0.2623.75 Safari/537.36	http://localhost:2015/demoapp/v1
INFO  LogService - 2016-03-25	11:14:27	0:0:0:0:0:0:0:1	-	0:0:0:0:0:0:0:1	2015	GET	/static/themes/jstree/throbber.gif	-	200	-	0	3	http://localhost:2015	Mozilla/5.0 (Macintosh; Intel Mac OS X 10_11_4) AppleWebKit/537.36 (KHTML, like Gecko) Chrome/49.0.2623.75 Safari/537.36	http://localhost:2015/static/themes/jstree/style.min.css
INFO  LogService - 2016-03-25	11:14:27	0:0:0:0:0:0:0:1	-	0:0:0:0:0:0:0:1	2015	GET	/static/themes/jstree/32px.png	-	200	-	0	2	http://localhost:2015	Mozilla/5.0 (Macintosh; Intel Mac OS X 10_11_4) AppleWebKit/537.36 (KHTML, like Gecko) Chrome/49.0.2623.75 Safari/537.36	http://localhost:2015/static/themes/jstree/style.min.css
INFO  io.skysail.server.restlet.resources.ListServerResource - Request entry point: TimetablesResourceGen @Get([text/html])
INFO  io.skysail.server.stringtemplate.STGroupBundleDir - found resource in skysail.server.converter: bundle://84.0:1/templates/bootstrap/index.st
INFO  io.skysail.server.stringtemplate.STGroupBundleDir - found resource in skysail.server.converter: bundle://84.0:1/templates/bootstrap/contentHeader.st
INFO  LogService - 2016-03-25	11:25:36	0:0:0:0:0:0:0:1	admin	0:0:0:0:0:0:0:1	2015	GET	/demoapp/v1	-	200	-	0	869	http://localhost:2015	Mozilla/5.0 (Macintosh; Intel Mac OS X 10_11_4) AppleWebKit/537.36 (KHTML, like Gecko) Chrome/49.0.2623.75 Safari/537.36	-
INFO  LogService - 2016-03-25	11:25:36	0:0:0:0:0:0:0:1	-	0:0:0:0:0:0:0:1	2015	GET	/static/themes/jstree/style.min.css	-	200	-	0	3	http://localhost:2015	Mozilla/5.0 (Macintosh; Intel Mac OS X 10_11_4) AppleWebKit/537.36 (KHTML, like Gecko) Chrome/49.0.2623.75 Safari/537.36	http://localhost:2015/demoapp/v1
INFO  LogService - 2016-03-25	11:25:36	0:0:0:0:0:0:0:1	-	0:0:0:0:0:0:0:1	2015	GET	/static/js/mousetrap/mousetrap.min.js	-	200	-	0	3	http://localhost:2015	Mozilla/5.0 (Macintosh; Intel Mac OS X 10_11_4) AppleWebKit/537.36 (KHTML, like Gecko) Chrome/49.0.2623.75 Safari/537.36	http://localhost:2015/demoapp/v1
INFO  LogService - 2016-03-25	11:25:36	0:0:0:0:0:0:0:1	-	0:0:0:0:0:0:0:1	2015	GET	/static/js/jstree/jstree.min.js	-	200	-	0	3	http://localhost:2015	Mozilla/5.0 (Macintosh; Intel Mac OS X 10_11_4) AppleWebKit/537.36 (KHTML, like Gecko) Chrome/49.0.2623.75 Safari/537.36	http://localhost:2015/demoapp/v1
INFO  LogService - 2016-03-25	11:25:36	0:0:0:0:0:0:0:1	-	0:0:0:0:0:0:0:1	2015	GET	/static/img/skysail.logo.png	-	200	-	0	2	http://localhost:2015	Mozilla/5.0 (Macintosh; Intel Mac OS X 10_11_4) AppleWebKit/537.36 (KHTML, like Gecko) Chrome/49.0.2623.75 Safari/537.36	http://localhost:2015/demoapp/v1
INFO  LogService - 2016-03-25	11:25:36	0:0:0:0:0:0:0:1	-	0:0:0:0:0:0:0:1	2015	GET	/static/img/silk/user.png	-	200	-	0	2	http://localhost:2015	Mozilla/5.0 (Macintosh; Intel Mac OS X 10_11_4) AppleWebKit/537.36 (KHTML, like Gecko) Chrome/49.0.2623.75 Safari/537.36	http://localhost:2015/demoapp/v1
INFO  LogService - 2016-03-25	11:25:36	0:0:0:0:0:0:0:1	-	0:0:0:0:0:0:0:1	2015	GET	/static/img/silk/book_open.png	-	200	-	0	2	http://localhost:2015	Mozilla/5.0 (Macintosh; Intel Mac OS X 10_11_4) AppleWebKit/537.36 (KHTML, like Gecko) Chrome/49.0.2623.75 Safari/537.36	http://localhost:2015/demoapp/v1
INFO  LogService - 2016-03-25	11:25:37	0:0:0:0:0:0:0:1	-	0:0:0:0:0:0:0:1	2015	GET	/static/themes/jstree/throbber.gif	-	200	-	0	4	http://localhost:2015	Mozilla/5.0 (Macintosh; Intel Mac OS X 10_11_4) AppleWebKit/537.36 (KHTML, like Gecko) Chrome/49.0.2623.75 Safari/537.36	http://localhost:2015/static/themes/jstree/style.min.css
INFO  LogService - 2016-03-25	11:25:37	0:0:0:0:0:0:0:1	-	0:0:0:0:0:0:0:1	2015	GET	/static/themes/jstree/32px.png	-	200	-	0	5	http://localhost:2015	Mozilla/5.0 (Macintosh; Intel Mac OS X 10_11_4) AppleWebKit/537.36 (KHTML, like Gecko) Chrome/49.0.2623.75 Safari/537.36	http://localhost:2015/static/themes/jstree/style.min.css
INFO  LogService - 2016-03-25	11:25:41	0:0:0:0:0:0:0:1	admin	0:0:0:0:0:0:0:1	2015	GET	/demoapp/v1/client/index.html	-	200	-	0	434	http://localhost:2015	Mozilla/5.0 (Macintosh; Intel Mac OS X 10_11_4) AppleWebKit/537.36 (KHTML, like Gecko) Chrome/49.0.2623.75 Safari/537.36	-
INFO  LogService - 2016-03-25	11:25:42	0:0:0:0:0:0:0:1	admin	0:0:0:0:0:0:0:1	2015	GET	/demoapp/v1/lib/router.dev.js	-	200	-	0	679	http://localhost:2015	Mozilla/5.0 (Macintosh; Intel Mac OS X 10_11_4) AppleWebKit/537.36 (KHTML, like Gecko) Chrome/49.0.2623.75 Safari/537.36	http://localhost:2015/demoapp/v1/client/index.html
INFO  LogService - 2016-03-25	11:25:42	0:0:0:0:0:0:0:1	admin	0:0:0:0:0:0:0:1	2015	GET	/demoapp/v1/lib/angular2.dev.js	-	200	-	0	690	http://localhost:2015	Mozilla/5.0 (Macintosh; Intel Mac OS X 10_11_4) AppleWebKit/537.36 (KHTML, like Gecko) Chrome/49.0.2623.75 Safari/537.36	http://localhost:2015/demoapp/v1/client/index.html
INFO  LogService - 2016-03-25	11:25:42	0:0:0:0:0:0:0:1	admin	0:0:0:0:0:0:0:1	2015	GET	/demoapp/v1/lib/system.src.js	-	200	-	0	709	http://localhost:2015	Mozilla/5.0 (Macintosh; Intel Mac OS X 10_11_4) AppleWebKit/537.36 (KHTML, like Gecko) Chrome/49.0.2623.75 Safari/537.36	http://localhost:2015/demoapp/v1/client/index.html
INFO  LogService - 2016-03-25	11:25:42	0:0:0:0:0:0:0:1	admin	0:0:0:0:0:0:0:1	2015	GET	/demoapp/v1/lib/http.dev.js	-	200	-	0	721	http://localhost:2015	Mozilla/5.0 (Macintosh; Intel Mac OS X 10_11_4) AppleWebKit/537.36 (KHTML, like Gecko) Chrome/49.0.2623.75 Safari/537.36	http://localhost:2015/demoapp/v1/client/index.html
INFO  LogService - 2016-03-25	11:25:42	0:0:0:0:0:0:0:1	admin	0:0:0:0:0:0:0:1	2015	GET	/demoapp/v1/client/app.css	-	200	-	0	750	http://localhost:2015	Mozilla/5.0 (Macintosh; Intel Mac OS X 10_11_4) AppleWebKit/537.36 (KHTML, like Gecko) Chrome/49.0.2623.75 Safari/537.36	http://localhost:2015/demoapp/v1/client/index.html
INFO  LogService - 2016-03-25	11:25:43	0:0:0:0:0:0:0:1	admin	0:0:0:0:0:0:0:1	2015	GET	/demoapp/v1/client/app.css.map	-	200	-	0	598	http://localhost:2015	Mozilla/5.0 (Macintosh; Intel Mac OS X 10_11_4) AppleWebKit/537.36 (KHTML, like Gecko) Chrome/49.0.2623.75 Safari/537.36	-
INFO  LogService - 2016-03-25	11:25:43	0:0:0:0:0:0:0:1	admin	0:0:0:0:0:0:0:1	2015	GET	/demoapp/v1/client/bootstrap.js	-	200	-	0	526	http://localhost:2015	Mozilla/5.0 (Macintosh; Intel Mac OS X 10_11_4) AppleWebKit/537.36 (KHTML, like Gecko) Chrome/49.0.2623.75 Safari/537.36	http://localhost:2015/demoapp/v1/client/index.html
INFO  LogService - 2016-03-25	11:25:43	0:0:0:0:0:0:0:1	admin	0:0:0:0:0:0:0:1	2015	GET	/demoapp/v1/lib/router.dev.js.map	-	404	276	0	510	http://localhost:2015	Mozilla/5.0 (Macintosh; Intel Mac OS X 10_11_4) AppleWebKit/537.36 (KHTML, like Gecko) Chrome/49.0.2623.75 Safari/537.36	-
INFO  LogService - 2016-03-25	11:25:44	0:0:0:0:0:0:0:1	admin	0:0:0:0:0:0:0:1	2015	GET	/demoapp/v1/client/components/app.js	-	200	-	0	427	http://localhost:2015	Mozilla/5.0 (Macintosh; Intel Mac OS X 10_11_4) AppleWebKit/537.36 (KHTML, like Gecko) Chrome/49.0.2623.75 Safari/537.36	http://localhost:2015/demoapp/v1/client/index.html
INFO  LogService - 2016-03-25	11:25:44	0:0:0:0:0:0:0:1	admin	0:0:0:0:0:0:0:1	2015	GET	/demoapp/v1/client/components/dashboard.js	-	200	-	0	428	http://localhost:2015	Mozilla/5.0 (Macintosh; Intel Mac OS X 10_11_4) AppleWebKit/537.36 (KHTML, like Gecko) Chrome/49.0.2623.75 Safari/537.36	http://localhost:2015/demoapp/v1/client/index.html
INFO  LogService - 2016-03-25	11:25:44	0:0:0:0:0:0:0:1	admin	0:0:0:0:0:0:0:1	2015	GET	/demoapp/v1/client/components/manage.js	-	200	-	0	442	http://localhost:2015	Mozilla/5.0 (Macintosh; Intel Mac OS X 10_11_4) AppleWebKit/537.36 (KHTML, like Gecko) Chrome/49.0.2623.75 Safari/537.36	http://localhost:2015/demoapp/v1/client/index.html
INFO  LogService - 2016-03-25	11:25:45	0:0:0:0:0:0:0:1	admin	0:0:0:0:0:0:0:1	2015	GET	/demoapp/v1/client/components/summary.js	-	200	-	0	444	http://localhost:2015	Mozilla/5.0 (Macintosh; Intel Mac OS X 10_11_4) AppleWebKit/537.36 (KHTML, like Gecko) Chrome/49.0.2623.75 Safari/537.36	http://localhost:2015/demoapp/v1/client/index.html
INFO  LogService - 2016-03-25	11:25:45	0:0:0:0:0:0:0:1	admin	0:0:0:0:0:0:0:1	2015	GET	/demoapp/v1/client/services/stocks.js	-	200	-	0	454	http://localhost:2015	Mozilla/5.0 (Macintosh; Intel Mac OS X 10_11_4) AppleWebKit/537.36 (KHTML, like Gecko) Chrome/49.0.2623.75 Safari/537.36	http://localhost:2015/demoapp/v1/client/index.html
INFO  LogService - 2016-03-25	11:25:46	0:0:0:0:0:0:0:1	admin	0:0:0:0:0:0:0:1	2015	GET	/demoapp/v1/client/bootstrap.js.map	-	200	-	0	767	http://localhost:2015	Mozilla/5.0 (Macintosh; Intel Mac OS X 10_11_4) AppleWebKit/537.36 (KHTML, like Gecko) Chrome/49.0.2623.75 Safari/537.36	-
INFO  LogService - 2016-03-25	11:25:46	0:0:0:0:0:0:0:1	admin	0:0:0:0:0:0:0:1	2015	GET	/demoapp/v1/client/components/dashboard.js.map	-	200	-	0	778	http://localhost:2015	Mozilla/5.0 (Macintosh; Intel Mac OS X 10_11_4) AppleWebKit/537.36 (KHTML, like Gecko) Chrome/49.0.2623.75 Safari/537.36	-
INFO  LogService - 2016-03-25	11:25:46	0:0:0:0:0:0:0:1	admin	0:0:0:0:0:0:0:1	2015	GET	/demoapp/v1/client/components/summary.js.map	-	200	-	0	773	http://localhost:2015	Mozilla/5.0 (Macintosh; Intel Mac OS X 10_11_4) AppleWebKit/537.36 (KHTML, like Gecko) Chrome/49.0.2623.75 Safari/537.36	-
INFO  LogService - 2016-03-25	11:25:46	0:0:0:0:0:0:0:1	admin	0:0:0:0:0:0:0:1	2015	GET	/demoapp/v1/client/components/app.js.map	-	200	-	0	809	http://localhost:2015	Mozilla/5.0 (Macintosh; Intel Mac OS X 10_11_4) AppleWebKit/537.36 (KHTML, like Gecko) Chrome/49.0.2623.75 Safari/537.36	-
INFO  LogService - 2016-03-25	11:25:46	0:0:0:0:0:0:0:1	admin	0:0:0:0:0:0:0:1	2015	GET	/demoapp/v1/client/services/stocks.js.map	-	200	-	0	778	http://localhost:2015	Mozilla/5.0 (Macintosh; Intel Mac OS X 10_11_4) AppleWebKit/537.36 (KHTML, like Gecko) Chrome/49.0.2623.75 Safari/537.36	-
INFO  LogService - 2016-03-25	11:25:46	0:0:0:0:0:0:0:1	admin	0:0:0:0:0:0:0:1	2015	GET	/demoapp/v1/client/components/manage.js.map	-	200	-	0	761	http://localhost:2015	Mozilla/5.0 (Macintosh; Intel Mac OS X 10_11_4) AppleWebKit/537.36 (KHTML, like Gecko) Chrome/49.0.2623.75 Safari/537.36	-
INFO  io.skysail.server.app.SkysailApplication - Deactivating ApplicationModel io.skysail.server.converter.WebappApplication
INFO  io.skysail.server.app.SkysailApplication - Deactivating ApplicationModel io.skysail.server.polymer.PolymerStaticWebapp
INFO  io.skysail.server.app.SkysailApplication - Deactivating ApplicationModel de.twenty11.skysail.server.webapp.internal.WebappApplication
INFO  io.skysail.server.services.ServerLoad - deactivating ServerLoad task
INFO  org.restlet - Stopping the Jetty [HTTP/1.1] server on port 2015
INFO  org.eclipse.jetty.server.ServerConnector - Stopped ServerConnector@75a35c28{HTTP/1.1}{0.0.0.0:2015}
INFO  io.skysail.server.app.SkysailApplication - Deactivating ApplicationModel io.skysail.server.app.demo.DemoApplication
INFO  io.skysail.server.app.SkysailApplication - Deactivating ApplicationModel io.skysail.server.text.store.bundleresource.impl.I18nApplication
INFO  io.skysail.server.app.SkysailApplication - Deactivating ApplicationModel io.skysail.server.um.simple.app.SimpleUserManagementApplication
INFO  io.skysail.server.http.HttpServer - 
INFO  io.skysail.server.http.HttpServer - ====================================
INFO  io.skysail.server.http.HttpServer - Starting skysail server on port 2015
INFO  io.skysail.server.http.HttpServer - ====================================
INFO  io.skysail.server.http.HttpServer - 
INFO  org.restlet - Starting the Jetty [HTTP/1.1] server on port 2015
INFO  org.eclipse.jetty.server.Server - jetty-9.2.11.v20150529
INFO  org.eclipse.jetty.server.ServerConnector - Started ServerConnector@64f1221f{HTTP/1.1}{0.0.0.0:2015}
INFO  org.eclipse.jetty.server.Server - Started @1360786ms
INFO  io.skysail.server.app.SkysailApplication - Activating ApplicationModel io.skysail.server.app.demo.DemoApplication
ERROR io.skysail.server.db.OrientGraphDbService - Cannot create database 'testapp'
com.orientechnologies.orient.core.exception.ODatabaseException: Cannot create database 'testapp'
	at com.orientechnologies.orient.core.db.document.ODatabaseDocumentTx.create(ODatabaseDocumentTx.java:449) ~[orientdb-core-2.1.3.jar:2.1.3]
	at com.orientechnologies.orient.core.db.ODatabaseWrapperAbstract.create(ODatabaseWrapperAbstract.java:82) ~[orientdb-core-2.1.3.jar:2.1.3]
	at com.orientechnologies.orient.core.db.ODatabaseWrapperAbstract.create(ODatabaseWrapperAbstract.java:78) ~[orientdb-core-2.1.3.jar:2.1.3]
	at io.skysail.server.db.OrientGraphDbService.createDbIfNeeded(OrientGraphDbService.java:401) [skysail.server.db.jar:na]
	at io.skysail.server.db.OrientGraphDbService.startDb(OrientGraphDbService.java:359) [skysail.server.db.jar:na]
	at io.skysail.server.db.impl.AbstractOrientDbService.updated(AbstractOrientDbService.java:29) [skysail.server.db.jar:na]
	at io.skysail.server.db.OrientGraphDbService.setDbConfigurationProvider(OrientGraphDbService.java:87) [skysail.server.db.jar:na]
	at sun.reflect.NativeMethodAccessorImpl.invoke0(Native Method) ~[na:1.8.0_74]
	at sun.reflect.NativeMethodAccessorImpl.invoke(NativeMethodAccessorImpl.java:62) ~[na:1.8.0_74]
	at sun.reflect.DelegatingMethodAccessorImpl.invoke(DelegatingMethodAccessorImpl.java:43) ~[na:1.8.0_74]
	at java.lang.reflect.Method.invoke(Method.java:498) ~[na:1.8.0_74]
	at org.apache.felix.scr.impl.helper.BaseMethod.invokeMethod(BaseMethod.java:222) [org.apache.felix.scr-2.0.2.jar:na]
	at org.apache.felix.scr.impl.helper.BaseMethod.access$500(BaseMethod.java:37) [org.apache.felix.scr-2.0.2.jar:na]
	at org.apache.felix.scr.impl.helper.BaseMethod$Resolved.invoke(BaseMethod.java:615) [org.apache.felix.scr-2.0.2.jar:na]
	at org.apache.felix.scr.impl.helper.BaseMethod.invoke(BaseMethod.java:499) [org.apache.felix.scr-2.0.2.jar:na]
	at org.apache.felix.scr.impl.helper.BindMethod.invoke(BindMethod.java:41) [org.apache.felix.scr-2.0.2.jar:na]
	at org.apache.felix.scr.impl.manager.DependencyManager.doInvokeBindMethod(DependencyManager.java:1660) [org.apache.felix.scr-2.0.2.jar:na]
	at org.apache.felix.scr.impl.manager.DependencyManager.open(DependencyManager.java:1495) [org.apache.felix.scr-2.0.2.jar:na]
	at org.apache.felix.scr.impl.manager.SingleComponentManager.createImplementationObject(SingleComponentManager.java:265) [org.apache.felix.scr-2.0.2.jar:na]
	at org.apache.felix.scr.impl.manager.SingleComponentManager.createComponent(SingleComponentManager.java:113) [org.apache.felix.scr-2.0.2.jar:na]
	at org.apache.felix.scr.impl.manager.SingleComponentManager.getService(SingleComponentManager.java:866) [org.apache.felix.scr-2.0.2.jar:na]
	at org.apache.felix.scr.impl.manager.SingleComponentManager.getServiceInternal(SingleComponentManager.java:833) [org.apache.felix.scr-2.0.2.jar:na]
	at org.apache.felix.scr.impl.manager.SingleComponentManager.getService(SingleComponentManager.java:774) [org.apache.felix.scr-2.0.2.jar:na]
	at org.apache.felix.framework.ServiceRegistrationImpl.getFactoryUnchecked(ServiceRegistrationImpl.java:347) [org.apache.felix.framework-5.2.0.jar:na]
	at org.apache.felix.framework.ServiceRegistrationImpl.getService(ServiceRegistrationImpl.java:247) [org.apache.felix.framework-5.2.0.jar:na]
	at org.apache.felix.framework.ServiceRegistry.getService(ServiceRegistry.java:343) [org.apache.felix.framework-5.2.0.jar:na]
	at org.apache.felix.framework.Felix.getService(Felix.java:3692) [org.apache.felix.framework-5.2.0.jar:na]
	at org.apache.felix.framework.BundleContextImpl.getService(BundleContextImpl.java:470) [org.apache.felix.framework-5.2.0.jar:na]
	at org.apache.felix.scr.impl.manager.SingleRefPair.getServiceObject(SingleRefPair.java:72) [org.apache.felix.scr-2.0.2.jar:na]
	at org.apache.felix.scr.impl.helper.BindMethod.getServiceObject(BindMethod.java:646) [org.apache.felix.scr-2.0.2.jar:na]
	at org.apache.felix.scr.impl.manager.DependencyManager.getServiceObject(DependencyManager.java:2137) [org.apache.felix.scr-2.0.2.jar:na]
	at org.apache.felix.scr.impl.manager.DependencyManager$SingleStaticCustomizer.prebind(DependencyManager.java:1048) [org.apache.felix.scr-2.0.2.jar:na]
	at org.apache.felix.scr.impl.manager.DependencyManager.prebind(DependencyManager.java:1457) [org.apache.felix.scr-2.0.2.jar:na]
	at org.apache.felix.scr.impl.manager.AbstractComponentManager.collectDependencies(AbstractComponentManager.java:983) [org.apache.felix.scr-2.0.2.jar:na]
	at org.apache.felix.scr.impl.manager.SingleComponentManager.getServiceInternal(SingleComponentManager.java:812) [org.apache.felix.scr-2.0.2.jar:na]
	at org.apache.felix.scr.impl.manager.SingleComponentManager.getService(SingleComponentManager.java:774) [org.apache.felix.scr-2.0.2.jar:na]
	at org.apache.felix.framework.ServiceRegistrationImpl.getFactoryUnchecked(ServiceRegistrationImpl.java:347) [org.apache.felix.framework-5.2.0.jar:na]
	at org.apache.felix.framework.ServiceRegistrationImpl.getService(ServiceRegistrationImpl.java:247) [org.apache.felix.framework-5.2.0.jar:na]
	at org.apache.felix.framework.ServiceRegistry.getService(ServiceRegistry.java:343) [org.apache.felix.framework-5.2.0.jar:na]
	at org.apache.felix.framework.Felix.getService(Felix.java:3692) [org.apache.felix.framework-5.2.0.jar:na]
	at org.apache.felix.framework.BundleContextImpl.getService(BundleContextImpl.java:470) [org.apache.felix.framework-5.2.0.jar:na]
	at org.apache.felix.scr.impl.manager.SingleRefPair.getServiceObject(SingleRefPair.java:72) [org.apache.felix.scr-2.0.2.jar:na]
	at org.apache.felix.scr.impl.helper.BindMethod.getServiceObject(BindMethod.java:646) [org.apache.felix.scr-2.0.2.jar:na]
	at org.apache.felix.scr.impl.manager.DependencyManager.getServiceObject(DependencyManager.java:2137) [org.apache.felix.scr-2.0.2.jar:na]
	at org.apache.felix.scr.impl.manager.DependencyManager.doInvokeBindMethod(DependencyManager.java:1651) [org.apache.felix.scr-2.0.2.jar:na]
	at org.apache.felix.scr.impl.manager.DependencyManager.invokeBindMethod(DependencyManager.java:1636) [org.apache.felix.scr-2.0.2.jar:na]
	at org.apache.felix.scr.impl.manager.SingleComponentManager.invokeBindMethod(SingleComponentManager.java:370) [org.apache.felix.scr-2.0.2.jar:na]
	at org.apache.felix.scr.impl.manager.DependencyManager$MultipleDynamicCustomizer.addedService(DependencyManager.java:319) [org.apache.felix.scr-2.0.2.jar:na]
	at org.apache.felix.scr.impl.manager.DependencyManager$MultipleDynamicCustomizer.addedService(DependencyManager.java:295) [org.apache.felix.scr-2.0.2.jar:na]
	at org.apache.felix.scr.impl.manager.ServiceTracker$Tracked.customizerAdded(ServiceTracker.java:1215) [org.apache.felix.scr-2.0.2.jar:na]
	at org.apache.felix.scr.impl.manager.ServiceTracker$Tracked.customizerAdded(ServiceTracker.java:1136) [org.apache.felix.scr-2.0.2.jar:na]
	at org.apache.felix.scr.impl.manager.ServiceTracker$AbstractTracked.trackAdding(ServiceTracker.java:945) [org.apache.felix.scr-2.0.2.jar:na]
	at org.apache.felix.scr.impl.manager.ServiceTracker$AbstractTracked.track(ServiceTracker.java:881) [org.apache.felix.scr-2.0.2.jar:na]
	at org.apache.felix.scr.impl.manager.ServiceTracker$Tracked.serviceChanged(ServiceTracker.java:1167) [org.apache.felix.scr-2.0.2.jar:na]
	at org.apache.felix.scr.impl.BundleComponentActivator$ListenerInfo.serviceChanged(BundleComponentActivator.java:120) [org.apache.felix.scr-2.0.2.jar:na]
	at org.apache.felix.framework.util.EventDispatcher.invokeServiceListenerCallback(EventDispatcher.java:987) [org.apache.felix.framework-5.2.0.jar:na]
	at org.apache.felix.framework.util.EventDispatcher.fireEventImmediately(EventDispatcher.java:838) [org.apache.felix.framework-5.2.0.jar:na]
	at org.apache.felix.framework.util.EventDispatcher.fireServiceEvent(EventDispatcher.java:545) [org.apache.felix.framework-5.2.0.jar:na]
	at org.apache.felix.framework.Felix.fireServiceEvent(Felix.java:4560) [org.apache.felix.framework-5.2.0.jar:na]
	at org.apache.felix.framework.Felix.registerService(Felix.java:3542) [org.apache.felix.framework-5.2.0.jar:na]
	at org.apache.felix.framework.BundleContextImpl.registerService(BundleContextImpl.java:348) [org.apache.felix.framework-5.2.0.jar:na]
	at org.apache.felix.scr.impl.manager.AbstractComponentManager$3.register(AbstractComponentManager.java:869) [org.apache.felix.scr-2.0.2.jar:na]
	at org.apache.felix.scr.impl.manager.AbstractComponentManager$3.register(AbstractComponentManager.java:857) [org.apache.felix.scr-2.0.2.jar:na]
	at org.apache.felix.scr.impl.manager.RegistrationManager.changeRegistration(RegistrationManager.java:133) [org.apache.felix.scr-2.0.2.jar:na]
	at org.apache.felix.scr.impl.manager.AbstractComponentManager.registerService(AbstractComponentManager.java:915) [org.apache.felix.scr-2.0.2.jar:na]
	at org.apache.felix.scr.impl.manager.AbstractComponentManager.activateInternal(AbstractComponentManager.java:715) [org.apache.felix.scr-2.0.2.jar:na]
	at org.apache.felix.scr.impl.manager.DependencyManager$SingleStaticCustomizer.addedService(DependencyManager.java:954) [org.apache.felix.scr-2.0.2.jar:na]
	at org.apache.felix.scr.impl.manager.DependencyManager$SingleStaticCustomizer.addedService(DependencyManager.java:915) [org.apache.felix.scr-2.0.2.jar:na]
	at org.apache.felix.scr.impl.manager.ServiceTracker$Tracked.customizerAdded(ServiceTracker.java:1215) [org.apache.felix.scr-2.0.2.jar:na]
	at org.apache.felix.scr.impl.manager.ServiceTracker$Tracked.customizerAdded(ServiceTracker.java:1136) [org.apache.felix.scr-2.0.2.jar:na]
	at org.apache.felix.scr.impl.manager.ServiceTracker$AbstractTracked.trackAdding(ServiceTracker.java:945) [org.apache.felix.scr-2.0.2.jar:na]
	at org.apache.felix.scr.impl.manager.ServiceTracker$AbstractTracked.track(ServiceTracker.java:881) [org.apache.felix.scr-2.0.2.jar:na]
	at org.apache.felix.scr.impl.manager.ServiceTracker$Tracked.serviceChanged(ServiceTracker.java:1167) [org.apache.felix.scr-2.0.2.jar:na]
	at org.apache.felix.scr.impl.BundleComponentActivator$ListenerInfo.serviceChanged(BundleComponentActivator.java:120) [org.apache.felix.scr-2.0.2.jar:na]
	at org.apache.felix.framework.util.EventDispatcher.invokeServiceListenerCallback(EventDispatcher.java:987) [org.apache.felix.framework-5.2.0.jar:na]
	at org.apache.felix.framework.util.EventDispatcher.fireEventImmediately(EventDispatcher.java:838) [org.apache.felix.framework-5.2.0.jar:na]
	at org.apache.felix.framework.util.EventDispatcher.fireServiceEvent(EventDispatcher.java:545) [org.apache.felix.framework-5.2.0.jar:na]
	at org.apache.felix.framework.Felix.fireServiceEvent(Felix.java:4560) [org.apache.felix.framework-5.2.0.jar:na]
	at org.apache.felix.framework.Felix.registerService(Felix.java:3542) [org.apache.felix.framework-5.2.0.jar:na]
	at org.apache.felix.framework.BundleContextImpl.registerService(BundleContextImpl.java:348) [org.apache.felix.framework-5.2.0.jar:na]
	at org.apache.felix.scr.impl.manager.AbstractComponentManager$3.register(AbstractComponentManager.java:869) [org.apache.felix.scr-2.0.2.jar:na]
	at org.apache.felix.scr.impl.manager.AbstractComponentManager$3.register(AbstractComponentManager.java:857) [org.apache.felix.scr-2.0.2.jar:na]
	at org.apache.felix.scr.impl.manager.RegistrationManager.changeRegistration(RegistrationManager.java:133) [org.apache.felix.scr-2.0.2.jar:na]
	at org.apache.felix.scr.impl.manager.AbstractComponentManager.registerService(AbstractComponentManager.java:915) [org.apache.felix.scr-2.0.2.jar:na]
	at org.apache.felix.scr.impl.manager.AbstractComponentManager.activateInternal(AbstractComponentManager.java:715) [org.apache.felix.scr-2.0.2.jar:na]
	at org.apache.felix.scr.impl.manager.DependencyManager$SingleDynamicCustomizer.addedService(DependencyManager.java:753) [org.apache.felix.scr-2.0.2.jar:na]
	at org.apache.felix.scr.impl.manager.DependencyManager$SingleDynamicCustomizer.addedService(DependencyManager.java:700) [org.apache.felix.scr-2.0.2.jar:na]
	at org.apache.felix.scr.impl.manager.ServiceTracker$Tracked.customizerAdded(ServiceTracker.java:1215) [org.apache.felix.scr-2.0.2.jar:na]
	at org.apache.felix.scr.impl.manager.ServiceTracker$Tracked.customizerAdded(ServiceTracker.java:1136) [org.apache.felix.scr-2.0.2.jar:na]
	at org.apache.felix.scr.impl.manager.ServiceTracker$AbstractTracked.trackAdding(ServiceTracker.java:945) [org.apache.felix.scr-2.0.2.jar:na]
	at org.apache.felix.scr.impl.manager.ServiceTracker$AbstractTracked.track(ServiceTracker.java:881) [org.apache.felix.scr-2.0.2.jar:na]
	at org.apache.felix.scr.impl.manager.ServiceTracker$Tracked.serviceChanged(ServiceTracker.java:1167) [org.apache.felix.scr-2.0.2.jar:na]
	at org.apache.felix.scr.impl.BundleComponentActivator$ListenerInfo.serviceChanged(BundleComponentActivator.java:120) [org.apache.felix.scr-2.0.2.jar:na]
	at org.apache.felix.framework.util.EventDispatcher.invokeServiceListenerCallback(EventDispatcher.java:987) [org.apache.felix.framework-5.2.0.jar:na]
	at org.apache.felix.framework.util.EventDispatcher.fireEventImmediately(EventDispatcher.java:838) [org.apache.felix.framework-5.2.0.jar:na]
	at org.apache.felix.framework.util.EventDispatcher.fireServiceEvent(EventDispatcher.java:545) [org.apache.felix.framework-5.2.0.jar:na]
	at org.apache.felix.framework.Felix.fireServiceEvent(Felix.java:4560) [org.apache.felix.framework-5.2.0.jar:na]
	at org.apache.felix.framework.Felix.registerService(Felix.java:3542) [org.apache.felix.framework-5.2.0.jar:na]
	at org.apache.felix.framework.BundleContextImpl.registerService(BundleContextImpl.java:348) [org.apache.felix.framework-5.2.0.jar:na]
	at org.apache.felix.scr.impl.manager.AbstractComponentManager$3.register(AbstractComponentManager.java:869) [org.apache.felix.scr-2.0.2.jar:na]
	at org.apache.felix.scr.impl.manager.AbstractComponentManager$3.register(AbstractComponentManager.java:857) [org.apache.felix.scr-2.0.2.jar:na]
	at org.apache.felix.scr.impl.manager.RegistrationManager.changeRegistration(RegistrationManager.java:133) [org.apache.felix.scr-2.0.2.jar:na]
	at org.apache.felix.scr.impl.manager.AbstractComponentManager.registerService(AbstractComponentManager.java:915) [org.apache.felix.scr-2.0.2.jar:na]
	at org.apache.felix.scr.impl.manager.AbstractComponentManager.activateInternal(AbstractComponentManager.java:715) [org.apache.felix.scr-2.0.2.jar:na]
	at org.apache.felix.scr.impl.manager.AbstractComponentManager.enable(AbstractComponentManager.java:399) [org.apache.felix.scr-2.0.2.jar:na]
	at org.apache.felix.scr.impl.config.ConfigurableComponentHolder.enableComponents(ConfigurableComponentHolder.java:676) [org.apache.felix.scr-2.0.2.jar:na]
	at org.apache.felix.scr.impl.BundleComponentActivator.initialEnable(BundleComponentActivator.java:339) [org.apache.felix.scr-2.0.2.jar:na]
	at org.apache.felix.scr.impl.Activator.loadComponents(Activator.java:360) [org.apache.felix.scr-2.0.2.jar:na]
	at org.apache.felix.scr.impl.Activator.access$000(Activator.java:53) [org.apache.felix.scr-2.0.2.jar:na]
	at org.apache.felix.scr.impl.Activator$ScrExtension.start(Activator.java:260) [org.apache.felix.scr-2.0.2.jar:na]
	at org.apache.felix.utils.extender.AbstractExtender.createExtension(AbstractExtender.java:259) [org.apache.felix.scr-2.0.2.jar:na]
	at org.apache.felix.utils.extender.AbstractExtender.modifiedBundle(AbstractExtender.java:232) [org.apache.felix.scr-2.0.2.jar:na]
	at org.osgi.util.tracker.BundleTracker$Tracked.customizerModified(BundleTracker.java:482) [org.apache.felix.framework-5.2.0.jar:na]
	at org.osgi.util.tracker.BundleTracker$Tracked.customizerModified(BundleTracker.java:415) [org.apache.felix.framework-5.2.0.jar:na]
	at org.osgi.util.tracker.AbstractTracked.track(AbstractTracked.java:232) [org.apache.felix.framework-5.2.0.jar:na]
	at org.osgi.util.tracker.BundleTracker$Tracked.bundleChanged(BundleTracker.java:444) [org.apache.felix.framework-5.2.0.jar:na]
	at org.apache.felix.framework.util.EventDispatcher.invokeBundleListenerCallback(EventDispatcher.java:913) [org.apache.felix.framework-5.2.0.jar:na]
	at org.apache.felix.framework.util.EventDispatcher.fireEventImmediately(EventDispatcher.java:834) [org.apache.felix.framework-5.2.0.jar:na]
	at org.apache.felix.framework.util.EventDispatcher.fireBundleEvent(EventDispatcher.java:516) [org.apache.felix.framework-5.2.0.jar:na]
	at org.apache.felix.framework.Felix.fireBundleEvent(Felix.java:4544) [org.apache.felix.framework-5.2.0.jar:na]
	at org.apache.felix.framework.Felix.startBundle(Felix.java:2166) [org.apache.felix.framework-5.2.0.jar:na]
	at org.apache.felix.framework.Felix$RefreshHelper.restart(Felix.java:5064) [org.apache.felix.framework-5.2.0.jar:na]
	at org.apache.felix.framework.Felix.refreshPackages(Felix.java:4256) [org.apache.felix.framework-5.2.0.jar:na]
	at org.apache.felix.framework.FrameworkWiringImpl.run(FrameworkWiringImpl.java:188) [org.apache.felix.framework-5.2.0.jar:na]
	at java.lang.Thread.run(Thread.java:745) [na:1.8.0_74]
Caused by: com.orientechnologies.orient.core.exception.OStorageException: Cannot create new storage 'memory:testapp' because it is not closed
	at com.orientechnologies.orient.core.storage.impl.local.OAbstractPaginatedStorage.create(OAbstractPaginatedStorage.java:257) ~[orientdb-core-2.1.3.jar:2.1.3]
	at com.orientechnologies.orient.core.db.document.ODatabaseDocumentTx.create(ODatabaseDocumentTx.java:380) ~[orientdb-core-2.1.3.jar:2.1.3]
	... 124 common frames omitted
INFO  io.skysail.server.app.SkysailApplication - Activating ApplicationModel io.skysail.server.text.store.bundleresource.impl.I18nApplication
INFO  io.skysail.server.app.SkysailApplication - Activating ApplicationModel io.skysail.server.um.simple.app.SimpleUserManagementApplication
INFO  io.skysail.server.app.SkysailApplication - Activating ApplicationModel de.twenty11.skysail.server.webapp.internal.WebappApplication
INFO  io.skysail.server.app.SkysailApplication - Activating ApplicationModel io.skysail.server.converter.WebappApplication
INFO  io.skysail.server.app.SkysailApplication - Activating ApplicationModel io.skysail.server.polymer.PolymerStaticWebapp
