2016-04-11 08:42:51,893 DEBUG [io.skysail.server.app.SkysailApplication     ] - Instanciating new Skysail ApplicationModel 'SkysailRootApplication'
2016-04-11 08:42:51,983 DEBUG [i.s.server.app.SkysailRootApplication        ] - Currently installed bundles:
2016-04-11 08:42:51,983 DEBUG [i.s.server.app.SkysailRootApplication        ] - ----------------------------
2016-04-11 08:42:51,983 DEBUG [i.s.server.app.SkysailRootApplication        ] - 
2016-04-11 08:42:51,988 DEBUG [i.s.server.app.SkysailRootApplication        ] - org.apache.felix.framework [5.2.0] state 32
2016-04-11 08:42:51,989 DEBUG [i.s.server.app.SkysailRootApplication        ] - osgi.core [6.0.0.201403061837] state 32
2016-04-11 08:42:51,989 DEBUG [i.s.server.app.SkysailRootApplication        ] - javax.el-api [3.0.0] state 32
2016-04-11 08:42:51,989 DEBUG [i.s.server.app.SkysailRootApplication        ] - javax.persistence [2.1.0.v201304241213] state 32
2016-04-11 08:42:51,989 DEBUG [i.s.server.app.SkysailRootApplication        ] - javax.validation.api [1.1.0.Final] state 32
2016-04-11 08:42:51,989 DEBUG [i.s.server.app.SkysailRootApplication        ] - org.apache.commons.beanutils [1.9.2] state 32
2016-04-11 08:42:51,989 DEBUG [i.s.server.app.SkysailRootApplication        ] - org.apache.commons.collections [3.2.1] state 32
2016-04-11 08:42:51,989 DEBUG [i.s.server.app.SkysailRootApplication        ] - org.apache.commons.configuration [1.10.0] state 32
2016-04-11 08:42:51,989 DEBUG [i.s.server.app.SkysailRootApplication        ] - org.apache.commons.io [2.4.0] state 32
2016-04-11 08:42:51,989 DEBUG [i.s.server.app.SkysailRootApplication        ] - org.apache.commons.lang [2.6.0] state 32
2016-04-11 08:42:51,989 DEBUG [i.s.server.app.SkysailRootApplication        ] - org.apache.commons.lang3 [3.3.2] state 32
2016-04-11 08:42:51,989 DEBUG [i.s.server.app.SkysailRootApplication        ] - org.apache.commons.logging [1.1.3] state 32
2016-04-11 08:42:51,989 DEBUG [i.s.server.app.SkysailRootApplication        ] - org.apache.felix.configadmin [1.8.0] state 32
2016-04-11 08:42:51,989 DEBUG [i.s.server.app.SkysailRootApplication        ] - org.apache.felix.fileinstall [3.4.0] state 32
2016-04-11 08:42:51,990 DEBUG [i.s.server.app.SkysailRootApplication        ] - org.apache.felix.eventadmin [1.4.4] state 32
2016-04-11 08:42:51,990 DEBUG [i.s.server.app.SkysailRootApplication        ] - org.apache.felix.gogo.command [0.14.0] state 32
2016-04-11 08:42:51,990 DEBUG [i.s.server.app.SkysailRootApplication        ] - org.apache.felix.gogo.runtime [0.12.1] state 32
2016-04-11 08:42:51,990 DEBUG [i.s.server.app.SkysailRootApplication        ] - org.apache.felix.gogo.shell [0.10.0] state 32
2016-04-11 08:42:51,990 DEBUG [i.s.server.app.SkysailRootApplication        ] - org.apache.felix.log [1.0.1] state 32
2016-04-11 08:42:51,990 DEBUG [i.s.server.app.SkysailRootApplication        ] - org.apache.felix.prefs [1.0.6] state 32
2016-04-11 08:42:51,990 DEBUG [i.s.server.app.SkysailRootApplication        ] - org.apache.felix.scr [2.0.2] state 32
2016-04-11 08:42:51,990 DEBUG [i.s.server.app.SkysailRootApplication        ] - com.fasterxml.jackson.core.jackson-annotations [2.5.1] state 32
2016-04-11 08:42:51,990 DEBUG [i.s.server.app.SkysailRootApplication        ] - com.fasterxml.jackson.core.jackson-core [2.5.1] state 32
2016-04-11 08:42:51,990 DEBUG [i.s.server.app.SkysailRootApplication        ] - com.fasterxml.jackson.core.jackson-databind [2.5.1] state 32
2016-04-11 08:42:51,990 DEBUG [i.s.server.app.SkysailRootApplication        ] - com.fasterxml.jackson.dataformat.jackson-dataformat-xml [2.5.1] state 32
2016-04-11 08:42:51,990 DEBUG [i.s.server.app.SkysailRootApplication        ] - com.fasterxml.jackson.dataformat.jackson-dataformat-smile [2.5.1] state 32
2016-04-11 08:42:51,990 DEBUG [i.s.server.app.SkysailRootApplication        ] - com.fasterxml.jackson.dataformat.jackson-dataformat-yaml [2.5.1] state 32
2016-04-11 08:42:51,991 DEBUG [i.s.server.app.SkysailRootApplication        ] - com.fasterxml.jackson.dataformat.jackson-dataformat-csv [2.5.1] state 32
2016-04-11 08:42:51,991 DEBUG [i.s.server.app.SkysailRootApplication        ] - com.fasterxml.jackson.module.jackson-module-jaxb-annotations [2.5.1] state 32
2016-04-11 08:42:51,991 DEBUG [i.s.server.app.SkysailRootApplication        ] - com.fasterxml.jackson.module.jackson-module-jsonSchema [2.5.1] state 32
2016-04-11 08:42:51,991 DEBUG [i.s.server.app.SkysailRootApplication        ] - classmate [1.0.0] state 32
2016-04-11 08:42:51,991 DEBUG [i.s.server.app.SkysailRootApplication        ] - stax2-api [3.1.4] state 32
2016-04-11 08:42:51,991 DEBUG [i.s.server.app.SkysailRootApplication        ] - javassist [3.18.1.GA] state 32
2016-04-11 08:42:51,991 DEBUG [i.s.server.app.SkysailRootApplication        ] - org.codehaus.jettison.jettison [1.3.7] state 32
2016-04-11 08:42:51,991 DEBUG [i.s.server.app.SkysailRootApplication        ] - com.googlecode.concurrentlinkedhashmap.lru [1.4.0] state 32
2016-04-11 08:42:51,991 DEBUG [i.s.server.app.SkysailRootApplication        ] - com.orientechnologies.orientdb-client [2.1.3] state 32
2016-04-11 08:42:51,991 DEBUG [i.s.server.app.SkysailRootApplication        ] - com.orientechnologies.orientdb-core [2.1.3] state 32
2016-04-11 08:42:51,991 DEBUG [i.s.server.app.SkysailRootApplication        ] - com.orientechnologies.orientdb-enterprise [2.1.3] state 32
2016-04-11 08:42:51,991 DEBUG [i.s.server.app.SkysailRootApplication        ] - com.orientechnologies.orientdb-graphdb [2.1.3] state 32
2016-04-11 08:42:51,991 DEBUG [i.s.server.app.SkysailRootApplication        ] - com.orientechnologies.orientdb-object [2.1.3] state 32
2016-04-11 08:42:51,991 DEBUG [i.s.server.app.SkysailRootApplication        ] - com.orientechnologies.orientdb-server [2.1.3] state 32
2016-04-11 08:42:51,992 DEBUG [i.s.server.app.SkysailRootApplication        ] - com.orientechnologies.orientdb-tools [2.1.3] state 32
2016-04-11 08:42:51,992 DEBUG [i.s.server.app.SkysailRootApplication        ] - org.xerial.snappy.snappy-java [1.1.1.3] state 8
2016-04-11 08:42:51,992 DEBUG [i.s.server.app.SkysailRootApplication        ] - io.skysail.bundled.tinkerpop.blueprints-core [2.6.0] state 32
2016-04-11 08:42:51,992 DEBUG [i.s.server.app.SkysailRootApplication        ] - io.skysail.bundled.tinkerpop.blueprints-orient-graph [2.4.0] state 32
2016-04-11 08:42:51,992 DEBUG [i.s.server.app.SkysailRootApplication        ] - com.sun.jna [4.2.0] state 8
2016-04-11 08:42:51,992 DEBUG [i.s.server.app.SkysailRootApplication        ] - com.sun.jna.platform [4.2.0] state 32
2016-04-11 08:42:51,992 DEBUG [i.s.server.app.SkysailRootApplication        ] - org.eclipse.jetty.util [9.2.11.v20150529] state 32
2016-04-11 08:42:51,992 DEBUG [i.s.server.app.SkysailRootApplication        ] - org.eclipse.jetty.http [9.2.11.v20150529] state 32
2016-04-11 08:42:51,992 DEBUG [i.s.server.app.SkysailRootApplication        ] - org.eclipse.jetty.io [9.2.11.v20150529] state 32
2016-04-11 08:42:51,992 DEBUG [i.s.server.app.SkysailRootApplication        ] - org.eclipse.jetty.security [9.2.11.v20150529] state 32
2016-04-11 08:42:51,992 DEBUG [i.s.server.app.SkysailRootApplication        ] - org.eclipse.jetty.server [9.2.11.v20150529] state 32
2016-04-11 08:42:51,992 DEBUG [i.s.server.app.SkysailRootApplication        ] - org.eclipse.jetty.servlet [9.2.11.v20150529] state 32
2016-04-11 08:42:51,992 DEBUG [i.s.server.app.SkysailRootApplication        ] - org.eclipse.jetty.webapp [9.2.11.v20150529] state 32
2016-04-11 08:42:51,992 DEBUG [i.s.server.app.SkysailRootApplication        ] - org.eclipse.jetty.deploy [9.2.11.v20150529] state 32
2016-04-11 08:42:51,992 DEBUG [i.s.server.app.SkysailRootApplication        ] - org.eclipse.jetty.xml [9.2.11.v20150529] state 32
2016-04-11 08:42:51,993 DEBUG [i.s.server.app.SkysailRootApplication        ] - org.eclipse.jetty.osgi-servlet-api [3.1.0.M3] state 32
2016-04-11 08:42:51,993 DEBUG [i.s.server.app.SkysailRootApplication        ] - org.eclipse.jetty.client [9.2.11.v20150529] state 32
2016-04-11 08:42:51,993 DEBUG [i.s.server.app.SkysailRootApplication        ] - org.yaml.snakeyaml [1.15.0] state 32
2016-04-11 08:42:51,993 DEBUG [i.s.server.app.SkysailRootApplication        ] - de.twentyeleven.skysail.org.json-osgi [20080701.0.0] state 32
2016-04-11 08:42:51,993 DEBUG [i.s.server.app.SkysailRootApplication        ] - org.restlet [2.3.4.v20150716-1217] state 32
2016-04-11 08:42:51,993 DEBUG [i.s.server.app.SkysailRootApplication        ] - org.restlet.ext.apispark [2.3.4.v20150716-1217] state 32
2016-04-11 08:42:51,993 DEBUG [i.s.server.app.SkysailRootApplication        ] - org.restlet.ext.crypto [2.3.4.v20150716-1217] state 32
2016-04-11 08:42:51,993 DEBUG [i.s.server.app.SkysailRootApplication        ] - org.restlet.ext.jackson [2.3.4.v20150716-1217] state 32
2016-04-11 08:42:51,993 DEBUG [i.s.server.app.SkysailRootApplication        ] - org.restlet.ext.jetty [2.3.4.v20150716-1217] state 32
2016-04-11 08:42:51,993 DEBUG [i.s.server.app.SkysailRootApplication        ] - org.restlet.ext.json [2.3.4.v20150716-1217] state 32
2016-04-11 08:42:51,993 DEBUG [i.s.server.app.SkysailRootApplication        ] - org.restlet.ext.raml [2.3.4.v20150716-1217] state 32
2016-04-11 08:42:51,993 DEBUG [i.s.server.app.SkysailRootApplication        ] - org.restlet.ext.slf4j [2.3.4.v20150716-1217] state 32
2016-04-11 08:42:51,993 DEBUG [i.s.server.app.SkysailRootApplication        ] - io.skysail.bundled.raml-parser [0.8.12] state 32
2016-04-11 08:42:51,993 DEBUG [i.s.server.app.SkysailRootApplication        ] - com.google.guava [16.0.1] state 32
2016-04-11 08:42:51,993 DEBUG [i.s.server.app.SkysailRootApplication        ] - org.jboss.logging.jboss-logging [3.1.4.GA] state 32
2016-04-11 08:42:51,993 DEBUG [i.s.server.app.SkysailRootApplication        ] - org.hibernate.validator [5.1.2.Final] state 32
2016-04-11 08:42:51,993 DEBUG [i.s.server.app.SkysailRootApplication        ] - ch.qos.logback.classic [1.1.2] state 32
2016-04-11 08:42:51,994 DEBUG [i.s.server.app.SkysailRootApplication        ] - ch.qos.logback.core [1.1.2] state 32
2016-04-11 08:42:51,994 DEBUG [i.s.server.app.SkysailRootApplication        ] - slf4j.api [1.7.7] state 32
2016-04-11 08:42:51,994 DEBUG [i.s.server.app.SkysailRootApplication        ] - com.sun.el [2.2.0.v201303151357] state 32
2016-04-11 08:42:51,994 DEBUG [i.s.server.app.SkysailRootApplication        ] - de.twenty11.owasp-java-html-sanitizer [239.0.0] state 32
2016-04-11 08:42:51,994 DEBUG [i.s.server.app.SkysailRootApplication        ] - de.twentyeleven.skysail.org.antlr.stringtemplate-osgi [4.0.8] state 32
2016-04-11 08:42:51,994 DEBUG [i.s.server.app.SkysailRootApplication        ] - skysail.domain [0.1.0.201603241539] state 32
2016-04-11 08:42:51,994 DEBUG [i.s.server.app.SkysailRootApplication        ] - skysail.api [1.0.0.201604100634] state 32
2016-04-11 08:42:51,994 DEBUG [i.s.server.app.SkysailRootApplication        ] - skysail.api.search [0.1.0.201603251039] state 32
2016-04-11 08:42:51,994 DEBUG [i.s.server.app.SkysailRootApplication        ] - skysail.server [1.0.0.201604100712] state 32
2016-04-11 08:42:51,994 DEBUG [i.s.server.app.SkysailRootApplication        ] - skysail.server.converter [0.2.0.201604100712] state 4
2016-04-11 08:42:51,994 DEBUG [i.s.server.app.SkysailRootApplication        ] - skysail.server.db [0.1.1.201604100712] state 4
2016-04-11 08:42:51,994 DEBUG [i.s.server.app.SkysailRootApplication        ] - skysail.server.http [0.1.1.201604100712] state 4
2016-04-11 08:42:51,995 DEBUG [i.s.server.app.SkysailRootApplication        ] - skysail.server.queryfilter [0.1.1.201604100712] state 4
2016-04-11 08:42:51,995 DEBUG [i.s.server.app.SkysailRootApplication        ] - skysail.server.static [0.1.1.201604100712] state 4
2016-04-11 08:42:51,995 DEBUG [i.s.server.app.SkysailRootApplication        ] - skysail.server.text.markdown [0.1.0.201603251107] state 4
2016-04-11 08:42:51,995 DEBUG [i.s.server.app.SkysailRootApplication        ] - skysail.server.text.store.bundleresource [0.1.1.201604100712] state 4
2016-04-11 08:42:51,995 DEBUG [i.s.server.app.SkysailRootApplication        ] - skysail.server.text.store.git [0.1.0.201603251112] state 4
2016-04-11 08:42:51,995 DEBUG [i.s.server.app.SkysailRootApplication        ] - skysail.server.um.httpbasic [0.1.0.201604100635] state 4
2016-04-11 08:42:51,995 DEBUG [i.s.server.app.SkysailRootApplication        ] - skysail.server.um.verifier.filebased [0.1.0.201604100700] state 4
2016-04-11 08:42:51,995 DEBUG [i.s.server.app.SkysailRootApplication        ] - osgi.enroute.junit.wrapper [4.12.0.201509161450] state 4
2016-04-11 08:42:51,995 DEBUG [i.s.server.app.SkysailRootApplication        ] - de.twentyeleven.skysail.org.hamcrest.hamcrest-all-osgi [1.3.0.1] state 4
2016-04-11 08:42:51,995 DEBUG [i.s.server.app.SkysailRootApplication        ] - skysail.client.testsupport [0.1.0.201604101623] state 4
2016-04-11 08:42:51,995 DEBUG [i.s.server.app.SkysailRootApplication        ] - skysail.server.app.demo [0.1.0.201604101618] state 4
2016-04-11 08:42:51,995 DEBUG [i.s.server.app.SkysailRootApplication        ] - skysail.server.app.demo.it [0.1.0.201604110642] state 4
2016-04-11 08:42:51,996 DEBUG [i.s.server.app.SkysailRootApplication        ] - biz.aQute.tester [3.1.0.201512181342] state 4
2016-04-11 08:42:52,005 DEBUG [io.skysail.server.app.ApplicationList        ] - (+ ApplicationModel) (#01) with name 'root'
2016-04-11 08:42:52,015 DEBUG [i.s.s.f.r.ConfigAdminFeatureStateRepository  ] - activating ConfigAdminFeatureStateRepository with config {service.pid=io.skysail.server.features.repositories.ConfigAdminFeatureStateRepository, io.skysail.server.features.GuiFeatures.SHOW_BREADCRUMBS=true, io.skysail.server.features.SecurityFeatures.USE_CREDENTIALS_CACHE_FEATURE=true, component.name=io.skysail.server.features.repositories.ConfigAdminFeatureStateRepository, felix.fileinstall.filename=file:/Users/carsten/git/skysail/skysail.server.app.demo.it/config/integrationtest/io.skysail.server.features.repositories.ConfigAdminFeatureStateRepository.cfg, io.skysail.server.features.SecurityFeatures.ALLOW_ORIGIN_FEATURE=true, component.id=14}
2016-04-11 08:42:52,017 DEBUG [io.skysail.server.services.ServerLoad        ] - activating ServerLoad task
2016-04-11 08:42:52,053 DEBUG [io.skysail.server.app.SkysailApplication     ] - Instanciating new Skysail ApplicationModel 'WebappApplication'
2016-04-11 08:42:52,058 INFO  [io.skysail.server.app.SkysailApplication     ] - Activating ApplicationModel io.skysail.server.converter.WebappApplication
2016-04-11 08:42:52,059 DEBUG [io.skysail.server.app.ApplicationList        ] - (+ ApplicationModel) (#02) with name 'webapp'
2016-04-11 08:42:52,138 DEBUG [io.skysail.server.db.DbConfigurations        ] - activating DbConfigurations with config DbConfig(name=default, driver=, url=remote:localhost/designer, username=admin)
2016-04-11 08:42:52,138 DEBUG [i.skysail.server.db.OrientGraphDbService     ] - about to start db
2016-04-11 08:42:52,139 DEBUG [i.skysail.server.db.OrientGraphDbService     ] - registering remote engine
2016-04-11 08:42:53,465 DEBUG [i.skysail.server.db.OrientGraphDbService     ] - setting lazy loading to false
2016-04-11 08:42:53,466 DEBUG [i.skysail.server.db.OrientGraphDbService     ] - activating io.skysail.server.db.OrientGraphDbService
2016-04-11 08:42:53,491 DEBUG [i.skysail.server.db.OrientGraphDbService     ] - ODB graph function [ine] is registered: [Syntax error: inE([<labels>])]
2016-04-11 08:42:53,491 DEBUG [i.skysail.server.db.OrientGraphDbService     ] - ODB graph function [oute] is registered: [Syntax error: outE([<labels>])]
2016-04-11 08:42:53,491 DEBUG [i.skysail.server.db.OrientGraphDbService     ] - ODB graph function [in] is registered: [Syntax error: in([<labels>])]
2016-04-11 08:42:53,491 DEBUG [i.skysail.server.db.OrientGraphDbService     ] - ODB graph function [dijkstra] is registered: [dijkstra(<sourceVertex>, <destinationVertex>, <weightEdgeFieldName>, [<direction>])]
2016-04-11 08:42:53,491 DEBUG [i.skysail.server.db.OrientGraphDbService     ] - ODB graph function [label] is registered: [Syntax error: label()]
2016-04-11 08:42:53,491 DEBUG [i.skysail.server.db.OrientGraphDbService     ] - ODB graph function [bothv] is registered: [Syntax error: bothV([<labels>])]
2016-04-11 08:42:53,491 DEBUG [i.skysail.server.db.OrientGraphDbService     ] - ODB graph function [out] is registered: [Syntax error: out([<labels>])]
2016-04-11 08:42:53,491 DEBUG [i.skysail.server.db.OrientGraphDbService     ] - ODB graph function [both] is registered: [Syntax error: both([<labels>])]
2016-04-11 08:42:53,492 DEBUG [i.skysail.server.db.OrientGraphDbService     ] - ODB graph function [inv] is registered: [Syntax error: inV([<labels>])]
2016-04-11 08:42:53,492 DEBUG [i.skysail.server.db.OrientGraphDbService     ] - ODB graph function [gremlin] is registered: [gremlin(<gremlin-expression>)]
2016-04-11 08:42:53,492 DEBUG [i.skysail.server.db.OrientGraphDbService     ] - ODB graph function [shortestpath] is registered: [shortestPath(<sourceVertex>, <destinationVertex>, [<direction>, [ <edgeTypeAsString> ]])]
2016-04-11 08:42:53,492 DEBUG [i.skysail.server.db.OrientGraphDbService     ] - ODB graph function [outv] is registered: [Syntax error: outV([<labels>])]
2016-04-11 08:42:53,492 DEBUG [i.skysail.server.db.OrientGraphDbService     ] - ODB graph function [bothe] is registered: [Syntax error: bothE([<labels>])]
2016-04-11 08:42:53,494 DEBUG [i.s.s.d.versions.impl.VersionsRepository     ] - activating VersionsRepository
2016-04-11 08:42:53,515 DEBUG [i.skysail.server.db.OrientGraphDbService     ] - registering class 'class io.skysail.server.db.versions.impl.ComponentDbVersion' @ orientDB
2016-04-11 08:42:53,536 DEBUG [io.skysail.domain.core.Repositories          ] - (+ Repository)  (#01) with name 'io.skysail.server.db.versions.impl.ComponentDbVersion'
2016-04-11 08:42:53,572 DEBUG [io.skysail.server.http.HttpServer            ] - (+ Converter)   (#04) with name 'io.skysail.server.converter.DataConverter'
2016-04-11 08:42:53,572 DEBUG [io.skysail.server.http.HttpServer            ] - (+ Converter)   (#05) with name 'io.skysail.server.converter.SkysailJacksonConverter'
2016-04-11 08:42:53,576 DEBUG [io.skysail.server.http.HttpServer            ] - Activating io.skysail.server.http.HttpServer
2016-04-11 08:42:53,589 DEBUG [io.skysail.server.SkysailComponent           ] - Creating Restlet Component: io.skysail.server.SkysailComponent
2016-04-11 08:42:53,591 DEBUG [io.skysail.server.http.HttpServer            ] - configuration was provided
2016-04-11 08:42:53,591 INFO  [io.skysail.server.http.HttpServer            ] - 
2016-04-11 08:42:53,591 INFO  [io.skysail.server.http.HttpServer            ] - ====================================
2016-04-11 08:42:53,592 INFO  [io.skysail.server.http.HttpServer            ] - Starting skysail server on port 2018
2016-04-11 08:42:53,592 INFO  [io.skysail.server.http.HttpServer            ] - ====================================
2016-04-11 08:42:53,592 INFO  [io.skysail.server.http.HttpServer            ] - 
2016-04-11 08:42:53,644 INFO  [org.restlet                                  ] - Starting the Jetty [HTTP/1.1] server on port 2018
2016-04-11 08:42:53,712 WARN  [o.e.j.util.component.AbstractLifeCycle       ] - FAILED ServerConnector@5012c571{HTTP/1.1}{0.0.0.0:2018}: java.net.BindException: Address already in use
java.net.BindException: Address already in use
	at sun.nio.ch.Net.bind0(Native Method) ~[na:1.8.0_74]
	at sun.nio.ch.Net.bind(Net.java:433) ~[na:1.8.0_74]
	at sun.nio.ch.Net.bind(Net.java:425) ~[na:1.8.0_74]
	at sun.nio.ch.ServerSocketChannelImpl.bind(ServerSocketChannelImpl.java:223) ~[na:1.8.0_74]
	at sun.nio.ch.ServerSocketAdaptor.bind(ServerSocketAdaptor.java:74) ~[na:1.8.0_74]
	at org.eclipse.jetty.server.ServerConnector.open(ServerConnector.java:321) ~[jetty-server-9.2.11.v20150529.jar:9.2.11.v20150529]
	at org.eclipse.jetty.server.AbstractNetworkConnector.doStart(AbstractNetworkConnector.java:80) ~[jetty-server-9.2.11.v20150529.jar:9.2.11.v20150529]
	at org.eclipse.jetty.server.ServerConnector.doStart(ServerConnector.java:236) ~[jetty-server-9.2.11.v20150529.jar:9.2.11.v20150529]
	at org.eclipse.jetty.util.component.AbstractLifeCycle.start(AbstractLifeCycle.java:68) [jetty-util-9.2.11.v20150529.jar:9.2.11.v20150529]
	at org.eclipse.jetty.server.Server.doStart(Server.java:366) [jetty-server-9.2.11.v20150529.jar:9.2.11.v20150529]
	at org.eclipse.jetty.util.component.AbstractLifeCycle.start(AbstractLifeCycle.java:68) [jetty-util-9.2.11.v20150529.jar:9.2.11.v20150529]
	at org.restlet.ext.jetty.JettyServerHelper.start(JettyServerHelper.java:829) [org.restlet.ext.jetty.jar:na]
	at org.restlet.Server.start(Server.java:579) [org.restlet.jar:na]
	at io.skysail.server.http.HttpServer.startHttpServer(HttpServer.java:203) [skysail.server.http.jar:na]
	at io.skysail.server.http.HttpServer.configure(HttpServer.java:149) [skysail.server.http.jar:na]
	at io.skysail.server.http.HttpServer.activate(HttpServer.java:74) [skysail.server.http.jar:na]
	at sun.reflect.NativeMethodAccessorImpl.invoke0(Native Method) ~[na:1.8.0_74]
	at sun.reflect.NativeMethodAccessorImpl.invoke(NativeMethodAccessorImpl.java:62) ~[na:1.8.0_74]
	at sun.reflect.DelegatingMethodAccessorImpl.invoke(DelegatingMethodAccessorImpl.java:43) ~[na:1.8.0_74]
	at java.lang.reflect.Method.invoke(Method.java:498) ~[na:1.8.0_74]
	at org.apache.felix.scr.impl.helper.BaseMethod.invokeMethod(BaseMethod.java:222) [org.apache.felix.scr-2.0.2.jar:na]
	at org.apache.felix.scr.impl.helper.BaseMethod.access$500(BaseMethod.java:37) [org.apache.felix.scr-2.0.2.jar:na]
	at org.apache.felix.scr.impl.helper.BaseMethod$Resolved.invoke(BaseMethod.java:615) [org.apache.felix.scr-2.0.2.jar:na]
	at org.apache.felix.scr.impl.helper.BaseMethod.invoke(BaseMethod.java:499) [org.apache.felix.scr-2.0.2.jar:na]
	at org.apache.felix.scr.impl.helper.ActivateMethod.invoke(ActivateMethod.java:295) [org.apache.felix.scr-2.0.2.jar:na]
	at org.apache.felix.scr.impl.manager.SingleComponentManager.createImplementationObject(SingleComponentManager.java:302) [org.apache.felix.scr-2.0.2.jar:na]
	at org.apache.felix.scr.impl.manager.SingleComponentManager.createComponent(SingleComponentManager.java:113) [org.apache.felix.scr-2.0.2.jar:na]
	at org.apache.felix.scr.impl.manager.SingleComponentManager.getService(SingleComponentManager.java:866) [org.apache.felix.scr-2.0.2.jar:na]
	at org.apache.felix.scr.impl.manager.SingleComponentManager.getServiceInternal(SingleComponentManager.java:833) [org.apache.felix.scr-2.0.2.jar:na]
	at org.apache.felix.scr.impl.manager.AbstractComponentManager.activateInternal(AbstractComponentManager.java:724) [org.apache.felix.scr-2.0.2.jar:na]
	at org.apache.felix.scr.impl.manager.AbstractComponentManager.enable(AbstractComponentManager.java:399) [org.apache.felix.scr-2.0.2.jar:na]
	at org.apache.felix.scr.impl.config.ConfigurableComponentHolder.enableComponents(ConfigurableComponentHolder.java:676) [org.apache.felix.scr-2.0.2.jar:na]
	at org.apache.felix.scr.impl.BundleComponentActivator.initialEnable(BundleComponentActivator.java:339) [org.apache.felix.scr-2.0.2.jar:na]
	at org.apache.felix.scr.impl.Activator.loadComponents(Activator.java:360) [org.apache.felix.scr-2.0.2.jar:na]
	at org.apache.felix.scr.impl.Activator.access$000(Activator.java:53) [org.apache.felix.scr-2.0.2.jar:na]
	at org.apache.felix.scr.impl.Activator$ScrExtension.start(Activator.java:260) [org.apache.felix.scr-2.0.2.jar:na]
	at org.apache.felix.utils.extender.AbstractExtender.createExtension(AbstractExtender.java:259) [org.apache.felix.scr-2.0.2.jar:na]
	at org.apache.felix.utils.extender.AbstractExtender.modifiedBundle(AbstractExtender.java:232) [org.apache.felix.scr-2.0.2.jar:na]
	at org.osgi.util.tracker.BundleTracker$Tracked.customizerModified(BundleTracker.java:482) [org.apache.felix.framework-5.2.0.jar:na]
	at org.osgi.util.tracker.BundleTracker$Tracked.customizerModified(BundleTracker.java:415) [org.apache.felix.framework-5.2.0.jar:na]
	at org.osgi.util.tracker.AbstractTracked.track(AbstractTracked.java:232) [org.apache.felix.framework-5.2.0.jar:na]
	at org.osgi.util.tracker.BundleTracker$Tracked.bundleChanged(BundleTracker.java:444) [org.apache.felix.framework-5.2.0.jar:na]
	at org.apache.felix.framework.util.EventDispatcher.invokeBundleListenerCallback(EventDispatcher.java:913) [org.apache.felix.framework-5.2.0.jar:na]
	at org.apache.felix.framework.util.EventDispatcher.fireEventImmediately(EventDispatcher.java:834) [org.apache.felix.framework-5.2.0.jar:na]
	at org.apache.felix.framework.util.EventDispatcher.fireBundleEvent(EventDispatcher.java:516) [org.apache.felix.framework-5.2.0.jar:na]
	at org.apache.felix.framework.Felix.fireBundleEvent(Felix.java:4544) [org.apache.felix.framework-5.2.0.jar:na]
	at org.apache.felix.framework.Felix.startBundle(Felix.java:2166) [org.apache.felix.framework-5.2.0.jar:na]
	at org.apache.felix.framework.BundleImpl.start(BundleImpl.java:977) [org.apache.felix.framework-5.2.0.jar:na]
	at aQute.launcher.Launcher.update(Launcher.java:457) [biz.aQute.launcher-latest.jar:na]
	at aQute.launcher.Launcher.activate(Launcher.java:354) [biz.aQute.launcher-latest.jar:na]
	at aQute.launcher.Launcher.run(Launcher.java:238) [biz.aQute.launcher-latest.jar:na]
	at aQute.launcher.Launcher.main(Launcher.java:87) [biz.aQute.launcher-latest.jar:na]
2016-04-11 08:42:53,718 WARN  [o.e.j.util.component.AbstractLifeCycle       ] - FAILED org.restlet.ext.jetty.JettyServerHelper$WrappedServer@44dfdd58: java.net.BindException: Address already in use
java.net.BindException: Address already in use
	at sun.nio.ch.Net.bind0(Native Method) ~[na:1.8.0_74]
	at sun.nio.ch.Net.bind(Net.java:433) ~[na:1.8.0_74]
	at sun.nio.ch.Net.bind(Net.java:425) ~[na:1.8.0_74]
	at sun.nio.ch.ServerSocketChannelImpl.bind(ServerSocketChannelImpl.java:223) ~[na:1.8.0_74]
	at sun.nio.ch.ServerSocketAdaptor.bind(ServerSocketAdaptor.java:74) ~[na:1.8.0_74]
	at org.eclipse.jetty.server.ServerConnector.open(ServerConnector.java:321) ~[jetty-server-9.2.11.v20150529.jar:9.2.11.v20150529]
	at org.eclipse.jetty.server.AbstractNetworkConnector.doStart(AbstractNetworkConnector.java:80) ~[jetty-server-9.2.11.v20150529.jar:9.2.11.v20150529]
	at org.eclipse.jetty.server.ServerConnector.doStart(ServerConnector.java:236) ~[jetty-server-9.2.11.v20150529.jar:9.2.11.v20150529]
	at org.eclipse.jetty.util.component.AbstractLifeCycle.start(AbstractLifeCycle.java:68) ~[na:na]
	at org.eclipse.jetty.server.Server.doStart(Server.java:366) ~[jetty-server-9.2.11.v20150529.jar:9.2.11.v20150529]
	at org.eclipse.jetty.util.component.AbstractLifeCycle.start(AbstractLifeCycle.java:68) ~[na:na]
	at org.restlet.ext.jetty.JettyServerHelper.start(JettyServerHelper.java:829) [org.restlet.ext.jetty.jar:na]
	at org.restlet.Server.start(Server.java:579) [org.restlet.jar:na]
	at io.skysail.server.http.HttpServer.startHttpServer(HttpServer.java:203) [skysail.server.http.jar:na]
	at io.skysail.server.http.HttpServer.configure(HttpServer.java:149) [skysail.server.http.jar:na]
	at io.skysail.server.http.HttpServer.activate(HttpServer.java:74) [skysail.server.http.jar:na]
	at sun.reflect.NativeMethodAccessorImpl.invoke0(Native Method) ~[na:1.8.0_74]
	at sun.reflect.NativeMethodAccessorImpl.invoke(NativeMethodAccessorImpl.java:62) ~[na:1.8.0_74]
	at sun.reflect.DelegatingMethodAccessorImpl.invoke(DelegatingMethodAccessorImpl.java:43) ~[na:1.8.0_74]
	at java.lang.reflect.Method.invoke(Method.java:498) ~[na:1.8.0_74]
	at org.apache.felix.scr.impl.helper.BaseMethod.invokeMethod(BaseMethod.java:222) [org.apache.felix.scr-2.0.2.jar:na]
	at org.apache.felix.scr.impl.helper.BaseMethod.access$500(BaseMethod.java:37) [org.apache.felix.scr-2.0.2.jar:na]
	at org.apache.felix.scr.impl.helper.BaseMethod$Resolved.invoke(BaseMethod.java:615) [org.apache.felix.scr-2.0.2.jar:na]
	at org.apache.felix.scr.impl.helper.BaseMethod.invoke(BaseMethod.java:499) [org.apache.felix.scr-2.0.2.jar:na]
	at org.apache.felix.scr.impl.helper.ActivateMethod.invoke(ActivateMethod.java:295) [org.apache.felix.scr-2.0.2.jar:na]
	at org.apache.felix.scr.impl.manager.SingleComponentManager.createImplementationObject(SingleComponentManager.java:302) [org.apache.felix.scr-2.0.2.jar:na]
	at org.apache.felix.scr.impl.manager.SingleComponentManager.createComponent(SingleComponentManager.java:113) [org.apache.felix.scr-2.0.2.jar:na]
	at org.apache.felix.scr.impl.manager.SingleComponentManager.getService(SingleComponentManager.java:866) [org.apache.felix.scr-2.0.2.jar:na]
	at org.apache.felix.scr.impl.manager.SingleComponentManager.getServiceInternal(SingleComponentManager.java:833) [org.apache.felix.scr-2.0.2.jar:na]
	at org.apache.felix.scr.impl.manager.AbstractComponentManager.activateInternal(AbstractComponentManager.java:724) [org.apache.felix.scr-2.0.2.jar:na]
	at org.apache.felix.scr.impl.manager.AbstractComponentManager.enable(AbstractComponentManager.java:399) [org.apache.felix.scr-2.0.2.jar:na]
	at org.apache.felix.scr.impl.config.ConfigurableComponentHolder.enableComponents(ConfigurableComponentHolder.java:676) [org.apache.felix.scr-2.0.2.jar:na]
	at org.apache.felix.scr.impl.BundleComponentActivator.initialEnable(BundleComponentActivator.java:339) [org.apache.felix.scr-2.0.2.jar:na]
	at org.apache.felix.scr.impl.Activator.loadComponents(Activator.java:360) [org.apache.felix.scr-2.0.2.jar:na]
	at org.apache.felix.scr.impl.Activator.access$000(Activator.java:53) [org.apache.felix.scr-2.0.2.jar:na]
	at org.apache.felix.scr.impl.Activator$ScrExtension.start(Activator.java:260) [org.apache.felix.scr-2.0.2.jar:na]
	at org.apache.felix.utils.extender.AbstractExtender.createExtension(AbstractExtender.java:259) [org.apache.felix.scr-2.0.2.jar:na]
	at org.apache.felix.utils.extender.AbstractExtender.modifiedBundle(AbstractExtender.java:232) [org.apache.felix.scr-2.0.2.jar:na]
	at org.osgi.util.tracker.BundleTracker$Tracked.customizerModified(BundleTracker.java:482) [org.apache.felix.framework-5.2.0.jar:na]
	at org.osgi.util.tracker.BundleTracker$Tracked.customizerModified(BundleTracker.java:415) [org.apache.felix.framework-5.2.0.jar:na]
	at org.osgi.util.tracker.AbstractTracked.track(AbstractTracked.java:232) [org.apache.felix.framework-5.2.0.jar:na]
	at org.osgi.util.tracker.BundleTracker$Tracked.bundleChanged(BundleTracker.java:444) [org.apache.felix.framework-5.2.0.jar:na]
	at org.apache.felix.framework.util.EventDispatcher.invokeBundleListenerCallback(EventDispatcher.java:913) [org.apache.felix.framework-5.2.0.jar:na]
	at org.apache.felix.framework.util.EventDispatcher.fireEventImmediately(EventDispatcher.java:834) [org.apache.felix.framework-5.2.0.jar:na]
	at org.apache.felix.framework.util.EventDispatcher.fireBundleEvent(EventDispatcher.java:516) [org.apache.felix.framework-5.2.0.jar:na]
	at org.apache.felix.framework.Felix.fireBundleEvent(Felix.java:4544) [org.apache.felix.framework-5.2.0.jar:na]
	at org.apache.felix.framework.Felix.startBundle(Felix.java:2166) [org.apache.felix.framework-5.2.0.jar:na]
	at org.apache.felix.framework.BundleImpl.start(BundleImpl.java:977) [org.apache.felix.framework-5.2.0.jar:na]
	at aQute.launcher.Launcher.update(Launcher.java:457) [biz.aQute.launcher-latest.jar:na]
	at aQute.launcher.Launcher.activate(Launcher.java:354) [biz.aQute.launcher-latest.jar:na]
	at aQute.launcher.Launcher.run(Launcher.java:238) [biz.aQute.launcher-latest.jar:na]
	at aQute.launcher.Launcher.main(Launcher.java:87) [biz.aQute.launcher-latest.jar:na]
2016-04-11 08:42:53,727 ERROR [io.skysail.server.http.HttpServer            ] - Exception when starting standalone server trying to parse provided port (2018)
java.net.BindException: Address already in use
	at sun.nio.ch.Net.bind0(Native Method) ~[na:1.8.0_74]
	at sun.nio.ch.Net.bind(Net.java:433) ~[na:1.8.0_74]
	at sun.nio.ch.Net.bind(Net.java:425) ~[na:1.8.0_74]
	at sun.nio.ch.ServerSocketChannelImpl.bind(ServerSocketChannelImpl.java:223) ~[na:1.8.0_74]
	at sun.nio.ch.ServerSocketAdaptor.bind(ServerSocketAdaptor.java:74) ~[na:1.8.0_74]
	at org.eclipse.jetty.server.ServerConnector.open(ServerConnector.java:321) ~[na:na]
	at org.eclipse.jetty.server.AbstractNetworkConnector.doStart(AbstractNetworkConnector.java:80) ~[na:na]
	at org.eclipse.jetty.server.ServerConnector.doStart(ServerConnector.java:236) ~[na:na]
	at org.eclipse.jetty.util.component.AbstractLifeCycle.start(AbstractLifeCycle.java:68) ~[na:na]
	at org.eclipse.jetty.server.Server.doStart(Server.java:366) ~[na:na]
	at org.eclipse.jetty.util.component.AbstractLifeCycle.start(AbstractLifeCycle.java:68) ~[na:na]
	at org.restlet.ext.jetty.JettyServerHelper.start(JettyServerHelper.java:829) ~[na:na]
	at org.restlet.Server.start(Server.java:579) ~[org.restlet.jar:na]
	at io.skysail.server.http.HttpServer.startHttpServer(HttpServer.java:203) [skysail.server.http.jar:na]
	at io.skysail.server.http.HttpServer.configure(HttpServer.java:149) [skysail.server.http.jar:na]
	at io.skysail.server.http.HttpServer.activate(HttpServer.java:74) [skysail.server.http.jar:na]
	at sun.reflect.NativeMethodAccessorImpl.invoke0(Native Method) ~[na:1.8.0_74]
	at sun.reflect.NativeMethodAccessorImpl.invoke(NativeMethodAccessorImpl.java:62) ~[na:1.8.0_74]
	at sun.reflect.DelegatingMethodAccessorImpl.invoke(DelegatingMethodAccessorImpl.java:43) ~[na:1.8.0_74]
	at java.lang.reflect.Method.invoke(Method.java:498) ~[na:1.8.0_74]
	at org.apache.felix.scr.impl.helper.BaseMethod.invokeMethod(BaseMethod.java:222) [org.apache.felix.scr-2.0.2.jar:na]
	at org.apache.felix.scr.impl.helper.BaseMethod.access$500(BaseMethod.java:37) [org.apache.felix.scr-2.0.2.jar:na]
	at org.apache.felix.scr.impl.helper.BaseMethod$Resolved.invoke(BaseMethod.java:615) [org.apache.felix.scr-2.0.2.jar:na]
	at org.apache.felix.scr.impl.helper.BaseMethod.invoke(BaseMethod.java:499) [org.apache.felix.scr-2.0.2.jar:na]
	at org.apache.felix.scr.impl.helper.ActivateMethod.invoke(ActivateMethod.java:295) [org.apache.felix.scr-2.0.2.jar:na]
	at org.apache.felix.scr.impl.manager.SingleComponentManager.createImplementationObject(SingleComponentManager.java:302) [org.apache.felix.scr-2.0.2.jar:na]
	at org.apache.felix.scr.impl.manager.SingleComponentManager.createComponent(SingleComponentManager.java:113) [org.apache.felix.scr-2.0.2.jar:na]
	at org.apache.felix.scr.impl.manager.SingleComponentManager.getService(SingleComponentManager.java:866) [org.apache.felix.scr-2.0.2.jar:na]
	at org.apache.felix.scr.impl.manager.SingleComponentManager.getServiceInternal(SingleComponentManager.java:833) [org.apache.felix.scr-2.0.2.jar:na]
	at org.apache.felix.scr.impl.manager.AbstractComponentManager.activateInternal(AbstractComponentManager.java:724) [org.apache.felix.scr-2.0.2.jar:na]
	at org.apache.felix.scr.impl.manager.AbstractComponentManager.enable(AbstractComponentManager.java:399) [org.apache.felix.scr-2.0.2.jar:na]
	at org.apache.felix.scr.impl.config.ConfigurableComponentHolder.enableComponents(ConfigurableComponentHolder.java:676) [org.apache.felix.scr-2.0.2.jar:na]
	at org.apache.felix.scr.impl.BundleComponentActivator.initialEnable(BundleComponentActivator.java:339) [org.apache.felix.scr-2.0.2.jar:na]
	at org.apache.felix.scr.impl.Activator.loadComponents(Activator.java:360) [org.apache.felix.scr-2.0.2.jar:na]
	at org.apache.felix.scr.impl.Activator.access$000(Activator.java:53) [org.apache.felix.scr-2.0.2.jar:na]
	at org.apache.felix.scr.impl.Activator$ScrExtension.start(Activator.java:260) [org.apache.felix.scr-2.0.2.jar:na]
	at org.apache.felix.utils.extender.AbstractExtender.createExtension(AbstractExtender.java:259) [org.apache.felix.scr-2.0.2.jar:na]
	at org.apache.felix.utils.extender.AbstractExtender.modifiedBundle(AbstractExtender.java:232) [org.apache.felix.scr-2.0.2.jar:na]
	at org.osgi.util.tracker.BundleTracker$Tracked.customizerModified(BundleTracker.java:482) [org.apache.felix.framework-5.2.0.jar:na]
	at org.osgi.util.tracker.BundleTracker$Tracked.customizerModified(BundleTracker.java:415) [org.apache.felix.framework-5.2.0.jar:na]
	at org.osgi.util.tracker.AbstractTracked.track(AbstractTracked.java:232) [org.apache.felix.framework-5.2.0.jar:na]
	at org.osgi.util.tracker.BundleTracker$Tracked.bundleChanged(BundleTracker.java:444) [org.apache.felix.framework-5.2.0.jar:na]
	at org.apache.felix.framework.util.EventDispatcher.invokeBundleListenerCallback(EventDispatcher.java:913) [org.apache.felix.framework-5.2.0.jar:na]
	at org.apache.felix.framework.util.EventDispatcher.fireEventImmediately(EventDispatcher.java:834) [org.apache.felix.framework-5.2.0.jar:na]
	at org.apache.felix.framework.util.EventDispatcher.fireBundleEvent(EventDispatcher.java:516) [org.apache.felix.framework-5.2.0.jar:na]
	at org.apache.felix.framework.Felix.fireBundleEvent(Felix.java:4544) [org.apache.felix.framework-5.2.0.jar:na]
	at org.apache.felix.framework.Felix.startBundle(Felix.java:2166) [org.apache.felix.framework-5.2.0.jar:na]
	at org.apache.felix.framework.BundleImpl.start(BundleImpl.java:977) [org.apache.felix.framework-5.2.0.jar:na]
	at aQute.launcher.Launcher.update(Launcher.java:457) [biz.aQute.launcher-latest.jar:na]
	at aQute.launcher.Launcher.activate(Launcher.java:354) [biz.aQute.launcher-latest.jar:na]
	at aQute.launcher.Launcher.run(Launcher.java:238) [biz.aQute.launcher-latest.jar:na]
	at aQute.launcher.Launcher.main(Launcher.java:87) [biz.aQute.launcher-latest.jar:na]
2016-04-11 08:42:53,728 DEBUG [io.skysail.server.http.HttpServer            ] - Started with system properties:
2016-04-11 08:42:53,728 DEBUG [io.skysail.server.http.HttpServer            ] - ===============================
2016-04-11 08:42:53,733 DEBUG [io.skysail.server.http.HttpServer            ] -   awt.toolkit => 'sun.lwawt.macosx.LWCToolkit'
2016-04-11 08:42:53,735 DEBUG [io.skysail.server.http.HttpServer            ] -   felix.fileinstall.dir => 'config/integrationtest'
2016-04-11 08:42:53,735 DEBUG [io.skysail.server.http.HttpServer            ] -   felix.fileinstall.filter => '.*\.jar|.*\.cfg'
2016-04-11 08:42:53,736 DEBUG [io.skysail.server.http.HttpServer            ] -   felix.fileinstall.log.level => '4'
2016-04-11 08:42:53,736 DEBUG [io.skysail.server.http.HttpServer            ] -   felix.fileinstall.noInitialDelay => 'true'
2016-04-11 08:42:53,736 DEBUG [io.skysail.server.http.HttpServer            ] -   felix.fileinstall.poll => '1000'
2016-04-11 08:42:53,736 DEBUG [io.skysail.server.http.HttpServer            ] -   file.encoding => 'UTF-8'
2016-04-11 08:42:53,736 DEBUG [io.skysail.server.http.HttpServer            ] -   file.encoding.pkg => 'sun.io'
2016-04-11 08:42:53,736 DEBUG [io.skysail.server.http.HttpServer            ] -   file.separator => '/'
2016-04-11 08:42:53,736 DEBUG [io.skysail.server.http.HttpServer            ] -   ftp.nonProxyHosts => 'local|*.local|169.254/16|*.169.254/16'
2016-04-11 08:42:53,736 DEBUG [io.skysail.server.http.HttpServer            ] -   gopherProxySet => 'false'
2016-04-11 08:42:53,736 DEBUG [io.skysail.server.http.HttpServer            ] -   http.nonProxyHosts => 'local|*.local|169.254/16|*.169.254/16'
2016-04-11 08:42:53,736 DEBUG [io.skysail.server.http.HttpServer            ] -   java.awt.graphicsenv => 'sun.awt.CGraphicsEnvironment'
2016-04-11 08:42:53,736 DEBUG [io.skysail.server.http.HttpServer            ] -   java.awt.printerjob => 'sun.lwawt.macosx.CPrinterJob'
2016-04-11 08:42:53,736 DEBUG [io.skysail.server.http.HttpServer            ] -   java.class.path => '/Users/carsten/.bnd/cache/https%3A%2F%2Fraw.githubusercontent.com%2Fbndtools%2Fbundle-hub%2Fmaster%2Forg.apache.felix.framework/org.apache.felix.framework-5.2.0.jar:/Users/carsten/git/skysail/cnf/nonosgi-repo/biz.aQute.launcher/biz.aQute.launcher-latest.jar'
2016-04-11 08:42:53,736 DEBUG [io.skysail.server.http.HttpServer            ] -   java.class.version => '52.0'
2016-04-11 08:42:53,736 DEBUG [io.skysail.server.http.HttpServer            ] -   java.endorsed.dirs => '/Library/Java/JavaVirtualMachines/jdk1.8.0_74.jdk/Contents/Home/jre/lib/endorsed'
2016-04-11 08:42:53,736 DEBUG [io.skysail.server.http.HttpServer            ] -   java.ext.dirs => '/Users/carsten/Library/Java/Extensions:/Library/Java/JavaVirtualMachines/jdk1.8.0_74.jdk/Contents/Home/jre/lib/ext:/Library/Java/Extensions:/Network/Library/Java/Extensions:/System/Library/Java/Extensions:/usr/lib/java'
2016-04-11 08:42:53,736 DEBUG [io.skysail.server.http.HttpServer            ] -   java.home => '/Library/Java/JavaVirtualMachines/jdk1.8.0_74.jdk/Contents/Home/jre'
2016-04-11 08:42:53,736 DEBUG [io.skysail.server.http.HttpServer            ] -   java.io.tmpdir => '/var/folders/6h/l_z7dfrn5ngbm0lf8__3zhvm0000gn/T/'
2016-04-11 08:42:53,736 DEBUG [io.skysail.server.http.HttpServer            ] -   java.library.path => '/Users/carsten/Library/Java/Extensions:/Library/Java/Extensions:/Network/Library/Java/Extensions:/System/Library/Java/Extensions:/usr/lib/java:.'
2016-04-11 08:42:53,736 DEBUG [io.skysail.server.http.HttpServer            ] -   java.runtime.name => 'Java(TM) SE Runtime Environment'
2016-04-11 08:42:53,736 DEBUG [io.skysail.server.http.HttpServer            ] -   java.runtime.version => '1.8.0_74-b02'
2016-04-11 08:42:53,736 DEBUG [io.skysail.server.http.HttpServer            ] -   java.specification.name => 'Java Platform API Specification'
2016-04-11 08:42:53,736 DEBUG [io.skysail.server.http.HttpServer            ] -   java.specification.vendor => 'Oracle Corporation'
2016-04-11 08:42:53,736 DEBUG [io.skysail.server.http.HttpServer            ] -   java.specification.version => '1.8'
2016-04-11 08:42:53,736 DEBUG [io.skysail.server.http.HttpServer            ] -   java.vendor => 'Oracle Corporation'
2016-04-11 08:42:53,736 DEBUG [io.skysail.server.http.HttpServer            ] -   java.vendor.url => 'http://java.oracle.com/'
2016-04-11 08:42:53,736 DEBUG [io.skysail.server.http.HttpServer            ] -   java.vendor.url.bug => 'http://bugreport.sun.com/bugreport/'
2016-04-11 08:42:53,737 DEBUG [io.skysail.server.http.HttpServer            ] -   java.version => '1.8.0_74'
2016-04-11 08:42:53,737 DEBUG [io.skysail.server.http.HttpServer            ] -   java.vm.info => 'mixed mode'
2016-04-11 08:42:53,737 DEBUG [io.skysail.server.http.HttpServer            ] -   java.vm.name => 'Java HotSpot(TM) 64-Bit Server VM'
2016-04-11 08:42:53,737 DEBUG [io.skysail.server.http.HttpServer            ] -   java.vm.specification.name => 'Java Virtual Machine Specification'
2016-04-11 08:42:53,737 DEBUG [io.skysail.server.http.HttpServer            ] -   java.vm.specification.vendor => 'Oracle Corporation'
2016-04-11 08:42:53,737 DEBUG [io.skysail.server.http.HttpServer            ] -   java.vm.specification.version => '1.8'
2016-04-11 08:42:53,737 DEBUG [io.skysail.server.http.HttpServer            ] -   java.vm.vendor => 'Oracle Corporation'
2016-04-11 08:42:53,737 DEBUG [io.skysail.server.http.HttpServer            ] -   java.vm.version => '25.74-b02'
2016-04-11 08:42:53,737 DEBUG [io.skysail.server.http.HttpServer            ] -   launch.activators => ''
2016-04-11 08:42:53,737 DEBUG [io.skysail.server.http.HttpServer            ] -   launch.bundles => '/Users/carsten/.bnd/cache/https%3A%2F%2Fraw.githubusercontent.com%2Fbndtools%2Fbundle-hub%2Fmaster%2Fosgi.core/osgi.core-6.0.0.jar,/Users/carsten/.bnd/cache/https%3A%2F%2Fgithub.com%2Fevandor%2Fskysail-repository%2Fraw%2Fmaster%2Frelease/javax.el-api-3.0.0.jar,/Users/carsten/.bnd/cache/https%3A%2F%2Fgithub.com%2Fevandor%2Fskysail-repository%2Fraw%2Fmaster%2Frelease/javax.persistence-2.1.0.jar,/Users/carsten/.bnd/cache/https%3A%2F%2Fgithub.com%2Fevandor%2Fskysail-repository%2Fraw%2Fmaster%2Frelease/javax.validation.api-1.1.0.jar,/Users/carsten/.bnd/cache/https%3A%2F%2Fgithub.com%2Fevandor%2Fskysail-repository%2Fraw%2Fmaster%2Frelease/org.apache.commons.beanutils-1.9.2.jar,/Users/carsten/.bnd/cache/https%3A%2F%2Fgithub.com%2Fevandor%2Fskysail-repository%2Fraw%2Fmaster%2Frelease/org.apache.commons.collections-3.2.1.jar,/Users/carsten/.bnd/cache/https%3A%2F%2Fgithub.com%2Fevandor%2Fskysail-repository%2Fraw%2Fmaster%2Frelease/org.apache.commons.configuration-1.10.0.jar,/Users/carsten/.bnd/cache/https%3A%2F%2Fgithub.com%2Fevandor%2Fskysail-repository%2Fraw%2Fmaster%2Frelease/org.apache.commons.io-2.4.0.jar,/Users/carsten/.bnd/cache/https%3A%2F%2Fgithub.com%2Fevandor%2Fskysail-repository%2Fraw%2Fmaster%2Frelease/org.apache.commons.lang-2.6.0.jar,/Users/carsten/.bnd/cache/https%3A%2F%2Fgithub.com%2Fevandor%2Fskysail-repository%2Fraw%2Fmaster%2Frelease/org.apache.commons.lang3-3.3.2.jar,/Users/carsten/.bnd/cache/https%3A%2F%2Fgithub.com%2Fevandor%2Fskysail-repository%2Fraw%2Fmaster%2Frelease/org.apache.commons.logging-1.1.3.jar,/Users/carsten/.bnd/cache/https%3A%2F%2Fraw.githubusercontent.com%2Fbndtools%2Fbundle-hub%2Fmaster%2Forg.apache.felix.configadmin/org.apache.felix.configadmin-1.8.0.jar,/Users/carsten/.bnd/cache/https%3A%2F%2Fraw.githubusercontent.com%2Fbndtools%2Fbundle-hub%2Fmaster%2Forg.apache.felix.fileinstall/org.apache.felix.fileinstall-3.4.0.jar,/Users/carsten/.bnd/cache/https%3A%2F%2Fraw.githubusercontent.com%2Fbndtools%2Fbundle-hub%2Fmaster%2Forg.apache.felix.eventadmin/org.apache.felix.eventadmin-1.4.4.jar,/Users/carsten/.bnd/cache/https%3A%2F%2Fraw.githubusercontent.com%2Fbndtools%2Fbundle-hub%2Fmaster%2Forg.apache.felix.gogo.command/org.apache.felix.gogo.command-0.14.0.jar,/Users/carsten/.bnd/cache/https%3A%2F%2Fraw.githubusercontent.com%2Fbndtools%2Fbundle-hub%2Fmaster%2Forg.apache.felix.gogo.runtime/org.apache.felix.gogo.runtime-0.12.1.jar,/Users/carsten/.bnd/cache/https%3A%2F%2Fraw.githubusercontent.com%2Fbndtools%2Fbundle-hub%2Fmaster%2Forg.apache.felix.gogo.shell/org.apache.felix.gogo.shell-0.10.0.jar,/Users/carsten/.bnd/cache/https%3A%2F%2Fraw.githubusercontent.com%2Fbndtools%2Fbundle-hub%2Fmaster%2Forg.apache.felix.log/org.apache.felix.log-1.0.1.jar,/Users/carsten/.bnd/cache/https%3A%2F%2Fgithub.com%2Fevandor%2Fskysail-repository%2Fraw%2Fmaster%2Frelease/org.apache.felix.prefs-1.0.6.jar,/Users/carsten/.bnd/cache/https%3A%2F%2Fraw.githubusercontent.com%2Fbndtools%2Fbundle-hub%2Fmaster%2Forg.apache.felix.scr/org.apache.felix.scr-2.0.2.jar,/Users/carsten/.bnd/cache/https%3A%2F%2Fgithub.com%2Fevandor%2Fskysail-repository%2Fraw%2Fmaster%2Frelease/jackson-annotations-2.5.1.jar,/Users/carsten/.bnd/cache/https%3A%2F%2Fgithub.com%2Fevandor%2Fskysail-repository%2Fraw%2Fmaster%2Frelease/jackson-core-2.5.1.jar,/Users/carsten/.bnd/cache/https%3A%2F%2Fgithub.com%2Fevandor%2Fskysail-repository%2Fraw%2Fmaster%2Frelease/jackson-databind-2.5.1.jar,/Users/carsten/.bnd/cache/https%3A%2F%2Fgithub.com%2Fevandor%2Fskysail-repository%2Fraw%2Fmaster%2Frelease/jackson-dataformat-xml-2.5.1.jar,/Users/carsten/.bnd/cache/https%3A%2F%2Fgithub.com%2Fevandor%2Fskysail-repository%2Fraw%2Fmaster%2Frelease/jackson-dataformat-smile-2.5.1.jar,/Users/carsten/.bnd/cache/https%3A%2F%2Fgithub.com%2Fevandor%2Fskysail-repository%2Fraw%2Fmaster%2Frelease/jackson-dataformat-yaml-2.5.1.jar,/Users/carsten/.bnd/cache/https%3A%2F%2Fgithub.com%2Fevandor%2Fskysail-repository%2Fraw%2Fmaster%2Frelease/jackson-dataformat-csv-2.5.1.jar,/Users/carsten/.bnd/cache/https%3A%2F%2Fgithub.com%2Fevandor%2Fskysail-repository%2Fraw%2Fmaster%2Frelease/jackson-module-jaxb-annotations-2.5.1.jar,/Users/carsten/.bnd/cache/https%3A%2F%2Fgithub.com%2Fevandor%2Fskysail-repository%2Fraw%2Fmaster%2Frelease/jackson-module-jsonSchema-2.5.1.jar,/Users/carsten/.bnd/cache/https%3A%2F%2Fgithub.com%2Fevandor%2Fskysail-repository%2Fraw%2Fmaster%2Frelease/classmate-1.0.0.jar,/Users/carsten/.bnd/cache/https%3A%2F%2Fgithub.com%2Fevandor%2Fskysail-repository%2Fraw%2Fmaster%2Frelease/stax2-api-3.1.4.jar,/Users/carsten/.bnd/cache/https%3A%2F%2Fgithub.com%2Fevandor%2Fskysail-repository%2Fraw%2Fmaster%2Frelease/javassist-3.18.1.jar,/Users/carsten/.bnd/cache/https%3A%2F%2Fgithub.com%2Fevandor%2Fskysail-repository%2Fraw%2Fmaster%2Frelease/org.codehaus.jettison.jettison-1.3.7.jar,/Users/carsten/.bnd/cache/https%3A%2F%2Fgithub.com%2Fevandor%2Fskysail-repository%2Fraw%2Fmaster%2Frelease/com.googlecode.concurrentlinkedhashmap.lru-1.4.0.jar,/Users/carsten/.bnd/cache/https%3A%2F%2Fgithub.com%2Fevandor%2Fskysail-repository%2Fraw%2Fmaster%2Frelease/orientdb-client-2.1.3.jar,/Users/carsten/.bnd/cache/https%3A%2F%2Fgithub.com%2Fevandor%2Fskysail-repository%2Fraw%2Fmaster%2Frelease/orientdb-core-2.1.3.jar,/Users/carsten/.bnd/cache/https%3A%2F%2Fgithub.com%2Fevandor%2Fskysail-repository%2Fraw%2Fmaster%2Frelease/orientdb-enterprise-2.1.3.jar,/Users/carsten/.bnd/cache/https%3A%2F%2Fgithub.com%2Fevandor%2Fskysail-repository%2Fraw%2Fmaster%2Frelease/orientdb-graphdb-2.1.3.jar,/Users/carsten/.bnd/cache/https%3A%2F%2Fgithub.com%2Fevandor%2Fskysail-repository%2Fraw%2Fmaster%2Frelease/orientdb-object-2.1.3.jar,/Users/carsten/.bnd/cache/https%3A%2F%2Fgithub.com%2Fevandor%2Fskysail-repository%2Fraw%2Fmaster%2Frelease/orientdb-server-2.1.3.jar,/Users/carsten/.bnd/cache/https%3A%2F%2Fgithub.com%2Fevandor%2Fskysail-repository%2Fraw%2Fmaster%2Frelease/orientdb-tools-2.1.3.jar,/Users/carsten/.bnd/cache/https%3A%2F%2Fgithub.com%2Fevandor%2Fskysail-repository%2Fraw%2Fmaster%2Frelease/org.xerial.snappy.snappy-java-1.1.1.jar,/Users/carsten/.bnd/cache/https%3A%2F%2Fgithub.com%2Fevandor%2Fskysail-repository%2Fraw%2Fmaster%2Frelease/io.skysail.bundled.tinkerpop.blueprints-core-2.6.0.jar,/Users/carsten/.bnd/cache/https%3A%2F%2Fgithub.com%2Fevandor%2Fskysail-repository%2Fraw%2Fmaster%2Frelease/io.skysail.bundled.tinkerpop.blueprints-orient-graph-2.4.0.jar,/Users/carsten/.bnd/cache/https%3A%2F%2Fgithub.com%2Fevandor%2Fskysail-repository%2Fraw%2Fmaster%2Frelease/com.sun.jna-4.2.0.jar,/Users/carsten/.bnd/cache/https%3A%2F%2Fgithub.com%2Fevandor%2Fskysail-repository%2Fraw%2Fmaster%2Frelease/com.sun.jna.platform-4.2.0.jar,/Users/carsten/.bnd/cache/https%3A%2F%2Fgithub.com%2Fevandor%2Fskysail-repository%2Fraw%2Fmaster%2Frelease/jetty-util-9.2.11.v20150529.jar,/Users/carsten/.bnd/cache/https%3A%2F%2Fgithub.com%2Fevandor%2Fskysail-repository%2Fraw%2Fmaster%2Frelease/jetty-http-9.2.11.v20150529.jar,/Users/carsten/.bnd/cache/https%3A%2F%2Fgithub.com%2Fevandor%2Fskysail-repository%2Fraw%2Fmaster%2Frelease/jetty-io-9.2.11.v20150529.jar,/Users/carsten/.bnd/cache/https%3A%2F%2Fgithub.com%2Fevandor%2Fskysail-repository%2Fraw%2Fmaster%2Frelease/jetty-security-9.2.11.v20150529.jar,/Users/carsten/.bnd/cache/https%3A%2F%2Fgithub.com%2Fevandor%2Fskysail-repository%2Fraw%2Fmaster%2Frelease/jetty-server-9.2.11.v20150529.jar,/Users/carsten/.bnd/cache/https%3A%2F%2Fgithub.com%2Fevandor%2Fskysail-repository%2Fraw%2Fmaster%2Frelease/jetty-servlet-9.2.11.v20150529.jar,/Users/carsten/.bnd/cache/https%3A%2F%2Fgithub.com%2Fevandor%2Fskysail-repository%2Fraw%2Fmaster%2Frelease/jetty-webapp-9.2.11.v20150529.jar,/Users/carsten/.bnd/cache/https%3A%2F%2Fgithub.com%2Fevandor%2Fskysail-repository%2Fraw%2Fmaster%2Frelease/jetty-deploy-9.2.11.v20150529.jar,/Users/carsten/.bnd/cache/https%3A%2F%2Fgithub.com%2Fevandor%2Fskysail-repository%2Fraw%2Fmaster%2Frelease/jetty-xml-9.2.11.v20150529.jar,/Users/carsten/.bnd/cache/https%3A%2F%2Fgithub.com%2Fevandor%2Fskysail-repository%2Fraw%2Fmaster%2Frelease/org.eclipse.jetty.osgi-servlet-api-3.1.0.jar,/Users/carsten/.bnd/cache/https%3A%2F%2Fgithub.com%2Fevandor%2Fskysail-repository%2Fraw%2Fmaster%2Frelease/jetty-client-9.2.11.v20150529.jar,/Users/carsten/.bnd/cache/https%3A%2F%2Fgithub.com%2Fevandor%2Fskysail-repository%2Fraw%2Fmaster%2Frelease/snakeyaml-1.15.jar,/Users/carsten/.bnd/cache/https%3A%2F%2Fgithub.com%2Fevandor%2Fskysail-repository%2Fraw%2Fmaster%2Frelease/de.twentyeleven.skysail.org.json-osgi-20080701.0.0.jar,/Users/carsten/.bnd/cache/https%3A%2F%2Fgithub.com%2Fevandor%2Fskysail-repository%2Fraw%2Fmaster%2Frelease/org.restlet.jar,/Users/carsten/.bnd/cache/https%3A%2F%2Fgithub.com%2Fevandor%2Fskysail-repository%2Fraw%2Fmaster%2Frelease/org.restlet.ext.apispark.jar,/Users/carsten/.bnd/cache/https%3A%2F%2Fgithub.com%2Fevandor%2Fskysail-repository%2Fraw%2Fmaster%2Frelease/org.restlet.ext.crypto.jar,/Users/carsten/.bnd/cache/https%3A%2F%2Fgithub.com%2Fevandor%2Fskysail-repository%2Fraw%2Fmaster%2Frelease/org.restlet.ext.jackson.jar,/Users/carsten/.bnd/cache/https%3A%2F%2Fgithub.com%2Fevandor%2Fskysail-repository%2Fraw%2Fmaster%2Frelease/org.restlet.ext.jetty.jar,/Users/carsten/.bnd/cache/https%3A%2F%2Fgithub.com%2Fevandor%2Fskysail-repository%2Fraw%2Fmaster%2Frelease/org.restlet.ext.json.jar,/Users/carsten/.bnd/cache/https%3A%2F%2Fgithub.com%2Fevandor%2Fskysail-repository%2Fraw%2Fmaster%2Frelease/org.restlet.ext.raml.jar,/Users/carsten/.bnd/cache/https%3A%2F%2Fgithub.com%2Fevandor%2Fskysail-repository%2Fraw%2Fmaster%2Frelease/org.restlet.ext.slf4j.jar,/Users/carsten/.bnd/cache/https%3A%2F%2Fgithub.com%2Fevandor%2Fskysail-repository%2Fraw%2Fmaster%2Frelease/io.skysail.bundled.raml-parser-0.8.12.jar,/Users/carsten/.bnd/cache/https%3A%2F%2Fgithub.com%2Fevandor%2Fskysail-repository%2Fraw%2Fmaster%2Frelease/guava-16.0.1.jar,/Users/carsten/.bnd/cache/https%3A%2F%2Fgithub.com%2Fevandor%2Fskysail-repository%2Fraw%2Fmaster%2Frelease/org.jboss.logging.jboss-logging-3.1.4.jar,/Users/carsten/.bnd/cache/https%3A%2F%2Fgithub.com%2Fevandor%2Fskysail-repository%2Fraw%2Fmaster%2Frelease/org.hibernate.validator-5.1.2.jar,/Users/carsten/.bnd/cache/https%3A%2F%2Fraw.githubusercontent.com%2Fbndtools%2Fbundle-hub%2Fmaster%2Fch.qos.logback.classic/ch.qos.logback.classic-1.1.2.jar,/Users/carsten/.bnd/cache/https%3A%2F%2Fraw.githubusercontent.com%2Fbndtools%2Fbundle-hub%2Fmaster%2Fch.qos.logback.core/ch.qos.logback.core-1.1.2.jar,/Users/carsten/.bnd/cache/https%3A%2F%2Fraw.githubusercontent.com%2Fbndtools%2Fbundle-hub%2Fmaster%2Fslf4j.api/slf4j.api-1.7.7.jar,/Users/carsten/.bnd/cache/https%3A%2F%2Fgithub.com%2Fevandor%2Fskysail-repository%2Fraw%2Fmaster%2Frelease/com.sun.el-2.2.0.jar,/Users/carsten/.bnd/cache/https%3A%2F%2Fgithub.com%2Fevandor%2Fskysail-repository%2Fraw%2Fmaster%2Frelease/de.twenty11.owasp-java-html-sanitizer-239.0.0.jar,/Users/carsten/.bnd/cache/https%3A%2F%2Fgithub.com%2Fevandor%2Fskysail-repository%2Fraw%2Fmaster%2Frelease/de.twentyeleven.skysail.org.antlr.stringtemplate-osgi-4.0.8.jar,/Users/carsten/git/skysail/cnf/releaserepo/skysail.domain/skysail.domain-0.1.0.jar,/Users/carsten/git/skysail/skysail.api/generated/skysail.api.jar,/Users/carsten/git/skysail/cnf/releaserepo/skysail.api.search/skysail.api.search-0.1.0.jar,/Users/carsten/git/skysail/skysail.server/generated/skysail.server.jar,/Users/carsten/git/skysail/skysail.server.converter/generated/skysail.server.converter.jar,/Users/carsten/git/skysail/skysail.server.db/generated/skysail.server.db.jar,/Users/carsten/git/skysail/skysail.server.http/generated/skysail.server.http.jar,/Users/carsten/git/skysail/skysail.server.queryfilter/generated/skysail.server.queryfilter.jar,/Users/carsten/git/skysail/skysail.server.static/generated/skysail.server.static.jar,/Users/carsten/git/skysail/cnf/releaserepo/skysail.server.text.markdown/skysail.server.text.markdown-0.1.0.jar,/Users/carsten/git/skysail/skysail.server.text.store.bundleresource/generated/skysail.server.text.store.bundleresource.jar,/Users/carsten/git/skysail/cnf/releaserepo/skysail.server.text.store.git/skysail.server.text.store.git-0.1.0.jar,/Users/carsten/git/skysail/skysail.server.um.httpbasic/generated/skysail.server.um.httpbasic.jar,/Users/carsten/git/skysail/skysail.server.um.verifier.filebased/generated/skysail.server.um.verifier.filebased.jar,/Users/carsten/.bnd/cache/https%3A%2F%2Fraw.githubusercontent.com%2Fosgi%2Fosgi.enroute%2Fv1.0.0%2Fcnf%2Fdistro%2Fosgi.enroute.junit.wrapper/osgi.enroute.junit.wrapper-4.12.0.jar,/Users/carsten/.bnd/cache/https%3A%2F%2Fgithub.com%2Fevandor%2Fskysail-repository%2Fraw%2Fmaster%2Frelease/de.twentyeleven.skysail.org.hamcrest.hamcrest-all-osgi-1.3.0.jar,/Users/carsten/git/skysail/skysail.client.testsupport/generated/skysail.client.testsupport.jar,/Users/carsten/git/skysail/skysail.server.app.demo/generated/skysail.server.app.demo.jar,/Users/carsten/git/skysail/skysail.server.app.demo.it/generated/skysail.server.app.demo.it.jar,/Users/carsten/git/skysail/cnf/cache/3.1.0/biz.aQute.tester/biz.aQute.tester-3.1.0.jar'
2016-04-11 08:42:53,737 DEBUG [io.skysail.server.http.HttpServer            ] -   launch.embedded => 'false'
2016-04-11 08:42:53,737 DEBUG [io.skysail.server.http.HttpServer            ] -   launch.keep => 'false'
2016-04-11 08:42:53,737 DEBUG [io.skysail.server.http.HttpServer            ] -   launch.name => 'skysail.server.app.demo.it'
2016-04-11 08:42:53,737 DEBUG [io.skysail.server.http.HttpServer            ] -   launch.noreferences => 'false'
2016-04-11 08:42:53,737 DEBUG [io.skysail.server.http.HttpServer            ] -   launch.notificationPort => '-1'
2016-04-11 08:42:53,737 DEBUG [io.skysail.server.http.HttpServer            ] -   launch.services => 'true'
2016-04-11 08:42:53,737 DEBUG [io.skysail.server.http.HttpServer            ] -   launch.storage.dir => '/Users/carsten/git/skysail/skysail.server.app.demo.it/generated/fw'
2016-04-11 08:42:53,737 DEBUG [io.skysail.server.http.HttpServer            ] -   launch.system.capabilities => 'osgi.native;osgi.native.osname:List<String>="MacOSX,Mac OS X";osgi.native.osversion:Version="10.11.4";osgi.native.processor:List<String>="x86-64,amd64,em64t,x86_64"'
2016-04-11 08:42:53,737 DEBUG [io.skysail.server.http.HttpServer            ] -   launch.system.packages => 'com.sun.image.codec.jpeg,com.sun.management,com.sun.net.httpserver,javafx.application,javafx.scene,javafx.scene.control,javafx.scene.layout,javafx.stage,javafx.beans.property,javafx.collections,javafx.beans.value,javafx.concurrent,javafx.event,javafx.geometry,javafx.scene.image,javafx.scene.web,javafx.util,javafx.scene.paint,javax.imageio.spi,javax.crypto,javax.crypto.spec,javax.script,javax.net,javax.net.ssl,javax.security.auth.x500,javax.sql,javax.xml.stream,javax.naming,javax.naming.directory,javax.naming.ldap,javax.xml.bind,javax.xml.bind.annotation,javax.xml.bind.annotation.adapters,javax.activation,javax.security.auth.callback,javax.naming.spi,javax.management,javax.management.openmbean,javax.swing.tree,javax.transaction,javax.transaction.xa,javax.xml.transform.stax,sun.reflect,sun.misc,org.ietf.jgss,netscape.javascript,sun.nio.ch,org.osgi.framework;version="1.8",org.osgi.framework.dto;version="1.8";uses:="org.osgi.dto",org.osgi.framework.hooks.bundle;version="1.1";uses:="org.osgi.framework",org.osgi.framework.hooks.resolver;version="1.0";uses:="org.osgi.framework.wiring",org.osgi.framework.hooks.service;version="1.1";uses:="org.osgi.framework",org.osgi.framework.hooks.weaving;version="1.1";uses:="org.osgi.framework.wiring",org.osgi.framework.launch;version="1.2";uses:="org.osgi.framework",org.osgi.framework.namespace;version="1.1";uses:="org.osgi.resource",org.osgi.framework.startlevel;version="1.0";uses:="org.osgi.framework",org.osgi.framework.startlevel.dto;version="1.0";uses:="org.osgi.dto",org.osgi.framework.wiring;version="1.2";uses:="org.osgi.framework,org.osgi.resource",org.osgi.framework.wiring.dto;version="1.2";uses:="org.osgi.dto,org.osgi.resource.dto",org.osgi.resource;version="1.0",org.osgi.resource.dto;version="1.0";uses:="org.osgi.dto",org.osgi.service.packageadmin;version="1.2";uses:="org.osgi.framework",org.osgi.service.startlevel;version="1.1";uses:="org.osgi.framework",org.osgi.service.url;version="1.0",org.osgi.service.resolver;version="1.0";uses:="org.osgi.resource",org.osgi.util.tracker;version="1.5.1";uses:="org.osgi.framework",org.osgi.dto;version="1.0"'
2016-04-11 08:42:53,737 DEBUG [io.skysail.server.http.HttpServer            ] -   launch.timeout => '0'
2016-04-11 08:42:53,737 DEBUG [io.skysail.server.http.HttpServer            ] -   launch.trace => 'false'
2016-04-11 08:42:53,737 DEBUG [io.skysail.server.http.HttpServer            ] -   launcher.properties => '/Users/carsten/git/skysail/skysail.server.app.demo.it/generated/launch5369135248281470715.properties'
2016-04-11 08:42:53,737 DEBUG [io.skysail.server.http.HttpServer            ] -   line.separator => '
'
2016-04-11 08:42:53,737 DEBUG [io.skysail.server.http.HttpServer            ] -   logback.configurationFile => 'config/integrationtest/logback.xml'
2016-04-11 08:42:53,738 DEBUG [io.skysail.server.http.HttpServer            ] -   obr.repository.url => 'https://raw.githubusercontent.com/evandor/skysail-repository/master/index.xml https://raw.githubusercontent.com/evandor/skysail-framework/master/cnf/releaserepo/index.xml https://raw.githubusercontent.com/evandor/skysail-apps/master/cnf/releaserepo/index.xml http://felix.apache.org/obr/releases.xml'
2016-04-11 08:42:53,738 DEBUG [io.skysail.server.http.HttpServer            ] -   org.apache.felix.log.storeDebug => 'true'
2016-04-11 08:42:53,738 DEBUG [io.skysail.server.http.HttpServer            ] -   os.arch => 'x86_64'
2016-04-11 08:42:53,738 DEBUG [io.skysail.server.http.HttpServer            ] -   os.name => 'Mac OS X'
2016-04-11 08:42:53,738 DEBUG [io.skysail.server.http.HttpServer            ] -   os.version => '10.11.4'
2016-04-11 08:42:53,738 DEBUG [io.skysail.server.http.HttpServer            ] -   path.separator => ':'
2016-04-11 08:42:53,738 DEBUG [io.skysail.server.http.HttpServer            ] -   product.bundle => 'skysail.server.app.demo.it'
2016-04-11 08:42:53,738 DEBUG [io.skysail.server.http.HttpServer            ] -   socksNonProxyHosts => 'local|*.local|169.254/16|*.169.254/16'
2016-04-11 08:42:53,738 DEBUG [io.skysail.server.http.HttpServer            ] -   sun.arch.data.model => '64'
2016-04-11 08:42:53,738 DEBUG [io.skysail.server.http.HttpServer            ] -   sun.boot.class.path => '/Library/Java/JavaVirtualMachines/jdk1.8.0_74.jdk/Contents/Home/jre/lib/resources.jar:/Library/Java/JavaVirtualMachines/jdk1.8.0_74.jdk/Contents/Home/jre/lib/rt.jar:/Library/Java/JavaVirtualMachines/jdk1.8.0_74.jdk/Contents/Home/jre/lib/sunrsasign.jar:/Library/Java/JavaVirtualMachines/jdk1.8.0_74.jdk/Contents/Home/jre/lib/jsse.jar:/Library/Java/JavaVirtualMachines/jdk1.8.0_74.jdk/Contents/Home/jre/lib/jce.jar:/Library/Java/JavaVirtualMachines/jdk1.8.0_74.jdk/Contents/Home/jre/lib/charsets.jar:/Library/Java/JavaVirtualMachines/jdk1.8.0_74.jdk/Contents/Home/jre/lib/jfr.jar:/Library/Java/JavaVirtualMachines/jdk1.8.0_74.jdk/Contents/Home/jre/classes'
2016-04-11 08:42:53,739 DEBUG [io.skysail.server.http.HttpServer            ] -   sun.boot.library.path => '/Library/Java/JavaVirtualMachines/jdk1.8.0_74.jdk/Contents/Home/jre/lib'
2016-04-11 08:42:53,739 DEBUG [io.skysail.server.http.HttpServer            ] -   sun.cpu.endian => 'little'
2016-04-11 08:42:53,739 DEBUG [io.skysail.server.http.HttpServer            ] -   sun.cpu.isalist => ''
2016-04-11 08:42:53,739 DEBUG [io.skysail.server.http.HttpServer            ] -   sun.io.unicode.encoding => 'UnicodeBig'
2016-04-11 08:42:53,739 DEBUG [io.skysail.server.http.HttpServer            ] -   sun.java.command => 'aQute.launcher.Launcher'
2016-04-11 08:42:53,739 DEBUG [io.skysail.server.http.HttpServer            ] -   sun.java.launcher => 'SUN_STANDARD'
2016-04-11 08:42:53,739 DEBUG [io.skysail.server.http.HttpServer            ] -   sun.jnu.encoding => 'UTF-8'
2016-04-11 08:42:53,739 DEBUG [io.skysail.server.http.HttpServer            ] -   sun.management.compiler => 'HotSpot 64-Bit Tiered Compilers'
2016-04-11 08:42:53,739 DEBUG [io.skysail.server.http.HttpServer            ] -   sun.os.patch.level => 'unknown'
2016-04-11 08:42:53,739 DEBUG [io.skysail.server.http.HttpServer            ] -   tester.continuous => 'false'
2016-04-11 08:42:53,739 DEBUG [io.skysail.server.http.HttpServer            ] -   tester.dir => '/Users/carsten/git/skysail/skysail.server.app.demo.it/generated/test-results'
2016-04-11 08:42:53,739 DEBUG [io.skysail.server.http.HttpServer            ] -   tester.names => 'io.skysail.server.app.demo.it.TimetablesCrudIntegrationTests:create_and_read_entity'
2016-04-11 08:42:53,739 DEBUG [io.skysail.server.http.HttpServer            ] -   tester.port => '59701'
2016-04-11 08:42:53,739 DEBUG [io.skysail.server.http.HttpServer            ] -   tester.unresolved => 'true'
2016-04-11 08:42:53,739 DEBUG [io.skysail.server.http.HttpServer            ] -   user.country => 'US'
2016-04-11 08:42:53,739 DEBUG [io.skysail.server.http.HttpServer            ] -   user.country.format => 'DE'
2016-04-11 08:42:53,739 DEBUG [io.skysail.server.http.HttpServer            ] -   user.dir => '/Users/carsten/git/skysail/skysail.server.app.demo.it'
2016-04-11 08:42:53,739 DEBUG [io.skysail.server.http.HttpServer            ] -   user.home => '/Users/carsten'
2016-04-11 08:42:53,739 DEBUG [io.skysail.server.http.HttpServer            ] -   user.language => 'en'
2016-04-11 08:42:53,739 DEBUG [io.skysail.server.http.HttpServer            ] -   user.name => 'carsten'
2016-04-11 08:42:53,739 DEBUG [io.skysail.server.http.HttpServer            ] -   user.timezone => 'Europe/Berlin'
2016-04-11 08:42:53,755 DEBUG [io.skysail.server.app.SkysailApplication     ] - Instanciating new Skysail ApplicationModel 'WebappApplication'
2016-04-11 08:42:53,756 INFO  [io.skysail.server.app.SkysailApplication     ] - Activating ApplicationModel de.twenty11.skysail.server.webapp.internal.WebappApplication
2016-04-11 08:42:53,756 DEBUG [io.skysail.server.app.ApplicationList        ] - (+ ApplicationModel) (#03) with name 'static'
2016-04-11 08:42:53,775 DEBUG [io.skysail.server.app.SkysailApplication     ] - Instanciating new Skysail ApplicationModel 'I18nApplication'
2016-04-11 08:42:53,778 INFO  [io.skysail.server.app.SkysailApplication     ] - Activating ApplicationModel io.skysail.server.text.store.bundleresource.impl.I18nApplication
2016-04-11 08:42:53,779 DEBUG [io.skysail.server.app.ApplicationList        ] - (+ ApplicationModel) (#04) with name 'i18n'
2016-04-11 08:42:53,830 INFO  [i.s.s.u.v.filebased.FilebasedVerifier        ] - activating verifier io.skysail.server.um.verifier.filebased.FilebasedVerifier
2016-04-11 08:42:53,831 WARN  [i.s.s.u.v.filebased.FilebasedVerifier        ] - creating default configuration for usermanagement as no configuration was provided (yet)!
2016-04-11 08:42:53,855 DEBUG [io.skysail.server.http.HttpServer            ] - (+ Converter)   (#06) with name 'io.skysail.server.converter.HtmlConverter'
2016-04-11 08:42:53,867 DEBUG [io.skysail.server.http.HttpServer            ] - (- Converter)   name 'java.util.concurrent.CopyOnWriteArrayList', count is 05 now
2016-04-11 08:42:53,870 INFO  [i.s.s.u.v.filebased.FilebasedVerifier        ] - deactivating verifier io.skysail.server.um.verifier.filebased.FilebasedVerifier
2016-04-11 08:42:53,872 DEBUG [io.skysail.server.app.SkysailApplication     ] - Instanciating new Skysail ApplicationModel 'DemoApplication'
2016-04-11 08:42:53,873 INFO  [i.s.s.u.v.filebased.FilebasedVerifier        ] - activating verifier io.skysail.server.um.verifier.filebased.FilebasedVerifier
2016-04-11 08:42:53,876 INFO  [io.skysail.server.app.SkysailApplication     ] - Activating ApplicationModel io.skysail.server.app.demo.DemoApplication
2016-04-11 08:42:53,878 DEBUG [io.skysail.server.app.ApplicationList        ] - (+ ApplicationModel) (#05) with name 'demoapp'
2016-04-11 08:42:53,885 DEBUG [io.skysail.server.http.HttpServer            ] - (+ Converter)   (#06) with name 'io.skysail.server.converter.HtmlConverter'
2016-04-11 08:42:53,898 DEBUG [i.skysail.server.db.OrientGraphDbService     ] - registering class 'class io.skysail.server.app.demo.Timetable' @ orientDB
2016-04-11 08:42:53,914 DEBUG [io.skysail.domain.core.Repositories          ] - (+ Repository)  (#02) with name 'io.skysail.server.app.demo.Timetable'
2016-04-11 08:42:54,030 INFO  [i.s.c.testsupport.TestsupportTestBase        ] - 
2016-04-11 08:42:54,031 INFO  [i.s.c.testsupport.TestsupportTestBase        ] - --------------------------------------------
2016-04-11 08:42:54,031 INFO  [i.s.c.testsupport.TestsupportTestBase        ] -  > TEST: running test 'create_and_read_entity'
2016-04-11 08:42:54,031 INFO  [i.s.c.testsupport.TestsupportTestBase        ] - --------------------------------------------
2016-04-11 08:42:54,032 INFO  [i.s.c.testsupport.TestsupportTestBase        ] - 
2016-04-11 08:42:54,041 INFO  [i.s.c.testsupport.TestsupportTestBase        ] - setting up test case...
2016-04-11 08:42:54,042 INFO  [i.s.c.testsupport.TestsupportTestBase        ] - setting test port to 2018
2016-04-11 08:42:54,043 INFO  [i.s.c.testsupport.ApplicationBrowser         ] -  > TEST: creating new browser client with url 'http://localhost:2018' for Application 'demoapp' and mediaType 'text/html'
2016-04-11 08:42:54,048 INFO  [i.s.server.app.demo.it.TimetablesBrowser     ] -  > TEST: creating new DbApplication io.skysail.server.app.demo.Timetable@3afca2c
2016-04-11 08:42:54,049 INFO  [i.s.c.testsupport.ApplicationBrowser         ] -  > TEST: logging in as user 'admin' (http basic)
2016-04-11 08:42:54,226 INFO  [org.restlet                                  ] - Starting a Jetty HTTP/HTTPS client
2016-04-11 08:42:54,934 DEBUG [org.restlet                                  ] - The length of the message body is unknown. The entity must be handled carefully and consumed entirely in order to surely release the connection.
2016-04-11 08:42:54,937 INFO  [i.s.client.testsupport.ApplicationClient     ] -  > TEST: issuing GET on 'http://localhost:2018/', providing credentials null
2016-04-11 08:42:54,946 INFO  [org.restlet                                  ] - Starting a Jetty HTTP/HTTPS client
2016-04-11 08:42:54,968 DEBUG [org.restlet                                  ] - The length of the message body is unknown. The entity must be handled carefully and consumed entirely in order to surely release the connection.
2016-04-11 08:42:54,997 INFO  [org.restlet                                  ] - Stopping a Jetty HTTP/HTTPS client
2016-04-11 08:42:55,009 INFO  [org.restlet                                  ] - Starting a Jetty HTTP/HTTPS client
2016-04-11 08:42:55,070 DEBUG [org.restlet                                  ] - The length of the message body is unknown. The entity must be handled carefully and consumed entirely in order to surely release the connection.
2016-04-11 08:42:55,075 INFO  [org.restlet                                  ] - Starting a Jetty HTTP/HTTPS client
2016-04-11 08:42:55,095 DEBUG [org.restlet                                  ] - The length of the message body is unknown. The entity must be handled carefully and consumed entirely in order to surely release the connection.
2016-04-11 08:42:55,096 INFO  [i.s.client.testsupport.ApplicationClient     ] -  > TEST: issuing POST on 'http://localhost:2018/demoapp/v1/Timetables/', providing credentials null
2016-04-11 08:42:55,104 DEBUG [org.restlet                                  ] - Converter selected for Form: DefaultConverter
2016-04-11 08:42:55,107 DEBUG [org.restlet                                  ] - Total score of variant "[application/x-www-form-urlencoded]"= 5.0E-4
2016-04-11 08:42:55,112 INFO  [org.restlet                                  ] - Starting a Jetty HTTP/HTTPS client
2016-04-11 08:42:55,600 DEBUG [org.restlet                                  ] - The length of the message body is unknown. The entity must be handled carefully and consumed entirely in order to surely release the connection.
2016-04-11 08:43:00,957 INFO  [i.s.server.app.demo.it.TimetablesBrowser     ] -  > TEST: getting Applications
2016-04-11 08:43:01,574 INFO  [i.s.c.testsupport.ApplicationBrowser         ] -  > TEST: logging in as user 'admin' (http basic)
2016-04-11 08:43:01,609 INFO  [org.restlet                                  ] - Starting a Jetty HTTP/HTTPS client
2016-04-11 08:43:02,072 DEBUG [org.restlet                                  ] - The length of the message body is unknown. The entity must be handled carefully and consumed entirely in order to surely release the connection.
2016-04-11 08:43:02,528 DEBUG [io.skysail.server.EventHelper                ] - about to post event org.osgi.service.event.Event [topic=GUI/peitybar/info]: 3.79931640625
2016-04-11 08:43:03,167 INFO  [i.s.client.testsupport.ApplicationClient     ] -  > TEST: issuing GET on 'http://localhost:2018/', providing credentials null
2016-04-11 08:43:03,219 INFO  [org.restlet                                  ] - Starting a Jetty HTTP/HTTPS client
2016-04-11 08:43:03,266 DEBUG [org.restlet                                  ] - The length of the message body is unknown. The entity must be handled carefully and consumed entirely in order to surely release the connection.
2016-04-11 08:43:03,323 INFO  [org.restlet                                  ] - Starting a Jetty HTTP/HTTPS client
2016-04-11 08:43:03,400 DEBUG [org.restlet                                  ] - The length of the message body is unknown. The entity must be handled carefully and consumed entirely in order to surely release the connection.
