2016-04-11 08:42:53,712 WARN  [o.e.j.util.component.AbstractLifeCycle       ] - FAILED ServerConnector@5012c571{HTTP/1.1}{0.0.0.0:2018}: java.net.BindException: Address already in use
java.net.BindException: Address already in use
	at sun.nio.ch.Net.bind0(Native Method) ~[na:1.8.0_74]
	at sun.nio.ch.Net.bind(Net.java:433) ~[na:1.8.0_74]
	at sun.nio.ch.Net.bind(Net.java:425) ~[na:1.8.0_74]
	at sun.nio.ch.ServerSocketChannelImpl.bind(ServerSocketChannelImpl.java:223) ~[na:1.8.0_74]
	at sun.nio.ch.ServerSocketAdaptor.bind(ServerSocketAdaptor.java:74) ~[na:1.8.0_74]
	at org.eclipse.jetty.server.ServerConnector.open(ServerConnector.java:321) ~[jetty-server-9.2.11.v20150529.jar:9.2.11.v20150529]
	at org.eclipse.jetty.server.AbstractNetworkConnector.doStart(AbstractNetworkConnector.java:80) ~[jetty-server-9.2.11.v20150529.jar:9.2.11.v20150529]
	at org.eclipse.jetty.server.ServerConnector.doStart(ServerConnector.java:236) ~[jetty-server-9.2.11.v20150529.jar:9.2.11.v20150529]
	at org.eclipse.jetty.util.component.AbstractLifeCycle.start(AbstractLifeCycle.java:68) [jetty-util-9.2.11.v20150529.jar:9.2.11.v20150529]
	at org.eclipse.jetty.server.Server.doStart(Server.java:366) [jetty-server-9.2.11.v20150529.jar:9.2.11.v20150529]
	at org.eclipse.jetty.util.component.AbstractLifeCycle.start(AbstractLifeCycle.java:68) [jetty-util-9.2.11.v20150529.jar:9.2.11.v20150529]
	at org.restlet.ext.jetty.JettyServerHelper.start(JettyServerHelper.java:829) [org.restlet.ext.jetty.jar:na]
	at org.restlet.Server.start(Server.java:579) [org.restlet.jar:na]
	at io.skysail.server.http.HttpServer.startHttpServer(HttpServer.java:203) [skysail.server.http.jar:na]
	at io.skysail.server.http.HttpServer.configure(HttpServer.java:149) [skysail.server.http.jar:na]
	at io.skysail.server.http.HttpServer.activate(HttpServer.java:74) [skysail.server.http.jar:na]
	at sun.reflect.NativeMethodAccessorImpl.invoke0(Native Method) ~[na:1.8.0_74]
	at sun.reflect.NativeMethodAccessorImpl.invoke(NativeMethodAccessorImpl.java:62) ~[na:1.8.0_74]
	at sun.reflect.DelegatingMethodAccessorImpl.invoke(DelegatingMethodAccessorImpl.java:43) ~[na:1.8.0_74]
	at java.lang.reflect.Method.invoke(Method.java:498) ~[na:1.8.0_74]
	at org.apache.felix.scr.impl.helper.BaseMethod.invokeMethod(BaseMethod.java:222) [org.apache.felix.scr-2.0.2.jar:na]
	at org.apache.felix.scr.impl.helper.BaseMethod.access$500(BaseMethod.java:37) [org.apache.felix.scr-2.0.2.jar:na]
	at org.apache.felix.scr.impl.helper.BaseMethod$Resolved.invoke(BaseMethod.java:615) [org.apache.felix.scr-2.0.2.jar:na]
	at org.apache.felix.scr.impl.helper.BaseMethod.invoke(BaseMethod.java:499) [org.apache.felix.scr-2.0.2.jar:na]
	at org.apache.felix.scr.impl.helper.ActivateMethod.invoke(ActivateMethod.java:295) [org.apache.felix.scr-2.0.2.jar:na]
	at org.apache.felix.scr.impl.manager.SingleComponentManager.createImplementationObject(SingleComponentManager.java:302) [org.apache.felix.scr-2.0.2.jar:na]
	at org.apache.felix.scr.impl.manager.SingleComponentManager.createComponent(SingleComponentManager.java:113) [org.apache.felix.scr-2.0.2.jar:na]
	at org.apache.felix.scr.impl.manager.SingleComponentManager.getService(SingleComponentManager.java:866) [org.apache.felix.scr-2.0.2.jar:na]
	at org.apache.felix.scr.impl.manager.SingleComponentManager.getServiceInternal(SingleComponentManager.java:833) [org.apache.felix.scr-2.0.2.jar:na]
	at org.apache.felix.scr.impl.manager.AbstractComponentManager.activateInternal(AbstractComponentManager.java:724) [org.apache.felix.scr-2.0.2.jar:na]
	at org.apache.felix.scr.impl.manager.AbstractComponentManager.enable(AbstractComponentManager.java:399) [org.apache.felix.scr-2.0.2.jar:na]
	at org.apache.felix.scr.impl.config.ConfigurableComponentHolder.enableComponents(ConfigurableComponentHolder.java:676) [org.apache.felix.scr-2.0.2.jar:na]
	at org.apache.felix.scr.impl.BundleComponentActivator.initialEnable(BundleComponentActivator.java:339) [org.apache.felix.scr-2.0.2.jar:na]
	at org.apache.felix.scr.impl.Activator.loadComponents(Activator.java:360) [org.apache.felix.scr-2.0.2.jar:na]
	at org.apache.felix.scr.impl.Activator.access$000(Activator.java:53) [org.apache.felix.scr-2.0.2.jar:na]
	at org.apache.felix.scr.impl.Activator$ScrExtension.start(Activator.java:260) [org.apache.felix.scr-2.0.2.jar:na]
	at org.apache.felix.utils.extender.AbstractExtender.createExtension(AbstractExtender.java:259) [org.apache.felix.scr-2.0.2.jar:na]
	at org.apache.felix.utils.extender.AbstractExtender.modifiedBundle(AbstractExtender.java:232) [org.apache.felix.scr-2.0.2.jar:na]
	at org.osgi.util.tracker.BundleTracker$Tracked.customizerModified(BundleTracker.java:482) [org.apache.felix.framework-5.2.0.jar:na]
	at org.osgi.util.tracker.BundleTracker$Tracked.customizerModified(BundleTracker.java:415) [org.apache.felix.framework-5.2.0.jar:na]
	at org.osgi.util.tracker.AbstractTracked.track(AbstractTracked.java:232) [org.apache.felix.framework-5.2.0.jar:na]
	at org.osgi.util.tracker.BundleTracker$Tracked.bundleChanged(BundleTracker.java:444) [org.apache.felix.framework-5.2.0.jar:na]
	at org.apache.felix.framework.util.EventDispatcher.invokeBundleListenerCallback(EventDispatcher.java:913) [org.apache.felix.framework-5.2.0.jar:na]
	at org.apache.felix.framework.util.EventDispatcher.fireEventImmediately(EventDispatcher.java:834) [org.apache.felix.framework-5.2.0.jar:na]
	at org.apache.felix.framework.util.EventDispatcher.fireBundleEvent(EventDispatcher.java:516) [org.apache.felix.framework-5.2.0.jar:na]
	at org.apache.felix.framework.Felix.fireBundleEvent(Felix.java:4544) [org.apache.felix.framework-5.2.0.jar:na]
	at org.apache.felix.framework.Felix.startBundle(Felix.java:2166) [org.apache.felix.framework-5.2.0.jar:na]
	at org.apache.felix.framework.BundleImpl.start(BundleImpl.java:977) [org.apache.felix.framework-5.2.0.jar:na]
	at aQute.launcher.Launcher.update(Launcher.java:457) [biz.aQute.launcher-latest.jar:na]
	at aQute.launcher.Launcher.activate(Launcher.java:354) [biz.aQute.launcher-latest.jar:na]
	at aQute.launcher.Launcher.run(Launcher.java:238) [biz.aQute.launcher-latest.jar:na]
	at aQute.launcher.Launcher.main(Launcher.java:87) [biz.aQute.launcher-latest.jar:na]
2016-04-11 08:42:53,718 WARN  [o.e.j.util.component.AbstractLifeCycle       ] - FAILED org.restlet.ext.jetty.JettyServerHelper$WrappedServer@44dfdd58: java.net.BindException: Address already in use
java.net.BindException: Address already in use
	at sun.nio.ch.Net.bind0(Native Method) ~[na:1.8.0_74]
	at sun.nio.ch.Net.bind(Net.java:433) ~[na:1.8.0_74]
	at sun.nio.ch.Net.bind(Net.java:425) ~[na:1.8.0_74]
	at sun.nio.ch.ServerSocketChannelImpl.bind(ServerSocketChannelImpl.java:223) ~[na:1.8.0_74]
	at sun.nio.ch.ServerSocketAdaptor.bind(ServerSocketAdaptor.java:74) ~[na:1.8.0_74]
	at org.eclipse.jetty.server.ServerConnector.open(ServerConnector.java:321) ~[jetty-server-9.2.11.v20150529.jar:9.2.11.v20150529]
	at org.eclipse.jetty.server.AbstractNetworkConnector.doStart(AbstractNetworkConnector.java:80) ~[jetty-server-9.2.11.v20150529.jar:9.2.11.v20150529]
	at org.eclipse.jetty.server.ServerConnector.doStart(ServerConnector.java:236) ~[jetty-server-9.2.11.v20150529.jar:9.2.11.v20150529]
	at org.eclipse.jetty.util.component.AbstractLifeCycle.start(AbstractLifeCycle.java:68) ~[na:na]
	at org.eclipse.jetty.server.Server.doStart(Server.java:366) ~[jetty-server-9.2.11.v20150529.jar:9.2.11.v20150529]
	at org.eclipse.jetty.util.component.AbstractLifeCycle.start(AbstractLifeCycle.java:68) ~[na:na]
	at org.restlet.ext.jetty.JettyServerHelper.start(JettyServerHelper.java:829) [org.restlet.ext.jetty.jar:na]
	at org.restlet.Server.start(Server.java:579) [org.restlet.jar:na]
	at io.skysail.server.http.HttpServer.startHttpServer(HttpServer.java:203) [skysail.server.http.jar:na]
	at io.skysail.server.http.HttpServer.configure(HttpServer.java:149) [skysail.server.http.jar:na]
	at io.skysail.server.http.HttpServer.activate(HttpServer.java:74) [skysail.server.http.jar:na]
	at sun.reflect.NativeMethodAccessorImpl.invoke0(Native Method) ~[na:1.8.0_74]
	at sun.reflect.NativeMethodAccessorImpl.invoke(NativeMethodAccessorImpl.java:62) ~[na:1.8.0_74]
	at sun.reflect.DelegatingMethodAccessorImpl.invoke(DelegatingMethodAccessorImpl.java:43) ~[na:1.8.0_74]
	at java.lang.reflect.Method.invoke(Method.java:498) ~[na:1.8.0_74]
	at org.apache.felix.scr.impl.helper.BaseMethod.invokeMethod(BaseMethod.java:222) [org.apache.felix.scr-2.0.2.jar:na]
	at org.apache.felix.scr.impl.helper.BaseMethod.access$500(BaseMethod.java:37) [org.apache.felix.scr-2.0.2.jar:na]
	at org.apache.felix.scr.impl.helper.BaseMethod$Resolved.invoke(BaseMethod.java:615) [org.apache.felix.scr-2.0.2.jar:na]
	at org.apache.felix.scr.impl.helper.BaseMethod.invoke(BaseMethod.java:499) [org.apache.felix.scr-2.0.2.jar:na]
	at org.apache.felix.scr.impl.helper.ActivateMethod.invoke(ActivateMethod.java:295) [org.apache.felix.scr-2.0.2.jar:na]
	at org.apache.felix.scr.impl.manager.SingleComponentManager.createImplementationObject(SingleComponentManager.java:302) [org.apache.felix.scr-2.0.2.jar:na]
	at org.apache.felix.scr.impl.manager.SingleComponentManager.createComponent(SingleComponentManager.java:113) [org.apache.felix.scr-2.0.2.jar:na]
	at org.apache.felix.scr.impl.manager.SingleComponentManager.getService(SingleComponentManager.java:866) [org.apache.felix.scr-2.0.2.jar:na]
	at org.apache.felix.scr.impl.manager.SingleComponentManager.getServiceInternal(SingleComponentManager.java:833) [org.apache.felix.scr-2.0.2.jar:na]
	at org.apache.felix.scr.impl.manager.AbstractComponentManager.activateInternal(AbstractComponentManager.java:724) [org.apache.felix.scr-2.0.2.jar:na]
	at org.apache.felix.scr.impl.manager.AbstractComponentManager.enable(AbstractComponentManager.java:399) [org.apache.felix.scr-2.0.2.jar:na]
	at org.apache.felix.scr.impl.config.ConfigurableComponentHolder.enableComponents(ConfigurableComponentHolder.java:676) [org.apache.felix.scr-2.0.2.jar:na]
	at org.apache.felix.scr.impl.BundleComponentActivator.initialEnable(BundleComponentActivator.java:339) [org.apache.felix.scr-2.0.2.jar:na]
	at org.apache.felix.scr.impl.Activator.loadComponents(Activator.java:360) [org.apache.felix.scr-2.0.2.jar:na]
	at org.apache.felix.scr.impl.Activator.access$000(Activator.java:53) [org.apache.felix.scr-2.0.2.jar:na]
	at org.apache.felix.scr.impl.Activator$ScrExtension.start(Activator.java:260) [org.apache.felix.scr-2.0.2.jar:na]
	at org.apache.felix.utils.extender.AbstractExtender.createExtension(AbstractExtender.java:259) [org.apache.felix.scr-2.0.2.jar:na]
	at org.apache.felix.utils.extender.AbstractExtender.modifiedBundle(AbstractExtender.java:232) [org.apache.felix.scr-2.0.2.jar:na]
	at org.osgi.util.tracker.BundleTracker$Tracked.customizerModified(BundleTracker.java:482) [org.apache.felix.framework-5.2.0.jar:na]
	at org.osgi.util.tracker.BundleTracker$Tracked.customizerModified(BundleTracker.java:415) [org.apache.felix.framework-5.2.0.jar:na]
	at org.osgi.util.tracker.AbstractTracked.track(AbstractTracked.java:232) [org.apache.felix.framework-5.2.0.jar:na]
	at org.osgi.util.tracker.BundleTracker$Tracked.bundleChanged(BundleTracker.java:444) [org.apache.felix.framework-5.2.0.jar:na]
	at org.apache.felix.framework.util.EventDispatcher.invokeBundleListenerCallback(EventDispatcher.java:913) [org.apache.felix.framework-5.2.0.jar:na]
	at org.apache.felix.framework.util.EventDispatcher.fireEventImmediately(EventDispatcher.java:834) [org.apache.felix.framework-5.2.0.jar:na]
	at org.apache.felix.framework.util.EventDispatcher.fireBundleEvent(EventDispatcher.java:516) [org.apache.felix.framework-5.2.0.jar:na]
	at org.apache.felix.framework.Felix.fireBundleEvent(Felix.java:4544) [org.apache.felix.framework-5.2.0.jar:na]
	at org.apache.felix.framework.Felix.startBundle(Felix.java:2166) [org.apache.felix.framework-5.2.0.jar:na]
	at org.apache.felix.framework.BundleImpl.start(BundleImpl.java:977) [org.apache.felix.framework-5.2.0.jar:na]
	at aQute.launcher.Launcher.update(Launcher.java:457) [biz.aQute.launcher-latest.jar:na]
	at aQute.launcher.Launcher.activate(Launcher.java:354) [biz.aQute.launcher-latest.jar:na]
	at aQute.launcher.Launcher.run(Launcher.java:238) [biz.aQute.launcher-latest.jar:na]
	at aQute.launcher.Launcher.main(Launcher.java:87) [biz.aQute.launcher-latest.jar:na]
2016-04-11 08:42:53,727 ERROR [io.skysail.server.http.HttpServer            ] - Exception when starting standalone server trying to parse provided port (2018)
java.net.BindException: Address already in use
	at sun.nio.ch.Net.bind0(Native Method) ~[na:1.8.0_74]
	at sun.nio.ch.Net.bind(Net.java:433) ~[na:1.8.0_74]
	at sun.nio.ch.Net.bind(Net.java:425) ~[na:1.8.0_74]
	at sun.nio.ch.ServerSocketChannelImpl.bind(ServerSocketChannelImpl.java:223) ~[na:1.8.0_74]
	at sun.nio.ch.ServerSocketAdaptor.bind(ServerSocketAdaptor.java:74) ~[na:1.8.0_74]
	at org.eclipse.jetty.server.ServerConnector.open(ServerConnector.java:321) ~[na:na]
	at org.eclipse.jetty.server.AbstractNetworkConnector.doStart(AbstractNetworkConnector.java:80) ~[na:na]
	at org.eclipse.jetty.server.ServerConnector.doStart(ServerConnector.java:236) ~[na:na]
	at org.eclipse.jetty.util.component.AbstractLifeCycle.start(AbstractLifeCycle.java:68) ~[na:na]
	at org.eclipse.jetty.server.Server.doStart(Server.java:366) ~[na:na]
	at org.eclipse.jetty.util.component.AbstractLifeCycle.start(AbstractLifeCycle.java:68) ~[na:na]
	at org.restlet.ext.jetty.JettyServerHelper.start(JettyServerHelper.java:829) ~[na:na]
	at org.restlet.Server.start(Server.java:579) ~[org.restlet.jar:na]
	at io.skysail.server.http.HttpServer.startHttpServer(HttpServer.java:203) [skysail.server.http.jar:na]
	at io.skysail.server.http.HttpServer.configure(HttpServer.java:149) [skysail.server.http.jar:na]
	at io.skysail.server.http.HttpServer.activate(HttpServer.java:74) [skysail.server.http.jar:na]
	at sun.reflect.NativeMethodAccessorImpl.invoke0(Native Method) ~[na:1.8.0_74]
	at sun.reflect.NativeMethodAccessorImpl.invoke(NativeMethodAccessorImpl.java:62) ~[na:1.8.0_74]
	at sun.reflect.DelegatingMethodAccessorImpl.invoke(DelegatingMethodAccessorImpl.java:43) ~[na:1.8.0_74]
	at java.lang.reflect.Method.invoke(Method.java:498) ~[na:1.8.0_74]
	at org.apache.felix.scr.impl.helper.BaseMethod.invokeMethod(BaseMethod.java:222) [org.apache.felix.scr-2.0.2.jar:na]
	at org.apache.felix.scr.impl.helper.BaseMethod.access$500(BaseMethod.java:37) [org.apache.felix.scr-2.0.2.jar:na]
	at org.apache.felix.scr.impl.helper.BaseMethod$Resolved.invoke(BaseMethod.java:615) [org.apache.felix.scr-2.0.2.jar:na]
	at org.apache.felix.scr.impl.helper.BaseMethod.invoke(BaseMethod.java:499) [org.apache.felix.scr-2.0.2.jar:na]
	at org.apache.felix.scr.impl.helper.ActivateMethod.invoke(ActivateMethod.java:295) [org.apache.felix.scr-2.0.2.jar:na]
	at org.apache.felix.scr.impl.manager.SingleComponentManager.createImplementationObject(SingleComponentManager.java:302) [org.apache.felix.scr-2.0.2.jar:na]
	at org.apache.felix.scr.impl.manager.SingleComponentManager.createComponent(SingleComponentManager.java:113) [org.apache.felix.scr-2.0.2.jar:na]
	at org.apache.felix.scr.impl.manager.SingleComponentManager.getService(SingleComponentManager.java:866) [org.apache.felix.scr-2.0.2.jar:na]
	at org.apache.felix.scr.impl.manager.SingleComponentManager.getServiceInternal(SingleComponentManager.java:833) [org.apache.felix.scr-2.0.2.jar:na]
	at org.apache.felix.scr.impl.manager.AbstractComponentManager.activateInternal(AbstractComponentManager.java:724) [org.apache.felix.scr-2.0.2.jar:na]
	at org.apache.felix.scr.impl.manager.AbstractComponentManager.enable(AbstractComponentManager.java:399) [org.apache.felix.scr-2.0.2.jar:na]
	at org.apache.felix.scr.impl.config.ConfigurableComponentHolder.enableComponents(ConfigurableComponentHolder.java:676) [org.apache.felix.scr-2.0.2.jar:na]
	at org.apache.felix.scr.impl.BundleComponentActivator.initialEnable(BundleComponentActivator.java:339) [org.apache.felix.scr-2.0.2.jar:na]
	at org.apache.felix.scr.impl.Activator.loadComponents(Activator.java:360) [org.apache.felix.scr-2.0.2.jar:na]
	at org.apache.felix.scr.impl.Activator.access$000(Activator.java:53) [org.apache.felix.scr-2.0.2.jar:na]
	at org.apache.felix.scr.impl.Activator$ScrExtension.start(Activator.java:260) [org.apache.felix.scr-2.0.2.jar:na]
	at org.apache.felix.utils.extender.AbstractExtender.createExtension(AbstractExtender.java:259) [org.apache.felix.scr-2.0.2.jar:na]
	at org.apache.felix.utils.extender.AbstractExtender.modifiedBundle(AbstractExtender.java:232) [org.apache.felix.scr-2.0.2.jar:na]
	at org.osgi.util.tracker.BundleTracker$Tracked.customizerModified(BundleTracker.java:482) [org.apache.felix.framework-5.2.0.jar:na]
	at org.osgi.util.tracker.BundleTracker$Tracked.customizerModified(BundleTracker.java:415) [org.apache.felix.framework-5.2.0.jar:na]
	at org.osgi.util.tracker.AbstractTracked.track(AbstractTracked.java:232) [org.apache.felix.framework-5.2.0.jar:na]
	at org.osgi.util.tracker.BundleTracker$Tracked.bundleChanged(BundleTracker.java:444) [org.apache.felix.framework-5.2.0.jar:na]
	at org.apache.felix.framework.util.EventDispatcher.invokeBundleListenerCallback(EventDispatcher.java:913) [org.apache.felix.framework-5.2.0.jar:na]
	at org.apache.felix.framework.util.EventDispatcher.fireEventImmediately(EventDispatcher.java:834) [org.apache.felix.framework-5.2.0.jar:na]
	at org.apache.felix.framework.util.EventDispatcher.fireBundleEvent(EventDispatcher.java:516) [org.apache.felix.framework-5.2.0.jar:na]
	at org.apache.felix.framework.Felix.fireBundleEvent(Felix.java:4544) [org.apache.felix.framework-5.2.0.jar:na]
	at org.apache.felix.framework.Felix.startBundle(Felix.java:2166) [org.apache.felix.framework-5.2.0.jar:na]
	at org.apache.felix.framework.BundleImpl.start(BundleImpl.java:977) [org.apache.felix.framework-5.2.0.jar:na]
	at aQute.launcher.Launcher.update(Launcher.java:457) [biz.aQute.launcher-latest.jar:na]
	at aQute.launcher.Launcher.activate(Launcher.java:354) [biz.aQute.launcher-latest.jar:na]
	at aQute.launcher.Launcher.run(Launcher.java:238) [biz.aQute.launcher-latest.jar:na]
	at aQute.launcher.Launcher.main(Launcher.java:87) [biz.aQute.launcher-latest.jar:na]
2016-04-11 08:42:53,831 WARN  [i.s.s.u.v.filebased.FilebasedVerifier        ] - creating default configuration for usermanagement as no configuration was provided (yet)!
