2016-11-11 20:35:47,296 INFO  [io.skysail.server.app.ApplicationList        ] - (+ ApplicationModel) (#01) with name 'root'
2016-11-11 20:35:47,338 INFO  [io.skysail.server.app.ApplicationList        ] - (+ ApplicationModel) (#02) with name 'webapp'
2016-11-11 20:35:48,842 INFO  [io.skysail.domain.core.Repositories          ] - (+ Repository) about to add new repository...
2016-11-11 20:35:48,843 INFO  [io.skysail.domain.core.Repositories          ] - (+ Repository) (#01) with name 'io.skysail.server.db.versions.impl.ComponentDbVersion'
2016-11-11 20:35:48,878 INFO  [io.skysail.server.http.HttpServer            ] - 
2016-11-11 20:35:48,878 INFO  [io.skysail.server.http.HttpServer            ] - ====================================
2016-11-11 20:35:48,878 INFO  [io.skysail.server.http.HttpServer            ] - Starting skysail server on port 2021
2016-11-11 20:35:48,878 INFO  [io.skysail.server.http.HttpServer            ] - ====================================
2016-11-11 20:35:48,878 INFO  [io.skysail.server.http.HttpServer            ] - 
2016-11-11 20:35:48,951 INFO  [org.restlet                                  ] - Starting the Jetty [HTTP/1.1] server on port 2021
2016-11-11 20:35:49,019 INFO  [org.restlet                                  ] - Stopping the Jetty [HTTP/1.1] server on port 2021
2016-11-11 20:35:49,041 INFO  [io.skysail.server.http.HttpServer            ] - 
2016-11-11 20:35:49,042 INFO  [io.skysail.server.http.HttpServer            ] - ====================================
2016-11-11 20:35:49,042 INFO  [io.skysail.server.http.HttpServer            ] - Starting skysail server on port 2021
2016-11-11 20:35:49,042 INFO  [io.skysail.server.http.HttpServer            ] - ====================================
2016-11-11 20:35:49,042 INFO  [io.skysail.server.http.HttpServer            ] - 
2016-11-11 20:35:49,042 INFO  [org.restlet                                  ] - Starting the Jetty [HTTP/1.1] server on port 2021
2016-11-11 20:35:49,061 INFO  [io.skysail.server.app.ApplicationList        ] - (+ ApplicationModel) (#03) with name 'static'
2016-11-11 20:35:49,124 INFO  [io.skysail.server.app.ApplicationList        ] - (+ ApplicationModel) (#04) with name 'i18n'
2016-11-11 20:35:49,177 INFO  [io.skysail.server.app.ApplicationList        ] - (+ ApplicationModel) (#05) with name 'io.skysail.server.um.shiro.app.ShiroUmApplication'
2016-11-11 20:35:49,199 INFO  [i.s.s.u.s.ShiroBasedUserManagementProvider   ] - USER MANAGEMENT PROVIDER: activating provider 'io.skysail.server.um.shiro.ShiroBasedUserManagementProvider'
2016-11-11 20:35:49,267 INFO  [io.skysail.server.app.ServiceList            ] - USER MANAGEMENT PROVIDER: setting provider to 'io.skysail.server.um.shiro.ShiroBasedUserManagementProvider'
2016-11-11 20:36:02,264 INFO  [o.r.S.I.SkysailRootApplication               ] - Starting io.skysail.server.app.SkysailRootApplication application
2016-11-11 20:36:02,268 INFO  [io.skysail.server.app.SkysailApplication     ] - creating new Router in io.skysail.server.app.SkysailRootApplication
2016-11-11 20:36:02,270 INFO  [io.skysail.server.app.SkysailApplication     ] - adding extensions to metadata service
2016-11-11 20:36:02,270 INFO  [io.skysail.server.app.SkysailApplication     ] - adding protocols
2016-11-11 20:36:02,355 INFO  [io.skysail.server.restlet.SkysailRouter      ] - routing path '/root/' -> AlwaysAuthenticatedAuthenticator -> RolesPredicateAuthorizer -> Finder -> DefaultResource
2016-11-11 20:36:02,360 INFO  [io.skysail.server.restlet.SkysailRouter      ] - routing path '/root/_login' -> AlwaysAuthenticatedAuthenticator -> RolesPredicateAuthorizer -> Finder -> LoginResource
2016-11-11 20:36:02,362 INFO  [io.skysail.server.restlet.SkysailRouter      ] - routing path '/root/_logout' -> AlwaysAuthenticatedAuthenticator -> RolesPredicateAuthorizer -> Finder -> LogoutResource
2016-11-11 20:36:02,366 INFO  [io.skysail.server.restlet.SkysailRouter      ] - routing path '/root/_profile' -> AlwaysAuthenticatedAuthenticator -> RolesPredicateAuthorizer -> Finder -> ProfileResource
2016-11-11 20:36:02,369 INFO  [io.skysail.server.restlet.SkysailRouter      ] - routing path '/root/logs' -> AlwaysAuthenticatedAuthenticator -> RolesPredicateAuthorizer -> Finder -> LogsResource
2016-11-11 20:36:02,373 INFO  [o.r.S.InternalRouter.WebappApplication       ] - Starting io.skysail.server.converter.WebappApplication application
2016-11-11 20:36:02,378 INFO  [o.r.S.InternalRouter.WebappApplication       ] - Starting de.twenty11.skysail.server.webapp.internal.WebappApplication application
2016-11-11 20:36:02,380 INFO  [o.r.S.InternalRouter.I18nApplication         ] - Starting io.skysail.server.text.store.bundleresource.impl.I18nApplication application
2016-11-11 20:36:02,382 INFO  [io.skysail.server.app.SkysailApplication     ] - creating new Router in io.skysail.server.text.store.bundleresource.impl.I18nApplication
2016-11-11 20:36:02,382 INFO  [io.skysail.server.app.SkysailApplication     ] - adding extensions to metadata service
2016-11-11 20:36:02,382 INFO  [io.skysail.server.app.SkysailApplication     ] - adding protocols
2016-11-11 20:36:02,385 INFO  [io.skysail.server.restlet.SkysailRouter      ] - routing path '/i18n/v1' -> SkysailCookieAuthenticator -> RolesPredicateAuthorizer -> Finder -> I18nRootResource
2016-11-11 20:36:02,392 INFO  [io.skysail.server.restlet.SkysailRouter      ] - routing path '/i18n/v1/messages/' -> SkysailCookieAuthenticator -> RolesPredicateAuthorizer -> Finder -> MessagesResource
2016-11-11 20:36:02,398 INFO  [io.skysail.server.restlet.SkysailRouter      ] - routing path '/i18n/v1/messages/{key}' -> SkysailCookieAuthenticator -> RolesPredicateAuthorizer -> Finder -> MessageResource
2016-11-11 20:36:02,400 INFO  [io.skysail.server.restlet.SkysailRouter      ] - routing path '/i18n/v1/messages/{key}/' -> SkysailCookieAuthenticator -> RolesPredicateAuthorizer -> Finder -> PutMessageResource
2016-11-11 20:36:02,403 INFO  [io.skysail.server.restlet.SkysailRouter      ] - routing path '/i18n/v1/messages/{key}/{fieldname}/' -> SkysailCookieAuthenticator -> RolesPredicateAuthorizer -> Finder -> PatchMessageResource
2016-11-11 20:36:02,403 INFO  [o.r.S.InternalRouter.ShiroUmApplication      ] - Starting io.skysail.server.um.shiro.app.ShiroUmApplication application
2016-11-11 20:36:02,404 INFO  [io.skysail.server.app.SkysailApplication     ] - creating new Router in io.skysail.server.um.shiro.app.ShiroUmApplication
2016-11-11 20:36:02,404 INFO  [io.skysail.server.app.SkysailApplication     ] - adding extensions to metadata service
2016-11-11 20:36:02,404 INFO  [io.skysail.server.app.SkysailApplication     ] - adding protocols
2016-11-11 20:36:02,408 INFO  [io.skysail.server.restlet.SkysailRouter      ] - routing path '/io.skysail.server.um.shiro.app.ShiroUmApplication/v1/_login' -> AlwaysAuthenticatedAuthenticator -> RolesPredicateAuthorizer -> Finder -> LoginResource
2016-11-11 20:36:02,411 INFO  [io.skysail.server.restlet.SkysailRouter      ] - routing path '/io.skysail.server.um.shiro.app.ShiroUmApplication/v1/currentUser' -> NeverAuthenticatedAuthenticator -> RolesPredicateAuthorizer -> Finder -> CurrentUserResource
2016-11-11 20:36:03,305 INFO  [i.s.s.u.s.a.SkysailHashedCredentialsMatcher  ] - added entry $2a$12$52R8v2QH3vQRz8NcdtOm5.HhE5tFPZ0T/.MpfUa9rBzOugK.btAHS to credentials hash cache with current timestamp, size now is 1
2016-11-11 20:36:04,075 INFO  [LogService                                   ] - 0:0:0:0:0:0:0:1 admin localhost:2021 GET /  200
2016-11-11 20:36:04,248 INFO  [LogService                                   ] - 0:0:0:0:0:0:0:1  localhost:2021 GET /webapp/js/pace/pace-1.0.0.min.js  200
2016-11-11 20:36:04,248 INFO  [LogService                                   ] - 0:0:0:0:0:0:0:1  localhost:2021 GET /webapp/css/trix/trix.css  200
2016-11-11 20:36:04,248 INFO  [LogService                                   ] - 0:0:0:0:0:0:0:1  localhost:2021 GET /webapp/js/jquery-1.11.1.js  200
2016-11-11 20:36:04,248 INFO  [LogService                                   ] - 0:0:0:0:0:0:0:1  localhost:2021 GET /webapp/css/pace/pace-minimal.css  200
2016-11-11 20:36:04,248 INFO  [LogService                                   ] - 0:0:0:0:0:0:0:1  localhost:2021 GET /webapp/js/trix/trix.js  200
2016-11-11 20:36:04,251 INFO  [LogService                                   ] - 0:0:0:0:0:0:0:1  localhost:2021 GET /webapp/css/bootstrap.min.css  200
2016-11-11 20:36:04,294 INFO  [LogService                                   ] - 0:0:0:0:0:0:0:1  localhost:2021 GET /webapp/css/stickyfooter.css  200
2016-11-11 20:36:04,324 INFO  [LogService                                   ] - 0:0:0:0:0:0:0:1  localhost:2021 GET /webapp/css/bootstrap-theme.min.css  200
2016-11-11 20:36:04,364 INFO  [LogService                                   ] - 0:0:0:0:0:0:0:1  localhost:2021 GET /webapp/css/select2.css  200
2016-11-11 20:36:04,364 INFO  [LogService                                   ] - 0:0:0:0:0:0:0:1  localhost:2021 GET /webapp/css/bootstrap/custom.css  200
2016-11-11 20:36:04,364 INFO  [LogService                                   ] - 0:0:0:0:0:0:0:1  localhost:2021 GET /webapp/css/bootstrap-plugins/multiselect/bootstrap-multiselect.css  200
2016-11-11 20:36:04,385 INFO  [LogService                                   ] - 0:0:0:0:0:0:0:1  localhost:2021 GET /webapp/css/select2-bootstrap.css  200
2016-11-11 20:36:04,430 INFO  [LogService                                   ] - 0:0:0:0:0:0:0:1  localhost:2021 GET /static/themes/jstree/style.min.css  200
2016-11-11 20:36:04,434 INFO  [LogService                                   ] - 0:0:0:0:0:0:0:1  localhost:2021 GET /webapp/js/bootstrap-plugins/multiselect/bootstrap-multiselect.js  200
2016-11-11 20:36:04,434 INFO  [LogService                                   ] - 0:0:0:0:0:0:0:1  localhost:2021 GET /webapp/js/jinplace/1.2.1/jinplace.js  200
2016-11-11 20:36:04,460 INFO  [LogService                                   ] - 0:0:0:0:0:0:0:1  localhost:2021 GET /webapp/js/animate/animate.css  200
2016-11-11 20:36:04,490 INFO  [LogService                                   ] - 0:0:0:0:0:0:0:1  localhost:2021 GET /webapp/js/bootstrap.min.js  200
2016-11-11 20:36:04,512 INFO  [LogService                                   ] - 0:0:0:0:0:0:0:1  localhost:2021 GET /webapp/js/noty/packaged/jquery.noty.packaged.min.js  200
2016-11-11 20:36:04,524 INFO  [LogService                                   ] - 0:0:0:0:0:0:0:1  localhost:2021 GET /webapp/js/noty/layouts/skysail.js  200
2016-11-11 20:36:04,535 INFO  [LogService                                   ] - 0:0:0:0:0:0:0:1  localhost:2021 GET /webapp/js/peity/jquery.peity.min.js  200
2016-11-11 20:36:04,546 INFO  [LogService                                   ] - 0:0:0:0:0:0:0:1  localhost:2021 GET /webapp/js/select2.js  200
2016-11-11 20:36:04,569 INFO  [LogService                                   ] - 0:0:0:0:0:0:0:1  localhost:2021 GET /static/js/jstree/jstree.min.js  200
2016-11-11 20:36:04,591 INFO  [LogService                                   ] - 0:0:0:0:0:0:0:1  localhost:2021 GET /webapp/js/moment.js  200
2016-11-11 20:36:04,611 INFO  [LogService                                   ] - 0:0:0:0:0:0:0:1  localhost:2021 GET /static/img/skysail.logo.png  200
2016-11-11 20:36:04,633 INFO  [LogService                                   ] - 0:0:0:0:0:0:0:1  localhost:2021 GET /static/img/silk/page_white_swoosh.png  200
2016-11-11 20:36:04,735 INFO  [LogService                                   ] - 0:0:0:0:0:0:0:1  localhost:2021 GET /static/js/mousetrap/mousetrap.min.js  200
2016-11-11 20:36:04,953 INFO  [LogService                                   ] - 0:0:0:0:0:0:0:1  localhost:2021 GET /static/themes/jstree/32px.png  200
2016-11-11 20:36:04,955 INFO  [LogService                                   ] - 0:0:0:0:0:0:0:1  localhost:2021 GET /static/themes/jstree/throbber.gif  200
2016-11-11 20:36:05,038 INFO  [LogService                                   ] - 0:0:0:0:0:0:0:1  localhost:2021 GET /webapp/favicon.ico  200
2016-11-11 20:36:36,680 INFO  [LogService                                   ] - 0:0:0:0:0:0:0:1 admin localhost:2021 GET /  200
2016-11-11 20:36:38,591 INFO  [LogService                                   ] - 0:0:0:0:0:0:0:1 admin localhost:2021 GET /  200
2016-11-11 20:36:42,621 INFO  [LogService                                   ] - 0:0:0:0:0:0:0:1  localhost:2021 GET /_logout targetUri=/ 303
2016-11-11 20:36:42,817 INFO  [LogService                                   ] - 0:0:0:0:0:0:0:1  localhost:2021 GET /  200
2016-11-11 20:36:45,625 INFO  [LogService                                   ] - 0:0:0:0:0:0:0:1  localhost:2021 GET /_login  303
2016-11-11 20:36:45,904 INFO  [LogService                                   ] - 0:0:0:0:0:0:0:1   GET /v1/_login  200
2016-11-11 20:36:46,126 INFO  [LogService                                   ] - 0:0:0:0:0:0:0:1  localhost:2021 GET /webapp/fonts/glyphicons-halflings-regular.woff  200
2016-11-11 20:36:54,006 INFO  [LogService                                   ] - 0:0:0:0:0:0:0:1 admin  POST /v1/_login  303
2016-11-11 20:36:54,025 INFO  [LogService                                   ] - 0:0:0:0:0:0:0:1  localhost:2021 GET /_login msgIds=0 303
2016-11-11 20:36:54,176 INFO  [LogService                                   ] - 0:0:0:0:0:0:0:1   GET /v1/_login  200
2016-11-11 20:36:58,752 INFO  [i.s.s.u.s.a.SkysailHashedCredentialsMatcher  ] - added entry $2a$12$52R8v2QH3vQRz8NcdtOm5.HhE5tFPZ0T/.MpfUa9rBzOugK.btAHS to credentials hash cache with current timestamp, size now is 1
2016-11-11 20:36:58,953 INFO  [LogService                                   ] - 0:0:0:0:0:0:0:1 admin  POST /v1/_login  303
2016-11-11 20:36:59,111 INFO  [LogService                                   ] - 0:0:0:0:0:0:0:1 admin localhost:2021 GET / msgIds=1 200
2016-11-12 08:43:24,217 INFO  [i.s.s.u.s.a.SkysailHashedCredentialsMatcher  ] - added entry $2a$12$52R8v2QH3vQRz8NcdtOm5.HhE5tFPZ0T/.MpfUa9rBzOugK.btAHS to credentials hash cache with current timestamp, size now is 1
2016-11-12 08:43:24,427 INFO  [LogService                                   ] - 0:0:0:0:0:0:0:1 admin localhost:2021 GET /  200
2016-11-12 08:43:24,582 INFO  [LogService                                   ] - 0:0:0:0:0:0:0:1  localhost:2021 GET /static/themes/jstree/style.min.css  200
2016-11-12 08:43:24,711 INFO  [LogService                                   ] - 0:0:0:0:0:0:0:1  localhost:2021 GET /static/js/jstree/jstree.min.js  200
2016-11-12 08:43:24,779 INFO  [LogService                                   ] - 0:0:0:0:0:0:0:1  localhost:2021 GET /static/img/skysail.logo.png  200
2016-11-12 08:43:24,796 INFO  [LogService                                   ] - 0:0:0:0:0:0:0:1  localhost:2021 GET /static/img/silk/page_white_swoosh.png  200
2016-11-12 08:43:24,899 INFO  [LogService                                   ] - 0:0:0:0:0:0:0:1  localhost:2021 GET /static/js/mousetrap/mousetrap.min.js  200
2016-11-12 08:43:25,058 INFO  [LogService                                   ] - 0:0:0:0:0:0:0:1  localhost:2021 GET /static/themes/jstree/throbber.gif  200
2016-11-12 08:43:25,058 INFO  [LogService                                   ] - 0:0:0:0:0:0:0:1  localhost:2021 GET /static/themes/jstree/32px.png  200
2016-11-12 08:43:33,261 INFO  [LogService                                   ] - 0:0:0:0:0:0:0:1  localhost:2021 GET /_logout targetUri=/ 303
2016-11-12 08:43:33,422 INFO  [LogService                                   ] - 0:0:0:0:0:0:0:1  localhost:2021 GET /  200
2016-11-12 08:43:58,766 INFO  [LogService                                   ] - 0:0:0:0:0:0:0:1  localhost:2021 GET / _inspect=true 200
