2016-11-28 11:01:12,734 INFO  [org.apache.camel.impl.osgi.Activator         ] - Camel activator starting
2016-11-28 11:01:12,741 INFO  [org.apache.camel.impl.osgi.Activator         ] - Camel activator started
2016-11-28 11:01:13,141 INFO  [io.skysail.server.app.ApplicationList        ] - (+ ApplicationModel) (#01) with name 'root'
2016-11-28 11:01:13,182 INFO  [io.skysail.server.app.ApplicationList        ] - (+ ApplicationModel) (#02) with name 'webapp'
2016-11-28 11:01:13,872 INFO  [io.skysail.domain.core.Repositories          ] - (+ Repository) about to add new repository...
2016-11-28 11:01:13,872 INFO  [io.skysail.domain.core.Repositories          ] - (+ Repository) (#01) with name 'io.skysail.server.db.versions.impl.ComponentDbVersion'
2016-11-28 11:01:13,896 INFO  [io.skysail.server.http.HttpServer            ] - 
2016-11-28 11:01:13,896 INFO  [io.skysail.server.http.HttpServer            ] - ====================================
2016-11-28 11:01:13,896 INFO  [io.skysail.server.http.HttpServer            ] - Starting skysail server on port 2020
2016-11-28 11:01:13,896 INFO  [io.skysail.server.http.HttpServer            ] - ====================================
2016-11-28 11:01:13,896 INFO  [io.skysail.server.http.HttpServer            ] - 
2016-11-28 11:01:13,919 INFO  [org.restlet                                  ] - Starting the Jetty [HTTP/1.1] server on port 2020
2016-11-28 11:01:14,118 WARN  [o.e.j.util.component.AbstractLifeCycle       ] - FAILED ServerConnector@69f2cb04{HTTP/1.1}{0.0.0.0:2020}: java.net.BindException: Address already in use: bind
java.net.BindException: Address already in use: bind
	at sun.nio.ch.Net.bind0(Native Method) ~[na:1.8.0_102]
	at sun.nio.ch.Net.bind(Unknown Source) ~[na:1.8.0_102]
	at sun.nio.ch.Net.bind(Unknown Source) ~[na:1.8.0_102]
	at sun.nio.ch.ServerSocketChannelImpl.bind(Unknown Source) ~[na:1.8.0_102]
	at sun.nio.ch.ServerSocketAdaptor.bind(Unknown Source) ~[na:1.8.0_102]
	at org.eclipse.jetty.server.ServerConnector.open(ServerConnector.java:321) ~[jetty-server-9.2.11.v20150529.jar:9.2.11.v20150529]
	at org.eclipse.jetty.server.AbstractNetworkConnector.doStart(AbstractNetworkConnector.java:80) ~[jetty-server-9.2.11.v20150529.jar:9.2.11.v20150529]
	at org.eclipse.jetty.server.ServerConnector.doStart(ServerConnector.java:236) ~[jetty-server-9.2.11.v20150529.jar:9.2.11.v20150529]
	at org.eclipse.jetty.util.component.AbstractLifeCycle.start(AbstractLifeCycle.java:68) [jetty-util-9.2.11.v20150529.jar:9.2.11.v20150529]
	at org.eclipse.jetty.server.Server.doStart(Server.java:366) [jetty-server-9.2.11.v20150529.jar:9.2.11.v20150529]
	at org.eclipse.jetty.util.component.AbstractLifeCycle.start(AbstractLifeCycle.java:68) [jetty-util-9.2.11.v20150529.jar:9.2.11.v20150529]
	at org.restlet.ext.jetty.JettyServerHelper.start(JettyServerHelper.java:829) [org.restlet.ext.jetty.jar:na]
	at org.restlet.Server.start(Server.java:579) [org.restlet.jar:na]
	at io.skysail.server.http.HttpServer.startHttpServer(HttpServer.java:212) [skysail.server.http.jar:na]
	at io.skysail.server.http.HttpServer.configure(HttpServer.java:156) [skysail.server.http.jar:na]
	at io.skysail.server.http.HttpServer.activate(HttpServer.java:79) [skysail.server.http.jar:na]
	at sun.reflect.NativeMethodAccessorImpl.invoke0(Native Method) ~[na:1.8.0_102]
	at sun.reflect.NativeMethodAccessorImpl.invoke(Unknown Source) ~[na:1.8.0_102]
	at sun.reflect.DelegatingMethodAccessorImpl.invoke(Unknown Source) ~[na:1.8.0_102]
	at java.lang.reflect.Method.invoke(Unknown Source) ~[na:1.8.0_102]
	at org.apache.felix.scr.impl.helper.BaseMethod.invokeMethod(BaseMethod.java:222) [org.apache.felix.scr-2.0.2.jar:na]
	at org.apache.felix.scr.impl.helper.BaseMethod.access$500(BaseMethod.java:37) [org.apache.felix.scr-2.0.2.jar:na]
	at org.apache.felix.scr.impl.helper.BaseMethod$Resolved.invoke(BaseMethod.java:615) [org.apache.felix.scr-2.0.2.jar:na]
	at org.apache.felix.scr.impl.helper.BaseMethod.invoke(BaseMethod.java:499) [org.apache.felix.scr-2.0.2.jar:na]
	at org.apache.felix.scr.impl.helper.ActivateMethod.invoke(ActivateMethod.java:295) [org.apache.felix.scr-2.0.2.jar:na]
	at org.apache.felix.scr.impl.manager.SingleComponentManager.createImplementationObject(SingleComponentManager.java:302) [org.apache.felix.scr-2.0.2.jar:na]
	at org.apache.felix.scr.impl.manager.SingleComponentManager.createComponent(SingleComponentManager.java:113) [org.apache.felix.scr-2.0.2.jar:na]
	at org.apache.felix.scr.impl.manager.SingleComponentManager.getService(SingleComponentManager.java:866) [org.apache.felix.scr-2.0.2.jar:na]
	at org.apache.felix.scr.impl.manager.SingleComponentManager.getServiceInternal(SingleComponentManager.java:833) [org.apache.felix.scr-2.0.2.jar:na]
	at org.apache.felix.scr.impl.manager.AbstractComponentManager.activateInternal(AbstractComponentManager.java:724) [org.apache.felix.scr-2.0.2.jar:na]
	at org.apache.felix.scr.impl.manager.AbstractComponentManager.enable(AbstractComponentManager.java:399) [org.apache.felix.scr-2.0.2.jar:na]
	at org.apache.felix.scr.impl.config.ConfigurableComponentHolder.enableComponents(ConfigurableComponentHolder.java:676) [org.apache.felix.scr-2.0.2.jar:na]
	at org.apache.felix.scr.impl.BundleComponentActivator.initialEnable(BundleComponentActivator.java:339) [org.apache.felix.scr-2.0.2.jar:na]
	at org.apache.felix.scr.impl.Activator.loadComponents(Activator.java:360) [org.apache.felix.scr-2.0.2.jar:na]
	at org.apache.felix.scr.impl.Activator.access$000(Activator.java:53) [org.apache.felix.scr-2.0.2.jar:na]
	at org.apache.felix.scr.impl.Activator$ScrExtension.start(Activator.java:260) [org.apache.felix.scr-2.0.2.jar:na]
	at org.apache.felix.utils.extender.AbstractExtender.createExtension(AbstractExtender.java:259) [org.apache.felix.scr-2.0.2.jar:na]
	at org.apache.felix.utils.extender.AbstractExtender.modifiedBundle(AbstractExtender.java:232) [org.apache.felix.scr-2.0.2.jar:na]
	at org.osgi.util.tracker.BundleTracker$Tracked.customizerModified(BundleTracker.java:482) [resource5093269800423702183.jar:na]
	at org.osgi.util.tracker.BundleTracker$Tracked.customizerModified(BundleTracker.java:415) [resource5093269800423702183.jar:na]
	at org.osgi.util.tracker.AbstractTracked.track(AbstractTracked.java:232) [resource5093269800423702183.jar:na]
	at org.osgi.util.tracker.BundleTracker$Tracked.bundleChanged(BundleTracker.java:444) [resource5093269800423702183.jar:na]
	at org.apache.felix.framework.util.EventDispatcher.invokeBundleListenerCallback(EventDispatcher.java:916) [resource5093269800423702183.jar:na]
	at org.apache.felix.framework.util.EventDispatcher.fireEventImmediately(EventDispatcher.java:835) [resource5093269800423702183.jar:na]
	at org.apache.felix.framework.util.EventDispatcher.fireBundleEvent(EventDispatcher.java:517) [resource5093269800423702183.jar:na]
	at org.apache.felix.framework.Felix.fireBundleEvent(Felix.java:4541) [resource5093269800423702183.jar:na]
	at org.apache.felix.framework.Felix.startBundle(Felix.java:2172) [resource5093269800423702183.jar:na]
	at org.apache.felix.framework.BundleImpl.start(BundleImpl.java:998) [resource5093269800423702183.jar:na]
	at aQute.launcher.Launcher.update(Launcher.java:457) [resource2967202791588165636.jar:na]
	at aQute.launcher.Launcher.activate(Launcher.java:354) [resource2967202791588165636.jar:na]
	at aQute.launcher.Launcher.run(Launcher.java:238) [resource2967202791588165636.jar:na]
	at aQute.launcher.Launcher.main(Launcher.java:87) [resource2967202791588165636.jar:na]
	at sun.reflect.NativeMethodAccessorImpl.invoke0(Native Method) ~[na:1.8.0_102]
	at sun.reflect.NativeMethodAccessorImpl.invoke(Unknown Source) ~[na:1.8.0_102]
	at sun.reflect.DelegatingMethodAccessorImpl.invoke(Unknown Source) ~[na:1.8.0_102]
	at java.lang.reflect.Method.invoke(Unknown Source) ~[na:1.8.0_102]
	at aQute.launcher.pre.EmbeddedLauncher.main(EmbeddedLauncher.java:38) [smv.exe:na]
2016-11-28 11:01:14,214 WARN  [o.e.j.util.component.AbstractLifeCycle       ] - FAILED org.restlet.ext.jetty.JettyServerHelper$WrappedServer@55acec99: java.net.BindException: Address already in use: bind
java.net.BindException: Address already in use: bind
	at sun.nio.ch.Net.bind0(Native Method) ~[na:1.8.0_102]
	at sun.nio.ch.Net.bind(Unknown Source) ~[na:1.8.0_102]
	at sun.nio.ch.Net.bind(Unknown Source) ~[na:1.8.0_102]
	at sun.nio.ch.ServerSocketChannelImpl.bind(Unknown Source) ~[na:1.8.0_102]
	at sun.nio.ch.ServerSocketAdaptor.bind(Unknown Source) ~[na:1.8.0_102]
	at org.eclipse.jetty.server.ServerConnector.open(ServerConnector.java:321) ~[jetty-server-9.2.11.v20150529.jar:9.2.11.v20150529]
	at org.eclipse.jetty.server.AbstractNetworkConnector.doStart(AbstractNetworkConnector.java:80) ~[jetty-server-9.2.11.v20150529.jar:9.2.11.v20150529]
	at org.eclipse.jetty.server.ServerConnector.doStart(ServerConnector.java:236) ~[jetty-server-9.2.11.v20150529.jar:9.2.11.v20150529]
	at org.eclipse.jetty.util.component.AbstractLifeCycle.start(AbstractLifeCycle.java:68) ~[na:na]
	at org.eclipse.jetty.server.Server.doStart(Server.java:366) ~[jetty-server-9.2.11.v20150529.jar:9.2.11.v20150529]
	at org.eclipse.jetty.util.component.AbstractLifeCycle.start(AbstractLifeCycle.java:68) ~[na:na]
	at org.restlet.ext.jetty.JettyServerHelper.start(JettyServerHelper.java:829) [org.restlet.ext.jetty.jar:na]
	at org.restlet.Server.start(Server.java:579) [org.restlet.jar:na]
	at io.skysail.server.http.HttpServer.startHttpServer(HttpServer.java:212) [skysail.server.http.jar:na]
	at io.skysail.server.http.HttpServer.configure(HttpServer.java:156) [skysail.server.http.jar:na]
	at io.skysail.server.http.HttpServer.activate(HttpServer.java:79) [skysail.server.http.jar:na]
	at sun.reflect.NativeMethodAccessorImpl.invoke0(Native Method) ~[na:1.8.0_102]
	at sun.reflect.NativeMethodAccessorImpl.invoke(Unknown Source) ~[na:1.8.0_102]
	at sun.reflect.DelegatingMethodAccessorImpl.invoke(Unknown Source) ~[na:1.8.0_102]
	at java.lang.reflect.Method.invoke(Unknown Source) ~[na:1.8.0_102]
	at org.apache.felix.scr.impl.helper.BaseMethod.invokeMethod(BaseMethod.java:222) [org.apache.felix.scr-2.0.2.jar:na]
	at org.apache.felix.scr.impl.helper.BaseMethod.access$500(BaseMethod.java:37) [org.apache.felix.scr-2.0.2.jar:na]
	at org.apache.felix.scr.impl.helper.BaseMethod$Resolved.invoke(BaseMethod.java:615) [org.apache.felix.scr-2.0.2.jar:na]
	at org.apache.felix.scr.impl.helper.BaseMethod.invoke(BaseMethod.java:499) [org.apache.felix.scr-2.0.2.jar:na]
	at org.apache.felix.scr.impl.helper.ActivateMethod.invoke(ActivateMethod.java:295) [org.apache.felix.scr-2.0.2.jar:na]
	at org.apache.felix.scr.impl.manager.SingleComponentManager.createImplementationObject(SingleComponentManager.java:302) [org.apache.felix.scr-2.0.2.jar:na]
	at org.apache.felix.scr.impl.manager.SingleComponentManager.createComponent(SingleComponentManager.java:113) [org.apache.felix.scr-2.0.2.jar:na]
	at org.apache.felix.scr.impl.manager.SingleComponentManager.getService(SingleComponentManager.java:866) [org.apache.felix.scr-2.0.2.jar:na]
	at org.apache.felix.scr.impl.manager.SingleComponentManager.getServiceInternal(SingleComponentManager.java:833) [org.apache.felix.scr-2.0.2.jar:na]
	at org.apache.felix.scr.impl.manager.AbstractComponentManager.activateInternal(AbstractComponentManager.java:724) [org.apache.felix.scr-2.0.2.jar:na]
	at org.apache.felix.scr.impl.manager.AbstractComponentManager.enable(AbstractComponentManager.java:399) [org.apache.felix.scr-2.0.2.jar:na]
	at org.apache.felix.scr.impl.config.ConfigurableComponentHolder.enableComponents(ConfigurableComponentHolder.java:676) [org.apache.felix.scr-2.0.2.jar:na]
	at org.apache.felix.scr.impl.BundleComponentActivator.initialEnable(BundleComponentActivator.java:339) [org.apache.felix.scr-2.0.2.jar:na]
	at org.apache.felix.scr.impl.Activator.loadComponents(Activator.java:360) [org.apache.felix.scr-2.0.2.jar:na]
	at org.apache.felix.scr.impl.Activator.access$000(Activator.java:53) [org.apache.felix.scr-2.0.2.jar:na]
	at org.apache.felix.scr.impl.Activator$ScrExtension.start(Activator.java:260) [org.apache.felix.scr-2.0.2.jar:na]
	at org.apache.felix.utils.extender.AbstractExtender.createExtension(AbstractExtender.java:259) [org.apache.felix.scr-2.0.2.jar:na]
	at org.apache.felix.utils.extender.AbstractExtender.modifiedBundle(AbstractExtender.java:232) [org.apache.felix.scr-2.0.2.jar:na]
	at org.osgi.util.tracker.BundleTracker$Tracked.customizerModified(BundleTracker.java:482) [resource5093269800423702183.jar:na]
	at org.osgi.util.tracker.BundleTracker$Tracked.customizerModified(BundleTracker.java:415) [resource5093269800423702183.jar:na]
	at org.osgi.util.tracker.AbstractTracked.track(AbstractTracked.java:232) [resource5093269800423702183.jar:na]
	at org.osgi.util.tracker.BundleTracker$Tracked.bundleChanged(BundleTracker.java:444) [resource5093269800423702183.jar:na]
	at org.apache.felix.framework.util.EventDispatcher.invokeBundleListenerCallback(EventDispatcher.java:916) [resource5093269800423702183.jar:na]
	at org.apache.felix.framework.util.EventDispatcher.fireEventImmediately(EventDispatcher.java:835) [resource5093269800423702183.jar:na]
	at org.apache.felix.framework.util.EventDispatcher.fireBundleEvent(EventDispatcher.java:517) [resource5093269800423702183.jar:na]
	at org.apache.felix.framework.Felix.fireBundleEvent(Felix.java:4541) [resource5093269800423702183.jar:na]
	at org.apache.felix.framework.Felix.startBundle(Felix.java:2172) [resource5093269800423702183.jar:na]
	at org.apache.felix.framework.BundleImpl.start(BundleImpl.java:998) [resource5093269800423702183.jar:na]
	at aQute.launcher.Launcher.update(Launcher.java:457) [resource2967202791588165636.jar:na]
	at aQute.launcher.Launcher.activate(Launcher.java:354) [resource2967202791588165636.jar:na]
	at aQute.launcher.Launcher.run(Launcher.java:238) [resource2967202791588165636.jar:na]
	at aQute.launcher.Launcher.main(Launcher.java:87) [resource2967202791588165636.jar:na]
	at sun.reflect.NativeMethodAccessorImpl.invoke0(Native Method) ~[na:1.8.0_102]
	at sun.reflect.NativeMethodAccessorImpl.invoke(Unknown Source) ~[na:1.8.0_102]
	at sun.reflect.DelegatingMethodAccessorImpl.invoke(Unknown Source) ~[na:1.8.0_102]
	at java.lang.reflect.Method.invoke(Unknown Source) ~[na:1.8.0_102]
	at aQute.launcher.pre.EmbeddedLauncher.main(EmbeddedLauncher.java:38) [smv.exe:na]
2016-11-28 11:01:14,319 ERROR [io.skysail.server.http.HttpServer            ] - Exception when starting standalone server trying to parse provided port (2020)
java.net.BindException: Address already in use: bind
	at sun.nio.ch.Net.bind0(Native Method) ~[na:1.8.0_102]
	at sun.nio.ch.Net.bind(Unknown Source) ~[na:1.8.0_102]
	at sun.nio.ch.Net.bind(Unknown Source) ~[na:1.8.0_102]
	at sun.nio.ch.ServerSocketChannelImpl.bind(Unknown Source) ~[na:1.8.0_102]
	at sun.nio.ch.ServerSocketAdaptor.bind(Unknown Source) ~[na:1.8.0_102]
	at org.eclipse.jetty.server.ServerConnector.open(ServerConnector.java:321) ~[na:na]
	at org.eclipse.jetty.server.AbstractNetworkConnector.doStart(AbstractNetworkConnector.java:80) ~[na:na]
	at org.eclipse.jetty.server.ServerConnector.doStart(ServerConnector.java:236) ~[na:na]
	at org.eclipse.jetty.util.component.AbstractLifeCycle.start(AbstractLifeCycle.java:68) ~[na:na]
	at org.eclipse.jetty.server.Server.doStart(Server.java:366) ~[na:na]
	at org.eclipse.jetty.util.component.AbstractLifeCycle.start(AbstractLifeCycle.java:68) ~[na:na]
	at org.restlet.ext.jetty.JettyServerHelper.start(JettyServerHelper.java:829) ~[na:na]
	at org.restlet.Server.start(Server.java:579) ~[org.restlet.jar:na]
	at io.skysail.server.http.HttpServer.startHttpServer(HttpServer.java:212) [skysail.server.http.jar:na]
	at io.skysail.server.http.HttpServer.configure(HttpServer.java:156) [skysail.server.http.jar:na]
	at io.skysail.server.http.HttpServer.activate(HttpServer.java:79) [skysail.server.http.jar:na]
	at sun.reflect.NativeMethodAccessorImpl.invoke0(Native Method) ~[na:1.8.0_102]
	at sun.reflect.NativeMethodAccessorImpl.invoke(Unknown Source) ~[na:1.8.0_102]
	at sun.reflect.DelegatingMethodAccessorImpl.invoke(Unknown Source) ~[na:1.8.0_102]
	at java.lang.reflect.Method.invoke(Unknown Source) ~[na:1.8.0_102]
	at org.apache.felix.scr.impl.helper.BaseMethod.invokeMethod(BaseMethod.java:222) [org.apache.felix.scr-2.0.2.jar:na]
	at org.apache.felix.scr.impl.helper.BaseMethod.access$500(BaseMethod.java:37) [org.apache.felix.scr-2.0.2.jar:na]
	at org.apache.felix.scr.impl.helper.BaseMethod$Resolved.invoke(BaseMethod.java:615) [org.apache.felix.scr-2.0.2.jar:na]
	at org.apache.felix.scr.impl.helper.BaseMethod.invoke(BaseMethod.java:499) [org.apache.felix.scr-2.0.2.jar:na]
	at org.apache.felix.scr.impl.helper.ActivateMethod.invoke(ActivateMethod.java:295) [org.apache.felix.scr-2.0.2.jar:na]
	at org.apache.felix.scr.impl.manager.SingleComponentManager.createImplementationObject(SingleComponentManager.java:302) [org.apache.felix.scr-2.0.2.jar:na]
	at org.apache.felix.scr.impl.manager.SingleComponentManager.createComponent(SingleComponentManager.java:113) [org.apache.felix.scr-2.0.2.jar:na]
	at org.apache.felix.scr.impl.manager.SingleComponentManager.getService(SingleComponentManager.java:866) [org.apache.felix.scr-2.0.2.jar:na]
	at org.apache.felix.scr.impl.manager.SingleComponentManager.getServiceInternal(SingleComponentManager.java:833) [org.apache.felix.scr-2.0.2.jar:na]
	at org.apache.felix.scr.impl.manager.AbstractComponentManager.activateInternal(AbstractComponentManager.java:724) [org.apache.felix.scr-2.0.2.jar:na]
	at org.apache.felix.scr.impl.manager.AbstractComponentManager.enable(AbstractComponentManager.java:399) [org.apache.felix.scr-2.0.2.jar:na]
	at org.apache.felix.scr.impl.config.ConfigurableComponentHolder.enableComponents(ConfigurableComponentHolder.java:676) [org.apache.felix.scr-2.0.2.jar:na]
	at org.apache.felix.scr.impl.BundleComponentActivator.initialEnable(BundleComponentActivator.java:339) [org.apache.felix.scr-2.0.2.jar:na]
	at org.apache.felix.scr.impl.Activator.loadComponents(Activator.java:360) [org.apache.felix.scr-2.0.2.jar:na]
	at org.apache.felix.scr.impl.Activator.access$000(Activator.java:53) [org.apache.felix.scr-2.0.2.jar:na]
	at org.apache.felix.scr.impl.Activator$ScrExtension.start(Activator.java:260) [org.apache.felix.scr-2.0.2.jar:na]
	at org.apache.felix.utils.extender.AbstractExtender.createExtension(AbstractExtender.java:259) [org.apache.felix.scr-2.0.2.jar:na]
	at org.apache.felix.utils.extender.AbstractExtender.modifiedBundle(AbstractExtender.java:232) [org.apache.felix.scr-2.0.2.jar:na]
	at org.osgi.util.tracker.BundleTracker$Tracked.customizerModified(BundleTracker.java:482) [resource5093269800423702183.jar:na]
	at org.osgi.util.tracker.BundleTracker$Tracked.customizerModified(BundleTracker.java:415) [resource5093269800423702183.jar:na]
	at org.osgi.util.tracker.AbstractTracked.track(AbstractTracked.java:232) [resource5093269800423702183.jar:na]
	at org.osgi.util.tracker.BundleTracker$Tracked.bundleChanged(BundleTracker.java:444) [resource5093269800423702183.jar:na]
	at org.apache.felix.framework.util.EventDispatcher.invokeBundleListenerCallback(EventDispatcher.java:916) [resource5093269800423702183.jar:na]
	at org.apache.felix.framework.util.EventDispatcher.fireEventImmediately(EventDispatcher.java:835) [resource5093269800423702183.jar:na]
	at org.apache.felix.framework.util.EventDispatcher.fireBundleEvent(EventDispatcher.java:517) [resource5093269800423702183.jar:na]
	at org.apache.felix.framework.Felix.fireBundleEvent(Felix.java:4541) [resource5093269800423702183.jar:na]
	at org.apache.felix.framework.Felix.startBundle(Felix.java:2172) [resource5093269800423702183.jar:na]
	at org.apache.felix.framework.BundleImpl.start(BundleImpl.java:998) [resource5093269800423702183.jar:na]
	at aQute.launcher.Launcher.update(Launcher.java:457) [resource2967202791588165636.jar:na]
	at aQute.launcher.Launcher.activate(Launcher.java:354) [resource2967202791588165636.jar:na]
	at aQute.launcher.Launcher.run(Launcher.java:238) [resource2967202791588165636.jar:na]
	at aQute.launcher.Launcher.main(Launcher.java:87) [resource2967202791588165636.jar:na]
	at sun.reflect.NativeMethodAccessorImpl.invoke0(Native Method) ~[na:1.8.0_102]
	at sun.reflect.NativeMethodAccessorImpl.invoke(Unknown Source) ~[na:1.8.0_102]
	at sun.reflect.DelegatingMethodAccessorImpl.invoke(Unknown Source) ~[na:1.8.0_102]
	at java.lang.reflect.Method.invoke(Unknown Source) ~[na:1.8.0_102]
	at aQute.launcher.pre.EmbeddedLauncher.main(EmbeddedLauncher.java:38) [smv.exe:na]
2016-11-28 11:01:14,444 INFO  [io.skysail.server.app.ApplicationList        ] - (+ ApplicationModel) (#03) with name 'static'
2016-11-28 11:01:14,461 INFO  [io.skysail.server.app.ApplicationList        ] - (+ ApplicationModel) (#04) with name 'i18n'
2016-11-28 11:01:14,484 INFO  [i.s.s.u.s.ShiroBasedUserManagementProvider   ] - USER MANAGEMENT PROVIDER: activating provider 'io.skysail.server.um.shiro.ShiroBasedUserManagementProvider'
2016-11-28 11:01:14,513 INFO  [io.skysail.server.app.ServiceList            ] - USER MANAGEMENT PROVIDER: setting provider to 'io.skysail.server.um.shiro.ShiroBasedUserManagementProvider'
2016-11-28 11:01:14,516 INFO  [io.skysail.server.app.ApplicationList        ] - (+ ApplicationModel) (#05) with name 'io.skysail.server.um.shiro.app.ShiroUmApplication'
2016-11-28 11:01:14,530 INFO  [io.skysail.server.app.ApplicationList        ] - (+ ApplicationModel) (#06) with name 'webconsole'
2016-11-28 11:01:14,561 INFO  [io.skysail.server.app.ApplicationList        ] - (+ ApplicationModel) (#07) with name 'starmoney'
2016-11-28 11:01:14,577 INFO  [io.skysail.domain.core.Repositories          ] - (+ Repository) about to add new repository...
2016-11-28 11:01:14,577 INFO  [io.skysail.domain.core.Repositories          ] - (+ Repository) (#02) with name 'io.skysail.server.app.starmoney.Account'
2016-11-28 11:01:14,723 INFO  [i.s.s.app.starmoney.StarMoneyApplication     ] - camel context was provided to io.skysail.server.app.starmoney.StarMoneyApplication
2016-11-28 11:01:14,750 INFO  [o.a.c.core.osgi.OsgiDefaultCamelContext      ] - Apache Camel 2.17.3 (CamelContext: camel-1) is starting
2016-11-28 11:01:14,751 INFO  [o.a.c.m.ManagedManagementStrategy            ] - JMX is enabled
2016-11-28 11:01:14,885 INFO  [o.a.c.i.DefaultRuntimeEndpointRegistry       ] - Runtime endpoint registry is in extended mode gathering usage statistics of all incoming and outgoing endpoints (cache limit: 1000)
2016-11-28 11:01:14,959 INFO  [o.a.c.core.osgi.OsgiDefaultCamelContext      ] - AllowUseOriginalMessage is enabled. If access to the original message is not needed, then its recommended to turn this option off as it may improve performance.
2016-11-28 11:01:14,960 INFO  [o.a.c.core.osgi.OsgiDefaultCamelContext      ] - StreamCaching is not in use. If using streams then its recommended to enable stream caching. See more details at http://camel.apache.org/stream-caching.html
2016-11-28 11:01:15,015 INFO  [o.a.c.core.osgi.OsgiDefaultCamelContext      ] - Route: route1 started and consuming from: Endpoint[file:///tmp/in]
2016-11-28 11:01:15,015 INFO  [o.a.c.core.osgi.OsgiDefaultCamelContext      ] - Total 1 routes, of which 1 are started.
2016-11-28 11:01:15,016 INFO  [o.a.c.core.osgi.OsgiDefaultCamelContext      ] - Apache Camel 2.17.3 (CamelContext: camel-1) started in 0.265 seconds
2016-11-28 11:01:15,034 INFO  [io.skysail.server.app.ApplicationList        ] - (+ ApplicationModel) (#08) with name 'MetricsApp'
2016-11-28 11:01:16,068 INFO  [i.s.s.app.starmoney.SanitizerProcessor       ] - Processing file: Exchange[ID-PC-KVB-WIN74459-61984-1480327274597-0-2]
2016-11-28 11:01:16,397 INFO  [i.s.server.app.starmoney.ImportProcessor     ] - Processing file: Exchange[ID-PC-KVB-WIN74459-61984-1480327274597-0-2]
2016-11-28 12:13:54,173 INFO  [io.skysail.server.app.ApplicationList        ] - (- ApplicationModel) name 'MetricsApp', count is 07 now
2016-11-28 12:13:54,185 INFO  [i.s.s.app.starmoney.StarMoneyApplication     ] - unsetting camel context in io.skysail.server.app.starmoney.StarMoneyApplication
2016-11-28 12:13:54,185 INFO  [o.a.c.core.osgi.OsgiDefaultCamelContext      ] - Apache Camel 2.17.3 (CamelContext: camel-1) is shutting down
2016-11-28 12:13:54,186 INFO  [o.a.camel.impl.DefaultShutdownStrategy       ] - Starting to graceful shutdown 1 routes (timeout 300 seconds)
2016-11-28 12:13:54,192 INFO  [o.a.camel.impl.DefaultShutdownStrategy       ] - Route: route1 shutdown complete, was consuming from: Endpoint[file:///tmp/in]
2016-11-28 12:13:54,193 INFO  [o.a.camel.impl.DefaultShutdownStrategy       ] - Graceful shutdown of 1 routes completed in 0 seconds
2016-11-28 12:13:54,202 INFO  [o.a.c.core.osgi.OsgiDefaultCamelContext      ] - Apache Camel 2.17.3 (CamelContext: camel-1) uptime 1 hour 12 minutes
2016-11-28 12:13:54,203 INFO  [o.a.c.core.osgi.OsgiDefaultCamelContext      ] - Apache Camel 2.17.3 (CamelContext: camel-1) is shutdown in 0.017 seconds
2016-11-28 12:13:54,205 INFO  [io.skysail.server.app.ApplicationList        ] - (- ApplicationModel) name 'starmoney', count is 06 now
2016-11-28 12:13:54,208 INFO  [io.skysail.domain.core.Repositories          ] - (- Repository)  name 'io.skysail.server.app.starmoney.Account', count is 01 now
2016-11-28 12:13:54,213 INFO  [io.skysail.server.app.ApplicationList        ] - (- ApplicationModel) name 'webconsole', count is 05 now
2016-11-28 12:13:54,218 INFO  [io.skysail.server.app.ServiceList            ] - USER MANAGEMENT PROVIDER: unsetting provider 'io.skysail.server.um.shiro.ShiroBasedUserManagementProvider'
2016-11-28 12:13:54,220 INFO  [i.s.s.u.s.ShiroBasedUserManagementProvider   ] - USER MANAGEMENT PROVIDER: deactivating provider 'io.skysail.server.um.shiro.ShiroBasedUserManagementProvider'
2016-11-28 12:13:54,221 INFO  [io.skysail.server.app.ApplicationList        ] - (- ApplicationModel) name 'io.skysail.server.um.shiro.app.ShiroUmApplication', count is 04 now
2016-11-28 12:13:54,226 INFO  [io.skysail.server.app.ApplicationList        ] - (- ApplicationModel) name 'i18n', count is 03 now
2016-11-28 12:13:54,229 INFO  [io.skysail.server.app.ApplicationList        ] - (- ApplicationModel) name 'static', count is 02 now
2016-11-28 12:13:54,234 INFO  [io.skysail.domain.core.Repositories          ] - (- Repository)  name 'io.skysail.server.db.versions.impl.ComponentDbVersion', count is 00 now
2016-11-28 12:13:54,240 INFO  [io.skysail.server.app.ApplicationList        ] - (- ApplicationModel) name 'webapp', count is 01 now
2016-11-28 12:13:54,242 INFO  [io.skysail.server.app.ApplicationList        ] - (- ApplicationModel) name 'root', count is 00 now
2016-11-28 12:13:54,245 INFO  [io.skysail.server.services.ServerLoad        ] - deactivating ServerLoad task
2016-11-28 12:13:54,291 INFO  [org.apache.camel.impl.osgi.Activator         ] - Camel activator stopping
2016-11-28 12:13:54,291 INFO  [org.apache.camel.impl.osgi.Activator         ] - Camel activator stopped
