RUN	demoproduct.LocalSimulation3		localsimulation3	1475062114672	 	2.0
USER	Users	1	START	1475062117335	1475062117335
REQUEST	Users	1		demo.local.bndrun.root	1475062117353	1475062117572	OK	 
USER	Users	2	START	1475062118414	1475062118414
REQUEST	Users	2		demo.local.bndrun.root	1475062118414	1475062118544	OK	 
USER	Users	3	START	1475062119414	1475062119414
REQUEST	Users	3		demo.local.bndrun.root	1475062119414	1475062119544	OK	 
REQUEST	Users	1		_login	1475062119594	1475062119597	OK	 
REQUEST	Users	1		_login Redirect 1	1475062119598	1475062119759	OK	 
USER	Users	4	START	1475062120354	1475062120354
REQUEST	Users	4		demo.local.bndrun.root	1475062120354	1475062120484	OK	 
REQUEST	Users	2		_login	1475062120564	1475062120566	OK	 
REQUEST	Users	2		_login Redirect 1	1475062120566	1475062120726	OK	 
USER	Users	5	START	1475062121354	1475062121354
REQUEST	Users	5		demo.local.bndrun.root	1475062121354	1475062121486	OK	 
REQUEST	Users	3		_login	1475062121564	1475062121566	OK	 
REQUEST	Users	3		_login Redirect 1	1475062121566	1475062121724	OK	 
REQUEST	Users	1		shiro _login	1475062121766	1475062122279	OK	 
USER	Users	6	START	1475062122355	1475062122355
REQUEST	Users	1		shiro _login Redirect 1	1475062122284	1475062122498	OK	 
REQUEST	Users	4		_login	1475062122515	1475062122517	OK	 
REQUEST	Users	6		demo.local.bndrun.root	1475062122355	1475062122548	OK	 
REQUEST	Users	4		_login Redirect 1	1475062122518	1475062122680	OK	 
REQUEST	Users	2		shiro _login	1475062122725	1475062122913	OK	 
REQUEST	Users	2		shiro _login Redirect 1	1475062122913	1475062123071	OK	 
USER	Users	7	START	1475062123355	1475062123355
REQUEST	Users	7		demo.local.bndrun.root	1475062123355	1475062123484	OK	 
REQUEST	Users	5		_login	1475062123505	1475062123507	OK	 
REQUEST	Users	5		_login Redirect 1	1475062123507	1475062123773	OK	 
REQUEST	Users	1		get refSEA	1475062123495	1475062123835	OK	 
REQUEST	Users	3		shiro _login	1475062123725	1475062123955	OK	 
REQUEST	Users	3		shiro _login Redirect 1	1475062123956	1475062124144	OK	 
REQUEST	Users	2		get refSEA	1475062124065	1475062124332	OK	 
USER	Users	8	START	1475062124352	1475062124352
REQUEST	Users	8		demo.local.bndrun.root	1475062124352	1475062124486	OK	 
REQUEST	Users	6		_login	1475062124562	1475062124564	OK	 
REQUEST	Users	6		_login Redirect 1	1475062124564	1475062124760	OK	 
REQUEST	Users	4		shiro _login	1475062124662	1475062124881	OK	 
REQUEST	Users	4		shiro _login Redirect 1	1475062124882	1475062125044	OK	 
USER	Users	9	START	1475062125354	1475062125354
REQUEST	Users	3		get refSEA	1475062125144	1475062125441	OK	 
REQUEST	Users	7		_login	1475062125504	1475062125506	OK	 
REQUEST	Users	9		demo.local.bndrun.root	1475062125354	1475062125531	OK	 
REQUEST	Users	7		_login Redirect 1	1475062125506	1475062125670	OK	 
REQUEST	Users	5		shiro _login	1475062125765	1475062126016	OK	 
REQUEST	Users	1		create account	1475062125835	1475062126190	OK	 
USER	Users	10	START	1475062126355	1475062126355
REQUEST	Users	5		shiro _login Redirect 1	1475062126016	1475062126408	OK	 
REQUEST	Users	8		_login	1475062126502	1475062126512	OK	 
REQUEST	Users	4		get refSEA	1475062126055	1475062126682	OK	 
REQUEST	Users	1		create account Redirect 1	1475062126191	1475062126857	OK	 
REQUEST	Users	10		demo.local.bndrun.root	1475062126355	1475062126861	KO	responseTime.find.lessThan(400), but actually 506 is not less than 400
REQUEST	Users	2		create account	1475062126345	1475062126959	OK	 
REQUEST	Users	8		_login Redirect 1	1475062126512	1475062127050	KO	responseTime.find.lessThan(400), but actually 538 is not less than 400
REQUEST	Users	6		shiro _login	1475062126763	1475062127215	OK	 
USER	Users	11	START	1475062127354	1475062127354
REQUEST	Users	2		create account Redirect 1	1475062126960	1475062127407	OK	 
REQUEST	Users	6		shiro _login Redirect 1	1475062127215	1475062127533	OK	 
REQUEST	Users	9		_login	1475062127545	1475062127547	OK	 
REQUEST	Users	11		demo.local.bndrun.root	1475062127354	1475062127794	KO	responseTime.find.lessThan(400), but actually 440 is not less than 400
REQUEST	Users	1		get refSEA (JSON)	1475062127855	1475062127865	OK	 
REQUEST	Users	9		_login Redirect 1	1475062127547	1475062128060	KO	responseTime.find.lessThan(400), but actually 513 is not less than 400
REQUEST	Users	3		create account	1475062127435	1475062128065	OK	 
REQUEST	Users	5		get refSEA	1475062127415	1475062128120	OK	 
REQUEST	Users	7		shiro _login	1475062127665	1475062128195	OK	 
USER	Users	12	START	1475062128355	1475062128355
REQUEST	Users	2		get refSEA (JSON)	1475062128405	1475062128416	OK	 
REQUEST	Users	3		create account Redirect 1	1475062128066	1475062128453	OK	 
REQUEST	Users	7		shiro _login Redirect 1	1475062128196	1475062128499	OK	 
REQUEST	Users	12		demo.local.bndrun.root	1475062128355	1475062128569	OK	 
REQUEST	Users	6		get refSEA	1475062128535	1475062128833	OK	 
REQUEST	Users	10		_login	1475062128882	1475062128884	OK	 
REQUEST	Users	4		create account	1475062128685	1475062128979	OK	 
REQUEST	Users	10		_login Redirect 1	1475062128884	1475062129138	OK	 
USER	Users	13	START	1475062129352	1475062129352
REQUEST	Users	4		create account Redirect 1	1475062128980	1475062129363	OK	 
REQUEST	Users	8		shiro _login	1475062129052	1475062129399	OK	 
REQUEST	Users	3		get refSEA (JSON)	1475062129453	1475062129465	OK	 
REQUEST	Users	13		demo.local.bndrun.root	1475062129352	1475062129575	OK	 
REQUEST	Users	8		shiro _login Redirect 1	1475062129400	1475062129674	OK	 
REQUEST	Users	7		get refSEA	1475062129502	1475062129782	OK	 
REQUEST	Users	11		_login	1475062129802	1475062129804	OK	 
REQUEST	Users	11		_login Redirect 1	1475062129804	1475062130008	OK	 
USER	Users	14	START	1475062130342	1475062130342
REQUEST	Users	4		get refSEA (JSON)	1475062130352	1475062130372	OK	 
REQUEST	Users	12		_login	1475062130582	1475062130584	OK	 
REQUEST	Users	1		get webconsole	1475062129853	1475062130600	OK	 
REQUEST	Users	9		shiro _login	1475062130063	1475062130610	OK	 
REQUEST	Users	14		demo.local.bndrun.root	1475062130342	1475062130851	KO	responseTime.find.lessThan(400), but actually 509 is not less than 400
REQUEST	Users	5		create account	1475062130113	1475062130865	OK	 
USER	Users	15	START	1475062131342	1475062131342
REQUEST	Users	9		shiro _login Redirect 1	1475062130610	1475062131356	OK	 
REQUEST	Users	12		_login Redirect 1	1475062130584	1475062131386	KO	responseTime.find.lessThan(400), but actually 802 is not less than 400
REQUEST	Users	13		_login	1475062131593	1475062131594	OK	 
REQUEST	Users	1		logout	1475062131613	1475062131614	OK	 
REQUEST	Users	8		get refSEA	1475062130672	1475062131760	KO	responseTime.find.lessThan(1000), but actually 1088 is not less than 1000
REQUEST	Users	6		create account	1475062130822	1475062131807	OK	 
REQUEST	Users	5		create account Redirect 1	1475062130865	1475062131879	OK	 
REQUEST	Users	15		demo.local.bndrun.root	1475062131343	1475062132067	KO	responseTime.find.lessThan(400), but actually 724 is not less than 400
REQUEST	Users	10		shiro _login	1475062131123	1475062132332	OK	 
USER	Users	16	START	1475062132353	1475062132353
REQUEST	Users	1		logout Redirect 1	1475062131651	1475062132540	OK	 
REQUEST	Users	13		_login Redirect 1	1475062131594	1475062132575	KO	responseTime.find.lessThan(400), but actually 981 is not less than 400
REQUEST	Users	14		_login	1475062132863	1475062132866	OK	 
REQUEST	Users	5		get refSEA (JSON)	1475062132883	1475062132893	OK	 
REQUEST	Users	2		get webconsole	1475062130412	1475062132915	OK	 
REQUEST	Users	16		demo.local.bndrun.root	1475062132353	1475062133311	KO	responseTime.find.lessThan(400), but actually 958 is not less than 400
USER	Users	17	START	1475062133354	1475062133354
REQUEST	Users	7		create account	1475062131793	1475062133528	OK	 
REQUEST	Users	6		create account Redirect 1	1475062131808	1475062133684	OK	 
REQUEST	Users	10		shiro _login Redirect 1	1475062132332	1475062133720	OK	 
REQUEST	Users	11		shiro _login	1475062132013	1475062133811	OK	 
REQUEST	Users	9		get refSEA	1475062132363	1475062133881	KO	responseTime.find.lessThan(1000), but actually 1518 is not less than 1000
REQUEST	Users	2		logout	1475062133916	1475062133918	OK	 
REQUEST	Users	14		_login Redirect 1	1475062132867	1475062133997	KO	responseTime.find.lessThan(400), but actually 1130 is not less than 400
REQUEST	Users	15		_login	1475062134086	1475062134088	OK	 
REQUEST	Users	17		demo.local.bndrun.root	1475062133354	1475062134303	KO	responseTime.find.lessThan(400), but actually 949 is not less than 400
USER	Users	18	START	1475062134356	1475062134356
REQUEST	Users	3		get webconsole	1475062131473	1475062134497	OK	 
REQUEST	Users	12		shiro _login	1475062133394	1475062134591	OK	 
REQUEST	Users	4		get webconsole	1475062132383	1475062134751	OK	 
REQUEST	Users	2		logout Redirect 1	1475062133918	1475062134753	OK	 
REQUEST	Users	11		shiro _login Redirect 1	1475062133812	1475062134936	OK	 
REQUEST	Users	8		create account	1475062133764	1475062134953	OK	 
REQUEST	Users	7		create account Redirect 1	1475062133528	1475062135038	OK	 
REQUEST	Users	6		get refSEA (JSON)	1475062134702	1475062135111	OK	 
REQUEST	Users	15		_login Redirect 1	1475062134088	1475062135122	KO	responseTime.find.lessThan(400), but actually 1034 is not less than 400
REQUEST	Users	18		demo.local.bndrun.root	1475062134356	1475062135204	KO	responseTime.find.lessThan(400), but actually 848 is not less than 400
REQUEST	Users	16		_login	1475062135323	1475062135325	OK	 
USER	Users	19	START	1475062135353	1475062135353
REQUEST	Users	3		logout	1475062135493	1475062135494	OK	 
USER	Users	1	END	1475062117335	1475062135536
REQUEST	Users	4		logout	1475062135733	1475062135734	OK	 
REQUEST	Users	12		shiro _login Redirect 1	1475062134591	1475062135840	OK	 
REQUEST	Users	13		shiro _login	1475062134586	1475062135990	OK	 
REQUEST	Users	8		create account Redirect 1	1475062134954	1475062136118	OK	 
REQUEST	Users	19		demo.local.bndrun.root	1475062135353	1475062136279	KO	responseTime.find.lessThan(400), but actually 926 is not less than 400
REQUEST	Users	10		get refSEA	1475062134734	1475062136298	KO	responseTime.find.lessThan(1000), but actually 1564 is not less than 1000
REQUEST	Users	17		_login	1475062136315	1475062136317	OK	 
USER	Users	20	START	1475062136352	1475062136352
REQUEST	Users	3		logout Redirect 1	1475062135495	1475062136413	OK	 
REQUEST	Users	7		get refSEA (JSON)	1475062136016	1475062136427	OK	 
REQUEST	Users	16		_login Redirect 1	1475062135325	1475062136605	KO	responseTime.find.lessThan(400), but actually 1280 is not less than 400
REQUEST	Users	4		logout Redirect 1	1475062135735	1475062136655	OK	 
REQUEST	Users	8		get refSEA (JSON)	1475062137102	1475062137112	OK	 
REQUEST	Users	18		_login	1475062137212	1475062137214	OK	 
REQUEST	Users	13		shiro _login Redirect 1	1475062135990	1475062137331	OK	 
USER	Users	21	START	1475062137342	1475062137342
REQUEST	Users	20		demo.local.bndrun.root	1475062136352	1475062137344	KO	responseTime.find.lessThan(400), but actually 992 is not less than 400
REQUEST	Users	17		_login Redirect 1	1475062136317	1475062137441	KO	responseTime.find.lessThan(400), but actually 1124 is not less than 400
REQUEST	Users	9		create account	1475062135873	1475062137676	OK	 
USER	Users	2	END	1475062118414	1475062137742
REQUEST	Users	14		shiro _login	1475062136003	1475062137830	OK	 
REQUEST	Users	11		get refSEA	1475062135933	1475062137926	KO	responseTime.find.lessThan(1000), but actually 1993 is not less than 1000
REQUEST	Users	5		get webconsole	1475062134894	1475062137967	OK	 
REQUEST	Users	21		demo.local.bndrun.root	1475062137342	1475062138199	KO	responseTime.find.lessThan(400), but actually 857 is not less than 400
REQUEST	Users	18		_login Redirect 1	1475062137214	1475062138234	KO	responseTime.find.lessThan(400), but actually 1020 is not less than 400
REQUEST	Users	12		get refSEA	1475062136832	1475062138292	KO	responseTime.find.lessThan(1000), but actually 1460 is not less than 1000
REQUEST	Users	19		_login	1475062138292	1475062138295	OK	 
USER	Users	22	START	1475062138342	1475062138342
REQUEST	Users	15		shiro _login	1475062137122	1475062138468	OK	 
REQUEST	Users	9		create account Redirect 1	1475062137677	1475062138906	OK	 
REQUEST	Users	14		shiro _login Redirect 1	1475062137831	1475062138921	OK	 
REQUEST	Users	5		logout	1475062138972	1475062138973	OK	 
REQUEST	Users	22		demo.local.bndrun.root	1475062138342	1475062139227	KO	responseTime.find.lessThan(400), but actually 885 is not less than 400
USER	Users	23	START	1475062139352	1475062139352
REQUEST	Users	20		_login	1475062139352	1475062139354	OK	 
USER	Users	3	END	1475062119414	1475062139412
REQUEST	Users	19		_login Redirect 1	1475062138295	1475062139550	KO	responseTime.find.lessThan(400), but actually 1255 is not less than 400
REQUEST	Users	10		create account	1475062138292	1475062139646	OK	 
USER	Users	4	END	1475062120354	1475062139652
REQUEST	Users	15		shiro _login Redirect 1	1475062138469	1475062139724	OK	 
REQUEST	Users	13		get refSEA	1475062138332	1475062139758	KO	responseTime.find.lessThan(1000), but actually 1426 is not less than 1000
REQUEST	Users	6		get webconsole	1475062137092	1475062139878	OK	 
REQUEST	Users	9		get refSEA (JSON)	1475062139912	1475062139921	OK	 
REQUEST	Users	5		logout Redirect 1	1475062138974	1475062139951	OK	 
REQUEST	Users	16		shiro _login	1475062138602	1475062140061	OK	 
REQUEST	Users	21		_login	1475062140212	1475062140214	OK	 
USER	Users	24	START	1475062140352	1475062140352
REQUEST	Users	23		demo.local.bndrun.root	1475062139352	1475062140500	KO	responseTime.find.lessThan(400), but actually 1148 is not less than 400
REQUEST	Users	20		_login Redirect 1	1475062139354	1475062140697	KO	responseTime.find.lessThan(400), but actually 1343 is not less than 400
REQUEST	Users	6		logout	1475062140892	1475062140894	OK	 
REQUEST	Users	22		_login	1475062141242	1475062141244	OK	 
REQUEST	Users	10		create account Redirect 1	1475062139647	1475062141346	OK	 
USER	Users	25	START	1475062141352	1475062141352
REQUEST	Users	7		get webconsole	1475062138432	1475062141438	OK	 
REQUEST	Users	17		shiro _login	1475062139442	1475062141442	OK	 
REQUEST	Users	24		demo.local.bndrun.root	1475062140352	1475062141630	KO	responseTime.find.lessThan(400), but actually 1278 is not less than 400
REQUEST	Users	21		_login Redirect 1	1475062140214	1475062141670	KO	responseTime.find.lessThan(400), but actually 1456 is not less than 400
REQUEST	Users	16		shiro _login Redirect 1	1475062140062	1475062141723	OK	 
REQUEST	Users	11		create account	1475062139932	1475062141825	OK	 
REQUEST	Users	14		get refSEA	1475062139922	1475062142065	KO	responseTime.find.lessThan(1000), but actually 2143 is not less than 1000
REQUEST	Users	18		shiro _login	1475062140252	1475062142083	OK	 
REQUEST	Users	12		create account	1475062140302	1475062142102	OK	 
REQUEST	Users	6		logout Redirect 1	1475062140894	1475062142333	OK	 
REQUEST	Users	10		get refSEA (JSON)	1475062142352	1475062142362	OK	 
REQUEST	Users	7		logout	1475062142442	1475062142444	OK	 
REQUEST	Users	23		_login	1475062142512	1475062142514	OK	 
REQUEST	Users	25		demo.local.bndrun.root	1475062141352	1475062142578	KO	responseTime.find.lessThan(400), but actually 1226 is not less than 400
REQUEST	Users	22		_login Redirect 1	1475062141244	1475062142705	KO	responseTime.find.lessThan(400), but actually 1461 is not less than 400
REQUEST	Users	15		get refSEA	1475062140722	1475062142751	KO	responseTime.find.lessThan(1000), but actually 2029 is not less than 1000
USER	Users	5	END	1475062121354	1475062142953
REQUEST	Users	17		shiro _login Redirect 1	1475062141443	1475062143538	KO	responseTime.find.lessThan(2000), but actually 2095 is not less than 2000
REQUEST	Users	24		_login	1475062143642	1475062143644	OK	 
REQUEST	Users	18		shiro _login Redirect 1	1475062142083	1475062143679	OK	 
REQUEST	Users	7		logout Redirect 1	1475062142444	1475062143705	OK	 
REQUEST	Users	19		shiro _login	1475062141552	1475062143767	OK	 
REQUEST	Users	11		create account Redirect 1	1475062141826	1475062143777	OK	 
REQUEST	Users	13		create account	1475062141742	1475062143832	OK	 
REQUEST	Users	23		_login Redirect 1	1475062142515	1475062144010	KO	responseTime.find.lessThan(400), but actually 1495 is not less than 400
REQUEST	Users	12		create account Redirect 1	1475062142103	1475062144039	OK	 
REQUEST	Users	8		get webconsole	1475062139122	1475062144152	OK	 
REQUEST	Users	20		shiro _login	1475062142713	1475062144573	OK	 
REQUEST	Users	25		_login	1475062144592	1475062144594	OK	 
REQUEST	Users	16		get refSEA	1475062142743	1475062144619	KO	responseTime.find.lessThan(1000), but actually 1876 is not less than 1000
REQUEST	Users	11		get refSEA (JSON)	1475062144775	1475062144788	OK	 
REQUEST	Users	24		_login Redirect 1	1475062143644	1475062144925	KO	responseTime.find.lessThan(400), but actually 1281 is not less than 400
REQUEST	Users	12		get refSEA (JSON)	1475062145025	1475062145036	OK	 
REQUEST	Users	8		logout	1475062145155	1475062145156	OK	 
REQUEST	Users	21		shiro _login	1475062143672	1475062145306	OK	 
USER	Users	6	END	1475062122355	1475062145335
REQUEST	Users	19		shiro _login Redirect 1	1475062143767	1475062145474	OK	 
REQUEST	Users	9		get webconsole	1475062141912	1475062145541	OK	 
REQUEST	Users	14		create account	1475062144062	1475062145679	OK	 
REQUEST	Users	13		create account Redirect 1	1475062143832	1475062145682	OK	 
REQUEST	Users	25		_login Redirect 1	1475062144594	1475062146050	KO	responseTime.find.lessThan(400), but actually 1456 is not less than 400
REQUEST	Users	20		shiro _login Redirect 1	1475062144574	1475062146144	OK	 
REQUEST	Users	8		logout Redirect 1	1475062145157	1475062146268	OK	 
REQUEST	Users	22		shiro _login	1475062144712	1475062146310	OK	 
REQUEST	Users	18		get refSEA	1475062144662	1475062146323	KO	responseTime.find.lessThan(1000), but actually 1661 is not less than 1000
REQUEST	Users	17		get refSEA	1475062144532	1475062146352	KO	responseTime.find.lessThan(1000), but actually 1820 is not less than 1000
REQUEST	Users	15		create account	1475062144755	1475062146436	OK	 
REQUEST	Users	9		logout	1475062146546	1475062146547	OK	 
USER	Users	7	END	1475062123355	1475062146706
REQUEST	Users	21		shiro _login Redirect 1	1475062145306	1475062146740	OK	 
REQUEST	Users	23		shiro _login	1475062146016	1475062146985	OK	 
REQUEST	Users	13		get refSEA (JSON)	1475062146686	1475062147023	OK	 
REQUEST	Users	14		create account Redirect 1	1475062145679	1475062147166	OK	 
REQUEST	Users	22		shiro _login Redirect 1	1475062146310	1475062147513	OK	 
REQUEST	Users	10		get webconsole	1475062144362	1475062147542	OK	 
REQUEST	Users	9		logout Redirect 1	1475062146547	1475062147584	OK	 
REQUEST	Users	15		create account Redirect 1	1475062146436	1475062147838	OK	 
REQUEST	Users	19		get refSEA	1475062146476	1475062147938	KO	responseTime.find.lessThan(1000), but actually 1462 is not less than 1000
REQUEST	Users	14		get refSEA (JSON)	1475062148162	1475062148170	OK	 
REQUEST	Users	23		shiro _login Redirect 1	1475062146986	1475062148253	OK	 
REQUEST	Users	24		shiro _login	1475062146932	1475062148405	OK	 
REQUEST	Users	16		create account	1475062146616	1475062148440	OK	 
REQUEST	Users	20		get refSEA	1475062147132	1475062148508	KO	responseTime.find.lessThan(1000), but actually 1376 is not less than 1000
REQUEST	Users	10		logout	1475062148532	1475062148533	OK	 
REQUEST	Users	21		get refSEA	1475062147742	1475062149105	KO	responseTime.find.lessThan(1000), but actually 1363 is not less than 1000
REQUEST	Users	15		get refSEA (JSON)	1475062148822	1475062149151	OK	 
USER	Users	8	END	1475062124352	1475062149273
REQUEST	Users	25		shiro _login	1475062148052	1475062149309	OK	 
REQUEST	Users	10		logout Redirect 1	1475062148534	1475062149579	OK	 
REQUEST	Users	24		shiro _login Redirect 1	1475062148406	1475062149669	OK	 
REQUEST	Users	18		create account	1475062148332	1475062149773	OK	 
REQUEST	Users	17		create account	1475062148362	1475062149866	OK	 
REQUEST	Users	16		create account Redirect 1	1475062148440	1475062149899	OK	 
REQUEST	Users	22		get refSEA	1475062148502	1475062149977	KO	responseTime.find.lessThan(1000), but actually 1475 is not less than 1000
REQUEST	Users	11		get webconsole	1475062146796	1475062150339	OK	 
REQUEST	Users	25		shiro _login Redirect 1	1475062149309	1475062150518	OK	 
REQUEST	Users	23		get refSEA	1475062149253	1475062150568	KO	responseTime.find.lessThan(1000), but actually 1315 is not less than 1000
USER	Users	9	END	1475062125354	1475062150582
REQUEST	Users	12		get webconsole	1475062147052	1475062150592	OK	 
REQUEST	Users	16		get refSEA (JSON)	1475062150893	1475062150901	OK	 
REQUEST	Users	18		create account Redirect 1	1475062149773	1475062150936	OK	 
REQUEST	Users	17		create account Redirect 1	1475062149867	1475062151051	OK	 
REQUEST	Users	19		create account	1475062149933	1475062151058	OK	 
REQUEST	Users	11		logout	1475062151333	1475062151334	OK	 
REQUEST	Users	20		create account	1475062150503	1475062151493	OK	 
REQUEST	Users	13		get webconsole	1475062149023	1475062151514	OK	 
REQUEST	Users	12		logout	1475062151594	1475062151596	OK	 
REQUEST	Users	24		get refSEA	1475062150653	1475062151736	KO	responseTime.find.lessThan(1000), but actually 1083 is not less than 1000
REQUEST	Users	18		get refSEA (JSON)	1475062151945	1475062151954	OK	 
REQUEST	Users	17		get refSEA (JSON)	1475062152055	1475062152064	OK	 
REQUEST	Users	11		logout Redirect 1	1475062151334	1475062152099	OK	 
REQUEST	Users	19		create account Redirect 1	1475062151059	1475062152111	OK	 
REQUEST	Users	21		create account	1475062151113	1475062152138	OK	 
REQUEST	Users	14		get webconsole	1475062150162	1475062152210	OK	 
REQUEST	Users	12		logout Redirect 1	1475062151597	1475062152358	OK	 
REQUEST	Users	13		logout	1475062152522	1475062152523	OK	 
USER	Users	10	END	1475062126355	1475062152572
REQUEST	Users	25		get refSEA	1475062151523	1475062152846	KO	responseTime.find.lessThan(1000), but actually 1323 is not less than 1000
REQUEST	Users	22		create account	1475062151985	1475062152949	OK	 
REQUEST	Users	20		create account Redirect 1	1475062151494	1475062152997	OK	 
REQUEST	Users	19		get refSEA (JSON)	1475062153112	1475062153123	OK	 
REQUEST	Users	21		create account Redirect 1	1475062152139	1475062153180	OK	 
REQUEST	Users	13		logout Redirect 1	1475062152524	1475062153187	OK	 
REQUEST	Users	14		logout	1475062153222	1475062153223	OK	 
REQUEST	Users	15		get webconsole	1475062151163	1475062153308	OK	 
REQUEST	Users	23		create account	1475062152572	1475062153552	OK	 
REQUEST	Users	14		logout Redirect 1	1475062153224	1475062153641	OK	 
REQUEST	Users	22		create account Redirect 1	1475062152949	1475062153676	OK	 
REQUEST	Users	16		get webconsole	1475062152902	1475062153807	OK	 
REQUEST	Users	20		get refSEA (JSON)	1475062154002	1475062154015	OK	 
REQUEST	Users	21		get refSEA (JSON)	1475062154162	1475062154171	OK	 
REQUEST	Users	23		create account Redirect 1	1475062153552	1475062154190	OK	 
REQUEST	Users	15		logout	1475062154302	1475062154304	OK	 
REQUEST	Users	24		create account	1475062153752	1475062154640	OK	 
REQUEST	Users	15		logout Redirect 1	1475062154304	1475062154664	OK	 
REQUEST	Users	16		logout	1475062154802	1475062154803	OK	 
REQUEST	Users	18		get webconsole	1475062153947	1475062154992	OK	 
REQUEST	Users	22		get refSEA (JSON)	1475062154672	1475062155011	OK	 
REQUEST	Users	17		get webconsole	1475062154062	1475062155019	OK	 
REQUEST	Users	16		logout Redirect 1	1475062154804	1475062155088	OK	 
USER	Users	11	END	1475062127354	1475062155102
REQUEST	Users	23		get refSEA (JSON)	1475062155182	1475062155191	OK	 
REQUEST	Users	24		create account Redirect 1	1475062154640	1475062155253	OK	 
USER	Users	12	END	1475062128355	1475062155346
REQUEST	Users	25		create account	1475062154832	1475062155532	OK	 
REQUEST	Users	19		get webconsole	1475062155122	1475062155765	OK	 
REQUEST	Users	25		create account Redirect 1	1475062155532	1475062155834	OK	 
REQUEST	Users	18		logout	1475062155986	1475062155987	OK	 
REQUEST	Users	17		logout	1475062156016	1475062156017	OK	 
USER	Users	13	END	1475062129352	1475062156176
REQUEST	Users	18		logout Redirect 1	1475062155987	1475062156180	OK	 
REQUEST	Users	17		logout Redirect 1	1475062156018	1475062156211	OK	 
REQUEST	Users	24		get refSEA (JSON)	1475062156256	1475062156589	OK	 
USER	Users	14	END	1475062130342	1475062156646
REQUEST	Users	19		logout	1475062156776	1475062156777	OK	 
REQUEST	Users	20		get webconsole	1475062156026	1475062156933	OK	 
REQUEST	Users	19		logout Redirect 1	1475062156777	1475062157038	OK	 
REQUEST	Users	21		get webconsole	1475062156186	1475062157112	OK	 
REQUEST	Users	25		get refSEA (JSON)	1475062156846	1475062157169	OK	 
USER	Users	15	END	1475062131342	1475062157682
REQUEST	Users	23		get webconsole	1475062157182	1475062157711	OK	 
REQUEST	Users	22		get webconsole	1475062157006	1475062157847	OK	 
REQUEST	Users	20		logout	1475062157922	1475062157923	OK	 
REQUEST	Users	20		logout Redirect 1	1475062157924	1475062158051	OK	 
USER	Users	16	END	1475062132353	1475062158082
REQUEST	Users	21		logout	1475062158102	1475062158103	OK	 
REQUEST	Users	21		logout Redirect 1	1475062158104	1475062158255	OK	 
REQUEST	Users	23		logout	1475062158722	1475062158723	OK	 
REQUEST	Users	22		logout	1475062158842	1475062158843	OK	 
REQUEST	Users	23		logout Redirect 1	1475062158723	1475062158852	OK	 
REQUEST	Users	22		logout Redirect 1	1475062158843	1475062158977	OK	 
USER	Users	18	END	1475062134356	1475062159182
USER	Users	17	END	1475062133354	1475062159212
REQUEST	Users	24		get webconsole	1475062158582	1475062159337	OK	 
REQUEST	Users	25		get webconsole	1475062159162	1475062159597	OK	 
USER	Users	19	END	1475062135353	1475062160022
REQUEST	Users	24		logout	1475062160342	1475062160344	OK	 
REQUEST	Users	24		logout Redirect 1	1475062160344	1475062160470	OK	 
REQUEST	Users	25		logout	1475062160602	1475062160603	OK	 
REQUEST	Users	25		logout Redirect 1	1475062160604	1475062160729	OK	 
USER	Users	20	END	1475062136352	1475062161052
USER	Users	21	END	1475062137342	1475062161262
USER	Users	23	END	1475062139352	1475062161862
USER	Users	22	END	1475062138342	1475062161992
USER	Users	24	END	1475062140352	1475062163472
USER	Users	25	END	1475062141352	1475062163732
