#
# A fatal error has been detected by the Java Runtime Environment:
#
#  SIGSEGV (0xb) at pc=0x00000001023e51e9, pid=88539, tid=11779
#
# JRE version: Java(TM) SE Runtime Environment (8.0_74-b02) (build 1.8.0_74-b02)
# Java VM: Java HotSpot(TM) 64-Bit Server VM (25.74-b02 mixed mode bsd-amd64 compressed oops)
# Problematic frame:
# V  [libjvm.dylib+0x2741e9]  STWGCTimer::register_gc_start(Ticks const&)+0xb
#
# Failed to write core dump. Core dumps have been disabled. To enable core dumping, try "ulimit -c unlimited" before starting Java again
#
# If you would like to submit a bug report, please visit:
#   http://bugreport.java.com/bugreport/crash.jsp
#

---------------  T H R E A D  ---------------

Current thread (0x00007fbdfb02d800):  VMThread [stack: 0x0000700007a0a000,0x0000700007b0a000] [id=11779]

siginfo: si_signo: 11 (SIGSEGV), si_code: 1 (SEGV_MAPERR), si_addr: 0x0000000000000000

Registers:
RAX=0x0000000000000000, RBX=0x0000000102a68a88, RCX=0x00017ca8bb13b2f7, RDX=0x0000700007b099b8
RSP=0x0000700007b09630, RBP=0x0000700007b09630, RSI=0x0000700007b099b8, RDI=0x0000000102a55310
R8 =0x00000000000000ac, R9 =0x0000000000000400, R10=0x00007fbdfad15e48, R11=0xffffffff00000000
R12=0x000000000000000b, R13=0x0000000000002e00, R14=0x00007fbdfad0b2d0, R15=0x00007fbdfad0c730
RIP=0x00000001023e51e9, EFLAGS=0x0000000000010206, ERR=0x0000000000000006
  TRAPNO=0x000000000000000e

Top of Stack: (sp=0x0000700007b09630)
0x0000700007b09630:   0000700007b09ac0 00000001026319c4
0x0000700007b09640:   000000010000000d 00007fbdfad0b4a0
0x0000700007b09650:   00007fbd00000001 00007fbd00000001
0x0000700007b09660:   0000000006a455d0 0000000007af0be8
0x0000700007b09670:   0000700008932d60 0000000000000000
0x0000700007b09680:   0000000d07b09601 58007fbdfad0b700
0x0000700007b09690:   00007fbdfad000d0 00007fbdfad0c730
0x0000700007b096a0:   0000003000000010 0000700007b09c30
0x0000700007b096b0:   0000700007b09b50 0000700008932d74
0x0000700007b096c0:   0000700007b09601 0000000102a55150
0x0000700007b096d0:   0000003000000010 0000000000000000
0x0000700007b096e0:   0000700007b09b40 000000010277a2d3
0x0000700007b096f0:   0000700008930080 0000700008932d84
0x0000700007b09700:   0000003000000010 0000700007b09c50
0x0000700007b09710:   0000700007b09b70 00000001c5205300
0x0000700007b09720:   00007fbdfb810f00 000000010277a2c7
0x0000700007b09730:   995d8f8d1aad0061 995d8f8d1aad0061
0x0000700007b09740:   00007fffc5fc16b8 000000010277bb58
0x0000700007b09750:   ffffffffffffffff 0000700007b09868
0x0000700007b09760:   0000700007b09850 00007fffbd38e443
0x0000700007b09770:   0000700008932da0 0000700007b09b48
0x0000700007b09780:   0000000100000001 0000000000000001
0x0000700007b09790:   0000000102a55310 00000000002152c3
0x0000700007b097a0:   0000000000000000 000000000000027d
0x0000700007b097b0:   0000700008932db0 0000700008932db4
0x0000700007b097c0:   0000000102999220 00007fbdfb810f00
0x0000700007b097d0:   00000001029991f0 00007fbdfad0b200
0x0000700007b097e0:   00007fbdfad0b910 00007fbdfb810f00
0x0000700007b097f0:   995d8f8d1aad0061 995d8f8d1aad0061
0x0000700007b09800:   00007fffc5fc16b8 000000010277bb58
0x0000700007b09810:   ffffffffffffffff 0000700007b09928
0x0000700007b09820:   995d8f8d1aad0061 00007fbdfc000a18 

Instructions: (pc=0x00000001023e51e9)
0x00000001023e51c9:   28 5d e9 90 ff ff ff 55 48 89 e5 48 83 c7 28 5d
0x00000001023e51d9:   e9 82 ff ff ff 55 48 89 e5 48 89 f2 48 8b 47 28
0x00000001023e51e9:   c7 00 00 00 00 00 c7 47 44 00 00 00 00 48 c7 47
0x00000001023e51f9:   48 00 00 00 00 48 c7 47 50 00 00 00 00 48 c7 47 

Register to memory mapping:

RAX=0x0000000000000000 is an unknown value
RBX=0x0000000102a68a88: _ZN8Universe14_collectedHeapE+0 in /Library/Java/JavaVirtualMachines/jdk1.8.0_74.jdk/Contents/Home/jre/lib/server/libjvm.dylib at 0x0000000102171000
RCX=0x00017ca8bb13b2f7 is an unknown value
RDX=0x0000700007b099b8 is an unknown value
RSP=0x0000700007b09630 is an unknown value
RBP=0x0000700007b09630 is an unknown value
RSI=0x0000700007b099b8 is an unknown value
RDI=0x0000000102a55310: _ZN10PSScavenge9_gc_timerE+0 in /Library/Java/JavaVirtualMachines/jdk1.8.0_74.jdk/Contents/Home/jre/lib/server/libjvm.dylib at 0x0000000102171000
R8 =0x00000000000000ac is an unknown value
R9 =0x0000000000000400 is an unknown value
R10=0x00007fbdfad15e48 is an unknown value
R11=0xffffffff00000000 is an unknown value
R12=0x000000000000000b is an unknown value
R13=0x0000000000002e00 is an unknown value
R14=0x00007fbdfad0b2d0 is an unknown value
R15=0x00007fbdfad0c730 is an unknown value


Stack: [0x0000700007a0a000,0x0000700007b0a000],  sp=0x0000700007b09630,  free space=1021k
Native frames: (J=compiled Java code, j=interpreted, Vv=VM code, C=native code)
V  [libjvm.dylib+0x2741e9]  STWGCTimer::register_gc_start(Ticks const&)+0xb
V  [libjvm.dylib+0x4c09c4]  PSScavenge::invoke_no_policy()+0x3a
V  [libjvm.dylib+0x4c1c6c]  PSScavenge::invoke()+0x32
V  [libjvm.dylib+0x495215]  ParallelScavengeHeap::failed_mem_allocate(unsigned long)+0x27
V  [libjvm.dylib+0x5a7418]  VM_ParallelGCFailedAllocation::doit()+0x4a
V  [libjvm.dylib+0x5adb31]  VM_Operation::evaluate()+0x4f
V  [libjvm.dylib+0x5ac19b]  VMThread::evaluate_operation(VM_Operation*)+0xdf
V  [libjvm.dylib+0x5ac5e8]  VMThread::loop()+0x328
V  [libjvm.dylib+0x5abf07]  VMThread::run()+0x79
V  [libjvm.dylib+0x482eda]  java_start(Thread*)+0xf6
C  [libsystem_pthread.dylib+0x3abb]  _pthread_body+0xb4
C  [libsystem_pthread.dylib+0x3a07]  _pthread_body+0x0
C  [libsystem_pthread.dylib+0x3231]  thread_start+0xd

VM_Operation (0x000070000811b328): ParallelGCFailedAllocation, mode: safepoint, requested by thread 0x00007fbe01012000


---------------  P R O C E S S  ---------------

Java Threads: ( => current thread )
  0x00007fbe01012000 JavaThread "SIGTERM handler" daemon [_thread_blocked, id=7175, stack(0x000070000801c000,0x000070000811c000)]
  0x00007fbdfce04800 JavaThread "EventAdminThread #20" daemon [_thread_blocked, id=91911, stack(0x000070000cc86000,0x000070000cd86000)]
  0x00007fbe01002800 JavaThread "EventAdminThread #19" daemon [_thread_blocked, id=90383, stack(0x000070000c97d000,0x000070000ca7d000)]
  0x00007fbe00bd6000 JavaThread "EventAdminThread #18" daemon [_thread_blocked, id=91395, stack(0x000070000cb83000,0x000070000cc83000)]
  0x00007fbe00bd2800 JavaThread "EventAdminThread #17" daemon [_thread_blocked, id=90883, stack(0x000070000ca80000,0x000070000cb80000)]
  0x00007fbe01057000 JavaThread "EventAdminThread #16" daemon [_thread_blocked, id=89863, stack(0x000070000c87a000,0x000070000c97a000)]
  0x00007fbe00bc4000 JavaThread "EventAdminThread #15" daemon [_thread_blocked, id=89099, stack(0x000070000c674000,0x000070000c774000)]
  0x00007fbdfb796000 JavaThread "EventAdminThread #14" daemon [_thread_blocked, id=89347, stack(0x000070000c777000,0x000070000c877000)]
  0x00007fbdfb2c0000 JavaThread "EventAdminThread #13" daemon [_thread_blocked, id=88583, stack(0x000070000c571000,0x000070000c671000)]
  0x00007fbdfb2be800 JavaThread "EventAdminThread #12" daemon [_thread_blocked, id=54039, stack(0x000070000c268000,0x000070000c368000)]
  0x00007fbdfb2bf000 JavaThread "EventAdminThread #11" daemon [_thread_blocked, id=65367, stack(0x000070000c46e000,0x000070000c56e000)]
  0x00007fbdfb2bc800 JavaThread "EventAdminThread #10" daemon [_thread_blocked, id=87307, stack(0x000070000c36b000,0x000070000c46b000)]
  0x00007fbdfce36800 JavaThread "EventAdminThread #9" daemon [_thread_blocked, id=52751, stack(0x000070000c062000,0x000070000c162000)]
  0x00007fbe0105a800 JavaThread "EventAdminThread #8" daemon [_thread_blocked, id=64263, stack(0x000070000c165000,0x000070000c265000)]
  0x00007fbe0105b800 JavaThread "EventAdminThread #7" daemon [_thread_blocked, id=64527, stack(0x000070000b7c1000,0x000070000b8c1000)]
  0x00007fbe00bda800 JavaThread "EventAdminThread #6" daemon [_thread_blocked, id=85523, stack(0x000070000bf5f000,0x000070000c05f000)]
  0x00007fbdff889800 JavaThread "EventAdminThread #5" daemon [_thread_blocked, id=47915, stack(0x000070000be5c000,0x000070000bf5c000)]
  0x00007fbe0104f000 JavaThread "EventAdminThread #4" daemon [_thread_blocked, id=87083, stack(0x000070000bd59000,0x000070000be59000)]
  0x00007fbdff886000 JavaThread "EventAdminThread #3" daemon [_thread_blocked, id=4167, stack(0x000070000bc56000,0x000070000bd56000)]
  0x00007fbe01243000 JavaThread "EventAdminThread #2" daemon [_thread_blocked, id=86811, stack(0x000070000bb53000,0x000070000bc53000)]
  0x00007fbdff893800 JavaThread "EventAdminThread #1" daemon [_thread_blocked, id=61199, stack(0x000070000b9ca000,0x000070000baca000)]
  0x00007fbdff6af000 JavaThread "metrics-console-reporter-1-thread-1" daemon [_thread_blocked, id=56611, stack(0x000070000b8c7000,0x000070000b9c7000)]
  0x00007fbdfd1d5800 JavaThread "javamelody" daemon [_thread_blocked, id=45319, stack(0x000070000b6be000,0x000070000b7be000)]
  0x00007fbdfbedc800 JavaThread "org.eclipse.jetty.server.session.HashSessionManager@17026576Timer" daemon [_thread_blocked, id=44807, stack(0x000070000b5bb000,0x000070000b6bb000)]
  0x00007fbdff845000 JavaThread "qtp336477804-100" [_thread_blocked, id=43015, stack(0x000070000b4b8000,0x000070000b5b8000)]
  0x00007fbdfb07a000 JavaThread "qtp336477804-99" [_thread_blocked, id=42759, stack(0x000070000b3b5000,0x000070000b4b5000)]
  0x00007fbdfd821800 JavaThread "qtp336477804-98" [_thread_blocked, id=44295, stack(0x000070000b2b2000,0x000070000b3b2000)]
  0x00007fbdfc18d800 JavaThread "qtp336477804-97" [_thread_blocked, id=41991, stack(0x000070000b1af000,0x000070000b2af000)]
  0x00007fbdfc24c800 JavaThread "qtp336477804-96" [_thread_blocked, id=41735, stack(0x000070000b0ac000,0x000070000b1ac000)]
  0x00007fbdfeaa1800 JavaThread "qtp336477804-95-acceptor-0@5ef844ba-ServerConnector@503fb115{HTTP/1.1}{0.0.0.0:8090}" [_thread_in_native, id=43783, stack(0x000070000afa9000,0x000070000b0a9000)]
  0x00007fbdff180000 JavaThread "qtp336477804-94-selector-ServerConnectorManager@5b54a179/1" [_thread_in_native, id=40971, stack(0x000070000aea6000,0x000070000afa6000)]
  0x00007fbdfe867800 JavaThread "qtp336477804-93-selector-ServerConnectorManager@5b54a179/0" [_thread_in_native, id=40719, stack(0x000070000ada3000,0x000070000aea3000)]
  0x00007fbdff82b000 JavaThread "AWT-AppKit" daemon [_thread_in_native, id=2059, stack(0x00007fff5d75b000,0x00007fff5df5b000)]
  0x00007fbdfbaa9800 JavaThread "Scheduler-908139452" [_thread_blocked, id=40195, stack(0x000070000aca0000,0x000070000ada0000)]
  0x00007fbdfdd57000 JavaThread "qtp1353172779-77" [_thread_blocked, id=39683, stack(0x000070000ab9d000,0x000070000ac9d000)]
  0x00007fbdfde5a000 JavaThread "qtp1353172779-76" [_thread_blocked, id=39171, stack(0x000070000aa9a000,0x000070000ab9a000)]
  0x00007fbdfdd5a000 JavaThread "qtp1353172779-75" [_thread_blocked, id=38659, stack(0x000070000a997000,0x000070000aa97000)]
  0x00007fbdff807000 JavaThread "qtp1353172779-74" [_thread_blocked, id=38147, stack(0x000070000a894000,0x000070000a994000)]
  0x00007fbdfe831000 JavaThread "qtp1353172779-73" [_thread_blocked, id=37635, stack(0x000070000a791000,0x000070000a891000)]
  0x00007fbdfe834000 JavaThread "qtp1353172779-72-acceptor-0@23eb2554-ServerConnector@2d2ccf59{HTTP/1.1}{0.0.0.0:2018}" [_thread_in_native, id=37123, stack(0x000070000a68e000,0x000070000a78e000)]
  0x00007fbdfbe7d800 JavaThread "qtp1353172779-71-selector-ServerConnectorManager@1bce5ef9/1" [_thread_in_native, id=5639, stack(0x000070000a58b000,0x000070000a68b000)]
  0x00007fbdfbf70000 JavaThread "qtp1353172779-70-selector-ServerConnectorManager@1bce5ef9/0" [_thread_in_native, id=4875, stack(0x000070000a488000,0x000070000a588000)]
  0x00007fbdfd0fc800 JavaThread "Timer-2" daemon [_thread_blocked, id=5383, stack(0x0000700007372000,0x0000700007472000)]
  0x00007fbdfdd8f000 JavaThread "Timer-1" daemon [_thread_blocked, id=36355, stack(0x000070000a385000,0x000070000a485000)]
  0x00007fbdfd974800 JavaThread "SCR Component Actor" daemon [_thread_blocked, id=35843, stack(0x000070000a282000,0x000070000a382000)]
  0x00007fbdfd8f3800 JavaThread "Thread-20" [_thread_blocked, id=35331, stack(0x000070000a17f000,0x000070000a27f000)]
  0x00007fbdfce07000 JavaThread "Gogo shell" [_thread_blocked, id=34819, stack(0x000070000a07c000,0x000070000a17c000)]
  0x00007fbdfd904000 JavaThread "Thread-19" daemon [_thread_blocked, id=34307, stack(0x0000700009f79000,0x000070000a079000)]
  0x00007fbdfc572800 JavaThread "Thread-18" daemon [_thread_blocked, id=33795, stack(0x0000700009e76000,0x0000700009f76000)]
  0x00007fbdfbd26800 JavaThread "Thread-17" daemon [_thread_blocked, id=33283, stack(0x0000700009d73000,0x0000700009e73000)]
  0x00007fbdfbd25000 JavaThread "Thread-16" daemon [_thread_blocked, id=32771, stack(0x0000700009c70000,0x0000700009d70000)]
  0x00007fbdfbab1000 JavaThread "Thread-15" daemon [_thread_blocked, id=32259, stack(0x0000700009b6d000,0x0000700009c6d000)]
  0x00007fbdfc3c7000 JavaThread "Thread-14" daemon [_thread_blocked, id=31747, stack(0x0000700009a6a000,0x0000700009b6a000)]
  0x00007fbdfbe81000 JavaThread "Thread-13" daemon [_thread_blocked, id=31235, stack(0x0000700009967000,0x0000700009a67000)]
  0x00007fbdfcd9e000 JavaThread "Thread-12" daemon [_thread_blocked, id=30723, stack(0x0000700009864000,0x0000700009964000)]
  0x00007fbdfd84c800 JavaThread "Thread-11" daemon [_thread_blocked, id=30215, stack(0x0000700009761000,0x0000700009861000)]
  0x00007fbdfd848000 JavaThread "Thread-9" daemon [_thread_blocked, id=29699, stack(0x000070000965e000,0x000070000975e000)]
  0x00007fbdfcd71800 JavaThread "fileinstall-addons" daemon [_thread_blocked, id=29187, stack(0x000070000955b000,0x000070000965b000)]
  0x00007fbdfbd61000 JavaThread "Thread-8" daemon [_thread_blocked, id=28675, stack(0x0000700009458000,0x0000700009558000)]
  0x00007fbdfcd67800 JavaThread "fileinstall-config/common" daemon [_thread_blocked, id=28163, stack(0x0000700009355000,0x0000700009455000)]
  0x00007fbdfd858800 JavaThread "Thread-7" daemon [_thread_blocked, id=27651, stack(0x0000700009252000,0x0000700009352000)]
  0x00007fbdfd858000 JavaThread "fileinstall-config/local" daemon [_thread_blocked, id=27139, stack(0x000070000914f000,0x000070000924f000)]
  0x00007fbdfd084000 JavaThread "Thread-6" daemon [_thread_blocked, id=26631, stack(0x000070000904c000,0x000070000914c000)]
  0x00007fbdfbbb6000 JavaThread "CM Event Dispatcher" daemon [_thread_blocked, id=26119, stack(0x0000700008f49000,0x0000700009049000)]
  0x00007fbdfcbc1000 JavaThread "CM Configuration Updater" daemon [_thread_blocked, id=25359, stack(0x0000700008d43000,0x0000700008e43000)]
  0x00007fbdfbc0d000 JavaThread "NanoHttpd Main Listener" [_thread_in_native, id=25607, stack(0x0000700008e46000,0x0000700008f46000)]
  0x00007fbdfb823800 JavaThread "FelixStartLevel" daemon [_thread_blocked, id=24071, stack(0x0000700008c40000,0x0000700008d40000)]
  0x00007fbdfc96e800 JavaThread "FrameworkWaiter" [_thread_blocked, id=25095, stack(0x0000700008b3d000,0x0000700008c3d000)]
  0x00007fbdfb29c000 JavaThread "FelixFrameworkWiring" daemon [_thread_blocked, id=24583, stack(0x0000700008a3a000,0x0000700008b3a000)]
  0x00007fbdfb840000 JavaThread "FelixDispatchQueue" [_thread_blocked, id=23043, stack(0x0000700008937000,0x0000700008a37000)]
  0x00007fbdfc0c5000 JavaThread "Timer-0" daemon [_thread_blocked, id=22531, stack(0x0000700008834000,0x0000700008934000)]
  0x00007fbdfc069000 JavaThread "Service Thread" daemon [_thread_blocked, id=21507, stack(0x000070000862e000,0x000070000872e000)]
  0x00007fbdfc089000 JavaThread "C1 CompilerThread2" daemon [_thread_blocked, id=20995, stack(0x000070000852b000,0x000070000862b000)]
  0x00007fbdfc04a000 JavaThread "C2 CompilerThread1" daemon [_thread_blocked, id=20483, stack(0x0000700008428000,0x0000700008528000)]
  0x00007fbdfc049800 JavaThread "C2 CompilerThread0" daemon [_thread_blocked, id=19971, stack(0x0000700008325000,0x0000700008425000)]
  0x00007fbdfc835800 JavaThread "VM JFR Buffer Thread" daemon [_thread_blocked, id=19459, stack(0x0000700008222000,0x0000700008322000)]
  0x00007fbdfc02f000 JavaThread "JFR request timer" daemon [_thread_blocked, id=18947, stack(0x000070000811f000,0x000070000821f000)]
  0x00007fbdfc816000 JavaThread "JDWP Event Helper Thread" daemon [_thread_blocked, id=17923, stack(0x0000700007f19000,0x0000700008019000)]
  0x00007fbdfc815800 JavaThread "JDWP Transport Listener: dt_socket" daemon [_thread_in_native, id=17411, stack(0x0000700007e16000,0x0000700007f16000)]
  0x00007fbdfc025000 JavaThread "Signal Dispatcher" daemon [_thread_blocked, id=16899, stack(0x0000700007d13000,0x0000700007e13000)]
  0x00007fbdfc003000 JavaThread "Finalizer" daemon [_thread_blocked, id=12803, stack(0x0000700007c10000,0x0000700007d10000)]
  0x00007fbdfb811800 JavaThread "Reference Handler" daemon [_thread_blocked, id=12291, stack(0x0000700007b0d000,0x0000700007c0d000)]
  0x00007fbdfb002800 JavaThread "main" [_thread_blocked, id=7427, stack(0x00007000074fb000,0x00007000075fb000)]

Other Threads:
=>0x00007fbdfb02d800 VMThread [stack: 0x0000700007a0a000,0x0000700007b0a000] [id=11779]
  0x00007fbdfc832000 WatcherThread [stack: 0x0000700008731000,0x0000700008831000] [id=22019]

VM state:at safepoint (normal execution)

VM Mutex/Monitor currently owned by a thread:  ([mutex/lock_event])
[0x00007fbdfae03570] Threads_lock - owner thread: 0x00007fbdfb02d800
[0x00007fbdfae03a70] Heap_lock - owner thread: 0x00007fbe01012000
[0x00007fbdfae042f0] PeriodicTask_lock - owner thread: 0x00007fbdfc832000

Heap:
 PSYoungGen      total 105472K, used 105222K [0x0000000795580000, 0x000000079e880000, 0x00000007c0000000)
  eden space 98816K, 100% used [0x0000000795580000,0x000000079b600000,0x000000079b600000)
  from space 6656K, 96% used [0x000000079e200000,0x000000079e841b60,0x000000079e880000)
  to   space 11776K, 0% used [0x000000079d180000,0x000000079d180000,0x000000079dd00000)
 ParOldGen       total 102912K, used 17077K [0x0000000740000000, 0x0000000746480000, 0x0000000795580000)
  object space 102912K, 16% used [0x0000000740000000,0x00000007410ad618,0x0000000746480000)
 Metaspace       used 39169K, capacity 42352K, committed 42496K, reserved 1085440K
  class space    used 4591K, capacity 5567K, committed 5632K, reserved 1048576K

Card table byte_map: [0x0000000112dc0000,0x00000001131c1000] byte_map_base: 0x000000010f3c0000

Marking Bits: (ParMarkBitMap*) 0x0000000102a54ea0
 Begin Bits: [0x00000001131c1000, 0x00000001151c1000)
 End Bits:   [0x00000001151c1000, 0x00000001171c1000)

Polling page: 0x0000000101d65000

CodeCache: size=245760Kb used=14442Kb max_used=14461Kb free=231317Kb
 bounds [0x0000000103a00000, 0x0000000104840000, 0x0000000112a00000]
 total_blobs=5069 nmethods=4548 adapters=442
 compilation: enabled

Compilation events (10 events):
Event: 3421.625 Thread 0x00007fbdfc049800 nmethod 5421 0x0000000104824650 code [0x00000001048247e0, 0x0000000104824db8]
Event: 3421.629 Thread 0x00007fbdfc04a000 nmethod 5422 0x00000001047fe510 code [0x00000001047fe660, 0x00000001047fe8b8]
Event: 3467.356 Thread 0x00007fbdfc089000 5424       3       sun.management.ThreadImpl::verifyThreadIds (66 bytes)
Event: 3467.358 Thread 0x00007fbdfc089000 nmethod 5424 0x00000001047ff190 code [0x00000001047ff3a0, 0x00000001047ffdc8]
Event: 3467.366 Thread 0x00007fbdfc089000 5423       3       sun.management.ThreadImpl::verifyThreadCpuTime (78 bytes)
Event: 3467.369 Thread 0x00007fbdfc089000 nmethod 5423 0x00000001048257d0 code [0x0000000104825a40, 0x0000000104826758]
Event: 3480.637 Thread 0x00007fbdfc089000 5425       3       net.bull.javamelody.Counter::clone (139 bytes)
Event: 3480.646 Thread 0x00007fbdfc089000 nmethod 5425 0x00000001046a3150 code [0x00000001046a33a0, 0x00000001046a40b8]
Event: 3524.295 Thread 0x00007fbdfc049800 5426       4       sun.nio.fs.NativeBuffers::releaseNativeBuffer (103 bytes)
Event: 3524.316 Thread 0x00007fbdfc049800 nmethod 5426 0x0000000104190c10 code [0x0000000104190dc0, 0x0000000104191358]

GC Heap History (10 events):
Event: 6.560 GC heap before
{Heap before GC invocations=6 (full 1):
 PSYoungGen      total 71680K, used 66560K [0x0000000795580000, 0x000000079a080000, 0x00000007c0000000)
  eden space 66560K, 100% used [0x0000000795580000,0x0000000799680000,0x0000000799680000)
  from space 5120K, 0% used [0x0000000799b80000,0x0000000799b80000,0x000000079a080000)
  to   space 5120K, 0% used [0x0000000799680000,0x0000000799680000,0x0000000799b80000)
 ParOldGen       total 67072K, used 12267K [0x0000000740000000, 0x0000000744180000, 0x0000000795580000)
  object space 67072K, 18% used [0x0000000740000000,0x0000000740bfaef8,0x0000000744180000)
 Metaspace       used 28732K, capacity 30662K, committed 30976K, reserved 1077248K
  class space    used 3422K, capacity 4046K, committed 4096K, reserved 1048576K
Event: 6.574 GC heap after
Heap after GC invocations=6 (full 1):
 PSYoungGen      total 71680K, used 5089K [0x0000000795580000, 0x000000079d100000, 0x00000007c0000000)
  eden space 66560K, 0% used [0x0000000795580000,0x0000000795580000,0x0000000799680000)
  from space 5120K, 99% used [0x0000000799680000,0x0000000799b78660,0x0000000799b80000)
  to   space 11776K, 0% used [0x000000079c580000,0x000000079c580000,0x000000079d100000)
 ParOldGen       total 67072K, used 15767K [0x0000000740000000, 0x0000000744180000, 0x0000000795580000)
  object space 67072K, 23% used [0x0000000740000000,0x0000000740f65fa8,0x0000000744180000)
 Metaspace       used 28732K, capacity 30662K, committed 30976K, reserved 1077248K
  class space    used 3422K, capacity 4046K, committed 4096K, reserved 1048576K
}
Event: 7.591 GC heap before
{Heap before GC invocations=7 (full 1):
 PSYoungGen      total 71680K, used 54201K [0x0000000795580000, 0x000000079d100000, 0x00000007c0000000)
  eden space 66560K, 73% used [0x0000000795580000,0x0000000798575df0,0x0000000799680000)
  from space 5120K, 99% used [0x0000000799680000,0x0000000799b78660,0x0000000799b80000)
  to   space 11776K, 0% used [0x000000079c580000,0x000000079c580000,0x000000079d100000)
 ParOldGen       total 67072K, used 15767K [0x0000000740000000, 0x0000000744180000, 0x0000000795580000)
  object space 67072K, 23% used [0x0000000740000000,0x0000000740f65fa8,0x0000000744180000)
 Metaspace       used 33326K, capacity 35376K, committed 35496K, reserved 1081344K
  class space    used 3935K, capacity 4608K, committed 4608K, reserved 1048576K
Event: 7.602 GC heap after
Heap after GC invocations=7 (full 1):
 PSYoungGen      total 111616K, used 7560K [0x0000000795580000, 0x000000079cf80000, 0x00000007c0000000)
  eden space 101376K, 0% used [0x0000000795580000,0x0000000795580000,0x000000079b880000)
  from space 10240K, 73% used [0x000000079c580000,0x000000079cce2028,0x000000079cf80000)
  to   space 11776K, 0% used [0x000000079b880000,0x000000079b880000,0x000000079c400000)
 ParOldGen       total 67072K, used 15775K [0x0000000740000000, 0x0000000744180000, 0x0000000795580000)
  object space 67072K, 23% used [0x0000000740000000,0x0000000740f67fa8,0x0000000744180000)
 Metaspace       used 33326K, capacity 35376K, committed 35496K, reserved 1081344K
  class space    used 3935K, capacity 4608K, committed 4608K, reserved 1048576K
}
Event: 7.602 GC heap before
{Heap before GC invocations=8 (full 2):
 PSYoungGen      total 111616K, used 7560K [0x0000000795580000, 0x000000079cf80000, 0x00000007c0000000)
  eden space 101376K, 0% used [0x0000000795580000,0x0000000795580000,0x000000079b880000)
  from space 10240K, 73% used [0x000000079c580000,0x000000079cce2028,0x000000079cf80000)
  to   space 11776K, 0% used [0x000000079b880000,0x000000079b880000,0x000000079c400000)
 ParOldGen       total 67072K, used 15775K [0x0000000740000000, 0x0000000744180000, 0x0000000795580000)
  object space 67072K, 23% used [0x0000000740000000,0x0000000740f67fa8,0x0000000744180000)
 Metaspace       used 33326K, capacity 35376K, committed 35496K, reserved 1081344K
  class space    used 3935K, capacity 4608K, committed 4608K, reserved 1048576K
Event: 7.717 GC heap after
Heap after GC invocations=8 (full 2):
 PSYoungGen      total 111616K, used 0K [0x0000000795580000, 0x000000079cf80000, 0x00000007c0000000)
  eden space 101376K, 0% used [0x0000000795580000,0x0000000795580000,0x000000079b880000)
  from space 10240K, 0% used [0x000000079c580000,0x000000079c580000,0x000000079cf80000)
  to   space 11776K, 0% used [0x000000079b880000,0x000000079b880000,0x000000079c400000)
 ParOldGen       total 102912K, used 17061K [0x0000000740000000, 0x0000000746480000, 0x0000000795580000)
  object space 102912K, 16% used [0x0000000740000000,0x00000007410a9618,0x0000000746480000)
 Metaspace       used 33326K, capacity 35376K, committed 35496K, reserved 1081344K
  class space    used 3935K, capacity 4608K, committed 4608K, reserved 1048576K
}
Event: 17.253 GC heap before
{Heap before GC invocations=9 (full 2):
 PSYoungGen      total 111616K, used 101376K [0x0000000795580000, 0x000000079cf80000, 0x00000007c0000000)
  eden space 101376K, 100% used [0x0000000795580000,0x000000079b880000,0x000000079b880000)
  from space 10240K, 0% used [0x000000079c580000,0x000000079c580000,0x000000079cf80000)
  to   space 11776K, 0% used [0x000000079b880000,0x000000079b880000,0x000000079c400000)
 ParOldGen       total 102912K, used 17061K [0x0000000740000000, 0x0000000746480000, 0x0000000795580000)
  object space 102912K, 16% used [0x0000000740000000,0x00000007410a9618,0x0000000746480000)
 Metaspace       used 38710K, capacity 41924K, committed 42240K, reserved 1085440K
  class space    used 4571K, capacity 5523K, committed 5632K, reserved 1048576K
Event: 17.277 GC heap after
Heap after GC invocations=9 (full 2):
 PSYoungGen      total 113152K, used 7445K [0x0000000795580000, 0x000000079ed80000, 0x00000007c0000000)
  eden space 101376K, 0% used [0x0000000795580000,0x0000000795580000,0x000000079b880000)
  from space 11776K, 63% used [0x000000079b880000,0x000000079bfc55d0,0x000000079c400000)
  to   space 11776K, 0% used [0x000000079e200000,0x000000079e200000,0x000000079ed80000)
 ParOldGen       total 102912K, used 17069K [0x0000000740000000, 0x0000000746480000, 0x0000000795580000)
  object space 102912K, 16% used [0x0000000740000000,0x00000007410ab618,0x0000000746480000)
 Metaspace       used 38710K, capacity 41924K, committed 42240K, reserved 1085440K
  class space    used 4571K, capacity 5523K, committed 5632K, reserved 1048576K
}
Event: 1569.604 GC heap before
{Heap before GC invocations=10 (full 2):
 PSYoungGen      total 113152K, used 108821K [0x0000000795580000, 0x000000079ed80000, 0x00000007c0000000)
  eden space 101376K, 100% used [0x0000000795580000,0x000000079b880000,0x000000079b880000)
  from space 11776K, 63% used [0x000000079b880000,0x000000079bfc55d0,0x000000079c400000)
  to   space 11776K, 0% used [0x000000079e200000,0x000000079e200000,0x000000079ed80000)
 ParOldGen       total 102912K, used 17069K [0x0000000740000000, 0x0000000746480000, 0x0000000795580000)
  object space 102912K, 16% used [0x0000000740000000,0x00000007410ab618,0x0000000746480000)
 Metaspace       used 39069K, capacity 42218K, committed 42496K, reserved 1085440K
  class space    used 4587K, capacity 5566K, committed 5632K, reserved 1048576K
Event: 1569.632 GC heap after
Heap after GC invocations=10 (full 2):
 PSYoungGen      total 105472K, used 6406K [0x0000000795580000, 0x000000079e880000, 0x00000007c0000000)
  eden space 98816K, 0% used [0x0000000795580000,0x0000000795580000,0x000000079b600000)
  from space 6656K, 96% used [0x000000079e200000,0x000000079e841b60,0x000000079e880000)
  to   space 11776K, 0% used [0x000000079d180000,0x000000079d180000,0x000000079dd00000)
 ParOldGen       total 102912K, used 17077K [0x0000000740000000, 0x0000000746480000, 0x0000000795580000)
  object space 102912K, 16% used [0x0000000740000000,0x00000007410ad618,0x0000000746480000)
 Metaspace       used 39069K, capacity 42218K, committed 42496K, reserved 1085440K
  class space    used 4587K, capacity 5566K, committed 5632K, reserved 1048576K
}

Deoptimization events (10 events):
Event: 414.932 Thread 0x00007fbdfce04800 Uncommon trap: reason=unstable_if action=reinterpret pc=0x00000001043e29f0 method=java.io.PipedInputStream.checkStateForReceive()V @ 45
Event: 414.960 Thread 0x00007fbdfc990800 Uncommon trap: reason=unstable_if action=reinterpret pc=0x00000001044e29b8 method=java.io.BufferedReader.readLine(Z)Ljava/lang/String; @ 265
Event: 414.991 Thread 0x00007fbdfce04800 Uncommon trap: reason=bimorphic action=maybe_recompile pc=0x000000010453c230 method=java.util.Collections$SetFromMap.add(Ljava/lang/Object;)Z @ 8
Event: 2280.582 Thread 0x00007fbdfd1d5800 Uncommon trap: reason=null_check action=make_not_entrant pc=0x00000001046a1c00 method=net.bull.javamelody.SamplingProfiler.addSample(Ljava/lang/StackTraceElement;)V @ 26
Event: 2283.062 Thread 0x00007fbdfd1d5800 Uncommon trap: reason=unstable_if action=reinterpret pc=0x00000001047e4c4c method=org.jrobin.core.RrdInt.set(I)V @ 27
Event: 2554.294 Thread 0x00007fbdfd858800 Uncommon trap: reason=range_check action=make_not_entrant pc=0x00000001047ff388 method=sun.nio.fs.UnixDirectoryStream$UnixDirectoryIterator.isSelfOrParent([B)Z @ 2
Event: 2675.076 Thread 0x00007fbe01010800 Uncommon trap: reason=bimorphic action=maybe_recompile pc=0x000000010453c230 method=java.util.Collections$SetFromMap.add(Ljava/lang/Object;)Z @ 8
Event: 2782.163 Thread 0x00007fbdfce07000 Uncommon trap: reason=unstable_if action=reinterpret pc=0x00000001047b8614 method=org.apache.felix.framework.Felix.adapt(Ljava/lang/Class;)Ljava/lang/Object; @ 45
Event: 2787.278 Thread 0x00007fbdfce07000 Uncommon trap: reason=unstable_if action=reinterpret pc=0x00000001040e5178 method=java.io.PrintStream.write(Ljava/lang/String;)V @ 43
Event: 3530.136 Thread 0x00007fbdfc025000 Uncommon trap: reason=class_check action=maybe_recompile pc=0x00000001041f1088 method=java.util.Hashtable.get(Ljava/lang/Object;)Ljava/lang/Object; @ 6

Internal exceptions (10 events):
Event: 10.709 Thread 0x00007fbdfb002800 Exception <a 'sun/nio/fs/UnixException'> (0x000000079aaec150) thrown at [/Users/java_re/workspace/8-2-build-macosx-x86_64/jdk8u74/6087/hotspot/src/share/vm/prims/jni.cpp, line 709]
Event: 17.066 Thread 0x00007fbdff884800 Exception <a 'java/lang/reflect/InvocationTargetException'> (0x000000079b211f98) thrown at [/Users/java_re/workspace/8-2-build-macosx-x86_64/jdk8u74/6087/hotspot/src/share/vm/runtime/reflection.cpp, line 1092]
Event: 239.863 Thread 0x00007fbe00bd8800 Exception <a 'java/lang/reflect/InvocationTargetException'> (0x00000007967f9b38) thrown at [/Users/java_re/workspace/8-2-build-macosx-x86_64/jdk8u74/6087/hotspot/src/share/vm/runtime/reflection.cpp, line 1092]
Event: 414.929 Thread 0x00007fbdfce04800 Exception <a 'java/lang/reflect/InvocationTargetException'> (0x0000000797d5f938) thrown at [/Users/java_re/workspace/8-2-build-macosx-x86_64/jdk8u74/6087/hotspot/src/share/vm/runtime/reflection.cpp, line 1092]
Event: 2280.581 Thread 0x00007fbdfd1d5800 Implicit null exception at 0x00000001046a09d4 to 0x00000001046a1bb1
Event: 2281.794 Thread 0x00007fbdfd1d5800 Exception <a 'java/net/UnknownHostException'> (0x0000000797432120) thrown at [/Users/java_re/workspace/8-2-build-macosx-x86_64/jdk8u74/6087/hotspot/src/share/vm/prims/jni.cpp, line 709]
Event: 2675.016 Thread 0x00007fbe01010800 Exception <a 'java/lang/reflect/InvocationTargetException'> (0x00000007984e5930) thrown at [/Users/java_re/workspace/8-2-build-macosx-x86_64/jdk8u74/6087/hotspot/src/share/vm/runtime/reflection.cpp, line 1092]
Event: 3530.190 Thread 0x00007fbdfce07000 Exception <a 'java/io/IOException'> (0x00000007997a2598) thrown at [/Users/java_re/workspace/8-2-build-macosx-x86_64/jdk8u74/6087/hotspot/src/share/vm/prims/jni.cpp, line 709]
Event: 3530.207 Thread 0x00007fbdfce07000 Exception <a 'java/io/IOException'> (0x00000007997a2890) thrown at [/Users/java_re/workspace/8-2-build-macosx-x86_64/jdk8u74/6087/hotspot/src/share/vm/prims/jni.cpp, line 709]
Event: 3530.207 Thread 0x00007fbdfce07000 Exception <a 'java/io/IOException'> (0x00000007997a2b58) thrown at [/Users/java_re/workspace/8-2-build-macosx-x86_64/jdk8u74/6087/hotspot/src/share/vm/prims/jni.cpp, line 709]

Events (10 events):
Event: 3530.236 Thread 0x00007fbe01012000 Thread added: 0x00007fbe01012000
Event: 3530.265 loading class org/apache/felix/framework/Felix$2
Event: 3530.265 loading class org/apache/felix/framework/Felix$2 done
Event: 3530.267 Thread 0x00007fbdfce07000 DEOPT PACKING pc=0x0000000103c0b671 sp=0x000070000a1794e0
Event: 3530.267 Thread 0x00007fbdfce07000 DEOPT UNPACKING pc=0x0000000103a47633 sp=0x000070000a179250 mode 1
Event: 3530.267 Thread 0x00007fbdfce07000 DEOPT PACKING pc=0x0000000103b65e14 sp=0x000070000a179560
Event: 3530.267 Thread 0x00007fbdfce07000 DEOPT UNPACKING pc=0x0000000103a47633 sp=0x000070000a1793a0 mode 1
Event: 3530.267 Thread 0x00007fbdfce07000 DEOPT PACKING pc=0x0000000103b65bb4 sp=0x000070000a1796f0
Event: 3530.267 Thread 0x00007fbdfce07000 DEOPT UNPACKING pc=0x0000000103a47633 sp=0x000070000a179530 mode 1
Event: 3530.314 Executing VM operation: ParallelGCFailedAllocation


Dynamic libraries:
0x00000000330ad000 	/System/Library/Frameworks/Cocoa.framework/Versions/A/Cocoa
0x00000000330ad000 	/System/Library/Frameworks/Security.framework/Versions/A/Security
0x00000000330ad000 	/System/Library/Frameworks/ApplicationServices.framework/Versions/A/ApplicationServices
0x00000000330ad000 	/usr/lib/libz.1.dylib
0x00000000330ad000 	/usr/lib/libSystem.B.dylib
0x00000000330ad000 	/usr/lib/libobjc.A.dylib
0x00000000330ad000 	/System/Library/Frameworks/CoreFoundation.framework/Versions/A/CoreFoundation
0x00000000330ad000 	/System/Library/Frameworks/Foundation.framework/Versions/C/Foundation
0x00000000330ad000 	/System/Library/Frameworks/AppKit.framework/Versions/C/AppKit
0x00000000330ad000 	/System/Library/Frameworks/CoreData.framework/Versions/A/CoreData
0x00000000330ad000 	/System/Library/PrivateFrameworks/RemoteViewServices.framework/Versions/A/RemoteViewServices
0x00000000330ad000 	/System/Library/PrivateFrameworks/UIFoundation.framework/Versions/A/UIFoundation
0x00000000330ad000 	/usr/lib/libenergytrace.dylib
0x00000000330ad000 	/System/Library/PrivateFrameworks/SkyLight.framework/Versions/A/SkyLight
0x00000000330ad000 	/System/Library/Frameworks/CoreGraphics.framework/Versions/A/CoreGraphics
0x00000000330ad000 	/usr/lib/libScreenReader.dylib
0x00000000330ad000 	/System/Library/Frameworks/Accelerate.framework/Versions/A/Accelerate
0x00000000330ad000 	/System/Library/Frameworks/IOSurface.framework/Versions/A/IOSurface
0x00000000330ad000 	/System/Library/Frameworks/AudioToolbox.framework/Versions/A/AudioToolbox
0x00000000330ad000 	/System/Library/Frameworks/AudioUnit.framework/Versions/A/AudioUnit
0x00000000330ad000 	/System/Library/PrivateFrameworks/DataDetectorsCore.framework/Versions/A/DataDetectorsCore
0x00000000330ad000 	/System/Library/PrivateFrameworks/DesktopServicesPriv.framework/Versions/A/DesktopServicesPriv
0x00000000330ad000 	/System/Library/Frameworks/Carbon.framework/Versions/A/Frameworks/HIToolbox.framework/Versions/A/HIToolbox
0x00000000330ad000 	/usr/lib/libicucore.A.dylib
0x00000000330ad000 	/System/Library/Frameworks/QuartzCore.framework/Versions/A/QuartzCore
0x00000000330ad000 	/System/Library/Frameworks/Carbon.framework/Versions/A/Frameworks/SpeechRecognition.framework/Versions/A/SpeechRecognition
0x00000000330ad000 	/usr/lib/libauto.dylib
0x00000000330ad000 	/usr/lib/libxml2.2.dylib
0x00000000330ad000 	/System/Library/PrivateFrameworks/CoreUI.framework/Versions/A/CoreUI
0x00000000330ad000 	/System/Library/Frameworks/CoreAudio.framework/Versions/A/CoreAudio
0x00000000330ad000 	/System/Library/Frameworks/DiskArbitration.framework/Versions/A/DiskArbitration
0x00000000330ad000 	/usr/lib/liblangid.dylib
0x00000000330ad000 	/System/Library/PrivateFrameworks/MultitouchSupport.framework/Versions/A/MultitouchSupport
0x00000000330ad000 	/System/Library/Frameworks/IOKit.framework/Versions/A/IOKit
0x00000000330ad000 	/usr/lib/libDiagnosticMessagesClient.dylib
0x00000000330ad000 	/System/Library/Frameworks/CoreServices.framework/Versions/A/CoreServices
0x00000000330ad000 	/System/Library/PrivateFrameworks/PerformanceAnalysis.framework/Versions/A/PerformanceAnalysis
0x00000000330ad000 	/System/Library/PrivateFrameworks/GenerationalStorage.framework/Versions/A/GenerationalStorage
0x00000000330ad000 	/System/Library/Frameworks/OpenGL.framework/Versions/A/OpenGL
0x00000000330ad000 	/System/Library/Frameworks/CoreImage.framework/Versions/A/CoreImage
0x00000000330ad000 	/System/Library/Frameworks/CoreText.framework/Versions/A/CoreText
0x00000000330ad000 	/System/Library/Frameworks/ImageIO.framework/Versions/A/ImageIO
0x00000000330ad000 	/System/Library/PrivateFrameworks/Backup.framework/Versions/A/Backup
0x00000000330ad000 	/usr/lib/libarchive.2.dylib
0x00000000330ad000 	/System/Library/Frameworks/CFNetwork.framework/Versions/A/CFNetwork
0x00000000330ad000 	/System/Library/Frameworks/SystemConfiguration.framework/Versions/A/SystemConfiguration
0x00000000330ad000 	/usr/lib/libCRFSuite.dylib
0x00000000330ad000 	/usr/lib/libc++.1.dylib
0x00000000330ad000 	/usr/lib/libc++abi.dylib
0x00000000330ad000 	/usr/lib/system/libcache.dylib
0x00000000330ad000 	/usr/lib/system/libcommonCrypto.dylib
0x00000000330ad000 	/usr/lib/system/libcompiler_rt.dylib
0x00000000330ad000 	/usr/lib/system/libcopyfile.dylib
0x00000000330ad000 	/usr/lib/system/libcorecrypto.dylib
0x00000000330ad000 	/usr/lib/system/libdispatch.dylib
0x00000000330ad000 	/usr/lib/system/libdyld.dylib
0x00000000330ad000 	/usr/lib/system/libkeymgr.dylib
0x00000000330ad000 	/usr/lib/system/liblaunch.dylib
0x00000000330ad000 	/usr/lib/system/libmacho.dylib
0x00000000330ad000 	/usr/lib/system/libquarantine.dylib
0x00000000330ad000 	/usr/lib/system/libremovefile.dylib
0x00000000330ad000 	/usr/lib/system/libsystem_asl.dylib
0x00000000330ad000 	/usr/lib/system/libsystem_blocks.dylib
0x00000000330ad000 	/usr/lib/system/libsystem_c.dylib
0x00000000330ad000 	/usr/lib/system/libsystem_configuration.dylib
0x00000000330ad000 	/usr/lib/system/libsystem_coreservices.dylib
0x00000000330ad000 	/usr/lib/system/libsystem_coretls.dylib
0x00000000330ad000 	/usr/lib/system/libsystem_dnssd.dylib
0x00000000330ad000 	/usr/lib/system/libsystem_info.dylib
0x00000000330ad000 	/usr/lib/system/libsystem_kernel.dylib
0x00000000330ad000 	/usr/lib/system/libsystem_m.dylib
0x00000000330ad000 	/usr/lib/system/libsystem_malloc.dylib
0x00000000330ad000 	/usr/lib/system/libsystem_network.dylib
0x00000000330ad000 	/usr/lib/system/libsystem_networkextension.dylib
0x00000000330ad000 	/usr/lib/system/libsystem_notify.dylib
0x00000000330ad000 	/usr/lib/system/libsystem_platform.dylib
0x00000000330ad000 	/usr/lib/system/libsystem_pthread.dylib
0x00000000330ad000 	/usr/lib/system/libsystem_sandbox.dylib
0x00000000330ad000 	/usr/lib/system/libsystem_secinit.dylib
0x00000000330ad000 	/usr/lib/system/libsystem_symptoms.dylib
0x00000000330ad000 	/usr/lib/system/libsystem_trace.dylib
0x00000000330ad000 	/usr/lib/system/libunwind.dylib
0x00000000330ad000 	/usr/lib/system/libxpc.dylib
0x00000000330ad000 	/usr/lib/libbsm.0.dylib
0x00000000330ad000 	/usr/lib/system/libkxld.dylib
0x00000000330ad000 	/usr/lib/libcoretls.dylib
0x00000000330ad000 	/usr/lib/libcoretls_cfhelpers.dylib
0x00000000330ad000 	/usr/lib/libxar.1.dylib
0x00000000330ad000 	/usr/lib/libsqlite3.dylib
0x00000000330ad000 	/usr/lib/libpam.2.dylib
0x00000000330ad000 	/usr/lib/libOpenScriptingUtil.dylib
0x00000000330ad000 	/usr/lib/libbz2.1.0.dylib
0x00000000330ad000 	/usr/lib/liblzma.5.dylib
0x00000000330ad000 	/usr/lib/libnetwork.dylib
0x00000000330ad000 	/usr/lib/libpcap.A.dylib
0x00000000330ad000 	/System/Library/Frameworks/CoreServices.framework/Versions/A/Frameworks/FSEvents.framework/Versions/A/FSEvents
0x00000000330ad000 	/System/Library/Frameworks/CoreServices.framework/Versions/A/Frameworks/CarbonCore.framework/Versions/A/CarbonCore
0x00000000330ad000 	/System/Library/Frameworks/CoreServices.framework/Versions/A/Frameworks/Metadata.framework/Versions/A/Metadata
0x00000000330ad000 	/System/Library/Frameworks/CoreServices.framework/Versions/A/Frameworks/OSServices.framework/Versions/A/OSServices
0x00000000330ad000 	/System/Library/Frameworks/CoreServices.framework/Versions/A/Frameworks/SearchKit.framework/Versions/A/SearchKit
0x00000000330ad000 	/System/Library/Frameworks/CoreServices.framework/Versions/A/Frameworks/AE.framework/Versions/A/AE
0x00000000330ad000 	/System/Library/Frameworks/CoreServices.framework/Versions/A/Frameworks/LaunchServices.framework/Versions/A/LaunchServices
0x00000000330ad000 	/System/Library/Frameworks/CoreServices.framework/Versions/A/Frameworks/DictionaryServices.framework/Versions/A/DictionaryServices
0x00000000330ad000 	/System/Library/Frameworks/CoreServices.framework/Versions/A/Frameworks/SharedFileList.framework/Versions/A/SharedFileList
0x00000000330ad000 	/System/Library/Frameworks/NetFS.framework/Versions/A/NetFS
0x00000000330ad000 	/System/Library/PrivateFrameworks/NetAuth.framework/Versions/A/NetAuth
0x00000000330ad000 	/System/Library/PrivateFrameworks/login.framework/Versions/A/Frameworks/loginsupport.framework/Versions/A/loginsupport
0x00000000330ad000 	/System/Library/PrivateFrameworks/TCC.framework/Versions/A/TCC
0x00000000330ad000 	/usr/lib/libmecabra.dylib
0x00000000330ad000 	/System/Library/Frameworks/ApplicationServices.framework/Versions/A/Frameworks/ATS.framework/Versions/A/ATS
0x00000000330ad000 	/System/Library/Frameworks/ApplicationServices.framework/Versions/A/Frameworks/ColorSync.framework/Versions/A/ColorSync
0x00000000330ad000 	/System/Library/Frameworks/ApplicationServices.framework/Versions/A/Frameworks/HIServices.framework/Versions/A/HIServices
0x00000000330ad000 	/System/Library/Frameworks/ApplicationServices.framework/Versions/A/Frameworks/LangAnalysis.framework/Versions/A/LangAnalysis
0x00000000330ad000 	/System/Library/Frameworks/ApplicationServices.framework/Versions/A/Frameworks/PrintCore.framework/Versions/A/PrintCore
0x00000000330ad000 	/System/Library/Frameworks/ApplicationServices.framework/Versions/A/Frameworks/QD.framework/Versions/A/QD
0x00000000330ad000 	/System/Library/Frameworks/ApplicationServices.framework/Versions/A/Frameworks/SpeechSynthesis.framework/Versions/A/SpeechSynthesis
0x00000000330ad000 	/System/Library/Frameworks/Accelerate.framework/Versions/A/Frameworks/vImage.framework/Versions/A/vImage
0x00000000330ad000 	/System/Library/Frameworks/Accelerate.framework/Versions/A/Frameworks/vecLib.framework/Versions/A/vecLib
0x00000000330ad000 	/System/Library/Frameworks/Accelerate.framework/Versions/A/Frameworks/vecLib.framework/Versions/A/libvDSP.dylib
0x00000000330ad000 	/System/Library/Frameworks/Accelerate.framework/Versions/A/Frameworks/vecLib.framework/Versions/A/libBNNS.dylib
0x00000000330ad000 	/System/Library/Frameworks/Accelerate.framework/Versions/A/Frameworks/vecLib.framework/Versions/A/libQuadrature.dylib
0x00000000330ad000 	/System/Library/Frameworks/Accelerate.framework/Versions/A/Frameworks/vecLib.framework/Versions/A/libvMisc.dylib
0x00000000330ad000 	/System/Library/Frameworks/Accelerate.framework/Versions/A/Frameworks/vecLib.framework/Versions/A/libLAPACK.dylib
0x00000000330ad000 	/System/Library/Frameworks/Accelerate.framework/Versions/A/Frameworks/vecLib.framework/Versions/A/libBLAS.dylib
0x00000000330ad000 	/System/Library/Frameworks/Accelerate.framework/Versions/A/Frameworks/vecLib.framework/Versions/A/libLinearAlgebra.dylib
0x00000000330ad000 	/System/Library/Frameworks/Accelerate.framework/Versions/A/Frameworks/vecLib.framework/Versions/A/libSparseBLAS.dylib
0x00000000330ad000 	/System/Library/Frameworks/ApplicationServices.framework/Versions/A/Frameworks/ATS.framework/Versions/A/Resources/libFontParser.dylib
0x00000000330ad000 	/System/Library/Frameworks/ApplicationServices.framework/Versions/A/Frameworks/ATS.framework/Versions/A/Resources/libFontRegistry.dylib
0x00000000330ad000 	/System/Library/Frameworks/ImageIO.framework/Versions/A/Resources/libJPEG.dylib
0x00000000330ad000 	/System/Library/Frameworks/ImageIO.framework/Versions/A/Resources/libTIFF.dylib
0x00000000330ad000 	/System/Library/Frameworks/ImageIO.framework/Versions/A/Resources/libPng.dylib
0x00000000330ad000 	/System/Library/Frameworks/ImageIO.framework/Versions/A/Resources/libGIF.dylib
0x00000000330ad000 	/System/Library/Frameworks/ImageIO.framework/Versions/A/Resources/libJP2.dylib
0x00000000330ad000 	/System/Library/Frameworks/ImageIO.framework/Versions/A/Resources/libRadiance.dylib
0x00000000330ad000 	/usr/lib/libcompression.dylib
0x00000000330ad000 	/System/Library/PrivateFrameworks/AppleJPEG.framework/Versions/A/AppleJPEG
0x00000000330ad000 	/usr/lib/libcups.2.dylib
0x00000000330ad000 	/System/Library/Frameworks/Kerberos.framework/Versions/A/Kerberos
0x00000000330ad000 	/System/Library/Frameworks/GSS.framework/Versions/A/GSS
0x00000000330ad000 	/usr/lib/libresolv.9.dylib
0x00000000330ad000 	/usr/lib/libiconv.2.dylib
0x00000000330ad000 	/System/Library/PrivateFrameworks/Heimdal.framework/Versions/A/Heimdal
0x00000000330ad000 	/usr/lib/libheimdal-asn1.dylib
0x00000000330ad000 	/System/Library/Frameworks/OpenDirectory.framework/Versions/A/OpenDirectory
0x00000000330ad000 	/System/Library/PrivateFrameworks/CommonAuth.framework/Versions/A/CommonAuth
0x00000000330ad000 	/System/Library/Frameworks/OpenDirectory.framework/Versions/A/Frameworks/CFOpenDirectory.framework/Versions/A/CFOpenDirectory
0x00000000330ad000 	/System/Library/Frameworks/SecurityFoundation.framework/Versions/A/SecurityFoundation
0x00000000330ad000 	/System/Library/PrivateFrameworks/LanguageModeling.framework/Versions/A/LanguageModeling
0x00000000330ad000 	/usr/lib/libmarisa.dylib
0x00000000330ad000 	/usr/lib/libChineseTokenizer.dylib
0x00000000330ad000 	/usr/lib/libcmph.dylib
0x00000000330ad000 	/System/Library/PrivateFrameworks/CoreEmoji.framework/Versions/A/CoreEmoji
0x00000000330ad000 	/System/Library/Frameworks/ServiceManagement.framework/Versions/A/ServiceManagement
0x00000000330ad000 	/usr/lib/libxslt.1.dylib
0x00000000330ad000 	/System/Library/Frameworks/Carbon.framework/Versions/A/Frameworks/Ink.framework/Versions/A/Ink
0x00000000330ad000 	/System/Library/PrivateFrameworks/TextureIO.framework/Versions/A/TextureIO
0x00000000330ad000 	/System/Library/Frameworks/Metal.framework/Versions/A/Metal
0x00000000330ad000 	/usr/lib/libate.dylib
0x00000000330ad000 	/System/Library/PrivateFrameworks/GPUCompiler.framework/libmetal_timestamp.dylib
0x00000000330ad000 	/System/Library/Frameworks/OpenGL.framework/Versions/A/Libraries/libCoreFSCache.dylib
0x00000000330ad000 	/System/Library/PrivateFrameworks/IOAccelerator.framework/Versions/A/IOAccelerator
0x00000000330ad000 	/System/Library/Frameworks/CoreVideo.framework/Versions/A/CoreVideo
0x00000000330ad000 	/usr/lib/libFosl_dynamic.dylib
0x00000000330ad000 	/System/Library/PrivateFrameworks/MetalPerformanceShaders.framework/Versions/A/MetalPerformanceShaders
0x00000000330ad000 	/System/Library/PrivateFrameworks/FaceCore.framework/Versions/A/FaceCore
0x00000000330ad000 	/System/Library/Frameworks/OpenCL.framework/Versions/A/OpenCL
0x00000000330ad000 	/System/Library/Frameworks/OpenGL.framework/Versions/A/Libraries/libGLU.dylib
0x00000000330ad000 	/System/Library/Frameworks/OpenGL.framework/Versions/A/Libraries/libGFXShared.dylib
0x00000000330ad000 	/System/Library/Frameworks/OpenGL.framework/Versions/A/Libraries/libGL.dylib
0x00000000330ad000 	/System/Library/Frameworks/OpenGL.framework/Versions/A/Libraries/libGLImage.dylib
0x00000000330ad000 	/System/Library/Frameworks/OpenGL.framework/Versions/A/Libraries/libCVMSPluginSupport.dylib
0x00000000330ad000 	/System/Library/Frameworks/OpenGL.framework/Versions/A/Libraries/libCoreVMClient.dylib
0x00000000330ad000 	/System/Library/PrivateFrameworks/CrashReporterSupport.framework/Versions/A/CrashReporterSupport
0x00000000330ad000 	/System/Library/PrivateFrameworks/Sharing.framework/Versions/A/Sharing
0x00000000330ad000 	/System/Library/PrivateFrameworks/IconServices.framework/Versions/A/IconServices
0x00000000330ad000 	/System/Library/PrivateFrameworks/ProtocolBuffer.framework/Versions/A/ProtocolBuffer
0x00000000330ad000 	/System/Library/PrivateFrameworks/Apple80211.framework/Versions/A/Apple80211
0x00000000330ad000 	/System/Library/Frameworks/CoreWLAN.framework/Versions/A/CoreWLAN
0x00000000330ad000 	/System/Library/PrivateFrameworks/CoreUtils.framework/Versions/A/CoreUtils
0x00000000330ad000 	/System/Library/Frameworks/IOBluetooth.framework/Versions/A/IOBluetooth
0x00000000330ad000 	/System/Library/PrivateFrameworks/CoreWiFi.framework/Versions/A/CoreWiFi
0x00000000330ad000 	/System/Library/Frameworks/CoreBluetooth.framework/Versions/A/CoreBluetooth
0x00000000330ad000 	/System/Library/Frameworks/CoreDisplay.framework/Versions/A/CoreDisplay
0x00000000330ad000 	/System/Library/PrivateFrameworks/IOPresentment.framework/Versions/A/IOPresentment
0x00000000330ad000 	/System/Library/PrivateFrameworks/DebugSymbols.framework/Versions/A/DebugSymbols
0x00000000330ad000 	/System/Library/PrivateFrameworks/CoreSymbolication.framework/Versions/A/CoreSymbolication
0x00000000330ad000 	/System/Library/PrivateFrameworks/Symbolication.framework/Versions/A/Symbolication
0x00000000330ad000 	/System/Library/PrivateFrameworks/AppleFSCompression.framework/Versions/A/AppleFSCompression
0x00000000330ad000 	/System/Library/PrivateFrameworks/SpeechRecognitionCore.framework/Versions/A/SpeechRecognitionCore
0x00000000330ad000 	/System/Library/PrivateFrameworks/ChunkingLibrary.framework/Versions/A/ChunkingLibrary
0x0000000102171000 	/Library/Java/JavaVirtualMachines/jdk1.8.0_74.jdk/Contents/Home/jre/lib/server/libjvm.dylib
0x00000000330ad000 	/usr/lib/libstdc++.6.dylib
0x0000000101d22000 	/Library/Java/JavaVirtualMachines/jdk1.8.0_74.jdk/Contents/Home/jre/lib/libverify.dylib
0x0000000101d30000 	/Library/Java/JavaVirtualMachines/jdk1.8.0_74.jdk/Contents/Home/jre/lib/libjava.dylib
0x0000000101d66000 	/Library/Java/JavaVirtualMachines/jdk1.8.0_74.jdk/Contents/Home/jre/lib/libjdwp.dylib
0x0000000101db1000 	/Library/Java/JavaVirtualMachines/jdk1.8.0_74.jdk/Contents/Home/jre/lib/libnpt.dylib
0x0000000101dbe000 	/Library/Java/JavaVirtualMachines/jdk1.8.0_74.jdk/Contents/Home/jre/lib/libzip.dylib
0x0000000118f56000 	/System/Library/Frameworks/JavaVM.framework/Frameworks/JavaRuntimeSupport.framework/JavaRuntimeSupport
0x0000000118f70000 	/System/Library/Frameworks/JavaVM.framework/Versions/A/Frameworks/JavaNativeFoundation.framework/Versions/A/JavaNativeFoundation
0x00000001031f1000 	/System/Library/Frameworks/JavaVM.framework/Versions/A/JavaVM
0x00000000330ad000 	/System/Library/Frameworks/Carbon.framework/Versions/A/Carbon
0x0000000118f85000 	/System/Library/PrivateFrameworks/JavaLaunching.framework/Versions/A/JavaLaunching
0x00000000330ad000 	/System/Library/Frameworks/Carbon.framework/Versions/A/Frameworks/CommonPanels.framework/Versions/A/CommonPanels
0x00000000330ad000 	/System/Library/Frameworks/Carbon.framework/Versions/A/Frameworks/Help.framework/Versions/A/Help
0x00000000330ad000 	/System/Library/Frameworks/Carbon.framework/Versions/A/Frameworks/ImageCapture.framework/Versions/A/ImageCapture
0x00000000330ad000 	/System/Library/Frameworks/Carbon.framework/Versions/A/Frameworks/OpenScripting.framework/Versions/A/OpenScripting
0x00000000330ad000 	/System/Library/Frameworks/Carbon.framework/Versions/A/Frameworks/Print.framework/Versions/A/Print
0x00000000330ad000 	/System/Library/Frameworks/Carbon.framework/Versions/A/Frameworks/SecurityHI.framework/Versions/A/SecurityHI
0x000000011b2cd000 	/Library/Java/JavaVirtualMachines/jdk1.8.0_74.jdk/Contents/Home/jre/lib/libdt_socket.dylib
0x000000011b2d9000 	/Library/Java/JavaVirtualMachines/jdk1.8.0_74.jdk/Contents/Home/jre/lib/libjfr.dylib
0x000000011b2e6000 	/Library/Java/JavaVirtualMachines/jdk1.8.0_74.jdk/Contents/Home/jre/lib/libbci.dylib
0x000000011b2e9000 	/Library/Java/JavaVirtualMachines/jdk1.8.0_74.jdk/Contents/Home/jre/lib/libnet.dylib
0x000000011b348000 	/Library/Java/JavaVirtualMachines/jdk1.8.0_74.jdk/Contents/Home/jre/lib/libnio.dylib
0x000000011ba59000 	/Library/Java/JavaVirtualMachines/jdk1.8.0_74.jdk/Contents/Home/jre/lib/libmanagement.dylib
0x000000011cfcf000 	/Library/Java/JavaVirtualMachines/jdk1.8.0_74.jdk/Contents/Home/jre/lib/libawt.dylib
0x000000011d336000 	/Library/Java/JavaVirtualMachines/jdk1.8.0_74.jdk/Contents/Home/jre/lib/./libmlib_image.dylib
0x000000011d88c000 	/Library/Java/JavaVirtualMachines/jdk1.8.0_74.jdk/Contents/Home/jre/lib/libawt_lwawt.dylib
0x000000011b5e3000 	/Library/Java/JavaVirtualMachines/jdk1.8.0_74.jdk/Contents/Home/jre/lib/./libosxapp.dylib
0x00000000330ad000 	/System/Library/Frameworks/ExceptionHandling.framework/Versions/A/ExceptionHandling
0x00000000330ad000 	/System/Library/PrivateFrameworks/CoreServicesInternal.framework/Versions/A/CoreServicesInternal
0x00000000330ad000 	/System/Library/CoreServices/RawCamera.bundle/Contents/MacOS/RawCamera
0x00000000330ad000 	/System/Library/Frameworks/Accelerate.framework/Versions/A/Frameworks/vImage.framework/Versions/A/Libraries/libCGInterfaces.dylib
0x00000000330ad000 	/System/Library/Frameworks/ApplicationServices.framework/Versions/A/Frameworks/ATS.framework/Versions/A/Resources/libTrueTypeScaler.dylib
0x00000000330ad000 	/System/Library/Frameworks/OpenGL.framework/Versions/A/Resources/GLEngine.bundle/GLEngine
0x00000000330ad000 	/System/Library/Frameworks/OpenGL.framework/Versions/A/Libraries/libGLProgrammability.dylib
0x00000001201d0000 	/System/Library/Extensions/AppleIntelHD5000GraphicsGLDriver.bundle/Contents/MacOS/AppleIntelHD5000GraphicsGLDriver
0x00000000330ad000 	/System/Library/PrivateFrameworks/GPUSupport.framework/Versions/A/Libraries/libGPUSupportMercury.dylib
0x00000000330ad000 	/System/Library/Frameworks/OpenGL.framework/Versions/A/Resources/GLRendererFloat.bundle/GLRendererFloat
0x00000000330ad000 	/System/Library/Frameworks/OpenCL.framework/Versions/A/Libraries/libcldcpuengine.dylib
0x00000000330ad000 	/usr/lib/libcrypto.0.9.8.dylib
0x00000000330ad000 	/System/Library/PrivateFrameworks/TrustEvaluationAgent.framework/Versions/A/TrustEvaluationAgent
0x000000011d4a6000 	/System/Library/Extensions/AppleIntelHD5000GraphicsMTLDriver.bundle/Contents/MacOS/AppleIntelHD5000GraphicsMTLDriver
0x00000000330ad000 	/System/Library/PrivateFrameworks/FamilyControls.framework/Versions/A/FamilyControls
0x00000000330ad000 	/System/Library/PrivateFrameworks/CommerceKit.framework/Versions/A/Frameworks/CommerceCore.framework/Versions/A/CommerceCore
0x00000000330ad000 	/System/Library/PrivateFrameworks/SystemAdministration.framework/Versions/A/SystemAdministration
0x00000000330ad000 	/System/Library/PrivateFrameworks/AppContainer.framework/Versions/A/AppContainer
0x00000000330ad000 	/System/Library/PrivateFrameworks/SecCodeWrapper.framework/Versions/A/SecCodeWrapper
0x00000000330ad000 	/System/Library/Frameworks/DirectoryService.framework/Versions/A/DirectoryService
0x00000000330ad000 	/System/Library/PrivateFrameworks/DiskImages.framework/Versions/A/DiskImages
0x00000000330ad000 	/System/Library/PrivateFrameworks/LoginUIKit.framework/Versions/A/Frameworks/LoginUICore.framework/Versions/A/LoginUICore
0x00000000330ad000 	/usr/lib/libCoreStorage.dylib
0x00000000330ad000 	/usr/lib/libcsfde.dylib
0x00000000330ad000 	/usr/lib/libodfde.dylib
0x00000000330ad000 	/System/Library/Frameworks/DiscRecording.framework/Versions/A/DiscRecording
0x00000000330ad000 	/usr/lib/libcurl.4.dylib
0x00000000330ad000 	/System/Library/PrivateFrameworks/MediaKit.framework/Versions/A/MediaKit
0x00000000330ad000 	/System/Library/PrivateFrameworks/ProtectedCloudStorage.framework/Versions/A/ProtectedCloudStorage
0x00000000330ad000 	/System/Library/PrivateFrameworks/EFILogin.framework/Versions/A/EFILogin
0x00000000330ad000 	/usr/lib/libutil.dylib
0x00000000330ad000 	/System/Library/Frameworks/LDAP.framework/Versions/A/LDAP
0x00000000330ad000 	/usr/lib/libsasl2.2.dylib
0x00000000330ad000 	/System/Library/PrivateFrameworks/CoreDaemon.framework/Versions/B/CoreDaemon
0x00000000330ad000 	/System/Library/PrivateFrameworks/AppleSRP.framework/Versions/A/AppleSRP
0x00000000330ad000 	/System/Library/PrivateFrameworks/APFS.framework/Versions/A/APFS
0x00000000330ad000 	/System/Library/PrivateFrameworks/ViewBridge.framework/Versions/A/ViewBridge
0x00000000330ad000 	/System/Library/PrivateFrameworks/XPCService.framework/Versions/A/XPCService
0x00000000330ad000 	/System/Library/PrivateFrameworks/AppSandbox.framework/Versions/A/AppSandbox
0x00000000330ad000 	/usr/lib/libsandbox.1.dylib
0x00000000330ad000 	/usr/lib/libMatch.1.dylib

VM Arguments:
jvm_args: -agentlib:jdwp=transport=dt_socket,suspend=y,address=localhost:51521 -ea -XX:+UnlockCommercialFeatures -XX:+FlightRecorder -XX:FlightRecorderOptions=stackdepth=1024 -XX:StartFlightRecording=duration=120m,filename=etc/flightrecording.jfr -Dlauncher.properties=/Users/carsten/git/skysail/skysail.product.demo/generated/launch774984125636493031.properties -Dfile.encoding=UTF-8 
java_command: aQute.launcher.Launcher
java_class_path (initial): /Users/carsten/.bnd/cache/https%3A%2F%2Fraw.githubusercontent.com%2Fbndtools%2Fbundle-hub%2Fmaster%2Forg.apache.felix.framework/org.apache.felix.framework-5.4.0.jar:/Users/carsten/git/skysail/cnf/nonosgi-repo/biz.aQute.launcher/biz.aQute.launcher-latest.jar
Launcher Type: SUN_STANDARD

Environment Variables:
PATH=/usr/bin:/bin:/usr/sbin:/sbin
SHELL=/bin/bash

Signal Handlers:
SIGSEGV: [libjvm.dylib+0x5a6855], sa_mask[0]=11111111011111110111111111111111, sa_flags=SA_ONSTACK|SA_RESTART|SA_SIGINFO
SIGBUS: [libjvm.dylib+0x5a6855], sa_mask[0]=11111111011111110111111111111111, sa_flags=SA_RESTART|SA_SIGINFO
SIGFPE: [libjvm.dylib+0x4804ec], sa_mask[0]=11111111011111110111111111111111, sa_flags=SA_RESTART|SA_SIGINFO
SIGPIPE: [libjvm.dylib+0x4804ec], sa_mask[0]=11111111011111110111111111111111, sa_flags=SA_RESTART|SA_SIGINFO
SIGXFSZ: [libjvm.dylib+0x4804ec], sa_mask[0]=11111111011111110111111111111111, sa_flags=SA_RESTART|SA_SIGINFO
SIGILL: [libjvm.dylib+0x4804ec], sa_mask[0]=11111111011111110111111111111111, sa_flags=SA_RESTART|SA_SIGINFO
SIGUSR1: SIG_DFL, sa_mask[0]=00000000000000000000000000000000, sa_flags=none
SIGUSR2: [libjvm.dylib+0x48000a], sa_mask[0]=00100000000000000000000000000000, sa_flags=SA_RESTART|SA_SIGINFO
SIGHUP: [libjvm.dylib+0x47e5e1], sa_mask[0]=11111111011111110111111111111111, sa_flags=SA_RESTART|SA_SIGINFO
SIGINT: [libjvm.dylib+0x47e5e1], sa_mask[0]=11111111011111110111111111111111, sa_flags=SA_RESTART|SA_SIGINFO
SIGTERM: [libjvm.dylib+0x47e5e1], sa_mask[0]=11111111011111110111111111111111, sa_flags=SA_RESTART|SA_SIGINFO
SIGQUIT: [libjvm.dylib+0x47e5e1], sa_mask[0]=11111111011111110111111111111111, sa_flags=SA_RESTART|SA_SIGINFO


---------------  S Y S T E M  ---------------

OS:Bsduname:Darwin 16.0.0 Darwin Kernel Version 16.0.0: Mon Aug 29 17:56:20 PDT 2016; root:xnu-3789.1.32~3/RELEASE_X86_64 x86_64
rlimit: STACK 8192k, CORE 0k, NPROC 709, NOFILE 10240, AS infinity
load average:3.58 3.35 3.33

CPU:total 4 (2 cores per cpu, 2 threads per core) family 6 model 69 stepping 1, cmov, cx8, fxsr, mmx, sse, sse2, sse3, ssse3, sse4.1, sse4.2, popcnt, avx, avx2, aes, clmul, erms, lzcnt, ht, tsc, tscinvbit, bmi1, bmi2

Memory: 4k page, physical 8388608k(25336k free)

/proc/meminfo:


vm_info: Java HotSpot(TM) 64-Bit Server VM (25.74-b02) for bsd-amd64 JRE (1.8.0_74-b02), built on Jan 29 2016 15:32:34 by "java_re" with gcc 4.2.1 (Based on Apple Inc. build 5658) (LLVM build 2336.11.00)

time: Tue Oct 25 09:10:09 2016
elapsed time: 3530 seconds (0d 0h 58m 50s)

