2016-12-24 14:45:23,908 INFO  [io.skysail.server.app.ApplicationList        ] - (+ ApplicationModel) (#01) with name 'root'
2016-12-24 14:45:24,016 INFO  [io.skysail.server.app.ApplicationList        ] - (+ ApplicationModel) (#02) with name 'webapp'
2016-12-24 14:45:25,308 INFO  [io.skysail.server.http.HttpServer            ] - 
2016-12-24 14:45:25,309 INFO  [io.skysail.server.http.HttpServer            ] - ====================================
2016-12-24 14:45:25,309 INFO  [io.skysail.server.http.HttpServer            ] - Starting skysail server on port 2020
2016-12-24 14:45:25,309 INFO  [io.skysail.server.http.HttpServer            ] - ====================================
2016-12-24 14:45:25,309 INFO  [io.skysail.server.http.HttpServer            ] - 
2016-12-24 14:45:25,347 INFO  [org.restlet                                  ] - Starting the Jetty [HTTP/1.1] server on port 2020
2016-12-24 14:45:25,453 INFO  [org.restlet                                  ] - Stopping the Jetty [HTTP/1.1] server on port 2020
2016-12-24 14:45:25,505 INFO  [io.skysail.server.http.HttpServer            ] - 
2016-12-24 14:45:25,506 INFO  [io.skysail.server.http.HttpServer            ] - ====================================
2016-12-24 14:45:25,506 INFO  [io.skysail.server.http.HttpServer            ] - Starting skysail server on port 2020
2016-12-24 14:45:25,506 INFO  [io.skysail.server.http.HttpServer            ] - ====================================
2016-12-24 14:45:25,506 INFO  [io.skysail.server.http.HttpServer            ] - 
2016-12-24 14:45:25,506 INFO  [org.restlet                                  ] - Starting the Jetty [HTTP/1.1] server on port 2020
2016-12-24 14:45:25,625 INFO  [io.skysail.server.app.ApplicationList        ] - (+ ApplicationModel) (#03) with name 'i18n'
2016-12-24 14:45:25,705 INFO  [i.s.s.u.s.ShiroBasedUserManagementProvider   ] - USER MANAGEMENT PROVIDER: activating provider 'io.skysail.server.um.shiro.ShiroBasedUserManagementProvider'
2016-12-24 14:45:25,779 INFO  [io.skysail.server.app.ServiceList            ] - USER MANAGEMENT PROVIDER: setting provider to 'io.skysail.server.um.shiro.ShiroBasedUserManagementProvider'
2016-12-24 14:45:25,785 INFO  [io.skysail.server.app.ApplicationList        ] - (+ ApplicationModel) (#04) with name 'io.skysail.server.um.shiro.app.ShiroUmApplication'
2016-12-24 14:45:25,836 INFO  [io.skysail.server.app.SkysailApplication     ] - setting CORS allowed Origins for application webconsole to [*].
2016-12-24 14:45:25,836 INFO  [io.skysail.server.app.SkysailApplication     ] - setting CORS allowed Headers for application webconsole to [*].
2016-12-24 14:45:25,850 INFO  [io.skysail.server.app.ApplicationList        ] - (+ ApplicationModel) (#05) with name 'webconsole'
2016-12-24 14:45:27,711 INFO  [io.skysail.server.app.ApplicationList        ] - (+ ApplicationModel) (#06) with name 'notes'
2016-12-24 14:45:51,366 INFO  [o.r.S.I.SkysailRootApplication               ] - Starting io.skysail.server.app.SkysailRootApplication application
2016-12-24 14:45:51,376 INFO  [io.skysail.server.app.SkysailApplication     ] - creating new Router in io.skysail.server.app.SkysailRootApplication
2016-12-24 14:45:51,380 INFO  [io.skysail.server.app.SkysailApplication     ] - adding extensions to metadata service
2016-12-24 14:45:51,381 INFO  [io.skysail.server.app.SkysailApplication     ] - adding protocols
2016-12-24 14:45:51,459 INFO  [io.skysail.server.restlet.SkysailRouter      ] - routing path '/root/' -> AlwaysAuthenticatedAuthenticator -> RolesPredicateAuthorizer -> Finder -> DefaultResource
2016-12-24 14:45:51,468 INFO  [io.skysail.server.restlet.SkysailRouter      ] - routing path '/root/_login' -> AlwaysAuthenticatedAuthenticator -> RolesPredicateAuthorizer -> Finder -> LoginResource
2016-12-24 14:45:51,471 INFO  [io.skysail.server.restlet.SkysailRouter      ] - routing path '/root/_logout' -> AlwaysAuthenticatedAuthenticator -> RolesPredicateAuthorizer -> Finder -> LogoutResource
2016-12-24 14:45:51,477 INFO  [io.skysail.server.restlet.SkysailRouter      ] - routing path '/root/_profile' -> AlwaysAuthenticatedAuthenticator -> RolesPredicateAuthorizer -> Finder -> ProfileResource
2016-12-24 14:45:51,480 INFO  [io.skysail.server.restlet.SkysailRouter      ] - routing path '/root/logs' -> AlwaysAuthenticatedAuthenticator -> RolesPredicateAuthorizer -> Finder -> LogsResource
2016-12-24 14:45:51,488 INFO  [o.r.S.InternalRouter.WebappApplication       ] - Starting io.skysail.server.converter.WebappApplication application
2016-12-24 14:45:51,493 INFO  [o.r.S.InternalRouter.I18nApplication         ] - Starting io.skysail.server.text.store.bundleresource.impl.I18nApplication application
2016-12-24 14:45:51,494 INFO  [io.skysail.server.app.SkysailApplication     ] - creating new Router in io.skysail.server.text.store.bundleresource.impl.I18nApplication
2016-12-24 14:45:51,495 INFO  [io.skysail.server.app.SkysailApplication     ] - adding extensions to metadata service
2016-12-24 14:45:51,496 INFO  [io.skysail.server.app.SkysailApplication     ] - adding protocols
2016-12-24 14:45:51,498 INFO  [io.skysail.server.restlet.SkysailRouter      ] - routing path '/i18n/v1' -> SkysailCookieAuthenticator -> RolesPredicateAuthorizer -> Finder -> I18nRootResource
2016-12-24 14:45:51,499 INFO  [io.skysail.server.restlet.SkysailRouter      ] - routing path '/i18n/v1/messages/' -> SkysailCookieAuthenticator -> RolesPredicateAuthorizer -> Finder -> MessagesResource
2016-12-24 14:45:51,503 INFO  [io.skysail.server.restlet.SkysailRouter      ] - routing path '/i18n/v1/messages/{key}' -> SkysailCookieAuthenticator -> RolesPredicateAuthorizer -> Finder -> MessageResource
2016-12-24 14:45:51,506 INFO  [io.skysail.server.restlet.SkysailRouter      ] - routing path '/i18n/v1/messages/{key}/' -> SkysailCookieAuthenticator -> RolesPredicateAuthorizer -> Finder -> PutMessageResource
2016-12-24 14:45:51,509 INFO  [io.skysail.server.restlet.SkysailRouter      ] - routing path '/i18n/v1/messages/{key}/{fieldname}/' -> SkysailCookieAuthenticator -> RolesPredicateAuthorizer -> Finder -> PatchMessageResource
2016-12-24 14:45:51,510 INFO  [o.r.S.InternalRouter.ShiroUmApplication      ] - Starting io.skysail.server.um.shiro.app.ShiroUmApplication application
2016-12-24 14:45:51,512 INFO  [io.skysail.server.app.SkysailApplication     ] - creating new Router in io.skysail.server.um.shiro.app.ShiroUmApplication
2016-12-24 14:45:51,512 INFO  [io.skysail.server.app.SkysailApplication     ] - adding extensions to metadata service
2016-12-24 14:45:51,512 INFO  [io.skysail.server.app.SkysailApplication     ] - adding protocols
2016-12-24 14:45:51,520 INFO  [io.skysail.server.restlet.SkysailRouter      ] - routing path '/io.skysail.server.um.shiro.app.ShiroUmApplication/v1/_login' -> AlwaysAuthenticatedAuthenticator -> RolesPredicateAuthorizer -> Finder -> LoginResource
2016-12-24 14:45:51,523 INFO  [io.skysail.server.restlet.SkysailRouter      ] - routing path '/io.skysail.server.um.shiro.app.ShiroUmApplication/v1/currentUser' -> NeverAuthenticatedAuthenticator -> RolesPredicateAuthorizer -> Finder -> CurrentUserResource
2016-12-24 14:45:51,527 INFO  [o.r.S.I.WebconsoleApplication                ] - Starting io.skysail.server.app.webconsole.WebconsoleApplication application
2016-12-24 14:45:51,531 INFO  [io.skysail.server.app.SkysailApplication     ] - creating new Router in io.skysail.server.app.webconsole.WebconsoleApplication
2016-12-24 14:45:51,531 INFO  [io.skysail.server.app.SkysailApplication     ] - adding extensions to metadata service
2016-12-24 14:45:51,531 INFO  [io.skysail.server.app.SkysailApplication     ] - adding protocols
2016-12-24 14:45:51,532 WARN  [io.skysail.server.app.SkysailApplication     ] - there are no entities defined for the applicationModel SkysailApplicationModel: webconsole

2016-12-24 14:45:51,534 INFO  [io.skysail.server.restlet.SkysailRouter      ] - routing path '/webconsole/v1' -> SkysailCookieAuthenticator -> RolesPredicateAuthorizer -> Finder -> BundlesResource
2016-12-24 14:45:51,535 INFO  [io.skysail.server.restlet.SkysailRouter      ] - routing path '/webconsole/v1/bundles' -> SkysailCookieAuthenticator -> RolesPredicateAuthorizer -> Finder -> BundlesResource
2016-12-24 14:45:51,539 INFO  [io.skysail.server.restlet.SkysailRouter      ] - routing path '/webconsole/v1/bundles/{id}' -> SkysailCookieAuthenticator -> RolesPredicateAuthorizer -> Finder -> BundleResource
2016-12-24 14:45:51,541 INFO  [io.skysail.server.restlet.SkysailRouter      ] - routing path '/webconsole/v1/services' -> SkysailCookieAuthenticator -> RolesPredicateAuthorizer -> Finder -> ServicesResource
2016-12-24 14:45:51,542 INFO  [io.skysail.server.restlet.SkysailRouter      ] - routing path '/webconsole/v1/services/{id}' -> SkysailCookieAuthenticator -> RolesPredicateAuthorizer -> Finder -> ServiceResource
2016-12-24 14:45:51,543 INFO  [io.skysail.server.restlet.SkysailRouter      ] - routing path '/webconsole/v1/backend/bundles' -> SkysailCookieAuthenticator -> RolesPredicateAuthorizer -> Finder -> JsonBundlesResource
2016-12-24 14:45:51,543 INFO  [o.r.S.InternalRouter.NotesApplication        ] - Starting io.skysail.server.app.notes.NotesApplication application
2016-12-24 14:45:51,544 INFO  [io.skysail.server.app.SkysailApplication     ] - creating new Router in io.skysail.server.app.notes.NotesApplication
2016-12-24 14:45:51,545 INFO  [io.skysail.server.app.SkysailApplication     ] - adding extensions to metadata service
2016-12-24 14:45:51,545 INFO  [io.skysail.server.app.SkysailApplication     ] - adding protocols
2016-12-24 14:45:51,545 WARN  [io.skysail.server.app.SkysailApplication     ] - there are no entities defined for the applicationModel SkysailApplicationModel: notes

2016-12-24 14:45:51,547 INFO  [io.skysail.server.restlet.SkysailRouter      ] - routing path '/notes/v1/Bookmarks/{id}' -> SkysailCookieAuthenticator -> RolesPredicateAuthorizer -> Finder -> NoteResource
2016-12-24 14:45:51,549 INFO  [io.skysail.server.restlet.SkysailRouter      ] - routing path '/notes/v1/Bookmarks/' -> SkysailCookieAuthenticator -> RolesPredicateAuthorizer -> Finder -> PostNoteResource
2016-12-24 14:45:51,550 INFO  [io.skysail.server.restlet.SkysailRouter      ] - routing path '/notes/v1/Bookmarks/{id}/' -> SkysailCookieAuthenticator -> RolesPredicateAuthorizer -> Finder -> PutNoteResource
2016-12-24 14:45:51,551 INFO  [io.skysail.server.restlet.SkysailRouter      ] - routing path '/notes/v1/Bookmarks' -> SkysailCookieAuthenticator -> RolesPredicateAuthorizer -> Finder -> NotesResource
2016-12-24 14:45:51,552 INFO  [io.skysail.server.restlet.SkysailRouter      ] - routing path '/notes/v1' -> SkysailCookieAuthenticator -> RolesPredicateAuthorizer -> Finder -> NotesResource
2016-12-24 14:45:51,650 INFO  [LogService                                   ] - 0:0:0:0:0:0:0:1   OPTIONS /v1/bundles  200
2016-12-24 14:45:51,725 INFO  [i.s.s.u.s.ShiroBasedUserManagementProvider   ] - user webconsole was not found in the user repository
2016-12-24 14:45:51,737 ERROR [i.s.s.u.s.a.SimpleDelegatingVerifier         ] - AuthenticationException 'Authentication failed for token submission [org.apache.shiro.authc.UsernamePasswordToken - webconsole, rememberMe=false].  Possible unexpected error? (Typical or expected login exceptions should extend from AuthenticationException).' when login in webconsole
org.apache.shiro.authc.AuthenticationException: Authentication failed for token submission [org.apache.shiro.authc.UsernamePasswordToken - webconsole, rememberMe=false].  Possible unexpected error? (Typical or expected login exceptions should extend from AuthenticationException).
	at org.apache.shiro.authc.AbstractAuthenticator.authenticate(AbstractAuthenticator.java:214) ~[na:na]
	at org.apache.shiro.mgt.AuthenticatingSecurityManager.authenticate(AuthenticatingSecurityManager.java:106) ~[na:na]
	at org.apache.shiro.mgt.DefaultSecurityManager.login(DefaultSecurityManager.java:270) ~[na:na]
	at org.apache.shiro.subject.support.DelegatingSubject.login(DelegatingSubject.java:256) ~[na:na]
	at io.skysail.server.um.shiro.authentication.SimpleDelegatingVerifier.verify(SimpleDelegatingVerifier.java:29) ~[na:na]
	at org.restlet.security.SecretVerifier.verify(SecretVerifier.java:132) [org.restlet-2.3.9.jar:na]
	at org.restlet.security.ChallengeAuthenticator.authenticate(ChallengeAuthenticator.java:152) [org.restlet-2.3.9.jar:na]
	at org.restlet.ext.crypto.CookieAuthenticator.authenticate(CookieAuthenticator.java:197) [org.restlet.ext.crypto-2.3.9.jar:na]
	at io.skysail.server.um.shiro.authentication.SkysailCookieAuthenticator.authenticate(SkysailCookieAuthenticator.java:67) [skysail.server.um.shiro.jar:na]
	at org.restlet.security.Authenticator.beforeHandle(Authenticator.java:193) [org.restlet-2.3.9.jar:na]
	at org.restlet.ext.crypto.CookieAuthenticator.beforeHandle(CookieAuthenticator.java:231) [org.restlet.ext.crypto-2.3.9.jar:na]
	at org.restlet.routing.Filter.handle(Filter.java:195) [org.restlet-2.3.9.jar:na]
	at org.restlet.routing.Filter.doHandle(Filter.java:150) [org.restlet-2.3.9.jar:na]
	at org.restlet.routing.Filter.handle(Filter.java:197) [org.restlet-2.3.9.jar:na]
	at org.restlet.routing.Filter.doHandle(Filter.java:150) [org.restlet-2.3.9.jar:na]
	at org.restlet.routing.Filter.handle(Filter.java:197) [org.restlet-2.3.9.jar:na]
	at org.restlet.routing.Filter.doHandle(Filter.java:150) [org.restlet-2.3.9.jar:na]
	at org.restlet.routing.Filter.handle(Filter.java:197) [org.restlet-2.3.9.jar:na]
	at org.restlet.routing.Filter.doHandle(Filter.java:150) [org.restlet-2.3.9.jar:na]
	at org.restlet.routing.Filter.handle(Filter.java:197) [org.restlet-2.3.9.jar:na]
	at org.restlet.routing.Filter.doHandle(Filter.java:150) [org.restlet-2.3.9.jar:na]
	at org.restlet.engine.application.StatusFilter.doHandle(StatusFilter.java:140) [org.restlet-2.3.9.jar:na]
	at org.restlet.routing.Filter.handle(Filter.java:197) [org.restlet-2.3.9.jar:na]
	at org.restlet.routing.Filter.doHandle(Filter.java:150) [org.restlet-2.3.9.jar:na]
	at org.restlet.routing.Filter.handle(Filter.java:197) [org.restlet-2.3.9.jar:na]
	at org.restlet.engine.CompositeHelper.handle(CompositeHelper.java:202) [org.restlet-2.3.9.jar:na]
	at org.restlet.engine.application.ApplicationHelper.handle(ApplicationHelper.java:77) [org.restlet-2.3.9.jar:na]
	at org.restlet.Application.handle(Application.java:385) [org.restlet-2.3.9.jar:na]
	at org.restlet.routing.Filter.doHandle(Filter.java:150) [org.restlet-2.3.9.jar:na]
	at org.restlet.routing.Filter.handle(Filter.java:197) [org.restlet-2.3.9.jar:na]
	at org.restlet.routing.Router.doHandle(Router.java:422) [org.restlet-2.3.9.jar:na]
	at org.restlet.routing.Router.handle(Router.java:641) [org.restlet-2.3.9.jar:na]
	at org.restlet.routing.Filter.doHandle(Filter.java:150) [org.restlet-2.3.9.jar:na]
	at org.restlet.routing.Filter.handle(Filter.java:197) [org.restlet-2.3.9.jar:na]
	at org.restlet.routing.Router.doHandle(Router.java:422) [org.restlet-2.3.9.jar:na]
	at org.restlet.routing.Router.handle(Router.java:641) [org.restlet-2.3.9.jar:na]
	at org.restlet.routing.Filter.doHandle(Filter.java:150) [org.restlet-2.3.9.jar:na]
	at org.restlet.engine.application.StatusFilter.doHandle(StatusFilter.java:140) [org.restlet-2.3.9.jar:na]
	at org.restlet.routing.Filter.handle(Filter.java:197) [org.restlet-2.3.9.jar:na]
	at org.restlet.routing.Filter.doHandle(Filter.java:150) [org.restlet-2.3.9.jar:na]
	at org.restlet.routing.Filter.handle(Filter.java:197) [org.restlet-2.3.9.jar:na]
	at org.restlet.engine.CompositeHelper.handle(CompositeHelper.java:202) [org.restlet-2.3.9.jar:na]
	at org.restlet.Component.handle(Component.java:408) [org.restlet-2.3.9.jar:na]
	at org.restlet.Server.handle(Server.java:507) [org.restlet-2.3.9.jar:na]
	at org.restlet.engine.connector.ServerHelper.handle(ServerHelper.java:63) [org.restlet-2.3.9.jar:na]
	at org.restlet.engine.adapter.HttpServerHelper.handle(HttpServerHelper.java:143) [org.restlet-2.3.9.jar:na]
	at org.restlet.ext.jetty.JettyServerHelper$WrappedServer.handle(JettyServerHelper.java:256) [org.restlet.ext.jetty-2.3.9.jar:na]
	at org.eclipse.jetty.server.HttpChannel.handle(HttpChannel.java:310) [jetty-server-9.2.11.v20150529.jar:9.2.11.v20150529]
	at org.eclipse.jetty.server.HttpConnection.onFillable(HttpConnection.java:257) [jetty-server-9.2.11.v20150529.jar:9.2.11.v20150529]
	at org.eclipse.jetty.io.AbstractConnection$2.run(AbstractConnection.java:540) [jetty-io-9.2.11.v20150529.jar:9.2.11.v20150529]
	at org.eclipse.jetty.util.thread.QueuedThreadPool.runJob(QueuedThreadPool.java:635) [jetty-util-9.2.11.v20150529.jar:9.2.11.v20150529]
	at org.eclipse.jetty.util.thread.QueuedThreadPool$3.run(QueuedThreadPool.java:555) [jetty-util-9.2.11.v20150529.jar:9.2.11.v20150529]
	at java.lang.Thread.run(Thread.java:745) [na:1.8.0_74]
Caused by: java.lang.NullPointerException: null
	at io.skysail.server.um.shiro.authentication.SkysailAuthenticationInfo.getCredentials(SkysailAuthenticationInfo.java:35) ~[na:na]
	at io.skysail.server.um.shiro.authentication.SkysailHashedCredentialsMatcher.doCredentialsMatch(SkysailHashedCredentialsMatcher.java:30) ~[na:na]
	at org.apache.shiro.realm.AuthenticatingRealm.assertCredentialsMatch(AuthenticatingRealm.java:597) ~[na:na]
	at org.apache.shiro.realm.AuthenticatingRealm.getAuthenticationInfo(AuthenticatingRealm.java:578) ~[na:na]
	at org.apache.shiro.authc.pam.ModularRealmAuthenticator.doSingleRealmAuthentication(ModularRealmAuthenticator.java:180) ~[na:na]
	at org.apache.shiro.authc.pam.ModularRealmAuthenticator.doAuthenticate(ModularRealmAuthenticator.java:267) ~[na:na]
	at org.apache.shiro.authc.AbstractAuthenticator.authenticate(AbstractAuthenticator.java:198) ~[na:na]
	... 52 common frames omitted
2016-12-24 14:45:51,748 ERROR [i.s.s.u.s.a.SimpleDelegatingVerifier         ] - AuthenticationException 'Authentication failed for token submission [org.apache.shiro.authc.UsernamePasswordToken - webconsole, rememberMe=false].  Possible unexpected error? (Typical or expected login exceptions should extend from AuthenticationException).' when login in webconsole
org.apache.shiro.authc.AuthenticationException: Authentication failed for token submission [org.apache.shiro.authc.UsernamePasswordToken - webconsole, rememberMe=false].  Possible unexpected error? (Typical or expected login exceptions should extend from AuthenticationException).
	at org.apache.shiro.authc.AbstractAuthenticator.authenticate(AbstractAuthenticator.java:214) ~[na:na]
	at org.apache.shiro.mgt.AuthenticatingSecurityManager.authenticate(AuthenticatingSecurityManager.java:106) ~[na:na]
	at org.apache.shiro.mgt.DefaultSecurityManager.login(DefaultSecurityManager.java:270) ~[na:na]
	at org.apache.shiro.subject.support.DelegatingSubject.login(DelegatingSubject.java:256) ~[na:na]
	at io.skysail.server.um.shiro.authentication.SimpleDelegatingVerifier.verify(SimpleDelegatingVerifier.java:29) ~[na:na]
	at org.restlet.security.SecretVerifier.verify(SecretVerifier.java:132) [org.restlet-2.3.9.jar:na]
	at org.restlet.security.ChallengeAuthenticator.authenticate(ChallengeAuthenticator.java:152) [org.restlet-2.3.9.jar:na]
	at org.restlet.ext.crypto.CookieAuthenticator.authenticate(CookieAuthenticator.java:197) [org.restlet.ext.crypto-2.3.9.jar:na]
	at io.skysail.server.um.shiro.authentication.SkysailCookieAuthenticator.authenticate(SkysailCookieAuthenticator.java:67) [skysail.server.um.shiro.jar:na]
	at org.restlet.security.Authenticator.beforeHandle(Authenticator.java:193) [org.restlet-2.3.9.jar:na]
	at org.restlet.ext.crypto.CookieAuthenticator.beforeHandle(CookieAuthenticator.java:231) [org.restlet.ext.crypto-2.3.9.jar:na]
	at org.restlet.routing.Filter.handle(Filter.java:195) [org.restlet-2.3.9.jar:na]
	at org.restlet.routing.Filter.doHandle(Filter.java:150) [org.restlet-2.3.9.jar:na]
	at org.restlet.routing.Filter.handle(Filter.java:197) [org.restlet-2.3.9.jar:na]
	at org.restlet.routing.Router.doHandle(Router.java:422) [org.restlet-2.3.9.jar:na]
	at org.restlet.routing.Router.handle(Router.java:641) [org.restlet-2.3.9.jar:na]
	at org.restlet.routing.Filter.doHandle(Filter.java:150) [org.restlet-2.3.9.jar:na]
	at org.restlet.routing.Filter.handle(Filter.java:197) [org.restlet-2.3.9.jar:na]
	at org.restlet.routing.Filter.doHandle(Filter.java:150) [org.restlet-2.3.9.jar:na]
	at org.restlet.routing.Filter.handle(Filter.java:197) [org.restlet-2.3.9.jar:na]
	at org.restlet.routing.Filter.doHandle(Filter.java:150) [org.restlet-2.3.9.jar:na]
	at org.restlet.routing.Filter.handle(Filter.java:197) [org.restlet-2.3.9.jar:na]
	at org.restlet.routing.Filter.doHandle(Filter.java:150) [org.restlet-2.3.9.jar:na]
	at org.restlet.routing.Filter.handle(Filter.java:197) [org.restlet-2.3.9.jar:na]
	at org.restlet.routing.Filter.doHandle(Filter.java:150) [org.restlet-2.3.9.jar:na]
	at org.restlet.routing.Filter.handle(Filter.java:197) [org.restlet-2.3.9.jar:na]
	at org.restlet.routing.Filter.doHandle(Filter.java:150) [org.restlet-2.3.9.jar:na]
	at org.restlet.routing.Filter.handle(Filter.java:197) [org.restlet-2.3.9.jar:na]
	at org.restlet.routing.Filter.doHandle(Filter.java:150) [org.restlet-2.3.9.jar:na]
	at org.restlet.engine.application.StatusFilter.doHandle(StatusFilter.java:140) [org.restlet-2.3.9.jar:na]
	at org.restlet.routing.Filter.handle(Filter.java:197) [org.restlet-2.3.9.jar:na]
	at org.restlet.routing.Filter.doHandle(Filter.java:150) [org.restlet-2.3.9.jar:na]
	at org.restlet.routing.Filter.handle(Filter.java:197) [org.restlet-2.3.9.jar:na]
	at org.restlet.engine.CompositeHelper.handle(CompositeHelper.java:202) [org.restlet-2.3.9.jar:na]
	at org.restlet.engine.application.ApplicationHelper.handle(ApplicationHelper.java:77) [org.restlet-2.3.9.jar:na]
	at org.restlet.Application.handle(Application.java:385) [org.restlet-2.3.9.jar:na]
	at org.restlet.routing.Filter.doHandle(Filter.java:150) [org.restlet-2.3.9.jar:na]
	at org.restlet.routing.Filter.handle(Filter.java:197) [org.restlet-2.3.9.jar:na]
	at org.restlet.routing.Router.doHandle(Router.java:422) [org.restlet-2.3.9.jar:na]
	at org.restlet.routing.Router.handle(Router.java:641) [org.restlet-2.3.9.jar:na]
	at org.restlet.routing.Filter.doHandle(Filter.java:150) [org.restlet-2.3.9.jar:na]
	at org.restlet.routing.Filter.handle(Filter.java:197) [org.restlet-2.3.9.jar:na]
	at org.restlet.routing.Router.doHandle(Router.java:422) [org.restlet-2.3.9.jar:na]
	at org.restlet.routing.Router.handle(Router.java:641) [org.restlet-2.3.9.jar:na]
	at org.restlet.routing.Filter.doHandle(Filter.java:150) [org.restlet-2.3.9.jar:na]
	at org.restlet.engine.application.StatusFilter.doHandle(StatusFilter.java:140) [org.restlet-2.3.9.jar:na]
	at org.restlet.routing.Filter.handle(Filter.java:197) [org.restlet-2.3.9.jar:na]
	at org.restlet.routing.Filter.doHandle(Filter.java:150) [org.restlet-2.3.9.jar:na]
	at org.restlet.routing.Filter.handle(Filter.java:197) [org.restlet-2.3.9.jar:na]
	at org.restlet.engine.CompositeHelper.handle(CompositeHelper.java:202) [org.restlet-2.3.9.jar:na]
	at org.restlet.Component.handle(Component.java:408) [org.restlet-2.3.9.jar:na]
	at org.restlet.Server.handle(Server.java:507) [org.restlet-2.3.9.jar:na]
	at org.restlet.engine.connector.ServerHelper.handle(ServerHelper.java:63) [org.restlet-2.3.9.jar:na]
	at org.restlet.engine.adapter.HttpServerHelper.handle(HttpServerHelper.java:143) [org.restlet-2.3.9.jar:na]
	at org.restlet.ext.jetty.JettyServerHelper$WrappedServer.handle(JettyServerHelper.java:256) [org.restlet.ext.jetty-2.3.9.jar:na]
	at org.eclipse.jetty.server.HttpChannel.handle(HttpChannel.java:310) [jetty-server-9.2.11.v20150529.jar:9.2.11.v20150529]
	at org.eclipse.jetty.server.HttpConnection.onFillable(HttpConnection.java:257) [jetty-server-9.2.11.v20150529.jar:9.2.11.v20150529]
	at org.eclipse.jetty.io.AbstractConnection$2.run(AbstractConnection.java:540) [jetty-io-9.2.11.v20150529.jar:9.2.11.v20150529]
	at org.eclipse.jetty.util.thread.QueuedThreadPool.runJob(QueuedThreadPool.java:635) [jetty-util-9.2.11.v20150529.jar:9.2.11.v20150529]
	at org.eclipse.jetty.util.thread.QueuedThreadPool$3.run(QueuedThreadPool.java:555) [jetty-util-9.2.11.v20150529.jar:9.2.11.v20150529]
	at java.lang.Thread.run(Thread.java:745) [na:1.8.0_74]
Caused by: java.lang.NullPointerException: null
	at io.skysail.server.um.shiro.authentication.SkysailAuthenticationInfo.getCredentials(SkysailAuthenticationInfo.java:35) ~[na:na]
	at io.skysail.server.um.shiro.authentication.SkysailHashedCredentialsMatcher.doCredentialsMatch(SkysailHashedCredentialsMatcher.java:30) ~[na:na]
	at org.apache.shiro.realm.AuthenticatingRealm.assertCredentialsMatch(AuthenticatingRealm.java:597) ~[na:na]
	at org.apache.shiro.realm.AuthenticatingRealm.getAuthenticationInfo(AuthenticatingRealm.java:578) ~[na:na]
	at org.apache.shiro.authc.pam.ModularRealmAuthenticator.doSingleRealmAuthentication(ModularRealmAuthenticator.java:180) ~[na:na]
	at org.apache.shiro.authc.pam.ModularRealmAuthenticator.doAuthenticate(ModularRealmAuthenticator.java:267) ~[na:na]
	at org.apache.shiro.authc.AbstractAuthenticator.authenticate(AbstractAuthenticator.java:198) ~[na:na]
	... 60 common frames omitted
2016-12-24 14:45:51,779 INFO  [LogService                                   ] - 0:0:0:0:0:0:0:1 webconsole localhost:2020 GET /webconsole/v1/bundles  200
2016-12-24 14:46:06,959 INFO  [LogService                                   ] - 0:0:0:0:0:0:0:1  localhost:2020 OPTIONS /webconsole/v1/client/version  404
2016-12-24 14:46:25,780 INFO  [LogService                                   ] - 0:0:0:0:0:0:0:1   OPTIONS /v1/bundles  200
2016-12-24 14:46:25,829 ERROR [i.s.s.u.s.a.SimpleDelegatingVerifier         ] - AuthenticationException 'Authentication failed for token submission [org.apache.shiro.authc.UsernamePasswordToken - webconsole, rememberMe=false].  Possible unexpected error? (Typical or expected login exceptions should extend from AuthenticationException).' when login in webconsole
org.apache.shiro.authc.AuthenticationException: Authentication failed for token submission [org.apache.shiro.authc.UsernamePasswordToken - webconsole, rememberMe=false].  Possible unexpected error? (Typical or expected login exceptions should extend from AuthenticationException).
	at org.apache.shiro.authc.AbstractAuthenticator.authenticate(AbstractAuthenticator.java:214) ~[na:na]
	at org.apache.shiro.mgt.AuthenticatingSecurityManager.authenticate(AuthenticatingSecurityManager.java:106) ~[na:na]
	at org.apache.shiro.mgt.DefaultSecurityManager.login(DefaultSecurityManager.java:270) ~[na:na]
	at org.apache.shiro.subject.support.DelegatingSubject.login(DelegatingSubject.java:256) ~[na:na]
	at io.skysail.server.um.shiro.authentication.SimpleDelegatingVerifier.verify(SimpleDelegatingVerifier.java:29) ~[na:na]
	at org.restlet.security.SecretVerifier.verify(SecretVerifier.java:132) [org.restlet-2.3.9.jar:na]
	at org.restlet.security.ChallengeAuthenticator.authenticate(ChallengeAuthenticator.java:152) [org.restlet-2.3.9.jar:na]
	at org.restlet.ext.crypto.CookieAuthenticator.authenticate(CookieAuthenticator.java:197) [org.restlet.ext.crypto-2.3.9.jar:na]
	at io.skysail.server.um.shiro.authentication.SkysailCookieAuthenticator.authenticate(SkysailCookieAuthenticator.java:67) [skysail.server.um.shiro.jar:na]
	at org.restlet.security.Authenticator.beforeHandle(Authenticator.java:193) [org.restlet-2.3.9.jar:na]
	at org.restlet.ext.crypto.CookieAuthenticator.beforeHandle(CookieAuthenticator.java:231) [org.restlet.ext.crypto-2.3.9.jar:na]
	at org.restlet.routing.Filter.handle(Filter.java:195) [org.restlet-2.3.9.jar:na]
	at org.restlet.routing.Filter.doHandle(Filter.java:150) [org.restlet-2.3.9.jar:na]
	at org.restlet.routing.Filter.handle(Filter.java:197) [org.restlet-2.3.9.jar:na]
	at org.restlet.routing.Filter.doHandle(Filter.java:150) [org.restlet-2.3.9.jar:na]
	at org.restlet.routing.Filter.handle(Filter.java:197) [org.restlet-2.3.9.jar:na]
	at org.restlet.routing.Filter.doHandle(Filter.java:150) [org.restlet-2.3.9.jar:na]
	at org.restlet.routing.Filter.handle(Filter.java:197) [org.restlet-2.3.9.jar:na]
	at org.restlet.routing.Filter.doHandle(Filter.java:150) [org.restlet-2.3.9.jar:na]
	at org.restlet.routing.Filter.handle(Filter.java:197) [org.restlet-2.3.9.jar:na]
	at org.restlet.routing.Filter.doHandle(Filter.java:150) [org.restlet-2.3.9.jar:na]
	at org.restlet.engine.application.StatusFilter.doHandle(StatusFilter.java:140) [org.restlet-2.3.9.jar:na]
	at org.restlet.routing.Filter.handle(Filter.java:197) [org.restlet-2.3.9.jar:na]
	at org.restlet.routing.Filter.doHandle(Filter.java:150) [org.restlet-2.3.9.jar:na]
	at org.restlet.routing.Filter.handle(Filter.java:197) [org.restlet-2.3.9.jar:na]
	at org.restlet.engine.CompositeHelper.handle(CompositeHelper.java:202) [org.restlet-2.3.9.jar:na]
	at org.restlet.engine.application.ApplicationHelper.handle(ApplicationHelper.java:77) [org.restlet-2.3.9.jar:na]
	at org.restlet.Application.handle(Application.java:385) [org.restlet-2.3.9.jar:na]
	at org.restlet.routing.Filter.doHandle(Filter.java:150) [org.restlet-2.3.9.jar:na]
	at org.restlet.routing.Filter.handle(Filter.java:197) [org.restlet-2.3.9.jar:na]
	at org.restlet.routing.Router.doHandle(Router.java:422) [org.restlet-2.3.9.jar:na]
	at org.restlet.routing.Router.handle(Router.java:641) [org.restlet-2.3.9.jar:na]
	at org.restlet.routing.Filter.doHandle(Filter.java:150) [org.restlet-2.3.9.jar:na]
	at org.restlet.routing.Filter.handle(Filter.java:197) [org.restlet-2.3.9.jar:na]
	at org.restlet.routing.Router.doHandle(Router.java:422) [org.restlet-2.3.9.jar:na]
	at org.restlet.routing.Router.handle(Router.java:641) [org.restlet-2.3.9.jar:na]
	at org.restlet.routing.Filter.doHandle(Filter.java:150) [org.restlet-2.3.9.jar:na]
	at org.restlet.engine.application.StatusFilter.doHandle(StatusFilter.java:140) [org.restlet-2.3.9.jar:na]
	at org.restlet.routing.Filter.handle(Filter.java:197) [org.restlet-2.3.9.jar:na]
	at org.restlet.routing.Filter.doHandle(Filter.java:150) [org.restlet-2.3.9.jar:na]
	at org.restlet.routing.Filter.handle(Filter.java:197) [org.restlet-2.3.9.jar:na]
	at org.restlet.engine.CompositeHelper.handle(CompositeHelper.java:202) [org.restlet-2.3.9.jar:na]
	at org.restlet.Component.handle(Component.java:408) [org.restlet-2.3.9.jar:na]
	at org.restlet.Server.handle(Server.java:507) [org.restlet-2.3.9.jar:na]
	at org.restlet.engine.connector.ServerHelper.handle(ServerHelper.java:63) [org.restlet-2.3.9.jar:na]
	at org.restlet.engine.adapter.HttpServerHelper.handle(HttpServerHelper.java:143) [org.restlet-2.3.9.jar:na]
	at org.restlet.ext.jetty.JettyServerHelper$WrappedServer.handle(JettyServerHelper.java:256) [org.restlet.ext.jetty-2.3.9.jar:na]
	at org.eclipse.jetty.server.HttpChannel.handle(HttpChannel.java:310) [jetty-server-9.2.11.v20150529.jar:9.2.11.v20150529]
	at org.eclipse.jetty.server.HttpConnection.onFillable(HttpConnection.java:257) [jetty-server-9.2.11.v20150529.jar:9.2.11.v20150529]
	at org.eclipse.jetty.io.AbstractConnection$2.run(AbstractConnection.java:540) [jetty-io-9.2.11.v20150529.jar:9.2.11.v20150529]
	at org.eclipse.jetty.util.thread.QueuedThreadPool.runJob(QueuedThreadPool.java:635) [jetty-util-9.2.11.v20150529.jar:9.2.11.v20150529]
	at org.eclipse.jetty.util.thread.QueuedThreadPool$3.run(QueuedThreadPool.java:555) [jetty-util-9.2.11.v20150529.jar:9.2.11.v20150529]
	at java.lang.Thread.run(Thread.java:745) [na:1.8.0_74]
Caused by: java.lang.NullPointerException: null
	at io.skysail.server.um.shiro.authentication.SkysailAuthenticationInfo.getCredentials(SkysailAuthenticationInfo.java:35) ~[na:na]
	at io.skysail.server.um.shiro.authentication.SkysailHashedCredentialsMatcher.doCredentialsMatch(SkysailHashedCredentialsMatcher.java:30) ~[na:na]
	at org.apache.shiro.realm.AuthenticatingRealm.assertCredentialsMatch(AuthenticatingRealm.java:597) ~[na:na]
	at org.apache.shiro.realm.AuthenticatingRealm.getAuthenticationInfo(AuthenticatingRealm.java:578) ~[na:na]
	at org.apache.shiro.authc.pam.ModularRealmAuthenticator.doSingleRealmAuthentication(ModularRealmAuthenticator.java:180) ~[na:na]
	at org.apache.shiro.authc.pam.ModularRealmAuthenticator.doAuthenticate(ModularRealmAuthenticator.java:267) ~[na:na]
	at org.apache.shiro.authc.AbstractAuthenticator.authenticate(AbstractAuthenticator.java:198) ~[na:na]
	... 52 common frames omitted
2016-12-24 14:46:25,843 ERROR [i.s.s.u.s.a.SimpleDelegatingVerifier         ] - AuthenticationException 'Authentication failed for token submission [org.apache.shiro.authc.UsernamePasswordToken - webconsole, rememberMe=false].  Possible unexpected error? (Typical or expected login exceptions should extend from AuthenticationException).' when login in webconsole
org.apache.shiro.authc.AuthenticationException: Authentication failed for token submission [org.apache.shiro.authc.UsernamePasswordToken - webconsole, rememberMe=false].  Possible unexpected error? (Typical or expected login exceptions should extend from AuthenticationException).
	at org.apache.shiro.authc.AbstractAuthenticator.authenticate(AbstractAuthenticator.java:214) ~[na:na]
	at org.apache.shiro.mgt.AuthenticatingSecurityManager.authenticate(AuthenticatingSecurityManager.java:106) ~[na:na]
	at org.apache.shiro.mgt.DefaultSecurityManager.login(DefaultSecurityManager.java:270) ~[na:na]
	at org.apache.shiro.subject.support.DelegatingSubject.login(DelegatingSubject.java:256) ~[na:na]
	at io.skysail.server.um.shiro.authentication.SimpleDelegatingVerifier.verify(SimpleDelegatingVerifier.java:29) ~[na:na]
	at org.restlet.security.SecretVerifier.verify(SecretVerifier.java:132) [org.restlet-2.3.9.jar:na]
	at org.restlet.security.ChallengeAuthenticator.authenticate(ChallengeAuthenticator.java:152) [org.restlet-2.3.9.jar:na]
	at org.restlet.ext.crypto.CookieAuthenticator.authenticate(CookieAuthenticator.java:197) [org.restlet.ext.crypto-2.3.9.jar:na]
	at io.skysail.server.um.shiro.authentication.SkysailCookieAuthenticator.authenticate(SkysailCookieAuthenticator.java:67) [skysail.server.um.shiro.jar:na]
	at org.restlet.security.Authenticator.beforeHandle(Authenticator.java:193) [org.restlet-2.3.9.jar:na]
	at org.restlet.ext.crypto.CookieAuthenticator.beforeHandle(CookieAuthenticator.java:231) [org.restlet.ext.crypto-2.3.9.jar:na]
	at org.restlet.routing.Filter.handle(Filter.java:195) [org.restlet-2.3.9.jar:na]
	at org.restlet.routing.Filter.doHandle(Filter.java:150) [org.restlet-2.3.9.jar:na]
	at org.restlet.routing.Filter.handle(Filter.java:197) [org.restlet-2.3.9.jar:na]
	at org.restlet.routing.Router.doHandle(Router.java:422) [org.restlet-2.3.9.jar:na]
	at org.restlet.routing.Router.handle(Router.java:641) [org.restlet-2.3.9.jar:na]
	at org.restlet.routing.Filter.doHandle(Filter.java:150) [org.restlet-2.3.9.jar:na]
	at org.restlet.routing.Filter.handle(Filter.java:197) [org.restlet-2.3.9.jar:na]
	at org.restlet.routing.Filter.doHandle(Filter.java:150) [org.restlet-2.3.9.jar:na]
	at org.restlet.routing.Filter.handle(Filter.java:197) [org.restlet-2.3.9.jar:na]
	at org.restlet.routing.Filter.doHandle(Filter.java:150) [org.restlet-2.3.9.jar:na]
	at org.restlet.routing.Filter.handle(Filter.java:197) [org.restlet-2.3.9.jar:na]
	at org.restlet.routing.Filter.doHandle(Filter.java:150) [org.restlet-2.3.9.jar:na]
	at org.restlet.routing.Filter.handle(Filter.java:197) [org.restlet-2.3.9.jar:na]
	at org.restlet.routing.Filter.doHandle(Filter.java:150) [org.restlet-2.3.9.jar:na]
	at org.restlet.routing.Filter.handle(Filter.java:197) [org.restlet-2.3.9.jar:na]
	at org.restlet.routing.Filter.doHandle(Filter.java:150) [org.restlet-2.3.9.jar:na]
	at org.restlet.routing.Filter.handle(Filter.java:197) [org.restlet-2.3.9.jar:na]
	at org.restlet.routing.Filter.doHandle(Filter.java:150) [org.restlet-2.3.9.jar:na]
	at org.restlet.engine.application.StatusFilter.doHandle(StatusFilter.java:140) [org.restlet-2.3.9.jar:na]
	at org.restlet.routing.Filter.handle(Filter.java:197) [org.restlet-2.3.9.jar:na]
	at org.restlet.routing.Filter.doHandle(Filter.java:150) [org.restlet-2.3.9.jar:na]
	at org.restlet.routing.Filter.handle(Filter.java:197) [org.restlet-2.3.9.jar:na]
	at org.restlet.engine.CompositeHelper.handle(CompositeHelper.java:202) [org.restlet-2.3.9.jar:na]
	at org.restlet.engine.application.ApplicationHelper.handle(ApplicationHelper.java:77) [org.restlet-2.3.9.jar:na]
	at org.restlet.Application.handle(Application.java:385) [org.restlet-2.3.9.jar:na]
	at org.restlet.routing.Filter.doHandle(Filter.java:150) [org.restlet-2.3.9.jar:na]
	at org.restlet.routing.Filter.handle(Filter.java:197) [org.restlet-2.3.9.jar:na]
	at org.restlet.routing.Router.doHandle(Router.java:422) [org.restlet-2.3.9.jar:na]
	at org.restlet.routing.Router.handle(Router.java:641) [org.restlet-2.3.9.jar:na]
	at org.restlet.routing.Filter.doHandle(Filter.java:150) [org.restlet-2.3.9.jar:na]
	at org.restlet.routing.Filter.handle(Filter.java:197) [org.restlet-2.3.9.jar:na]
	at org.restlet.routing.Router.doHandle(Router.java:422) [org.restlet-2.3.9.jar:na]
	at org.restlet.routing.Router.handle(Router.java:641) [org.restlet-2.3.9.jar:na]
	at org.restlet.routing.Filter.doHandle(Filter.java:150) [org.restlet-2.3.9.jar:na]
	at org.restlet.engine.application.StatusFilter.doHandle(StatusFilter.java:140) [org.restlet-2.3.9.jar:na]
	at org.restlet.routing.Filter.handle(Filter.java:197) [org.restlet-2.3.9.jar:na]
	at org.restlet.routing.Filter.doHandle(Filter.java:150) [org.restlet-2.3.9.jar:na]
	at org.restlet.routing.Filter.handle(Filter.java:197) [org.restlet-2.3.9.jar:na]
	at org.restlet.engine.CompositeHelper.handle(CompositeHelper.java:202) [org.restlet-2.3.9.jar:na]
	at org.restlet.Component.handle(Component.java:408) [org.restlet-2.3.9.jar:na]
	at org.restlet.Server.handle(Server.java:507) [org.restlet-2.3.9.jar:na]
	at org.restlet.engine.connector.ServerHelper.handle(ServerHelper.java:63) [org.restlet-2.3.9.jar:na]
	at org.restlet.engine.adapter.HttpServerHelper.handle(HttpServerHelper.java:143) [org.restlet-2.3.9.jar:na]
	at org.restlet.ext.jetty.JettyServerHelper$WrappedServer.handle(JettyServerHelper.java:256) [org.restlet.ext.jetty-2.3.9.jar:na]
	at org.eclipse.jetty.server.HttpChannel.handle(HttpChannel.java:310) [jetty-server-9.2.11.v20150529.jar:9.2.11.v20150529]
	at org.eclipse.jetty.server.HttpConnection.onFillable(HttpConnection.java:257) [jetty-server-9.2.11.v20150529.jar:9.2.11.v20150529]
	at org.eclipse.jetty.io.AbstractConnection$2.run(AbstractConnection.java:540) [jetty-io-9.2.11.v20150529.jar:9.2.11.v20150529]
	at org.eclipse.jetty.util.thread.QueuedThreadPool.runJob(QueuedThreadPool.java:635) [jetty-util-9.2.11.v20150529.jar:9.2.11.v20150529]
	at org.eclipse.jetty.util.thread.QueuedThreadPool$3.run(QueuedThreadPool.java:555) [jetty-util-9.2.11.v20150529.jar:9.2.11.v20150529]
	at java.lang.Thread.run(Thread.java:745) [na:1.8.0_74]
Caused by: java.lang.NullPointerException: null
	at io.skysail.server.um.shiro.authentication.SkysailAuthenticationInfo.getCredentials(SkysailAuthenticationInfo.java:35) ~[na:na]
	at io.skysail.server.um.shiro.authentication.SkysailHashedCredentialsMatcher.doCredentialsMatch(SkysailHashedCredentialsMatcher.java:30) ~[na:na]
	at org.apache.shiro.realm.AuthenticatingRealm.assertCredentialsMatch(AuthenticatingRealm.java:597) ~[na:na]
	at org.apache.shiro.realm.AuthenticatingRealm.getAuthenticationInfo(AuthenticatingRealm.java:578) ~[na:na]
	at org.apache.shiro.authc.pam.ModularRealmAuthenticator.doSingleRealmAuthentication(ModularRealmAuthenticator.java:180) ~[na:na]
	at org.apache.shiro.authc.pam.ModularRealmAuthenticator.doAuthenticate(ModularRealmAuthenticator.java:267) ~[na:na]
	at org.apache.shiro.authc.AbstractAuthenticator.authenticate(AbstractAuthenticator.java:198) ~[na:na]
	... 60 common frames omitted
2016-12-24 14:46:25,864 INFO  [LogService                                   ] - 0:0:0:0:0:0:0:1 webconsole localhost:2020 GET /webconsole/v1/bundles  200
2016-12-24 14:55:11,530 INFO  [LogService                                   ] - 0:0:0:0:0:0:0:1   OPTIONS /v1/bundles  200
2016-12-24 14:55:11,597 ERROR [i.s.s.u.s.a.SimpleDelegatingVerifier         ] - AuthenticationException 'Authentication failed for token submission [org.apache.shiro.authc.UsernamePasswordToken - webconsole, rememberMe=false].  Possible unexpected error? (Typical or expected login exceptions should extend from AuthenticationException).' when login in webconsole
org.apache.shiro.authc.AuthenticationException: Authentication failed for token submission [org.apache.shiro.authc.UsernamePasswordToken - webconsole, rememberMe=false].  Possible unexpected error? (Typical or expected login exceptions should extend from AuthenticationException).
	at org.apache.shiro.authc.AbstractAuthenticator.authenticate(AbstractAuthenticator.java:214) ~[na:na]
	at org.apache.shiro.mgt.AuthenticatingSecurityManager.authenticate(AuthenticatingSecurityManager.java:106) ~[na:na]
	at org.apache.shiro.mgt.DefaultSecurityManager.login(DefaultSecurityManager.java:270) ~[na:na]
	at org.apache.shiro.subject.support.DelegatingSubject.login(DelegatingSubject.java:256) ~[na:na]
	at io.skysail.server.um.shiro.authentication.SimpleDelegatingVerifier.verify(SimpleDelegatingVerifier.java:29) ~[na:na]
	at org.restlet.security.SecretVerifier.verify(SecretVerifier.java:132) [org.restlet-2.3.9.jar:na]
	at org.restlet.security.ChallengeAuthenticator.authenticate(ChallengeAuthenticator.java:152) [org.restlet-2.3.9.jar:na]
	at org.restlet.ext.crypto.CookieAuthenticator.authenticate(CookieAuthenticator.java:197) [org.restlet.ext.crypto-2.3.9.jar:na]
	at io.skysail.server.um.shiro.authentication.SkysailCookieAuthenticator.authenticate(SkysailCookieAuthenticator.java:67) [skysail.server.um.shiro.jar:na]
	at org.restlet.security.Authenticator.beforeHandle(Authenticator.java:193) [org.restlet-2.3.9.jar:na]
	at org.restlet.ext.crypto.CookieAuthenticator.beforeHandle(CookieAuthenticator.java:231) [org.restlet.ext.crypto-2.3.9.jar:na]
	at org.restlet.routing.Filter.handle(Filter.java:195) [org.restlet-2.3.9.jar:na]
	at org.restlet.routing.Filter.doHandle(Filter.java:150) [org.restlet-2.3.9.jar:na]
	at org.restlet.routing.Filter.handle(Filter.java:197) [org.restlet-2.3.9.jar:na]
	at org.restlet.routing.Filter.doHandle(Filter.java:150) [org.restlet-2.3.9.jar:na]
	at org.restlet.routing.Filter.handle(Filter.java:197) [org.restlet-2.3.9.jar:na]
	at org.restlet.routing.Filter.doHandle(Filter.java:150) [org.restlet-2.3.9.jar:na]
	at org.restlet.routing.Filter.handle(Filter.java:197) [org.restlet-2.3.9.jar:na]
	at org.restlet.routing.Filter.doHandle(Filter.java:150) [org.restlet-2.3.9.jar:na]
	at org.restlet.routing.Filter.handle(Filter.java:197) [org.restlet-2.3.9.jar:na]
	at org.restlet.routing.Filter.doHandle(Filter.java:150) [org.restlet-2.3.9.jar:na]
	at org.restlet.engine.application.StatusFilter.doHandle(StatusFilter.java:140) [org.restlet-2.3.9.jar:na]
	at org.restlet.routing.Filter.handle(Filter.java:197) [org.restlet-2.3.9.jar:na]
	at org.restlet.routing.Filter.doHandle(Filter.java:150) [org.restlet-2.3.9.jar:na]
	at org.restlet.routing.Filter.handle(Filter.java:197) [org.restlet-2.3.9.jar:na]
	at org.restlet.engine.CompositeHelper.handle(CompositeHelper.java:202) [org.restlet-2.3.9.jar:na]
	at org.restlet.engine.application.ApplicationHelper.handle(ApplicationHelper.java:77) [org.restlet-2.3.9.jar:na]
	at org.restlet.Application.handle(Application.java:385) [org.restlet-2.3.9.jar:na]
	at org.restlet.routing.Filter.doHandle(Filter.java:150) [org.restlet-2.3.9.jar:na]
	at org.restlet.routing.Filter.handle(Filter.java:197) [org.restlet-2.3.9.jar:na]
	at org.restlet.routing.Router.doHandle(Router.java:422) [org.restlet-2.3.9.jar:na]
	at org.restlet.routing.Router.handle(Router.java:641) [org.restlet-2.3.9.jar:na]
	at org.restlet.routing.Filter.doHandle(Filter.java:150) [org.restlet-2.3.9.jar:na]
	at org.restlet.routing.Filter.handle(Filter.java:197) [org.restlet-2.3.9.jar:na]
	at org.restlet.routing.Router.doHandle(Router.java:422) [org.restlet-2.3.9.jar:na]
	at org.restlet.routing.Router.handle(Router.java:641) [org.restlet-2.3.9.jar:na]
	at org.restlet.routing.Filter.doHandle(Filter.java:150) [org.restlet-2.3.9.jar:na]
	at org.restlet.engine.application.StatusFilter.doHandle(StatusFilter.java:140) [org.restlet-2.3.9.jar:na]
	at org.restlet.routing.Filter.handle(Filter.java:197) [org.restlet-2.3.9.jar:na]
	at org.restlet.routing.Filter.doHandle(Filter.java:150) [org.restlet-2.3.9.jar:na]
	at org.restlet.routing.Filter.handle(Filter.java:197) [org.restlet-2.3.9.jar:na]
	at org.restlet.engine.CompositeHelper.handle(CompositeHelper.java:202) [org.restlet-2.3.9.jar:na]
	at org.restlet.Component.handle(Component.java:408) [org.restlet-2.3.9.jar:na]
	at org.restlet.Server.handle(Server.java:507) [org.restlet-2.3.9.jar:na]
	at org.restlet.engine.connector.ServerHelper.handle(ServerHelper.java:63) [org.restlet-2.3.9.jar:na]
	at org.restlet.engine.adapter.HttpServerHelper.handle(HttpServerHelper.java:143) [org.restlet-2.3.9.jar:na]
	at org.restlet.ext.jetty.JettyServerHelper$WrappedServer.handle(JettyServerHelper.java:256) [org.restlet.ext.jetty-2.3.9.jar:na]
	at org.eclipse.jetty.server.HttpChannel.handle(HttpChannel.java:310) [jetty-server-9.2.11.v20150529.jar:9.2.11.v20150529]
	at org.eclipse.jetty.server.HttpConnection.onFillable(HttpConnection.java:257) [jetty-server-9.2.11.v20150529.jar:9.2.11.v20150529]
	at org.eclipse.jetty.io.AbstractConnection$2.run(AbstractConnection.java:540) [jetty-io-9.2.11.v20150529.jar:9.2.11.v20150529]
	at org.eclipse.jetty.util.thread.QueuedThreadPool.runJob(QueuedThreadPool.java:635) [jetty-util-9.2.11.v20150529.jar:9.2.11.v20150529]
	at org.eclipse.jetty.util.thread.QueuedThreadPool$3.run(QueuedThreadPool.java:555) [jetty-util-9.2.11.v20150529.jar:9.2.11.v20150529]
	at java.lang.Thread.run(Thread.java:745) [na:1.8.0_74]
Caused by: java.lang.NullPointerException: null
	at io.skysail.server.um.shiro.authentication.SkysailAuthenticationInfo.getCredentials(SkysailAuthenticationInfo.java:35) ~[na:na]
	at io.skysail.server.um.shiro.authentication.SkysailHashedCredentialsMatcher.doCredentialsMatch(SkysailHashedCredentialsMatcher.java:30) ~[na:na]
	at org.apache.shiro.realm.AuthenticatingRealm.assertCredentialsMatch(AuthenticatingRealm.java:597) ~[na:na]
	at org.apache.shiro.realm.AuthenticatingRealm.getAuthenticationInfo(AuthenticatingRealm.java:578) ~[na:na]
	at org.apache.shiro.authc.pam.ModularRealmAuthenticator.doSingleRealmAuthentication(ModularRealmAuthenticator.java:180) ~[na:na]
	at org.apache.shiro.authc.pam.ModularRealmAuthenticator.doAuthenticate(ModularRealmAuthenticator.java:267) ~[na:na]
	at org.apache.shiro.authc.AbstractAuthenticator.authenticate(AbstractAuthenticator.java:198) ~[na:na]
	... 52 common frames omitted
2016-12-24 14:55:11,612 ERROR [i.s.s.u.s.a.SimpleDelegatingVerifier         ] - AuthenticationException 'Authentication failed for token submission [org.apache.shiro.authc.UsernamePasswordToken - webconsole, rememberMe=false].  Possible unexpected error? (Typical or expected login exceptions should extend from AuthenticationException).' when login in webconsole
org.apache.shiro.authc.AuthenticationException: Authentication failed for token submission [org.apache.shiro.authc.UsernamePasswordToken - webconsole, rememberMe=false].  Possible unexpected error? (Typical or expected login exceptions should extend from AuthenticationException).
	at org.apache.shiro.authc.AbstractAuthenticator.authenticate(AbstractAuthenticator.java:214) ~[na:na]
	at org.apache.shiro.mgt.AuthenticatingSecurityManager.authenticate(AuthenticatingSecurityManager.java:106) ~[na:na]
	at org.apache.shiro.mgt.DefaultSecurityManager.login(DefaultSecurityManager.java:270) ~[na:na]
	at org.apache.shiro.subject.support.DelegatingSubject.login(DelegatingSubject.java:256) ~[na:na]
	at io.skysail.server.um.shiro.authentication.SimpleDelegatingVerifier.verify(SimpleDelegatingVerifier.java:29) ~[na:na]
	at org.restlet.security.SecretVerifier.verify(SecretVerifier.java:132) [org.restlet-2.3.9.jar:na]
	at org.restlet.security.ChallengeAuthenticator.authenticate(ChallengeAuthenticator.java:152) [org.restlet-2.3.9.jar:na]
	at org.restlet.ext.crypto.CookieAuthenticator.authenticate(CookieAuthenticator.java:197) [org.restlet.ext.crypto-2.3.9.jar:na]
	at io.skysail.server.um.shiro.authentication.SkysailCookieAuthenticator.authenticate(SkysailCookieAuthenticator.java:67) [skysail.server.um.shiro.jar:na]
	at org.restlet.security.Authenticator.beforeHandle(Authenticator.java:193) [org.restlet-2.3.9.jar:na]
	at org.restlet.ext.crypto.CookieAuthenticator.beforeHandle(CookieAuthenticator.java:231) [org.restlet.ext.crypto-2.3.9.jar:na]
	at org.restlet.routing.Filter.handle(Filter.java:195) [org.restlet-2.3.9.jar:na]
	at org.restlet.routing.Filter.doHandle(Filter.java:150) [org.restlet-2.3.9.jar:na]
	at org.restlet.routing.Filter.handle(Filter.java:197) [org.restlet-2.3.9.jar:na]
	at org.restlet.routing.Router.doHandle(Router.java:422) [org.restlet-2.3.9.jar:na]
	at org.restlet.routing.Router.handle(Router.java:641) [org.restlet-2.3.9.jar:na]
	at org.restlet.routing.Filter.doHandle(Filter.java:150) [org.restlet-2.3.9.jar:na]
	at org.restlet.routing.Filter.handle(Filter.java:197) [org.restlet-2.3.9.jar:na]
	at org.restlet.routing.Filter.doHandle(Filter.java:150) [org.restlet-2.3.9.jar:na]
	at org.restlet.routing.Filter.handle(Filter.java:197) [org.restlet-2.3.9.jar:na]
	at org.restlet.routing.Filter.doHandle(Filter.java:150) [org.restlet-2.3.9.jar:na]
	at org.restlet.routing.Filter.handle(Filter.java:197) [org.restlet-2.3.9.jar:na]
	at org.restlet.routing.Filter.doHandle(Filter.java:150) [org.restlet-2.3.9.jar:na]
	at org.restlet.routing.Filter.handle(Filter.java:197) [org.restlet-2.3.9.jar:na]
	at org.restlet.routing.Filter.doHandle(Filter.java:150) [org.restlet-2.3.9.jar:na]
	at org.restlet.routing.Filter.handle(Filter.java:197) [org.restlet-2.3.9.jar:na]
	at org.restlet.routing.Filter.doHandle(Filter.java:150) [org.restlet-2.3.9.jar:na]
	at org.restlet.routing.Filter.handle(Filter.java:197) [org.restlet-2.3.9.jar:na]
	at org.restlet.routing.Filter.doHandle(Filter.java:150) [org.restlet-2.3.9.jar:na]
	at org.restlet.engine.application.StatusFilter.doHandle(StatusFilter.java:140) [org.restlet-2.3.9.jar:na]
	at org.restlet.routing.Filter.handle(Filter.java:197) [org.restlet-2.3.9.jar:na]
	at org.restlet.routing.Filter.doHandle(Filter.java:150) [org.restlet-2.3.9.jar:na]
	at org.restlet.routing.Filter.handle(Filter.java:197) [org.restlet-2.3.9.jar:na]
	at org.restlet.engine.CompositeHelper.handle(CompositeHelper.java:202) [org.restlet-2.3.9.jar:na]
	at org.restlet.engine.application.ApplicationHelper.handle(ApplicationHelper.java:77) [org.restlet-2.3.9.jar:na]
	at org.restlet.Application.handle(Application.java:385) [org.restlet-2.3.9.jar:na]
	at org.restlet.routing.Filter.doHandle(Filter.java:150) [org.restlet-2.3.9.jar:na]
	at org.restlet.routing.Filter.handle(Filter.java:197) [org.restlet-2.3.9.jar:na]
	at org.restlet.routing.Router.doHandle(Router.java:422) [org.restlet-2.3.9.jar:na]
	at org.restlet.routing.Router.handle(Router.java:641) [org.restlet-2.3.9.jar:na]
	at org.restlet.routing.Filter.doHandle(Filter.java:150) [org.restlet-2.3.9.jar:na]
	at org.restlet.routing.Filter.handle(Filter.java:197) [org.restlet-2.3.9.jar:na]
	at org.restlet.routing.Router.doHandle(Router.java:422) [org.restlet-2.3.9.jar:na]
	at org.restlet.routing.Router.handle(Router.java:641) [org.restlet-2.3.9.jar:na]
	at org.restlet.routing.Filter.doHandle(Filter.java:150) [org.restlet-2.3.9.jar:na]
	at org.restlet.engine.application.StatusFilter.doHandle(StatusFilter.java:140) [org.restlet-2.3.9.jar:na]
	at org.restlet.routing.Filter.handle(Filter.java:197) [org.restlet-2.3.9.jar:na]
	at org.restlet.routing.Filter.doHandle(Filter.java:150) [org.restlet-2.3.9.jar:na]
	at org.restlet.routing.Filter.handle(Filter.java:197) [org.restlet-2.3.9.jar:na]
	at org.restlet.engine.CompositeHelper.handle(CompositeHelper.java:202) [org.restlet-2.3.9.jar:na]
	at org.restlet.Component.handle(Component.java:408) [org.restlet-2.3.9.jar:na]
	at org.restlet.Server.handle(Server.java:507) [org.restlet-2.3.9.jar:na]
	at org.restlet.engine.connector.ServerHelper.handle(ServerHelper.java:63) [org.restlet-2.3.9.jar:na]
	at org.restlet.engine.adapter.HttpServerHelper.handle(HttpServerHelper.java:143) [org.restlet-2.3.9.jar:na]
	at org.restlet.ext.jetty.JettyServerHelper$WrappedServer.handle(JettyServerHelper.java:256) [org.restlet.ext.jetty-2.3.9.jar:na]
	at org.eclipse.jetty.server.HttpChannel.handle(HttpChannel.java:310) [jetty-server-9.2.11.v20150529.jar:9.2.11.v20150529]
	at org.eclipse.jetty.server.HttpConnection.onFillable(HttpConnection.java:257) [jetty-server-9.2.11.v20150529.jar:9.2.11.v20150529]
	at org.eclipse.jetty.io.AbstractConnection$2.run(AbstractConnection.java:540) [jetty-io-9.2.11.v20150529.jar:9.2.11.v20150529]
	at org.eclipse.jetty.util.thread.QueuedThreadPool.runJob(QueuedThreadPool.java:635) [jetty-util-9.2.11.v20150529.jar:9.2.11.v20150529]
	at org.eclipse.jetty.util.thread.QueuedThreadPool$3.run(QueuedThreadPool.java:555) [jetty-util-9.2.11.v20150529.jar:9.2.11.v20150529]
	at java.lang.Thread.run(Thread.java:745) [na:1.8.0_74]
Caused by: java.lang.NullPointerException: null
	at io.skysail.server.um.shiro.authentication.SkysailAuthenticationInfo.getCredentials(SkysailAuthenticationInfo.java:35) ~[na:na]
	at io.skysail.server.um.shiro.authentication.SkysailHashedCredentialsMatcher.doCredentialsMatch(SkysailHashedCredentialsMatcher.java:30) ~[na:na]
	at org.apache.shiro.realm.AuthenticatingRealm.assertCredentialsMatch(AuthenticatingRealm.java:597) ~[na:na]
	at org.apache.shiro.realm.AuthenticatingRealm.getAuthenticationInfo(AuthenticatingRealm.java:578) ~[na:na]
	at org.apache.shiro.authc.pam.ModularRealmAuthenticator.doSingleRealmAuthentication(ModularRealmAuthenticator.java:180) ~[na:na]
	at org.apache.shiro.authc.pam.ModularRealmAuthenticator.doAuthenticate(ModularRealmAuthenticator.java:267) ~[na:na]
	at org.apache.shiro.authc.AbstractAuthenticator.authenticate(AbstractAuthenticator.java:198) ~[na:na]
	... 60 common frames omitted
2016-12-24 14:55:11,623 INFO  [LogService                                   ] - 0:0:0:0:0:0:0:1 webconsole localhost:2020 GET /webconsole/v1/bundles  200
2016-12-24 14:56:14,190 INFO  [i.s.s.u.s.a.SkysailHashedCredentialsMatcher  ] - added entry $2a$12$52R8v2QH3vQRz8NcdtOm5.HhE5tFPZ0T/.MpfUa9rBzOugK.btAHS to credentials hash cache with current timestamp, size now is 1
2016-12-24 14:56:14,230 INFO  [LogService                                   ] - 0:0:0:0:0:0:0:1 admin localhost:2020 GET /webconsole/v1/bundles  200
