2016-12-24 14:45:51,532 WARN  [io.skysail.server.app.SkysailApplication     ] - there are no entities defined for the applicationModel SkysailApplicationModel: webconsole

2016-12-24 14:45:51,545 WARN  [io.skysail.server.app.SkysailApplication     ] - there are no entities defined for the applicationModel SkysailApplicationModel: notes

2016-12-24 14:45:51,737 ERROR [i.s.s.u.s.a.SimpleDelegatingVerifier         ] - AuthenticationException 'Authentication failed for token submission [org.apache.shiro.authc.UsernamePasswordToken - webconsole, rememberMe=false].  Possible unexpected error? (Typical or expected login exceptions should extend from AuthenticationException).' when login in webconsole
org.apache.shiro.authc.AuthenticationException: Authentication failed for token submission [org.apache.shiro.authc.UsernamePasswordToken - webconsole, rememberMe=false].  Possible unexpected error? (Typical or expected login exceptions should extend from AuthenticationException).
	at org.apache.shiro.authc.AbstractAuthenticator.authenticate(AbstractAuthenticator.java:214) ~[na:na]
	at org.apache.shiro.mgt.AuthenticatingSecurityManager.authenticate(AuthenticatingSecurityManager.java:106) ~[na:na]
	at org.apache.shiro.mgt.DefaultSecurityManager.login(DefaultSecurityManager.java:270) ~[na:na]
	at org.apache.shiro.subject.support.DelegatingSubject.login(DelegatingSubject.java:256) ~[na:na]
	at io.skysail.server.um.shiro.authentication.SimpleDelegatingVerifier.verify(SimpleDelegatingVerifier.java:29) ~[na:na]
	at org.restlet.security.SecretVerifier.verify(SecretVerifier.java:132) [org.restlet-2.3.9.jar:na]
	at org.restlet.security.ChallengeAuthenticator.authenticate(ChallengeAuthenticator.java:152) [org.restlet-2.3.9.jar:na]
	at org.restlet.ext.crypto.CookieAuthenticator.authenticate(CookieAuthenticator.java:197) [org.restlet.ext.crypto-2.3.9.jar:na]
	at io.skysail.server.um.shiro.authentication.SkysailCookieAuthenticator.authenticate(SkysailCookieAuthenticator.java:67) [skysail.server.um.shiro.jar:na]
	at org.restlet.security.Authenticator.beforeHandle(Authenticator.java:193) [org.restlet-2.3.9.jar:na]
	at org.restlet.ext.crypto.CookieAuthenticator.beforeHandle(CookieAuthenticator.java:231) [org.restlet.ext.crypto-2.3.9.jar:na]
	at org.restlet.routing.Filter.handle(Filter.java:195) [org.restlet-2.3.9.jar:na]
	at org.restlet.routing.Filter.doHandle(Filter.java:150) [org.restlet-2.3.9.jar:na]
	at org.restlet.routing.Filter.handle(Filter.java:197) [org.restlet-2.3.9.jar:na]
	at org.restlet.routing.Filter.doHandle(Filter.java:150) [org.restlet-2.3.9.jar:na]
	at org.restlet.routing.Filter.handle(Filter.java:197) [org.restlet-2.3.9.jar:na]
	at org.restlet.routing.Filter.doHandle(Filter.java:150) [org.restlet-2.3.9.jar:na]
	at org.restlet.routing.Filter.handle(Filter.java:197) [org.restlet-2.3.9.jar:na]
	at org.restlet.routing.Filter.doHandle(Filter.java:150) [org.restlet-2.3.9.jar:na]
	at org.restlet.routing.Filter.handle(Filter.java:197) [org.restlet-2.3.9.jar:na]
	at org.restlet.routing.Filter.doHandle(Filter.java:150) [org.restlet-2.3.9.jar:na]
	at org.restlet.engine.application.StatusFilter.doHandle(StatusFilter.java:140) [org.restlet-2.3.9.jar:na]
	at org.restlet.routing.Filter.handle(Filter.java:197) [org.restlet-2.3.9.jar:na]
	at org.restlet.routing.Filter.doHandle(Filter.java:150) [org.restlet-2.3.9.jar:na]
	at org.restlet.routing.Filter.handle(Filter.java:197) [org.restlet-2.3.9.jar:na]
	at org.restlet.engine.CompositeHelper.handle(CompositeHelper.java:202) [org.restlet-2.3.9.jar:na]
	at org.restlet.engine.application.ApplicationHelper.handle(ApplicationHelper.java:77) [org.restlet-2.3.9.jar:na]
	at org.restlet.Application.handle(Application.java:385) [org.restlet-2.3.9.jar:na]
	at org.restlet.routing.Filter.doHandle(Filter.java:150) [org.restlet-2.3.9.jar:na]
	at org.restlet.routing.Filter.handle(Filter.java:197) [org.restlet-2.3.9.jar:na]
	at org.restlet.routing.Router.doHandle(Router.java:422) [org.restlet-2.3.9.jar:na]
	at org.restlet.routing.Router.handle(Router.java:641) [org.restlet-2.3.9.jar:na]
	at org.restlet.routing.Filter.doHandle(Filter.java:150) [org.restlet-2.3.9.jar:na]
	at org.restlet.routing.Filter.handle(Filter.java:197) [org.restlet-2.3.9.jar:na]
	at org.restlet.routing.Router.doHandle(Router.java:422) [org.restlet-2.3.9.jar:na]
	at org.restlet.routing.Router.handle(Router.java:641) [org.restlet-2.3.9.jar:na]
	at org.restlet.routing.Filter.doHandle(Filter.java:150) [org.restlet-2.3.9.jar:na]
	at org.restlet.engine.application.StatusFilter.doHandle(StatusFilter.java:140) [org.restlet-2.3.9.jar:na]
	at org.restlet.routing.Filter.handle(Filter.java:197) [org.restlet-2.3.9.jar:na]
	at org.restlet.routing.Filter.doHandle(Filter.java:150) [org.restlet-2.3.9.jar:na]
	at org.restlet.routing.Filter.handle(Filter.java:197) [org.restlet-2.3.9.jar:na]
	at org.restlet.engine.CompositeHelper.handle(CompositeHelper.java:202) [org.restlet-2.3.9.jar:na]
	at org.restlet.Component.handle(Component.java:408) [org.restlet-2.3.9.jar:na]
	at org.restlet.Server.handle(Server.java:507) [org.restlet-2.3.9.jar:na]
	at org.restlet.engine.connector.ServerHelper.handle(ServerHelper.java:63) [org.restlet-2.3.9.jar:na]
	at org.restlet.engine.adapter.HttpServerHelper.handle(HttpServerHelper.java:143) [org.restlet-2.3.9.jar:na]
	at org.restlet.ext.jetty.JettyServerHelper$WrappedServer.handle(JettyServerHelper.java:256) [org.restlet.ext.jetty-2.3.9.jar:na]
	at org.eclipse.jetty.server.HttpChannel.handle(HttpChannel.java:310) [jetty-server-9.2.11.v20150529.jar:9.2.11.v20150529]
	at org.eclipse.jetty.server.HttpConnection.onFillable(HttpConnection.java:257) [jetty-server-9.2.11.v20150529.jar:9.2.11.v20150529]
	at org.eclipse.jetty.io.AbstractConnection$2.run(AbstractConnection.java:540) [jetty-io-9.2.11.v20150529.jar:9.2.11.v20150529]
	at org.eclipse.jetty.util.thread.QueuedThreadPool.runJob(QueuedThreadPool.java:635) [jetty-util-9.2.11.v20150529.jar:9.2.11.v20150529]
	at org.eclipse.jetty.util.thread.QueuedThreadPool$3.run(QueuedThreadPool.java:555) [jetty-util-9.2.11.v20150529.jar:9.2.11.v20150529]
	at java.lang.Thread.run(Thread.java:745) [na:1.8.0_74]
Caused by: java.lang.NullPointerException: null
	at io.skysail.server.um.shiro.authentication.SkysailAuthenticationInfo.getCredentials(SkysailAuthenticationInfo.java:35) ~[na:na]
	at io.skysail.server.um.shiro.authentication.SkysailHashedCredentialsMatcher.doCredentialsMatch(SkysailHashedCredentialsMatcher.java:30) ~[na:na]
	at org.apache.shiro.realm.AuthenticatingRealm.assertCredentialsMatch(AuthenticatingRealm.java:597) ~[na:na]
	at org.apache.shiro.realm.AuthenticatingRealm.getAuthenticationInfo(AuthenticatingRealm.java:578) ~[na:na]
	at org.apache.shiro.authc.pam.ModularRealmAuthenticator.doSingleRealmAuthentication(ModularRealmAuthenticator.java:180) ~[na:na]
	at org.apache.shiro.authc.pam.ModularRealmAuthenticator.doAuthenticate(ModularRealmAuthenticator.java:267) ~[na:na]
	at org.apache.shiro.authc.AbstractAuthenticator.authenticate(AbstractAuthenticator.java:198) ~[na:na]
	... 52 common frames omitted
2016-12-24 14:45:51,748 ERROR [i.s.s.u.s.a.SimpleDelegatingVerifier         ] - AuthenticationException 'Authentication failed for token submission [org.apache.shiro.authc.UsernamePasswordToken - webconsole, rememberMe=false].  Possible unexpected error? (Typical or expected login exceptions should extend from AuthenticationException).' when login in webconsole
org.apache.shiro.authc.AuthenticationException: Authentication failed for token submission [org.apache.shiro.authc.UsernamePasswordToken - webconsole, rememberMe=false].  Possible unexpected error? (Typical or expected login exceptions should extend from AuthenticationException).
	at org.apache.shiro.authc.AbstractAuthenticator.authenticate(AbstractAuthenticator.java:214) ~[na:na]
	at org.apache.shiro.mgt.AuthenticatingSecurityManager.authenticate(AuthenticatingSecurityManager.java:106) ~[na:na]
	at org.apache.shiro.mgt.DefaultSecurityManager.login(DefaultSecurityManager.java:270) ~[na:na]
	at org.apache.shiro.subject.support.DelegatingSubject.login(DelegatingSubject.java:256) ~[na:na]
	at io.skysail.server.um.shiro.authentication.SimpleDelegatingVerifier.verify(SimpleDelegatingVerifier.java:29) ~[na:na]
	at org.restlet.security.SecretVerifier.verify(SecretVerifier.java:132) [org.restlet-2.3.9.jar:na]
	at org.restlet.security.ChallengeAuthenticator.authenticate(ChallengeAuthenticator.java:152) [org.restlet-2.3.9.jar:na]
	at org.restlet.ext.crypto.CookieAuthenticator.authenticate(CookieAuthenticator.java:197) [org.restlet.ext.crypto-2.3.9.jar:na]
	at io.skysail.server.um.shiro.authentication.SkysailCookieAuthenticator.authenticate(SkysailCookieAuthenticator.java:67) [skysail.server.um.shiro.jar:na]
	at org.restlet.security.Authenticator.beforeHandle(Authenticator.java:193) [org.restlet-2.3.9.jar:na]
	at org.restlet.ext.crypto.CookieAuthenticator.beforeHandle(CookieAuthenticator.java:231) [org.restlet.ext.crypto-2.3.9.jar:na]
	at org.restlet.routing.Filter.handle(Filter.java:195) [org.restlet-2.3.9.jar:na]
	at org.restlet.routing.Filter.doHandle(Filter.java:150) [org.restlet-2.3.9.jar:na]
	at org.restlet.routing.Filter.handle(Filter.java:197) [org.restlet-2.3.9.jar:na]
	at org.restlet.routing.Router.doHandle(Router.java:422) [org.restlet-2.3.9.jar:na]
	at org.restlet.routing.Router.handle(Router.java:641) [org.restlet-2.3.9.jar:na]
	at org.restlet.routing.Filter.doHandle(Filter.java:150) [org.restlet-2.3.9.jar:na]
	at org.restlet.routing.Filter.handle(Filter.java:197) [org.restlet-2.3.9.jar:na]
	at org.restlet.routing.Filter.doHandle(Filter.java:150) [org.restlet-2.3.9.jar:na]
	at org.restlet.routing.Filter.handle(Filter.java:197) [org.restlet-2.3.9.jar:na]
	at org.restlet.routing.Filter.doHandle(Filter.java:150) [org.restlet-2.3.9.jar:na]
	at org.restlet.routing.Filter.handle(Filter.java:197) [org.restlet-2.3.9.jar:na]
	at org.restlet.routing.Filter.doHandle(Filter.java:150) [org.restlet-2.3.9.jar:na]
	at org.restlet.routing.Filter.handle(Filter.java:197) [org.restlet-2.3.9.jar:na]
	at org.restlet.routing.Filter.doHandle(Filter.java:150) [org.restlet-2.3.9.jar:na]
	at org.restlet.routing.Filter.handle(Filter.java:197) [org.restlet-2.3.9.jar:na]
	at org.restlet.routing.Filter.doHandle(Filter.java:150) [org.restlet-2.3.9.jar:na]
	at org.restlet.routing.Filter.handle(Filter.java:197) [org.restlet-2.3.9.jar:na]
	at org.restlet.routing.Filter.doHandle(Filter.java:150) [org.restlet-2.3.9.jar:na]
	at org.restlet.engine.application.StatusFilter.doHandle(StatusFilter.java:140) [org.restlet-2.3.9.jar:na]
	at org.restlet.routing.Filter.handle(Filter.java:197) [org.restlet-2.3.9.jar:na]
	at org.restlet.routing.Filter.doHandle(Filter.java:150) [org.restlet-2.3.9.jar:na]
	at org.restlet.routing.Filter.handle(Filter.java:197) [org.restlet-2.3.9.jar:na]
	at org.restlet.engine.CompositeHelper.handle(CompositeHelper.java:202) [org.restlet-2.3.9.jar:na]
	at org.restlet.engine.application.ApplicationHelper.handle(ApplicationHelper.java:77) [org.restlet-2.3.9.jar:na]
	at org.restlet.Application.handle(Application.java:385) [org.restlet-2.3.9.jar:na]
	at org.restlet.routing.Filter.doHandle(Filter.java:150) [org.restlet-2.3.9.jar:na]
	at org.restlet.routing.Filter.handle(Filter.java:197) [org.restlet-2.3.9.jar:na]
	at org.restlet.routing.Router.doHandle(Router.java:422) [org.restlet-2.3.9.jar:na]
	at org.restlet.routing.Router.handle(Router.java:641) [org.restlet-2.3.9.jar:na]
	at org.restlet.routing.Filter.doHandle(Filter.java:150) [org.restlet-2.3.9.jar:na]
	at org.restlet.routing.Filter.handle(Filter.java:197) [org.restlet-2.3.9.jar:na]
	at org.restlet.routing.Router.doHandle(Router.java:422) [org.restlet-2.3.9.jar:na]
	at org.restlet.routing.Router.handle(Router.java:641) [org.restlet-2.3.9.jar:na]
	at org.restlet.routing.Filter.doHandle(Filter.java:150) [org.restlet-2.3.9.jar:na]
	at org.restlet.engine.application.StatusFilter.doHandle(StatusFilter.java:140) [org.restlet-2.3.9.jar:na]
	at org.restlet.routing.Filter.handle(Filter.java:197) [org.restlet-2.3.9.jar:na]
	at org.restlet.routing.Filter.doHandle(Filter.java:150) [org.restlet-2.3.9.jar:na]
	at org.restlet.routing.Filter.handle(Filter.java:197) [org.restlet-2.3.9.jar:na]
	at org.restlet.engine.CompositeHelper.handle(CompositeHelper.java:202) [org.restlet-2.3.9.jar:na]
	at org.restlet.Component.handle(Component.java:408) [org.restlet-2.3.9.jar:na]
	at org.restlet.Server.handle(Server.java:507) [org.restlet-2.3.9.jar:na]
	at org.restlet.engine.connector.ServerHelper.handle(ServerHelper.java:63) [org.restlet-2.3.9.jar:na]
	at org.restlet.engine.adapter.HttpServerHelper.handle(HttpServerHelper.java:143) [org.restlet-2.3.9.jar:na]
	at org.restlet.ext.jetty.JettyServerHelper$WrappedServer.handle(JettyServerHelper.java:256) [org.restlet.ext.jetty-2.3.9.jar:na]
	at org.eclipse.jetty.server.HttpChannel.handle(HttpChannel.java:310) [jetty-server-9.2.11.v20150529.jar:9.2.11.v20150529]
	at org.eclipse.jetty.server.HttpConnection.onFillable(HttpConnection.java:257) [jetty-server-9.2.11.v20150529.jar:9.2.11.v20150529]
	at org.eclipse.jetty.io.AbstractConnection$2.run(AbstractConnection.java:540) [jetty-io-9.2.11.v20150529.jar:9.2.11.v20150529]
	at org.eclipse.jetty.util.thread.QueuedThreadPool.runJob(QueuedThreadPool.java:635) [jetty-util-9.2.11.v20150529.jar:9.2.11.v20150529]
	at org.eclipse.jetty.util.thread.QueuedThreadPool$3.run(QueuedThreadPool.java:555) [jetty-util-9.2.11.v20150529.jar:9.2.11.v20150529]
	at java.lang.Thread.run(Thread.java:745) [na:1.8.0_74]
Caused by: java.lang.NullPointerException: null
	at io.skysail.server.um.shiro.authentication.SkysailAuthenticationInfo.getCredentials(SkysailAuthenticationInfo.java:35) ~[na:na]
	at io.skysail.server.um.shiro.authentication.SkysailHashedCredentialsMatcher.doCredentialsMatch(SkysailHashedCredentialsMatcher.java:30) ~[na:na]
	at org.apache.shiro.realm.AuthenticatingRealm.assertCredentialsMatch(AuthenticatingRealm.java:597) ~[na:na]
	at org.apache.shiro.realm.AuthenticatingRealm.getAuthenticationInfo(AuthenticatingRealm.java:578) ~[na:na]
	at org.apache.shiro.authc.pam.ModularRealmAuthenticator.doSingleRealmAuthentication(ModularRealmAuthenticator.java:180) ~[na:na]
	at org.apache.shiro.authc.pam.ModularRealmAuthenticator.doAuthenticate(ModularRealmAuthenticator.java:267) ~[na:na]
	at org.apache.shiro.authc.AbstractAuthenticator.authenticate(AbstractAuthenticator.java:198) ~[na:na]
	... 60 common frames omitted
2016-12-24 14:46:25,829 ERROR [i.s.s.u.s.a.SimpleDelegatingVerifier         ] - AuthenticationException 'Authentication failed for token submission [org.apache.shiro.authc.UsernamePasswordToken - webconsole, rememberMe=false].  Possible unexpected error? (Typical or expected login exceptions should extend from AuthenticationException).' when login in webconsole
org.apache.shiro.authc.AuthenticationException: Authentication failed for token submission [org.apache.shiro.authc.UsernamePasswordToken - webconsole, rememberMe=false].  Possible unexpected error? (Typical or expected login exceptions should extend from AuthenticationException).
	at org.apache.shiro.authc.AbstractAuthenticator.authenticate(AbstractAuthenticator.java:214) ~[na:na]
	at org.apache.shiro.mgt.AuthenticatingSecurityManager.authenticate(AuthenticatingSecurityManager.java:106) ~[na:na]
	at org.apache.shiro.mgt.DefaultSecurityManager.login(DefaultSecurityManager.java:270) ~[na:na]
	at org.apache.shiro.subject.support.DelegatingSubject.login(DelegatingSubject.java:256) ~[na:na]
	at io.skysail.server.um.shiro.authentication.SimpleDelegatingVerifier.verify(SimpleDelegatingVerifier.java:29) ~[na:na]
	at org.restlet.security.SecretVerifier.verify(SecretVerifier.java:132) [org.restlet-2.3.9.jar:na]
	at org.restlet.security.ChallengeAuthenticator.authenticate(ChallengeAuthenticator.java:152) [org.restlet-2.3.9.jar:na]
	at org.restlet.ext.crypto.CookieAuthenticator.authenticate(CookieAuthenticator.java:197) [org.restlet.ext.crypto-2.3.9.jar:na]
	at io.skysail.server.um.shiro.authentication.SkysailCookieAuthenticator.authenticate(SkysailCookieAuthenticator.java:67) [skysail.server.um.shiro.jar:na]
	at org.restlet.security.Authenticator.beforeHandle(Authenticator.java:193) [org.restlet-2.3.9.jar:na]
	at org.restlet.ext.crypto.CookieAuthenticator.beforeHandle(CookieAuthenticator.java:231) [org.restlet.ext.crypto-2.3.9.jar:na]
	at org.restlet.routing.Filter.handle(Filter.java:195) [org.restlet-2.3.9.jar:na]
	at org.restlet.routing.Filter.doHandle(Filter.java:150) [org.restlet-2.3.9.jar:na]
	at org.restlet.routing.Filter.handle(Filter.java:197) [org.restlet-2.3.9.jar:na]
	at org.restlet.routing.Filter.doHandle(Filter.java:150) [org.restlet-2.3.9.jar:na]
	at org.restlet.routing.Filter.handle(Filter.java:197) [org.restlet-2.3.9.jar:na]
	at org.restlet.routing.Filter.doHandle(Filter.java:150) [org.restlet-2.3.9.jar:na]
	at org.restlet.routing.Filter.handle(Filter.java:197) [org.restlet-2.3.9.jar:na]
	at org.restlet.routing.Filter.doHandle(Filter.java:150) [org.restlet-2.3.9.jar:na]
	at org.restlet.routing.Filter.handle(Filter.java:197) [org.restlet-2.3.9.jar:na]
	at org.restlet.routing.Filter.doHandle(Filter.java:150) [org.restlet-2.3.9.jar:na]
	at org.restlet.engine.application.StatusFilter.doHandle(StatusFilter.java:140) [org.restlet-2.3.9.jar:na]
	at org.restlet.routing.Filter.handle(Filter.java:197) [org.restlet-2.3.9.jar:na]
	at org.restlet.routing.Filter.doHandle(Filter.java:150) [org.restlet-2.3.9.jar:na]
	at org.restlet.routing.Filter.handle(Filter.java:197) [org.restlet-2.3.9.jar:na]
	at org.restlet.engine.CompositeHelper.handle(CompositeHelper.java:202) [org.restlet-2.3.9.jar:na]
	at org.restlet.engine.application.ApplicationHelper.handle(ApplicationHelper.java:77) [org.restlet-2.3.9.jar:na]
	at org.restlet.Application.handle(Application.java:385) [org.restlet-2.3.9.jar:na]
	at org.restlet.routing.Filter.doHandle(Filter.java:150) [org.restlet-2.3.9.jar:na]
	at org.restlet.routing.Filter.handle(Filter.java:197) [org.restlet-2.3.9.jar:na]
	at org.restlet.routing.Router.doHandle(Router.java:422) [org.restlet-2.3.9.jar:na]
	at org.restlet.routing.Router.handle(Router.java:641) [org.restlet-2.3.9.jar:na]
	at org.restlet.routing.Filter.doHandle(Filter.java:150) [org.restlet-2.3.9.jar:na]
	at org.restlet.routing.Filter.handle(Filter.java:197) [org.restlet-2.3.9.jar:na]
	at org.restlet.routing.Router.doHandle(Router.java:422) [org.restlet-2.3.9.jar:na]
	at org.restlet.routing.Router.handle(Router.java:641) [org.restlet-2.3.9.jar:na]
	at org.restlet.routing.Filter.doHandle(Filter.java:150) [org.restlet-2.3.9.jar:na]
	at org.restlet.engine.application.StatusFilter.doHandle(StatusFilter.java:140) [org.restlet-2.3.9.jar:na]
	at org.restlet.routing.Filter.handle(Filter.java:197) [org.restlet-2.3.9.jar:na]
	at org.restlet.routing.Filter.doHandle(Filter.java:150) [org.restlet-2.3.9.jar:na]
	at org.restlet.routing.Filter.handle(Filter.java:197) [org.restlet-2.3.9.jar:na]
	at org.restlet.engine.CompositeHelper.handle(CompositeHelper.java:202) [org.restlet-2.3.9.jar:na]
	at org.restlet.Component.handle(Component.java:408) [org.restlet-2.3.9.jar:na]
	at org.restlet.Server.handle(Server.java:507) [org.restlet-2.3.9.jar:na]
	at org.restlet.engine.connector.ServerHelper.handle(ServerHelper.java:63) [org.restlet-2.3.9.jar:na]
	at org.restlet.engine.adapter.HttpServerHelper.handle(HttpServerHelper.java:143) [org.restlet-2.3.9.jar:na]
	at org.restlet.ext.jetty.JettyServerHelper$WrappedServer.handle(JettyServerHelper.java:256) [org.restlet.ext.jetty-2.3.9.jar:na]
	at org.eclipse.jetty.server.HttpChannel.handle(HttpChannel.java:310) [jetty-server-9.2.11.v20150529.jar:9.2.11.v20150529]
	at org.eclipse.jetty.server.HttpConnection.onFillable(HttpConnection.java:257) [jetty-server-9.2.11.v20150529.jar:9.2.11.v20150529]
	at org.eclipse.jetty.io.AbstractConnection$2.run(AbstractConnection.java:540) [jetty-io-9.2.11.v20150529.jar:9.2.11.v20150529]
	at org.eclipse.jetty.util.thread.QueuedThreadPool.runJob(QueuedThreadPool.java:635) [jetty-util-9.2.11.v20150529.jar:9.2.11.v20150529]
	at org.eclipse.jetty.util.thread.QueuedThreadPool$3.run(QueuedThreadPool.java:555) [jetty-util-9.2.11.v20150529.jar:9.2.11.v20150529]
	at java.lang.Thread.run(Thread.java:745) [na:1.8.0_74]
Caused by: java.lang.NullPointerException: null
	at io.skysail.server.um.shiro.authentication.SkysailAuthenticationInfo.getCredentials(SkysailAuthenticationInfo.java:35) ~[na:na]
	at io.skysail.server.um.shiro.authentication.SkysailHashedCredentialsMatcher.doCredentialsMatch(SkysailHashedCredentialsMatcher.java:30) ~[na:na]
	at org.apache.shiro.realm.AuthenticatingRealm.assertCredentialsMatch(AuthenticatingRealm.java:597) ~[na:na]
	at org.apache.shiro.realm.AuthenticatingRealm.getAuthenticationInfo(AuthenticatingRealm.java:578) ~[na:na]
	at org.apache.shiro.authc.pam.ModularRealmAuthenticator.doSingleRealmAuthentication(ModularRealmAuthenticator.java:180) ~[na:na]
	at org.apache.shiro.authc.pam.ModularRealmAuthenticator.doAuthenticate(ModularRealmAuthenticator.java:267) ~[na:na]
	at org.apache.shiro.authc.AbstractAuthenticator.authenticate(AbstractAuthenticator.java:198) ~[na:na]
	... 52 common frames omitted
2016-12-24 14:46:25,843 ERROR [i.s.s.u.s.a.SimpleDelegatingVerifier         ] - AuthenticationException 'Authentication failed for token submission [org.apache.shiro.authc.UsernamePasswordToken - webconsole, rememberMe=false].  Possible unexpected error? (Typical or expected login exceptions should extend from AuthenticationException).' when login in webconsole
org.apache.shiro.authc.AuthenticationException: Authentication failed for token submission [org.apache.shiro.authc.UsernamePasswordToken - webconsole, rememberMe=false].  Possible unexpected error? (Typical or expected login exceptions should extend from AuthenticationException).
	at org.apache.shiro.authc.AbstractAuthenticator.authenticate(AbstractAuthenticator.java:214) ~[na:na]
	at org.apache.shiro.mgt.AuthenticatingSecurityManager.authenticate(AuthenticatingSecurityManager.java:106) ~[na:na]
	at org.apache.shiro.mgt.DefaultSecurityManager.login(DefaultSecurityManager.java:270) ~[na:na]
	at org.apache.shiro.subject.support.DelegatingSubject.login(DelegatingSubject.java:256) ~[na:na]
	at io.skysail.server.um.shiro.authentication.SimpleDelegatingVerifier.verify(SimpleDelegatingVerifier.java:29) ~[na:na]
	at org.restlet.security.SecretVerifier.verify(SecretVerifier.java:132) [org.restlet-2.3.9.jar:na]
	at org.restlet.security.ChallengeAuthenticator.authenticate(ChallengeAuthenticator.java:152) [org.restlet-2.3.9.jar:na]
	at org.restlet.ext.crypto.CookieAuthenticator.authenticate(CookieAuthenticator.java:197) [org.restlet.ext.crypto-2.3.9.jar:na]
	at io.skysail.server.um.shiro.authentication.SkysailCookieAuthenticator.authenticate(SkysailCookieAuthenticator.java:67) [skysail.server.um.shiro.jar:na]
	at org.restlet.security.Authenticator.beforeHandle(Authenticator.java:193) [org.restlet-2.3.9.jar:na]
	at org.restlet.ext.crypto.CookieAuthenticator.beforeHandle(CookieAuthenticator.java:231) [org.restlet.ext.crypto-2.3.9.jar:na]
	at org.restlet.routing.Filter.handle(Filter.java:195) [org.restlet-2.3.9.jar:na]
	at org.restlet.routing.Filter.doHandle(Filter.java:150) [org.restlet-2.3.9.jar:na]
	at org.restlet.routing.Filter.handle(Filter.java:197) [org.restlet-2.3.9.jar:na]
	at org.restlet.routing.Router.doHandle(Router.java:422) [org.restlet-2.3.9.jar:na]
	at org.restlet.routing.Router.handle(Router.java:641) [org.restlet-2.3.9.jar:na]
	at org.restlet.routing.Filter.doHandle(Filter.java:150) [org.restlet-2.3.9.jar:na]
	at org.restlet.routing.Filter.handle(Filter.java:197) [org.restlet-2.3.9.jar:na]
	at org.restlet.routing.Filter.doHandle(Filter.java:150) [org.restlet-2.3.9.jar:na]
	at org.restlet.routing.Filter.handle(Filter.java:197) [org.restlet-2.3.9.jar:na]
	at org.restlet.routing.Filter.doHandle(Filter.java:150) [org.restlet-2.3.9.jar:na]
	at org.restlet.routing.Filter.handle(Filter.java:197) [org.restlet-2.3.9.jar:na]
	at org.restlet.routing.Filter.doHandle(Filter.java:150) [org.restlet-2.3.9.jar:na]
	at org.restlet.routing.Filter.handle(Filter.java:197) [org.restlet-2.3.9.jar:na]
	at org.restlet.routing.Filter.doHandle(Filter.java:150) [org.restlet-2.3.9.jar:na]
	at org.restlet.routing.Filter.handle(Filter.java:197) [org.restlet-2.3.9.jar:na]
	at org.restlet.routing.Filter.doHandle(Filter.java:150) [org.restlet-2.3.9.jar:na]
	at org.restlet.routing.Filter.handle(Filter.java:197) [org.restlet-2.3.9.jar:na]
	at org.restlet.routing.Filter.doHandle(Filter.java:150) [org.restlet-2.3.9.jar:na]
	at org.restlet.engine.application.StatusFilter.doHandle(StatusFilter.java:140) [org.restlet-2.3.9.jar:na]
	at org.restlet.routing.Filter.handle(Filter.java:197) [org.restlet-2.3.9.jar:na]
	at org.restlet.routing.Filter.doHandle(Filter.java:150) [org.restlet-2.3.9.jar:na]
	at org.restlet.routing.Filter.handle(Filter.java:197) [org.restlet-2.3.9.jar:na]
	at org.restlet.engine.CompositeHelper.handle(CompositeHelper.java:202) [org.restlet-2.3.9.jar:na]
	at org.restlet.engine.application.ApplicationHelper.handle(ApplicationHelper.java:77) [org.restlet-2.3.9.jar:na]
	at org.restlet.Application.handle(Application.java:385) [org.restlet-2.3.9.jar:na]
	at org.restlet.routing.Filter.doHandle(Filter.java:150) [org.restlet-2.3.9.jar:na]
	at org.restlet.routing.Filter.handle(Filter.java:197) [org.restlet-2.3.9.jar:na]
	at org.restlet.routing.Router.doHandle(Router.java:422) [org.restlet-2.3.9.jar:na]
	at org.restlet.routing.Router.handle(Router.java:641) [org.restlet-2.3.9.jar:na]
	at org.restlet.routing.Filter.doHandle(Filter.java:150) [org.restlet-2.3.9.jar:na]
	at org.restlet.routing.Filter.handle(Filter.java:197) [org.restlet-2.3.9.jar:na]
	at org.restlet.routing.Router.doHandle(Router.java:422) [org.restlet-2.3.9.jar:na]
	at org.restlet.routing.Router.handle(Router.java:641) [org.restlet-2.3.9.jar:na]
	at org.restlet.routing.Filter.doHandle(Filter.java:150) [org.restlet-2.3.9.jar:na]
	at org.restlet.engine.application.StatusFilter.doHandle(StatusFilter.java:140) [org.restlet-2.3.9.jar:na]
	at org.restlet.routing.Filter.handle(Filter.java:197) [org.restlet-2.3.9.jar:na]
	at org.restlet.routing.Filter.doHandle(Filter.java:150) [org.restlet-2.3.9.jar:na]
	at org.restlet.routing.Filter.handle(Filter.java:197) [org.restlet-2.3.9.jar:na]
	at org.restlet.engine.CompositeHelper.handle(CompositeHelper.java:202) [org.restlet-2.3.9.jar:na]
	at org.restlet.Component.handle(Component.java:408) [org.restlet-2.3.9.jar:na]
	at org.restlet.Server.handle(Server.java:507) [org.restlet-2.3.9.jar:na]
	at org.restlet.engine.connector.ServerHelper.handle(ServerHelper.java:63) [org.restlet-2.3.9.jar:na]
	at org.restlet.engine.adapter.HttpServerHelper.handle(HttpServerHelper.java:143) [org.restlet-2.3.9.jar:na]
	at org.restlet.ext.jetty.JettyServerHelper$WrappedServer.handle(JettyServerHelper.java:256) [org.restlet.ext.jetty-2.3.9.jar:na]
	at org.eclipse.jetty.server.HttpChannel.handle(HttpChannel.java:310) [jetty-server-9.2.11.v20150529.jar:9.2.11.v20150529]
	at org.eclipse.jetty.server.HttpConnection.onFillable(HttpConnection.java:257) [jetty-server-9.2.11.v20150529.jar:9.2.11.v20150529]
	at org.eclipse.jetty.io.AbstractConnection$2.run(AbstractConnection.java:540) [jetty-io-9.2.11.v20150529.jar:9.2.11.v20150529]
	at org.eclipse.jetty.util.thread.QueuedThreadPool.runJob(QueuedThreadPool.java:635) [jetty-util-9.2.11.v20150529.jar:9.2.11.v20150529]
	at org.eclipse.jetty.util.thread.QueuedThreadPool$3.run(QueuedThreadPool.java:555) [jetty-util-9.2.11.v20150529.jar:9.2.11.v20150529]
	at java.lang.Thread.run(Thread.java:745) [na:1.8.0_74]
Caused by: java.lang.NullPointerException: null
	at io.skysail.server.um.shiro.authentication.SkysailAuthenticationInfo.getCredentials(SkysailAuthenticationInfo.java:35) ~[na:na]
	at io.skysail.server.um.shiro.authentication.SkysailHashedCredentialsMatcher.doCredentialsMatch(SkysailHashedCredentialsMatcher.java:30) ~[na:na]
	at org.apache.shiro.realm.AuthenticatingRealm.assertCredentialsMatch(AuthenticatingRealm.java:597) ~[na:na]
	at org.apache.shiro.realm.AuthenticatingRealm.getAuthenticationInfo(AuthenticatingRealm.java:578) ~[na:na]
	at org.apache.shiro.authc.pam.ModularRealmAuthenticator.doSingleRealmAuthentication(ModularRealmAuthenticator.java:180) ~[na:na]
	at org.apache.shiro.authc.pam.ModularRealmAuthenticator.doAuthenticate(ModularRealmAuthenticator.java:267) ~[na:na]
	at org.apache.shiro.authc.AbstractAuthenticator.authenticate(AbstractAuthenticator.java:198) ~[na:na]
	... 60 common frames omitted
2016-12-24 14:55:11,597 ERROR [i.s.s.u.s.a.SimpleDelegatingVerifier         ] - AuthenticationException 'Authentication failed for token submission [org.apache.shiro.authc.UsernamePasswordToken - webconsole, rememberMe=false].  Possible unexpected error? (Typical or expected login exceptions should extend from AuthenticationException).' when login in webconsole
org.apache.shiro.authc.AuthenticationException: Authentication failed for token submission [org.apache.shiro.authc.UsernamePasswordToken - webconsole, rememberMe=false].  Possible unexpected error? (Typical or expected login exceptions should extend from AuthenticationException).
	at org.apache.shiro.authc.AbstractAuthenticator.authenticate(AbstractAuthenticator.java:214) ~[na:na]
	at org.apache.shiro.mgt.AuthenticatingSecurityManager.authenticate(AuthenticatingSecurityManager.java:106) ~[na:na]
	at org.apache.shiro.mgt.DefaultSecurityManager.login(DefaultSecurityManager.java:270) ~[na:na]
	at org.apache.shiro.subject.support.DelegatingSubject.login(DelegatingSubject.java:256) ~[na:na]
	at io.skysail.server.um.shiro.authentication.SimpleDelegatingVerifier.verify(SimpleDelegatingVerifier.java:29) ~[na:na]
	at org.restlet.security.SecretVerifier.verify(SecretVerifier.java:132) [org.restlet-2.3.9.jar:na]
	at org.restlet.security.ChallengeAuthenticator.authenticate(ChallengeAuthenticator.java:152) [org.restlet-2.3.9.jar:na]
	at org.restlet.ext.crypto.CookieAuthenticator.authenticate(CookieAuthenticator.java:197) [org.restlet.ext.crypto-2.3.9.jar:na]
	at io.skysail.server.um.shiro.authentication.SkysailCookieAuthenticator.authenticate(SkysailCookieAuthenticator.java:67) [skysail.server.um.shiro.jar:na]
	at org.restlet.security.Authenticator.beforeHandle(Authenticator.java:193) [org.restlet-2.3.9.jar:na]
	at org.restlet.ext.crypto.CookieAuthenticator.beforeHandle(CookieAuthenticator.java:231) [org.restlet.ext.crypto-2.3.9.jar:na]
	at org.restlet.routing.Filter.handle(Filter.java:195) [org.restlet-2.3.9.jar:na]
	at org.restlet.routing.Filter.doHandle(Filter.java:150) [org.restlet-2.3.9.jar:na]
	at org.restlet.routing.Filter.handle(Filter.java:197) [org.restlet-2.3.9.jar:na]
	at org.restlet.routing.Filter.doHandle(Filter.java:150) [org.restlet-2.3.9.jar:na]
	at org.restlet.routing.Filter.handle(Filter.java:197) [org.restlet-2.3.9.jar:na]
	at org.restlet.routing.Filter.doHandle(Filter.java:150) [org.restlet-2.3.9.jar:na]
	at org.restlet.routing.Filter.handle(Filter.java:197) [org.restlet-2.3.9.jar:na]
	at org.restlet.routing.Filter.doHandle(Filter.java:150) [org.restlet-2.3.9.jar:na]
	at org.restlet.routing.Filter.handle(Filter.java:197) [org.restlet-2.3.9.jar:na]
	at org.restlet.routing.Filter.doHandle(Filter.java:150) [org.restlet-2.3.9.jar:na]
	at org.restlet.engine.application.StatusFilter.doHandle(StatusFilter.java:140) [org.restlet-2.3.9.jar:na]
	at org.restlet.routing.Filter.handle(Filter.java:197) [org.restlet-2.3.9.jar:na]
	at org.restlet.routing.Filter.doHandle(Filter.java:150) [org.restlet-2.3.9.jar:na]
	at org.restlet.routing.Filter.handle(Filter.java:197) [org.restlet-2.3.9.jar:na]
	at org.restlet.engine.CompositeHelper.handle(CompositeHelper.java:202) [org.restlet-2.3.9.jar:na]
	at org.restlet.engine.application.ApplicationHelper.handle(ApplicationHelper.java:77) [org.restlet-2.3.9.jar:na]
	at org.restlet.Application.handle(Application.java:385) [org.restlet-2.3.9.jar:na]
	at org.restlet.routing.Filter.doHandle(Filter.java:150) [org.restlet-2.3.9.jar:na]
	at org.restlet.routing.Filter.handle(Filter.java:197) [org.restlet-2.3.9.jar:na]
	at org.restlet.routing.Router.doHandle(Router.java:422) [org.restlet-2.3.9.jar:na]
	at org.restlet.routing.Router.handle(Router.java:641) [org.restlet-2.3.9.jar:na]
	at org.restlet.routing.Filter.doHandle(Filter.java:150) [org.restlet-2.3.9.jar:na]
	at org.restlet.routing.Filter.handle(Filter.java:197) [org.restlet-2.3.9.jar:na]
	at org.restlet.routing.Router.doHandle(Router.java:422) [org.restlet-2.3.9.jar:na]
	at org.restlet.routing.Router.handle(Router.java:641) [org.restlet-2.3.9.jar:na]
	at org.restlet.routing.Filter.doHandle(Filter.java:150) [org.restlet-2.3.9.jar:na]
	at org.restlet.engine.application.StatusFilter.doHandle(StatusFilter.java:140) [org.restlet-2.3.9.jar:na]
	at org.restlet.routing.Filter.handle(Filter.java:197) [org.restlet-2.3.9.jar:na]
	at org.restlet.routing.Filter.doHandle(Filter.java:150) [org.restlet-2.3.9.jar:na]
	at org.restlet.routing.Filter.handle(Filter.java:197) [org.restlet-2.3.9.jar:na]
	at org.restlet.engine.CompositeHelper.handle(CompositeHelper.java:202) [org.restlet-2.3.9.jar:na]
	at org.restlet.Component.handle(Component.java:408) [org.restlet-2.3.9.jar:na]
	at org.restlet.Server.handle(Server.java:507) [org.restlet-2.3.9.jar:na]
	at org.restlet.engine.connector.ServerHelper.handle(ServerHelper.java:63) [org.restlet-2.3.9.jar:na]
	at org.restlet.engine.adapter.HttpServerHelper.handle(HttpServerHelper.java:143) [org.restlet-2.3.9.jar:na]
	at org.restlet.ext.jetty.JettyServerHelper$WrappedServer.handle(JettyServerHelper.java:256) [org.restlet.ext.jetty-2.3.9.jar:na]
	at org.eclipse.jetty.server.HttpChannel.handle(HttpChannel.java:310) [jetty-server-9.2.11.v20150529.jar:9.2.11.v20150529]
	at org.eclipse.jetty.server.HttpConnection.onFillable(HttpConnection.java:257) [jetty-server-9.2.11.v20150529.jar:9.2.11.v20150529]
	at org.eclipse.jetty.io.AbstractConnection$2.run(AbstractConnection.java:540) [jetty-io-9.2.11.v20150529.jar:9.2.11.v20150529]
	at org.eclipse.jetty.util.thread.QueuedThreadPool.runJob(QueuedThreadPool.java:635) [jetty-util-9.2.11.v20150529.jar:9.2.11.v20150529]
	at org.eclipse.jetty.util.thread.QueuedThreadPool$3.run(QueuedThreadPool.java:555) [jetty-util-9.2.11.v20150529.jar:9.2.11.v20150529]
	at java.lang.Thread.run(Thread.java:745) [na:1.8.0_74]
Caused by: java.lang.NullPointerException: null
	at io.skysail.server.um.shiro.authentication.SkysailAuthenticationInfo.getCredentials(SkysailAuthenticationInfo.java:35) ~[na:na]
	at io.skysail.server.um.shiro.authentication.SkysailHashedCredentialsMatcher.doCredentialsMatch(SkysailHashedCredentialsMatcher.java:30) ~[na:na]
	at org.apache.shiro.realm.AuthenticatingRealm.assertCredentialsMatch(AuthenticatingRealm.java:597) ~[na:na]
	at org.apache.shiro.realm.AuthenticatingRealm.getAuthenticationInfo(AuthenticatingRealm.java:578) ~[na:na]
	at org.apache.shiro.authc.pam.ModularRealmAuthenticator.doSingleRealmAuthentication(ModularRealmAuthenticator.java:180) ~[na:na]
	at org.apache.shiro.authc.pam.ModularRealmAuthenticator.doAuthenticate(ModularRealmAuthenticator.java:267) ~[na:na]
	at org.apache.shiro.authc.AbstractAuthenticator.authenticate(AbstractAuthenticator.java:198) ~[na:na]
	... 52 common frames omitted
2016-12-24 14:55:11,612 ERROR [i.s.s.u.s.a.SimpleDelegatingVerifier         ] - AuthenticationException 'Authentication failed for token submission [org.apache.shiro.authc.UsernamePasswordToken - webconsole, rememberMe=false].  Possible unexpected error? (Typical or expected login exceptions should extend from AuthenticationException).' when login in webconsole
org.apache.shiro.authc.AuthenticationException: Authentication failed for token submission [org.apache.shiro.authc.UsernamePasswordToken - webconsole, rememberMe=false].  Possible unexpected error? (Typical or expected login exceptions should extend from AuthenticationException).
	at org.apache.shiro.authc.AbstractAuthenticator.authenticate(AbstractAuthenticator.java:214) ~[na:na]
	at org.apache.shiro.mgt.AuthenticatingSecurityManager.authenticate(AuthenticatingSecurityManager.java:106) ~[na:na]
	at org.apache.shiro.mgt.DefaultSecurityManager.login(DefaultSecurityManager.java:270) ~[na:na]
	at org.apache.shiro.subject.support.DelegatingSubject.login(DelegatingSubject.java:256) ~[na:na]
	at io.skysail.server.um.shiro.authentication.SimpleDelegatingVerifier.verify(SimpleDelegatingVerifier.java:29) ~[na:na]
	at org.restlet.security.SecretVerifier.verify(SecretVerifier.java:132) [org.restlet-2.3.9.jar:na]
	at org.restlet.security.ChallengeAuthenticator.authenticate(ChallengeAuthenticator.java:152) [org.restlet-2.3.9.jar:na]
	at org.restlet.ext.crypto.CookieAuthenticator.authenticate(CookieAuthenticator.java:197) [org.restlet.ext.crypto-2.3.9.jar:na]
	at io.skysail.server.um.shiro.authentication.SkysailCookieAuthenticator.authenticate(SkysailCookieAuthenticator.java:67) [skysail.server.um.shiro.jar:na]
	at org.restlet.security.Authenticator.beforeHandle(Authenticator.java:193) [org.restlet-2.3.9.jar:na]
	at org.restlet.ext.crypto.CookieAuthenticator.beforeHandle(CookieAuthenticator.java:231) [org.restlet.ext.crypto-2.3.9.jar:na]
	at org.restlet.routing.Filter.handle(Filter.java:195) [org.restlet-2.3.9.jar:na]
	at org.restlet.routing.Filter.doHandle(Filter.java:150) [org.restlet-2.3.9.jar:na]
	at org.restlet.routing.Filter.handle(Filter.java:197) [org.restlet-2.3.9.jar:na]
	at org.restlet.routing.Router.doHandle(Router.java:422) [org.restlet-2.3.9.jar:na]
	at org.restlet.routing.Router.handle(Router.java:641) [org.restlet-2.3.9.jar:na]
	at org.restlet.routing.Filter.doHandle(Filter.java:150) [org.restlet-2.3.9.jar:na]
	at org.restlet.routing.Filter.handle(Filter.java:197) [org.restlet-2.3.9.jar:na]
	at org.restlet.routing.Filter.doHandle(Filter.java:150) [org.restlet-2.3.9.jar:na]
	at org.restlet.routing.Filter.handle(Filter.java:197) [org.restlet-2.3.9.jar:na]
	at org.restlet.routing.Filter.doHandle(Filter.java:150) [org.restlet-2.3.9.jar:na]
	at org.restlet.routing.Filter.handle(Filter.java:197) [org.restlet-2.3.9.jar:na]
	at org.restlet.routing.Filter.doHandle(Filter.java:150) [org.restlet-2.3.9.jar:na]
	at org.restlet.routing.Filter.handle(Filter.java:197) [org.restlet-2.3.9.jar:na]
	at org.restlet.routing.Filter.doHandle(Filter.java:150) [org.restlet-2.3.9.jar:na]
	at org.restlet.routing.Filter.handle(Filter.java:197) [org.restlet-2.3.9.jar:na]
	at org.restlet.routing.Filter.doHandle(Filter.java:150) [org.restlet-2.3.9.jar:na]
	at org.restlet.routing.Filter.handle(Filter.java:197) [org.restlet-2.3.9.jar:na]
	at org.restlet.routing.Filter.doHandle(Filter.java:150) [org.restlet-2.3.9.jar:na]
	at org.restlet.engine.application.StatusFilter.doHandle(StatusFilter.java:140) [org.restlet-2.3.9.jar:na]
	at org.restlet.routing.Filter.handle(Filter.java:197) [org.restlet-2.3.9.jar:na]
	at org.restlet.routing.Filter.doHandle(Filter.java:150) [org.restlet-2.3.9.jar:na]
	at org.restlet.routing.Filter.handle(Filter.java:197) [org.restlet-2.3.9.jar:na]
	at org.restlet.engine.CompositeHelper.handle(CompositeHelper.java:202) [org.restlet-2.3.9.jar:na]
	at org.restlet.engine.application.ApplicationHelper.handle(ApplicationHelper.java:77) [org.restlet-2.3.9.jar:na]
	at org.restlet.Application.handle(Application.java:385) [org.restlet-2.3.9.jar:na]
	at org.restlet.routing.Filter.doHandle(Filter.java:150) [org.restlet-2.3.9.jar:na]
	at org.restlet.routing.Filter.handle(Filter.java:197) [org.restlet-2.3.9.jar:na]
	at org.restlet.routing.Router.doHandle(Router.java:422) [org.restlet-2.3.9.jar:na]
	at org.restlet.routing.Router.handle(Router.java:641) [org.restlet-2.3.9.jar:na]
	at org.restlet.routing.Filter.doHandle(Filter.java:150) [org.restlet-2.3.9.jar:na]
	at org.restlet.routing.Filter.handle(Filter.java:197) [org.restlet-2.3.9.jar:na]
	at org.restlet.routing.Router.doHandle(Router.java:422) [org.restlet-2.3.9.jar:na]
	at org.restlet.routing.Router.handle(Router.java:641) [org.restlet-2.3.9.jar:na]
	at org.restlet.routing.Filter.doHandle(Filter.java:150) [org.restlet-2.3.9.jar:na]
	at org.restlet.engine.application.StatusFilter.doHandle(StatusFilter.java:140) [org.restlet-2.3.9.jar:na]
	at org.restlet.routing.Filter.handle(Filter.java:197) [org.restlet-2.3.9.jar:na]
	at org.restlet.routing.Filter.doHandle(Filter.java:150) [org.restlet-2.3.9.jar:na]
	at org.restlet.routing.Filter.handle(Filter.java:197) [org.restlet-2.3.9.jar:na]
	at org.restlet.engine.CompositeHelper.handle(CompositeHelper.java:202) [org.restlet-2.3.9.jar:na]
	at org.restlet.Component.handle(Component.java:408) [org.restlet-2.3.9.jar:na]
	at org.restlet.Server.handle(Server.java:507) [org.restlet-2.3.9.jar:na]
	at org.restlet.engine.connector.ServerHelper.handle(ServerHelper.java:63) [org.restlet-2.3.9.jar:na]
	at org.restlet.engine.adapter.HttpServerHelper.handle(HttpServerHelper.java:143) [org.restlet-2.3.9.jar:na]
	at org.restlet.ext.jetty.JettyServerHelper$WrappedServer.handle(JettyServerHelper.java:256) [org.restlet.ext.jetty-2.3.9.jar:na]
	at org.eclipse.jetty.server.HttpChannel.handle(HttpChannel.java:310) [jetty-server-9.2.11.v20150529.jar:9.2.11.v20150529]
	at org.eclipse.jetty.server.HttpConnection.onFillable(HttpConnection.java:257) [jetty-server-9.2.11.v20150529.jar:9.2.11.v20150529]
	at org.eclipse.jetty.io.AbstractConnection$2.run(AbstractConnection.java:540) [jetty-io-9.2.11.v20150529.jar:9.2.11.v20150529]
	at org.eclipse.jetty.util.thread.QueuedThreadPool.runJob(QueuedThreadPool.java:635) [jetty-util-9.2.11.v20150529.jar:9.2.11.v20150529]
	at org.eclipse.jetty.util.thread.QueuedThreadPool$3.run(QueuedThreadPool.java:555) [jetty-util-9.2.11.v20150529.jar:9.2.11.v20150529]
	at java.lang.Thread.run(Thread.java:745) [na:1.8.0_74]
Caused by: java.lang.NullPointerException: null
	at io.skysail.server.um.shiro.authentication.SkysailAuthenticationInfo.getCredentials(SkysailAuthenticationInfo.java:35) ~[na:na]
	at io.skysail.server.um.shiro.authentication.SkysailHashedCredentialsMatcher.doCredentialsMatch(SkysailHashedCredentialsMatcher.java:30) ~[na:na]
	at org.apache.shiro.realm.AuthenticatingRealm.assertCredentialsMatch(AuthenticatingRealm.java:597) ~[na:na]
	at org.apache.shiro.realm.AuthenticatingRealm.getAuthenticationInfo(AuthenticatingRealm.java:578) ~[na:na]
	at org.apache.shiro.authc.pam.ModularRealmAuthenticator.doSingleRealmAuthentication(ModularRealmAuthenticator.java:180) ~[na:na]
	at org.apache.shiro.authc.pam.ModularRealmAuthenticator.doAuthenticate(ModularRealmAuthenticator.java:267) ~[na:na]
	at org.apache.shiro.authc.AbstractAuthenticator.authenticate(AbstractAuthenticator.java:198) ~[na:na]
	... 60 common frames omitted
