#
# A fatal error has been detected by the Java Runtime Environment:
#
#  SIGSEGV (0xb) at pc=0x000000010ac462c8, pid=64908, tid=17155
#
# JRE version: Java(TM) SE Runtime Environment (8.0_74-b02) (build 1.8.0_74-b02)
# Java VM: Java HotSpot(TM) 64-Bit Server VM (25.74-b02 mixed mode bsd-amd64 compressed oops)
# Problematic frame:
# V  [libjvm.dylib+0x4462c8]  Method::checked_resolve_jmethod_id(_jmethodID*)+0xe
#
# Failed to write core dump. Core dumps have been disabled. To enable core dumping, try "ulimit -c unlimited" before starting Java again
#
# If you would like to submit a bug report, please visit:
#   http://bugreport.java.com/bugreport/crash.jsp
#

---------------  T H R E A D  ---------------

Current thread (0x00007fac72060000):  JavaThread "JDWP Transport Listener: dt_socket" daemon [_thread_in_vm, id=17155, stack(0x000070000bfde000,0x000070000c0de000)]

siginfo: si_signo: 11 (SIGSEGV), si_code: 1 (SEGV_MAPERR), si_addr: 0x0000000067c15fc1

Registers:
RAX=0x0000000000000001, RBX=0x000070000c0dda8b, RCX=0x000000010b015340, RDX=0x000070000c0dda8b
RSP=0x000070000c0dd9d0, RBP=0x000070000c0dd9e0, RSI=0x00007fac72060000, RDI=0x0000000067c15fc1
R8 =0x0000000000000001, R9 =0x0000000000000000, R10=0x0000000000000001, R11=0x0000000000000002
R12=0x00007fac72060000, R13=0x0000000067c15fc1, R14=0x0000000067c15fc1, R15=0x00007fac715027b0
RIP=0x000000010ac462c8, EFLAGS=0x0000000000010202, ERR=0x0000000000000004
  TRAPNO=0x000000000000000e

Top of Stack: (sp=0x000070000c0dd9d0)
0x000070000c0dd9d0:   000070000c0dda8b 000070000c0dda8b
0x000070000c0dd9e0:   000070000c0dda40 000000010ab552fe
0x000070000c0dd9f0:   00007fac72060000 0000000000000000
0x000070000c0dda00:   0000000000000000 0000000000000000
0x000070000c0dda10:   00007fac72060000 00007fac72060000
0x000070000c0dda20:   000070000c0dda8b 000070000c0dda90
0x000070000c0dda30:   0000000067c15fc1 0000000000000021
0x000070000c0dda40:   000070000c0dda60 0000000109f15780
0x000070000c0dda50:   0000000000000001 000070000c0ddb08
0x000070000c0dda60:   000070000c0ddad0 0000000109efa1f3
0x000070000c0dda70:   000070000c0ddaa0 00007fac71424660
0x000070000c0dda80:   0000002700000032 00000001000ddb08
0x000070000c0dda90:   0000000000000000 0000000000000000
0x000070000c0ddaa0:   0000000000000000 000070000c0ddc90
0x000070000c0ddab0:   0000000109f1ce7a 00007fac714107c0
0x000070000c0ddac0:   000070000c0ddb08 0000000109f28598
0x000070000c0ddad0:   000070000c0ddae0 0000000109efa2ec
0x000070000c0ddae0:   000070000c0ddd00 0000000109f03898
0x000070000c0ddaf0:   00048d7b00000013 00000000000f0200
0x000070000c0ddb00:   00007fac75a2fd80 00007fac749ba234
0x000070000c0ddb10:   00007fac0000128c 00007fac71410950
0x000070000c0ddb20:   00007fac0000012c 000070000c0ddb58
0x000070000c0ddb30:   00007fac71410930 0000000000000000
0x000070000c0ddb40:   00048d7b0000001c 0000000000000080
0x000070000c0ddb50:   000070000c0ddb58 ac7f000027000000
0x000070000c0ddb60:   080000006821d575 3e74696e696c633c
0x000070000c0ddb70:   0056292803000000 0008000000000000
0x000070000c0ddb80:   006021d575ac7f00 74696e693c060000
0x000070000c0ddb90:   694c284d0000003e 696173796b732f6f
0x000070000c0ddba0:   7265767265732f6c 747265766e6f632f
0x000070000c0ddbb0:   436c6d74482f7265 7265747265766e6f
0x000070000c0ddbc0:   65722f67726f4c3b 65722f74656c7473 

Instructions: (pc=0x000000010ac462c8)
0x000000010ac462a8:   40 48 48 85 c0 75 e0 30 c0 0f b6 c0 5d c3 31 c0
0x000000010ac462b8:   5d c3 55 48 89 e5 53 48 83 ec 08 48 85 ff 74 24
0x000000010ac462c8:   48 8b 1f 48 85 db 74 1c 48 83 fb 37 74 16 48 8b
0x000000010ac462d8:   03 48 89 df ff 50 10 84 c0 b8 00 00 00 00 48 0f 

Register to memory mapping:

RAX=0x0000000000000001 is an unknown value
RBX=0x000070000c0dda8b is pointing into the stack for thread: 0x00007fac72060000
RCX=0x000000010b015340: UseMembar+0 in /Library/Java/JavaVirtualMachines/jdk1.8.0_74.jdk/Contents/Home/jre/lib/server/libjvm.dylib at 0x000000010a800000
RDX=0x000070000c0dda8b is pointing into the stack for thread: 0x00007fac72060000
RSP=0x000070000c0dd9d0 is pointing into the stack for thread: 0x00007fac72060000
RBP=0x000070000c0dd9e0 is pointing into the stack for thread: 0x00007fac72060000
RSI=0x00007fac72060000 is a thread
RDI=0x0000000067c15fc1 is an unknown value
R8 =0x0000000000000001 is an unknown value
R9 =0x0000000000000000 is an unknown value
R10=0x0000000000000001 is an unknown value
R11=0x0000000000000002 is an unknown value
R12=0x00007fac72060000 is a thread
R13=0x0000000067c15fc1 is an unknown value
R14=0x0000000067c15fc1 is an unknown value
R15=0x00007fac715027b0 is an unknown value


Stack: [0x000070000bfde000,0x000070000c0de000],  sp=0x000070000c0dd9d0,  free space=1022k
Native frames: (J=compiled Java code, j=interpreted, Vv=VM code, C=native code)
V  [libjvm.dylib+0x4462c8]  Method::checked_resolve_jmethod_id(_jmethodID*)+0xe
V  [libjvm.dylib+0x3552fe]  jvmti_IsMethodSynthetic+0xb2
C  [libjdwp.dylib+0x20780]  isMethodSynthetic+0x63
C  [libjdwp.dylib+0x51f3]  methods1+0x10b
C  [libjdwp.dylib+0x52ec]  methodsWithGeneric+0xe
C  [libjdwp.dylib+0xe898]  debugLoop_run+0x1ce
C  [libjdwp.dylib+0x1f6ba]  attachThread+0x4d
V  [libjvm.dylib+0x39665c]  JvmtiAgentThread::call_start_function()+0x38
V  [libjvm.dylib+0x560e03]  JavaThread::thread_main_inner()+0x9b
V  [libjvm.dylib+0x5624fe]  JavaThread::run()+0x1c2
V  [libjvm.dylib+0x482eda]  java_start(Thread*)+0xf6
C  [libsystem_pthread.dylib+0x3aab]  _pthread_body+0xb4
C  [libsystem_pthread.dylib+0x39f7]  _pthread_body+0x0
C  [libsystem_pthread.dylib+0x31fd]  thread_start+0xd
C  0x0000000000000000


---------------  P R O C E S S  ---------------

Java Threads: ( => current thread )
  0x00007fac743ea800 JavaThread "HttpClient@2097008468-98" [_thread_blocked, id=45827, stack(0x000070000fa8c000,0x000070000fb8c000)]
  0x00007fac7531e000 JavaThread "HttpClient@2097008468-97" [_thread_blocked, id=45315, stack(0x000070000f989000,0x000070000fa89000)]
  0x00007fac74414000 JavaThread "HttpClient@2097008468-96" [_thread_blocked, id=44803, stack(0x000070000f886000,0x000070000f986000)]
  0x00007fac751c0000 JavaThread "HttpClient@2097008468-95" [_thread_blocked, id=44291, stack(0x000070000f783000,0x000070000f883000)]
  0x00007fac74413800 JavaThread "HttpClient@2097008468-94" [_thread_blocked, id=43779, stack(0x000070000f680000,0x000070000f780000)]
  0x00007fac74895800 JavaThread "HttpClient@2097008468-93" [_thread_blocked, id=43267, stack(0x000070000f57d000,0x000070000f67d000)]
  0x00007fac7443e000 JavaThread "HttpClient@2097008468-92-selector-ClientSelectorManager@536ad3a9/1" [_thread_in_native, id=42755, stack(0x000070000f47a000,0x000070000f57a000)]
  0x00007fac74ceb000 JavaThread "HttpClient@2097008468-91-selector-ClientSelectorManager@536ad3a9/0" [_thread_in_native, id=42243, stack(0x000070000f377000,0x000070000f477000)]
  0x00007fac73ccd800 JavaThread "HttpClient@2086793-90" [_thread_blocked, id=41731, stack(0x000070000f274000,0x000070000f374000)]
  0x00007fac73dfc000 JavaThread "HttpClient@2086793-89" [_thread_blocked, id=41219, stack(0x000070000f171000,0x000070000f271000)]
  0x00007fac74412800 JavaThread "HttpClient@2086793-88" [_thread_blocked, id=40707, stack(0x000070000f06e000,0x000070000f16e000)]
  0x00007fac74600000 JavaThread "HttpClient@2086793-87" [_thread_blocked, id=40195, stack(0x000070000ef6b000,0x000070000f06b000)]
  0x00007fac73dfb000 JavaThread "HttpClient@2086793-86" [_thread_blocked, id=39683, stack(0x000070000ee68000,0x000070000ef68000)]
  0x00007fac74d5d800 JavaThread "HttpClient@2086793-85" [_thread_blocked, id=39171, stack(0x000070000ed65000,0x000070000ee65000)]
  0x00007fac751ca800 JavaThread "HttpClient@2086793-84-selector-ClientSelectorManager@12112047/1" [_thread_in_native, id=38659, stack(0x000070000ec62000,0x000070000ed62000)]
  0x00007fac751c9800 JavaThread "HttpClient@2086793-83-selector-ClientSelectorManager@12112047/0" [_thread_in_native, id=38147, stack(0x000070000eb5f000,0x000070000ec5f000)]
  0x00007fac73e91800 JavaThread "Scheduler-2103044456" [_thread_blocked, id=37635, stack(0x000070000ea5c000,0x000070000eb5c000)]
  0x00007fac735ff000 JavaThread "Scheduler-757346360" [_thread_blocked, id=37127, stack(0x000070000e959000,0x000070000ea59000)]
  0x00007fac71a9e800 JavaThread "qtp929066990-80" [_thread_blocked, id=35335, stack(0x000070000e856000,0x000070000e956000)]
  0x00007fac74d61000 JavaThread "qtp929066990-79" [_thread_blocked, id=34567, stack(0x000070000e753000,0x000070000e853000)]
  0x00007fac74d5e000 JavaThread "qtp929066990-78" [_thread_blocked, id=3855, stack(0x000070000e650000,0x000070000e750000)]
  0x00007fac736fc000 JavaThread "qtp929066990-77" [_thread_blocked, id=35847, stack(0x000070000e54d000,0x000070000e64d000)]
  0x00007fac73526000 JavaThread "qtp929066990-76" [_thread_blocked, id=35591, stack(0x000070000e44a000,0x000070000e54a000)]
  0x00007fac730e5000 JavaThread "qtp929066990-75-acceptor-0@704e69ca-ServerConnector@32a8bed5{HTTP/1.1}{0.0.0.0:2022}" [_thread_in_native, id=4875, stack(0x000070000e347000,0x000070000e447000)]
  0x00007fac72852000 JavaThread "qtp929066990-74-selector-ServerConnectorManager@3f9abdc9/1" [_thread_in_native, id=34311, stack(0x000070000e244000,0x000070000e344000)]
  0x00007fac7184b000 JavaThread "qtp929066990-73-selector-ServerConnectorManager@3f9abdc9/0" [_thread_in_native, id=34059, stack(0x000070000e141000,0x000070000e241000)]
  0x00007fac7540a800 JavaThread "Timer-2" daemon [_thread_blocked, id=33539, stack(0x000070000e03e000,0x000070000e13e000)]
  0x00007fac7337a000 JavaThread "Timer-1" daemon [_thread_blocked, id=33027, stack(0x000070000df3b000,0x000070000e03b000)]
  0x00007fac721b2800 JavaThread "SCR Component Actor" daemon [_thread_blocked, id=32515, stack(0x000070000de38000,0x000070000df38000)]
  0x00007fac721b2000 JavaThread "Thread-16" [_thread_blocked, id=32003, stack(0x000070000dd35000,0x000070000de35000)]
  0x00007fac7261e800 JavaThread "Gogo shell" [_thread_in_native, id=31491, stack(0x000070000dc32000,0x000070000dd32000)]
  0x00007fac73483800 JavaThread "Thread-15" daemon [_thread_blocked, id=30979, stack(0x000070000db2f000,0x000070000dc2f000)]
  0x00007fac73435000 JavaThread "Thread-14" daemon [_thread_blocked, id=30467, stack(0x000070000da2c000,0x000070000db2c000)]
  0x00007fac71d8e800 JavaThread "Thread-13" daemon [_thread_blocked, id=29955, stack(0x000070000d929000,0x000070000da29000)]
  0x00007fac73419800 JavaThread "Thread-12" daemon [_thread_blocked, id=29443, stack(0x000070000d826000,0x000070000d926000)]
  0x00007fac72f79800 JavaThread "Thread-11" daemon [_thread_blocked, id=28931, stack(0x000070000d723000,0x000070000d823000)]
  0x00007fac734bc800 JavaThread "Thread-10" daemon [_thread_blocked, id=28419, stack(0x000070000d620000,0x000070000d720000)]
  0x00007fac71d8e000 JavaThread "Thread-9" daemon [_thread_blocked, id=27911, stack(0x000070000d51d000,0x000070000d61d000)]
  0x00007fac72595000 JavaThread "Thread-7" daemon [_thread_blocked, id=27395, stack(0x000070000d41a000,0x000070000d51a000)]
  0x00007fac72e93800 JavaThread "Thread-6" daemon [_thread_blocked, id=26883, stack(0x000070000d317000,0x000070000d417000)]
  0x00007fac71d4e800 JavaThread "Thread-5" daemon [_thread_blocked, id=25355, stack(0x000070000cd05000,0x000070000ce05000)]
  0x00007fac731a1800 JavaThread "fileinstall-config/local" daemon [_thread_blocked, id=26371, stack(0x000070000d214000,0x000070000d314000)]
  0x00007fac72d08000 JavaThread "Thread-4" daemon [_thread_blocked, id=25859, stack(0x000070000d111000,0x000070000d211000)]
  0x00007fac724ba000 JavaThread "CM Event Dispatcher" daemon [_thread_blocked, id=23307, stack(0x000070000d00e000,0x000070000d10e000)]
  0x00007fac71d59800 JavaThread "CM Configuration Updater" daemon [_thread_blocked, id=24327, stack(0x000070000cf0b000,0x000070000d00b000)]
  0x00007fac733eb000 JavaThread "NanoHttpd Main Listener" [_thread_in_native, id=24839, stack(0x000070000ce08000,0x000070000cf08000)]
  0x00007fac718f2800 JavaThread "FelixStartLevel" daemon [_thread_blocked, id=22791, stack(0x000070000cc02000,0x000070000cd02000)]
  0x00007fac7293c800 JavaThread "FrameworkWaiter" [_thread_blocked, id=22279, stack(0x000070000caff000,0x000070000cbff000)]
  0x00007fac730a1800 JavaThread "FelixFrameworkWiring" daemon [_thread_blocked, id=23815, stack(0x000070000c9fc000,0x000070000cafc000)]
  0x00007fac720d3800 JavaThread "FelixDispatchQueue" [_thread_blocked, id=21763, stack(0x000070000c8f9000,0x000070000c9f9000)]
  0x00007fac7205c800 JavaThread "Timer-0" daemon [_thread_blocked, id=21251, stack(0x000070000c7f6000,0x000070000c8f6000)]
  0x00007fac71824000 JavaThread "Service Thread" daemon [_thread_blocked, id=20227, stack(0x000070000c5f0000,0x000070000c6f0000)]
  0x00007fac72817800 JavaThread "C1 CompilerThread2" daemon [_thread_blocked, id=19715, stack(0x000070000c4ed000,0x000070000c5ed000)]
  0x00007fac72052000 JavaThread "C2 CompilerThread1" daemon [_thread_blocked, id=19203, stack(0x000070000c3ea000,0x000070000c4ea000)]
  0x00007fac71811000 JavaThread "C2 CompilerThread0" daemon [_thread_blocked, id=18691, stack(0x000070000c2e7000,0x000070000c3e7000)]
  0x00007fac73038800 JavaThread "JDWP Command Reader" daemon [_thread_in_native, id=18179, stack(0x000070000c1e4000,0x000070000c2e4000)]
  0x00007fac73000000 JavaThread "JDWP Event Helper Thread" daemon [_thread_blocked, id=17667, stack(0x000070000c0e1000,0x000070000c1e1000)]
=>0x00007fac72060000 JavaThread "JDWP Transport Listener: dt_socket" daemon [_thread_in_vm, id=17155, stack(0x000070000bfde000,0x000070000c0de000)]
  0x00007fac7200f800 JavaThread "Signal Dispatcher" daemon [_thread_blocked, id=16643, stack(0x000070000bedb000,0x000070000bfdb000)]
  0x00007fac72035000 JavaThread "Finalizer" daemon [_thread_blocked, id=12547, stack(0x000070000bdd8000,0x000070000bed8000)]
  0x00007fac7302f000 JavaThread "Reference Handler" daemon [_thread_blocked, id=12035, stack(0x000070000bcd5000,0x000070000bdd5000)]
  0x00007fac72801800 JavaThread "main" [_thread_blocked, id=7171, stack(0x000070000b6c3000,0x000070000b7c3000)]

Other Threads:
  0x00007fac72032800 VMThread [stack: 0x000070000bbd2000,0x000070000bcd2000] [id=11523]
  0x00007fac71800800 WatcherThread [stack: 0x000070000c6f3000,0x000070000c7f3000] [id=20739]

VM state:not at safepoint (normal execution)

VM Mutex/Monitor currently owned by a thread: None

Heap:
 PSYoungGen      total 142336K, used 77352K [0x0000000795580000, 0x00000007a2f80000, 0x00000007c0000000)
  eden space 131072K, 59% used [0x0000000795580000,0x000000079a10a008,0x000000079d580000)
  from space 11264K, 0% used [0x000000079d580000,0x000000079d580000,0x000000079e080000)
  to   space 11264K, 0% used [0x00000007a2480000,0x00000007a2480000,0x00000007a2f80000)
 ParOldGen       total 79872K, used 14848K [0x0000000740000000, 0x0000000744e00000, 0x0000000795580000)
  object space 79872K, 18% used [0x0000000740000000,0x0000000740e801f0,0x0000000744e00000)
 Metaspace       used 41284K, capacity 44692K, committed 44840K, reserved 1087488K
  class space    used 5071K, capacity 6149K, committed 6184K, reserved 1048576K

Card table byte_map: [0x000000010bb4f000,0x000000010bf50000] byte_map_base: 0x000000010814f000

Marking Bits: (ParMarkBitMap*) 0x000000010b0e3ea0
 Begin Bits: [0x000000010c1fb000, 0x000000010e1fb000)
 End Bits:   [0x000000010e1fb000, 0x00000001101fb000)

Polling page: 0x0000000109ef4000

CodeCache: size=245760Kb used=12282Kb max_used=12323Kb free=233477Kb
 bounds [0x0000000115cc9000, 0x00000001168f9000, 0x0000000124cc9000]
 total_blobs=4401 nmethods=3893 adapters=429
 compilation: enabled

Compilation events (10 events):
Event: 272.568 Thread 0x00007fac72817800 4497  s    3       sun.nio.fs.UnixDirectoryStream$UnixDirectoryIterator::hasNext (35 bytes)
Event: 272.568 Thread 0x00007fac72817800 nmethod 4497 0x0000000116132a10 code [0x0000000116132b80, 0x0000000116132f88]
Event: 302.565 Thread 0x00007fac72817800 4499       3       sun.nio.fs.UnixFileSystemProvider::readAttributes (63 bytes)
Event: 302.566 Thread 0x00007fac72817800 nmethod 4499 0x0000000115e39bd0 code [0x0000000115e39dc0, 0x0000000115e3a498]
Event: 302.566 Thread 0x00007fac72817800 4500       3       sun.nio.fs.UnixFileSystemProvider::getFileAttributeView (71 bytes)
Event: 302.567 Thread 0x00007fac72817800 nmethod 4500 0x00000001165c64d0 code [0x00000001165c6760, 0x00000001165c7468]
Event: 302.567 Thread 0x00007fac72817800 4501   !   3       sun.nio.fs.UnixNativeDispatcher::lstat (28 bytes)
Event: 302.567 Thread 0x00007fac72817800 nmethod 4501 0x00000001165c5cd0 code [0x00000001165c5ea0, 0x00000001165c6258]
Event: 302.972 Thread 0x00007fac72052000 4502       4       java.lang.Thread::interrupted (8 bytes)
Event: 302.973 Thread 0x00007fac72052000 nmethod 4502 0x0000000115e02510 code [0x0000000115e02660, 0x0000000115e026e8]

GC Heap History (10 events):
Event: 3.858 GC heap before
{Heap before GC invocations=5 (full 0):
 PSYoungGen      total 71680K, used 11680K [0x0000000795580000, 0x000000079a080000, 0x00000007c0000000)
  eden space 66560K, 9% used [0x0000000795580000,0x0000000795be8df8,0x0000000799680000)
  from space 5120K, 99% used [0x0000000799b80000,0x000000079a07f548,0x000000079a080000)
  to   space 5120K, 0% used [0x0000000799680000,0x0000000799680000,0x0000000799b80000)
 ParOldGen       total 87552K, used 11841K [0x0000000740000000, 0x0000000745580000, 0x0000000795580000)
  object space 87552K, 13% used [0x0000000740000000,0x0000000740b90460,0x0000000745580000)
 Metaspace       used 19570K, capacity 21172K, committed 21296K, reserved 1069056K
  class space    used 2227K, capacity 2657K, committed 2688K, reserved 1048576K
Event: 3.871 GC heap after
Heap after GC invocations=5 (full 0):
 PSYoungGen      total 71680K, used 5117K [0x0000000795580000, 0x000000079ec80000, 0x00000007c0000000)
  eden space 66560K, 0% used [0x0000000795580000,0x0000000795580000,0x0000000799680000)
  from space 5120K, 99% used [0x0000000799680000,0x0000000799b7f7c0,0x0000000799b80000)
  to   space 10752K, 0% used [0x000000079e200000,0x000000079e200000,0x000000079ec80000)
 ParOldGen       total 87552K, used 13659K [0x0000000740000000, 0x0000000745580000, 0x0000000795580000)
  object space 87552K, 15% used [0x0000000740000000,0x0000000740d56f88,0x0000000745580000)
 Metaspace       used 19570K, capacity 21172K, committed 21296K, reserved 1069056K
  class space    used 2227K, capacity 2657K, committed 2688K, reserved 1048576K
}
Event: 3.871 GC heap before
{Heap before GC invocations=6 (full 1):
 PSYoungGen      total 71680K, used 5117K [0x0000000795580000, 0x000000079ec80000, 0x00000007c0000000)
  eden space 66560K, 0% used [0x0000000795580000,0x0000000795580000,0x0000000799680000)
  from space 5120K, 99% used [0x0000000799680000,0x0000000799b7f7c0,0x0000000799b80000)
  to   space 10752K, 0% used [0x000000079e200000,0x000000079e200000,0x000000079ec80000)
 ParOldGen       total 87552K, used 13659K [0x0000000740000000, 0x0000000745580000, 0x0000000795580000)
  object space 87552K, 15% used [0x0000000740000000,0x0000000740d56f88,0x0000000745580000)
 Metaspace       used 19570K, capacity 21172K, committed 21296K, reserved 1069056K
  class space    used 2227K, capacity 2657K, committed 2688K, reserved 1048576K
Event: 3.916 GC heap after
Heap after GC invocations=6 (full 1):
 PSYoungGen      total 71680K, used 0K [0x0000000795580000, 0x000000079ec80000, 0x00000007c0000000)
  eden space 66560K, 0% used [0x0000000795580000,0x0000000795580000,0x0000000799680000)
  from space 5120K, 0% used [0x0000000799680000,0x0000000799680000,0x0000000799b80000)
  to   space 10752K, 0% used [0x000000079e200000,0x000000079e200000,0x000000079ec80000)
 ParOldGen       total 55808K, used 9465K [0x0000000740000000, 0x0000000743680000, 0x0000000795580000)
  object space 55808K, 16% used [0x0000000740000000,0x000000074093e5f0,0x0000000743680000)
 Metaspace       used 19570K, capacity 21172K, committed 21296K, reserved 1069056K
  class space    used 2227K, capacity 2657K, committed 2688K, reserved 1048576K
}
Event: 5.635 GC heap before
{Heap before GC invocations=7 (full 1):
 PSYoungGen      total 71680K, used 66560K [0x0000000795580000, 0x000000079ec80000, 0x00000007c0000000)
  eden space 66560K, 100% used [0x0000000795580000,0x0000000799680000,0x0000000799680000)
  from space 5120K, 0% used [0x0000000799680000,0x0000000799680000,0x0000000799b80000)
  to   space 10752K, 0% used [0x000000079e200000,0x000000079e200000,0x000000079ec80000)
 ParOldGen       total 55808K, used 9465K [0x0000000740000000, 0x0000000743680000, 0x0000000795580000)
  object space 55808K, 16% used [0x0000000740000000,0x000000074093e5f0,0x0000000743680000)
 Metaspace       used 29625K, capacity 31750K, committed 31872K, reserved 1077248K
  class space    used 3493K, capacity 4177K, committed 4224K, reserved 1048576K
Event: 5.650 GC heap after
Heap after GC invocations=7 (full 1):
 PSYoungGen      total 125952K, used 9436K [0x0000000795580000, 0x000000079eb80000, 0x00000007c0000000)
  eden space 116224K, 0% used [0x0000000795580000,0x0000000795580000,0x000000079c700000)
  from space 9728K, 97% used [0x000000079e200000,0x000000079eb37260,0x000000079eb80000)
  to   space 11264K, 0% used [0x000000079d580000,0x000000079d580000,0x000000079e080000)
 ParOldGen       total 55808K, used 9473K [0x0000000740000000, 0x0000000743680000, 0x0000000795580000)
  object space 55808K, 16% used [0x0000000740000000,0x00000007409405f0,0x0000000743680000)
 Metaspace       used 29625K, capacity 31750K, committed 31872K, reserved 1077248K
  class space    used 3493K, capacity 4177K, committed 4224K, reserved 1048576K
}
Event: 6.484 GC heap before
{Heap before GC invocations=8 (full 1):
 PSYoungGen      total 125952K, used 53135K [0x0000000795580000, 0x000000079eb80000, 0x00000007c0000000)
  eden space 116224K, 37% used [0x0000000795580000,0x000000079802cd10,0x000000079c700000)
  from space 9728K, 97% used [0x000000079e200000,0x000000079eb37260,0x000000079eb80000)
  to   space 11264K, 0% used [0x000000079d580000,0x000000079d580000,0x000000079e080000)
 ParOldGen       total 55808K, used 9473K [0x0000000740000000, 0x0000000743680000, 0x0000000795580000)
  object space 55808K, 16% used [0x0000000740000000,0x00000007409405f0,0x0000000743680000)
 Metaspace       used 32746K, capacity 35386K, committed 35496K, reserved 1079296K
  class space    used 3947K, capacity 4746K, committed 4776K, reserved 1048576K
Event: 6.503 GC heap after
Heap after GC invocations=8 (full 1):
 PSYoungGen      total 142336K, used 6372K [0x0000000795580000, 0x00000007a2f80000, 0x00000007c0000000)
  eden space 131072K, 0% used [0x0000000795580000,0x0000000795580000,0x000000079d580000)
  from space 11264K, 56% used [0x000000079d580000,0x000000079dbb91d0,0x000000079e080000)
  to   space 11264K, 0% used [0x00000007a2480000,0x00000007a2480000,0x00000007a2f80000)
 ParOldGen       total 55808K, used 9481K [0x0000000740000000, 0x0000000743680000, 0x0000000795580000)
  object space 55808K, 16% used [0x0000000740000000,0x00000007409425f0,0x0000000743680000)
 Metaspace       used 32746K, capacity 35386K, committed 35496K, reserved 1079296K
  class space    used 3947K, capacity 4746K, committed 4776K, reserved 1048576K
}
Event: 6.503 GC heap before
{Heap before GC invocations=9 (full 2):
 PSYoungGen      total 142336K, used 6372K [0x0000000795580000, 0x00000007a2f80000, 0x00000007c0000000)
  eden space 131072K, 0% used [0x0000000795580000,0x0000000795580000,0x000000079d580000)
  from space 11264K, 56% used [0x000000079d580000,0x000000079dbb91d0,0x000000079e080000)
  to   space 11264K, 0% used [0x00000007a2480000,0x00000007a2480000,0x00000007a2f80000)
 ParOldGen       total 55808K, used 9481K [0x0000000740000000, 0x0000000743680000, 0x0000000795580000)
  object space 55808K, 16% used [0x0000000740000000,0x00000007409425f0,0x0000000743680000)
 Metaspace       used 32746K, capacity 35386K, committed 35496K, reserved 1079296K
  class space    used 3947K, capacity 4746K, committed 4776K, reserved 1048576K
Event: 6.598 GC heap after
Heap after GC invocations=9 (full 2):
 PSYoungGen      total 142336K, used 0K [0x0000000795580000, 0x00000007a2f80000, 0x00000007c0000000)
  eden space 131072K, 0% used [0x0000000795580000,0x0000000795580000,0x000000079d580000)
  from space 11264K, 0% used [0x000000079d580000,0x000000079d580000,0x000000079e080000)
  to   space 11264K, 0% used [0x00000007a2480000,0x00000007a2480000,0x00000007a2f80000)
 ParOldGen       total 79872K, used 14848K [0x0000000740000000, 0x0000000744e00000, 0x0000000795580000)
  object space 79872K, 18% used [0x0000000740000000,0x0000000740e801f0,0x0000000744e00000)
 Metaspace       used 32746K, capacity 35386K, committed 35496K, reserved 1079296K
  class space    used 3947K, capacity 4746K, committed 4776K, reserved 1048576K
}

Deoptimization events (10 events):
Event: 112.816 Thread 0x00007fac73526000 Uncommon trap: reason=null_check action=make_not_entrant pc=0x00000001167fada0 method=org.apache.felix.framework.BundleWiringImpl.isClassLoadedFromBundleRevision(Ljava/lang/Class;)Z @ 9
Event: 113.006 Thread 0x00007fac73526000 Uncommon trap: reason=array_check action=maybe_recompile pc=0x0000000116828810 method=java.util.AbstractCollection.toArray([Ljava/lang/Object;)[Ljava/lang/Object; @ 119
Event: 113.017 Thread 0x00007fac73526000 Uncommon trap: reason=array_check action=maybe_recompile pc=0x0000000116828810 method=java.util.AbstractCollection.toArray([Ljava/lang/Object;)[Ljava/lang/Object; @ 119
Event: 113.027 Thread 0x00007fac73526000 Uncommon trap: reason=array_check action=maybe_recompile pc=0x0000000116828810 method=java.util.AbstractCollection.toArray([Ljava/lang/Object;)[Ljava/lang/Object; @ 119
Event: 113.039 Thread 0x00007fac73526000 Uncommon trap: reason=array_check action=maybe_recompile pc=0x0000000116828810 method=java.util.AbstractCollection.toArray([Ljava/lang/Object;)[Ljava/lang/Object; @ 119
Event: 113.205 Thread 0x00007fac73526000 Uncommon trap: reason=range_check action=none pc=0x0000000115dfe5ac method=sun.reflect.generics.parser.SignatureParser.current()C @ 34
Event: 113.205 Thread 0x00007fac73526000 Uncommon trap: reason=range_check action=none pc=0x0000000115dfe5ac method=sun.reflect.generics.parser.SignatureParser.current()C @ 34
Event: 113.251 Thread 0x00007fac73526000 Uncommon trap: reason=range_check action=none pc=0x0000000115dfe5ac method=sun.reflect.generics.parser.SignatureParser.current()C @ 34
Event: 113.253 Thread 0x00007fac73526000 Uncommon trap: reason=range_check action=none pc=0x0000000115dfe5ac method=sun.reflect.generics.parser.SignatureParser.current()C @ 34
Event: 113.253 Thread 0x00007fac73526000 Uncommon trap: reason=range_check action=none pc=0x0000000115dfe5ac method=sun.reflect.generics.parser.SignatureParser.current()C @ 34

Internal exceptions (10 events):
Event: 112.587 Thread 0x00007fac73526000 Exception <a 'java/lang/ArrayIndexOutOfBoundsException': 67> (0x00000007992d1038) thrown at [/Users/java_re/workspace/8-2-build-macosx-x86_64/jdk8u74/6087/hotspot/src/share/vm/interpreter/interpreterRuntime.cpp, line 366]
Event: 112.588 Thread 0x00007fac73526000 Exception <a 'java/lang/ArrayIndexOutOfBoundsException': 31> (0x00000007992d6af8) thrown at [/Users/java_re/workspace/8-2-build-macosx-x86_64/jdk8u74/6087/hotspot/src/share/vm/interpreter/interpreterRuntime.cpp, line 366]
Event: 112.594 Thread 0x00007fac73526000 Exception <a 'java/lang/ArrayIndexOutOfBoundsException': 28> (0x00000007992e96c8) thrown at [/Users/java_re/workspace/8-2-build-macosx-x86_64/jdk8u74/6087/hotspot/src/share/vm/interpreter/interpreterRuntime.cpp, line 366]
Event: 112.816 Thread 0x00007fac73526000 Implicit null exception at 0x00000001167fab53 to 0x00000001167fad8d
Event: 113.170 Thread 0x00007fac73526000 Exception <a 'java/lang/IncompatibleClassChangeError': Found class java.lang.Object, but interface was expected> (0x0000000799c91cd0) thrown at [/Users/java_re/workspace/8-2-build-macosx-x86_64/jdk8u74/6087/hotspot/src/share/vm/interpreter/linkResolver.cp
Event: 113.205 Thread 0x00007fac73526000 Exception <a 'java/lang/ArrayIndexOutOfBoundsException': 102> (0x0000000799d06340) thrown at [/Users/java_re/workspace/8-2-build-macosx-x86_64/jdk8u74/6087/hotspot/src/share/vm/interpreter/interpreterRuntime.cpp, line 366]
Event: 113.205 Thread 0x00007fac73526000 Exception <a 'java/lang/ArrayIndexOutOfBoundsException': 40> (0x0000000799d07750) thrown at [/Users/java_re/workspace/8-2-build-macosx-x86_64/jdk8u74/6087/hotspot/src/share/vm/interpreter/interpreterRuntime.cpp, line 366]
Event: 113.252 Thread 0x00007fac73526000 Exception <a 'java/lang/ArrayIndexOutOfBoundsException': 79> (0x0000000799d943d0) thrown at [/Users/java_re/workspace/8-2-build-macosx-x86_64/jdk8u74/6087/hotspot/src/share/vm/interpreter/interpreterRuntime.cpp, line 366]
Event: 113.253 Thread 0x00007fac73526000 Exception <a 'java/lang/ArrayIndexOutOfBoundsException': 91> (0x0000000799d98b58) thrown at [/Users/java_re/workspace/8-2-build-macosx-x86_64/jdk8u74/6087/hotspot/src/share/vm/interpreter/interpreterRuntime.cpp, line 366]
Event: 113.253 Thread 0x00007fac73526000 Exception <a 'java/lang/ArrayIndexOutOfBoundsException': 59> (0x0000000799d99e68) thrown at [/Users/java_re/workspace/8-2-build-macosx-x86_64/jdk8u74/6087/hotspot/src/share/vm/interpreter/interpreterRuntime.cpp, line 366]

Events (10 events):
Event: 132.563 Thread 0x00007fac71811000 flushing nmethod 0x00000001166bc910
Event: 132.563 Thread 0x00007fac71811000 flushing nmethod 0x0000000116704a90
Event: 132.563 Thread 0x00007fac71811000 flushing nmethod 0x00000001167053d0
Event: 132.563 Thread 0x00007fac71811000 flushing nmethod 0x0000000116705710
Event: 132.563 Thread 0x00007fac71811000 flushing nmethod 0x000000011672e290
Event: 132.563 Thread 0x00007fac71811000 flushing nmethod 0x000000011676ba50
Event: 166.833 Executing VM operation: GetOrSetLocal
Event: 166.833 Executing VM operation: GetOrSetLocal done
Event: 307.236 Executing VM operation: RedefineClasses
Event: 307.464 Executing VM operation: RedefineClasses done


Dynamic libraries:
0x0000000010e85000 	/System/Library/Frameworks/Cocoa.framework/Versions/A/Cocoa
0x0000000010e85000 	/System/Library/Frameworks/Security.framework/Versions/A/Security
0x0000000010e85000 	/System/Library/Frameworks/ApplicationServices.framework/Versions/A/ApplicationServices
0x0000000010e85000 	/usr/lib/libz.1.dylib
0x0000000010e85000 	/usr/lib/libSystem.B.dylib
0x0000000010e85000 	/usr/lib/libobjc.A.dylib
0x0000000010e85000 	/System/Library/Frameworks/CoreFoundation.framework/Versions/A/CoreFoundation
0x0000000010e85000 	/System/Library/Frameworks/Foundation.framework/Versions/C/Foundation
0x0000000010e85000 	/System/Library/Frameworks/AppKit.framework/Versions/C/AppKit
0x0000000010e85000 	/System/Library/Frameworks/CoreData.framework/Versions/A/CoreData
0x0000000010e85000 	/System/Library/PrivateFrameworks/RemoteViewServices.framework/Versions/A/RemoteViewServices
0x0000000010e85000 	/System/Library/PrivateFrameworks/UIFoundation.framework/Versions/A/UIFoundation
0x0000000010e85000 	/System/Library/PrivateFrameworks/DFRFoundation.framework/Versions/A/DFRFoundation
0x0000000010e85000 	/usr/lib/libenergytrace.dylib
0x0000000010e85000 	/System/Library/PrivateFrameworks/SkyLight.framework/Versions/A/SkyLight
0x0000000010e85000 	/System/Library/Frameworks/CoreGraphics.framework/Versions/A/CoreGraphics
0x0000000010e85000 	/usr/lib/libScreenReader.dylib
0x0000000010e85000 	/System/Library/Frameworks/Accelerate.framework/Versions/A/Accelerate
0x0000000010e85000 	/System/Library/Frameworks/IOSurface.framework/Versions/A/IOSurface
0x0000000010e85000 	/System/Library/Frameworks/AudioToolbox.framework/Versions/A/AudioToolbox
0x0000000010e85000 	/System/Library/Frameworks/AudioUnit.framework/Versions/A/AudioUnit
0x0000000010e85000 	/System/Library/PrivateFrameworks/DataDetectorsCore.framework/Versions/A/DataDetectorsCore
0x0000000010e85000 	/System/Library/PrivateFrameworks/DesktopServicesPriv.framework/Versions/A/DesktopServicesPriv
0x0000000010e85000 	/System/Library/Frameworks/Carbon.framework/Versions/A/Frameworks/HIToolbox.framework/Versions/A/HIToolbox
0x0000000010e85000 	/usr/lib/libicucore.A.dylib
0x0000000010e85000 	/System/Library/Frameworks/QuartzCore.framework/Versions/A/QuartzCore
0x0000000010e85000 	/System/Library/Frameworks/Carbon.framework/Versions/A/Frameworks/SpeechRecognition.framework/Versions/A/SpeechRecognition
0x0000000010e85000 	/usr/lib/libauto.dylib
0x0000000010e85000 	/usr/lib/libxml2.2.dylib
0x0000000010e85000 	/System/Library/PrivateFrameworks/CoreUI.framework/Versions/A/CoreUI
0x0000000010e85000 	/System/Library/Frameworks/CoreAudio.framework/Versions/A/CoreAudio
0x0000000010e85000 	/System/Library/Frameworks/DiskArbitration.framework/Versions/A/DiskArbitration
0x0000000010e85000 	/usr/lib/liblangid.dylib
0x0000000010e85000 	/System/Library/PrivateFrameworks/MultitouchSupport.framework/Versions/A/MultitouchSupport
0x0000000010e85000 	/System/Library/Frameworks/IOKit.framework/Versions/A/IOKit
0x0000000010e85000 	/usr/lib/libDiagnosticMessagesClient.dylib
0x0000000010e85000 	/System/Library/Frameworks/CoreServices.framework/Versions/A/CoreServices
0x0000000010e85000 	/System/Library/PrivateFrameworks/PerformanceAnalysis.framework/Versions/A/PerformanceAnalysis
0x0000000010e85000 	/System/Library/PrivateFrameworks/GenerationalStorage.framework/Versions/A/GenerationalStorage
0x0000000010e85000 	/System/Library/Frameworks/OpenGL.framework/Versions/A/OpenGL
0x0000000010e85000 	/System/Library/Frameworks/CoreImage.framework/Versions/A/CoreImage
0x0000000010e85000 	/System/Library/Frameworks/CoreText.framework/Versions/A/CoreText
0x0000000010e85000 	/System/Library/Frameworks/ImageIO.framework/Versions/A/ImageIO
0x0000000010e85000 	/System/Library/PrivateFrameworks/Backup.framework/Versions/A/Backup
0x0000000010e85000 	/usr/lib/libarchive.2.dylib
0x0000000010e85000 	/System/Library/Frameworks/CFNetwork.framework/Versions/A/CFNetwork
0x0000000010e85000 	/System/Library/Frameworks/SystemConfiguration.framework/Versions/A/SystemConfiguration
0x0000000010e85000 	/usr/lib/libCRFSuite.dylib
0x0000000010e85000 	/usr/lib/libc++.1.dylib
0x0000000010e85000 	/usr/lib/libc++abi.dylib
0x0000000010e85000 	/usr/lib/system/libcache.dylib
0x0000000010e85000 	/usr/lib/system/libcommonCrypto.dylib
0x0000000010e85000 	/usr/lib/system/libcompiler_rt.dylib
0x0000000010e85000 	/usr/lib/system/libcopyfile.dylib
0x0000000010e85000 	/usr/lib/system/libcorecrypto.dylib
0x0000000010e85000 	/usr/lib/system/libdispatch.dylib
0x0000000010e85000 	/usr/lib/system/libdyld.dylib
0x0000000010e85000 	/usr/lib/system/libkeymgr.dylib
0x0000000010e85000 	/usr/lib/system/liblaunch.dylib
0x0000000010e85000 	/usr/lib/system/libmacho.dylib
0x0000000010e85000 	/usr/lib/system/libquarantine.dylib
0x0000000010e85000 	/usr/lib/system/libremovefile.dylib
0x0000000010e85000 	/usr/lib/system/libsystem_asl.dylib
0x0000000010e85000 	/usr/lib/system/libsystem_blocks.dylib
0x0000000010e85000 	/usr/lib/system/libsystem_c.dylib
0x0000000010e85000 	/usr/lib/system/libsystem_configuration.dylib
0x0000000010e85000 	/usr/lib/system/libsystem_coreservices.dylib
0x0000000010e85000 	/usr/lib/system/libsystem_coretls.dylib
0x0000000010e85000 	/usr/lib/system/libsystem_dnssd.dylib
0x0000000010e85000 	/usr/lib/system/libsystem_info.dylib
0x0000000010e85000 	/usr/lib/system/libsystem_kernel.dylib
0x0000000010e85000 	/usr/lib/system/libsystem_m.dylib
0x0000000010e85000 	/usr/lib/system/libsystem_malloc.dylib
0x0000000010e85000 	/usr/lib/system/libsystem_network.dylib
0x0000000010e85000 	/usr/lib/system/libsystem_networkextension.dylib
0x0000000010e85000 	/usr/lib/system/libsystem_notify.dylib
0x0000000010e85000 	/usr/lib/system/libsystem_platform.dylib
0x0000000010e85000 	/usr/lib/system/libsystem_pthread.dylib
0x0000000010e85000 	/usr/lib/system/libsystem_sandbox.dylib
0x0000000010e85000 	/usr/lib/system/libsystem_secinit.dylib
0x0000000010e85000 	/usr/lib/system/libsystem_symptoms.dylib
0x0000000010e85000 	/usr/lib/system/libsystem_trace.dylib
0x0000000010e85000 	/usr/lib/system/libunwind.dylib
0x0000000010e85000 	/usr/lib/system/libxpc.dylib
0x0000000010e85000 	/usr/lib/libbsm.0.dylib
0x0000000010e85000 	/usr/lib/system/libkxld.dylib
0x0000000010e85000 	/usr/lib/libcoretls.dylib
0x0000000010e85000 	/usr/lib/libcoretls_cfhelpers.dylib
0x0000000010e85000 	/usr/lib/libxar.1.dylib
0x0000000010e85000 	/usr/lib/libsqlite3.dylib
0x0000000010e85000 	/usr/lib/libpam.2.dylib
0x0000000010e85000 	/usr/lib/libOpenScriptingUtil.dylib
0x0000000010e85000 	/usr/lib/libbz2.1.0.dylib
0x0000000010e85000 	/usr/lib/liblzma.5.dylib
0x0000000010e85000 	/usr/lib/libnetwork.dylib
0x0000000010e85000 	/usr/lib/libpcap.A.dylib
0x0000000010e85000 	/System/Library/Frameworks/CoreServices.framework/Versions/A/Frameworks/FSEvents.framework/Versions/A/FSEvents
0x0000000010e85000 	/System/Library/Frameworks/CoreServices.framework/Versions/A/Frameworks/CarbonCore.framework/Versions/A/CarbonCore
0x0000000010e85000 	/System/Library/Frameworks/CoreServices.framework/Versions/A/Frameworks/Metadata.framework/Versions/A/Metadata
0x0000000010e85000 	/System/Library/Frameworks/CoreServices.framework/Versions/A/Frameworks/OSServices.framework/Versions/A/OSServices
0x0000000010e85000 	/System/Library/Frameworks/CoreServices.framework/Versions/A/Frameworks/SearchKit.framework/Versions/A/SearchKit
0x0000000010e85000 	/System/Library/Frameworks/CoreServices.framework/Versions/A/Frameworks/AE.framework/Versions/A/AE
0x0000000010e85000 	/System/Library/Frameworks/CoreServices.framework/Versions/A/Frameworks/LaunchServices.framework/Versions/A/LaunchServices
0x0000000010e85000 	/System/Library/Frameworks/CoreServices.framework/Versions/A/Frameworks/DictionaryServices.framework/Versions/A/DictionaryServices
0x0000000010e85000 	/System/Library/Frameworks/CoreServices.framework/Versions/A/Frameworks/SharedFileList.framework/Versions/A/SharedFileList
0x0000000010e85000 	/System/Library/Frameworks/NetFS.framework/Versions/A/NetFS
0x0000000010e85000 	/System/Library/PrivateFrameworks/NetAuth.framework/Versions/A/NetAuth
0x0000000010e85000 	/System/Library/PrivateFrameworks/login.framework/Versions/A/Frameworks/loginsupport.framework/Versions/A/loginsupport
0x0000000010e85000 	/System/Library/PrivateFrameworks/TCC.framework/Versions/A/TCC
0x0000000010e85000 	/usr/lib/libmecabra.dylib
0x0000000010e85000 	/System/Library/Frameworks/ApplicationServices.framework/Versions/A/Frameworks/ATS.framework/Versions/A/ATS
0x0000000010e85000 	/System/Library/Frameworks/ApplicationServices.framework/Versions/A/Frameworks/ColorSync.framework/Versions/A/ColorSync
0x0000000010e85000 	/System/Library/Frameworks/ApplicationServices.framework/Versions/A/Frameworks/HIServices.framework/Versions/A/HIServices
0x0000000010e85000 	/System/Library/Frameworks/ApplicationServices.framework/Versions/A/Frameworks/LangAnalysis.framework/Versions/A/LangAnalysis
0x0000000010e85000 	/System/Library/Frameworks/ApplicationServices.framework/Versions/A/Frameworks/PrintCore.framework/Versions/A/PrintCore
0x0000000010e85000 	/System/Library/Frameworks/ApplicationServices.framework/Versions/A/Frameworks/QD.framework/Versions/A/QD
0x0000000010e85000 	/System/Library/Frameworks/ApplicationServices.framework/Versions/A/Frameworks/SpeechSynthesis.framework/Versions/A/SpeechSynthesis
0x0000000010e85000 	/System/Library/Frameworks/Accelerate.framework/Versions/A/Frameworks/vImage.framework/Versions/A/vImage
0x0000000010e85000 	/System/Library/Frameworks/Accelerate.framework/Versions/A/Frameworks/vecLib.framework/Versions/A/vecLib
0x0000000010e85000 	/System/Library/Frameworks/Accelerate.framework/Versions/A/Frameworks/vecLib.framework/Versions/A/libvDSP.dylib
0x0000000010e85000 	/System/Library/Frameworks/Accelerate.framework/Versions/A/Frameworks/vecLib.framework/Versions/A/libBNNS.dylib
0x0000000010e85000 	/System/Library/Frameworks/Accelerate.framework/Versions/A/Frameworks/vecLib.framework/Versions/A/libQuadrature.dylib
0x0000000010e85000 	/System/Library/Frameworks/Accelerate.framework/Versions/A/Frameworks/vecLib.framework/Versions/A/libvMisc.dylib
0x0000000010e85000 	/System/Library/Frameworks/Accelerate.framework/Versions/A/Frameworks/vecLib.framework/Versions/A/libLAPACK.dylib
0x0000000010e85000 	/System/Library/Frameworks/Accelerate.framework/Versions/A/Frameworks/vecLib.framework/Versions/A/libBLAS.dylib
0x0000000010e85000 	/System/Library/Frameworks/Accelerate.framework/Versions/A/Frameworks/vecLib.framework/Versions/A/libLinearAlgebra.dylib
0x0000000010e85000 	/System/Library/Frameworks/Accelerate.framework/Versions/A/Frameworks/vecLib.framework/Versions/A/libSparseBLAS.dylib
0x0000000010e85000 	/System/Library/Frameworks/ApplicationServices.framework/Versions/A/Frameworks/ATS.framework/Versions/A/Resources/libFontParser.dylib
0x0000000010e85000 	/System/Library/Frameworks/ApplicationServices.framework/Versions/A/Frameworks/ATS.framework/Versions/A/Resources/libFontRegistry.dylib
0x0000000010e85000 	/System/Library/Frameworks/ImageIO.framework/Versions/A/Resources/libJPEG.dylib
0x0000000010e85000 	/System/Library/Frameworks/ImageIO.framework/Versions/A/Resources/libTIFF.dylib
0x0000000010e85000 	/System/Library/Frameworks/ImageIO.framework/Versions/A/Resources/libPng.dylib
0x0000000010e85000 	/System/Library/Frameworks/ImageIO.framework/Versions/A/Resources/libGIF.dylib
0x0000000010e85000 	/System/Library/Frameworks/ImageIO.framework/Versions/A/Resources/libJP2.dylib
0x0000000010e85000 	/System/Library/Frameworks/ImageIO.framework/Versions/A/Resources/libRadiance.dylib
0x0000000010e85000 	/usr/lib/libcompression.dylib
0x0000000010e85000 	/System/Library/PrivateFrameworks/AppleJPEG.framework/Versions/A/AppleJPEG
0x0000000010e85000 	/usr/lib/libcups.2.dylib
0x0000000010e85000 	/System/Library/Frameworks/Kerberos.framework/Versions/A/Kerberos
0x0000000010e85000 	/System/Library/Frameworks/GSS.framework/Versions/A/GSS
0x0000000010e85000 	/usr/lib/libresolv.9.dylib
0x0000000010e85000 	/usr/lib/libiconv.2.dylib
0x0000000010e85000 	/System/Library/PrivateFrameworks/Heimdal.framework/Versions/A/Heimdal
0x0000000010e85000 	/usr/lib/libheimdal-asn1.dylib
0x0000000010e85000 	/System/Library/Frameworks/OpenDirectory.framework/Versions/A/OpenDirectory
0x0000000010e85000 	/System/Library/PrivateFrameworks/CommonAuth.framework/Versions/A/CommonAuth
0x0000000010e85000 	/System/Library/Frameworks/OpenDirectory.framework/Versions/A/Frameworks/CFOpenDirectory.framework/Versions/A/CFOpenDirectory
0x0000000010e85000 	/System/Library/Frameworks/SecurityFoundation.framework/Versions/A/SecurityFoundation
0x0000000010e85000 	/System/Library/PrivateFrameworks/LanguageModeling.framework/Versions/A/LanguageModeling
0x0000000010e85000 	/usr/lib/libmarisa.dylib
0x0000000010e85000 	/usr/lib/libChineseTokenizer.dylib
0x0000000010e85000 	/usr/lib/libcmph.dylib
0x0000000010e85000 	/System/Library/PrivateFrameworks/CoreEmoji.framework/Versions/A/CoreEmoji
0x0000000010e85000 	/System/Library/Frameworks/ServiceManagement.framework/Versions/A/ServiceManagement
0x0000000010e85000 	/usr/lib/libxslt.1.dylib
0x0000000010e85000 	/System/Library/Frameworks/Carbon.framework/Versions/A/Frameworks/Ink.framework/Versions/A/Ink
0x0000000010e85000 	/System/Library/PrivateFrameworks/TextureIO.framework/Versions/A/TextureIO
0x0000000010e85000 	/System/Library/Frameworks/Metal.framework/Versions/A/Metal
0x0000000010e85000 	/usr/lib/libate.dylib
0x0000000010e85000 	/System/Library/PrivateFrameworks/GPUCompiler.framework/libmetal_timestamp.dylib
0x0000000010e85000 	/System/Library/Frameworks/OpenGL.framework/Versions/A/Libraries/libCoreFSCache.dylib
0x0000000010e85000 	/System/Library/PrivateFrameworks/IOAccelerator.framework/Versions/A/IOAccelerator
0x0000000010e85000 	/System/Library/Frameworks/CoreVideo.framework/Versions/A/CoreVideo
0x0000000010e85000 	/usr/lib/libFosl_dynamic.dylib
0x0000000010e85000 	/System/Library/PrivateFrameworks/MetalPerformanceShaders.framework/Versions/A/MetalPerformanceShaders
0x0000000010e85000 	/System/Library/PrivateFrameworks/FaceCore.framework/Versions/A/FaceCore
0x0000000010e85000 	/System/Library/Frameworks/OpenCL.framework/Versions/A/OpenCL
0x0000000010e85000 	/System/Library/Frameworks/OpenGL.framework/Versions/A/Libraries/libGLU.dylib
0x0000000010e85000 	/System/Library/Frameworks/OpenGL.framework/Versions/A/Libraries/libGFXShared.dylib
0x0000000010e85000 	/System/Library/Frameworks/OpenGL.framework/Versions/A/Libraries/libGL.dylib
0x0000000010e85000 	/System/Library/Frameworks/OpenGL.framework/Versions/A/Libraries/libGLImage.dylib
0x0000000010e85000 	/System/Library/Frameworks/OpenGL.framework/Versions/A/Libraries/libCVMSPluginSupport.dylib
0x0000000010e85000 	/System/Library/Frameworks/OpenGL.framework/Versions/A/Libraries/libCoreVMClient.dylib
0x0000000010e85000 	/System/Library/PrivateFrameworks/CrashReporterSupport.framework/Versions/A/CrashReporterSupport
0x0000000010e85000 	/System/Library/PrivateFrameworks/Sharing.framework/Versions/A/Sharing
0x0000000010e85000 	/System/Library/PrivateFrameworks/IconServices.framework/Versions/A/IconServices
0x0000000010e85000 	/System/Library/PrivateFrameworks/ProtocolBuffer.framework/Versions/A/ProtocolBuffer
0x0000000010e85000 	/System/Library/PrivateFrameworks/Apple80211.framework/Versions/A/Apple80211
0x0000000010e85000 	/System/Library/Frameworks/CoreWLAN.framework/Versions/A/CoreWLAN
0x0000000010e85000 	/System/Library/PrivateFrameworks/CoreUtils.framework/Versions/A/CoreUtils
0x0000000010e85000 	/System/Library/Frameworks/IOBluetooth.framework/Versions/A/IOBluetooth
0x0000000010e85000 	/System/Library/PrivateFrameworks/CoreWiFi.framework/Versions/A/CoreWiFi
0x0000000010e85000 	/System/Library/Frameworks/CoreBluetooth.framework/Versions/A/CoreBluetooth
0x0000000010e85000 	/System/Library/Frameworks/CoreDisplay.framework/Versions/A/CoreDisplay
0x0000000010e85000 	/System/Library/PrivateFrameworks/IOPresentment.framework/Versions/A/IOPresentment
0x0000000010e85000 	/System/Library/PrivateFrameworks/DebugSymbols.framework/Versions/A/DebugSymbols
0x0000000010e85000 	/System/Library/PrivateFrameworks/CoreSymbolication.framework/Versions/A/CoreSymbolication
0x0000000010e85000 	/System/Library/PrivateFrameworks/Symbolication.framework/Versions/A/Symbolication
0x0000000010e85000 	/System/Library/PrivateFrameworks/AppleFSCompression.framework/Versions/A/AppleFSCompression
0x0000000010e85000 	/System/Library/PrivateFrameworks/SpeechRecognitionCore.framework/Versions/A/SpeechRecognitionCore
0x0000000010e85000 	/System/Library/PrivateFrameworks/ChunkingLibrary.framework/Versions/A/ChunkingLibrary
0x000000010a800000 	/Library/Java/JavaVirtualMachines/jdk1.8.0_74.jdk/Contents/Home/jre/lib/server/libjvm.dylib
0x0000000010e85000 	/usr/lib/libstdc++.6.dylib
0x0000000109eb1000 	/Library/Java/JavaVirtualMachines/jdk1.8.0_74.jdk/Contents/Home/jre/lib/libverify.dylib
0x0000000109ebf000 	/Library/Java/JavaVirtualMachines/jdk1.8.0_74.jdk/Contents/Home/jre/lib/libjava.dylib
0x0000000109ef5000 	/Library/Java/JavaVirtualMachines/jdk1.8.0_74.jdk/Contents/Home/jre/lib/libjdwp.dylib
0x0000000109f40000 	/Library/Java/JavaVirtualMachines/jdk1.8.0_74.jdk/Contents/Home/jre/lib/libnpt.dylib
0x0000000109f4d000 	/Library/Java/JavaVirtualMachines/jdk1.8.0_74.jdk/Contents/Home/jre/lib/libzip.dylib
0x0000000112050000 	/System/Library/Frameworks/JavaVM.framework/Frameworks/JavaRuntimeSupport.framework/JavaRuntimeSupport
0x000000011206a000 	/System/Library/Frameworks/JavaVM.framework/Versions/A/Frameworks/JavaNativeFoundation.framework/Versions/A/JavaNativeFoundation
0x000000011207f000 	/System/Library/Frameworks/JavaVM.framework/Versions/A/JavaVM
0x0000000010e85000 	/System/Library/Frameworks/Carbon.framework/Versions/A/Carbon
0x000000011208c000 	/System/Library/PrivateFrameworks/JavaLaunching.framework/Versions/A/JavaLaunching
0x0000000010e85000 	/System/Library/Frameworks/Carbon.framework/Versions/A/Frameworks/CommonPanels.framework/Versions/A/CommonPanels
0x0000000010e85000 	/System/Library/Frameworks/Carbon.framework/Versions/A/Frameworks/Help.framework/Versions/A/Help
0x0000000010e85000 	/System/Library/Frameworks/Carbon.framework/Versions/A/Frameworks/ImageCapture.framework/Versions/A/ImageCapture
0x0000000010e85000 	/System/Library/Frameworks/Carbon.framework/Versions/A/Frameworks/OpenScripting.framework/Versions/A/OpenScripting
0x0000000010e85000 	/System/Library/Frameworks/Carbon.framework/Versions/A/Frameworks/Print.framework/Versions/A/Print
0x0000000010e85000 	/System/Library/Frameworks/Carbon.framework/Versions/A/Frameworks/SecurityHI.framework/Versions/A/SecurityHI
0x0000000113990000 	/Library/Java/JavaVirtualMachines/jdk1.8.0_74.jdk/Contents/Home/jre/lib/libdt_socket.dylib
0x00000001139ac000 	/Library/Java/JavaVirtualMachines/jdk1.8.0_74.jdk/Contents/Home/jre/lib/libnet.dylib
0x0000000113a0f000 	/Library/Java/JavaVirtualMachines/jdk1.8.0_74.jdk/Contents/Home/jre/lib/libnio.dylib
0x0000000113b85000 	/Library/Java/JavaVirtualMachines/jdk1.8.0_74.jdk/Contents/Home/jre/lib/libmanagement.dylib
0x0000000113bb9000 	/Library/Java/JavaVirtualMachines/jdk1.8.0_74.jdk/Contents/Home/jre/lib/libsunec.dylib

VM Arguments:
jvm_args: -agentlib:jdwp=transport=dt_socket,suspend=y,address=localhost:54881 -Dlauncher.properties=/Users/carsten/git/skysail/skysail.app.facebook/generated/launch2219499296678472676.properties -Dfile.encoding=UTF-8 
java_command: aQute.launcher.Launcher
java_class_path (initial): /Users/carsten/.bnd/shacache/shas/EB85121A1F35E8C03CB2A6024FC3101E641456E9/org.apache.felix.framework-5.4.0.jar:/Users/carsten/git/skysail/cnf/nonosgi-repo/biz.aQute.launcher/biz.aQute.launcher-latest.jar
Launcher Type: SUN_STANDARD

Environment Variables:
PATH=/usr/bin:/bin:/usr/sbin:/sbin
SHELL=/bin/bash

Signal Handlers:
SIGSEGV: [libjvm.dylib+0x5a6855], sa_mask[0]=11111111011111110111111111111111, sa_flags=SA_ONSTACK|SA_RESTART|SA_SIGINFO
SIGBUS: [libjvm.dylib+0x5a6855], sa_mask[0]=11111111011111110111111111111111, sa_flags=SA_RESTART|SA_SIGINFO
SIGFPE: [libjvm.dylib+0x4804ec], sa_mask[0]=11111111011111110111111111111111, sa_flags=SA_RESTART|SA_SIGINFO
SIGPIPE: [libjvm.dylib+0x4804ec], sa_mask[0]=11111111011111110111111111111111, sa_flags=SA_RESTART|SA_SIGINFO
SIGXFSZ: [libjvm.dylib+0x4804ec], sa_mask[0]=11111111011111110111111111111111, sa_flags=SA_RESTART|SA_SIGINFO
SIGILL: [libjvm.dylib+0x4804ec], sa_mask[0]=11111111011111110111111111111111, sa_flags=SA_RESTART|SA_SIGINFO
SIGUSR1: SIG_DFL, sa_mask[0]=00000000000000000000000000000000, sa_flags=none
SIGUSR2: [libjvm.dylib+0x48000a], sa_mask[0]=00100000000000000000000000000000, sa_flags=SA_RESTART|SA_SIGINFO
SIGHUP: [libjvm.dylib+0x47e5e1], sa_mask[0]=11111111011111110111111111111111, sa_flags=SA_RESTART|SA_SIGINFO
SIGINT: [libjvm.dylib+0x47e5e1], sa_mask[0]=11111111011111110111111111111111, sa_flags=SA_RESTART|SA_SIGINFO
SIGTERM: [libjvm.dylib+0x47e5e1], sa_mask[0]=11111111011111110111111111111111, sa_flags=SA_RESTART|SA_SIGINFO
SIGQUIT: [libjvm.dylib+0x47e5e1], sa_mask[0]=11111111011111110111111111111111, sa_flags=SA_RESTART|SA_SIGINFO


---------------  S Y S T E M  ---------------

OS:Bsduname:Darwin 16.3.0 Darwin Kernel Version 16.3.0: Thu Nov 17 20:23:58 PST 2016; root:xnu-3789.31.2~1/RELEASE_X86_64 x86_64
rlimit: STACK 8192k, CORE 0k, NPROC 709, NOFILE 10240, AS infinity
load average:2.71 2.61 2.77

CPU:total 4 (2 cores per cpu, 2 threads per core) family 6 model 69 stepping 1, cmov, cx8, fxsr, mmx, sse, sse2, sse3, ssse3, sse4.1, sse4.2, popcnt, avx, avx2, aes, clmul, erms, lzcnt, ht, tsc, tscinvbit, bmi1, bmi2

Memory: 4k page, physical 8388608k(32056k free)

/proc/meminfo:


vm_info: Java HotSpot(TM) 64-Bit Server VM (25.74-b02) for bsd-amd64 JRE (1.8.0_74-b02), built on Jan 29 2016 15:32:34 by "java_re" with gcc 4.2.1 (Based on Apple Inc. build 5658) (LLVM build 2336.11.00)

time: Wed Mar 15 07:39:47 2017
elapsed time: 307 seconds (0d 0h 5m 7s)

