2016-10-09 18:38:32,333 INFO  [org.apache.camel.impl.osgi.Activator         ] - Camel activator starting
2016-10-09 18:38:32,357 INFO  [org.apache.camel.impl.osgi.Activator         ] - Camel activator started
2016-10-09 18:38:33,246 INFO  [io.skysail.server.app.ApplicationList        ] - (+ ApplicationModel) (#01) with name 'root'
2016-10-09 18:38:33,332 INFO  [io.skysail.server.app.ApplicationList        ] - (+ ApplicationModel) (#02) with name 'webapp'
2016-10-09 18:38:34,825 INFO  [io.skysail.server.http.HttpServer            ] - 
2016-10-09 18:38:34,825 INFO  [io.skysail.server.http.HttpServer            ] - ====================================
2016-10-09 18:38:34,826 INFO  [io.skysail.server.http.HttpServer            ] - Starting skysail server on port 2020
2016-10-09 18:38:34,827 INFO  [io.skysail.server.http.HttpServer            ] - ====================================
2016-10-09 18:38:34,828 INFO  [io.skysail.server.http.HttpServer            ] - 
2016-10-09 18:38:34,878 INFO  [org.restlet                                  ] - Starting the Jetty [HTTP/1.1] server on port 2020
2016-10-09 18:38:35,069 INFO  [io.skysail.server.app.ApplicationList        ] - (+ ApplicationModel) (#03) with name 'static'
2016-10-09 18:38:35,120 INFO  [io.skysail.server.app.ApplicationList        ] - (+ ApplicationModel) (#04) with name 'i18n'
2016-10-09 18:38:35,212 INFO  [i.s.s.u.s.ShiroBasedUserManagementProvider   ] - USER MANAGEMENT PROVIDER: activating provider 'io.skysail.server.um.shiro.ShiroBasedUserManagementProvider'
2016-10-09 18:38:35,265 INFO  [io.skysail.server.app.ServiceList            ] - USER MANAGEMENT PROVIDER: setting provider to 'io.skysail.server.um.shiro.ShiroBasedUserManagementProvider'
2016-10-09 18:38:35,280 INFO  [io.skysail.server.app.ApplicationList        ] - (+ ApplicationModel) (#05) with name 'io.skysail.server.um.shiro.app.ShiroUmApplication'
2016-10-09 18:38:35,303 INFO  [io.skysail.server.app.ApplicationList        ] - (+ ApplicationModel) (#06) with name 'webconsole'
2016-10-09 18:38:35,603 INFO  [o.a.c.core.osgi.OsgiDefaultCamelContext      ] - Apache Camel 2.17.3 (CamelContext: camel-1) is starting
2016-10-09 18:38:35,605 INFO  [o.a.c.m.ManagedManagementStrategy            ] - JMX is enabled
2016-10-09 18:38:35,927 INFO  [o.a.c.i.DefaultRuntimeEndpointRegistry       ] - Runtime endpoint registry is in extended mode gathering usage statistics of all incoming and outgoing endpoints (cache limit: 1000)
2016-10-09 18:38:36,048 INFO  [o.a.c.core.osgi.OsgiDefaultCamelContext      ] - AllowUseOriginalMessage is enabled. If access to the original message is not needed, then its recommended to turn this option off as it may improve performance.
2016-10-09 18:38:36,049 INFO  [o.a.c.core.osgi.OsgiDefaultCamelContext      ] - StreamCaching is not in use. If using streams then its recommended to enable stream caching. See more details at http://camel.apache.org/stream-caching.html
2016-10-09 18:38:36,154 INFO  [o.a.c.core.osgi.OsgiDefaultCamelContext      ] - Route: route1 started and consuming from: Endpoint[file:///tmp/in]
2016-10-09 18:38:36,155 INFO  [o.a.c.core.osgi.OsgiDefaultCamelContext      ] - Total 1 routes, of which 1 are started.
2016-10-09 18:38:36,156 INFO  [o.a.c.core.osgi.OsgiDefaultCamelContext      ] - Apache Camel 2.17.3 (CamelContext: camel-1) started in 0.552 seconds
2016-10-09 18:38:36,160 INFO  [io.skysail.server.app.ApplicationList        ] - (+ ApplicationModel) (#07) with name 'starmoney'
2016-10-09 18:38:40,454 INFO  [o.r.S.I.SkysailRootApplication               ] - Starting io.skysail.server.app.SkysailRootApplication application
2016-10-09 18:38:40,463 INFO  [io.skysail.server.app.SkysailApplication     ] - creating new Router in io.skysail.server.app.SkysailRootApplication
2016-10-09 18:38:40,466 INFO  [io.skysail.server.app.SkysailApplication     ] - adding extensions to metadata service
2016-10-09 18:38:40,467 INFO  [io.skysail.server.app.SkysailApplication     ] - adding protocols
2016-10-09 18:38:40,529 INFO  [io.skysail.server.restlet.SkysailRouter      ] - routing path '/root/' -> AlwaysAuthenticatedAuthenticator -> RolesPredicateAuthorizer -> Finder -> DefaultResource
2016-10-09 18:38:40,533 INFO  [io.skysail.server.restlet.SkysailRouter      ] - routing path '/root/_login' -> AlwaysAuthenticatedAuthenticator -> RolesPredicateAuthorizer -> Finder -> LoginResource
2016-10-09 18:38:40,534 INFO  [io.skysail.server.restlet.SkysailRouter      ] - routing path '/root/_logout' -> AlwaysAuthenticatedAuthenticator -> RolesPredicateAuthorizer -> Finder -> LogoutResource
2016-10-09 18:38:40,537 INFO  [io.skysail.server.restlet.SkysailRouter      ] - routing path '/root/_profile' -> AlwaysAuthenticatedAuthenticator -> RolesPredicateAuthorizer -> Finder -> ProfileResource
2016-10-09 18:38:40,544 INFO  [o.r.S.InternalRouter.WebappApplication       ] - Starting io.skysail.server.converter.WebappApplication application
2016-10-09 18:38:40,549 INFO  [o.r.S.InternalRouter.WebappApplication       ] - Starting de.twenty11.skysail.server.webapp.internal.WebappApplication application
2016-10-09 18:38:40,550 INFO  [o.r.S.InternalRouter.I18nApplication         ] - Starting io.skysail.server.text.store.bundleresource.impl.I18nApplication application
2016-10-09 18:38:40,552 INFO  [io.skysail.server.app.SkysailApplication     ] - creating new Router in io.skysail.server.text.store.bundleresource.impl.I18nApplication
2016-10-09 18:38:40,552 INFO  [io.skysail.server.app.SkysailApplication     ] - adding extensions to metadata service
2016-10-09 18:38:40,552 INFO  [io.skysail.server.app.SkysailApplication     ] - adding protocols
2016-10-09 18:38:40,555 INFO  [io.skysail.server.restlet.SkysailRouter      ] - routing path '/i18n/v1' -> SkysailCookieAuthenticator -> RolesPredicateAuthorizer -> Finder -> I18nRootResource
2016-10-09 18:38:40,557 INFO  [io.skysail.server.restlet.SkysailRouter      ] - routing path '/i18n/v1/messages/' -> SkysailCookieAuthenticator -> RolesPredicateAuthorizer -> Finder -> MessagesResource
2016-10-09 18:38:40,561 INFO  [io.skysail.server.restlet.SkysailRouter      ] - routing path '/i18n/v1/messages/{key}' -> SkysailCookieAuthenticator -> RolesPredicateAuthorizer -> Finder -> MessageResource
2016-10-09 18:38:40,564 INFO  [io.skysail.server.restlet.SkysailRouter      ] - routing path '/i18n/v1/messages/{key}/' -> SkysailCookieAuthenticator -> RolesPredicateAuthorizer -> Finder -> PutMessageResource
2016-10-09 18:38:40,566 INFO  [io.skysail.server.restlet.SkysailRouter      ] - routing path '/i18n/v1/messages/{key}/{fieldname}/' -> SkysailCookieAuthenticator -> RolesPredicateAuthorizer -> Finder -> PatchMessageResource
2016-10-09 18:38:40,567 INFO  [o.r.S.InternalRouter.ShiroUmApplication      ] - Starting io.skysail.server.um.shiro.app.ShiroUmApplication application
2016-10-09 18:38:40,568 INFO  [io.skysail.server.app.SkysailApplication     ] - creating new Router in io.skysail.server.um.shiro.app.ShiroUmApplication
2016-10-09 18:38:40,569 INFO  [io.skysail.server.app.SkysailApplication     ] - adding extensions to metadata service
2016-10-09 18:38:40,569 INFO  [io.skysail.server.app.SkysailApplication     ] - adding protocols
2016-10-09 18:38:40,574 INFO  [io.skysail.server.restlet.SkysailRouter      ] - routing path '/io.skysail.server.um.shiro.app.ShiroUmApplication/v1/_login' -> AlwaysAuthenticatedAuthenticator -> RolesPredicateAuthorizer -> Finder -> LoginResource
2016-10-09 18:38:40,575 INFO  [io.skysail.server.restlet.SkysailRouter      ] - routing path '/io.skysail.server.um.shiro.app.ShiroUmApplication/v1/currentUser' -> NeverAuthenticatedAuthenticator -> RolesPredicateAuthorizer -> Finder -> CurrentUserResource
2016-10-09 18:38:40,576 INFO  [o.r.S.I.WebconsoleApplication                ] - Starting io.skysail.server.app.webconsole.WebconsoleApplication application
2016-10-09 18:38:40,577 INFO  [io.skysail.server.app.SkysailApplication     ] - creating new Router in io.skysail.server.app.webconsole.WebconsoleApplication
2016-10-09 18:38:40,577 INFO  [io.skysail.server.app.SkysailApplication     ] - adding extensions to metadata service
2016-10-09 18:38:40,577 INFO  [io.skysail.server.app.SkysailApplication     ] - adding protocols
2016-10-09 18:38:40,577 WARN  [io.skysail.server.app.SkysailApplication     ] - there are no entities defined for the applicationModel JavaApplicationModel: webconsole
Repositories: 
Repositories(repositories={})

2016-10-09 18:38:40,580 INFO  [io.skysail.server.restlet.SkysailRouter      ] - routing path '/webconsole/v1' -> SkysailCookieAuthenticator -> RolesPredicateAuthorizer -> Finder -> BundlesResource
2016-10-09 18:38:40,580 INFO  [io.skysail.server.restlet.SkysailRouter      ] - routing path '/webconsole/v1/bundles' -> SkysailCookieAuthenticator -> RolesPredicateAuthorizer -> Finder -> BundlesResource
2016-10-09 18:38:40,584 INFO  [io.skysail.server.restlet.SkysailRouter      ] - routing path '/webconsole/v1/bundles/{id}' -> SkysailCookieAuthenticator -> RolesPredicateAuthorizer -> Finder -> BundleResource
2016-10-09 18:38:40,587 INFO  [io.skysail.server.restlet.SkysailRouter      ] - routing path '/webconsole/v1/services' -> SkysailCookieAuthenticator -> RolesPredicateAuthorizer -> Finder -> ServicesResource
2016-10-09 18:38:40,590 INFO  [io.skysail.server.restlet.SkysailRouter      ] - routing path '/webconsole/v1/services/{id}' -> SkysailCookieAuthenticator -> RolesPredicateAuthorizer -> Finder -> ServiceResource
2016-10-09 18:38:40,592 INFO  [io.skysail.server.restlet.SkysailRouter      ] - routing path '/webconsole/v1/backend/bundles' -> SkysailCookieAuthenticator -> RolesPredicateAuthorizer -> Finder -> JsonBundlesResource
2016-10-09 18:38:40,593 INFO  [o.r.S.I.StarMoneyApplication                 ] - Starting io.skysail.server.app.starmoney.StarMoneyApplication application
2016-10-09 18:38:40,595 INFO  [io.skysail.server.app.SkysailApplication     ] - creating new Router in io.skysail.server.app.starmoney.StarMoneyApplication
2016-10-09 18:38:40,595 INFO  [io.skysail.server.app.SkysailApplication     ] - adding extensions to metadata service
2016-10-09 18:38:40,595 INFO  [io.skysail.server.app.SkysailApplication     ] - adding protocols
2016-10-09 18:38:40,658 INFO  [io.skysail.server.restlet.SkysailRouter      ] - routing path '/starmoney/v1' -> SkysailCookieAuthenticator -> RolesPredicateAuthorizer -> Finder -> AccountsResource
2016-10-09 18:38:40,659 INFO  [io.skysail.server.restlet.SkysailRouter      ] - routing path '/starmoney/v1/' -> SkysailCookieAuthenticator -> RolesPredicateAuthorizer -> Finder -> AccountsResource
2016-10-09 18:38:45,970 INFO  [io.skysail.server.restlet.SkysailRouter      ] - routing path '/starmoney/v1/io.skysail.server.app.starmoney.Account' -> SkysailCookieAuthenticator -> RolesPredicateAuthorizer -> Finder -> AccountsResource
2016-10-09 18:38:45,971 INFO  [i.s.server.domain.jvm.JavaEntityModel        ] - io.skysail.server.app.starmoney.PostAccountResource not found by skysail.server.app.starmoney [89]
2016-10-09 18:38:45,973 INFO  [io.skysail.server.restlet.SkysailRouter      ] - routing path '/starmoney/v1/io.skysail.server.app.starmoney.Account/{id}' -> SkysailCookieAuthenticator -> RolesPredicateAuthorizer -> Finder -> AccountResource
2016-10-09 18:38:45,976 INFO  [io.skysail.server.restlet.SkysailRouter      ] - routing path '/starmoney/v1/io.skysail.server.app.starmoney.Account/{id}/' -> SkysailCookieAuthenticator -> RolesPredicateAuthorizer -> Finder -> PutAccountResource
2016-10-09 18:38:45,981 INFO  [io.skysail.server.restlet.SkysailRouter      ] - routing path '/starmoney/v1/io.skysail.server.app.starmoney.Transaction' -> SkysailCookieAuthenticator -> RolesPredicateAuthorizer -> Finder -> TransactionsResource
2016-10-09 18:38:45,981 INFO  [i.s.server.domain.jvm.JavaEntityModel        ] - io.skysail.server.app.starmoney.PostTransactionResource not found by skysail.server.app.starmoney [89]
2016-10-09 18:38:45,981 INFO  [i.s.server.domain.jvm.JavaEntityModel        ] - io.skysail.server.app.starmoney.TransactionResource not found by skysail.server.app.starmoney [89]
2016-10-09 18:38:45,981 INFO  [i.s.server.domain.jvm.JavaEntityModel        ] - io.skysail.server.app.starmoney.PutTransactionResource not found by skysail.server.app.starmoney [89]
2016-10-09 18:39:06,498 INFO  [io.skysail.server.restlet.SkysailRouter      ] - routing path '/starmoney/v1' -> SkysailCookieAuthenticator -> RolesPredicateAuthorizer -> Finder -> AccountsResource
2016-10-09 18:39:13,005 INFO  [io.skysail.server.restlet.SkysailRouter      ] - routing path '/starmoney/v1/Accounts' -> SkysailCookieAuthenticator -> RolesPredicateAuthorizer -> Finder -> AccountsResource
2016-10-09 18:39:13,006 INFO  [io.skysail.server.restlet.SkysailRouter      ] - routing path '/starmoney/v1/Accounts/{id}' -> SkysailCookieAuthenticator -> RolesPredicateAuthorizer -> Finder -> AccountResource
2016-10-09 18:39:13,007 INFO  [io.skysail.server.restlet.SkysailRouter      ] - routing path '/starmoney/v1/Accounts/{id}/' -> SkysailCookieAuthenticator -> RolesPredicateAuthorizer -> Finder -> PutAccountResource
2016-10-09 18:39:13,009 INFO  [io.skysail.server.restlet.SkysailRouter      ] - routing path '/starmoney/v1/Accounts/{id}/transactions' -> SkysailCookieAuthenticator -> RolesPredicateAuthorizer -> Finder -> AccountsTransactionsResource
2016-10-09 18:39:13,010 INFO  [io.skysail.server.restlet.SkysailRouter      ] - routing path '/starmoney/v1/Transactions' -> SkysailCookieAuthenticator -> RolesPredicateAuthorizer -> Finder -> TransactionsResource
2016-10-09 18:39:13,860 INFO  [i.s.s.u.s.a.SkysailHashedCredentialsMatcher  ] - added entry $2a$12$52R8v2QH3vQRz8NcdtOm5.HhE5tFPZ0T/.MpfUa9rBzOugK.btAHS to credentials hash cache with current timestamp, size now is 1
2016-10-09 18:39:35,496 INFO  [LogService                                   ] - 2016-10-09	18:39:35	0:0:0:0:0:0:0:1	admin	0:0:0:0:0:0:0:1	2020	GET	/starmoney/v1	-	200	-	0	22482	http://localhost:2020	Mozilla/5.0 (Macintosh; Intel Mac OS X 10_12_0) AppleWebKit/537.36 (KHTML, like Gecko) Chrome/52.0.2743.116 Safari/537.36	-
2016-10-09 18:39:35,659 INFO  [LogService                                   ] - 2016-10-09	18:39:35	0:0:0:0:0:0:0:1	-	0:0:0:0:0:0:0:1	2020	GET	/static/themes/jstree/style.min.css	-	200	-	0	10	http://localhost:2020	Mozilla/5.0 (Macintosh; Intel Mac OS X 10_12_0) AppleWebKit/537.36 (KHTML, like Gecko) Chrome/52.0.2743.116 Safari/537.36	http://localhost:2020/starmoney/v1
2016-10-09 18:39:35,660 INFO  [LogService                                   ] - 2016-10-09	18:39:35	0:0:0:0:0:0:0:1	-	0:0:0:0:0:0:0:1	2020	GET	/static/js/mousetrap/mousetrap.min.js	-	200	-	0	4	http://localhost:2020	Mozilla/5.0 (Macintosh; Intel Mac OS X 10_12_0) AppleWebKit/537.36 (KHTML, like Gecko) Chrome/52.0.2743.116 Safari/537.36	http://localhost:2020/starmoney/v1
2016-10-09 18:39:35,712 INFO  [LogService                                   ] - 2016-10-09	18:39:35	0:0:0:0:0:0:0:1	-	0:0:0:0:0:0:0:1	2020	GET	/static/js/jstree/jstree.min.js	-	200	-	0	4	http://localhost:2020	Mozilla/5.0 (Macintosh; Intel Mac OS X 10_12_0) AppleWebKit/537.36 (KHTML, like Gecko) Chrome/52.0.2743.116 Safari/537.36	http://localhost:2020/starmoney/v1
2016-10-09 18:39:35,750 INFO  [LogService                                   ] - 2016-10-09	18:39:35	0:0:0:0:0:0:0:1	-	0:0:0:0:0:0:0:1	2020	GET	/static/img/skysail.logo.png	-	200	-	0	5	http://localhost:2020	Mozilla/5.0 (Macintosh; Intel Mac OS X 10_12_0) AppleWebKit/537.36 (KHTML, like Gecko) Chrome/52.0.2743.116 Safari/537.36	http://localhost:2020/starmoney/v1
2016-10-09 18:39:36,057 INFO  [LogService                                   ] - 2016-10-09	18:39:36	0:0:0:0:0:0:0:1	-	0:0:0:0:0:0:0:1	2020	GET	/static/themes/jstree/throbber.gif	-	200	-	0	3	http://localhost:2020	Mozilla/5.0 (Macintosh; Intel Mac OS X 10_12_0) AppleWebKit/537.36 (KHTML, like Gecko) Chrome/52.0.2743.116 Safari/537.36	http://localhost:2020/static/themes/jstree/style.min.css
2016-10-09 18:39:36,057 INFO  [LogService                                   ] - 2016-10-09	18:39:36	0:0:0:0:0:0:0:1	-	0:0:0:0:0:0:0:1	2020	GET	/static/themes/jstree/32px.png	-	200	-	0	4	http://localhost:2020	Mozilla/5.0 (Macintosh; Intel Mac OS X 10_12_0) AppleWebKit/537.36 (KHTML, like Gecko) Chrome/52.0.2743.116 Safari/537.36	http://localhost:2020/static/themes/jstree/style.min.css
2016-10-09 18:41:33,159 INFO  [LogService                                   ] - 2016-10-09	18:41:33	0:0:0:0:0:0:0:1	admin	0:0:0:0:0:0:0:1	2020	GET	/v1/Accounts/137:2/transactions	-	200	-	0	9165	http://localhost:2020	Mozilla/5.0 (Macintosh; Intel Mac OS X 10_12_0) AppleWebKit/537.36 (KHTML, like Gecko) Chrome/52.0.2743.116 Safari/537.36	http://localhost:2020/starmoney/v1
2016-10-09 18:43:30,670 INFO  [LogService                                   ] - 2016-10-09	18:43:30	0:0:0:0:0:0:0:1	admin	0:0:0:0:0:0:0:1	2020	GET	/v1/Accounts	-	200	-	0	4021	http://localhost:2020	Mozilla/5.0 (Macintosh; Intel Mac OS X 10_12_0) AppleWebKit/537.36 (KHTML, like Gecko) Chrome/52.0.2743.116 Safari/537.36	http://localhost:2020/starmoney/v1/Accounts/137:2/transactions
2016-10-09 18:43:38,576 INFO  [LogService                                   ] - 2016-10-09	18:43:38	0:0:0:0:0:0:0:1	admin	0:0:0:0:0:0:0:1	2020	GET	/starmoney/v1	-	200	-	0	4497	http://localhost:2020	Mozilla/5.0 (Macintosh; Intel Mac OS X 10_12_0) AppleWebKit/537.36 (KHTML, like Gecko) Chrome/52.0.2743.116 Safari/537.36	http://localhost:2020/starmoney/v1/Accounts
2016-10-09 18:43:45,990 INFO  [LogService                                   ] - 2016-10-09	18:43:45	0:0:0:0:0:0:0:1	admin	0:0:0:0:0:0:0:1	2020	GET	/v1/io.skysail.server.app.starmoney.Account/137:2	-	200	-	0	4421	http://localhost:2020	Mozilla/5.0 (Macintosh; Intel Mac OS X 10_12_0) AppleWebKit/537.36 (KHTML, like Gecko) Chrome/52.0.2743.116 Safari/537.36	http://localhost:2020/starmoney/v1
2016-10-09 18:44:05,389 INFO  [LogService                                   ] - 2016-10-09	18:44:05	0:0:0:0:0:0:0:1	admin	0:0:0:0:0:0:0:1	2020	PUT	/v1/io.skysail.server.app.starmoney.Account/137:2	-	303	-	36	13263	http://localhost:2020	Mozilla/5.0 (Macintosh; Intel Mac OS X 10_12_0) AppleWebKit/537.36 (KHTML, like Gecko) Chrome/52.0.2743.116 Safari/537.36	http://localhost:2020/starmoney/v1/io.skysail.server.app.starmoney.Account/137:2/
2016-10-09 18:44:08,547 INFO  [LogService                                   ] - 2016-10-09	18:44:08	0:0:0:0:0:0:0:1	admin	0:0:0:0:0:0:0:1	2020	GET	/v1/io.skysail.server.app.starmoney.Account	-	200	-	0	3149	http://localhost:2020	Mozilla/5.0 (Macintosh; Intel Mac OS X 10_12_0) AppleWebKit/537.36 (KHTML, like Gecko) Chrome/52.0.2743.116 Safari/537.36	http://localhost:2020/starmoney/v1/io.skysail.server.app.starmoney.Account/137:2/
2016-10-09 18:44:24,761 INFO  [LogService                                   ] - 2016-10-09	18:44:24	0:0:0:0:0:0:0:1	admin	0:0:0:0:0:0:0:1	2020	GET	/v1/Accounts/137:2/transactions	-	200	-	0	6823	http://localhost:2020	Mozilla/5.0 (Macintosh; Intel Mac OS X 10_12_0) AppleWebKit/537.36 (KHTML, like Gecko) Chrome/52.0.2743.116 Safari/537.36	http://localhost:2020/starmoney/v1/io.skysail.server.app.starmoney.Account?msgIds=0
2016-10-09 18:44:42,610 INFO  [LogService                                   ] - 2016-10-09	18:44:42	0:0:0:0:0:0:0:1	admin	0:0:0:0:0:0:0:1	2020	GET	/v1/Accounts/137:2/transactions	-	200	-	0	6545	http://localhost:2020	Mozilla/5.0 (Macintosh; Intel Mac OS X 10_12_0) AppleWebKit/537.36 (KHTML, like Gecko) Chrome/52.0.2743.116 Safari/537.36	http://localhost:2020/starmoney/v1/Accounts/137:2/transactions
2016-10-09 18:44:58,977 INFO  [LogService                                   ] - 2016-10-09	18:44:58	0:0:0:0:0:0:0:1	admin	0:0:0:0:0:0:0:1	2020	GET	/starmoney/v1/Accounts/137:2/transactions	-	200	-	0	6096	http://localhost:2020	Mozilla/5.0 (Macintosh; Intel Mac OS X 10_12_0) AppleWebKit/537.36 (KHTML, like Gecko) Chrome/52.0.2743.116 Safari/537.36	http://localhost:2020/starmoney/v1/Accounts/137:2/transactions
2016-10-09 18:46:51,163 INFO  [LogService                                   ] - 2016-10-09	18:46:51	0:0:0:0:0:0:0:1	admin	0:0:0:0:0:0:0:1	2020	GET	/v1/Accounts/137:2/transactions	-	200	-	0	9665	http://localhost:2020	Mozilla/5.0 (Macintosh; Intel Mac OS X 10_12_0) AppleWebKit/537.36 (KHTML, like Gecko) Chrome/52.0.2743.116 Safari/537.36	http://localhost:2020/starmoney/v1/Accounts/137:2/transactions
2016-10-09 18:46:51,276 INFO  [LogService                                   ] - 2016-10-09	18:46:51	0:0:0:0:0:0:0:1	-	0:0:0:0:0:0:0:1	2020	GET	/webapp/js/pace/pace-1.0.0.min.js	-	200	-	0	10	http://localhost:2020	Mozilla/5.0 (Macintosh; Intel Mac OS X 10_12_0) AppleWebKit/537.36 (KHTML, like Gecko) Chrome/52.0.2743.116 Safari/537.36	http://localhost:2020/starmoney/v1/Accounts/137:2/transactions
2016-10-09 18:46:51,301 INFO  [LogService                                   ] - 2016-10-09	18:46:51	0:0:0:0:0:0:0:1	-	0:0:0:0:0:0:0:1	2020	GET	/webapp/css/bootstrap.min.css	-	200	-	0	2	http://localhost:2020	Mozilla/5.0 (Macintosh; Intel Mac OS X 10_12_0) AppleWebKit/537.36 (KHTML, like Gecko) Chrome/52.0.2743.116 Safari/537.36	http://localhost:2020/starmoney/v1/Accounts/137:2/transactions
2016-10-09 18:46:51,304 INFO  [LogService                                   ] - 2016-10-09	18:46:51	0:0:0:0:0:0:0:1	-	0:0:0:0:0:0:0:1	2020	GET	/webapp/js/trix/trix.js	-	200	-	0	6	http://localhost:2020	Mozilla/5.0 (Macintosh; Intel Mac OS X 10_12_0) AppleWebKit/537.36 (KHTML, like Gecko) Chrome/52.0.2743.116 Safari/537.36	http://localhost:2020/starmoney/v1/Accounts/137:2/transactions
2016-10-09 18:46:51,314 INFO  [LogService                                   ] - 2016-10-09	18:46:51	0:0:0:0:0:0:0:1	-	0:0:0:0:0:0:0:1	2020	GET	/webapp/css/pace/pace-minimal.css	-	200	-	0	13	http://localhost:2020	Mozilla/5.0 (Macintosh; Intel Mac OS X 10_12_0) AppleWebKit/537.36 (KHTML, like Gecko) Chrome/52.0.2743.116 Safari/537.36	http://localhost:2020/starmoney/v1/Accounts/137:2/transactions
2016-10-09 18:46:51,316 INFO  [LogService                                   ] - 2016-10-09	18:46:51	0:0:0:0:0:0:0:1	-	0:0:0:0:0:0:0:1	2020	GET	/webapp/css/trix/trix.css	-	200	-	0	19	http://localhost:2020	Mozilla/5.0 (Macintosh; Intel Mac OS X 10_12_0) AppleWebKit/537.36 (KHTML, like Gecko) Chrome/52.0.2743.116 Safari/537.36	http://localhost:2020/starmoney/v1/Accounts/137:2/transactions
2016-10-09 18:46:51,319 INFO  [LogService                                   ] - 2016-10-09	18:46:51	0:0:0:0:0:0:0:1	-	0:0:0:0:0:0:0:1	2020	GET	/webapp/css/stickyfooter.css	-	200	-	0	12	http://localhost:2020	Mozilla/5.0 (Macintosh; Intel Mac OS X 10_12_0) AppleWebKit/537.36 (KHTML, like Gecko) Chrome/52.0.2743.116 Safari/537.36	http://localhost:2020/starmoney/v1/Accounts/137:2/transactions
2016-10-09 18:46:51,345 INFO  [LogService                                   ] - 2016-10-09	18:46:51	0:0:0:0:0:0:0:1	-	0:0:0:0:0:0:0:1	2020	GET	/webapp/css/bootstrap-theme.min.css	-	200	-	0	3	http://localhost:2020	Mozilla/5.0 (Macintosh; Intel Mac OS X 10_12_0) AppleWebKit/537.36 (KHTML, like Gecko) Chrome/52.0.2743.116 Safari/537.36	http://localhost:2020/starmoney/v1/Accounts/137:2/transactions
2016-10-09 18:46:51,346 INFO  [LogService                                   ] - 2016-10-09	18:46:51	0:0:0:0:0:0:0:1	-	0:0:0:0:0:0:0:1	2020	GET	/webapp/css/bootstrap/custom.css	-	200	-	0	5	http://localhost:2020	Mozilla/5.0 (Macintosh; Intel Mac OS X 10_12_0) AppleWebKit/537.36 (KHTML, like Gecko) Chrome/52.0.2743.116 Safari/537.36	http://localhost:2020/starmoney/v1/Accounts/137:2/transactions
2016-10-09 18:46:51,360 INFO  [LogService                                   ] - 2016-10-09	18:46:51	0:0:0:0:0:0:0:1	-	0:0:0:0:0:0:0:1	2020	GET	/webapp/js/jquery-1.11.1.js	-	200	-	0	49	http://localhost:2020	Mozilla/5.0 (Macintosh; Intel Mac OS X 10_12_0) AppleWebKit/537.36 (KHTML, like Gecko) Chrome/52.0.2743.116 Safari/537.36	http://localhost:2020/starmoney/v1/Accounts/137:2/transactions
2016-10-09 18:46:51,374 INFO  [LogService                                   ] - 2016-10-09	18:46:51	0:0:0:0:0:0:0:1	-	0:0:0:0:0:0:0:1	2020	GET	/webapp/css/select2-bootstrap.css	-	200	-	0	27	http://localhost:2020	Mozilla/5.0 (Macintosh; Intel Mac OS X 10_12_0) AppleWebKit/537.36 (KHTML, like Gecko) Chrome/52.0.2743.116 Safari/537.36	http://localhost:2020/starmoney/v1/Accounts/137:2/transactions
2016-10-09 18:46:51,374 INFO  [LogService                                   ] - 2016-10-09	18:46:51	0:0:0:0:0:0:0:1	-	0:0:0:0:0:0:0:1	2020	GET	/webapp/css/select2.css	-	200	-	0	29	http://localhost:2020	Mozilla/5.0 (Macintosh; Intel Mac OS X 10_12_0) AppleWebKit/537.36 (KHTML, like Gecko) Chrome/52.0.2743.116 Safari/537.36	http://localhost:2020/starmoney/v1/Accounts/137:2/transactions
2016-10-09 18:46:51,378 INFO  [LogService                                   ] - 2016-10-09	18:46:51	0:0:0:0:0:0:0:1	-	0:0:0:0:0:0:0:1	2020	GET	/webapp/css/bootstrap-plugins/multiselect/bootstrap-multiselect.css	-	200	-	0	34	http://localhost:2020	Mozilla/5.0 (Macintosh; Intel Mac OS X 10_12_0) AppleWebKit/537.36 (KHTML, like Gecko) Chrome/52.0.2743.116 Safari/537.36	http://localhost:2020/starmoney/v1/Accounts/137:2/transactions
2016-10-09 18:46:51,389 INFO  [LogService                                   ] - 2016-10-09	18:46:51	0:0:0:0:0:0:0:1	-	0:0:0:0:0:0:0:1	2020	GET	/webapp/js/animate/animate.css	-	200	-	0	31	http://localhost:2020	Mozilla/5.0 (Macintosh; Intel Mac OS X 10_12_0) AppleWebKit/537.36 (KHTML, like Gecko) Chrome/52.0.2743.116 Safari/537.36	http://localhost:2020/starmoney/v1/Accounts/137:2/transactions
2016-10-09 18:46:51,396 INFO  [LogService                                   ] - 2016-10-09	18:46:51	0:0:0:0:0:0:0:1	-	0:0:0:0:0:0:0:1	2020	GET	/static/themes/jstree/style.min.css	-	200	-	0	36	http://localhost:2020	Mozilla/5.0 (Macintosh; Intel Mac OS X 10_12_0) AppleWebKit/537.36 (KHTML, like Gecko) Chrome/52.0.2743.116 Safari/537.36	http://localhost:2020/starmoney/v1/Accounts/137:2/transactions
2016-10-09 18:46:51,405 INFO  [LogService                                   ] - 2016-10-09	18:46:51	0:0:0:0:0:0:0:1	-	0:0:0:0:0:0:0:1	2020	GET	/webapp/js/jinplace/1.2.1/jinplace.js	-	200	-	0	2	http://localhost:2020	Mozilla/5.0 (Macintosh; Intel Mac OS X 10_12_0) AppleWebKit/537.36 (KHTML, like Gecko) Chrome/52.0.2743.116 Safari/537.36	http://localhost:2020/starmoney/v1/Accounts/137:2/transactions
2016-10-09 18:46:51,408 INFO  [LogService                                   ] - 2016-10-09	18:46:51	0:0:0:0:0:0:0:1	-	0:0:0:0:0:0:0:1	2020	GET	/webapp/js/bootstrap-plugins/multiselect/bootstrap-multiselect.js	-	200	-	0	2	http://localhost:2020	Mozilla/5.0 (Macintosh; Intel Mac OS X 10_12_0) AppleWebKit/537.36 (KHTML, like Gecko) Chrome/52.0.2743.116 Safari/537.36	http://localhost:2020/starmoney/v1/Accounts/137:2/transactions
2016-10-09 18:46:51,409 INFO  [LogService                                   ] - 2016-10-09	18:46:51	0:0:0:0:0:0:0:1	-	0:0:0:0:0:0:0:1	2020	GET	/static/js/mousetrap/mousetrap.min.js	-	200	-	0	2	http://localhost:2020	Mozilla/5.0 (Macintosh; Intel Mac OS X 10_12_0) AppleWebKit/537.36 (KHTML, like Gecko) Chrome/52.0.2743.116 Safari/537.36	http://localhost:2020/starmoney/v1/Accounts/137:2/transactions
2016-10-09 18:46:51,665 INFO  [LogService                                   ] - 2016-10-09	18:46:51	0:0:0:0:0:0:0:1	-	0:0:0:0:0:0:0:1	2020	GET	/webapp/js/select2.js	-	200	-	0	3	http://localhost:2020	Mozilla/5.0 (Macintosh; Intel Mac OS X 10_12_0) AppleWebKit/537.36 (KHTML, like Gecko) Chrome/52.0.2743.116 Safari/537.36	http://localhost:2020/starmoney/v1/Accounts/137:2/transactions
2016-10-09 18:46:51,682 INFO  [LogService                                   ] - 2016-10-09	18:46:51	0:0:0:0:0:0:0:1	-	0:0:0:0:0:0:0:1	2020	GET	/static/js/jstree/jstree.min.js	-	200	-	0	2	http://localhost:2020	Mozilla/5.0 (Macintosh; Intel Mac OS X 10_12_0) AppleWebKit/537.36 (KHTML, like Gecko) Chrome/52.0.2743.116 Safari/537.36	http://localhost:2020/starmoney/v1/Accounts/137:2/transactions
2016-10-09 18:46:51,699 INFO  [LogService                                   ] - 2016-10-09	18:46:51	0:0:0:0:0:0:0:1	-	0:0:0:0:0:0:0:1	2020	GET	/webapp/js/moment.js	-	200	-	0	3	http://localhost:2020	Mozilla/5.0 (Macintosh; Intel Mac OS X 10_12_0) AppleWebKit/537.36 (KHTML, like Gecko) Chrome/52.0.2743.116 Safari/537.36	http://localhost:2020/starmoney/v1/Accounts/137:2/transactions
2016-10-09 18:46:51,769 INFO  [LogService                                   ] - 2016-10-09	18:46:51	0:0:0:0:0:0:0:1	-	0:0:0:0:0:0:0:1	2020	GET	/static/img/skysail.logo.png	-	200	-	0	3	http://localhost:2020	Mozilla/5.0 (Macintosh; Intel Mac OS X 10_12_0) AppleWebKit/537.36 (KHTML, like Gecko) Chrome/52.0.2743.116 Safari/537.36	http://localhost:2020/starmoney/v1/Accounts/137:2/transactions
2016-10-09 18:46:51,782 INFO  [LogService                                   ] - 2016-10-09	18:46:51	0:0:0:0:0:0:0:1	-	0:0:0:0:0:0:0:1	2020	GET	/webapp/fonts/glyphicons-halflings-regular.woff	-	200	-	0	2	http://localhost:2020	Mozilla/5.0 (Macintosh; Intel Mac OS X 10_12_0) AppleWebKit/537.36 (KHTML, like Gecko) Chrome/52.0.2743.116 Safari/537.36	http://localhost:2020/webapp/css/bootstrap.min.css
2016-10-09 18:46:52,528 INFO  [LogService                                   ] - 2016-10-09	18:46:52	0:0:0:0:0:0:0:1	-	0:0:0:0:0:0:0:1	2020	GET	/webapp/js/bootstrap.min.js	-	200	-	0	9	http://localhost:2020	Mozilla/5.0 (Macintosh; Intel Mac OS X 10_12_0) AppleWebKit/537.36 (KHTML, like Gecko) Chrome/52.0.2743.116 Safari/537.36	http://localhost:2020/starmoney/v1/Accounts/137:2/transactions
2016-10-09 18:46:52,532 INFO  [LogService                                   ] - 2016-10-09	18:46:52	0:0:0:0:0:0:0:1	-	0:0:0:0:0:0:0:1	2020	GET	/webapp/js/noty/layouts/skysail.js	-	200	-	0	13	http://localhost:2020	Mozilla/5.0 (Macintosh; Intel Mac OS X 10_12_0) AppleWebKit/537.36 (KHTML, like Gecko) Chrome/52.0.2743.116 Safari/537.36	http://localhost:2020/starmoney/v1/Accounts/137:2/transactions
2016-10-09 18:46:52,546 INFO  [LogService                                   ] - 2016-10-09	18:46:52	0:0:0:0:0:0:0:1	-	0:0:0:0:0:0:0:1	2020	GET	/webapp/js/peity/jquery.peity.min.js	-	200	-	0	25	http://localhost:2020	Mozilla/5.0 (Macintosh; Intel Mac OS X 10_12_0) AppleWebKit/537.36 (KHTML, like Gecko) Chrome/52.0.2743.116 Safari/537.36	http://localhost:2020/starmoney/v1/Accounts/137:2/transactions
2016-10-09 18:46:52,555 INFO  [LogService                                   ] - 2016-10-09	18:46:52	0:0:0:0:0:0:0:1	-	0:0:0:0:0:0:0:1	2020	GET	/webapp/js/noty/packaged/jquery.noty.packaged.min.js	-	200	-	0	30	http://localhost:2020	Mozilla/5.0 (Macintosh; Intel Mac OS X 10_12_0) AppleWebKit/537.36 (KHTML, like Gecko) Chrome/52.0.2743.116 Safari/537.36	http://localhost:2020/starmoney/v1/Accounts/137:2/transactions
2016-10-09 18:46:52,692 INFO  [LogService                                   ] - 2016-10-09	18:46:52	0:0:0:0:0:0:0:1	-	0:0:0:0:0:0:0:1	2020	GET	/static/themes/jstree/32px.png	-	200	-	0	2	http://localhost:2020	Mozilla/5.0 (Macintosh; Intel Mac OS X 10_12_0) AppleWebKit/537.36 (KHTML, like Gecko) Chrome/52.0.2743.116 Safari/537.36	http://localhost:2020/static/themes/jstree/style.min.css
2016-10-09 18:46:52,692 INFO  [LogService                                   ] - 2016-10-09	18:46:52	0:0:0:0:0:0:0:1	-	0:0:0:0:0:0:0:1	2020	GET	/static/themes/jstree/throbber.gif	-	200	-	0	2	http://localhost:2020	Mozilla/5.0 (Macintosh; Intel Mac OS X 10_12_0) AppleWebKit/537.36 (KHTML, like Gecko) Chrome/52.0.2743.116 Safari/537.36	http://localhost:2020/static/themes/jstree/style.min.css
2016-10-09 18:47:27,595 INFO  [LogService                                   ] - 2016-10-09	18:47:27	0:0:0:0:0:0:0:1	admin	0:0:0:0:0:0:0:1	2020	GET	/v1/Accounts/137:2/transactions	-	200	-	0	7088	http://localhost:2020	Mozilla/5.0 (Macintosh; Intel Mac OS X 10_12_0) AppleWebKit/537.36 (KHTML, like Gecko) Chrome/52.0.2743.116 Safari/537.36	http://localhost:2020/starmoney/v1/Accounts/137:2/transactions
2016-10-09 18:47:27,711 INFO  [LogService                                   ] - 2016-10-09	18:47:27	0:0:0:0:0:0:0:1	-	0:0:0:0:0:0:0:1	2020	GET	/webapp/js/pace/pace-1.0.0.min.js	-	200	-	0	2	http://localhost:2020	Mozilla/5.0 (Macintosh; Intel Mac OS X 10_12_0) AppleWebKit/537.36 (KHTML, like Gecko) Chrome/52.0.2743.116 Safari/537.36	http://localhost:2020/starmoney/v1/Accounts/137:2/transactions
2016-10-09 18:47:27,718 INFO  [LogService                                   ] - 2016-10-09	18:47:27	0:0:0:0:0:0:0:1	-	0:0:0:0:0:0:0:1	2020	GET	/webapp/css/pace/pace-minimal.css	-	200	-	0	4	http://localhost:2020	Mozilla/5.0 (Macintosh; Intel Mac OS X 10_12_0) AppleWebKit/537.36 (KHTML, like Gecko) Chrome/52.0.2743.116 Safari/537.36	http://localhost:2020/starmoney/v1/Accounts/137:2/transactions
2016-10-09 18:47:27,725 INFO  [LogService                                   ] - 2016-10-09	18:47:27	0:0:0:0:0:0:0:1	-	0:0:0:0:0:0:0:1	2020	GET	/webapp/css/trix/trix.css	-	200	-	0	2	http://localhost:2020	Mozilla/5.0 (Macintosh; Intel Mac OS X 10_12_0) AppleWebKit/537.36 (KHTML, like Gecko) Chrome/52.0.2743.116 Safari/537.36	http://localhost:2020/starmoney/v1/Accounts/137:2/transactions
2016-10-09 18:47:27,740 INFO  [LogService                                   ] - 2016-10-09	18:47:27	0:0:0:0:0:0:0:1	-	0:0:0:0:0:0:0:1	2020	GET	/webapp/js/jquery-1.11.1.js	-	200	-	0	2	http://localhost:2020	Mozilla/5.0 (Macintosh; Intel Mac OS X 10_12_0) AppleWebKit/537.36 (KHTML, like Gecko) Chrome/52.0.2743.116 Safari/537.36	http://localhost:2020/starmoney/v1/Accounts/137:2/transactions
2016-10-09 18:47:27,741 INFO  [LogService                                   ] - 2016-10-09	18:47:27	0:0:0:0:0:0:0:1	-	0:0:0:0:0:0:0:1	2020	GET	/webapp/js/trix/trix.js	-	200	-	0	4	http://localhost:2020	Mozilla/5.0 (Macintosh; Intel Mac OS X 10_12_0) AppleWebKit/537.36 (KHTML, like Gecko) Chrome/52.0.2743.116 Safari/537.36	http://localhost:2020/starmoney/v1/Accounts/137:2/transactions
2016-10-09 18:47:27,742 INFO  [LogService                                   ] - 2016-10-09	18:47:27	0:0:0:0:0:0:0:1	-	0:0:0:0:0:0:0:1	2020	GET	/webapp/css/bootstrap.min.css	-	200	-	0	2	http://localhost:2020	Mozilla/5.0 (Macintosh; Intel Mac OS X 10_12_0) AppleWebKit/537.36 (KHTML, like Gecko) Chrome/52.0.2743.116 Safari/537.36	http://localhost:2020/starmoney/v1/Accounts/137:2/transactions
2016-10-09 18:47:27,786 INFO  [LogService                                   ] - 2016-10-09	18:47:27	0:0:0:0:0:0:0:1	-	0:0:0:0:0:0:0:1	2020	GET	/webapp/css/stickyfooter.css	-	200	-	0	2	http://localhost:2020	Mozilla/5.0 (Macintosh; Intel Mac OS X 10_12_0) AppleWebKit/537.36 (KHTML, like Gecko) Chrome/52.0.2743.116 Safari/537.36	http://localhost:2020/starmoney/v1/Accounts/137:2/transactions
2016-10-09 18:47:27,789 INFO  [LogService                                   ] - 2016-10-09	18:47:27	0:0:0:0:0:0:0:1	-	0:0:0:0:0:0:0:1	2020	GET	/webapp/css/bootstrap-theme.min.css	-	200	-	0	2	http://localhost:2020	Mozilla/5.0 (Macintosh; Intel Mac OS X 10_12_0) AppleWebKit/537.36 (KHTML, like Gecko) Chrome/52.0.2743.116 Safari/537.36	http://localhost:2020/starmoney/v1/Accounts/137:2/transactions
2016-10-09 18:47:27,797 INFO  [LogService                                   ] - 2016-10-09	18:47:27	0:0:0:0:0:0:0:1	-	0:0:0:0:0:0:0:1	2020	GET	/webapp/css/bootstrap-plugins/multiselect/bootstrap-multiselect.css	-	200	-	0	2	http://localhost:2020	Mozilla/5.0 (Macintosh; Intel Mac OS X 10_12_0) AppleWebKit/537.36 (KHTML, like Gecko) Chrome/52.0.2743.116 Safari/537.36	http://localhost:2020/starmoney/v1/Accounts/137:2/transactions
2016-10-09 18:47:27,816 INFO  [LogService                                   ] - 2016-10-09	18:47:27	0:0:0:0:0:0:0:1	-	0:0:0:0:0:0:0:1	2020	GET	/webapp/css/bootstrap/custom.css	-	200	-	0	2	http://localhost:2020	Mozilla/5.0 (Macintosh; Intel Mac OS X 10_12_0) AppleWebKit/537.36 (KHTML, like Gecko) Chrome/52.0.2743.116 Safari/537.36	http://localhost:2020/starmoney/v1/Accounts/137:2/transactions
2016-10-09 18:47:27,857 INFO  [LogService                                   ] - 2016-10-09	18:47:27	0:0:0:0:0:0:0:1	-	0:0:0:0:0:0:0:1	2020	GET	/webapp/css/select2.css	-	200	-	0	12	http://localhost:2020	Mozilla/5.0 (Macintosh; Intel Mac OS X 10_12_0) AppleWebKit/537.36 (KHTML, like Gecko) Chrome/52.0.2743.116 Safari/537.36	http://localhost:2020/starmoney/v1/Accounts/137:2/transactions
2016-10-09 18:47:27,872 INFO  [LogService                                   ] - 2016-10-09	18:47:27	0:0:0:0:0:0:0:1	-	0:0:0:0:0:0:0:1	2020	GET	/webapp/css/select2-bootstrap.css	-	200	-	0	3	http://localhost:2020	Mozilla/5.0 (Macintosh; Intel Mac OS X 10_12_0) AppleWebKit/537.36 (KHTML, like Gecko) Chrome/52.0.2743.116 Safari/537.36	http://localhost:2020/starmoney/v1/Accounts/137:2/transactions
2016-10-09 18:47:27,895 INFO  [LogService                                   ] - 2016-10-09	18:47:27	0:0:0:0:0:0:0:1	-	0:0:0:0:0:0:0:1	2020	GET	/webapp/js/bootstrap-plugins/multiselect/bootstrap-multiselect.js	-	200	-	0	2	http://localhost:2020	Mozilla/5.0 (Macintosh; Intel Mac OS X 10_12_0) AppleWebKit/537.36 (KHTML, like Gecko) Chrome/52.0.2743.116 Safari/537.36	http://localhost:2020/starmoney/v1/Accounts/137:2/transactions
2016-10-09 18:47:27,897 INFO  [LogService                                   ] - 2016-10-09	18:47:27	0:0:0:0:0:0:0:1	-	0:0:0:0:0:0:0:1	2020	GET	/static/themes/jstree/style.min.css	-	200	-	0	10	http://localhost:2020	Mozilla/5.0 (Macintosh; Intel Mac OS X 10_12_0) AppleWebKit/537.36 (KHTML, like Gecko) Chrome/52.0.2743.116 Safari/537.36	http://localhost:2020/starmoney/v1/Accounts/137:2/transactions
2016-10-09 18:47:27,900 INFO  [LogService                                   ] - 2016-10-09	18:47:27	0:0:0:0:0:0:0:1	-	0:0:0:0:0:0:0:1	2020	GET	/static/js/mousetrap/mousetrap.min.js	-	200	-	0	6	http://localhost:2020	Mozilla/5.0 (Macintosh; Intel Mac OS X 10_12_0) AppleWebKit/537.36 (KHTML, like Gecko) Chrome/52.0.2743.116 Safari/537.36	http://localhost:2020/starmoney/v1/Accounts/137:2/transactions
2016-10-09 18:47:27,905 INFO  [LogService                                   ] - 2016-10-09	18:47:27	0:0:0:0:0:0:0:1	-	0:0:0:0:0:0:0:1	2020	GET	/webapp/js/animate/animate.css	-	200	-	0	16	http://localhost:2020	Mozilla/5.0 (Macintosh; Intel Mac OS X 10_12_0) AppleWebKit/537.36 (KHTML, like Gecko) Chrome/52.0.2743.116 Safari/537.36	http://localhost:2020/starmoney/v1/Accounts/137:2/transactions
2016-10-09 18:47:27,906 INFO  [LogService                                   ] - 2016-10-09	18:47:27	0:0:0:0:0:0:0:1	-	0:0:0:0:0:0:0:1	2020	GET	/webapp/js/jinplace/1.2.1/jinplace.js	-	200	-	0	11	http://localhost:2020	Mozilla/5.0 (Macintosh; Intel Mac OS X 10_12_0) AppleWebKit/537.36 (KHTML, like Gecko) Chrome/52.0.2743.116 Safari/537.36	http://localhost:2020/starmoney/v1/Accounts/137:2/transactions
2016-10-09 18:47:27,940 INFO  [LogService                                   ] - 2016-10-09	18:47:27	0:0:0:0:0:0:0:1	-	0:0:0:0:0:0:0:1	2020	GET	/webapp/js/select2.js	-	200	-	0	2	http://localhost:2020	Mozilla/5.0 (Macintosh; Intel Mac OS X 10_12_0) AppleWebKit/537.36 (KHTML, like Gecko) Chrome/52.0.2743.116 Safari/537.36	http://localhost:2020/starmoney/v1/Accounts/137:2/transactions
2016-10-09 18:47:27,963 INFO  [LogService                                   ] - 2016-10-09	18:47:27	0:0:0:0:0:0:0:1	-	0:0:0:0:0:0:0:1	2020	GET	/static/js/jstree/jstree.min.js	-	200	-	0	2	http://localhost:2020	Mozilla/5.0 (Macintosh; Intel Mac OS X 10_12_0) AppleWebKit/537.36 (KHTML, like Gecko) Chrome/52.0.2743.116 Safari/537.36	http://localhost:2020/starmoney/v1/Accounts/137:2/transactions
2016-10-09 18:47:27,988 INFO  [LogService                                   ] - 2016-10-09	18:47:27	0:0:0:0:0:0:0:1	-	0:0:0:0:0:0:0:1	2020	GET	/webapp/js/moment.js	-	200	-	0	2	http://localhost:2020	Mozilla/5.0 (Macintosh; Intel Mac OS X 10_12_0) AppleWebKit/537.36 (KHTML, like Gecko) Chrome/52.0.2743.116 Safari/537.36	http://localhost:2020/starmoney/v1/Accounts/137:2/transactions
2016-10-09 18:47:28,062 INFO  [LogService                                   ] - 2016-10-09	18:47:28	0:0:0:0:0:0:0:1	-	0:0:0:0:0:0:0:1	2020	GET	/static/img/skysail.logo.png	-	200	-	0	4	http://localhost:2020	Mozilla/5.0 (Macintosh; Intel Mac OS X 10_12_0) AppleWebKit/537.36 (KHTML, like Gecko) Chrome/52.0.2743.116 Safari/537.36	http://localhost:2020/starmoney/v1/Accounts/137:2/transactions
2016-10-09 18:47:28,233 INFO  [LogService                                   ] - 2016-10-09	18:47:28	0:0:0:0:0:0:0:1	-	0:0:0:0:0:0:0:1	2020	GET	/webapp/fonts/glyphicons-halflings-regular.woff	-	200	-	0	3	http://localhost:2020	Mozilla/5.0 (Macintosh; Intel Mac OS X 10_12_0) AppleWebKit/537.36 (KHTML, like Gecko) Chrome/52.0.2743.116 Safari/537.36	http://localhost:2020/webapp/css/bootstrap.min.css
2016-10-09 18:47:28,534 INFO  [LogService                                   ] - 2016-10-09	18:47:28	0:0:0:0:0:0:0:1	-	0:0:0:0:0:0:0:1	2020	GET	/webapp/js/noty/packaged/jquery.noty.packaged.min.js	-	200	-	0	2	http://localhost:2020	Mozilla/5.0 (Macintosh; Intel Mac OS X 10_12_0) AppleWebKit/537.36 (KHTML, like Gecko) Chrome/52.0.2743.116 Safari/537.36	http://localhost:2020/starmoney/v1/Accounts/137:2/transactions
2016-10-09 18:47:28,534 INFO  [LogService                                   ] - 2016-10-09	18:47:28	0:0:0:0:0:0:0:1	-	0:0:0:0:0:0:0:1	2020	GET	/webapp/js/bootstrap.min.js	-	200	-	0	2	http://localhost:2020	Mozilla/5.0 (Macintosh; Intel Mac OS X 10_12_0) AppleWebKit/537.36 (KHTML, like Gecko) Chrome/52.0.2743.116 Safari/537.36	http://localhost:2020/starmoney/v1/Accounts/137:2/transactions
2016-10-09 18:47:28,534 INFO  [LogService                                   ] - 2016-10-09	18:47:28	0:0:0:0:0:0:0:1	-	0:0:0:0:0:0:0:1	2020	GET	/webapp/js/noty/layouts/skysail.js	-	200	-	0	2	http://localhost:2020	Mozilla/5.0 (Macintosh; Intel Mac OS X 10_12_0) AppleWebKit/537.36 (KHTML, like Gecko) Chrome/52.0.2743.116 Safari/537.36	http://localhost:2020/starmoney/v1/Accounts/137:2/transactions
2016-10-09 18:47:28,539 INFO  [LogService                                   ] - 2016-10-09	18:47:28	0:0:0:0:0:0:0:1	-	0:0:0:0:0:0:0:1	2020	GET	/webapp/js/peity/jquery.peity.min.js	-	200	-	0	2	http://localhost:2020	Mozilla/5.0 (Macintosh; Intel Mac OS X 10_12_0) AppleWebKit/537.36 (KHTML, like Gecko) Chrome/52.0.2743.116 Safari/537.36	http://localhost:2020/starmoney/v1/Accounts/137:2/transactions
2016-10-09 18:47:28,787 INFO  [LogService                                   ] - 2016-10-09	18:47:28	0:0:0:0:0:0:0:1	-	0:0:0:0:0:0:0:1	2020	GET	/static/themes/jstree/throbber.gif	-	200	-	0	3	http://localhost:2020	Mozilla/5.0 (Macintosh; Intel Mac OS X 10_12_0) AppleWebKit/537.36 (KHTML, like Gecko) Chrome/52.0.2743.116 Safari/537.36	http://localhost:2020/static/themes/jstree/style.min.css
2016-10-09 18:47:28,789 INFO  [LogService                                   ] - 2016-10-09	18:47:28	0:0:0:0:0:0:0:1	-	0:0:0:0:0:0:0:1	2020	GET	/static/themes/jstree/32px.png	-	200	-	0	4	http://localhost:2020	Mozilla/5.0 (Macintosh; Intel Mac OS X 10_12_0) AppleWebKit/537.36 (KHTML, like Gecko) Chrome/52.0.2743.116 Safari/537.36	http://localhost:2020/static/themes/jstree/style.min.css
