2016-10-14 14:53:33,532 WARN  [io.skysail.server.app.SkysailApplication     ] - there are no entities defined for the applicationModel JavaApplicationModel: webconsole
Repositories: 
Repositories(repositories={})

2016-10-14 14:53:33,560 WARN  [io.skysail.server.app.SkysailApplication     ] - there are no entities defined for the applicationModel JavaApplicationModel: MetricsApp
Repositories: 
Repositories(repositories={})

2016-10-14 14:54:54,114 WARN  [io.skysail.server.app.SkysailApplication     ] - trying to access repository for entity class io.skysail.server.app.starmoney.Account, but failed...
2016-10-14 14:54:54,114 WARN  [io.skysail.server.app.SkysailApplication     ] - calling default implementation of getRepository, which should be overwritten if the application provides a repository.
2016-10-14 14:55:07,104 WARN  [io.skysail.server.app.SkysailApplication     ] - trying to access repository for entity class io.skysail.server.app.starmoney.Account, but failed...
2016-10-14 14:55:07,105 WARN  [io.skysail.server.app.SkysailApplication     ] - calling default implementation of getRepository, which should be overwritten if the application provides a repository.
2016-10-14 14:55:20,384 WARN  [io.skysail.server.app.SkysailApplication     ] - trying to access repository for entity class io.skysail.server.app.starmoney.Account, but failed...
2016-10-14 14:55:20,384 WARN  [io.skysail.server.app.SkysailApplication     ] - calling default implementation of getRepository, which should be overwritten if the application provides a repository.
2016-10-14 14:55:20,423 ERROR [i.s.s.app.starmoney.StarMoneyApplication     ] - Failed to start route route7 because of Multiple consumers for the same endpoint is not allowed: Endpoint[file:///tmp/in]
org.apache.camel.FailedToStartRouteException: Failed to start route route7 because of Multiple consumers for the same endpoint is not allowed: Endpoint[file:///tmp/in]
	at org.apache.camel.impl.DefaultCamelContext.doStartOrResumeRouteConsumers(DefaultCamelContext.java:3529) ~[na:na]
	at org.apache.camel.impl.DefaultCamelContext.doStartRouteConsumers(DefaultCamelContext.java:3505) ~[na:na]
	at org.apache.camel.impl.DefaultCamelContext.safelyStartRouteServices(DefaultCamelContext.java:3435) ~[na:na]
	at org.apache.camel.impl.DefaultCamelContext.doStartOrResumeRoutes(DefaultCamelContext.java:3203) ~[na:na]
	at org.apache.camel.impl.DefaultCamelContext.doStartCamel(DefaultCamelContext.java:3059) ~[na:na]
	at org.apache.camel.impl.DefaultCamelContext.access$000(DefaultCamelContext.java:175) ~[na:na]
	at org.apache.camel.impl.DefaultCamelContext$2.call(DefaultCamelContext.java:2854) ~[na:na]
	at org.apache.camel.impl.DefaultCamelContext$2.call(DefaultCamelContext.java:2850) ~[na:na]
	at org.apache.camel.impl.DefaultCamelContext.doWithDefinedClassLoader(DefaultCamelContext.java:2873) ~[na:na]
	at org.apache.camel.impl.DefaultCamelContext.doStart(DefaultCamelContext.java:2850) ~[na:na]
	at org.apache.camel.support.ServiceSupport.start(ServiceSupport.java:61) ~[na:na]
	at org.apache.camel.impl.DefaultCamelContext.start(DefaultCamelContext.java:2819) ~[na:na]
	at io.skysail.server.app.starmoney.StarMoneyApplication.setCamelContextProvider(StarMoneyApplication.java:83) ~[na:na]
	at sun.reflect.NativeMethodAccessorImpl.invoke0(Native Method) ~[na:1.8.0_91]
	at sun.reflect.NativeMethodAccessorImpl.invoke(Unknown Source) ~[na:1.8.0_91]
	at sun.reflect.DelegatingMethodAccessorImpl.invoke(Unknown Source) ~[na:1.8.0_91]
	at java.lang.reflect.Method.invoke(Unknown Source) ~[na:1.8.0_91]
	at org.apache.felix.scr.impl.helper.BaseMethod.invokeMethod(BaseMethod.java:222) [org.apache.felix.scr-2.0.2.jar:na]
	at org.apache.felix.scr.impl.helper.BaseMethod.access$500(BaseMethod.java:37) [org.apache.felix.scr-2.0.2.jar:na]
	at org.apache.felix.scr.impl.helper.BaseMethod$Resolved.invoke(BaseMethod.java:615) [org.apache.felix.scr-2.0.2.jar:na]
	at org.apache.felix.scr.impl.helper.BaseMethod.invoke(BaseMethod.java:499) [org.apache.felix.scr-2.0.2.jar:na]
	at org.apache.felix.scr.impl.helper.BindMethod.invoke(BindMethod.java:41) [org.apache.felix.scr-2.0.2.jar:na]
	at org.apache.felix.scr.impl.manager.DependencyManager.doInvokeBindMethod(DependencyManager.java:1660) [org.apache.felix.scr-2.0.2.jar:na]
	at org.apache.felix.scr.impl.manager.DependencyManager.open(DependencyManager.java:1495) [org.apache.felix.scr-2.0.2.jar:na]
	at org.apache.felix.scr.impl.manager.SingleComponentManager.createImplementationObject(SingleComponentManager.java:265) [org.apache.felix.scr-2.0.2.jar:na]
	at org.apache.felix.scr.impl.manager.SingleComponentManager.createComponent(SingleComponentManager.java:113) [org.apache.felix.scr-2.0.2.jar:na]
	at org.apache.felix.scr.impl.manager.SingleComponentManager.getService(SingleComponentManager.java:866) [org.apache.felix.scr-2.0.2.jar:na]
	at org.apache.felix.scr.impl.manager.SingleComponentManager.getServiceInternal(SingleComponentManager.java:833) [org.apache.felix.scr-2.0.2.jar:na]
	at org.apache.felix.scr.impl.manager.SingleComponentManager.getService(SingleComponentManager.java:774) [org.apache.felix.scr-2.0.2.jar:na]
	at org.apache.felix.framework.ServiceRegistrationImpl.getFactoryUnchecked(ServiceRegistrationImpl.java:347) [org.apache.felix.framework-5.4.0.jar:na]
	at org.apache.felix.framework.ServiceRegistrationImpl.getService(ServiceRegistrationImpl.java:247) [org.apache.felix.framework-5.4.0.jar:na]
	at org.apache.felix.framework.ServiceRegistry.getService(ServiceRegistry.java:344) [org.apache.felix.framework-5.4.0.jar:na]
	at org.apache.felix.framework.Felix.getService(Felix.java:3699) [org.apache.felix.framework-5.4.0.jar:na]
	at org.apache.felix.framework.BundleContextImpl.getService(BundleContextImpl.java:470) [org.apache.felix.framework-5.4.0.jar:na]
	at org.apache.felix.scr.impl.manager.SingleRefPair.getServiceObject(SingleRefPair.java:72) [org.apache.felix.scr-2.0.2.jar:na]
	at org.apache.felix.scr.impl.helper.BindMethod.getServiceObject(BindMethod.java:646) [org.apache.felix.scr-2.0.2.jar:na]
	at org.apache.felix.scr.impl.manager.DependencyManager.getServiceObject(DependencyManager.java:2137) [org.apache.felix.scr-2.0.2.jar:na]
	at org.apache.felix.scr.impl.manager.DependencyManager.doInvokeBindMethod(DependencyManager.java:1651) [org.apache.felix.scr-2.0.2.jar:na]
	at org.apache.felix.scr.impl.manager.DependencyManager.invokeBindMethod(DependencyManager.java:1636) [org.apache.felix.scr-2.0.2.jar:na]
	at org.apache.felix.scr.impl.manager.SingleComponentManager.invokeBindMethod(SingleComponentManager.java:370) [org.apache.felix.scr-2.0.2.jar:na]
	at org.apache.felix.scr.impl.manager.DependencyManager$MultipleDynamicCustomizer.addedService(DependencyManager.java:319) [org.apache.felix.scr-2.0.2.jar:na]
	at org.apache.felix.scr.impl.manager.DependencyManager$MultipleDynamicCustomizer.addedService(DependencyManager.java:295) [org.apache.felix.scr-2.0.2.jar:na]
	at org.apache.felix.scr.impl.manager.ServiceTracker$Tracked.customizerAdded(ServiceTracker.java:1215) [org.apache.felix.scr-2.0.2.jar:na]
	at org.apache.felix.scr.impl.manager.ServiceTracker$Tracked.customizerAdded(ServiceTracker.java:1136) [org.apache.felix.scr-2.0.2.jar:na]
	at org.apache.felix.scr.impl.manager.ServiceTracker$AbstractTracked.trackAdding(ServiceTracker.java:945) [org.apache.felix.scr-2.0.2.jar:na]
	at org.apache.felix.scr.impl.manager.ServiceTracker$AbstractTracked.track(ServiceTracker.java:881) [org.apache.felix.scr-2.0.2.jar:na]
	at org.apache.felix.scr.impl.manager.ServiceTracker$Tracked.serviceChanged(ServiceTracker.java:1167) [org.apache.felix.scr-2.0.2.jar:na]
	at org.apache.felix.scr.impl.BundleComponentActivator$ListenerInfo.serviceChanged(BundleComponentActivator.java:120) [org.apache.felix.scr-2.0.2.jar:na]
	at org.apache.felix.framework.util.EventDispatcher.invokeServiceListenerCallback(EventDispatcher.java:991) [org.apache.felix.framework-5.4.0.jar:na]
	at org.apache.felix.framework.util.EventDispatcher.fireEventImmediately(EventDispatcher.java:839) [org.apache.felix.framework-5.4.0.jar:na]
	at org.apache.felix.framework.util.EventDispatcher.fireServiceEvent(EventDispatcher.java:546) [org.apache.felix.framework-5.4.0.jar:na]
	at org.apache.felix.framework.Felix.fireServiceEvent(Felix.java:4557) [org.apache.felix.framework-5.4.0.jar:na]
	at org.apache.felix.framework.Felix.registerService(Felix.java:3549) [org.apache.felix.framework-5.4.0.jar:na]
	at org.apache.felix.framework.BundleContextImpl.registerService(BundleContextImpl.java:348) [org.apache.felix.framework-5.4.0.jar:na]
	at org.apache.felix.scr.impl.manager.AbstractComponentManager$3.register(AbstractComponentManager.java:869) [org.apache.felix.scr-2.0.2.jar:na]
	at org.apache.felix.scr.impl.manager.AbstractComponentManager$3.register(AbstractComponentManager.java:857) [org.apache.felix.scr-2.0.2.jar:na]
	at org.apache.felix.scr.impl.manager.RegistrationManager.changeRegistration(RegistrationManager.java:133) [org.apache.felix.scr-2.0.2.jar:na]
	at org.apache.felix.scr.impl.manager.AbstractComponentManager.registerService(AbstractComponentManager.java:915) [org.apache.felix.scr-2.0.2.jar:na]
	at org.apache.felix.scr.impl.manager.AbstractComponentManager.activateInternal(AbstractComponentManager.java:715) [org.apache.felix.scr-2.0.2.jar:na]
	at org.apache.felix.scr.impl.manager.AbstractComponentManager.enable(AbstractComponentManager.java:399) [org.apache.felix.scr-2.0.2.jar:na]
	at org.apache.felix.scr.impl.config.ConfigurableComponentHolder.enableComponents(ConfigurableComponentHolder.java:676) [org.apache.felix.scr-2.0.2.jar:na]
	at org.apache.felix.scr.impl.BundleComponentActivator.initialEnable(BundleComponentActivator.java:339) [org.apache.felix.scr-2.0.2.jar:na]
	at org.apache.felix.scr.impl.Activator.loadComponents(Activator.java:360) [org.apache.felix.scr-2.0.2.jar:na]
	at org.apache.felix.scr.impl.Activator.access$000(Activator.java:53) [org.apache.felix.scr-2.0.2.jar:na]
	at org.apache.felix.scr.impl.Activator$ScrExtension.start(Activator.java:260) [org.apache.felix.scr-2.0.2.jar:na]
	at org.apache.felix.utils.extender.AbstractExtender.createExtension(AbstractExtender.java:259) [org.apache.felix.scr-2.0.2.jar:na]
	at org.apache.felix.utils.extender.AbstractExtender.modifiedBundle(AbstractExtender.java:232) [org.apache.felix.scr-2.0.2.jar:na]
	at org.osgi.util.tracker.BundleTracker$Tracked.customizerModified(BundleTracker.java:482) [org.apache.felix.framework-5.4.0.jar:na]
	at org.osgi.util.tracker.BundleTracker$Tracked.customizerModified(BundleTracker.java:415) [org.apache.felix.framework-5.4.0.jar:na]
	at org.osgi.util.tracker.AbstractTracked.track(AbstractTracked.java:232) [org.apache.felix.framework-5.4.0.jar:na]
	at org.osgi.util.tracker.BundleTracker$Tracked.bundleChanged(BundleTracker.java:444) [org.apache.felix.framework-5.4.0.jar:na]
	at org.apache.felix.framework.util.EventDispatcher.invokeBundleListenerCallback(EventDispatcher.java:916) [org.apache.felix.framework-5.4.0.jar:na]
	at org.apache.felix.framework.util.EventDispatcher.fireEventImmediately(EventDispatcher.java:835) [org.apache.felix.framework-5.4.0.jar:na]
	at org.apache.felix.framework.util.EventDispatcher.fireBundleEvent(EventDispatcher.java:517) [org.apache.felix.framework-5.4.0.jar:na]
	at org.apache.felix.framework.Felix.fireBundleEvent(Felix.java:4541) [org.apache.felix.framework-5.4.0.jar:na]
	at org.apache.felix.framework.Felix.startBundle(Felix.java:2172) [org.apache.felix.framework-5.4.0.jar:na]
	at org.apache.felix.framework.BundleImpl.start(BundleImpl.java:998) [org.apache.felix.framework-5.4.0.jar:na]
	at aQute.launcher.Launcher.update(Launcher.java:457) [biz.aQute.launcher-latest.jar:na]
	at aQute.launcher.Launcher$1.run(Launcher.java:194) [biz.aQute.launcher-latest.jar:na]
	at java.util.TimerThread.mainLoop(Unknown Source) [na:1.8.0_91]
	at java.util.TimerThread.run(Unknown Source) [na:1.8.0_91]
