2016-10-21 10:19:10,300 INFO  [io.skysail.server.app.ApplicationList        ] - (+ ApplicationModel) (#01) with name 'root'
2016-10-21 10:19:10,450 INFO  [io.skysail.server.app.ApplicationList        ] - (+ ApplicationModel) (#02) with name 'webapp'
2016-10-21 10:19:12,130 INFO  [io.skysail.server.http.HttpServer            ] - 
2016-10-21 10:19:12,131 INFO  [io.skysail.server.http.HttpServer            ] - ====================================
2016-10-21 10:19:12,131 INFO  [io.skysail.server.http.HttpServer            ] - Starting skysail server on port 2018
2016-10-21 10:19:12,131 INFO  [io.skysail.server.http.HttpServer            ] - ====================================
2016-10-21 10:19:12,131 INFO  [io.skysail.server.http.HttpServer            ] - 
2016-10-21 10:19:12,215 INFO  [org.restlet                                  ] - Starting the Jetty [HTTP/1.1] server on port 2018
2016-10-21 10:19:12,318 INFO  [io.skysail.server.app.ApplicationList        ] - (+ ApplicationModel) (#03) with name 'static'
2016-10-21 10:19:12,351 INFO  [io.skysail.server.app.ApplicationList        ] - (+ ApplicationModel) (#04) with name 'i18n'
2016-10-21 10:19:12,456 INFO  [i.s.s.u.s.ShiroBasedUserManagementProvider   ] - USER MANAGEMENT PROVIDER: activating provider 'io.skysail.server.um.shiro.ShiroBasedUserManagementProvider'
2016-10-21 10:19:12,535 INFO  [io.skysail.server.app.ServiceList            ] - USER MANAGEMENT PROVIDER: setting provider to 'io.skysail.server.um.shiro.ShiroBasedUserManagementProvider'
2016-10-21 10:19:12,541 INFO  [io.skysail.server.app.ApplicationList        ] - (+ ApplicationModel) (#05) with name 'io.skysail.server.um.shiro.app.ShiroUmApplication'
2016-10-21 10:19:12,571 INFO  [i.s.s.http.javamelody.EmbeddedServer         ] - about to start javamelody on port '8090'
2016-10-21 10:19:12,655 INFO  [i.s.s.http.javamelody.EmbeddedServer         ] - setting 'storage-directory' to 'C:/tmp/javamelody'
2016-10-21 10:19:12,656 INFO  [i.s.s.http.javamelody.EmbeddedServer         ] - setting 'authorized-users' to 'admin:pwd'
2016-10-21 10:19:12,656 INFO  [i.s.s.http.javamelody.EmbeddedServer         ] - setting 'sampling-seconds' to '1.0'
2016-10-21 10:19:12,656 INFO  [i.s.s.http.javamelody.EmbeddedServer         ] - setting 'monitoring-path' to '/'
2016-10-21 10:19:13,200 WARN  [o.e.j.server.handler.RequestLogHandler       ] - !RequestLog
2016-10-21 10:19:13,209 INFO  [i.s.s.e.r.w.RamlConsoleWebappApplication     ] - static resources will be available at /static/mulesoft/console/3.0.5/...
2016-10-21 10:19:13,210 INFO  [io.skysail.server.app.ApplicationList        ] - (+ ApplicationModel) (#06) with name 'static/mulesoft/console'
2016-10-21 10:19:13,225 INFO  [io.skysail.server.app.ApplicationList        ] - (+ ApplicationModel) (#07) with name 'pact'
2016-10-21 10:19:13,423 INFO  [io.skysail.server.app.ApplicationList        ] - (+ ApplicationModel) (#08) with name 'menus'
2016-10-21 10:19:13,442 INFO  [io.skysail.server.app.ApplicationList        ] - (+ ApplicationModel) (#09) with name 'webconsole'
2016-10-21 10:19:13,495 INFO  [i.s.s.http.javamelody.EmbeddedServer         ] - about to start javamelody on port '8090'
2016-10-21 10:19:13,496 INFO  [i.s.s.http.javamelody.EmbeddedServer         ] - setting 'storage-directory' to 'C:/tmp/javamelody'
2016-10-21 10:19:13,496 INFO  [i.s.s.http.javamelody.EmbeddedServer         ] - setting 'authorized-users' to 'admin:pwd'
2016-10-21 10:19:13,496 INFO  [i.s.s.http.javamelody.EmbeddedServer         ] - setting 'sampling-seconds' to '1.0'
2016-10-21 10:19:13,497 INFO  [i.s.s.http.javamelody.EmbeddedServer         ] - setting 'monitoring-path' to '/'
2016-10-21 10:19:13,534 WARN  [o.e.j.server.handler.RequestLogHandler       ] - !RequestLog
2016-10-21 10:19:49,636 INFO  [o.r.S.I.SkysailRootApplication               ] - Starting io.skysail.server.app.SkysailRootApplication application
2016-10-21 10:19:49,646 INFO  [io.skysail.server.app.SkysailApplication     ] - creating new Router in io.skysail.server.app.SkysailRootApplication
2016-10-21 10:19:49,649 INFO  [io.skysail.server.app.SkysailApplication     ] - adding extensions to metadata service
2016-10-21 10:19:49,650 INFO  [io.skysail.server.app.SkysailApplication     ] - adding protocols
2016-10-21 10:19:49,754 INFO  [io.skysail.server.restlet.SkysailRouter      ] - routing path '/root/' -> AlwaysAuthenticatedAuthenticator -> RolesPredicateAuthorizer -> Finder -> DefaultResource
2016-10-21 10:19:49,760 INFO  [io.skysail.server.restlet.SkysailRouter      ] - routing path '/root/_login' -> AlwaysAuthenticatedAuthenticator -> RolesPredicateAuthorizer -> Finder -> LoginResource
2016-10-21 10:19:49,763 INFO  [io.skysail.server.restlet.SkysailRouter      ] - routing path '/root/_logout' -> AlwaysAuthenticatedAuthenticator -> RolesPredicateAuthorizer -> Finder -> LogoutResource
2016-10-21 10:19:49,768 INFO  [io.skysail.server.restlet.SkysailRouter      ] - routing path '/root/_profile' -> AlwaysAuthenticatedAuthenticator -> RolesPredicateAuthorizer -> Finder -> ProfileResource
2016-10-21 10:19:49,779 INFO  [o.r.S.InternalRouter.WebappApplication       ] - Starting io.skysail.server.converter.WebappApplication application
2016-10-21 10:19:49,784 INFO  [o.r.S.InternalRouter.WebappApplication       ] - Starting de.twenty11.skysail.server.webapp.internal.WebappApplication application
2016-10-21 10:19:49,786 INFO  [o.r.S.InternalRouter.I18nApplication         ] - Starting io.skysail.server.text.store.bundleresource.impl.I18nApplication application
2016-10-21 10:19:49,787 INFO  [io.skysail.server.app.SkysailApplication     ] - creating new Router in io.skysail.server.text.store.bundleresource.impl.I18nApplication
2016-10-21 10:19:49,788 INFO  [io.skysail.server.app.SkysailApplication     ] - adding extensions to metadata service
2016-10-21 10:19:49,788 INFO  [io.skysail.server.app.SkysailApplication     ] - adding protocols
2016-10-21 10:19:49,791 INFO  [io.skysail.server.restlet.SkysailRouter      ] - routing path '/i18n/v1' -> SkysailCookieAuthenticator -> RolesPredicateAuthorizer -> Finder -> I18nRootResource
2016-10-21 10:19:49,792 INFO  [io.skysail.server.restlet.SkysailRouter      ] - routing path '/i18n/v1/messages/' -> SkysailCookieAuthenticator -> RolesPredicateAuthorizer -> Finder -> MessagesResource
2016-10-21 10:19:49,798 INFO  [io.skysail.server.restlet.SkysailRouter      ] - routing path '/i18n/v1/messages/{key}' -> SkysailCookieAuthenticator -> RolesPredicateAuthorizer -> Finder -> MessageResource
2016-10-21 10:19:49,801 INFO  [io.skysail.server.restlet.SkysailRouter      ] - routing path '/i18n/v1/messages/{key}/' -> SkysailCookieAuthenticator -> RolesPredicateAuthorizer -> Finder -> PutMessageResource
2016-10-21 10:19:49,805 INFO  [io.skysail.server.restlet.SkysailRouter      ] - routing path '/i18n/v1/messages/{key}/{fieldname}/' -> SkysailCookieAuthenticator -> RolesPredicateAuthorizer -> Finder -> PatchMessageResource
2016-10-21 10:19:49,806 INFO  [o.r.S.InternalRouter.ShiroUmApplication      ] - Starting io.skysail.server.um.shiro.app.ShiroUmApplication application
2016-10-21 10:19:49,807 INFO  [io.skysail.server.app.SkysailApplication     ] - creating new Router in io.skysail.server.um.shiro.app.ShiroUmApplication
2016-10-21 10:19:49,808 INFO  [io.skysail.server.app.SkysailApplication     ] - adding extensions to metadata service
2016-10-21 10:19:49,808 INFO  [io.skysail.server.app.SkysailApplication     ] - adding protocols
2016-10-21 10:19:49,819 INFO  [io.skysail.server.restlet.SkysailRouter      ] - routing path '/io.skysail.server.um.shiro.app.ShiroUmApplication/v1/_login' -> AlwaysAuthenticatedAuthenticator -> RolesPredicateAuthorizer -> Finder -> LoginResource
2016-10-21 10:19:49,822 INFO  [io.skysail.server.restlet.SkysailRouter      ] - routing path '/io.skysail.server.um.shiro.app.ShiroUmApplication/v1/currentUser' -> NeverAuthenticatedAuthenticator -> RolesPredicateAuthorizer -> Finder -> CurrentUserResource
2016-10-21 10:19:49,823 INFO  [o.r.S.I.RamlConsoleWebappApplication         ] - Starting io.skysail.server.ext.ramlconsole.webresource.RamlConsoleWebappApplication application
2016-10-21 10:19:49,826 INFO  [o.r.S.InternalRouter.PactApplication         ] - Starting skysail.server.app.pact.PactApplication application
2016-10-21 10:19:49,827 INFO  [io.skysail.server.app.SkysailApplication     ] - creating new Router in skysail.server.app.pact.PactApplication
2016-10-21 10:19:49,828 INFO  [io.skysail.server.app.SkysailApplication     ] - adding extensions to metadata service
2016-10-21 10:19:49,828 INFO  [io.skysail.server.app.SkysailApplication     ] - adding protocols
2016-10-21 10:19:49,829 WARN  [io.skysail.server.app.SkysailApplication     ] - there are no entities defined for the applicationModel SkysailApplicationModel: pact
Repositories: 
Repositories(repositories={io.skysail.server.db.versions.impl.ComponentDbVersion=io.skysail.server.db.versions.impl.VersionsRepository@601c0dba, skysail.server.app.pact.Pact=skysail.server.app.pact.PactRepository@5703770e})

2016-10-21 10:19:49,833 INFO  [io.skysail.server.restlet.SkysailRouter      ] - routing path '/pact/v1' -> AlwaysAuthenticatedAuthenticator -> RolesPredicateAuthorizer -> Finder -> PactResource
2016-10-21 10:19:49,834 INFO  [io.skysail.server.restlet.SkysailRouter      ] - routing path '/pact/v1/pacts/{id}' -> AlwaysAuthenticatedAuthenticator -> RolesPredicateAuthorizer -> Finder -> PactResource
2016-10-21 10:19:49,836 INFO  [io.skysail.server.restlet.SkysailRouter      ] - routing path '/pact/v1/pacts/' -> AlwaysAuthenticatedAuthenticator -> RolesPredicateAuthorizer -> Finder -> PostPactResource
2016-10-21 10:19:49,838 INFO  [io.skysail.server.restlet.SkysailRouter      ] - routing path '/pact/v1/pacts/{id}/' -> AlwaysAuthenticatedAuthenticator -> RolesPredicateAuthorizer -> Finder -> PutPactResource
2016-10-21 10:19:49,840 INFO  [io.skysail.server.restlet.SkysailRouter      ] - routing path '/pact/v1/pact' -> AlwaysAuthenticatedAuthenticator -> RolesPredicateAuthorizer -> Finder -> PactResource
2016-10-21 10:19:49,843 INFO  [io.skysail.server.restlet.SkysailRouter      ] - routing path '/pact/v1/turn' -> AlwaysAuthenticatedAuthenticator -> RolesPredicateAuthorizer -> Finder -> NextCandiateResource
2016-10-21 10:19:49,844 INFO  [o.r.S.InternalRouter.MenusApplication        ] - Starting io.skysail.server.app.menus.MenusApplication application
2016-10-21 10:19:49,845 INFO  [io.skysail.server.app.SkysailApplication     ] - creating new Router in io.skysail.server.app.menus.MenusApplication
2016-10-21 10:19:49,846 INFO  [io.skysail.server.app.SkysailApplication     ] - adding extensions to metadata service
2016-10-21 10:19:49,846 INFO  [io.skysail.server.app.SkysailApplication     ] - adding protocols
2016-10-21 10:19:49,847 WARN  [io.skysail.server.app.SkysailApplication     ] - there are no entities defined for the applicationModel SkysailApplicationModel: menus
Repositories: 
Repositories(repositories={})

2016-10-21 10:19:49,850 INFO  [io.skysail.server.restlet.SkysailRouter      ] - routing path '/menus/v1' -> AlwaysAuthenticatedAuthenticator -> RolesPredicateAuthorizer -> Finder -> MenusResource
2016-10-21 10:19:49,851 INFO  [io.skysail.server.restlet.SkysailRouter      ] - routing path '/menus/v1/' -> AlwaysAuthenticatedAuthenticator -> RolesPredicateAuthorizer -> Finder -> MenusResource
2016-10-21 10:19:49,852 INFO  [io.skysail.server.restlet.SkysailRouter      ] - routing path '/menus/v1/menus' -> AlwaysAuthenticatedAuthenticator -> RolesPredicateAuthorizer -> Finder -> MenusResource
2016-10-21 10:19:49,853 INFO  [o.r.S.I.WebconsoleApplication                ] - Starting io.skysail.server.app.webconsole.WebconsoleApplication application
2016-10-21 10:19:49,855 INFO  [io.skysail.server.app.SkysailApplication     ] - creating new Router in io.skysail.server.app.webconsole.WebconsoleApplication
2016-10-21 10:19:49,855 INFO  [io.skysail.server.app.SkysailApplication     ] - adding extensions to metadata service
2016-10-21 10:19:49,855 INFO  [io.skysail.server.app.SkysailApplication     ] - adding protocols
2016-10-21 10:19:49,856 WARN  [io.skysail.server.app.SkysailApplication     ] - there are no entities defined for the applicationModel SkysailApplicationModel: webconsole
Repositories: 
Repositories(repositories={})

2016-10-21 10:19:49,861 INFO  [io.skysail.server.restlet.SkysailRouter      ] - routing path '/webconsole/v1' -> SkysailCookieAuthenticator -> RolesPredicateAuthorizer -> Finder -> BundlesResource
2016-10-21 10:19:49,862 INFO  [io.skysail.server.restlet.SkysailRouter      ] - routing path '/webconsole/v1/bundles' -> SkysailCookieAuthenticator -> RolesPredicateAuthorizer -> Finder -> BundlesResource
2016-10-21 10:19:49,871 INFO  [io.skysail.server.restlet.SkysailRouter      ] - routing path '/webconsole/v1/bundles/{id}' -> SkysailCookieAuthenticator -> RolesPredicateAuthorizer -> Finder -> BundleResource
2016-10-21 10:19:49,874 INFO  [io.skysail.server.restlet.SkysailRouter      ] - routing path '/webconsole/v1/services' -> SkysailCookieAuthenticator -> RolesPredicateAuthorizer -> Finder -> ServicesResource
2016-10-21 10:19:49,875 INFO  [io.skysail.server.restlet.SkysailRouter      ] - routing path '/webconsole/v1/services/{id}' -> SkysailCookieAuthenticator -> RolesPredicateAuthorizer -> Finder -> ServiceResource
2016-10-21 10:19:49,877 INFO  [io.skysail.server.restlet.SkysailRouter      ] - routing path '/webconsole/v1/backend/bundles' -> SkysailCookieAuthenticator -> RolesPredicateAuthorizer -> Finder -> JsonBundlesResource
2016-10-21 10:19:50,661 INFO  [i.s.s.u.s.a.SkysailHashedCredentialsMatcher  ] - added entry $2a$12$52R8v2QH3vQRz8NcdtOm5.HhE5tFPZ0T/.MpfUa9rBzOugK.btAHS to credentials hash cache with current timestamp, size now is 1
2016-10-21 10:19:51,493 INFO  [LogService                                   ] - 2016-10-21	10:19:51	0:0:0:0:0:0:0:1	admin	0:0:0:0:0:0:0:1	2018	GET	/	-	200	-	0	1611	http://localhost:2018	Mozilla/5.0 (Macintosh; Intel Mac OS X 10_12_0) AppleWebKit/537.36 (KHTML, like Gecko) Chrome/52.0.2743.116 Safari/537.36	-
2016-10-21 10:19:51,684 INFO  [LogService                                   ] - 2016-10-21	10:19:51	0:0:0:0:0:0:0:1	-	0:0:0:0:0:0:0:1	2018	GET	/static/themes/jstree/style.min.css	-	200	-	0	12	http://localhost:2018	Mozilla/5.0 (Macintosh; Intel Mac OS X 10_12_0) AppleWebKit/537.36 (KHTML, like Gecko) Chrome/52.0.2743.116 Safari/537.36	http://localhost:2018/
2016-10-21 10:19:51,715 INFO  [LogService                                   ] - 2016-10-21	10:19:51	0:0:0:0:0:0:0:1	-	0:0:0:0:0:0:0:1	2018	GET	/static/js/jstree/jstree.min.js	-	200	-	0	5	http://localhost:2018	Mozilla/5.0 (Macintosh; Intel Mac OS X 10_12_0) AppleWebKit/537.36 (KHTML, like Gecko) Chrome/52.0.2743.116 Safari/537.36	http://localhost:2018/
2016-10-21 10:19:51,744 INFO  [LogService                                   ] - 2016-10-21	10:19:51	0:0:0:0:0:0:0:1	-	0:0:0:0:0:0:0:1	2018	GET	/static/img/skysail.logo.png	-	200	-	0	3	http://localhost:2018	Mozilla/5.0 (Macintosh; Intel Mac OS X 10_12_0) AppleWebKit/537.36 (KHTML, like Gecko) Chrome/52.0.2743.116 Safari/537.36	http://localhost:2018/
2016-10-21 10:19:51,759 INFO  [LogService                                   ] - 2016-10-21	10:19:51	0:0:0:0:0:0:0:1	-	0:0:0:0:0:0:0:1	2018	GET	/static/img/silk/page_white_swoosh.png	-	200	-	0	4	http://localhost:2018	Mozilla/5.0 (Macintosh; Intel Mac OS X 10_12_0) AppleWebKit/537.36 (KHTML, like Gecko) Chrome/52.0.2743.116 Safari/537.36	http://localhost:2018/
2016-10-21 10:19:51,892 INFO  [LogService                                   ] - 2016-10-21	10:19:51	0:0:0:0:0:0:0:1	-	0:0:0:0:0:0:0:1	2018	GET	/static/js/mousetrap/mousetrap.min.js	-	200	-	0	103	http://localhost:2018	Mozilla/5.0 (Macintosh; Intel Mac OS X 10_12_0) AppleWebKit/537.36 (KHTML, like Gecko) Chrome/52.0.2743.116 Safari/537.36	http://localhost:2018/
2016-10-21 10:19:52,166 INFO  [LogService                                   ] - 2016-10-21	10:19:52	0:0:0:0:0:0:0:1	-	0:0:0:0:0:0:0:1	2018	GET	/static/themes/jstree/32px.png	-	200	-	0	8	http://localhost:2018	Mozilla/5.0 (Macintosh; Intel Mac OS X 10_12_0) AppleWebKit/537.36 (KHTML, like Gecko) Chrome/52.0.2743.116 Safari/537.36	http://localhost:2018/static/themes/jstree/style.min.css
2016-10-21 10:19:52,167 INFO  [LogService                                   ] - 2016-10-21	10:19:52	0:0:0:0:0:0:0:1	-	0:0:0:0:0:0:0:1	2018	GET	/static/themes/jstree/throbber.gif	-	200	-	0	11	http://localhost:2018	Mozilla/5.0 (Macintosh; Intel Mac OS X 10_12_0) AppleWebKit/537.36 (KHTML, like Gecko) Chrome/52.0.2743.116 Safari/537.36	http://localhost:2018/static/themes/jstree/style.min.css
