2016-04-17 14:27:30,978 INFO  [io.skysail.server.app.SkysailApplication     ] - Activating ApplicationModel io.skysail.server.converter.WebappApplication
2016-04-17 14:27:32,375 INFO  [io.skysail.server.http.HttpServer            ] - 
2016-04-17 14:27:32,375 INFO  [io.skysail.server.http.HttpServer            ] - ====================================
2016-04-17 14:27:32,375 INFO  [io.skysail.server.http.HttpServer            ] - Starting skysail server on port 2018
2016-04-17 14:27:32,376 INFO  [io.skysail.server.http.HttpServer            ] - ====================================
2016-04-17 14:27:32,376 INFO  [io.skysail.server.http.HttpServer            ] - 
2016-04-17 14:27:32,408 INFO  [org.restlet                                  ] - Starting the Jetty [HTTP/1.1] server on port 2018
2016-04-17 14:27:32,566 INFO  [io.skysail.server.app.SkysailApplication     ] - Activating ApplicationModel de.twenty11.skysail.server.webapp.internal.WebappApplication
2016-04-17 14:27:32,588 INFO  [io.skysail.server.app.SkysailApplication     ] - Activating ApplicationModel io.skysail.server.text.store.bundleresource.impl.I18nApplication
2016-04-17 14:27:32,642 INFO  [i.s.s.u.v.filebased.FilebasedVerifier        ] - activating verifier io.skysail.server.um.verifier.filebased.FilebasedVerifier
2016-04-17 14:27:32,644 WARN  [i.s.s.u.v.filebased.FilebasedVerifier        ] - creating default configuration for usermanagement as no configuration was provided (yet)!
2016-04-17 14:27:32,665 INFO  [i.s.s.u.h.HttpBasicUserManagementProvider    ] - user management provider: activating provider 'io.skysail.server.um.httpbasic.HttpBasicUserManagementProvider'
2016-04-17 14:27:32,669 INFO  [io.skysail.server.app.ServiceList            ] - USER MANAGEMENT PROVIDER: setting provider to 'io.skysail.server.um.httpbasic.HttpBasicUserManagementProvider'
2016-04-17 14:27:32,688 INFO  [io.skysail.server.app.ServiceList            ] - USER MANAGEMENT PROVIDER: unsetting provider 'io.skysail.server.um.httpbasic.HttpBasicUserManagementProvider'
2016-04-17 14:27:32,697 INFO  [i.s.s.u.h.HttpBasicUserManagementProvider    ] - user management provider: deactivating provider 'io.skysail.server.um.httpbasic.HttpBasicUserManagementProvider'
2016-04-17 14:27:32,699 INFO  [i.s.s.u.v.filebased.FilebasedVerifier        ] - deactivating verifier io.skysail.server.um.verifier.filebased.FilebasedVerifier
2016-04-17 14:27:32,702 INFO  [i.s.s.u.v.filebased.FilebasedVerifier        ] - activating verifier io.skysail.server.um.verifier.filebased.FilebasedVerifier
2016-04-17 14:27:32,711 INFO  [i.s.s.u.h.HttpBasicUserManagementProvider    ] - user management provider: activating provider 'io.skysail.server.um.httpbasic.HttpBasicUserManagementProvider'
2016-04-17 14:27:32,712 INFO  [io.skysail.server.app.ServiceList            ] - USER MANAGEMENT PROVIDER: setting provider to 'io.skysail.server.um.httpbasic.HttpBasicUserManagementProvider'
2016-04-17 14:27:32,744 INFO  [io.skysail.server.app.SkysailApplication     ] - Activating ApplicationModel io.skysail.server.app.demo.DemoApplication
2016-04-17 14:27:33,013 INFO  [i.s.c.testsupport.TestsupportTestBase        ] - 
2016-04-17 14:27:33,015 INFO  [i.s.c.testsupport.TestsupportTestBase        ] - --------------------------------------------
2016-04-17 14:27:33,016 INFO  [i.s.c.testsupport.TestsupportTestBase        ] -  > TEST: running test 'create_and_read_entity'
2016-04-17 14:27:33,022 INFO  [i.s.c.testsupport.TestsupportTestBase        ] - --------------------------------------------
2016-04-17 14:27:33,025 INFO  [i.s.c.testsupport.TestsupportTestBase        ] - 
2016-04-17 14:27:33,027 INFO  [i.s.c.testsupport.TestsupportTestBase        ] - setting up test case...
2016-04-17 14:27:33,028 INFO  [i.s.c.testsupport.TestsupportTestBase        ] - setting test port to 2018
2016-04-17 14:27:33,029 INFO  [i.s.c.testsupport.ApplicationBrowser         ] -  > TEST: creating new browser client with url 'http://localhost:2018' for Application 'demoapp' and mediaType 'text/html'
2016-04-17 14:27:33,034 INFO  [i.s.server.app.demo.it.BookmarksBrowser      ] -  > TEST: creating new Entity Bookmark(id=null, name=Bookmark_4vifnqop37i21pqr041fjmb7c1)
2016-04-17 14:27:33,036 INFO  [i.s.c.testsupport.ApplicationBrowser         ] -  > TEST: logging in as user 'admin'
2016-04-17 14:27:33,239 INFO  [org.restlet                                  ] - Starting a Jetty HTTP/HTTPS client
2016-04-17 14:27:33,390 INFO  [o.r.S.I.SkysailRootApplication               ] - Starting io.skysail.server.app.SkysailRootApplication application
2016-04-17 14:27:33,396 INFO  [io.skysail.server.app.SkysailApplication     ] - creating new Router in io.skysail.server.app.SkysailRootApplication
2016-04-17 14:27:33,398 INFO  [io.skysail.server.app.SkysailApplication     ] - adding extensions to metadata service
2016-04-17 14:27:33,398 INFO  [io.skysail.server.app.SkysailApplication     ] - adding protocols
2016-04-17 14:27:33,401 INFO  [d.t.s.server.core.restlet.SkysailRouter      ] - routing path '/' -> 'de.twenty11.skysail.server.resources.DefaultResource'
2016-04-17 14:27:33,402 WARN  [d.t.s.server.core.restlet.SkysailRouter      ] - please use a RouteBuilder to attach this resource: class de.twenty11.skysail.server.resources.DefaultResource
2016-04-17 14:27:33,403 INFO  [d.t.s.server.core.restlet.SkysailRouter      ] - routing path '/_login' -> 'de.twenty11.skysail.server.resources.LoginResource'
2016-04-17 14:27:33,403 WARN  [d.t.s.server.core.restlet.SkysailRouter      ] - please use a RouteBuilder to attach this resource: class de.twenty11.skysail.server.resources.LoginResource
2016-04-17 14:27:33,406 INFO  [i.s.s.security.config.SecurityConfig         ] - matched authenticators against path '/_httpbasic', found 'ChallengeAuthenticator'
2016-04-17 14:27:33,406 INFO  [d.t.s.server.core.restlet.SkysailRouter      ] - routing path '/_httpbasic' -> ChallengeAuthenticator -> RolesPredicateAuthorizer -> Finder -> HttpBasicLoginPage
2016-04-17 14:27:33,486 INFO  [i.s.s.security.config.SecurityConfig         ] - matched authenticators against path '/_httpdigest', found 'NeverAuthenticatedAuthenticator'
2016-04-17 14:27:33,487 INFO  [d.t.s.server.core.restlet.SkysailRouter      ] - routing path '/_httpdigest' -> NeverAuthenticatedAuthenticator -> RolesPredicateAuthorizer -> Finder -> HttpDigestLoginPage
2016-04-17 14:27:33,492 INFO  [o.r.S.InternalRouter.WebappApplication       ] - Starting io.skysail.server.converter.WebappApplication application
2016-04-17 14:27:33,497 INFO  [o.r.S.InternalRouter.WebappApplication       ] - Starting de.twenty11.skysail.server.webapp.internal.WebappApplication application
2016-04-17 14:27:33,498 INFO  [o.r.S.InternalRouter.I18nApplication         ] - Starting io.skysail.server.text.store.bundleresource.impl.I18nApplication application
2016-04-17 14:27:33,500 INFO  [io.skysail.server.app.SkysailApplication     ] - creating new Router in io.skysail.server.text.store.bundleresource.impl.I18nApplication
2016-04-17 14:27:33,500 INFO  [io.skysail.server.app.SkysailApplication     ] - adding extensions to metadata service
2016-04-17 14:27:33,500 INFO  [io.skysail.server.app.SkysailApplication     ] - adding protocols
2016-04-17 14:27:33,501 INFO  [i.s.s.security.config.SecurityConfig         ] - matched authenticators against path '/v1', found 'NeverAuthenticatedAuthenticator'
2016-04-17 14:27:33,501 INFO  [d.t.s.server.core.restlet.SkysailRouter      ] - routing path '/v1' -> NeverAuthenticatedAuthenticator -> RolesPredicateAuthorizer -> Finder -> I18nRootResource
2016-04-17 14:27:33,507 INFO  [i.s.s.security.config.SecurityConfig         ] - matched authenticators against path '/v1/messages/', found 'NeverAuthenticatedAuthenticator'
2016-04-17 14:27:33,507 INFO  [d.t.s.server.core.restlet.SkysailRouter      ] - routing path '/v1/messages/' -> NeverAuthenticatedAuthenticator -> RolesPredicateAuthorizer -> Finder -> MessagesResource
2016-04-17 14:27:33,509 INFO  [i.s.s.security.config.SecurityConfig         ] - matched authenticators against path '/v1/messages/{key}', found 'NeverAuthenticatedAuthenticator'
2016-04-17 14:27:33,510 INFO  [d.t.s.server.core.restlet.SkysailRouter      ] - routing path '/v1/messages/{key}' -> NeverAuthenticatedAuthenticator -> RolesPredicateAuthorizer -> Finder -> MessageResource
2016-04-17 14:27:33,515 INFO  [i.s.s.security.config.SecurityConfig         ] - matched authenticators against path '/v1/messages/{key}/', found 'NeverAuthenticatedAuthenticator'
2016-04-17 14:27:33,516 INFO  [d.t.s.server.core.restlet.SkysailRouter      ] - routing path '/v1/messages/{key}/' -> NeverAuthenticatedAuthenticator -> RolesPredicateAuthorizer -> Finder -> PutMessageResource
2016-04-17 14:27:33,519 INFO  [i.s.s.security.config.SecurityConfig         ] - matched authenticators against path '/v1/messages/{key}/{fieldname}/', found 'NeverAuthenticatedAuthenticator'
2016-04-17 14:27:33,519 INFO  [d.t.s.server.core.restlet.SkysailRouter      ] - routing path '/v1/messages/{key}/{fieldname}/' -> NeverAuthenticatedAuthenticator -> RolesPredicateAuthorizer -> Finder -> PatchMessageResource
2016-04-17 14:27:33,521 INFO  [o.r.S.InternalRouter.DemoApplication         ] - Starting io.skysail.server.app.demo.DemoApplication application
2016-04-17 14:27:33,523 INFO  [io.skysail.server.app.SkysailApplication     ] - creating new Router in io.skysail.server.app.demo.DemoApplication
2016-04-17 14:27:33,523 INFO  [io.skysail.server.app.SkysailApplication     ] - adding extensions to metadata service
2016-04-17 14:27:33,523 INFO  [io.skysail.server.app.SkysailApplication     ] - adding protocols
2016-04-17 14:27:33,538 WARN  [io.skysail.server.app.SkysailApplication     ] - there are no entities defined for the applicationModel ApplicationModel: demoapp
Repositories: 
Repositories(repositories={io.skysail.server.app.demo.Bookmark=io.skysail.server.app.demo.DemoRepository@7de9d8d4, io.skysail.server.db.versions.impl.ComponentDbVersion=io.skysail.server.db.versions.impl.VersionsRepository@3c23ef3d, io.skysail.server.app.demo.timetable.Timetable=io.skysail.server.app.demo.timetable.TimetableRepository@6fa64767})

2016-04-17 14:27:33,541 INFO  [i.s.s.security.config.SecurityConfig         ] - matched authenticators against path '/v1/Bookmarks/{id}', found 'ChallengeAuthenticator'
2016-04-17 14:27:33,542 INFO  [d.t.s.server.core.restlet.SkysailRouter      ] - routing path '/v1/Bookmarks/{id}' -> ChallengeAuthenticator -> RolesPredicateAuthorizer -> Finder -> BookmarkResource
2016-04-17 14:27:33,544 INFO  [i.s.s.security.config.SecurityConfig         ] - matched authenticators against path '/v1/Bookmarks/', found 'ChallengeAuthenticator'
2016-04-17 14:27:33,544 INFO  [d.t.s.server.core.restlet.SkysailRouter      ] - routing path '/v1/Bookmarks/' -> ChallengeAuthenticator -> RolesPredicateAuthorizer -> Finder -> PostBookmarkResource
2016-04-17 14:27:33,546 INFO  [i.s.s.security.config.SecurityConfig         ] - matched authenticators against path '/v1/Bookmarks/{id}/', found 'ChallengeAuthenticator'
2016-04-17 14:27:33,546 INFO  [d.t.s.server.core.restlet.SkysailRouter      ] - routing path '/v1/Bookmarks/{id}/' -> ChallengeAuthenticator -> RolesPredicateAuthorizer -> Finder -> PutBookmarkResource
2016-04-17 14:27:33,548 INFO  [i.s.s.security.config.SecurityConfig         ] - matched authenticators against path '/v1/Bookmarks', found 'ChallengeAuthenticator'
2016-04-17 14:27:33,548 INFO  [d.t.s.server.core.restlet.SkysailRouter      ] - routing path '/v1/Bookmarks' -> ChallengeAuthenticator -> RolesPredicateAuthorizer -> Finder -> BookmarksResource
2016-04-17 14:27:33,550 INFO  [i.s.s.security.config.SecurityConfig         ] - matched authenticators against path '/v1', found 'ChallengeAuthenticator'
2016-04-17 14:27:33,550 INFO  [d.t.s.server.core.restlet.SkysailRouter      ] - routing path '/v1' -> ChallengeAuthenticator -> RolesPredicateAuthorizer -> Finder -> BookmarksResource
2016-04-17 14:27:33,551 INFO  [d.t.s.server.core.restlet.SkysailRouter      ] - routing path '/v1/unprotected/times' -> 'io.skysail.server.app.demo.UnprotectedTimesResource'
2016-04-17 14:27:33,551 WARN  [d.t.s.server.core.restlet.SkysailRouter      ] - please use a RouteBuilder to attach this resource: class io.skysail.server.app.demo.UnprotectedTimesResource
2016-04-17 14:27:33,553 INFO  [d.t.s.server.core.restlet.SkysailRouter      ] - routing path '/v1/unprotected/array' -> 'io.skysail.server.app.demo.UnprotectedArrayResource'
2016-04-17 14:27:33,554 WARN  [d.t.s.server.core.restlet.SkysailRouter      ] - please use a RouteBuilder to attach this resource: class io.skysail.server.app.demo.UnprotectedArrayResource
2016-04-17 14:27:33,556 INFO  [i.s.s.security.config.SecurityConfig         ] - matched authenticators against path '/v1/Timetables/{id}', found 'ChallengeAuthenticator'
2016-04-17 14:27:33,557 INFO  [d.t.s.server.core.restlet.SkysailRouter      ] - routing path '/v1/Timetables/{id}' -> ChallengeAuthenticator -> RolesPredicateAuthorizer -> Finder -> TimetableResource
2016-04-17 14:27:33,560 INFO  [i.s.s.security.config.SecurityConfig         ] - matched authenticators against path '/v1/Timetables/', found 'ChallengeAuthenticator'
2016-04-17 14:27:33,561 INFO  [d.t.s.server.core.restlet.SkysailRouter      ] - routing path '/v1/Timetables/' -> ChallengeAuthenticator -> RolesPredicateAuthorizer -> Finder -> PostTimetableResource
2016-04-17 14:27:33,563 INFO  [i.s.s.security.config.SecurityConfig         ] - matched authenticators against path '/v1/Timetables/{id}/', found 'ChallengeAuthenticator'
2016-04-17 14:27:33,564 INFO  [d.t.s.server.core.restlet.SkysailRouter      ] - routing path '/v1/Timetables/{id}/' -> ChallengeAuthenticator -> RolesPredicateAuthorizer -> Finder -> PutTimetableResource
2016-04-17 14:27:33,566 INFO  [i.s.s.security.config.SecurityConfig         ] - matched authenticators against path '/v1/Timetables', found 'ChallengeAuthenticator'
2016-04-17 14:27:33,566 INFO  [d.t.s.server.core.restlet.SkysailRouter      ] - routing path '/v1/Timetables' -> ChallengeAuthenticator -> RolesPredicateAuthorizer -> Finder -> TimetablesResource
2016-04-17 14:27:33,573 INFO  [i.s.s.security.config.SecurityConfig         ] - matched authenticators against path '/v1', found 'ChallengeAuthenticator'
2016-04-17 14:27:33,573 INFO  [d.t.s.server.core.restlet.SkysailRouter      ] - routing path '/v1' -> ChallengeAuthenticator -> RolesPredicateAuthorizer -> Finder -> TimetablesResource
2016-04-17 14:27:33,574 INFO  [i.s.s.security.config.SecurityConfig         ] - matched authenticators against path '/v1/Timetables/{id}/Courses', found 'ChallengeAuthenticator'
2016-04-17 14:27:33,575 INFO  [d.t.s.server.core.restlet.SkysailRouter      ] - routing path '/v1/Timetables/{id}/Courses' -> ChallengeAuthenticator -> RolesPredicateAuthorizer -> Finder -> TimetablesCoursesResource
2016-04-17 14:27:33,577 INFO  [i.s.s.security.config.SecurityConfig         ] - matched authenticators against path '/v1/Timetables/{id}/Courses/', found 'ChallengeAuthenticator'
2016-04-17 14:27:33,579 INFO  [d.t.s.server.core.restlet.SkysailRouter      ] - routing path '/v1/Timetables/{id}/Courses/' -> ChallengeAuthenticator -> RolesPredicateAuthorizer -> Finder -> PostTimetableToNewCourseRelationResource
2016-04-17 14:27:33,586 INFO  [i.s.s.security.config.SecurityConfig         ] - matched authenticators against path '/v1/Timetables/{id}/Courses/{targetId}', found 'ChallengeAuthenticator'
2016-04-17 14:27:33,589 INFO  [d.t.s.server.core.restlet.SkysailRouter      ] - routing path '/v1/Timetables/{id}/Courses/{targetId}' -> ChallengeAuthenticator -> RolesPredicateAuthorizer -> Finder -> TimetablesCourseResource
2016-04-17 14:27:33,601 INFO  [i.s.s.security.config.SecurityConfig         ] - matched authenticators against path '/v1/Courses/{id}', found 'ChallengeAuthenticator'
2016-04-17 14:27:33,604 INFO  [d.t.s.server.core.restlet.SkysailRouter      ] - routing path '/v1/Courses/{id}' -> ChallengeAuthenticator -> RolesPredicateAuthorizer -> Finder -> CourseResourceGen
2016-04-17 14:27:33,606 INFO  [i.s.s.security.config.SecurityConfig         ] - matched authenticators against path '/v1/Courses/{id}/', found 'ChallengeAuthenticator'
2016-04-17 14:27:33,606 INFO  [d.t.s.server.core.restlet.SkysailRouter      ] - routing path '/v1/Courses/{id}/' -> ChallengeAuthenticator -> RolesPredicateAuthorizer -> Finder -> PutCourseResourceGen
2016-04-17 14:27:33,994 INFO  [i.s.s.stringtemplate.STGroupBundleDir        ] - found resource in skysail.server.converter: bundle://82.0:1/templates/bootstrap/index.st
2016-04-17 14:27:34,484 INFO  [i.s.s.stringtemplate.STGroupBundleDir        ] - found resource in skysail.server.converter: bundle://82.0:1/templates/bootstrap/contentHeader.st
2016-04-17 14:27:34,628 INFO  [LogService                                   ] - 2016-04-17	14:27:34	127.0.0.1	admin	127.0.0.1	2018	GET	/_httpbasic	-	200	-	0	1004	http://localhost:2018	Restlet-Framework/2.3.4	-
2016-04-17 14:27:34,661 INFO  [i.s.client.testsupport.ApplicationClient     ] -  > TEST: issuing GET on 'http://localhost:2018/', providing credentials null
2016-04-17 14:27:34,675 INFO  [org.restlet                                  ] - Starting a Jetty HTTP/HTTPS client
2016-04-17 14:27:34,704 INFO  [i.s.s.r.resources.ListServerResource         ] - Request entry point: DefaultResource @Get([application/json])
2016-04-17 14:27:34,739 INFO  [LogService                                   ] - 2016-04-17	14:27:34	127.0.0.1	admin	127.0.0.1	2018	GET	/	-	200	-	0	54	http://localhost:2018	Restlet-Framework/2.3.4	-
2016-04-17 14:27:34,771 INFO  [org.restlet                                  ] - Starting a Jetty HTTP/HTTPS client
2016-04-17 14:27:34,786 INFO  [i.s.s.r.resources.ListServerResource         ] - Request entry point: BookmarksResource @Get([application/json])
2016-04-17 14:27:34,820 WARN  [io.skysail.server.utils.LinkUtils            ] - problem with linkheader for resource RamlClientResource; no routeBuilder was found.
2016-04-17 14:27:34,826 INFO  [LogService                                   ] - 2016-04-17	14:27:34	127.0.0.1	admin	127.0.0.1	2018	GET	/demoapp/v1	-	200	-	0	48	http://localhost:2018	Restlet-Framework/2.3.4	-
2016-04-17 14:27:34,832 INFO  [org.restlet                                  ] - Starting a Jetty HTTP/HTTPS client
2016-04-17 14:27:34,852 INFO  [i.s.s.r.r.PostEntityServerResource           ] - Request entry point: PostBookmarkResource @Get('json')
2016-04-17 14:27:34,856 INFO  [LogService                                   ] - 2016-04-17	14:27:34	127.0.0.1	admin	127.0.0.1	2018	GET	/demoapp/v1/Bookmarks/	-	200	-	0	10	http://localhost:2018	Restlet-Framework/2.3.4	-
2016-04-17 14:27:34,863 INFO  [i.s.client.testsupport.ApplicationClient     ] -  > TEST: issuing POST on 'http://localhost:2018/demoapp/v1/Bookmarks/', providing credentials null
2016-04-17 14:27:34,866 INFO  [org.restlet                                  ] - Starting a Jetty HTTP/HTTPS client
2016-04-17 14:27:34,882 INFO  [i.s.s.r.r.PostEntityServerResource           ] - Request entry point: PostBookmarkResource @Post('x-www-form-urlencoded:html|json|xml')
2016-04-17 14:27:34,882 INFO  [i.s.s.r.r.PostEntityServerResource           ] - calling post(Form), media types '[application/json:1.0]'
2016-04-17 14:27:35,166 INFO  [i.s.s.stringtemplate.STGroupBundleDir        ] - found resource in skysail.server.converter: bundle://82.0:1/templates/bootstrap/index.st
2016-04-17 14:27:35,281 INFO  [org.restlet                                  ] - Stopping a Jetty HTTP/HTTPS client
2016-04-17 14:27:35,305 INFO  [org.restlet                                  ] - Stopping a Jetty HTTP/HTTPS client
2016-04-17 14:27:35,315 INFO  [org.restlet                                  ] - Stopping a Jetty HTTP/HTTPS client
2016-04-17 14:27:35,523 INFO  [i.s.s.stringtemplate.STGroupBundleDir        ] - found resource in skysail.server.converter: bundle://82.0:1/templates/bootstrap/contentHeader.st
2016-04-17 14:27:35,588 INFO  [LogService                                   ] - 2016-04-17	14:27:35	127.0.0.1	admin	127.0.0.1	2018	POST	/v1/Bookmarks/v%28io_skysail_server_app_demo_Bookmark%29%5B14%3A0%5D	-	201	-	40	713	http://localhost:2018	Restlet-Framework/2.3.4	-
2016-04-17 14:27:35,593 INFO  [i.s.server.app.demo.it.BookmarksBrowser      ] -  > TEST: getting Entities
2016-04-17 14:27:35,593 INFO  [i.s.c.testsupport.ApplicationBrowser         ] -  > TEST: logging in as user 'admin'
2016-04-17 14:27:35,596 INFO  [org.restlet                                  ] - Starting a Jetty HTTP/HTTPS client
2016-04-17 14:27:35,620 INFO  [i.s.s.stringtemplate.STGroupBundleDir        ] - found resource in skysail.server.converter: bundle://82.0:1/templates/bootstrap/index.st
2016-04-17 14:27:35,836 INFO  [i.s.s.stringtemplate.STGroupBundleDir        ] - found resource in skysail.server.converter: bundle://82.0:1/templates/bootstrap/contentHeader.st
2016-04-17 14:27:35,905 INFO  [LogService                                   ] - 2016-04-17	14:27:35	127.0.0.1	admin	127.0.0.1	2018	GET	/_httpbasic	-	200	-	0	298	http://localhost:2018	Restlet-Framework/2.3.4	-
2016-04-17 14:27:35,910 INFO  [i.s.client.testsupport.ApplicationClient     ] -  > TEST: issuing GET on 'http://localhost:2018/', providing credentials null
2016-04-17 14:27:35,912 INFO  [org.restlet                                  ] - Starting a Jetty HTTP/HTTPS client
2016-04-17 14:27:35,920 INFO  [i.s.s.r.resources.ListServerResource         ] - Request entry point: DefaultResource @Get([application/json])
2016-04-17 14:27:35,921 INFO  [LogService                                   ] - 2016-04-17	14:27:35	127.0.0.1	admin	127.0.0.1	2018	GET	/	-	200	-	0	3	http://localhost:2018	Restlet-Framework/2.3.4	-
2016-04-17 14:27:35,927 INFO  [org.restlet                                  ] - Starting a Jetty HTTP/HTTPS client
2016-04-17 14:27:35,935 INFO  [i.s.s.r.resources.ListServerResource         ] - Request entry point: BookmarksResource @Get([application/json])
2016-04-17 14:27:35,967 WARN  [io.skysail.server.utils.LinkUtils            ] - problem with linkheader for resource RamlClientResource; no routeBuilder was found.
2016-04-17 14:27:35,979 INFO  [LogService                                   ] - 2016-04-17	14:27:35	127.0.0.1	admin	127.0.0.1	2018	GET	/demoapp/v1	-	200	-	0	47	http://localhost:2018	Restlet-Framework/2.3.4	-
2016-04-17 14:27:35,989 INFO  [i.s.c.testsupport.TestsupportTestBase        ] - 
2016-04-17 14:27:35,989 INFO  [i.s.c.testsupport.TestsupportTestBase        ] - --------------------------------------------
2016-04-17 14:27:35,989 INFO  [i.s.c.testsupport.TestsupportTestBase        ] -  > TEST: running test 'read_entity_unauthenticated'
2016-04-17 14:27:35,989 INFO  [i.s.c.testsupport.TestsupportTestBase        ] - --------------------------------------------
2016-04-17 14:27:35,989 INFO  [i.s.c.testsupport.TestsupportTestBase        ] - 
2016-04-17 14:27:35,990 INFO  [i.s.c.testsupport.TestsupportTestBase        ] - setting up test case...
2016-04-17 14:27:35,990 INFO  [i.s.c.testsupport.TestsupportTestBase        ] - setting test port to 2018
2016-04-17 14:27:35,991 INFO  [i.s.c.testsupport.ApplicationBrowser         ] -  > TEST: creating new browser client with url 'http://localhost:2018' for Application 'demoapp' and mediaType 'text/html'
2016-04-17 14:27:35,991 INFO  [i.s.s.a.d.i.h.UnprotectedResourceBrowser     ] -  > TEST: getting Entities
2016-04-17 14:27:35,991 INFO  [i.s.client.testsupport.ApplicationClient     ] -  > TEST: issuing GET on 'http://localhost:2018/demoapp/v1/unprotected/times', providing credentials null
2016-04-17 14:27:35,994 INFO  [org.restlet                                  ] - Starting a Jetty HTTP/HTTPS client
2016-04-17 14:27:36,006 INFO  [i.s.s.r.resources.ListServerResource         ] - Request entry point: UnprotectedTimesResource @Get([application/json])
2016-04-17 14:27:36,008 INFO  [LogService                                   ] - 2016-04-17	14:27:36	127.0.0.1	-	127.0.0.1	2018	GET	/demoapp/v1/unprotected/times	-	200	-	0	5	http://localhost:2018	Restlet-Framework/2.3.4	-
2016-04-17 14:27:36,292 INFO  [org.restlet                                  ] - Stopping a Jetty HTTP/HTTPS client
