#
# A fatal error has been detected by the Java Runtime Environment:
#
#  SIGSEGV (0xb) at pc=0x00000001068462c8, pid=61988, tid=16899
#
# JRE version: Java(TM) SE Runtime Environment (8.0_74-b02) (build 1.8.0_74-b02)
# Java VM: Java HotSpot(TM) 64-Bit Server VM (25.74-b02 mixed mode bsd-amd64 compressed oops)
# Problematic frame:
# V  [libjvm.dylib+0x4462c8]
#
# Failed to write core dump. Core dumps have been disabled. To enable core dumping, try "ulimit -c unlimited" before starting Java again
#
# If you would like to submit a bug report, please visit:
#   http://bugreport.java.com/bugreport/crash.jsp
#

---------------  T H R E A D  ---------------

Current thread (0x00007fa19403a000):  JavaThread "JDWP Transport Listener: dt_socket" daemon [_thread_in_vm, id=16899, stack(0x0000700000ab8000,0x0000700000bb8000)]

siginfo: si_signo: 11 (SIGSEGV), si_code: 0 (unknown), si_addr: 0x0000000000000000

Registers:
RAX=0x0000000000000001, RBX=0x0000700000bb7a8b, RCX=0x0000000106c15340, RDX=0x0000700000bb7a8b
RSP=0x0000700000bb79d0, RBP=0x0000700000bb79e0, RSI=0x00007fa19403a000, RDI=0x656c626169666964
R8 =0x0000000000000000, R9 =0x00007fa19499c470, R10=0x0000000052c6cdae, R11=0x00007fa192700000
R12=0x00007fa19403a000, R13=0x656c626169666964, R14=0x656c626169666964, R15=0x00007fa192514120
RIP=0x00000001068462c8, EFLAGS=0x0000000000010202, ERR=0x0000000000000000
  TRAPNO=0x000000000000000d

Top of Stack: (sp=0x0000700000bb79d0)
0x0000700000bb79d0:   0000700000bb7a8b 0000700000bb7a8b
0x0000700000bb79e0:   0000700000bb7a40 00000001067552fe
0x0000700000bb79f0:   00007fa19403a000 0000000000000000
0x0000700000bb7a00:   0000000000000000 0000000000000000
0x0000700000bb7a10:   00007fa19403a000 00007fa19403a000
0x0000700000bb7a20:   0000700000bb7a8b 0000700000bb7a90
0x0000700000bb7a30:   656c626169666964 0000000000000008
0x0000700000bb7a40:   0000700000bb7a60 0000000105b77780
0x0000700000bb7a50:   0000000000000001 0000700000bb7b08
0x0000700000bb7a60:   0000700000bb7ad0 0000000105b5c1f3
0x0000700000bb7a70:   0000700000bb7aa0 00007fa19278b590
0x0000700000bb7a80:   0000000900000032 f000100a01bb7b08
0x0000700000bb7a90:   0000000000000000 0000000000000000
0x0000700000bb7aa0:   0000000000000000 0000700000bb7c90
0x0000700000bb7ab0:   0000000105b7ee7a 00007fa1924302b0
0x0000700000bb7ac0:   0000700000bb7b08 0000000105b8a598
0x0000700000bb7ad0:   0000700000bb7ae0 0000000105b5c2ec
0x0000700000bb7ae0:   0000700000bb7d00 0000000105b65898
0x0000700000bb7af0:   000455ee00000013 00000000000f0200
0x0000700000bb7b00:   00007fa19243e520 00007fa19709ba1f
0x0000700000bb7b10:   00007fa100000291 00007fa19499c450
0x0000700000bb7b20:   000000000000012c 0000700000bb7b58
0x0000700000bb7b30:   00007fa194944b20 0000000000000000
0x0000700000bb7b40:   000455ee0000001c 00007fff0000dc80
0x0000700000bb7b50:   0000700000bb7b58 a17f000009000000
0x0000700000bb7b60:   12000000c86daa94 694c7265646e6572
0x0000700000bb7b70:   694c776569567473 4c28a10000006b6e
0x0000700000bb7b80:   6e616c2f6176616a 676e697274532f67
0x0000700000bb7b90:   796b732f6f694c3b 7265732f6c696173
0x0000700000bb7ba0:   616d6f642f726576 432f6d766a2f6e69
0x0000700000bb7bb0:   6c6569467373616c 4c3b6c65646f4d64
0x0000700000bb7bc0:   6e616c2f6176616a 7463656a624f2f67 

Instructions: (pc=0x00000001068462c8)
0x00000001068462a8:   40 48 48 85 c0 75 e0 30 c0 0f b6 c0 5d c3 31 c0
0x00000001068462b8:   5d c3 55 48 89 e5 53 48 83 ec 08 48 85 ff 74 24
0x00000001068462c8:   48 8b 1f 48 85 db 74 1c 48 83 fb 37 74 16 48 8b
0x00000001068462d8:   03 48 89 df ff 50 10 84 c0 b8 00 00 00 00 48 0f 

Register to memory mapping:

RAX=0x0000000000000001 is an unknown value
RBX=0x0000700000bb7a8b is pointing into the stack for thread: 0x00007fa19403a000
RCX=0x0000000106c15340: UseMembar+0 in /Library/Java/JavaVirtualMachines/jdk1.8.0_74.jdk/Contents/Home/jre/lib/server/libjvm.dylib at 0x0000000106400000
RDX=0x0000700000bb7a8b is pointing into the stack for thread: 0x00007fa19403a000
RSP=0x0000700000bb79d0 is pointing into the stack for thread: 0x00007fa19403a000
RBP=0x0000700000bb79e0 is pointing into the stack for thread: 0x00007fa19403a000
RSI=0x00007fa19403a000 is a thread
RDI=0x656c626169666964 is an unknown value
R8 =0x0000000000000000 is an unknown value
R9 =0x00007fa19499c470 is an unknown value
R10=0x0000000052c6cdae is an unknown value
R11=0x00007fa192700000 is an unknown value
R12=0x00007fa19403a000 is a thread
R13=0x656c626169666964 is an unknown value
R14=0x656c626169666964 is an unknown value
R15=0x00007fa192514120 is an unknown value


Stack: [0x0000700000ab8000,0x0000700000bb8000],  sp=0x0000700000bb79d0,  free space=1022k
Native frames: (J=compiled Java code, j=interpreted, Vv=VM code, C=native code)
V  [libjvm.dylib+0x4462c8]
V  [libjvm.dylib+0x3552fe]
C  [libjdwp.dylib+0x20780]  isMethodSynthetic+0x63
C  [libjdwp.dylib+0x51f3]  methods1+0x10b
C  [libjdwp.dylib+0x52ec]  methodsWithGeneric+0xe
C  [libjdwp.dylib+0xe898]  debugLoop_run+0x1ce
C  [libjdwp.dylib+0x1f6ba]  attachThread+0x4d
V  [libjvm.dylib+0x39665c]
V  [libjvm.dylib+0x560e03]
V  [libjvm.dylib+0x5624fe]
V  [libjvm.dylib+0x482eda]
C  [libsystem_pthread.dylib+0x399d]  _pthread_body+0x83
C  [libsystem_pthread.dylib+0x391a]  _pthread_body+0x0
C  [libsystem_pthread.dylib+0x1351]  thread_start+0xd
C  0x0000000000000000


---------------  P R O C E S S  ---------------

Java Threads: ( => current thread )
  0x00007fa19804c000 JavaThread "Thread-49" daemon [_thread_blocked, id=47119, stack(0x0000700004669000,0x0000700004769000)]
  0x00007fa198108000 JavaThread "qtp1451387509-90" [_thread_blocked, id=47619, stack(0x000070000476c000,0x000070000486c000)]
  0x00007fa197883000 JavaThread "qtp1451387509-88" [_thread_blocked, id=46595, stack(0x0000700004566000,0x0000700004666000)]
  0x00007fa197070800 JavaThread "HttpClient@1002929508-87-selector-ClientSelectorManager@19f7e8c8/0" [_thread_in_native, id=46083, stack(0x0000700004463000,0x0000700004563000)]
  0x00007fa1980ac800 JavaThread "HttpClient@1002929508-86" [_thread_blocked, id=45571, stack(0x0000700004360000,0x0000700004460000)]
  0x00007fa1963cb000 JavaThread "HttpClient@1002929508-85" [_thread_blocked, id=45059, stack(0x000070000425d000,0x000070000435d000)]
  0x00007fa1963ca800 JavaThread "HttpClient@1002929508-84" [_thread_blocked, id=44547, stack(0x000070000415a000,0x000070000425a000)]
  0x00007fa1970a8000 JavaThread "HttpClient@1002929508-83" [_thread_blocked, id=44035, stack(0x0000700004057000,0x0000700004157000)]
  0x00007fa1980ac000 JavaThread "HttpClient@1002929508-82" [_thread_blocked, id=43523, stack(0x0000700003f54000,0x0000700004054000)]
  0x00007fa1980a7800 JavaThread "HttpClient@1002929508-81" [_thread_blocked, id=43011, stack(0x0000700003e51000,0x0000700003f51000)]
  0x00007fa1963c9800 JavaThread "HttpClient@1002929508-80-selector-ClientSelectorManager@19f7e8c8/1" [_thread_in_native, id=42499, stack(0x0000700003d4e000,0x0000700003e4e000)]
  0x00007fa197820800 JavaThread "HttpClient@1541069299-79" [_thread_blocked, id=41987, stack(0x0000700003c4b000,0x0000700003d4b000)]
  0x00007fa1980af800 JavaThread "HttpClient@1541069299-78" [_thread_blocked, id=41475, stack(0x0000700003b48000,0x0000700003c48000)]
  0x00007fa1980ae800 JavaThread "HttpClient@1541069299-77" [_thread_blocked, id=40963, stack(0x0000700003a45000,0x0000700003b45000)]
  0x00007fa1980a9000 JavaThread "HttpClient@1541069299-76" [_thread_blocked, id=40451, stack(0x0000700003942000,0x0000700003a42000)]
  0x00007fa1963fa800 JavaThread "HttpClient@1541069299-75" [_thread_blocked, id=39939, stack(0x000070000383f000,0x000070000393f000)]
  0x00007fa1980ab000 JavaThread "HttpClient@1541069299-74" [_thread_blocked, id=39427, stack(0x000070000373c000,0x000070000383c000)]
  0x00007fa1964c5000 JavaThread "HttpClient@1541069299-73-selector-ClientSelectorManager@668608d4/1" [_thread_in_native, id=38915, stack(0x0000700003639000,0x0000700003739000)]
  0x00007fa1964c2000 JavaThread "HttpClient@1541069299-72-selector-ClientSelectorManager@668608d4/0" [_thread_in_native, id=13575, stack(0x0000700003536000,0x0000700003636000)]
  0x00007fa19781e000 JavaThread "Scheduler-1685820260" [_thread_blocked, id=5131, stack(0x0000700003433000,0x0000700003533000)]
  0x00007fa195c96800 JavaThread "Scheduler-1292683326" [_thread_blocked, id=38403, stack(0x0000700003330000,0x0000700003430000)]
  0x00007fa197052000 JavaThread "qtp1451387509-68" [_thread_blocked, id=37891, stack(0x000070000322d000,0x000070000332d000)]
  0x00007fa197051800 JavaThread "qtp1451387509-67" [_thread_blocked, id=37379, stack(0x000070000312a000,0x000070000322a000)]
  0x00007fa196401800 JavaThread "qtp1451387509-66" [_thread_blocked, id=36867, stack(0x0000700003027000,0x0000700003127000)]
  0x00007fa19352b800 JavaThread "qtp1451387509-65" [_thread_blocked, id=36355, stack(0x0000700002f24000,0x0000700003024000)]
  0x00007fa1957c3000 JavaThread "qtp1451387509-63-acceptor-0@6ee35981-ServerConnector@6024ba2d{HTTP/1.1}{0.0.0.0:2015}" [_thread_in_native, id=35331, stack(0x0000700002d1e000,0x0000700002e1e000)]
  0x00007fa193e39800 JavaThread "qtp1451387509-62-selector-ServerConnectorManager@38f10afe/1" [_thread_in_native, id=34819, stack(0x0000700002c1b000,0x0000700002d1b000)]
  0x00007fa193530800 JavaThread "qtp1451387509-61-selector-ServerConnectorManager@38f10afe/0" [_thread_in_native, id=34311, stack(0x0000700002b18000,0x0000700002c18000)]
  0x00007fa192f67800 JavaThread "Timer-2" daemon [_thread_blocked, id=33795, stack(0x0000700002a15000,0x0000700002b15000)]
  0x00007fa1935fa800 JavaThread "Timer-1" daemon [_thread_blocked, id=33283, stack(0x0000700002912000,0x0000700002a12000)]
  0x00007fa193ba5800 JavaThread "SCR Component Actor" daemon [_thread_blocked, id=32771, stack(0x000070000280f000,0x000070000290f000)]
  0x00007fa192ac1000 JavaThread "Thread-14" [_thread_blocked, id=32259, stack(0x000070000270c000,0x000070000280c000)]
  0x00007fa193c42000 JavaThread "Gogo shell" [_thread_in_native, id=31747, stack(0x0000700002609000,0x0000700002709000)]
  0x00007fa192ac1800 JavaThread "Thread-13" daemon [_thread_blocked, id=31235, stack(0x0000700002506000,0x0000700002606000)]
  0x00007fa19447e000 JavaThread "Thread-12" daemon [_thread_blocked, id=30723, stack(0x0000700002403000,0x0000700002503000)]
  0x00007fa1928be800 JavaThread "Thread-10" daemon [_thread_blocked, id=30211, stack(0x0000700002300000,0x0000700002400000)]
  0x00007fa1931bc800 JavaThread "Thread-9" daemon [_thread_blocked, id=29699, stack(0x00007000021fd000,0x00007000022fd000)]
  0x00007fa193423000 JavaThread "Thread-8" daemon [_thread_blocked, id=29187, stack(0x00007000020fa000,0x00007000021fa000)]
  0x00007fa193424000 JavaThread "Thread-7" daemon [_thread_blocked, id=28675, stack(0x0000700001ff7000,0x00007000020f7000)]
  0x00007fa192b3c000 JavaThread "Thread-6" daemon [_thread_blocked, id=28167, stack(0x0000700001ef4000,0x0000700001ff4000)]
  0x00007fa193119800 JavaThread "Thread-4" daemon [_thread_blocked, id=27651, stack(0x0000700001df1000,0x0000700001ef1000)]
  0x00007fa193cd7800 JavaThread "Thread-3" daemon [_thread_blocked, id=27139, stack(0x0000700001cee000,0x0000700001dee000)]
  0x00007fa1928bd800 JavaThread "Thread-2" daemon [_thread_blocked, id=26627, stack(0x0000700001beb000,0x0000700001ceb000)]
  0x00007fa193d5b000 JavaThread "fileinstall-config" daemon [_thread_blocked, id=25351, stack(0x0000700001ae8000,0x0000700001be8000)]
  0x00007fa193bff000 JavaThread "Thread-1" daemon [_thread_blocked, id=25607, stack(0x00007000019e5000,0x0000700001ae5000)]
  0x00007fa19444a000 JavaThread "CM Event Dispatcher" daemon [_thread_blocked, id=26375, stack(0x00007000018e2000,0x00007000019e2000)]
  0x00007fa192ac6000 JavaThread "CM Configuration Updater" daemon [_thread_blocked, id=26119, stack(0x00007000017df000,0x00007000018df000)]
  0x00007fa193963000 JavaThread "FelixStartLevel" daemon [_thread_blocked, id=24583, stack(0x00007000016dc000,0x00007000017dc000)]
  0x00007fa193960000 JavaThread "FrameworkWaiter" [_thread_blocked, id=23559, stack(0x00007000015d9000,0x00007000016d9000)]
  0x00007fa19288b000 JavaThread "FelixFrameworkWiring" daemon [_thread_blocked, id=24071, stack(0x00007000014d6000,0x00007000015d6000)]
  0x00007fa193079000 JavaThread "FelixDispatchQueue" [_thread_blocked, id=22531, stack(0x00007000013d3000,0x00007000014d3000)]
  0x00007fa19408f800 JavaThread "Timer-0" daemon [_thread_blocked, id=22031, stack(0x00007000012d0000,0x00007000013d0000)]
  0x00007fa19304b000 JavaThread "Service Thread" daemon [_thread_blocked, id=19971, stack(0x00007000010ca000,0x00007000011ca000)]
  0x00007fa193013800 JavaThread "C1 CompilerThread2" daemon [_thread_blocked, id=19459, stack(0x0000700000fc7000,0x00007000010c7000)]
  0x00007fa19300d000 JavaThread "C2 CompilerThread1" daemon [_thread_blocked, id=18947, stack(0x0000700000ec4000,0x0000700000fc4000)]
  0x00007fa19403c000 JavaThread "C2 CompilerThread0" daemon [_thread_blocked, id=18435, stack(0x0000700000dc1000,0x0000700000ec1000)]
  0x00007fa19403b800 JavaThread "JDWP Command Reader" daemon [_thread_in_native, id=17923, stack(0x0000700000cbe000,0x0000700000dbe000)]
  0x00007fa19403a800 JavaThread "JDWP Event Helper Thread" daemon [_thread_blocked, id=17411, stack(0x0000700000bbb000,0x0000700000cbb000)]
=>0x00007fa19403a000 JavaThread "JDWP Transport Listener: dt_socket" daemon [_thread_in_vm, id=16899, stack(0x0000700000ab8000,0x0000700000bb8000)]
  0x00007fa193000000 JavaThread "Signal Dispatcher" daemon [_thread_blocked, id=12815, stack(0x00007000009b5000,0x0000700000ab5000)]
  0x00007fa194011000 JavaThread "Finalizer" daemon [_thread_blocked, id=12291, stack(0x000070000082f000,0x000070000092f000)]
  0x00007fa19400e800 JavaThread "Reference Handler" daemon [_thread_blocked, id=11779, stack(0x000070000072c000,0x000070000082c000)]
  0x00007fa19300b800 JavaThread "main" [_thread_blocked, id=5891, stack(0x000070000011a000,0x000070000021a000)]

Other Threads:
  0x00007fa19400a000 VMThread [stack: 0x0000700000629000,0x0000700000729000] [id=11267]
  0x00007fa193010000 WatcherThread [stack: 0x00007000011cd000,0x00007000012cd000] [id=20483]

VM state:not at safepoint (normal execution)

VM Mutex/Monitor currently owned by a thread: None

Heap:
 PSYoungGen      total 138240K, used 74677K [0x0000000795580000, 0x000000079f400000, 0x00000007c0000000)
  eden space 133120K, 56% used [0x0000000795580000,0x0000000799e6d628,0x000000079d780000)
  from space 5120K, 0% used [0x000000079d780000,0x000000079d780000,0x000000079dc80000)
  to   space 13312K, 0% used [0x000000079e700000,0x000000079e700000,0x000000079f400000)
 ParOldGen       total 97792K, used 14665K [0x0000000740000000, 0x0000000745f80000, 0x0000000795580000)
  object space 97792K, 14% used [0x0000000740000000,0x0000000740e52618,0x0000000745f80000)
 Metaspace       used 37707K, capacity 40951K, committed 41128K, reserved 1085440K
  class space    used 4497K, capacity 5529K, committed 5552K, reserved 1048576K

Card table byte_map: [0x000000011674f000,0x0000000116b50000] byte_map_base: 0x0000000112d4f000

Marking Bits: (ParMarkBitMap*) 0x0000000106ce3ea0
 Begin Bits: [0x0000000116dfb000, 0x0000000118dfb000)
 End Bits:   [0x0000000118dfb000, 0x000000011adfb000)

Polling page: 0x0000000105b56000

CodeCache: size=245760Kb used=11862Kb max_used=12185Kb free=233898Kb
 bounds [0x000000010738f000, 0x0000000107fcf000, 0x000000011638f000]
 total_blobs=4207 nmethods=3708 adapters=420
 compilation: enabled

Compilation events (10 events):
Event: 101.357 Thread 0x00007fa193013800 4250   !   3       sun.nio.fs.UnixPath::initOffsets (189 bytes)
Event: 101.357 Thread 0x00007fa193013800 nmethod 4250 0x00000001077ee450 code [0x00000001077ee620, 0x00000001077eefd0]
Event: 104.125 Thread 0x00007fa193013800 4251       3       java.util.concurrent.ScheduledThreadPoolExecutor$DelayedWorkQueue::setIndex (16 bytes)
Event: 104.125 Thread 0x00007fa193013800 nmethod 4251 0x00000001074a1690 code [0x00000001074a1800, 0x00000001074a1b70]
Event: 107.137 Thread 0x00007fa193013800 4252   !   3       java.util.concurrent.FutureTask::run (126 bytes)
Event: 107.138 Thread 0x00007fa193013800 nmethod 4252 0x0000000107dec350 code [0x0000000107dec540, 0x0000000107decee8]
Event: 107.138 Thread 0x00007fa193013800 4253       3       java.util.concurrent.FutureTask::set (36 bytes)
Event: 107.138 Thread 0x00007fa193013800 nmethod 4253 0x00000001078b4950 code [0x00000001078b4ac0, 0x00000001078b4ce8]
Event: 110.146 Thread 0x00007fa193013800 4254       1       java.util.concurrent.ThreadPoolExecutor::getQueue (5 bytes)
Event: 110.146 Thread 0x00007fa193013800 nmethod 4254 0x0000000107c10650 code [0x0000000107c107a0, 0x0000000107c108b0]

GC Heap History (10 events):
Event: 2.752 GC heap before
{Heap before GC invocations=3 (full 0):
 PSYoungGen      total 71680K, used 48290K [0x0000000795580000, 0x000000079a080000, 0x00000007c0000000)
  eden space 66560K, 64% used [0x0000000795580000,0x0000000797fb03e8,0x0000000799680000)
  from space 5120K, 99% used [0x0000000799b80000,0x000000079a078740,0x000000079a080000)
  to   space 5120K, 0% used [0x0000000799680000,0x0000000799680000,0x0000000799b80000)
 ParOldGen       total 87552K, used 2917K [0x0000000740000000, 0x0000000745580000, 0x0000000795580000)
  object space 87552K, 3% used [0x0000000740000000,0x00000007402d9598,0x0000000745580000)
 Metaspace       used 19494K, capacity 21153K, committed 21296K, reserved 1067008K
  class space    used 2318K, capacity 2864K, committed 2864K, reserved 1048576K
Event: 2.767 GC heap after
Heap after GC invocations=3 (full 0):
 PSYoungGen      total 71680K, used 5089K [0x0000000795580000, 0x000000079e180000, 0x00000007c0000000)
  eden space 66560K, 0% used [0x0000000795580000,0x0000000795580000,0x0000000799680000)
  from space 5120K, 99% used [0x0000000799680000,0x0000000799b78710,0x0000000799b80000)
  to   space 5120K, 0% used [0x000000079dc80000,0x000000079dc80000,0x000000079e180000)
 ParOldGen       total 87552K, used 10052K [0x0000000740000000, 0x0000000745580000, 0x0000000795580000)
  object space 87552K, 11% used [0x0000000740000000,0x00000007409d10d0,0x0000000745580000)
 Metaspace       used 19494K, capacity 21153K, committed 21296K, reserved 1067008K
  class space    used 2318K, capacity 2864K, committed 2864K, reserved 1048576K
}
Event: 2.767 GC heap before
{Heap before GC invocations=4 (full 1):
 PSYoungGen      total 71680K, used 5089K [0x0000000795580000, 0x000000079e180000, 0x00000007c0000000)
  eden space 66560K, 0% used [0x0000000795580000,0x0000000795580000,0x0000000799680000)
  from space 5120K, 99% used [0x0000000799680000,0x0000000799b78710,0x0000000799b80000)
  to   space 5120K, 0% used [0x000000079dc80000,0x000000079dc80000,0x000000079e180000)
 ParOldGen       total 87552K, used 10052K [0x0000000740000000, 0x0000000745580000, 0x0000000795580000)
  object space 87552K, 11% used [0x0000000740000000,0x00000007409d10d0,0x0000000745580000)
 Metaspace       used 19494K, capacity 21153K, committed 21296K, reserved 1067008K
  class space    used 2318K, capacity 2864K, committed 2864K, reserved 1048576K
Event: 2.818 GC heap after
Heap after GC invocations=4 (full 1):
 PSYoungGen      total 71680K, used 0K [0x0000000795580000, 0x000000079e180000, 0x00000007c0000000)
  eden space 66560K, 0% used [0x0000000795580000,0x0000000795580000,0x0000000799680000)
  from space 5120K, 0% used [0x0000000799680000,0x0000000799680000,0x0000000799b80000)
  to   space 5120K, 0% used [0x000000079dc80000,0x000000079dc80000,0x000000079e180000)
 ParOldGen       total 72704K, used 12557K [0x0000000740000000, 0x0000000744700000, 0x0000000795580000)
  object space 72704K, 17% used [0x0000000740000000,0x0000000740c436b8,0x0000000744700000)
 Metaspace       used 19494K, capacity 21153K, committed 21296K, reserved 1067008K
  class space    used 2318K, capacity 2864K, committed 2864K, reserved 1048576K
}
Event: 16.019 GC heap before
{Heap before GC invocations=5 (full 1):
 PSYoungGen      total 71680K, used 66560K [0x0000000795580000, 0x000000079e180000, 0x00000007c0000000)
  eden space 66560K, 100% used [0x0000000795580000,0x0000000799680000,0x0000000799680000)
  from space 5120K, 0% used [0x0000000799680000,0x0000000799680000,0x0000000799b80000)
  to   space 5120K, 0% used [0x000000079dc80000,0x000000079dc80000,0x000000079e180000)
 ParOldGen       total 72704K, used 12557K [0x0000000740000000, 0x0000000744700000, 0x0000000795580000)
  object space 72704K, 17% used [0x0000000740000000,0x0000000740c436b8,0x0000000744700000)
 Metaspace       used 29439K, capacity 31889K, committed 32176K, reserved 1077248K
  class space    used 3548K, capacity 4216K, committed 4272K, reserved 1048576K
Event: 16.030 GC heap after
Heap after GC invocations=5 (full 1):
 PSYoungGen      total 98304K, used 5117K [0x0000000795580000, 0x000000079e180000, 0x00000007c0000000)
  eden space 93184K, 0% used [0x0000000795580000,0x0000000795580000,0x000000079b080000)
  from space 5120K, 99% used [0x000000079dc80000,0x000000079e17f680,0x000000079e180000)
  to   space 5120K, 0% used [0x000000079d780000,0x000000079d780000,0x000000079dc80000)
 ParOldGen       total 72704K, used 17491K [0x0000000740000000, 0x0000000744700000, 0x0000000795580000)
  object space 72704K, 24% used [0x0000000740000000,0x0000000741114cb8,0x0000000744700000)
 Metaspace       used 29439K, capacity 31889K, committed 32176K, reserved 1077248K
  class space    used 3548K, capacity 4216K, committed 4272K, reserved 1048576K
}
Event: 16.487 GC heap before
{Heap before GC invocations=6 (full 1):
 PSYoungGen      total 98304K, used 29214K [0x0000000795580000, 0x000000079e180000, 0x00000007c0000000)
  eden space 93184K, 25% used [0x0000000795580000,0x0000000796d084c0,0x000000079b080000)
  from space 5120K, 99% used [0x000000079dc80000,0x000000079e17f680,0x000000079e180000)
  to   space 5120K, 0% used [0x000000079d780000,0x000000079d780000,0x000000079dc80000)
 ParOldGen       total 72704K, used 17491K [0x0000000740000000, 0x0000000744700000, 0x0000000795580000)
  object space 72704K, 24% used [0x0000000740000000,0x0000000741114cb8,0x0000000744700000)
 Metaspace       used 32460K, capacity 35261K, committed 35496K, reserved 1079296K
  class space    used 3929K, capacity 4761K, committed 4784K, reserved 1048576K
Event: 16.500 GC heap after
Heap after GC invocations=6 (full 1):
 PSYoungGen      total 138240K, used 5111K [0x0000000795580000, 0x000000079f400000, 0x00000007c0000000)
  eden space 133120K, 0% used [0x0000000795580000,0x0000000795580000,0x000000079d780000)
  from space 5120K, 99% used [0x000000079d780000,0x000000079dc7dc80,0x000000079dc80000)
  to   space 13312K, 0% used [0x000000079e700000,0x000000079e700000,0x000000079f400000)
 ParOldGen       total 72704K, used 19517K [0x0000000740000000, 0x0000000744700000, 0x0000000795580000)
  object space 72704K, 26% used [0x0000000740000000,0x000000074130f608,0x0000000744700000)
 Metaspace       used 32460K, capacity 35261K, committed 35496K, reserved 1079296K
  class space    used 3929K, capacity 4761K, committed 4784K, reserved 1048576K
}
Event: 16.500 GC heap before
{Heap before GC invocations=7 (full 2):
 PSYoungGen      total 138240K, used 5111K [0x0000000795580000, 0x000000079f400000, 0x00000007c0000000)
  eden space 133120K, 0% used [0x0000000795580000,0x0000000795580000,0x000000079d780000)
  from space 5120K, 99% used [0x000000079d780000,0x000000079dc7dc80,0x000000079dc80000)
  to   space 13312K, 0% used [0x000000079e700000,0x000000079e700000,0x000000079f400000)
 ParOldGen       total 72704K, used 19517K [0x0000000740000000, 0x0000000744700000, 0x0000000795580000)
  object space 72704K, 26% used [0x0000000740000000,0x000000074130f608,0x0000000744700000)
 Metaspace       used 32460K, capacity 35261K, committed 35496K, reserved 1079296K
  class space    used 3929K, capacity 4761K, committed 4784K, reserved 1048576K
Event: 16.580 GC heap after
Heap after GC invocations=7 (full 2):
 PSYoungGen      total 138240K, used 0K [0x0000000795580000, 0x000000079f400000, 0x00000007c0000000)
  eden space 133120K, 0% used [0x0000000795580000,0x0000000795580000,0x000000079d780000)
  from space 5120K, 0% used [0x000000079d780000,0x000000079d780000,0x000000079dc80000)
  to   space 13312K, 0% used [0x000000079e700000,0x000000079e700000,0x000000079f400000)
 ParOldGen       total 97792K, used 14665K [0x0000000740000000, 0x0000000745f80000, 0x0000000795580000)
  object space 97792K, 14% used [0x0000000740000000,0x0000000740e52618,0x0000000745f80000)
 Metaspace       used 32460K, capacity 35261K, committed 35496K, reserved 1079296K
  class space    used 3929K, capacity 4761K, committed 4784K, reserved 1048576K
}

Deoptimization events (10 events):
Event: 28.894 Thread 0x00007fa193c02000 Uncommon trap: reason=predicate action=maybe_recompile pc=0x000000010766d4fc method=java.util.AbstractCollection.toArray([Ljava/lang/Object;)[Ljava/lang/Object; @ 49
Event: 28.998 Thread 0x00007fa193c02000 Uncommon trap: reason=array_check action=maybe_recompile pc=0x000000010789c750 method=java.util.AbstractCollection.toArray([Ljava/lang/Object;)[Ljava/lang/Object; @ 119
Event: 28.999 Thread 0x00007fa193c02000 Uncommon trap: reason=array_check action=maybe_recompile pc=0x000000010789c750 method=java.util.AbstractCollection.toArray([Ljava/lang/Object;)[Ljava/lang/Object; @ 119
Event: 28.999 Thread 0x00007fa193c02000 Uncommon trap: reason=array_check action=maybe_recompile pc=0x000000010789c750 method=java.util.AbstractCollection.toArray([Ljava/lang/Object;)[Ljava/lang/Object; @ 119
Event: 28.999 Thread 0x00007fa193c02000 Uncommon trap: reason=array_check action=maybe_recompile pc=0x000000010789c750 method=java.util.AbstractCollection.toArray([Ljava/lang/Object;)[Ljava/lang/Object; @ 119
Event: 29.544 Thread 0x00007fa193c02000 Uncommon trap: reason=class_check action=maybe_recompile pc=0x0000000107d6cf38 method=java.util.regex.Matcher.search(I)Z @ 86
Event: 29.545 Thread 0x00007fa193c02000 Uncommon trap: reason=unstable_if action=reinterpret pc=0x00000001074d07b0 method=sun.nio.cs.UTF_8$Encoder.encode([CII[B)I @ 33
Event: 29.554 Thread 0x00007fa193c02000 Uncommon trap: reason=unstable_if action=reinterpret pc=0x000000010749ce30 method=java.util.Locale.toString()Ljava/lang/String; @ 48
Event: 29.582 Thread 0x00007fa193530800 Uncommon trap: reason=bimorphic action=maybe_recompile pc=0x0000000107d9bdec method=java.util.HashMap.removeNode(ILjava/lang/Object;Ljava/lang/Object;ZZ)Ljava/util/HashMap$Node; @ 68
Event: 29.583 Thread 0x00007fa193530800 Uncommon trap: reason=bimorphic action=maybe_recompile pc=0x0000000107d9bdec method=java.util.HashMap.removeNode(ILjava/lang/Object;Ljava/lang/Object;ZZ)Ljava/util/HashMap$Node; @ 68

Internal exceptions (10 events):
Event: 29.026 Thread 0x00007fa193c02000 Exception <a 'java/io/FileNotFoundException'> (0x0000000797bba5c0) thrown at [/Users/java_re/workspace/8-2-build-macosx-x86_64/jdk8u74/6087/hotspot/src/share/vm/prims/jni.cpp, line 709]
Event: 29.034 Thread 0x00007fa193c02000 Exception <a 'java/io/FileNotFoundException'> (0x0000000797bf9e98) thrown at [/Users/java_re/workspace/8-2-build-macosx-x86_64/jdk8u74/6087/hotspot/src/share/vm/prims/jni.cpp, line 709]
Event: 29.035 Thread 0x00007fa193c02000 Exception <a 'java/io/FileNotFoundException'> (0x0000000797bfcc20) thrown at [/Users/java_re/workspace/8-2-build-macosx-x86_64/jdk8u74/6087/hotspot/src/share/vm/prims/jni.cpp, line 709]
Event: 29.043 Thread 0x00007fa193c02000 Exception <a 'java/io/FileNotFoundException'> (0x0000000797c3c528) thrown at [/Users/java_re/workspace/8-2-build-macosx-x86_64/jdk8u74/6087/hotspot/src/share/vm/prims/jni.cpp, line 709]
Event: 29.051 Thread 0x00007fa193c02000 Exception <a 'java/io/FileNotFoundException'> (0x0000000797c7bdd8) thrown at [/Users/java_re/workspace/8-2-build-macosx-x86_64/jdk8u74/6087/hotspot/src/share/vm/prims/jni.cpp, line 709]
Event: 29.052 Thread 0x00007fa193c02000 Exception <a 'java/io/FileNotFoundException'> (0x0000000797c7eb78) thrown at [/Users/java_re/workspace/8-2-build-macosx-x86_64/jdk8u74/6087/hotspot/src/share/vm/prims/jni.cpp, line 709]
Event: 29.057 Thread 0x00007fa193c02000 Exception <a 'java/io/FileNotFoundException'> (0x0000000797cbe1b8) thrown at [/Users/java_re/workspace/8-2-build-macosx-x86_64/jdk8u74/6087/hotspot/src/share/vm/prims/jni.cpp, line 709]
Event: 29.062 Thread 0x00007fa193c02000 Exception <a 'java/io/FileNotFoundException'> (0x0000000797cfda80) thrown at [/Users/java_re/workspace/8-2-build-macosx-x86_64/jdk8u74/6087/hotspot/src/share/vm/prims/jni.cpp, line 709]
Event: 29.062 Thread 0x00007fa193c02000 Exception <a 'java/io/FileNotFoundException'> (0x0000000797d00828) thrown at [/Users/java_re/workspace/8-2-build-macosx-x86_64/jdk8u74/6087/hotspot/src/share/vm/prims/jni.cpp, line 709]
Event: 29.070 Thread 0x00007fa193c02000 Exception <a 'java/io/FileNotFoundException'> (0x0000000797d40190) thrown at [/Users/java_re/workspace/8-2-build-macosx-x86_64/jdk8u74/6087/hotspot/src/share/vm/prims/jni.cpp, line 709]

Events (10 events):
Event: 72.290 Thread 0x00007fa19804c000 Thread added: 0x00007fa19804c000
Event: 72.796 Executing VM operation: RevokeBias
Event: 72.796 Executing VM operation: RevokeBias done
Event: 72.796 Thread 0x00007fa19804c000 Thread exited: 0x00007fa19804c000
Event: 72.796 Thread 0x00007fa19804c000 Thread added: 0x00007fa19804c000
Event: 73.200 Thread 0x00007fa19408f800 DEOPT PACKING pc=0x0000000107c01958 sp=0x00007000013ceef0
Event: 73.201 Thread 0x00007fa19408f800 DEOPT UNPACKING pc=0x00000001073d6633 sp=0x00007000013cec50 mode 0
Event: 89.583 Thread 0x00007fa193c02000 Thread exited: 0x00007fa193c02000
Event: 110.652 Executing VM operation: RedefineClasses
Event: 110.684 Executing VM operation: RedefineClasses done


Dynamic libraries:
0x0000000003693000 	/System/Library/Frameworks/Cocoa.framework/Versions/A/Cocoa
0x0000000003693000 	/System/Library/Frameworks/Security.framework/Versions/A/Security
0x0000000003693000 	/System/Library/Frameworks/ApplicationServices.framework/Versions/A/ApplicationServices
0x0000000003693000 	/usr/lib/libz.1.dylib
0x0000000003693000 	/usr/lib/libSystem.B.dylib
0x0000000003693000 	/usr/lib/libobjc.A.dylib
0x0000000003693000 	/System/Library/Frameworks/CoreFoundation.framework/Versions/A/CoreFoundation
0x0000000003693000 	/System/Library/Frameworks/Foundation.framework/Versions/C/Foundation
0x0000000003693000 	/System/Library/Frameworks/AppKit.framework/Versions/C/AppKit
0x0000000003693000 	/System/Library/Frameworks/CoreData.framework/Versions/A/CoreData
0x0000000003693000 	/System/Library/PrivateFrameworks/RemoteViewServices.framework/Versions/A/RemoteViewServices
0x0000000003693000 	/System/Library/PrivateFrameworks/UIFoundation.framework/Versions/A/UIFoundation
0x0000000003693000 	/usr/lib/libScreenReader.dylib
0x0000000003693000 	/System/Library/Frameworks/Accelerate.framework/Versions/A/Accelerate
0x0000000003693000 	/System/Library/Frameworks/IOSurface.framework/Versions/A/IOSurface
0x0000000003693000 	/System/Library/Frameworks/AudioToolbox.framework/Versions/A/AudioToolbox
0x0000000003693000 	/System/Library/Frameworks/AudioUnit.framework/Versions/A/AudioUnit
0x0000000003693000 	/System/Library/PrivateFrameworks/DataDetectorsCore.framework/Versions/A/DataDetectorsCore
0x0000000003693000 	/System/Library/PrivateFrameworks/DesktopServicesPriv.framework/Versions/A/DesktopServicesPriv
0x0000000003693000 	/System/Library/Frameworks/Carbon.framework/Versions/A/Frameworks/HIToolbox.framework/Versions/A/HIToolbox
0x0000000003693000 	/System/Library/Frameworks/QuartzCore.framework/Versions/A/QuartzCore
0x0000000003693000 	/System/Library/Frameworks/Carbon.framework/Versions/A/Frameworks/SpeechRecognition.framework/Versions/A/SpeechRecognition
0x0000000003693000 	/usr/lib/libauto.dylib
0x0000000003693000 	/usr/lib/libicucore.A.dylib
0x0000000003693000 	/usr/lib/libxml2.2.dylib
0x0000000003693000 	/System/Library/PrivateFrameworks/CoreUI.framework/Versions/A/CoreUI
0x0000000003693000 	/System/Library/Frameworks/CoreAudio.framework/Versions/A/CoreAudio
0x0000000003693000 	/System/Library/Frameworks/DiskArbitration.framework/Versions/A/DiskArbitration
0x0000000003693000 	/usr/lib/liblangid.dylib
0x0000000003693000 	/System/Library/PrivateFrameworks/MultitouchSupport.framework/Versions/A/MultitouchSupport
0x0000000003693000 	/System/Library/Frameworks/IOKit.framework/Versions/A/IOKit
0x0000000003693000 	/usr/lib/libDiagnosticMessagesClient.dylib
0x0000000003693000 	/System/Library/Frameworks/CoreServices.framework/Versions/A/CoreServices
0x0000000003693000 	/System/Library/PrivateFrameworks/PerformanceAnalysis.framework/Versions/A/PerformanceAnalysis
0x0000000003693000 	/System/Library/PrivateFrameworks/GenerationalStorage.framework/Versions/A/GenerationalStorage
0x0000000003693000 	/System/Library/Frameworks/OpenGL.framework/Versions/A/OpenGL
0x0000000003693000 	/System/Library/PrivateFrameworks/Sharing.framework/Versions/A/Sharing
0x0000000003693000 	/System/Library/Frameworks/CoreGraphics.framework/Versions/A/CoreGraphics
0x0000000003693000 	/System/Library/Frameworks/CoreImage.framework/Versions/A/CoreImage
0x0000000003693000 	/System/Library/Frameworks/CoreText.framework/Versions/A/CoreText
0x0000000003693000 	/System/Library/Frameworks/ImageIO.framework/Versions/A/ImageIO
0x0000000003693000 	/System/Library/PrivateFrameworks/Backup.framework/Versions/A/Backup
0x0000000003693000 	/usr/lib/libextension.dylib
0x0000000003693000 	/usr/lib/libarchive.2.dylib
0x0000000003693000 	/System/Library/Frameworks/CFNetwork.framework/Versions/A/CFNetwork
0x0000000003693000 	/System/Library/Frameworks/SystemConfiguration.framework/Versions/A/SystemConfiguration
0x0000000003693000 	/usr/lib/libCRFSuite.dylib
0x0000000003693000 	/usr/lib/libc++.1.dylib
0x0000000003693000 	/usr/lib/libc++abi.dylib
0x0000000003693000 	/usr/lib/system/libcache.dylib
0x0000000003693000 	/usr/lib/system/libcommonCrypto.dylib
0x0000000003693000 	/usr/lib/system/libcompiler_rt.dylib
0x0000000003693000 	/usr/lib/system/libcopyfile.dylib
0x0000000003693000 	/usr/lib/system/libcorecrypto.dylib
0x0000000003693000 	/usr/lib/system/libdispatch.dylib
0x0000000003693000 	/usr/lib/system/libdyld.dylib
0x0000000003693000 	/usr/lib/system/libkeymgr.dylib
0x0000000003693000 	/usr/lib/system/liblaunch.dylib
0x0000000003693000 	/usr/lib/system/libmacho.dylib
0x0000000003693000 	/usr/lib/system/libquarantine.dylib
0x0000000003693000 	/usr/lib/system/libremovefile.dylib
0x0000000003693000 	/usr/lib/system/libsystem_asl.dylib
0x0000000003693000 	/usr/lib/system/libsystem_blocks.dylib
0x0000000003693000 	/usr/lib/system/libsystem_c.dylib
0x0000000003693000 	/usr/lib/system/libsystem_configuration.dylib
0x0000000003693000 	/usr/lib/system/libsystem_coreservices.dylib
0x0000000003693000 	/usr/lib/system/libsystem_coretls.dylib
0x0000000003693000 	/usr/lib/system/libsystem_dnssd.dylib
0x0000000003693000 	/usr/lib/system/libsystem_info.dylib
0x0000000003693000 	/usr/lib/system/libsystem_kernel.dylib
0x0000000003693000 	/usr/lib/system/libsystem_m.dylib
0x0000000003693000 	/usr/lib/system/libsystem_malloc.dylib
0x0000000003693000 	/usr/lib/system/libsystem_network.dylib
0x0000000003693000 	/usr/lib/system/libsystem_networkextension.dylib
0x0000000003693000 	/usr/lib/system/libsystem_notify.dylib
0x0000000003693000 	/usr/lib/system/libsystem_platform.dylib
0x0000000003693000 	/usr/lib/system/libsystem_pthread.dylib
0x0000000003693000 	/usr/lib/system/libsystem_sandbox.dylib
0x0000000003693000 	/usr/lib/system/libsystem_secinit.dylib
0x0000000003693000 	/usr/lib/system/libsystem_trace.dylib
0x0000000003693000 	/usr/lib/system/libunc.dylib
0x0000000003693000 	/usr/lib/system/libunwind.dylib
0x0000000003693000 	/usr/lib/system/libxpc.dylib
0x0000000003693000 	/usr/lib/libenergytrace.dylib
0x0000000003693000 	/usr/lib/libbsm.0.dylib
0x0000000003693000 	/usr/lib/system/libkxld.dylib
0x0000000003693000 	/usr/lib/libxar.1.dylib
0x0000000003693000 	/usr/lib/libsqlite3.dylib
0x0000000003693000 	/usr/lib/libpam.2.dylib
0x0000000003693000 	/usr/lib/libOpenScriptingUtil.dylib
0x0000000003693000 	/usr/lib/libbz2.1.0.dylib
0x0000000003693000 	/usr/lib/liblzma.5.dylib
0x0000000003693000 	/System/Library/Frameworks/CoreServices.framework/Versions/A/Frameworks/FSEvents.framework/Versions/A/FSEvents
0x0000000003693000 	/System/Library/Frameworks/CoreServices.framework/Versions/A/Frameworks/CarbonCore.framework/Versions/A/CarbonCore
0x0000000003693000 	/System/Library/Frameworks/CoreServices.framework/Versions/A/Frameworks/Metadata.framework/Versions/A/Metadata
0x0000000003693000 	/System/Library/Frameworks/CoreServices.framework/Versions/A/Frameworks/OSServices.framework/Versions/A/OSServices
0x0000000003693000 	/System/Library/Frameworks/CoreServices.framework/Versions/A/Frameworks/SearchKit.framework/Versions/A/SearchKit
0x0000000003693000 	/System/Library/Frameworks/CoreServices.framework/Versions/A/Frameworks/AE.framework/Versions/A/AE
0x0000000003693000 	/System/Library/Frameworks/CoreServices.framework/Versions/A/Frameworks/LaunchServices.framework/Versions/A/LaunchServices
0x0000000003693000 	/System/Library/Frameworks/CoreServices.framework/Versions/A/Frameworks/DictionaryServices.framework/Versions/A/DictionaryServices
0x0000000003693000 	/System/Library/Frameworks/CoreServices.framework/Versions/A/Frameworks/SharedFileList.framework/Versions/A/SharedFileList
0x0000000003693000 	/System/Library/Frameworks/NetFS.framework/Versions/A/NetFS
0x0000000003693000 	/System/Library/PrivateFrameworks/NetAuth.framework/Versions/A/NetAuth
0x0000000003693000 	/System/Library/PrivateFrameworks/login.framework/Versions/A/Frameworks/loginsupport.framework/Versions/A/loginsupport
0x0000000003693000 	/System/Library/PrivateFrameworks/TCC.framework/Versions/A/TCC
0x0000000003693000 	/usr/lib/libmecabra.dylib
0x0000000003693000 	/System/Library/Frameworks/ApplicationServices.framework/Versions/A/Frameworks/ATS.framework/Versions/A/ATS
0x0000000003693000 	/System/Library/Frameworks/ApplicationServices.framework/Versions/A/Frameworks/ColorSync.framework/Versions/A/ColorSync
0x0000000003693000 	/System/Library/Frameworks/ApplicationServices.framework/Versions/A/Frameworks/HIServices.framework/Versions/A/HIServices
0x0000000003693000 	/System/Library/Frameworks/ApplicationServices.framework/Versions/A/Frameworks/LangAnalysis.framework/Versions/A/LangAnalysis
0x0000000003693000 	/System/Library/Frameworks/ApplicationServices.framework/Versions/A/Frameworks/PrintCore.framework/Versions/A/PrintCore
0x0000000003693000 	/System/Library/Frameworks/ApplicationServices.framework/Versions/A/Frameworks/QD.framework/Versions/A/QD
0x0000000003693000 	/System/Library/Frameworks/ApplicationServices.framework/Versions/A/Frameworks/SpeechSynthesis.framework/Versions/A/SpeechSynthesis
0x0000000003693000 	/System/Library/Frameworks/Metal.framework/Versions/A/Metal
0x0000000003693000 	/System/Library/Frameworks/Accelerate.framework/Versions/A/Frameworks/vImage.framework/Versions/A/vImage
0x0000000003693000 	/System/Library/Frameworks/Accelerate.framework/Versions/A/Frameworks/vecLib.framework/Versions/A/vecLib
0x0000000003693000 	/System/Library/Frameworks/Accelerate.framework/Versions/A/Frameworks/vecLib.framework/Versions/A/libvDSP.dylib
0x0000000003693000 	/System/Library/Frameworks/Accelerate.framework/Versions/A/Frameworks/vecLib.framework/Versions/A/libvMisc.dylib
0x0000000003693000 	/System/Library/Frameworks/Accelerate.framework/Versions/A/Frameworks/vecLib.framework/Versions/A/libLAPACK.dylib
0x0000000003693000 	/System/Library/Frameworks/Accelerate.framework/Versions/A/Frameworks/vecLib.framework/Versions/A/libBLAS.dylib
0x0000000003693000 	/System/Library/Frameworks/Accelerate.framework/Versions/A/Frameworks/vecLib.framework/Versions/A/libLinearAlgebra.dylib
0x0000000003693000 	/System/Library/Frameworks/Accelerate.framework/Versions/A/Frameworks/vecLib.framework/Versions/A/libSparseBLAS.dylib
0x0000000003693000 	/System/Library/PrivateFrameworks/GPUCompiler.framework/libmetal_timestamp.dylib
0x0000000003693000 	/System/Library/Frameworks/OpenGL.framework/Versions/A/Libraries/libCoreFSCache.dylib
0x0000000003693000 	/System/Library/PrivateFrameworks/IOAccelerator.framework/Versions/A/IOAccelerator
0x0000000003693000 	/System/Library/Frameworks/ApplicationServices.framework/Versions/A/Frameworks/ATS.framework/Versions/A/Resources/libFontParser.dylib
0x0000000003693000 	/System/Library/Frameworks/ApplicationServices.framework/Versions/A/Frameworks/ATS.framework/Versions/A/Resources/libFontRegistry.dylib
0x0000000003693000 	/System/Library/PrivateFrameworks/AppleVPA.framework/Versions/A/AppleVPA
0x0000000003693000 	/System/Library/PrivateFrameworks/AppleJPEG.framework/Versions/A/AppleJPEG
0x0000000003693000 	/System/Library/Frameworks/ImageIO.framework/Versions/A/Resources/libJPEG.dylib
0x0000000003693000 	/System/Library/Frameworks/ImageIO.framework/Versions/A/Resources/libTIFF.dylib
0x0000000003693000 	/System/Library/Frameworks/ImageIO.framework/Versions/A/Resources/libPng.dylib
0x0000000003693000 	/System/Library/Frameworks/ImageIO.framework/Versions/A/Resources/libGIF.dylib
0x0000000003693000 	/System/Library/Frameworks/ImageIO.framework/Versions/A/Resources/libJP2.dylib
0x0000000003693000 	/System/Library/Frameworks/ImageIO.framework/Versions/A/Resources/libRadiance.dylib
0x0000000003693000 	/System/Library/Frameworks/CoreVideo.framework/Versions/A/CoreVideo
0x0000000003693000 	/System/Library/Frameworks/OpenGL.framework/Versions/A/Libraries/libGLU.dylib
0x0000000003693000 	/System/Library/Frameworks/OpenGL.framework/Versions/A/Libraries/libGFXShared.dylib
0x0000000003693000 	/System/Library/Frameworks/OpenGL.framework/Versions/A/Libraries/libGL.dylib
0x0000000003693000 	/System/Library/Frameworks/OpenGL.framework/Versions/A/Libraries/libGLImage.dylib
0x0000000003693000 	/System/Library/Frameworks/OpenGL.framework/Versions/A/Libraries/libCVMSPluginSupport.dylib
0x0000000003693000 	/System/Library/Frameworks/OpenGL.framework/Versions/A/Libraries/libCoreVMClient.dylib
0x0000000003693000 	/usr/lib/libcups.2.dylib
0x0000000003693000 	/System/Library/Frameworks/Kerberos.framework/Versions/A/Kerberos
0x0000000003693000 	/System/Library/Frameworks/GSS.framework/Versions/A/GSS
0x0000000003693000 	/usr/lib/libresolv.9.dylib
0x0000000003693000 	/usr/lib/libiconv.2.dylib
0x0000000003693000 	/System/Library/PrivateFrameworks/Heimdal.framework/Versions/A/Heimdal
0x0000000003693000 	/usr/lib/libheimdal-asn1.dylib
0x0000000003693000 	/System/Library/Frameworks/OpenDirectory.framework/Versions/A/OpenDirectory
0x0000000003693000 	/System/Library/PrivateFrameworks/CommonAuth.framework/Versions/A/CommonAuth
0x0000000003693000 	/System/Library/Frameworks/OpenDirectory.framework/Versions/A/Frameworks/CFOpenDirectory.framework/Versions/A/CFOpenDirectory
0x0000000003693000 	/System/Library/Frameworks/SecurityFoundation.framework/Versions/A/SecurityFoundation
0x0000000003693000 	/System/Library/PrivateFrameworks/LanguageModeling.framework/Versions/A/LanguageModeling
0x0000000003693000 	/usr/lib/libmarisa.dylib
0x0000000003693000 	/usr/lib/libChineseTokenizer.dylib
0x0000000003693000 	/usr/lib/libcmph.dylib
0x0000000003693000 	/usr/lib/libcompression.dylib
0x0000000003693000 	/System/Library/Frameworks/ServiceManagement.framework/Versions/A/ServiceManagement
0x0000000003693000 	/usr/lib/libxslt.1.dylib
0x0000000003693000 	/System/Library/Frameworks/Carbon.framework/Versions/A/Frameworks/Ink.framework/Versions/A/Ink
0x0000000003693000 	/usr/lib/libFosl_dynamic.dylib
0x0000000003693000 	/System/Library/PrivateFrameworks/FaceCore.framework/Versions/A/FaceCore
0x0000000003693000 	/System/Library/Frameworks/OpenCL.framework/Versions/A/OpenCL
0x0000000003693000 	/System/Library/PrivateFrameworks/CrashReporterSupport.framework/Versions/A/CrashReporterSupport
0x0000000003693000 	/System/Library/PrivateFrameworks/IconServices.framework/Versions/A/IconServices
0x0000000003693000 	/System/Library/PrivateFrameworks/Apple80211.framework/Versions/A/Apple80211
0x0000000003693000 	/System/Library/Frameworks/CoreWLAN.framework/Versions/A/CoreWLAN
0x0000000003693000 	/System/Library/Frameworks/IOBluetooth.framework/Versions/A/IOBluetooth
0x0000000003693000 	/System/Library/PrivateFrameworks/CoreWiFi.framework/Versions/A/CoreWiFi
0x0000000003693000 	/System/Library/Frameworks/CoreBluetooth.framework/Versions/A/CoreBluetooth
0x0000000003693000 	/System/Library/PrivateFrameworks/ChunkingLibrary.framework/Versions/A/ChunkingLibrary
0x0000000003693000 	/System/Library/PrivateFrameworks/DebugSymbols.framework/Versions/A/DebugSymbols
0x0000000003693000 	/System/Library/PrivateFrameworks/CoreSymbolication.framework/Versions/A/CoreSymbolication
0x0000000003693000 	/System/Library/PrivateFrameworks/Symbolication.framework/Versions/A/Symbolication
0x0000000003693000 	/System/Library/PrivateFrameworks/SpeechRecognitionCore.framework/Versions/A/SpeechRecognitionCore
0x0000000106400000 	/Library/Java/JavaVirtualMachines/jdk1.8.0_74.jdk/Contents/Home/jre/lib/server/libjvm.dylib
0x0000000003693000 	/usr/lib/libstdc++.6.dylib
0x0000000105b13000 	/Library/Java/JavaVirtualMachines/jdk1.8.0_74.jdk/Contents/Home/jre/lib/libverify.dylib
0x0000000105b21000 	/Library/Java/JavaVirtualMachines/jdk1.8.0_74.jdk/Contents/Home/jre/lib/libjava.dylib
0x0000000105b57000 	/Library/Java/JavaVirtualMachines/jdk1.8.0_74.jdk/Contents/Home/jre/lib/libjdwp.dylib
0x0000000105ba2000 	/Library/Java/JavaVirtualMachines/jdk1.8.0_74.jdk/Contents/Home/jre/lib/libnpt.dylib
0x0000000105baf000 	/Library/Java/JavaVirtualMachines/jdk1.8.0_74.jdk/Contents/Home/jre/lib/libzip.dylib
0x0000000105be1000 	/System/Library/Frameworks/JavaVM.framework/Frameworks/JavaRuntimeSupport.framework/JavaRuntimeSupport
0x000000011ccc9000 	/System/Library/Frameworks/JavaVM.framework/Versions/A/Frameworks/JavaNativeFoundation.framework/Versions/A/JavaNativeFoundation
0x000000011ccde000 	/System/Library/Frameworks/JavaVM.framework/Versions/A/JavaVM
0x0000000003693000 	/System/Library/Frameworks/Carbon.framework/Versions/A/Carbon
0x000000011cceb000 	/System/Library/PrivateFrameworks/JavaLaunching.framework/Versions/A/JavaLaunching
0x0000000003693000 	/System/Library/Frameworks/Carbon.framework/Versions/A/Frameworks/CommonPanels.framework/Versions/A/CommonPanels
0x0000000003693000 	/System/Library/Frameworks/Carbon.framework/Versions/A/Frameworks/Help.framework/Versions/A/Help
0x0000000003693000 	/System/Library/Frameworks/Carbon.framework/Versions/A/Frameworks/ImageCapture.framework/Versions/A/ImageCapture
0x0000000003693000 	/System/Library/Frameworks/Carbon.framework/Versions/A/Frameworks/OpenScripting.framework/Versions/A/OpenScripting
0x0000000003693000 	/System/Library/Frameworks/Carbon.framework/Versions/A/Frameworks/Print.framework/Versions/A/Print
0x0000000003693000 	/System/Library/Frameworks/Carbon.framework/Versions/A/Frameworks/SecurityHI.framework/Versions/A/SecurityHI
0x000000011e609000 	/Library/Java/JavaVirtualMachines/jdk1.8.0_74.jdk/Contents/Home/jre/lib/libdt_socket.dylib
0x000000011e625000 	/Library/Java/JavaVirtualMachines/jdk1.8.0_74.jdk/Contents/Home/jre/lib/libnet.dylib
0x000000011e688000 	/Library/Java/JavaVirtualMachines/jdk1.8.0_74.jdk/Contents/Home/jre/lib/libnio.dylib
0x000000011e969000 	/Library/Java/JavaVirtualMachines/jdk1.8.0_74.jdk/Contents/Home/jre/lib/libmanagement.dylib
0x000000011e81e000 	/Library/Java/JavaVirtualMachines/jdk1.8.0_74.jdk/Contents/Home/jre/lib/libsunec.dylib

VM Arguments:
jvm_args: -agentlib:jdwp=transport=dt_socket,suspend=y,address=localhost:60524 -ea -Dlauncher.properties=/Users/carsten/git/skysail/skysail.server.app.webconsole/generated/launch7420139784413503356.properties -Dfile.encoding=UTF-8 
java_command: aQute.launcher.Launcher
java_class_path (initial): /Users/carsten/.bnd/cache/https%3A%2F%2Fraw.githubusercontent.com%2Fbndtools%2Fbundle-hub%2Fmaster%2Forg.apache.felix.framework/org.apache.felix.framework-5.2.0.jar:/Users/carsten/git/skysail/cnf/nonosgi-repo/biz.aQute.launcher/biz.aQute.launcher-latest.jar
Launcher Type: SUN_STANDARD

Environment Variables:
PATH=/usr/bin:/bin:/usr/sbin:/sbin
SHELL=/bin/bash

Signal Handlers:
SIGSEGV: [libjvm.dylib+0x5a6855], sa_mask[0]=11111111011111110111111111111111, sa_flags=SA_ONSTACK|SA_RESTART|SA_SIGINFO
SIGBUS: [libjvm.dylib+0x5a6855], sa_mask[0]=11111111011111110111111111111111, sa_flags=SA_RESTART|SA_SIGINFO
SIGFPE: [libjvm.dylib+0x4804ec], sa_mask[0]=11111111011111110111111111111111, sa_flags=SA_RESTART|SA_SIGINFO
SIGPIPE: [libjvm.dylib+0x4804ec], sa_mask[0]=11111111011111110111111111111111, sa_flags=SA_RESTART|SA_SIGINFO
SIGXFSZ: [libjvm.dylib+0x4804ec], sa_mask[0]=11111111011111110111111111111111, sa_flags=SA_RESTART|SA_SIGINFO
SIGILL: [libjvm.dylib+0x4804ec], sa_mask[0]=11111111011111110111111111111111, sa_flags=SA_RESTART|SA_SIGINFO
SIGUSR1: SIG_DFL, sa_mask[0]=00000000000000000000000000000000, sa_flags=none
SIGUSR2: [libjvm.dylib+0x48000a], sa_mask[0]=00100000000000000000000000000000, sa_flags=SA_RESTART|SA_SIGINFO
SIGHUP: [libjvm.dylib+0x47e5e1], sa_mask[0]=11111111011111110111111111111111, sa_flags=SA_RESTART|SA_SIGINFO
SIGINT: [libjvm.dylib+0x47e5e1], sa_mask[0]=11111111011111110111111111111111, sa_flags=SA_RESTART|SA_SIGINFO
SIGTERM: [libjvm.dylib+0x47e5e1], sa_mask[0]=11111111011111110111111111111111, sa_flags=SA_RESTART|SA_SIGINFO
SIGQUIT: [libjvm.dylib+0x47e5e1], sa_mask[0]=11111111011111110111111111111111, sa_flags=SA_RESTART|SA_SIGINFO


---------------  S Y S T E M  ---------------

OS:Bsduname:Darwin 15.4.0 Darwin Kernel Version 15.4.0: Fri Feb 26 22:08:05 PST 2016; root:xnu-3248.40.184~3/RELEASE_X86_64 x86_64
rlimit: STACK 8192k, CORE 0k, NPROC 709, NOFILE 10240, AS infinity
load average:2.87 2.92 2.66

CPU:total 4 (2 cores per cpu, 2 threads per core) family 6 model 69 stepping 1, cmov, cx8, fxsr, mmx, sse, sse2, sse3, ssse3, sse4.1, sse4.2, popcnt, avx, avx2, aes, clmul, erms, lzcnt, ht, tsc, tscinvbit, bmi1, bmi2

Memory: 4k page, physical 8388608k(15324k free)

/proc/meminfo:


vm_info: Java HotSpot(TM) 64-Bit Server VM (25.74-b02) for bsd-amd64 JRE (1.8.0_74-b02), built on Jan 29 2016 15:32:34 by "java_re" with gcc 4.2.1 (Based on Apple Inc. build 5658) (LLVM build 2336.11.00)

time: Thu Apr 21 19:01:12 2016
elapsed time: 110 seconds (0d 0h 1m 50s)

