2016-10-10 16:28:56,842 INFO  [org.apache.camel.impl.osgi.Activator         ] - Camel activator starting
2016-10-10 16:28:56,851 INFO  [org.apache.camel.impl.osgi.Activator         ] - Camel activator started
2016-10-10 16:28:57,358 INFO  [io.skysail.server.app.ApplicationList        ] - (+ ApplicationModel) (#01) with name 'root'
2016-10-10 16:28:57,398 INFO  [io.skysail.server.app.ApplicationList        ] - (+ ApplicationModel) (#02) with name 'webapp'
2016-10-10 16:28:58,375 INFO  [io.skysail.server.http.HttpServer            ] - 
2016-10-10 16:28:58,375 INFO  [io.skysail.server.http.HttpServer            ] - ====================================
2016-10-10 16:28:58,375 INFO  [io.skysail.server.http.HttpServer            ] - Starting skysail server on port 2020
2016-10-10 16:28:58,375 INFO  [io.skysail.server.http.HttpServer            ] - ====================================
2016-10-10 16:28:58,375 INFO  [io.skysail.server.http.HttpServer            ] - 
2016-10-10 16:28:58,398 INFO  [org.restlet                                  ] - Starting the Jetty [HTTP/1.1] server on port 2020
2016-10-10 16:28:58,439 INFO  [io.skysail.server.app.ApplicationList        ] - (+ ApplicationModel) (#03) with name 'static'
2016-10-10 16:28:58,456 INFO  [io.skysail.server.app.ApplicationList        ] - (+ ApplicationModel) (#04) with name 'i18n'
2016-10-10 16:28:58,509 INFO  [i.s.s.u.s.ShiroBasedUserManagementProvider   ] - USER MANAGEMENT PROVIDER: activating provider 'io.skysail.server.um.shiro.ShiroBasedUserManagementProvider'
2016-10-10 16:28:58,544 INFO  [io.skysail.server.app.ServiceList            ] - USER MANAGEMENT PROVIDER: setting provider to 'io.skysail.server.um.shiro.ShiroBasedUserManagementProvider'
2016-10-10 16:28:58,548 INFO  [io.skysail.server.app.ApplicationList        ] - (+ ApplicationModel) (#05) with name 'io.skysail.server.um.shiro.app.ShiroUmApplication'
2016-10-10 16:28:58,561 INFO  [io.skysail.server.app.ApplicationList        ] - (+ ApplicationModel) (#06) with name 'webconsole'
2016-10-10 16:28:58,570 INFO  [io.skysail.server.app.ApplicationList        ] - (+ ApplicationModel) (#07) with name 'sidebar'
2016-10-10 16:29:07,715 INFO  [o.r.S.I.SkysailRootApplication               ] - Starting io.skysail.server.app.SkysailRootApplication application
2016-10-10 16:29:07,719 INFO  [io.skysail.server.app.SkysailApplication     ] - creating new Router in io.skysail.server.app.SkysailRootApplication
2016-10-10 16:29:07,720 INFO  [io.skysail.server.app.SkysailApplication     ] - adding extensions to metadata service
2016-10-10 16:29:07,720 INFO  [io.skysail.server.app.SkysailApplication     ] - adding protocols
2016-10-10 16:29:07,764 INFO  [io.skysail.server.restlet.SkysailRouter      ] - routing path '/root/' -> AlwaysAuthenticatedAuthenticator -> RolesPredicateAuthorizer -> Finder -> DefaultResource
2016-10-10 16:29:07,767 INFO  [io.skysail.server.restlet.SkysailRouter      ] - routing path '/root/_login' -> AlwaysAuthenticatedAuthenticator -> RolesPredicateAuthorizer -> Finder -> LoginResource
2016-10-10 16:29:07,767 INFO  [io.skysail.server.restlet.SkysailRouter      ] - routing path '/root/_logout' -> AlwaysAuthenticatedAuthenticator -> RolesPredicateAuthorizer -> Finder -> LogoutResource
2016-10-10 16:29:07,769 INFO  [io.skysail.server.restlet.SkysailRouter      ] - routing path '/root/_profile' -> AlwaysAuthenticatedAuthenticator -> RolesPredicateAuthorizer -> Finder -> ProfileResource
2016-10-10 16:29:07,771 INFO  [o.r.S.InternalRouter.WebappApplication       ] - Starting io.skysail.server.converter.WebappApplication application
2016-10-10 16:29:07,773 INFO  [o.r.S.InternalRouter.WebappApplication       ] - Starting de.twenty11.skysail.server.webapp.internal.WebappApplication application
2016-10-10 16:29:07,774 INFO  [o.r.S.InternalRouter.I18nApplication         ] - Starting io.skysail.server.text.store.bundleresource.impl.I18nApplication application
2016-10-10 16:29:07,774 INFO  [io.skysail.server.app.SkysailApplication     ] - creating new Router in io.skysail.server.text.store.bundleresource.impl.I18nApplication
2016-10-10 16:29:07,774 INFO  [io.skysail.server.app.SkysailApplication     ] - adding extensions to metadata service
2016-10-10 16:29:07,774 INFO  [io.skysail.server.app.SkysailApplication     ] - adding protocols
2016-10-10 16:29:07,775 INFO  [io.skysail.server.restlet.SkysailRouter      ] - routing path '/i18n/v1' -> SkysailCookieAuthenticator -> RolesPredicateAuthorizer -> Finder -> I18nRootResource
2016-10-10 16:29:07,776 INFO  [io.skysail.server.restlet.SkysailRouter      ] - routing path '/i18n/v1/messages/' -> SkysailCookieAuthenticator -> RolesPredicateAuthorizer -> Finder -> MessagesResource
2016-10-10 16:29:07,779 INFO  [io.skysail.server.restlet.SkysailRouter      ] - routing path '/i18n/v1/messages/{key}' -> SkysailCookieAuthenticator -> RolesPredicateAuthorizer -> Finder -> MessageResource
2016-10-10 16:29:07,781 INFO  [io.skysail.server.restlet.SkysailRouter      ] - routing path '/i18n/v1/messages/{key}/' -> SkysailCookieAuthenticator -> RolesPredicateAuthorizer -> Finder -> PutMessageResource
2016-10-10 16:29:07,782 INFO  [io.skysail.server.restlet.SkysailRouter      ] - routing path '/i18n/v1/messages/{key}/{fieldname}/' -> SkysailCookieAuthenticator -> RolesPredicateAuthorizer -> Finder -> PatchMessageResource
2016-10-10 16:29:07,782 INFO  [o.r.S.InternalRouter.ShiroUmApplication      ] - Starting io.skysail.server.um.shiro.app.ShiroUmApplication application
2016-10-10 16:29:07,783 INFO  [io.skysail.server.app.SkysailApplication     ] - creating new Router in io.skysail.server.um.shiro.app.ShiroUmApplication
2016-10-10 16:29:07,783 INFO  [io.skysail.server.app.SkysailApplication     ] - adding extensions to metadata service
2016-10-10 16:29:07,783 INFO  [io.skysail.server.app.SkysailApplication     ] - adding protocols
2016-10-10 16:29:07,786 INFO  [io.skysail.server.restlet.SkysailRouter      ] - routing path '/io.skysail.server.um.shiro.app.ShiroUmApplication/v1/_login' -> AlwaysAuthenticatedAuthenticator -> RolesPredicateAuthorizer -> Finder -> LoginResource
2016-10-10 16:29:07,787 INFO  [io.skysail.server.restlet.SkysailRouter      ] - routing path '/io.skysail.server.um.shiro.app.ShiroUmApplication/v1/currentUser' -> NeverAuthenticatedAuthenticator -> RolesPredicateAuthorizer -> Finder -> CurrentUserResource
2016-10-10 16:29:07,787 INFO  [o.r.S.I.WebconsoleApplication                ] - Starting io.skysail.server.app.webconsole.WebconsoleApplication application
2016-10-10 16:29:07,788 INFO  [io.skysail.server.app.SkysailApplication     ] - creating new Router in io.skysail.server.app.webconsole.WebconsoleApplication
2016-10-10 16:29:07,788 INFO  [io.skysail.server.app.SkysailApplication     ] - adding extensions to metadata service
2016-10-10 16:29:07,788 INFO  [io.skysail.server.app.SkysailApplication     ] - adding protocols
2016-10-10 16:29:07,788 WARN  [io.skysail.server.app.SkysailApplication     ] - there are no entities defined for the applicationModel JavaApplicationModel: webconsole
Repositories: 
Repositories(repositories={})

2016-10-10 16:29:07,790 INFO  [io.skysail.server.restlet.SkysailRouter      ] - routing path '/webconsole/v1' -> SkysailCookieAuthenticator -> RolesPredicateAuthorizer -> Finder -> BundlesResource
2016-10-10 16:29:07,791 INFO  [io.skysail.server.restlet.SkysailRouter      ] - routing path '/webconsole/v1/bundles' -> SkysailCookieAuthenticator -> RolesPredicateAuthorizer -> Finder -> BundlesResource
2016-10-10 16:29:07,793 INFO  [io.skysail.server.restlet.SkysailRouter      ] - routing path '/webconsole/v1/bundles/{id}' -> SkysailCookieAuthenticator -> RolesPredicateAuthorizer -> Finder -> BundleResource
2016-10-10 16:29:07,795 INFO  [io.skysail.server.restlet.SkysailRouter      ] - routing path '/webconsole/v1/services' -> SkysailCookieAuthenticator -> RolesPredicateAuthorizer -> Finder -> ServicesResource
2016-10-10 16:29:07,796 INFO  [io.skysail.server.restlet.SkysailRouter      ] - routing path '/webconsole/v1/services/{id}' -> SkysailCookieAuthenticator -> RolesPredicateAuthorizer -> Finder -> ServiceResource
2016-10-10 16:29:07,798 INFO  [io.skysail.server.restlet.SkysailRouter      ] - routing path '/webconsole/v1/backend/bundles' -> SkysailCookieAuthenticator -> RolesPredicateAuthorizer -> Finder -> JsonBundlesResource
2016-10-10 16:29:07,798 INFO  [o.r.S.InternalRouter.SidebarApplication      ] - Starting io.skysail.server.app.sidebar.SidebarApplication application
2016-10-10 16:29:07,799 INFO  [io.skysail.server.app.SkysailApplication     ] - creating new Router in io.skysail.server.app.sidebar.SidebarApplication
2016-10-10 16:29:07,799 INFO  [io.skysail.server.app.SkysailApplication     ] - adding extensions to metadata service
2016-10-10 16:29:07,799 INFO  [io.skysail.server.app.SkysailApplication     ] - adding protocols
2016-10-10 16:29:07,799 WARN  [io.skysail.server.app.SkysailApplication     ] - there are no entities defined for the applicationModel JavaApplicationModel: sidebar
Repositories: 
Repositories(repositories={io.skysail.server.db.versions.impl.ComponentDbVersion=io.skysail.server.db.versions.impl.VersionsRepository@792b15ee})

2016-10-10 16:29:07,806 INFO  [io.skysail.server.restlet.SkysailRouter      ] - routing path '/sidebar/v1' -> SkysailCookieAuthenticator -> RolesPredicateAuthorizer -> Finder -> SidebarsResource
2016-10-10 16:29:07,806 INFO  [io.skysail.server.restlet.SkysailRouter      ] - routing path '/sidebar/v1/Sidebars' -> SkysailCookieAuthenticator -> RolesPredicateAuthorizer -> Finder -> SidebarsResource
2016-10-10 16:29:08,321 INFO  [i.s.s.u.s.a.SkysailHashedCredentialsMatcher  ] - added entry $2a$12$52R8v2QH3vQRz8NcdtOm5.HhE5tFPZ0T/.MpfUa9rBzOugK.btAHS to credentials hash cache with current timestamp, size now is 1
2016-10-10 16:29:08,858 INFO  [LogService                                   ] - 2016-10-10	16:29:08	0:0:0:0:0:0:0:1	admin	0:0:0:0:0:0:0:1	2020	GET	/	-	200	-	0	1049	http://localhost:2020	Mozilla/5.0 (Windows NT 6.1; WOW64) AppleWebKit/537.36 (KHTML, like Gecko) Chrome/53.0.2785.116 Safari/537.36	-
2016-10-10 16:29:08,915 INFO  [LogService                                   ] - 2016-10-10	16:29:08	0:0:0:0:0:0:0:1	-	0:0:0:0:0:0:0:1	2020	GET	/static/themes/jstree/style.min.css	-	200	-	0	8	http://localhost:2020	Mozilla/5.0 (Windows NT 6.1; WOW64) AppleWebKit/537.36 (KHTML, like Gecko) Chrome/53.0.2785.116 Safari/537.36	http://localhost:2020/
2016-10-10 16:29:08,915 INFO  [LogService                                   ] - 2016-10-10	16:29:08	0:0:0:0:0:0:0:1	-	0:0:0:0:0:0:0:1	2020	GET	/static/js/mousetrap/mousetrap.min.js	-	200	-	0	8	http://localhost:2020	Mozilla/5.0 (Windows NT 6.1; WOW64) AppleWebKit/537.36 (KHTML, like Gecko) Chrome/53.0.2785.116 Safari/537.36	http://localhost:2020/
2016-10-10 16:29:08,935 INFO  [LogService                                   ] - 2016-10-10	16:29:08	0:0:0:0:0:0:0:1	-	0:0:0:0:0:0:0:1	2020	GET	/static/js/jstree/jstree.min.js	-	200	-	0	3	http://localhost:2020	Mozilla/5.0 (Windows NT 6.1; WOW64) AppleWebKit/537.36 (KHTML, like Gecko) Chrome/53.0.2785.116 Safari/537.36	http://localhost:2020/
2016-10-10 16:29:08,955 INFO  [LogService                                   ] - 2016-10-10	16:29:08	0:0:0:0:0:0:0:1	-	0:0:0:0:0:0:0:1	2020	GET	/static/img/skysail.logo.png	-	200	-	0	3	http://localhost:2020	Mozilla/5.0 (Windows NT 6.1; WOW64) AppleWebKit/537.36 (KHTML, like Gecko) Chrome/53.0.2785.116 Safari/537.36	http://localhost:2020/
2016-10-10 16:29:08,965 INFO  [LogService                                   ] - 2016-10-10	16:29:08	0:0:0:0:0:0:0:1	-	0:0:0:0:0:0:0:1	2020	GET	/static/img/silk/page_white_swoosh.png	-	200	-	0	2	http://localhost:2020	Mozilla/5.0 (Windows NT 6.1; WOW64) AppleWebKit/537.36 (KHTML, like Gecko) Chrome/53.0.2785.116 Safari/537.36	http://localhost:2020/
2016-10-10 16:29:59,282 ERROR [i.s.s.r.f.h.ExceptionCatchingFilterHelper    ] - Unable to execute HTTP request: dynamodb.us-east-1.amazonaws.com
com.amazonaws.AmazonClientException: Unable to execute HTTP request: dynamodb.us-east-1.amazonaws.com
	at com.amazonaws.http.AmazonHttpClient$RequestExecutor.executeHelper(AmazonHttpClient.java:956) ~[na:na]
	at com.amazonaws.http.AmazonHttpClient$RequestExecutor.doExecute(AmazonHttpClient.java:661) ~[na:na]
	at com.amazonaws.http.AmazonHttpClient$RequestExecutor.executeWithTimer(AmazonHttpClient.java:635) ~[na:na]
	at com.amazonaws.http.AmazonHttpClient$RequestExecutor.execute(AmazonHttpClient.java:618) ~[na:na]
	at com.amazonaws.http.AmazonHttpClient$RequestExecutor.access$300(AmazonHttpClient.java:586) ~[na:na]
	at com.amazonaws.http.AmazonHttpClient$RequestExecutionBuilderImpl.execute(AmazonHttpClient.java:573) ~[na:na]
	at com.amazonaws.http.AmazonHttpClient.execute(AmazonHttpClient.java:445) ~[na:na]
	at com.amazonaws.services.dynamodbv2.AmazonDynamoDBClient.doInvoke(AmazonDynamoDBClient.java:1722) ~[na:na]
	at com.amazonaws.services.dynamodbv2.AmazonDynamoDBClient.invoke(AmazonDynamoDBClient.java:1698) ~[na:na]
	at com.amazonaws.services.dynamodbv2.AmazonDynamoDBClient.batchGetItem(AmazonDynamoDBClient.java:515) ~[na:na]
	at com.amazonaws.services.dynamodbv2.document.internal.BatchGetItemImpl.doBatchGetItem(BatchGetItemImpl.java:97) ~[na:na]
	at com.amazonaws.services.dynamodbv2.document.internal.BatchGetItemImpl.batchGetItem(BatchGetItemImpl.java:58) ~[na:na]
	at com.amazonaws.services.dynamodbv2.document.DynamoDB.batchGetItem(DynamoDB.java:153) ~[na:na]
	at io.skysail.server.app.sidebar.SidebarsResource.getEntity(SidebarsResource.java:32) ~[na:na]
	at io.skysail.server.app.sidebar.SidebarsResource.getEntity(SidebarsResource.java:1) ~[na:na]
	at io.skysail.server.restlet.resources.SkysailServerResource.getEntity(SkysailServerResource.java:133) ~[skysail.server.jar:na]
	at io.skysail.server.restlet.filter.DataExtractingFilter.doHandle(DataExtractingFilter.java:21) ~[skysail.server.jar:na]
	at io.skysail.server.restlet.filter.AbstractResourceFilter.handleMe(AbstractResourceFilter.java:99) [skysail.server.jar:na]
	at io.skysail.server.restlet.filter.AbstractResourceFilter.doHandle(AbstractResourceFilter.java:82) [skysail.server.jar:na]
	at io.skysail.server.restlet.filter.AbstractResourceFilter.handleMe(AbstractResourceFilter.java:99) [skysail.server.jar:na]
	at io.skysail.server.restlet.filter.AbstractResourceFilter.doHandle(AbstractResourceFilter.java:82) [skysail.server.jar:na]
	at io.skysail.server.restlet.filter.ExceptionCatchingFilter.doHandle(ExceptionCatchingFilter.java:26) ~[skysail.server.jar:na]
	at io.skysail.server.restlet.filter.AbstractResourceFilter.handleMe(AbstractResourceFilter.java:99) [skysail.server.jar:na]
	at io.skysail.server.restlet.filter.AbstractResourceFilter.handleList(AbstractResourceFilter.java:51) [skysail.server.jar:na]
	at io.skysail.server.restlet.resources.ListServerResource.listEntities(ListServerResource.java:138) [skysail.server.jar:na]
	at io.skysail.server.restlet.resources.ListServerResource.getEntities(ListServerResource.java:126) [skysail.server.jar:na]
	at sun.reflect.NativeMethodAccessorImpl.invoke0(Native Method) ~[na:1.8.0_91]
	at sun.reflect.NativeMethodAccessorImpl.invoke(Unknown Source) ~[na:1.8.0_91]
	at sun.reflect.DelegatingMethodAccessorImpl.invoke(Unknown Source) ~[na:1.8.0_91]
	at java.lang.reflect.Method.invoke(Unknown Source) ~[na:1.8.0_91]
	at org.restlet.resource.ServerResource.doHandle(ServerResource.java:520) [org.restlet.jar:na]
	at org.restlet.resource.ServerResource.get(ServerResource.java:742) [org.restlet.jar:na]
	at org.restlet.resource.ServerResource.doHandle(ServerResource.java:617) [org.restlet.jar:na]
	at org.restlet.resource.ServerResource.doNegotiatedHandle(ServerResource.java:678) [org.restlet.jar:na]
	at org.restlet.resource.ServerResource.doConditionalHandle(ServerResource.java:356) [org.restlet.jar:na]
	at org.restlet.resource.ServerResource.handle(ServerResource.java:1043) [org.restlet.jar:na]
	at org.restlet.resource.Finder.handle(Finder.java:236) [org.restlet.jar:na]
	at org.restlet.routing.Filter.doHandle(Filter.java:150) [org.restlet.jar:na]
	at org.restlet.routing.Filter.handle(Filter.java:197) [org.restlet.jar:na]
	at org.restlet.routing.Filter.doHandle(Filter.java:150) [org.restlet.jar:na]
	at org.restlet.routing.Filter.handle(Filter.java:197) [org.restlet.jar:na]
	at org.restlet.routing.Filter.doHandle(Filter.java:150) [org.restlet.jar:na]
	at org.restlet.routing.Filter.handle(Filter.java:197) [org.restlet.jar:na]
	at org.restlet.routing.Router.doHandle(Router.java:422) [org.restlet.jar:na]
	at org.restlet.routing.Router.handle(Router.java:639) [org.restlet.jar:na]
	at org.restlet.routing.Filter.doHandle(Filter.java:150) [org.restlet.jar:na]
	at org.restlet.routing.Filter.handle(Filter.java:197) [org.restlet.jar:na]
	at org.restlet.routing.Filter.doHandle(Filter.java:150) [org.restlet.jar:na]
	at org.restlet.routing.Filter.handle(Filter.java:197) [org.restlet.jar:na]
	at org.restlet.routing.Filter.doHandle(Filter.java:150) [org.restlet.jar:na]
	at org.restlet.routing.Filter.handle(Filter.java:197) [org.restlet.jar:na]
	at org.restlet.routing.Filter.doHandle(Filter.java:150) [org.restlet.jar:na]
	at org.restlet.routing.Filter.handle(Filter.java:197) [org.restlet.jar:na]
	at org.restlet.routing.Filter.doHandle(Filter.java:150) [org.restlet.jar:na]
	at org.restlet.routing.Filter.handle(Filter.java:197) [org.restlet.jar:na]
	at org.restlet.routing.Filter.doHandle(Filter.java:150) [org.restlet.jar:na]
	at org.restlet.engine.application.StatusFilter.doHandle(StatusFilter.java:140) [org.restlet.jar:na]
	at org.restlet.routing.Filter.handle(Filter.java:197) [org.restlet.jar:na]
	at org.restlet.routing.Filter.doHandle(Filter.java:150) [org.restlet.jar:na]
	at org.restlet.routing.Filter.handle(Filter.java:197) [org.restlet.jar:na]
	at org.restlet.engine.CompositeHelper.handle(CompositeHelper.java:202) [org.restlet.jar:na]
	at org.restlet.engine.application.ApplicationHelper.handle(ApplicationHelper.java:75) [org.restlet.jar:na]
	at org.restlet.Application.handle(Application.java:385) [org.restlet.jar:na]
	at org.restlet.routing.Filter.doHandle(Filter.java:150) [org.restlet.jar:na]
	at org.restlet.routing.Filter.handle(Filter.java:197) [org.restlet.jar:na]
	at org.restlet.routing.Router.doHandle(Router.java:422) [org.restlet.jar:na]
	at org.restlet.routing.Router.handle(Router.java:639) [org.restlet.jar:na]
	at org.restlet.routing.Filter.doHandle(Filter.java:150) [org.restlet.jar:na]
	at org.restlet.routing.Filter.handle(Filter.java:197) [org.restlet.jar:na]
	at org.restlet.routing.Router.doHandle(Router.java:422) [org.restlet.jar:na]
	at org.restlet.routing.Router.handle(Router.java:639) [org.restlet.jar:na]
	at org.restlet.routing.Filter.doHandle(Filter.java:150) [org.restlet.jar:na]
	at org.restlet.engine.application.StatusFilter.doHandle(StatusFilter.java:140) [org.restlet.jar:na]
	at org.restlet.routing.Filter.handle(Filter.java:197) [org.restlet.jar:na]
	at org.restlet.routing.Filter.doHandle(Filter.java:150) [org.restlet.jar:na]
	at org.restlet.routing.Filter.handle(Filter.java:197) [org.restlet.jar:na]
	at org.restlet.engine.CompositeHelper.handle(CompositeHelper.java:202) [org.restlet.jar:na]
	at org.restlet.Component.handle(Component.java:408) [org.restlet.jar:na]
	at org.restlet.Server.handle(Server.java:507) [org.restlet.jar:na]
	at org.restlet.engine.connector.ServerHelper.handle(ServerHelper.java:63) [org.restlet.jar:na]
	at org.restlet.engine.adapter.HttpServerHelper.handle(HttpServerHelper.java:143) [org.restlet.jar:na]
	at org.restlet.ext.jetty.JettyServerHelper$WrappedServer.handle(JettyServerHelper.java:273) [org.restlet.ext.jetty.jar:na]
	at org.eclipse.jetty.server.HttpChannel.handle(HttpChannel.java:310) [jetty-server-9.2.11.v20150529.jar:9.2.11.v20150529]
	at org.eclipse.jetty.server.HttpConnection.onFillable(HttpConnection.java:257) [jetty-server-9.2.11.v20150529.jar:9.2.11.v20150529]
	at org.eclipse.jetty.io.AbstractConnection$2.run(AbstractConnection.java:540) [jetty-io-9.2.11.v20150529.jar:9.2.11.v20150529]
	at org.eclipse.jetty.util.thread.QueuedThreadPool.runJob(QueuedThreadPool.java:635) [jetty-util-9.2.11.v20150529.jar:9.2.11.v20150529]
	at org.eclipse.jetty.util.thread.QueuedThreadPool$3.run(QueuedThreadPool.java:555) [jetty-util-9.2.11.v20150529.jar:9.2.11.v20150529]
	at java.lang.Thread.run(Unknown Source) [na:1.8.0_91]
Caused by: java.net.UnknownHostException: dynamodb.us-east-1.amazonaws.com
	at java.net.Inet6AddressImpl.lookupAllHostAddr(Native Method) ~[na:1.8.0_91]
	at java.net.InetAddress$2.lookupAllHostAddr(Unknown Source) ~[na:1.8.0_91]
	at java.net.InetAddress.getAddressesFromNameService(Unknown Source) ~[na:1.8.0_91]
	at java.net.InetAddress.getAllByName0(Unknown Source) ~[na:1.8.0_91]
	at java.net.InetAddress.getAllByName(Unknown Source) ~[na:1.8.0_91]
	at java.net.InetAddress.getAllByName(Unknown Source) ~[na:1.8.0_91]
	at com.amazonaws.SystemDefaultDnsResolver.resolve(SystemDefaultDnsResolver.java:27) ~[na:na]
	at com.amazonaws.http.DelegatingDnsResolver.resolve(DelegatingDnsResolver.java:38) ~[na:na]
	at org.apache.http.impl.conn.DefaultHttpClientConnectionOperator.connect(DefaultHttpClientConnectionOperator.java:111) ~[na:na]
	at org.apache.http.impl.conn.PoolingHttpClientConnectionManager.connect(PoolingHttpClientConnectionManager.java:353) ~[na:na]
	at sun.reflect.NativeMethodAccessorImpl.invoke0(Native Method) ~[na:1.8.0_91]
	at sun.reflect.NativeMethodAccessorImpl.invoke(Unknown Source) ~[na:1.8.0_91]
	at sun.reflect.DelegatingMethodAccessorImpl.invoke(Unknown Source) ~[na:1.8.0_91]
	at java.lang.reflect.Method.invoke(Unknown Source) ~[na:1.8.0_91]
	at com.amazonaws.http.conn.ClientConnectionManagerFactory$Handler.invoke(ClientConnectionManagerFactory.java:76) ~[na:na]
	at com.amazonaws.http.conn.$Proxy24.connect(Unknown Source) ~[na:na]
	at org.apache.http.impl.execchain.MainClientExec.establishRoute(MainClientExec.java:380) ~[na:na]
	at org.apache.http.impl.execchain.MainClientExec.execute(MainClientExec.java:236) ~[na:na]
	at org.apache.http.impl.execchain.ProtocolExec.execute(ProtocolExec.java:184) ~[na:na]
	at org.apache.http.impl.client.InternalHttpClient.doExecute(InternalHttpClient.java:184) ~[na:na]
	at org.apache.http.impl.client.CloseableHttpClient.execute(CloseableHttpClient.java:82) ~[na:na]
	at org.apache.http.impl.client.CloseableHttpClient.execute(CloseableHttpClient.java:55) ~[na:na]
	at com.amazonaws.http.apache.client.impl.SdkHttpClient.execute(SdkHttpClient.java:72) ~[na:na]
	at com.amazonaws.http.AmazonHttpClient$RequestExecutor.executeOneRequest(AmazonHttpClient.java:1099) ~[na:na]
	at com.amazonaws.http.AmazonHttpClient$RequestExecutor.executeHelper(AmazonHttpClient.java:948) ~[na:na]
	... 87 common frames omitted
2016-10-10 16:29:59,512 INFO  [LogService                                   ] - 2016-10-10	16:29:59	0:0:0:0:0:0:0:1	admin	0:0:0:0:0:0:0:1	2020	GET	/sidebar/v1	-	500	-	0	49036	http://localhost:2020	Mozilla/5.0 (Windows NT 6.1; WOW64) AppleWebKit/537.36 (KHTML, like Gecko) Chrome/53.0.2785.116 Safari/537.36	http://localhost:2020/
