2016-10-10 16:29:07,788 WARN  [io.skysail.core.app.SkysailApplication     ] - there are no entities defined for the applicationModel JavaApplicationModel: webconsole
Repositories: 
Repositories(repositories={})

2016-10-10 16:29:07,799 WARN  [io.skysail.core.app.SkysailApplication     ] - there are no entities defined for the applicationModel JavaApplicationModel: sidebar
Repositories: 
Repositories(repositories={io.skysail.server.db.versions.impl.ComponentDbVersion=io.skysail.server.db.versions.impl.VersionsRepository@792b15ee})

2016-10-10 16:29:59,282 ERROR [i.s.s.r.f.h.ExceptionCatchingFilterHelper    ] - Unable to execute HTTP request: dynamodb.us-east-1.amazonaws.com
com.amazonaws.AmazonClientException: Unable to execute HTTP request: dynamodb.us-east-1.amazonaws.com
	at com.amazonaws.http.AmazonHttpClient$RequestExecutor.executeHelper(AmazonHttpClient.java:956) ~[na:na]
	at com.amazonaws.http.AmazonHttpClient$RequestExecutor.doExecute(AmazonHttpClient.java:661) ~[na:na]
	at com.amazonaws.http.AmazonHttpClient$RequestExecutor.executeWithTimer(AmazonHttpClient.java:635) ~[na:na]
	at com.amazonaws.http.AmazonHttpClient$RequestExecutor.execute(AmazonHttpClient.java:618) ~[na:na]
	at com.amazonaws.http.AmazonHttpClient$RequestExecutor.access$300(AmazonHttpClient.java:586) ~[na:na]
	at com.amazonaws.http.AmazonHttpClient$RequestExecutionBuilderImpl.execute(AmazonHttpClient.java:573) ~[na:na]
	at com.amazonaws.http.AmazonHttpClient.execute(AmazonHttpClient.java:445) ~[na:na]
	at com.amazonaws.services.dynamodbv2.AmazonDynamoDBClient.doInvoke(AmazonDynamoDBClient.java:1722) ~[na:na]
	at com.amazonaws.services.dynamodbv2.AmazonDynamoDBClient.invoke(AmazonDynamoDBClient.java:1698) ~[na:na]
	at com.amazonaws.services.dynamodbv2.AmazonDynamoDBClient.batchGetItem(AmazonDynamoDBClient.java:515) ~[na:na]
	at com.amazonaws.services.dynamodbv2.document.internal.BatchGetItemImpl.doBatchGetItem(BatchGetItemImpl.java:97) ~[na:na]
	at com.amazonaws.services.dynamodbv2.document.internal.BatchGetItemImpl.batchGetItem(BatchGetItemImpl.java:58) ~[na:na]
	at com.amazonaws.services.dynamodbv2.document.DynamoDB.batchGetItem(DynamoDB.java:153) ~[na:na]
	at io.skysail.server.app.sidebar.SidebarsResource.getEntity(SidebarsResource.java:32) ~[na:na]
	at io.skysail.server.app.sidebar.SidebarsResource.getEntity(SidebarsResource.java:1) ~[na:na]
	at io.skysail.server.restlet.resources.SkysailServerResource.getEntity(SkysailServerResource.java:133) ~[skysail.server.jar:na]
	at io.skysail.server.restlet.filter.DataExtractingFilter.doHandle(DataExtractingFilter.java:21) ~[skysail.server.jar:na]
	at io.skysail.server.restlet.filter.AbstractResourceFilter.handleMe(AbstractResourceFilter.java:99) [skysail.server.jar:na]
	at io.skysail.server.restlet.filter.AbstractResourceFilter.doHandle(AbstractResourceFilter.java:82) [skysail.server.jar:na]
	at io.skysail.server.restlet.filter.AbstractResourceFilter.handleMe(AbstractResourceFilter.java:99) [skysail.server.jar:na]
	at io.skysail.server.restlet.filter.AbstractResourceFilter.doHandle(AbstractResourceFilter.java:82) [skysail.server.jar:na]
	at io.skysail.server.restlet.filter.ExceptionCatchingFilter.doHandle(ExceptionCatchingFilter.java:26) ~[skysail.server.jar:na]
	at io.skysail.server.restlet.filter.AbstractResourceFilter.handleMe(AbstractResourceFilter.java:99) [skysail.server.jar:na]
	at io.skysail.server.restlet.filter.AbstractResourceFilter.handleList(AbstractResourceFilter.java:51) [skysail.server.jar:na]
	at io.skysail.server.restlet.resources.ListServerResource.listEntities(ListServerResource.java:138) [skysail.server.jar:na]
	at io.skysail.server.restlet.resources.ListServerResource.getEntities(ListServerResource.java:126) [skysail.server.jar:na]
	at sun.reflect.NativeMethodAccessorImpl.invoke0(Native Method) ~[na:1.8.0_91]
	at sun.reflect.NativeMethodAccessorImpl.invoke(Unknown Source) ~[na:1.8.0_91]
	at sun.reflect.DelegatingMethodAccessorImpl.invoke(Unknown Source) ~[na:1.8.0_91]
	at java.lang.reflect.Method.invoke(Unknown Source) ~[na:1.8.0_91]
	at org.restlet.resource.ServerResource.doHandle(ServerResource.java:520) [org.restlet.jar:na]
	at org.restlet.resource.ServerResource.get(ServerResource.java:742) [org.restlet.jar:na]
	at org.restlet.resource.ServerResource.doHandle(ServerResource.java:617) [org.restlet.jar:na]
	at org.restlet.resource.ServerResource.doNegotiatedHandle(ServerResource.java:678) [org.restlet.jar:na]
	at org.restlet.resource.ServerResource.doConditionalHandle(ServerResource.java:356) [org.restlet.jar:na]
	at org.restlet.resource.ServerResource.handle(ServerResource.java:1043) [org.restlet.jar:na]
	at org.restlet.resource.Finder.handle(Finder.java:236) [org.restlet.jar:na]
	at org.restlet.routing.Filter.doHandle(Filter.java:150) [org.restlet.jar:na]
	at org.restlet.routing.Filter.handle(Filter.java:197) [org.restlet.jar:na]
	at org.restlet.routing.Filter.doHandle(Filter.java:150) [org.restlet.jar:na]
	at org.restlet.routing.Filter.handle(Filter.java:197) [org.restlet.jar:na]
	at org.restlet.routing.Filter.doHandle(Filter.java:150) [org.restlet.jar:na]
	at org.restlet.routing.Filter.handle(Filter.java:197) [org.restlet.jar:na]
	at org.restlet.routing.Router.doHandle(Router.java:422) [org.restlet.jar:na]
	at org.restlet.routing.Router.handle(Router.java:639) [org.restlet.jar:na]
	at org.restlet.routing.Filter.doHandle(Filter.java:150) [org.restlet.jar:na]
	at org.restlet.routing.Filter.handle(Filter.java:197) [org.restlet.jar:na]
	at org.restlet.routing.Filter.doHandle(Filter.java:150) [org.restlet.jar:na]
	at org.restlet.routing.Filter.handle(Filter.java:197) [org.restlet.jar:na]
	at org.restlet.routing.Filter.doHandle(Filter.java:150) [org.restlet.jar:na]
	at org.restlet.routing.Filter.handle(Filter.java:197) [org.restlet.jar:na]
	at org.restlet.routing.Filter.doHandle(Filter.java:150) [org.restlet.jar:na]
	at org.restlet.routing.Filter.handle(Filter.java:197) [org.restlet.jar:na]
	at org.restlet.routing.Filter.doHandle(Filter.java:150) [org.restlet.jar:na]
	at org.restlet.routing.Filter.handle(Filter.java:197) [org.restlet.jar:na]
	at org.restlet.routing.Filter.doHandle(Filter.java:150) [org.restlet.jar:na]
	at org.restlet.engine.application.StatusFilter.doHandle(StatusFilter.java:140) [org.restlet.jar:na]
	at org.restlet.routing.Filter.handle(Filter.java:197) [org.restlet.jar:na]
	at org.restlet.routing.Filter.doHandle(Filter.java:150) [org.restlet.jar:na]
	at org.restlet.routing.Filter.handle(Filter.java:197) [org.restlet.jar:na]
	at org.restlet.engine.CompositeHelper.handle(CompositeHelper.java:202) [org.restlet.jar:na]
	at org.restlet.engine.application.ApplicationHelper.handle(ApplicationHelper.java:75) [org.restlet.jar:na]
	at org.restlet.Application.handle(Application.java:385) [org.restlet.jar:na]
	at org.restlet.routing.Filter.doHandle(Filter.java:150) [org.restlet.jar:na]
	at org.restlet.routing.Filter.handle(Filter.java:197) [org.restlet.jar:na]
	at org.restlet.routing.Router.doHandle(Router.java:422) [org.restlet.jar:na]
	at org.restlet.routing.Router.handle(Router.java:639) [org.restlet.jar:na]
	at org.restlet.routing.Filter.doHandle(Filter.java:150) [org.restlet.jar:na]
	at org.restlet.routing.Filter.handle(Filter.java:197) [org.restlet.jar:na]
	at org.restlet.routing.Router.doHandle(Router.java:422) [org.restlet.jar:na]
	at org.restlet.routing.Router.handle(Router.java:639) [org.restlet.jar:na]
	at org.restlet.routing.Filter.doHandle(Filter.java:150) [org.restlet.jar:na]
	at org.restlet.engine.application.StatusFilter.doHandle(StatusFilter.java:140) [org.restlet.jar:na]
	at org.restlet.routing.Filter.handle(Filter.java:197) [org.restlet.jar:na]
	at org.restlet.routing.Filter.doHandle(Filter.java:150) [org.restlet.jar:na]
	at org.restlet.routing.Filter.handle(Filter.java:197) [org.restlet.jar:na]
	at org.restlet.engine.CompositeHelper.handle(CompositeHelper.java:202) [org.restlet.jar:na]
	at org.restlet.Component.handle(Component.java:408) [org.restlet.jar:na]
	at org.restlet.Server.handle(Server.java:507) [org.restlet.jar:na]
	at org.restlet.engine.connector.ServerHelper.handle(ServerHelper.java:63) [org.restlet.jar:na]
	at org.restlet.engine.adapter.HttpServerHelper.handle(HttpServerHelper.java:143) [org.restlet.jar:na]
	at org.restlet.ext.jetty.JettyServerHelper$WrappedServer.handle(JettyServerHelper.java:273) [org.restlet.ext.jetty.jar:na]
	at org.eclipse.jetty.server.HttpChannel.handle(HttpChannel.java:310) [jetty-server-9.2.11.v20150529.jar:9.2.11.v20150529]
	at org.eclipse.jetty.server.HttpConnection.onFillable(HttpConnection.java:257) [jetty-server-9.2.11.v20150529.jar:9.2.11.v20150529]
	at org.eclipse.jetty.io.AbstractConnection$2.run(AbstractConnection.java:540) [jetty-io-9.2.11.v20150529.jar:9.2.11.v20150529]
	at org.eclipse.jetty.util.thread.QueuedThreadPool.runJob(QueuedThreadPool.java:635) [jetty-util-9.2.11.v20150529.jar:9.2.11.v20150529]
	at org.eclipse.jetty.util.thread.QueuedThreadPool$3.run(QueuedThreadPool.java:555) [jetty-util-9.2.11.v20150529.jar:9.2.11.v20150529]
	at java.lang.Thread.run(Unknown Source) [na:1.8.0_91]
Caused by: java.net.UnknownHostException: dynamodb.us-east-1.amazonaws.com
	at java.net.Inet6AddressImpl.lookupAllHostAddr(Native Method) ~[na:1.8.0_91]
	at java.net.InetAddress$2.lookupAllHostAddr(Unknown Source) ~[na:1.8.0_91]
	at java.net.InetAddress.getAddressesFromNameService(Unknown Source) ~[na:1.8.0_91]
	at java.net.InetAddress.getAllByName0(Unknown Source) ~[na:1.8.0_91]
	at java.net.InetAddress.getAllByName(Unknown Source) ~[na:1.8.0_91]
	at java.net.InetAddress.getAllByName(Unknown Source) ~[na:1.8.0_91]
	at com.amazonaws.SystemDefaultDnsResolver.resolve(SystemDefaultDnsResolver.java:27) ~[na:na]
	at com.amazonaws.http.DelegatingDnsResolver.resolve(DelegatingDnsResolver.java:38) ~[na:na]
	at org.apache.http.impl.conn.DefaultHttpClientConnectionOperator.connect(DefaultHttpClientConnectionOperator.java:111) ~[na:na]
	at org.apache.http.impl.conn.PoolingHttpClientConnectionManager.connect(PoolingHttpClientConnectionManager.java:353) ~[na:na]
	at sun.reflect.NativeMethodAccessorImpl.invoke0(Native Method) ~[na:1.8.0_91]
	at sun.reflect.NativeMethodAccessorImpl.invoke(Unknown Source) ~[na:1.8.0_91]
	at sun.reflect.DelegatingMethodAccessorImpl.invoke(Unknown Source) ~[na:1.8.0_91]
	at java.lang.reflect.Method.invoke(Unknown Source) ~[na:1.8.0_91]
	at com.amazonaws.http.conn.ClientConnectionManagerFactory$Handler.invoke(ClientConnectionManagerFactory.java:76) ~[na:na]
	at com.amazonaws.http.conn.$Proxy24.connect(Unknown Source) ~[na:na]
	at org.apache.http.impl.execchain.MainClientExec.establishRoute(MainClientExec.java:380) ~[na:na]
	at org.apache.http.impl.execchain.MainClientExec.execute(MainClientExec.java:236) ~[na:na]
	at org.apache.http.impl.execchain.ProtocolExec.execute(ProtocolExec.java:184) ~[na:na]
	at org.apache.http.impl.client.InternalHttpClient.doExecute(InternalHttpClient.java:184) ~[na:na]
	at org.apache.http.impl.client.CloseableHttpClient.execute(CloseableHttpClient.java:82) ~[na:na]
	at org.apache.http.impl.client.CloseableHttpClient.execute(CloseableHttpClient.java:55) ~[na:na]
	at com.amazonaws.http.apache.client.impl.SdkHttpClient.execute(SdkHttpClient.java:72) ~[na:na]
	at com.amazonaws.http.AmazonHttpClient$RequestExecutor.executeOneRequest(AmazonHttpClient.java:1099) ~[na:na]
	at com.amazonaws.http.AmazonHttpClient$RequestExecutor.executeHelper(AmazonHttpClient.java:948) ~[na:na]
	... 87 common frames omitted
