2016-10-11 21:49:55,007 INFO  [io.skysail.server.app.ApplicationList        ] - (+ ApplicationModel) (#01) with name 'root'
2016-10-11 21:49:55,098 INFO  [io.skysail.server.app.ApplicationList        ] - (+ ApplicationModel) (#02) with name 'webapp'
2016-10-11 21:49:56,618 INFO  [io.skysail.server.http.HttpServer            ] - 
2016-10-11 21:49:56,619 INFO  [io.skysail.server.http.HttpServer            ] - ====================================
2016-10-11 21:49:56,619 INFO  [io.skysail.server.http.HttpServer            ] - Starting skysail server on port 2020
2016-10-11 21:49:56,619 INFO  [io.skysail.server.http.HttpServer            ] - ====================================
2016-10-11 21:49:56,619 INFO  [io.skysail.server.http.HttpServer            ] - 
2016-10-11 21:49:56,659 INFO  [org.restlet                                  ] - Starting the Jetty [HTTP/1.1] server on port 2020
2016-10-11 21:49:56,845 INFO  [org.restlet                                  ] - Stopping the Jetty [HTTP/1.1] server on port 2020
2016-10-11 21:49:56,877 INFO  [io.skysail.server.http.HttpServer            ] - 
2016-10-11 21:49:56,878 INFO  [io.skysail.server.http.HttpServer            ] - ====================================
2016-10-11 21:49:56,878 INFO  [io.skysail.server.http.HttpServer            ] - Starting skysail server on port 2020
2016-10-11 21:49:56,878 INFO  [io.skysail.server.http.HttpServer            ] - ====================================
2016-10-11 21:49:56,878 INFO  [io.skysail.server.http.HttpServer            ] - 
2016-10-11 21:49:56,878 INFO  [org.restlet                                  ] - Starting the Jetty [HTTP/1.1] server on port 2020
2016-10-11 21:49:56,924 INFO  [io.skysail.server.app.ApplicationList        ] - (+ ApplicationModel) (#03) with name 'static'
2016-10-11 21:49:56,975 INFO  [io.skysail.server.app.ApplicationList        ] - (+ ApplicationModel) (#04) with name 'i18n'
2016-10-11 21:49:57,054 INFO  [io.skysail.server.app.ApplicationList        ] - (+ ApplicationModel) (#05) with name 'io.skysail.server.um.shiro.app.ShiroUmApplication'
2016-10-11 21:49:57,082 INFO  [i.s.s.u.s.ShiroBasedUserManagementProvider   ] - USER MANAGEMENT PROVIDER: activating provider 'io.skysail.server.um.shiro.ShiroBasedUserManagementProvider'
2016-10-11 21:49:57,148 INFO  [io.skysail.server.app.ServiceList            ] - USER MANAGEMENT PROVIDER: setting provider to 'io.skysail.server.um.shiro.ShiroBasedUserManagementProvider'
2016-10-11 21:49:57,233 INFO  [io.skysail.server.app.ApplicationList        ] - (+ ApplicationModel) (#06) with name 'webconsole'
2016-10-11 21:49:57,244 INFO  [io.skysail.server.app.ApplicationList        ] - (+ ApplicationModel) (#07) with name 'pact'
2016-10-11 21:50:01,315 INFO  [o.r.S.I.SkysailRootApplication               ] - Starting io.skysail.server.app.SkysailRootApplication application
2016-10-11 21:50:01,323 INFO  [io.skysail.server.app.SkysailApplication     ] - creating new Router in io.skysail.server.app.SkysailRootApplication
2016-10-11 21:50:01,325 INFO  [io.skysail.server.app.SkysailApplication     ] - adding extensions to metadata service
2016-10-11 21:50:01,325 INFO  [io.skysail.server.app.SkysailApplication     ] - adding protocols
2016-10-11 21:50:01,399 INFO  [io.skysail.server.restlet.SkysailRouter      ] - routing path '/root/' -> AlwaysAuthenticatedAuthenticator -> RolesPredicateAuthorizer -> Finder -> DefaultResource
2016-10-11 21:50:01,406 INFO  [io.skysail.server.restlet.SkysailRouter      ] - routing path '/root/_login' -> AlwaysAuthenticatedAuthenticator -> RolesPredicateAuthorizer -> Finder -> LoginResource
2016-10-11 21:50:01,410 INFO  [io.skysail.server.restlet.SkysailRouter      ] - routing path '/root/_logout' -> AlwaysAuthenticatedAuthenticator -> RolesPredicateAuthorizer -> Finder -> LogoutResource
2016-10-11 21:50:01,415 INFO  [io.skysail.server.restlet.SkysailRouter      ] - routing path '/root/_profile' -> AlwaysAuthenticatedAuthenticator -> RolesPredicateAuthorizer -> Finder -> ProfileResource
2016-10-11 21:50:01,425 INFO  [o.r.S.InternalRouter.WebappApplication       ] - Starting io.skysail.server.converter.WebappApplication application
2016-10-11 21:50:01,432 INFO  [o.r.S.InternalRouter.WebappApplication       ] - Starting de.twenty11.skysail.server.webapp.internal.WebappApplication application
2016-10-11 21:50:01,435 INFO  [o.r.S.InternalRouter.I18nApplication         ] - Starting io.skysail.server.text.store.bundleresource.impl.I18nApplication application
2016-10-11 21:50:01,436 INFO  [io.skysail.server.app.SkysailApplication     ] - creating new Router in io.skysail.server.text.store.bundleresource.impl.I18nApplication
2016-10-11 21:50:01,437 INFO  [io.skysail.server.app.SkysailApplication     ] - adding extensions to metadata service
2016-10-11 21:50:01,437 INFO  [io.skysail.server.app.SkysailApplication     ] - adding protocols
2016-10-11 21:50:01,444 INFO  [io.skysail.server.restlet.SkysailRouter      ] - routing path '/i18n/v1' -> SkysailCookieAuthenticator -> RolesPredicateAuthorizer -> Finder -> I18nRootResource
2016-10-11 21:50:01,445 INFO  [io.skysail.server.restlet.SkysailRouter      ] - routing path '/i18n/v1/messages/' -> SkysailCookieAuthenticator -> RolesPredicateAuthorizer -> Finder -> MessagesResource
2016-10-11 21:50:01,450 INFO  [io.skysail.server.restlet.SkysailRouter      ] - routing path '/i18n/v1/messages/{key}' -> SkysailCookieAuthenticator -> RolesPredicateAuthorizer -> Finder -> MessageResource
2016-10-11 21:50:01,453 INFO  [io.skysail.server.restlet.SkysailRouter      ] - routing path '/i18n/v1/messages/{key}/' -> SkysailCookieAuthenticator -> RolesPredicateAuthorizer -> Finder -> PutMessageResource
2016-10-11 21:50:01,457 INFO  [io.skysail.server.restlet.SkysailRouter      ] - routing path '/i18n/v1/messages/{key}/{fieldname}/' -> SkysailCookieAuthenticator -> RolesPredicateAuthorizer -> Finder -> PatchMessageResource
2016-10-11 21:50:01,459 INFO  [o.r.S.InternalRouter.ShiroUmApplication      ] - Starting io.skysail.server.um.shiro.app.ShiroUmApplication application
2016-10-11 21:50:01,464 INFO  [io.skysail.server.app.SkysailApplication     ] - creating new Router in io.skysail.server.um.shiro.app.ShiroUmApplication
2016-10-11 21:50:01,465 INFO  [io.skysail.server.app.SkysailApplication     ] - adding extensions to metadata service
2016-10-11 21:50:01,465 INFO  [io.skysail.server.app.SkysailApplication     ] - adding protocols
2016-10-11 21:50:01,470 INFO  [io.skysail.server.restlet.SkysailRouter      ] - routing path '/io.skysail.server.um.shiro.app.ShiroUmApplication/v1/_login' -> AlwaysAuthenticatedAuthenticator -> RolesPredicateAuthorizer -> Finder -> LoginResource
2016-10-11 21:50:01,473 INFO  [io.skysail.server.restlet.SkysailRouter      ] - routing path '/io.skysail.server.um.shiro.app.ShiroUmApplication/v1/currentUser' -> NeverAuthenticatedAuthenticator -> RolesPredicateAuthorizer -> Finder -> CurrentUserResource
2016-10-11 21:50:01,474 INFO  [o.r.S.I.WebconsoleApplication                ] - Starting io.skysail.server.app.webconsole.WebconsoleApplication application
2016-10-11 21:50:01,475 INFO  [io.skysail.server.app.SkysailApplication     ] - creating new Router in io.skysail.server.app.webconsole.WebconsoleApplication
2016-10-11 21:50:01,476 INFO  [io.skysail.server.app.SkysailApplication     ] - adding extensions to metadata service
2016-10-11 21:50:01,476 INFO  [io.skysail.server.app.SkysailApplication     ] - adding protocols
2016-10-11 21:50:01,477 WARN  [io.skysail.server.app.SkysailApplication     ] - there are no entities defined for the applicationModel JavaApplicationModel: webconsole
Repositories: 
Repositories(repositories={})

2016-10-11 21:50:01,483 INFO  [io.skysail.server.restlet.SkysailRouter      ] - routing path '/webconsole/v1' -> SkysailCookieAuthenticator -> RolesPredicateAuthorizer -> Finder -> BundlesResource
2016-10-11 21:50:01,483 INFO  [io.skysail.server.restlet.SkysailRouter      ] - routing path '/webconsole/v1/bundles' -> SkysailCookieAuthenticator -> RolesPredicateAuthorizer -> Finder -> BundlesResource
2016-10-11 21:50:01,489 INFO  [io.skysail.server.restlet.SkysailRouter      ] - routing path '/webconsole/v1/bundles/{id}' -> SkysailCookieAuthenticator -> RolesPredicateAuthorizer -> Finder -> BundleResource
2016-10-11 21:50:01,493 INFO  [io.skysail.server.restlet.SkysailRouter      ] - routing path '/webconsole/v1/services' -> SkysailCookieAuthenticator -> RolesPredicateAuthorizer -> Finder -> ServicesResource
2016-10-11 21:50:01,496 INFO  [io.skysail.server.restlet.SkysailRouter      ] - routing path '/webconsole/v1/services/{id}' -> SkysailCookieAuthenticator -> RolesPredicateAuthorizer -> Finder -> ServiceResource
2016-10-11 21:50:01,498 INFO  [io.skysail.server.restlet.SkysailRouter      ] - routing path '/webconsole/v1/backend/bundles' -> SkysailCookieAuthenticator -> RolesPredicateAuthorizer -> Finder -> JsonBundlesResource
2016-10-11 21:50:01,499 INFO  [o.r.S.InternalRouter.PactApplication         ] - Starting skysail.server.app.pact.PactApplication application
2016-10-11 21:50:01,500 INFO  [io.skysail.server.app.SkysailApplication     ] - creating new Router in skysail.server.app.pact.PactApplication
2016-10-11 21:50:01,501 INFO  [io.skysail.server.app.SkysailApplication     ] - adding extensions to metadata service
2016-10-11 21:50:01,501 INFO  [io.skysail.server.app.SkysailApplication     ] - adding protocols
2016-10-11 21:50:01,502 WARN  [io.skysail.server.app.SkysailApplication     ] - there are no entities defined for the applicationModel JavaApplicationModel: pact
Repositories: 
Repositories(repositories={io.skysail.server.db.versions.impl.ComponentDbVersion=io.skysail.server.db.versions.impl.VersionsRepository@762c2413, skysail.server.app.pact.Pact=skysail.server.app.pact.PactRepository@4b2a13c1})

2016-10-11 21:50:01,505 INFO  [io.skysail.server.restlet.SkysailRouter      ] - routing path '/pact/v1' -> SkysailCookieAuthenticator -> RolesPredicateAuthorizer -> Finder -> PactsResource
2016-10-11 21:50:01,507 INFO  [io.skysail.server.restlet.SkysailRouter      ] - routing path '/pact/v1/pacts/{id}' -> SkysailCookieAuthenticator -> RolesPredicateAuthorizer -> Finder -> PactResource
2016-10-11 21:50:01,509 INFO  [io.skysail.server.restlet.SkysailRouter      ] - routing path '/pact/v1/pacts/' -> SkysailCookieAuthenticator -> RolesPredicateAuthorizer -> Finder -> PostPactResource
2016-10-11 21:50:01,511 INFO  [io.skysail.server.restlet.SkysailRouter      ] - routing path '/pact/v1/pacts/{id}/' -> SkysailCookieAuthenticator -> RolesPredicateAuthorizer -> Finder -> PutPactResource
2016-10-11 21:50:01,513 INFO  [io.skysail.server.restlet.SkysailRouter      ] - routing path '/pact/v1/pacts' -> SkysailCookieAuthenticator -> RolesPredicateAuthorizer -> Finder -> PactsResource
2016-10-11 21:50:01,516 INFO  [io.skysail.server.restlet.SkysailRouter      ] - routing path '/pact/v1/pacts/{id}/next' -> SkysailCookieAuthenticator -> RolesPredicateAuthorizer -> Finder -> NextCandiateResource
2016-10-11 21:50:02,196 INFO  [i.s.s.u.s.a.SkysailHashedCredentialsMatcher  ] - added entry $2a$12$52R8v2QH3vQRz8NcdtOm5.HhE5tFPZ0T/.MpfUa9rBzOugK.btAHS to credentials hash cache with current timestamp, size now is 1
2016-10-11 21:50:03,211 INFO  [LogService                                   ] - 2016-10-11	21:50:03	0:0:0:0:0:0:0:1	admin	0:0:0:0:0:0:0:1	2020	GET	/v1/pacts/14:0/next	-	200	-	0	1690	http://localhost:2020	Mozilla/5.0 (Macintosh; Intel Mac OS X 10_12_0) AppleWebKit/537.36 (KHTML, like Gecko) Chrome/52.0.2743.116 Safari/537.36	-
2016-10-11 21:50:05,895 INFO  [LogService                                   ] - 2016-10-11	21:50:05	0:0:0:0:0:0:0:1	admin	0:0:0:0:0:0:0:1	2020	GET	/v1/pacts	-	200	-	0	426	http://localhost:2020	Mozilla/5.0 (Macintosh; Intel Mac OS X 10_12_0) AppleWebKit/537.36 (KHTML, like Gecko) Chrome/52.0.2743.116 Safari/537.36	http://localhost:2020/pact/v1/pacts/14:0/next
2016-10-11 21:50:07,707 INFO  [LogService                                   ] - 2016-10-11	21:50:07	0:0:0:0:0:0:0:1	admin	0:0:0:0:0:0:0:1	2020	GET	/v1/pacts	-	200	-	0	456	http://localhost:2020	Mozilla/5.0 (Macintosh; Intel Mac OS X 10_12_0) AppleWebKit/537.36 (KHTML, like Gecko) Chrome/52.0.2743.116 Safari/537.36	http://localhost:2020/pact/v1/pacts
2016-10-11 21:50:15,237 INFO  [LogService                                   ] - 2016-10-11	21:50:15	0:0:0:0:0:0:0:1	admin	0:0:0:0:0:0:0:1	2020	POST	/v1/pacts/v%28skysail_server_app_pact_Pact%29%5B14%3A0%5D	-	303	-	34	623	http://localhost:2020	Mozilla/5.0 (Macintosh; Intel Mac OS X 10_12_0) AppleWebKit/537.36 (KHTML, like Gecko) Chrome/52.0.2743.116 Safari/537.36	http://localhost:2020/pact/v1/pacts/
2016-10-11 21:50:15,617 INFO  [LogService                                   ] - 2016-10-11	21:50:15	0:0:0:0:0:0:0:1	admin	0:0:0:0:0:0:0:1	2020	GET	/v1/pacts	-	200	-	0	375	http://localhost:2020	Mozilla/5.0 (Macintosh; Intel Mac OS X 10_12_0) AppleWebKit/537.36 (KHTML, like Gecko) Chrome/52.0.2743.116 Safari/537.36	http://localhost:2020/pact/v1/pacts/
2016-10-11 21:50:17,614 INFO  [LogService                                   ] - 2016-10-11	21:50:17	0:0:0:0:0:0:0:1	admin	0:0:0:0:0:0:0:1	2020	GET	/v1/pacts/14:0	-	200	-	0	434	http://localhost:2020	Mozilla/5.0 (Macintosh; Intel Mac OS X 10_12_0) AppleWebKit/537.36 (KHTML, like Gecko) Chrome/52.0.2743.116 Safari/537.36	http://localhost:2020/pact/v1/pacts?msgIds=0
2016-10-11 21:50:21,894 INFO  [LogService                                   ] - 2016-10-11	21:50:21	0:0:0:0:0:0:0:1	admin	0:0:0:0:0:0:0:1	2020	GET	/v1/pacts/14:0/next	-	200	-	0	284	http://localhost:2020	Mozilla/5.0 (Macintosh; Intel Mac OS X 10_12_0) AppleWebKit/537.36 (KHTML, like Gecko) Chrome/52.0.2743.116 Safari/537.36	-
2016-10-11 22:08:13,634 INFO  [i.s.s.u.s.a.SkysailHashedCredentialsMatcher  ] - added entry $2a$12$52R8v2QH3vQRz8NcdtOm5.HhE5tFPZ0T/.MpfUa9rBzOugK.btAHS to credentials hash cache with current timestamp, size now is 1
2016-10-11 22:08:47,504 INFO  [LogService                                   ] - 2016-10-11	22:08:47	0:0:0:0:0:0:0:1	admin	0:0:0:0:0:0:0:1	2020	GET	/v1/pacts/14:0/next	-	200	-	0	34299	http://localhost:2020	Mozilla/5.0 (Macintosh; Intel Mac OS X 10_12_0) AppleWebKit/537.36 (KHTML, like Gecko) Chrome/52.0.2743.116 Safari/537.36	-
2016-10-11 22:08:47,615 INFO  [LogService                                   ] - 2016-10-11	22:08:47	0:0:0:0:0:0:0:1	-	0:0:0:0:0:0:0:1	2020	GET	/static/themes/jstree/style.min.css	-	200	-	0	13	http://localhost:2020	Mozilla/5.0 (Macintosh; Intel Mac OS X 10_12_0) AppleWebKit/537.36 (KHTML, like Gecko) Chrome/52.0.2743.116 Safari/537.36	http://localhost:2020/pact/v1/pacts/14:0/next
2016-10-11 22:08:47,629 INFO  [LogService                                   ] - 2016-10-11	22:08:47	0:0:0:0:0:0:0:1	-	0:0:0:0:0:0:0:1	2020	GET	/static/js/mousetrap/mousetrap.min.js	-	200	-	0	16	http://localhost:2020	Mozilla/5.0 (Macintosh; Intel Mac OS X 10_12_0) AppleWebKit/537.36 (KHTML, like Gecko) Chrome/52.0.2743.116 Safari/537.36	http://localhost:2020/pact/v1/pacts/14:0/next
2016-10-11 22:08:47,645 INFO  [LogService                                   ] - 2016-10-11	22:08:47	0:0:0:0:0:0:0:1	-	0:0:0:0:0:0:0:1	2020	GET	/static/js/jstree/jstree.min.js	-	200	-	0	3	http://localhost:2020	Mozilla/5.0 (Macintosh; Intel Mac OS X 10_12_0) AppleWebKit/537.36 (KHTML, like Gecko) Chrome/52.0.2743.116 Safari/537.36	http://localhost:2020/pact/v1/pacts/14:0/next
2016-10-11 22:08:47,675 INFO  [LogService                                   ] - 2016-10-11	22:08:47	0:0:0:0:0:0:0:1	-	0:0:0:0:0:0:0:1	2020	GET	/static/img/skysail.logo.png	-	200	-	0	4	http://localhost:2020	Mozilla/5.0 (Macintosh; Intel Mac OS X 10_12_0) AppleWebKit/537.36 (KHTML, like Gecko) Chrome/52.0.2743.116 Safari/537.36	http://localhost:2020/pact/v1/pacts/14:0/next
2016-10-11 22:08:53,965 INFO  [LogService                                   ] - 2016-10-11	22:08:53	0:0:0:0:0:0:0:1	admin	0:0:0:0:0:0:0:1	2020	GET	/v1/pacts/14:0/next	-	200	-	0	2014	http://localhost:2020	Mozilla/5.0 (Macintosh; Intel Mac OS X 10_12_0) AppleWebKit/537.36 (KHTML, like Gecko) Chrome/52.0.2743.116 Safari/537.36	http://localhost:2020/pact/v1/pacts/14:0/next
2016-10-11 22:08:54,027 INFO  [LogService                                   ] - 2016-10-11	22:08:54	0:0:0:0:0:0:0:1	-	0:0:0:0:0:0:0:1	2020	GET	/webapp/js/pace/pace-1.0.0.min.js	-	200	-	0	11	http://localhost:2020	Mozilla/5.0 (Macintosh; Intel Mac OS X 10_12_0) AppleWebKit/537.36 (KHTML, like Gecko) Chrome/52.0.2743.116 Safari/537.36	http://localhost:2020/pact/v1/pacts/14:0/next
2016-10-11 22:08:54,032 INFO  [LogService                                   ] - 2016-10-11	22:08:54	0:0:0:0:0:0:0:1	-	0:0:0:0:0:0:0:1	2020	GET	/webapp/css/pace/pace-minimal.css	-	200	-	0	14	http://localhost:2020	Mozilla/5.0 (Macintosh; Intel Mac OS X 10_12_0) AppleWebKit/537.36 (KHTML, like Gecko) Chrome/52.0.2743.116 Safari/537.36	http://localhost:2020/pact/v1/pacts/14:0/next
2016-10-11 22:08:54,045 INFO  [LogService                                   ] - 2016-10-11	22:08:54	0:0:0:0:0:0:0:1	-	0:0:0:0:0:0:0:1	2020	GET	/webapp/js/jquery-1.11.1.js	-	200	-	0	10	http://localhost:2020	Mozilla/5.0 (Macintosh; Intel Mac OS X 10_12_0) AppleWebKit/537.36 (KHTML, like Gecko) Chrome/52.0.2743.116 Safari/537.36	http://localhost:2020/pact/v1/pacts/14:0/next
2016-10-11 22:08:54,047 INFO  [LogService                                   ] - 2016-10-11	22:08:54	0:0:0:0:0:0:0:1	-	0:0:0:0:0:0:0:1	2020	GET	/webapp/css/trix/trix.css	-	200	-	0	8	http://localhost:2020	Mozilla/5.0 (Macintosh; Intel Mac OS X 10_12_0) AppleWebKit/537.36 (KHTML, like Gecko) Chrome/52.0.2743.116 Safari/537.36	http://localhost:2020/pact/v1/pacts/14:0/next
2016-10-11 22:08:54,047 INFO  [LogService                                   ] - 2016-10-11	22:08:54	0:0:0:0:0:0:0:1	-	0:0:0:0:0:0:0:1	2020	GET	/webapp/js/jinplace/1.2.1/jinplace.js	-	200	-	0	8	http://localhost:2020	Mozilla/5.0 (Macintosh; Intel Mac OS X 10_12_0) AppleWebKit/537.36 (KHTML, like Gecko) Chrome/52.0.2743.116 Safari/537.36	http://localhost:2020/pact/v1/pacts/14:0/next
2016-10-11 22:08:54,047 INFO  [LogService                                   ] - 2016-10-11	22:08:54	0:0:0:0:0:0:0:1	-	0:0:0:0:0:0:0:1	2020	GET	/webapp/js/trix/trix.js	-	200	-	0	6	http://localhost:2020	Mozilla/5.0 (Macintosh; Intel Mac OS X 10_12_0) AppleWebKit/537.36 (KHTML, like Gecko) Chrome/52.0.2743.116 Safari/537.36	http://localhost:2020/pact/v1/pacts/14:0/next
2016-10-11 22:08:54,075 INFO  [LogService                                   ] - 2016-10-11	22:08:54	0:0:0:0:0:0:0:1	-	0:0:0:0:0:0:0:1	2020	GET	/webapp/css/bootstrap-theme.min.css	-	200	-	0	5	http://localhost:2020	Mozilla/5.0 (Macintosh; Intel Mac OS X 10_12_0) AppleWebKit/537.36 (KHTML, like Gecko) Chrome/52.0.2743.116 Safari/537.36	http://localhost:2020/pact/v1/pacts/14:0/next
2016-10-11 22:08:54,076 INFO  [LogService                                   ] - 2016-10-11	22:08:54	0:0:0:0:0:0:0:1	-	0:0:0:0:0:0:0:1	2020	GET	/webapp/css/stickyfooter.css	-	200	-	0	25	http://localhost:2020	Mozilla/5.0 (Macintosh; Intel Mac OS X 10_12_0) AppleWebKit/537.36 (KHTML, like Gecko) Chrome/52.0.2743.116 Safari/537.36	http://localhost:2020/pact/v1/pacts/14:0/next
2016-10-11 22:08:54,077 INFO  [LogService                                   ] - 2016-10-11	22:08:54	0:0:0:0:0:0:0:1	-	0:0:0:0:0:0:0:1	2020	GET	/webapp/css/bootstrap-plugins/multiselect/bootstrap-multiselect.css	-	200	-	0	3	http://localhost:2020	Mozilla/5.0 (Macintosh; Intel Mac OS X 10_12_0) AppleWebKit/537.36 (KHTML, like Gecko) Chrome/52.0.2743.116 Safari/537.36	http://localhost:2020/pact/v1/pacts/14:0/next
2016-10-11 22:08:54,116 INFO  [LogService                                   ] - 2016-10-11	22:08:54	0:0:0:0:0:0:0:1	-	0:0:0:0:0:0:0:1	2020	GET	/webapp/css/bootstrap/custom.css	-	200	-	0	4	http://localhost:2020	Mozilla/5.0 (Macintosh; Intel Mac OS X 10_12_0) AppleWebKit/537.36 (KHTML, like Gecko) Chrome/52.0.2743.116 Safari/537.36	http://localhost:2020/pact/v1/pacts/14:0/next
2016-10-11 22:08:54,118 INFO  [LogService                                   ] - 2016-10-11	22:08:54	0:0:0:0:0:0:0:1	-	0:0:0:0:0:0:0:1	2020	GET	/webapp/css/select2.css	-	200	-	0	3	http://localhost:2020	Mozilla/5.0 (Macintosh; Intel Mac OS X 10_12_0) AppleWebKit/537.36 (KHTML, like Gecko) Chrome/52.0.2743.116 Safari/537.36	http://localhost:2020/pact/v1/pacts/14:0/next
2016-10-11 22:08:54,122 INFO  [LogService                                   ] - 2016-10-11	22:08:54	0:0:0:0:0:0:0:1	-	0:0:0:0:0:0:0:1	2020	GET	/webapp/css/bootstrap.min.css	-	200	-	0	32	http://localhost:2020	Mozilla/5.0 (Macintosh; Intel Mac OS X 10_12_0) AppleWebKit/537.36 (KHTML, like Gecko) Chrome/52.0.2743.116 Safari/537.36	http://localhost:2020/pact/v1/pacts/14:0/next
2016-10-11 22:08:54,126 INFO  [LogService                                   ] - 2016-10-11	22:08:54	0:0:0:0:0:0:0:1	-	0:0:0:0:0:0:0:1	2020	GET	/webapp/css/select2-bootstrap.css	-	200	-	0	3	http://localhost:2020	Mozilla/5.0 (Macintosh; Intel Mac OS X 10_12_0) AppleWebKit/537.36 (KHTML, like Gecko) Chrome/52.0.2743.116 Safari/537.36	http://localhost:2020/pact/v1/pacts/14:0/next
2016-10-11 22:08:54,138 INFO  [LogService                                   ] - 2016-10-11	22:08:54	0:0:0:0:0:0:0:1	-	0:0:0:0:0:0:0:1	2020	GET	/webapp/js/animate/animate.css	-	200	-	0	3	http://localhost:2020	Mozilla/5.0 (Macintosh; Intel Mac OS X 10_12_0) AppleWebKit/537.36 (KHTML, like Gecko) Chrome/52.0.2743.116 Safari/537.36	http://localhost:2020/pact/v1/pacts/14:0/next
2016-10-11 22:08:54,165 INFO  [LogService                                   ] - 2016-10-11	22:08:54	0:0:0:0:0:0:0:1	-	0:0:0:0:0:0:0:1	2020	GET	/static/themes/jstree/style.min.css	-	200	-	0	5	http://localhost:2020	Mozilla/5.0 (Macintosh; Intel Mac OS X 10_12_0) AppleWebKit/537.36 (KHTML, like Gecko) Chrome/52.0.2743.116 Safari/537.36	http://localhost:2020/pact/v1/pacts/14:0/next
2016-10-11 22:08:54,173 INFO  [LogService                                   ] - 2016-10-11	22:08:54	0:0:0:0:0:0:0:1	-	0:0:0:0:0:0:0:1	2020	GET	/webapp/js/bootstrap-plugins/multiselect/bootstrap-multiselect.js	-	200	-	0	7	http://localhost:2020	Mozilla/5.0 (Macintosh; Intel Mac OS X 10_12_0) AppleWebKit/537.36 (KHTML, like Gecko) Chrome/52.0.2743.116 Safari/537.36	http://localhost:2020/pact/v1/pacts/14:0/next
2016-10-11 22:08:54,175 INFO  [LogService                                   ] - 2016-10-11	22:08:54	0:0:0:0:0:0:0:1	-	0:0:0:0:0:0:0:1	2020	GET	/static/js/mousetrap/mousetrap.min.js	-	200	-	0	13	http://localhost:2020	Mozilla/5.0 (Macintosh; Intel Mac OS X 10_12_0) AppleWebKit/537.36 (KHTML, like Gecko) Chrome/52.0.2743.116 Safari/537.36	http://localhost:2020/pact/v1/pacts/14:0/next
2016-10-11 22:08:54,484 INFO  [LogService                                   ] - 2016-10-11	22:08:54	0:0:0:0:0:0:0:1	-	0:0:0:0:0:0:0:1	2020	GET	/webapp/js/bootstrap.min.js	-	200	-	0	2	http://localhost:2020	Mozilla/5.0 (Macintosh; Intel Mac OS X 10_12_0) AppleWebKit/537.36 (KHTML, like Gecko) Chrome/52.0.2743.116 Safari/537.36	http://localhost:2020/pact/v1/pacts/14:0/next
2016-10-11 22:08:54,502 INFO  [LogService                                   ] - 2016-10-11	22:08:54	0:0:0:0:0:0:0:1	-	0:0:0:0:0:0:0:1	2020	GET	/webapp/js/noty/packaged/jquery.noty.packaged.min.js	-	200	-	0	4	http://localhost:2020	Mozilla/5.0 (Macintosh; Intel Mac OS X 10_12_0) AppleWebKit/537.36 (KHTML, like Gecko) Chrome/52.0.2743.116 Safari/537.36	http://localhost:2020/pact/v1/pacts/14:0/next
2016-10-11 22:08:54,515 INFO  [LogService                                   ] - 2016-10-11	22:08:54	0:0:0:0:0:0:0:1	-	0:0:0:0:0:0:0:1	2020	GET	/webapp/js/noty/layouts/skysail.js	-	200	-	0	3	http://localhost:2020	Mozilla/5.0 (Macintosh; Intel Mac OS X 10_12_0) AppleWebKit/537.36 (KHTML, like Gecko) Chrome/52.0.2743.116 Safari/537.36	http://localhost:2020/pact/v1/pacts/14:0/next
2016-10-11 22:08:54,523 INFO  [LogService                                   ] - 2016-10-11	22:08:54	0:0:0:0:0:0:0:1	-	0:0:0:0:0:0:0:1	2020	GET	/webapp/js/peity/jquery.peity.min.js	-	200	-	0	2	http://localhost:2020	Mozilla/5.0 (Macintosh; Intel Mac OS X 10_12_0) AppleWebKit/537.36 (KHTML, like Gecko) Chrome/52.0.2743.116 Safari/537.36	http://localhost:2020/pact/v1/pacts/14:0/next
2016-10-11 22:08:54,533 INFO  [LogService                                   ] - 2016-10-11	22:08:54	0:0:0:0:0:0:0:1	-	0:0:0:0:0:0:0:1	2020	GET	/webapp/js/select2.js	-	200	-	0	2	http://localhost:2020	Mozilla/5.0 (Macintosh; Intel Mac OS X 10_12_0) AppleWebKit/537.36 (KHTML, like Gecko) Chrome/52.0.2743.116 Safari/537.36	http://localhost:2020/pact/v1/pacts/14:0/next
2016-10-11 22:08:54,557 INFO  [LogService                                   ] - 2016-10-11	22:08:54	0:0:0:0:0:0:0:1	-	0:0:0:0:0:0:0:1	2020	GET	/static/js/jstree/jstree.min.js	-	200	-	0	4	http://localhost:2020	Mozilla/5.0 (Macintosh; Intel Mac OS X 10_12_0) AppleWebKit/537.36 (KHTML, like Gecko) Chrome/52.0.2743.116 Safari/537.36	http://localhost:2020/pact/v1/pacts/14:0/next
2016-10-11 22:08:54,572 INFO  [LogService                                   ] - 2016-10-11	22:08:54	0:0:0:0:0:0:0:1	-	0:0:0:0:0:0:0:1	2020	GET	/webapp/js/moment.js	-	200	-	0	3	http://localhost:2020	Mozilla/5.0 (Macintosh; Intel Mac OS X 10_12_0) AppleWebKit/537.36 (KHTML, like Gecko) Chrome/52.0.2743.116 Safari/537.36	http://localhost:2020/pact/v1/pacts/14:0/next
2016-10-11 22:08:54,664 INFO  [LogService                                   ] - 2016-10-11	22:08:54	0:0:0:0:0:0:0:1	-	0:0:0:0:0:0:0:1	2020	GET	/static/img/skysail.logo.png	-	200	-	0	4	http://localhost:2020	Mozilla/5.0 (Macintosh; Intel Mac OS X 10_12_0) AppleWebKit/537.36 (KHTML, like Gecko) Chrome/52.0.2743.116 Safari/537.36	http://localhost:2020/pact/v1/pacts/14:0/next
2016-10-11 22:08:54,715 INFO  [LogService                                   ] - 2016-10-11	22:08:54	0:0:0:0:0:0:0:1	-	0:0:0:0:0:0:0:1	2020	GET	/webapp/fonts/glyphicons-halflings-regular.woff	-	200	-	0	9	http://localhost:2020	Mozilla/5.0 (Macintosh; Intel Mac OS X 10_12_0) AppleWebKit/537.36 (KHTML, like Gecko) Chrome/52.0.2743.116 Safari/537.36	http://localhost:2020/webapp/css/bootstrap.min.css
2016-10-11 22:08:54,787 INFO  [LogService                                   ] - 2016-10-11	22:08:54	0:0:0:0:0:0:0:1	-	0:0:0:0:0:0:0:1	2020	GET	/static/themes/jstree/throbber.gif	-	200	-	0	3	http://localhost:2020	Mozilla/5.0 (Macintosh; Intel Mac OS X 10_12_0) AppleWebKit/537.36 (KHTML, like Gecko) Chrome/52.0.2743.116 Safari/537.36	http://localhost:2020/static/themes/jstree/style.min.css
2016-10-11 22:08:54,790 INFO  [LogService                                   ] - 2016-10-11	22:08:54	0:0:0:0:0:0:0:1	-	0:0:0:0:0:0:0:1	2020	GET	/static/themes/jstree/32px.png	-	200	-	0	7	http://localhost:2020	Mozilla/5.0 (Macintosh; Intel Mac OS X 10_12_0) AppleWebKit/537.36 (KHTML, like Gecko) Chrome/52.0.2743.116 Safari/537.36	http://localhost:2020/static/themes/jstree/style.min.css
2016-10-11 22:09:25,082 INFO  [LogService                                   ] - 2016-10-11	22:09:25	0:0:0:0:0:0:0:1	admin	0:0:0:0:0:0:0:1	2020	GET	/pact/v1/pacts/14:0/next	-	200	-	0	17	http://localhost:2020	Mozilla/5.0 (Macintosh; Intel Mac OS X 10_12_0) AppleWebKit/537.36 (KHTML, like Gecko) Chrome/52.0.2743.116 Safari/537.36	-
