2017-02-23 08:59:55,178 INFO  [io.skysail.server.app.ApplicationList        ] - (+ ApplicationModel) (#01) with name 'root'
2017-02-23 08:59:55,220 INFO  [io.skysail.server.app.ApplicationList        ] - (+ ApplicationModel) (#02) with name 'webapp'
2017-02-23 08:59:56,560 INFO  [io.skysail.server.http.HttpServer            ] - 
2017-02-23 08:59:56,561 INFO  [io.skysail.server.http.HttpServer            ] - ====================================
2017-02-23 08:59:56,561 INFO  [io.skysail.server.http.HttpServer            ] - Starting skysail server on port 2018
2017-02-23 08:59:56,561 INFO  [io.skysail.server.http.HttpServer            ] - ====================================
2017-02-23 08:59:56,561 INFO  [io.skysail.server.http.HttpServer            ] - 
2017-02-23 08:59:56,653 INFO  [org.restlet                                  ] - Starting the Jetty [HTTP/1.1] server on port 2018
2017-02-23 08:59:56,775 INFO  [io.skysail.server.app.ApplicationList        ] - (+ ApplicationModel) (#03) with name '_polymer'
2017-02-23 08:59:56,836 INFO  [io.skysail.server.app.ApplicationList        ] - (+ ApplicationModel) (#04) with name 'i18n'
2017-02-23 08:59:56,872 INFO  [io.skysail.server.app.ApplicationList        ] - (+ ApplicationModel) (#05) with name 'io.skysail.server.um.shiro.app.ShiroUmApplication'
2017-02-23 08:59:56,927 INFO  [i.s.s.u.s.ShiroBasedUserManagementProvider   ] - USER MANAGEMENT PROVIDER: activating provider 'io.skysail.server.um.shiro.ShiroBasedUserManagementProvider'
2017-02-23 08:59:56,977 INFO  [io.skysail.server.app.ServiceList            ] - USER MANAGEMENT PROVIDER: setting provider to 'io.skysail.server.um.shiro.ShiroBasedUserManagementProvider'
2017-02-23 08:59:57,074 INFO  [io.skysail.server.app.ApplicationList        ] - (+ ApplicationModel) (#06) with name 'fieldsdemo'
2017-02-23 08:59:57,217 INFO  [i.s.c.testsupport.TestsupportTestBase        ] - 
2017-02-23 08:59:57,217 INFO  [i.s.c.testsupport.TestsupportTestBase        ] - --------------------------------------------
2017-02-23 08:59:57,217 INFO  [i.s.c.testsupport.TestsupportTestBase        ] -  > TEST: running test 'createEntity_and_return_listView_asHTML'
2017-02-23 08:59:57,218 INFO  [i.s.c.testsupport.TestsupportTestBase        ] - --------------------------------------------
2017-02-23 08:59:57,218 INFO  [i.s.c.testsupport.TestsupportTestBase        ] - 
2017-02-23 08:59:57,226 INFO  [i.s.c.testsupport.TestsupportTestBase        ] - setting up test case...
2017-02-23 08:59:57,227 INFO  [i.s.c.testsupport.TestsupportTestBase        ] - setting test port to 2018
2017-02-23 08:59:57,228 INFO  [i.s.c.testsupport.ApplicationBrowser         ] -  > TEST: creating new browser client with url 'http://localhost:2018' for Application 'fieldsdemo' and mediaType 'text/html'
2017-02-23 09:00:07,613 INFO  [i.s.c.testsupport.ApplicationBrowser         ] -  > TEST: logging in as user 'admin'
2017-02-23 09:00:07,820 INFO  [org.restlet                                  ] - Starting a Jetty HTTP/HTTPS client
2017-02-23 09:00:07,983 INFO  [o.r.S.I.SkysailRootApplication               ] - Starting io.skysail.server.app.SkysailRootApplication application
2017-02-23 09:00:07,999 INFO  [io.skysail.core.app.SkysailApplication       ] - creating new Router in io.skysail.server.app.SkysailRootApplication
2017-02-23 09:00:08,002 INFO  [io.skysail.core.app.SkysailApplication       ] - adding extensions to metadata service
2017-02-23 09:00:08,005 INFO  [io.skysail.core.app.SkysailApplication       ] - adding protocols
2017-02-23 09:00:08,208 INFO  [io.skysail.server.restlet.SkysailRouter      ] - routing path '/root/' -> AlwaysAuthenticatedAuthenticator -> RolesPredicateAuthorizer -> Finder -> DefaultResource
2017-02-23 09:00:08,214 INFO  [io.skysail.server.restlet.SkysailRouter      ] - routing path '/root/_meta/' -> metaRouteBuilder
2017-02-23 09:00:08,222 INFO  [io.skysail.server.restlet.SkysailRouter      ] - routing path '/root/_login' -> AlwaysAuthenticatedAuthenticator -> RolesPredicateAuthorizer -> Finder -> LoginResource
2017-02-23 09:00:08,223 INFO  [io.skysail.server.restlet.SkysailRouter      ] - routing path '/root/_meta/_login' -> metaRouteBuilder
2017-02-23 09:00:08,225 INFO  [io.skysail.server.restlet.SkysailRouter      ] - routing path '/root/_logout' -> AlwaysAuthenticatedAuthenticator -> RolesPredicateAuthorizer -> Finder -> LogoutResource
2017-02-23 09:00:08,225 INFO  [io.skysail.server.restlet.SkysailRouter      ] - routing path '/root/_meta/_logout' -> metaRouteBuilder
2017-02-23 09:00:08,230 INFO  [io.skysail.server.restlet.SkysailRouter      ] - routing path '/root/_profile' -> AlwaysAuthenticatedAuthenticator -> RolesPredicateAuthorizer -> Finder -> ProfileResource
2017-02-23 09:00:08,231 INFO  [io.skysail.server.restlet.SkysailRouter      ] - routing path '/root/_meta/_profile' -> metaRouteBuilder
2017-02-23 09:00:08,235 INFO  [io.skysail.server.restlet.SkysailRouter      ] - routing path '/root/logs' -> AlwaysAuthenticatedAuthenticator -> RolesPredicateAuthorizer -> Finder -> LogsResource
2017-02-23 09:00:08,235 INFO  [io.skysail.server.restlet.SkysailRouter      ] - routing path '/root/_meta/logs' -> metaRouteBuilder
2017-02-23 09:00:08,240 INFO  [io.skysail.server.restlet.SkysailRouter      ] - routing path '/root/_i18n' -> AlwaysAuthenticatedAuthenticator -> RolesPredicateAuthorizer -> Finder -> I18NResource
2017-02-23 09:00:08,245 INFO  [io.skysail.server.restlet.SkysailRouter      ] - routing path '/root/_model' -> AlwaysAuthenticatedAuthenticator -> RolesPredicateAuthorizer -> Finder -> ModelResource
2017-02-23 09:00:08,254 INFO  [o.r.S.InternalRouter.WebappApplication       ] - Starting io.skysail.server.converter.WebappApplication application
2017-02-23 09:00:08,256 INFO  [o.r.S.InternalRouter.PolymerStaticWebapp     ] - Starting io.skysail.server.polymer.PolymerStaticWebapp application
2017-02-23 09:00:08,261 INFO  [o.r.S.InternalRouter.I18nApplication         ] - Starting io.skysail.server.text.store.bundleresource.impl.I18nApplication application
2017-02-23 09:00:08,263 INFO  [io.skysail.core.app.SkysailApplication       ] - creating new Router in io.skysail.server.text.store.bundleresource.impl.I18nApplication
2017-02-23 09:00:08,264 INFO  [io.skysail.core.app.SkysailApplication       ] - adding extensions to metadata service
2017-02-23 09:00:08,264 INFO  [io.skysail.core.app.SkysailApplication       ] - adding protocols
2017-02-23 09:00:08,296 INFO  [io.skysail.server.restlet.SkysailRouter      ] - routing path '/i18n/v1' -> SkysailCookieAuthenticator -> RolesPredicateAuthorizer -> Finder -> I18nRootResource
2017-02-23 09:00:08,296 INFO  [io.skysail.server.restlet.SkysailRouter      ] - routing path '/i18n/_meta/v1' -> metaRouteBuilder
2017-02-23 09:00:08,299 INFO  [io.skysail.server.restlet.SkysailRouter      ] - routing path '/i18n/v1/messages/' -> SkysailCookieAuthenticator -> RolesPredicateAuthorizer -> Finder -> MessagesResource
2017-02-23 09:00:08,299 INFO  [io.skysail.server.restlet.SkysailRouter      ] - routing path '/i18n/_meta/v1/messages/' -> metaRouteBuilder
2017-02-23 09:00:08,307 INFO  [io.skysail.server.restlet.SkysailRouter      ] - routing path '/i18n/v1/messages/{key}' -> SkysailCookieAuthenticator -> RolesPredicateAuthorizer -> Finder -> MessageResource
2017-02-23 09:00:08,308 INFO  [io.skysail.server.restlet.SkysailRouter      ] - routing path '/i18n/_meta/v1/messages/{key}' -> metaRouteBuilder
2017-02-23 09:00:08,313 INFO  [io.skysail.server.restlet.SkysailRouter      ] - routing path '/i18n/v1/messages/{key}/' -> SkysailCookieAuthenticator -> RolesPredicateAuthorizer -> Finder -> PutMessageResource
2017-02-23 09:00:08,313 INFO  [io.skysail.server.restlet.SkysailRouter      ] - routing path '/i18n/_meta/v1/messages/{key}/' -> metaRouteBuilder
2017-02-23 09:00:08,317 INFO  [io.skysail.server.restlet.SkysailRouter      ] - routing path '/i18n/v1/messages/{key}/{fieldname}/' -> SkysailCookieAuthenticator -> RolesPredicateAuthorizer -> Finder -> PatchMessageResource
2017-02-23 09:00:08,317 INFO  [io.skysail.server.restlet.SkysailRouter      ] - routing path '/i18n/_meta/v1/messages/{key}/{fieldname}/' -> metaRouteBuilder
2017-02-23 09:00:08,318 INFO  [io.skysail.server.restlet.SkysailRouter      ] - routing path '/i18n/v1/_i18n' -> SkysailCookieAuthenticator -> RolesPredicateAuthorizer -> Finder -> I18NResource
2017-02-23 09:00:08,319 INFO  [io.skysail.server.restlet.SkysailRouter      ] - routing path '/i18n/v1/_model' -> SkysailCookieAuthenticator -> RolesPredicateAuthorizer -> Finder -> ModelResource
2017-02-23 09:00:08,321 INFO  [o.r.S.InternalRouter.ShiroUmApplication      ] - Starting io.skysail.server.um.shiro.app.ShiroUmApplication application
2017-02-23 09:00:08,326 INFO  [io.skysail.core.app.SkysailApplication       ] - creating new Router in io.skysail.server.um.shiro.app.ShiroUmApplication
2017-02-23 09:00:08,326 INFO  [io.skysail.core.app.SkysailApplication       ] - adding extensions to metadata service
2017-02-23 09:00:08,327 INFO  [io.skysail.core.app.SkysailApplication       ] - adding protocols
2017-02-23 09:00:08,333 INFO  [io.skysail.server.restlet.SkysailRouter      ] - routing path '/io.skysail.server.um.shiro.app.ShiroUmApplication/v1/_login' -> AlwaysAuthenticatedAuthenticator -> RolesPredicateAuthorizer -> Finder -> LoginResource
2017-02-23 09:00:08,333 INFO  [io.skysail.server.restlet.SkysailRouter      ] - routing path '/io.skysail.server.um.shiro.app.ShiroUmApplication/_meta/v1/_login' -> metaRouteBuilder
2017-02-23 09:00:08,336 INFO  [io.skysail.server.restlet.SkysailRouter      ] - routing path '/io.skysail.server.um.shiro.app.ShiroUmApplication/v1/currentUser' -> NeverAuthenticatedAuthenticator -> RolesPredicateAuthorizer -> Finder -> CurrentUserResource
2017-02-23 09:00:08,336 INFO  [io.skysail.server.restlet.SkysailRouter      ] - routing path '/io.skysail.server.um.shiro.app.ShiroUmApplication/_meta/v1/currentUser' -> metaRouteBuilder
2017-02-23 09:00:08,338 INFO  [io.skysail.server.restlet.SkysailRouter      ] - routing path '/io.skysail.server.um.shiro.app.ShiroUmApplication/v1/_i18n' -> NeverAuthenticatedAuthenticator -> RolesPredicateAuthorizer -> Finder -> I18NResource
2017-02-23 09:00:08,339 INFO  [io.skysail.server.restlet.SkysailRouter      ] - routing path '/io.skysail.server.um.shiro.app.ShiroUmApplication/v1/_model' -> NeverAuthenticatedAuthenticator -> RolesPredicateAuthorizer -> Finder -> ModelResource
2017-02-23 09:00:08,341 INFO  [o.r.S.I.FieldsDemoApplication                ] - Starting io.skysail.server.app.ref.fields.FieldsDemoApplication application
2017-02-23 09:00:08,346 INFO  [io.skysail.core.app.SkysailApplication       ] - creating new Router in io.skysail.server.app.ref.fields.FieldsDemoApplication
2017-02-23 09:00:08,348 INFO  [io.skysail.core.app.SkysailApplication       ] - adding extensions to metadata service
2017-02-23 09:00:08,350 INFO  [io.skysail.core.app.SkysailApplication       ] - adding protocols
2017-02-23 09:00:08,363 INFO  [io.skysail.server.restlet.SkysailRouter      ] - routing path '/fieldsdemo/v1' -> SkysailCookieAuthenticator -> RolesPredicateAuthorizer -> Finder -> TextEntitysResource
2017-02-23 09:00:08,364 INFO  [io.skysail.server.restlet.SkysailRouter      ] - routing path '/fieldsdemo/v1/' -> SkysailCookieAuthenticator -> RolesPredicateAuthorizer -> Finder -> TextEntitysResource
2017-02-23 09:00:08,367 INFO  [io.skysail.server.restlet.SkysailRouter      ] - routing path '/fieldsdemo/v1/io.skysail.server.app.ref.fields.domain.TextEntity' -> SkysailCookieAuthenticator -> RolesPredicateAuthorizer -> Finder -> TextEntitysResource
2017-02-23 09:00:08,369 INFO  [io.skysail.server.restlet.SkysailRouter      ] - routing path '/fieldsdemo/v1/io.skysail.server.app.ref.fields.domain.TextEntity/' -> SkysailCookieAuthenticator -> RolesPredicateAuthorizer -> Finder -> PostTextEntityResource
2017-02-23 09:00:08,372 INFO  [io.skysail.server.restlet.SkysailRouter      ] - routing path '/fieldsdemo/v1/io.skysail.server.app.ref.fields.domain.TextEntity/{id}' -> SkysailCookieAuthenticator -> RolesPredicateAuthorizer -> Finder -> TextEntityResource
2017-02-23 09:00:08,375 INFO  [io.skysail.server.restlet.SkysailRouter      ] - routing path '/fieldsdemo/v1/io.skysail.server.app.ref.fields.domain.TextEntity/{id}/' -> SkysailCookieAuthenticator -> RolesPredicateAuthorizer -> Finder -> PutTextEntityResource
2017-02-23 09:00:08,377 INFO  [io.skysail.server.restlet.SkysailRouter      ] - routing path '/fieldsdemo/v1/_i18n' -> SkysailCookieAuthenticator -> RolesPredicateAuthorizer -> Finder -> I18NResource
2017-02-23 09:00:08,383 INFO  [io.skysail.server.restlet.SkysailRouter      ] - routing path '/fieldsdemo/v1/_model' -> SkysailCookieAuthenticator -> RolesPredicateAuthorizer -> Finder -> ModelResource
2017-02-23 09:00:08,416 INFO  [LogService                                   ] - 127.0.0.1  localhost:2018 GET /_logout targetUri=/ 303
2017-02-23 09:00:08,522 INFO  [LogService                                   ] - 127.0.0.1  localhost:2018 GET /  200
2017-02-23 09:00:08,762 INFO  [org.restlet                                  ] - Starting a Jetty HTTP/HTTPS client
2017-02-23 09:00:09,285 INFO  [i.s.s.u.s.a.SkysailHashedCredentialsMatcher  ] - added entry $2a$12$52R8v2QH3vQRz8NcdtOm5.HhE5tFPZ0T/.MpfUa9rBzOugK.btAHS to credentials hash cache with current timestamp, size now is 1
2017-02-23 09:00:10,086 INFO  [LogService                                   ] - 127.0.0.1 admin localhost:2018 POST /io.skysail.server.um.shiro.app.ShiroUmApplication/v1/_login  303
2017-02-23 09:00:10,462 INFO  [LogService                                   ] - 127.0.0.1 admin localhost:2018 GET / msgIds=0 200
2017-02-23 09:00:10,471 INFO  [org.restlet                                  ] - Starting a Jetty HTTP/HTTPS client
2017-02-23 09:00:10,706 INFO  [org.restlet                                  ] - Stopping a Jetty HTTP/HTTPS client
2017-02-23 09:00:10,897 INFO  [LogService                                   ] - 127.0.0.1 admin localhost:2018 GET /  200
2017-02-23 09:00:10,906 INFO  [i.s.s.a.r.fields.it.TextEntitiesBrowser      ] -  > TEST: creating new AnEntity TextEntity(id=null, content1=null, anemptystring=null, content2=null, astring=AString_paijrrc7dknttelvo2981m6fgt, content3=null, withPlaceholder=null, content4=null, emailAddress=null, content5=null, required=this is required - delete and try to submit!)
2017-02-23 09:00:10,907 INFO  [i.s.client.testsupport.ApplicationClient     ] -  > TEST: issuing GET on 'http://localhost:2018/', providing credentials gUHIKGqeuL+7dGB6X/pSfYgYUkXdY+cZ3Grd5q1E7bCOtW6fnmWqIbaChPIEV7eX
2017-02-23 09:00:10,916 INFO  [org.restlet                                  ] - Starting a Jetty HTTP/HTTPS client
2017-02-23 09:00:10,930 INFO  [LogService                                   ] - 127.0.0.1 admin localhost:2018 GET /  200
2017-02-23 09:00:10,944 INFO  [org.restlet                                  ] - Starting a Jetty HTTP/HTTPS client
2017-02-23 09:00:11,007 INFO  [LogService                                   ] - 127.0.0.1 admin localhost:2018 GET /fieldsdemo/v1  200
2017-02-23 09:00:11,021 INFO  [org.restlet                                  ] - Starting a Jetty HTTP/HTTPS client
2017-02-23 09:00:11,042 INFO  [LogService                                   ] - 127.0.0.1 admin localhost:2018 GET /fieldsdemo/v1/io.skysail.server.app.ref.fields.domain.TextEntity/  200
2017-02-23 09:00:31,394 INFO  [i.s.client.testsupport.ApplicationClient     ] -  > TEST: issuing POST on 'http://localhost:2018/fieldsdemo/v1/io.skysail.server.app.ref.fields.domain.TextEntity/', providing credentials gUHIKGqeuL+7dGB6X/pSfYgYUkXdY+cZ3Grd5q1E7bCOtW6fnmWqIbaChPIEV7eX
2017-02-23 09:01:22,952 INFO  [org.restlet                                  ] - Starting a Jetty HTTP/HTTPS client
2017-02-23 09:01:23,966 INFO  [LogService                                   ] - 127.0.0.1 admin  POST /v1/io.skysail.server.app.ref.fields.domain.TextEntity/v%28io_skysail_server_app_ref_fields_domain_TextEntity%29%5B14%3A0%5D  201
