2016-10-12 18:59:02,618 INFO  [org.apache.camel.impl.osgi.Activator         ] - Camel activator starting
2016-10-12 18:59:02,627 INFO  [org.apache.camel.impl.osgi.Activator         ] - Camel activator started
2016-10-12 18:59:03,505 INFO  [io.skysail.server.app.ApplicationList        ] - (+ ApplicationModel) (#01) with name 'root'
2016-10-12 18:59:03,638 INFO  [io.skysail.server.app.ApplicationList        ] - (+ ApplicationModel) (#02) with name 'webapp'
2016-10-12 18:59:05,488 INFO  [io.skysail.server.http.HttpServer            ] - 
2016-10-12 18:59:05,489 INFO  [io.skysail.server.http.HttpServer            ] - ====================================
2016-10-12 18:59:05,489 INFO  [io.skysail.server.http.HttpServer            ] - Starting skysail server on port 2020
2016-10-12 18:59:05,489 INFO  [io.skysail.server.http.HttpServer            ] - ====================================
2016-10-12 18:59:05,489 INFO  [io.skysail.server.http.HttpServer            ] - 
2016-10-12 18:59:05,533 INFO  [org.restlet                                  ] - Starting the Jetty [HTTP/1.1] server on port 2020
2016-10-12 18:59:05,627 INFO  [io.skysail.server.app.ApplicationList        ] - (+ ApplicationModel) (#03) with name 'static'
2016-10-12 18:59:05,669 INFO  [io.skysail.server.app.ApplicationList        ] - (+ ApplicationModel) (#04) with name 'i18n'
2016-10-12 18:59:05,733 INFO  [i.s.s.u.s.ShiroBasedUserManagementProvider   ] - USER MANAGEMENT PROVIDER: activating provider 'io.skysail.server.um.shiro.ShiroBasedUserManagementProvider'
2016-10-12 18:59:05,789 INFO  [io.skysail.server.app.ServiceList            ] - USER MANAGEMENT PROVIDER: setting provider to 'io.skysail.server.um.shiro.ShiroBasedUserManagementProvider'
2016-10-12 18:59:05,826 INFO  [io.skysail.server.app.ApplicationList        ] - (+ ApplicationModel) (#05) with name 'io.skysail.server.um.shiro.app.ShiroUmApplication'
2016-10-12 18:59:05,873 INFO  [io.skysail.server.app.ApplicationList        ] - (+ ApplicationModel) (#06) with name 'webconsole'
2016-10-12 18:59:05,906 INFO  [io.skysail.server.app.ApplicationList        ] - (+ ApplicationModel) (#07) with name 'MetricsApp'
2016-10-12 18:59:06,186 INFO  [o.r.S.I.SkysailRootApplication               ] - Starting io.skysail.server.app.SkysailRootApplication application
2016-10-12 18:59:06,192 INFO  [io.skysail.server.app.SkysailApplication     ] - creating new Router in io.skysail.server.app.SkysailRootApplication
2016-10-12 18:59:06,195 INFO  [io.skysail.server.app.SkysailApplication     ] - adding extensions to metadata service
2016-10-12 18:59:06,195 INFO  [io.skysail.server.app.SkysailApplication     ] - adding protocols
2016-10-12 18:59:06,278 INFO  [io.skysail.server.restlet.SkysailRouter      ] - routing path '/root/' -> AlwaysAuthenticatedAuthenticator -> RolesPredicateAuthorizer -> Finder -> DefaultResource
2016-10-12 18:59:06,286 INFO  [io.skysail.server.restlet.SkysailRouter      ] - routing path '/root/_login' -> AlwaysAuthenticatedAuthenticator -> RolesPredicateAuthorizer -> Finder -> LoginResource
2016-10-12 18:59:06,288 INFO  [io.skysail.server.restlet.SkysailRouter      ] - routing path '/root/_logout' -> AlwaysAuthenticatedAuthenticator -> RolesPredicateAuthorizer -> Finder -> LogoutResource
2016-10-12 18:59:06,293 INFO  [io.skysail.server.restlet.SkysailRouter      ] - routing path '/root/_profile' -> AlwaysAuthenticatedAuthenticator -> RolesPredicateAuthorizer -> Finder -> ProfileResource
2016-10-12 18:59:06,300 INFO  [o.r.S.InternalRouter.WebappApplication       ] - Starting io.skysail.server.converter.WebappApplication application
2016-10-12 18:59:06,305 INFO  [o.r.S.InternalRouter.WebappApplication       ] - Starting de.twenty11.skysail.server.webapp.internal.WebappApplication application
2016-10-12 18:59:06,307 INFO  [o.r.S.InternalRouter.I18nApplication         ] - Starting io.skysail.server.text.store.bundleresource.impl.I18nApplication application
2016-10-12 18:59:06,309 INFO  [io.skysail.server.app.SkysailApplication     ] - creating new Router in io.skysail.server.text.store.bundleresource.impl.I18nApplication
2016-10-12 18:59:06,309 INFO  [io.skysail.server.app.SkysailApplication     ] - adding extensions to metadata service
2016-10-12 18:59:06,309 INFO  [io.skysail.server.app.SkysailApplication     ] - adding protocols
2016-10-12 18:59:06,313 INFO  [io.skysail.server.restlet.SkysailRouter      ] - routing path '/i18n/v1' -> SkysailCookieAuthenticator -> RolesPredicateAuthorizer -> Finder -> I18nRootResource
2016-10-12 18:59:06,314 INFO  [io.skysail.server.restlet.SkysailRouter      ] - routing path '/i18n/v1/messages/' -> SkysailCookieAuthenticator -> RolesPredicateAuthorizer -> Finder -> MessagesResource
2016-10-12 18:59:06,318 INFO  [io.skysail.server.restlet.SkysailRouter      ] - routing path '/i18n/v1/messages/{key}' -> SkysailCookieAuthenticator -> RolesPredicateAuthorizer -> Finder -> MessageResource
2016-10-12 18:59:06,321 INFO  [io.skysail.server.restlet.SkysailRouter      ] - routing path '/i18n/v1/messages/{key}/' -> SkysailCookieAuthenticator -> RolesPredicateAuthorizer -> Finder -> PutMessageResource
2016-10-12 18:59:06,323 INFO  [io.skysail.server.restlet.SkysailRouter      ] - routing path '/i18n/v1/messages/{key}/{fieldname}/' -> SkysailCookieAuthenticator -> RolesPredicateAuthorizer -> Finder -> PatchMessageResource
2016-10-12 18:59:06,324 INFO  [o.r.S.InternalRouter.ShiroUmApplication      ] - Starting io.skysail.server.um.shiro.app.ShiroUmApplication application
2016-10-12 18:59:06,326 INFO  [io.skysail.server.app.SkysailApplication     ] - creating new Router in io.skysail.server.um.shiro.app.ShiroUmApplication
2016-10-12 18:59:06,326 INFO  [io.skysail.server.app.SkysailApplication     ] - adding extensions to metadata service
2016-10-12 18:59:06,326 INFO  [io.skysail.server.app.SkysailApplication     ] - adding protocols
2016-10-12 18:59:06,331 INFO  [io.skysail.server.restlet.SkysailRouter      ] - routing path '/io.skysail.server.um.shiro.app.ShiroUmApplication/v1/_login' -> AlwaysAuthenticatedAuthenticator -> RolesPredicateAuthorizer -> Finder -> LoginResource
2016-10-12 18:59:06,334 INFO  [io.skysail.server.restlet.SkysailRouter      ] - routing path '/io.skysail.server.um.shiro.app.ShiroUmApplication/v1/currentUser' -> NeverAuthenticatedAuthenticator -> RolesPredicateAuthorizer -> Finder -> CurrentUserResource
2016-10-12 18:59:06,335 INFO  [o.r.S.I.WebconsoleApplication                ] - Starting io.skysail.server.app.webconsole.WebconsoleApplication application
2016-10-12 18:59:06,337 INFO  [io.skysail.server.app.SkysailApplication     ] - creating new Router in io.skysail.server.app.webconsole.WebconsoleApplication
2016-10-12 18:59:06,338 INFO  [io.skysail.server.app.SkysailApplication     ] - adding extensions to metadata service
2016-10-12 18:59:06,338 INFO  [io.skysail.server.app.SkysailApplication     ] - adding protocols
2016-10-12 18:59:06,339 WARN  [io.skysail.server.app.SkysailApplication     ] - there are no entities defined for the applicationModel JavaApplicationModel: webconsole
Repositories: 
Repositories(repositories={})

2016-10-12 18:59:06,349 INFO  [io.skysail.server.restlet.SkysailRouter      ] - routing path '/webconsole/v1' -> SkysailCookieAuthenticator -> RolesPredicateAuthorizer -> Finder -> BundlesResource
2016-10-12 18:59:06,350 INFO  [io.skysail.server.restlet.SkysailRouter      ] - routing path '/webconsole/v1/bundles' -> SkysailCookieAuthenticator -> RolesPredicateAuthorizer -> Finder -> BundlesResource
2016-10-12 18:59:06,370 INFO  [io.skysail.server.restlet.SkysailRouter      ] - routing path '/webconsole/v1/bundles/{id}' -> SkysailCookieAuthenticator -> RolesPredicateAuthorizer -> Finder -> BundleResource
2016-10-12 18:59:06,377 INFO  [io.skysail.server.restlet.SkysailRouter      ] - routing path '/webconsole/v1/services' -> SkysailCookieAuthenticator -> RolesPredicateAuthorizer -> Finder -> ServicesResource
2016-10-12 18:59:06,385 INFO  [io.skysail.server.restlet.SkysailRouter      ] - routing path '/webconsole/v1/services/{id}' -> SkysailCookieAuthenticator -> RolesPredicateAuthorizer -> Finder -> ServiceResource
2016-10-12 18:59:06,405 INFO  [io.skysail.server.restlet.SkysailRouter      ] - routing path '/webconsole/v1/backend/bundles' -> SkysailCookieAuthenticator -> RolesPredicateAuthorizer -> Finder -> JsonBundlesResource
2016-10-12 18:59:06,417 INFO  [o.r.S.InternalRouter.MetricsApplication      ] - Starting io.skysail.server.app.metrics.MetricsApplication application
2016-10-12 18:59:06,418 INFO  [io.skysail.server.app.SkysailApplication     ] - creating new Router in io.skysail.server.app.metrics.MetricsApplication
2016-10-12 18:59:06,418 INFO  [io.skysail.server.app.SkysailApplication     ] - adding extensions to metadata service
2016-10-12 18:59:06,418 INFO  [io.skysail.server.app.SkysailApplication     ] - adding protocols
2016-10-12 18:59:06,419 WARN  [io.skysail.server.app.SkysailApplication     ] - there are no entities defined for the applicationModel JavaApplicationModel: MetricsApp
Repositories: 
Repositories(repositories={})

2016-10-12 18:59:06,423 INFO  [io.skysail.server.restlet.SkysailRouter      ] - routing path '/MetricsApp/v1/Bookmarks/{id}' -> SkysailCookieAuthenticator -> RolesPredicateAuthorizer -> Finder -> BookmarkResource
2016-10-12 18:59:06,426 INFO  [io.skysail.server.restlet.SkysailRouter      ] - routing path '/MetricsApp/v1/Bookmarks/' -> SkysailCookieAuthenticator -> RolesPredicateAuthorizer -> Finder -> PostBookmarkResource
2016-10-12 18:59:06,430 INFO  [io.skysail.server.restlet.SkysailRouter      ] - routing path '/MetricsApp/v1/Bookmarks/{id}/' -> SkysailCookieAuthenticator -> RolesPredicateAuthorizer -> Finder -> PutBookmarkResource
2016-10-12 18:59:06,438 INFO  [io.skysail.server.restlet.SkysailRouter      ] - routing path '/MetricsApp/v1/Timers' -> SkysailCookieAuthenticator -> RolesPredicateAuthorizer -> Finder -> TimersResource
2016-10-12 18:59:06,439 INFO  [io.skysail.server.restlet.SkysailRouter      ] - routing path '/MetricsApp/v1' -> SkysailCookieAuthenticator -> RolesPredicateAuthorizer -> Finder -> TimersResource
2016-10-12 18:59:07,117 INFO  [i.s.s.u.s.a.SkysailHashedCredentialsMatcher  ] - added entry $2a$12$52R8v2QH3vQRz8NcdtOm5.HhE5tFPZ0T/.MpfUa9rBzOugK.btAHS to credentials hash cache with current timestamp, size now is 1
2016-10-12 18:59:08,316 INFO  [LogService                                   ] - 2016-10-12	18:59:08	0:0:0:0:0:0:0:1	admin	0:0:0:0:0:0:0:1	2020	GET	/MetricsApp/v1	-	200	-	0	1874	http://localhost:2020	Mozilla/5.0 (Macintosh; Intel Mac OS X 10_12_0) AppleWebKit/537.36 (KHTML, like Gecko) Chrome/52.0.2743.116 Safari/537.36	-
2016-10-12 18:59:24,626 INFO  [LogService                                   ] - 2016-10-12	18:59:24	0:0:0:0:0:0:0:1	admin	0:0:0:0:0:0:0:1	2020	GET	/MetricsApp/v1	-	200	-	0	779	http://localhost:2020	Mozilla/5.0 (Macintosh; Intel Mac OS X 10_12_0) AppleWebKit/537.36 (KHTML, like Gecko) Chrome/52.0.2743.116 Safari/537.36	-
2016-10-12 18:59:34,125 INFO  [LogService                                   ] - 2016-10-12	18:59:34	0:0:0:0:0:0:0:1	admin	0:0:0:0:0:0:0:1	2020	GET	/MetricsApp/v1	-	200	-	0	664	http://localhost:2020	Mozilla/5.0 (Macintosh; Intel Mac OS X 10_12_0) AppleWebKit/537.36 (KHTML, like Gecko) Chrome/52.0.2743.116 Safari/537.36	-
2016-10-12 18:59:46,325 INFO  [LogService                                   ] - 2016-10-12	18:59:46	0:0:0:0:0:0:0:1	admin	0:0:0:0:0:0:0:1	2020	GET	/webconsole/v1	-	200	-	0	1763	http://localhost:2020	Mozilla/5.0 (Macintosh; Intel Mac OS X 10_12_0) AppleWebKit/537.36 (KHTML, like Gecko) Chrome/52.0.2743.116 Safari/537.36	http://localhost:2020/MetricsApp/v1
2016-10-12 18:59:50,317 INFO  [LogService                                   ] - 2016-10-12	18:59:50	0:0:0:0:0:0:0:1	admin	0:0:0:0:0:0:0:1	2020	GET	/v1/services	-	200	-	0	1727	http://localhost:2020	Mozilla/5.0 (Macintosh; Intel Mac OS X 10_12_0) AppleWebKit/537.36 (KHTML, like Gecko) Chrome/52.0.2743.116 Safari/537.36	http://localhost:2020/webconsole/v1
2016-10-12 18:59:54,005 INFO  [LogService                                   ] - 2016-10-12	18:59:54	0:0:0:0:0:0:0:1	admin	0:0:0:0:0:0:0:1	2020	GET	/webconsole/v1	-	200	-	0	1178	http://localhost:2020	Mozilla/5.0 (Macintosh; Intel Mac OS X 10_12_0) AppleWebKit/537.36 (KHTML, like Gecko) Chrome/52.0.2743.116 Safari/537.36	http://localhost:2020/webconsole/v1/services
2016-10-12 18:59:56,169 INFO  [LogService                                   ] - 2016-10-12	18:59:56	0:0:0:0:0:0:0:1	admin	0:0:0:0:0:0:0:1	2020	GET	/v1/bundles	-	200	-	0	989	http://localhost:2020	Mozilla/5.0 (Macintosh; Intel Mac OS X 10_12_0) AppleWebKit/537.36 (KHTML, like Gecko) Chrome/52.0.2743.116 Safari/537.36	http://localhost:2020/webconsole/v1
2016-10-12 19:00:01,102 INFO  [LogService                                   ] - 2016-10-12	19:00:01	0:0:0:0:0:0:0:1	admin	0:0:0:0:0:0:0:1	2020	GET	/MetricsApp/v1	-	200	-	0	384	http://localhost:2020	Mozilla/5.0 (Macintosh; Intel Mac OS X 10_12_0) AppleWebKit/537.36 (KHTML, like Gecko) Chrome/52.0.2743.116 Safari/537.36	http://localhost:2020/webconsole/v1/bundles
2016-10-12 19:00:23,681 INFO  [io.skysail.server.app.ApplicationList        ] - (- ApplicationModel) name 'MetricsApp', count is 06 now
2016-10-12 19:00:23,855 INFO  [io.skysail.server.app.ApplicationList        ] - (+ ApplicationModel) (#07) with name 'MetricsApp'
2016-10-12 19:00:25,982 INFO  [o.r.S.InternalRouter.MetricsApplication      ] - Starting io.skysail.server.app.metrics.MetricsApplication application
2016-10-12 19:00:25,983 INFO  [io.skysail.server.app.SkysailApplication     ] - creating new Router in io.skysail.server.app.metrics.MetricsApplication
2016-10-12 19:00:25,983 INFO  [io.skysail.server.app.SkysailApplication     ] - adding extensions to metadata service
2016-10-12 19:00:25,984 INFO  [io.skysail.server.app.SkysailApplication     ] - adding protocols
2016-10-12 19:00:25,984 WARN  [io.skysail.server.app.SkysailApplication     ] - there are no entities defined for the applicationModel JavaApplicationModel: MetricsApp
Repositories: 
Repositories(repositories={})

2016-10-12 19:00:25,989 INFO  [io.skysail.server.restlet.SkysailRouter      ] - routing path '/MetricsApp/v1/Bookmarks/{id}' -> SkysailCookieAuthenticator -> RolesPredicateAuthorizer -> Finder -> BookmarkResource
2016-10-12 19:00:25,991 INFO  [io.skysail.server.restlet.SkysailRouter      ] - routing path '/MetricsApp/v1/Bookmarks/' -> SkysailCookieAuthenticator -> RolesPredicateAuthorizer -> Finder -> PostBookmarkResource
2016-10-12 19:00:25,992 INFO  [io.skysail.server.restlet.SkysailRouter      ] - routing path '/MetricsApp/v1/Bookmarks/{id}/' -> SkysailCookieAuthenticator -> RolesPredicateAuthorizer -> Finder -> PutBookmarkResource
2016-10-12 19:00:25,995 INFO  [io.skysail.server.restlet.SkysailRouter      ] - routing path '/MetricsApp/v1/Timers' -> SkysailCookieAuthenticator -> RolesPredicateAuthorizer -> Finder -> TimersResource
2016-10-12 19:00:25,995 INFO  [io.skysail.server.restlet.SkysailRouter      ] - routing path '/MetricsApp/v1' -> SkysailCookieAuthenticator -> RolesPredicateAuthorizer -> Finder -> TimersResource
2016-10-12 19:00:26,833 INFO  [LogService                                   ] - 2016-10-12	19:00:26	0:0:0:0:0:0:0:1	admin	0:0:0:0:0:0:0:1	2020	GET	/MetricsApp/v1	-	200	-	0	850	http://localhost:2020	Mozilla/5.0 (Macintosh; Intel Mac OS X 10_12_0) AppleWebKit/537.36 (KHTML, like Gecko) Chrome/52.0.2743.116 Safari/537.36	http://localhost:2020/webconsole/v1/bundles
2016-10-12 19:00:26,933 INFO  [LogService                                   ] - 2016-10-12	19:00:26	0:0:0:0:0:0:0:1	-	0:0:0:0:0:0:0:1	2020	GET	/webapp/css/pace/pace-minimal.css	-	200	-	0	12	http://localhost:2020	Mozilla/5.0 (Macintosh; Intel Mac OS X 10_12_0) AppleWebKit/537.36 (KHTML, like Gecko) Chrome/52.0.2743.116 Safari/537.36	http://localhost:2020/MetricsApp/v1
2016-10-12 19:00:26,935 INFO  [LogService                                   ] - 2016-10-12	19:00:26	0:0:0:0:0:0:0:1	-	0:0:0:0:0:0:0:1	2020	GET	/webapp/js/pace/pace-1.0.0.min.js	-	200	-	0	12	http://localhost:2020	Mozilla/5.0 (Macintosh; Intel Mac OS X 10_12_0) AppleWebKit/537.36 (KHTML, like Gecko) Chrome/52.0.2743.116 Safari/537.36	http://localhost:2020/MetricsApp/v1
2016-10-12 19:00:26,935 INFO  [LogService                                   ] - 2016-10-12	19:00:26	0:0:0:0:0:0:0:1	-	0:0:0:0:0:0:0:1	2020	GET	/webapp/js/jquery-1.11.1.js	-	200	-	0	4	http://localhost:2020	Mozilla/5.0 (Macintosh; Intel Mac OS X 10_12_0) AppleWebKit/537.36 (KHTML, like Gecko) Chrome/52.0.2743.116 Safari/537.36	http://localhost:2020/MetricsApp/v1
2016-10-12 19:00:26,952 INFO  [LogService                                   ] - 2016-10-12	19:00:26	0:0:0:0:0:0:0:1	-	0:0:0:0:0:0:0:1	2020	GET	/webapp/css/stickyfooter.css	-	200	-	0	9	http://localhost:2020	Mozilla/5.0 (Macintosh; Intel Mac OS X 10_12_0) AppleWebKit/537.36 (KHTML, like Gecko) Chrome/52.0.2743.116 Safari/537.36	http://localhost:2020/MetricsApp/v1
2016-10-12 19:00:26,954 INFO  [LogService                                   ] - 2016-10-12	19:00:26	0:0:0:0:0:0:0:1	-	0:0:0:0:0:0:0:1	2020	GET	/webapp/css/bootstrap.min.css	-	200	-	0	3	http://localhost:2020	Mozilla/5.0 (Macintosh; Intel Mac OS X 10_12_0) AppleWebKit/537.36 (KHTML, like Gecko) Chrome/52.0.2743.116 Safari/537.36	http://localhost:2020/MetricsApp/v1
2016-10-12 19:00:26,963 INFO  [LogService                                   ] - 2016-10-12	19:00:26	0:0:0:0:0:0:0:1	-	0:0:0:0:0:0:0:1	2020	GET	/webapp/css/trix/trix.css	-	200	-	0	43	http://localhost:2020	Mozilla/5.0 (Macintosh; Intel Mac OS X 10_12_0) AppleWebKit/537.36 (KHTML, like Gecko) Chrome/52.0.2743.116 Safari/537.36	http://localhost:2020/MetricsApp/v1
2016-10-12 19:00:26,963 INFO  [LogService                                   ] - 2016-10-12	19:00:26	0:0:0:0:0:0:0:1	-	0:0:0:0:0:0:0:1	2020	GET	/webapp/js/trix/trix.js	-	200	-	0	43	http://localhost:2020	Mozilla/5.0 (Macintosh; Intel Mac OS X 10_12_0) AppleWebKit/537.36 (KHTML, like Gecko) Chrome/52.0.2743.116 Safari/537.36	http://localhost:2020/MetricsApp/v1
2016-10-12 19:00:26,966 INFO  [LogService                                   ] - 2016-10-12	19:00:26	0:0:0:0:0:0:0:1	-	0:0:0:0:0:0:0:1	2020	GET	/webapp/css/bootstrap-theme.min.css	-	200	-	0	7	http://localhost:2020	Mozilla/5.0 (Macintosh; Intel Mac OS X 10_12_0) AppleWebKit/537.36 (KHTML, like Gecko) Chrome/52.0.2743.116 Safari/537.36	http://localhost:2020/MetricsApp/v1
2016-10-12 19:00:26,969 INFO  [LogService                                   ] - 2016-10-12	19:00:26	0:0:0:0:0:0:0:1	-	0:0:0:0:0:0:0:1	2020	GET	/webapp/css/bootstrap-plugins/multiselect/bootstrap-multiselect.css	-	200	-	0	2	http://localhost:2020	Mozilla/5.0 (Macintosh; Intel Mac OS X 10_12_0) AppleWebKit/537.36 (KHTML, like Gecko) Chrome/52.0.2743.116 Safari/537.36	http://localhost:2020/MetricsApp/v1
2016-10-12 19:00:26,983 INFO  [LogService                                   ] - 2016-10-12	19:00:26	0:0:0:0:0:0:0:1	-	0:0:0:0:0:0:0:1	2020	GET	/webapp/css/bootstrap/custom.css	-	200	-	0	3	http://localhost:2020	Mozilla/5.0 (Macintosh; Intel Mac OS X 10_12_0) AppleWebKit/537.36 (KHTML, like Gecko) Chrome/52.0.2743.116 Safari/537.36	http://localhost:2020/MetricsApp/v1
2016-10-12 19:00:26,986 INFO  [LogService                                   ] - 2016-10-12	19:00:26	0:0:0:0:0:0:0:1	-	0:0:0:0:0:0:0:1	2020	GET	/webapp/css/select2-bootstrap.css	-	200	-	0	3	http://localhost:2020	Mozilla/5.0 (Macintosh; Intel Mac OS X 10_12_0) AppleWebKit/537.36 (KHTML, like Gecko) Chrome/52.0.2743.116 Safari/537.36	http://localhost:2020/MetricsApp/v1
2016-10-12 19:00:26,987 INFO  [LogService                                   ] - 2016-10-12	19:00:26	0:0:0:0:0:0:0:1	-	0:0:0:0:0:0:0:1	2020	GET	/webapp/css/select2.css	-	200	-	0	6	http://localhost:2020	Mozilla/5.0 (Macintosh; Intel Mac OS X 10_12_0) AppleWebKit/537.36 (KHTML, like Gecko) Chrome/52.0.2743.116 Safari/537.36	http://localhost:2020/MetricsApp/v1
2016-10-12 19:00:27,014 INFO  [LogService                                   ] - 2016-10-12	19:00:27	0:0:0:0:0:0:0:1	-	0:0:0:0:0:0:0:1	2020	GET	/webapp/js/jinplace/1.2.1/jinplace.js	-	200	-	0	18	http://localhost:2020	Mozilla/5.0 (Macintosh; Intel Mac OS X 10_12_0) AppleWebKit/537.36 (KHTML, like Gecko) Chrome/52.0.2743.116 Safari/537.36	http://localhost:2020/MetricsApp/v1
2016-10-12 19:00:27,052 INFO  [LogService                                   ] - 2016-10-12	19:00:27	0:0:0:0:0:0:0:1	-	0:0:0:0:0:0:0:1	2020	GET	/webapp/js/animate/animate.css	-	200	-	0	8	http://localhost:2020	Mozilla/5.0 (Macintosh; Intel Mac OS X 10_12_0) AppleWebKit/537.36 (KHTML, like Gecko) Chrome/52.0.2743.116 Safari/537.36	http://localhost:2020/MetricsApp/v1
2016-10-12 19:00:27,071 INFO  [LogService                                   ] - 2016-10-12	19:00:27	0:0:0:0:0:0:0:1	-	0:0:0:0:0:0:0:1	2020	GET	/static/themes/jstree/style.min.css	-	200	-	0	3	http://localhost:2020	Mozilla/5.0 (Macintosh; Intel Mac OS X 10_12_0) AppleWebKit/537.36 (KHTML, like Gecko) Chrome/52.0.2743.116 Safari/537.36	http://localhost:2020/MetricsApp/v1
2016-10-12 19:00:27,075 INFO  [LogService                                   ] - 2016-10-12	19:00:27	0:0:0:0:0:0:0:1	-	0:0:0:0:0:0:0:1	2020	GET	/webapp/js/bootstrap-plugins/multiselect/bootstrap-multiselect.js	-	200	-	0	5	http://localhost:2020	Mozilla/5.0 (Macintosh; Intel Mac OS X 10_12_0) AppleWebKit/537.36 (KHTML, like Gecko) Chrome/52.0.2743.116 Safari/537.36	http://localhost:2020/MetricsApp/v1
2016-10-12 19:00:27,099 INFO  [LogService                                   ] - 2016-10-12	19:00:27	0:0:0:0:0:0:0:1	-	0:0:0:0:0:0:0:1	2020	GET	/static/js/mousetrap/mousetrap.min.js	-	200	-	0	5	http://localhost:2020	Mozilla/5.0 (Macintosh; Intel Mac OS X 10_12_0) AppleWebKit/537.36 (KHTML, like Gecko) Chrome/52.0.2743.116 Safari/537.36	http://localhost:2020/MetricsApp/v1
2016-10-12 19:00:27,161 INFO  [LogService                                   ] - 2016-10-12	19:00:27	0:0:0:0:0:0:0:1	-	0:0:0:0:0:0:0:1	2020	GET	/webapp/js/bootstrap.min.js	-	200	-	0	5	http://localhost:2020	Mozilla/5.0 (Macintosh; Intel Mac OS X 10_12_0) AppleWebKit/537.36 (KHTML, like Gecko) Chrome/52.0.2743.116 Safari/537.36	http://localhost:2020/MetricsApp/v1
2016-10-12 19:00:27,178 INFO  [LogService                                   ] - 2016-10-12	19:00:27	0:0:0:0:0:0:0:1	-	0:0:0:0:0:0:0:1	2020	GET	/webapp/js/noty/packaged/jquery.noty.packaged.min.js	-	200	-	0	4	http://localhost:2020	Mozilla/5.0 (Macintosh; Intel Mac OS X 10_12_0) AppleWebKit/537.36 (KHTML, like Gecko) Chrome/52.0.2743.116 Safari/537.36	http://localhost:2020/MetricsApp/v1
2016-10-12 19:00:27,191 INFO  [LogService                                   ] - 2016-10-12	19:00:27	0:0:0:0:0:0:0:1	-	0:0:0:0:0:0:0:1	2020	GET	/webapp/js/noty/layouts/skysail.js	-	200	-	0	5	http://localhost:2020	Mozilla/5.0 (Macintosh; Intel Mac OS X 10_12_0) AppleWebKit/537.36 (KHTML, like Gecko) Chrome/52.0.2743.116 Safari/537.36	http://localhost:2020/MetricsApp/v1
2016-10-12 19:00:27,199 INFO  [LogService                                   ] - 2016-10-12	19:00:27	0:0:0:0:0:0:0:1	-	0:0:0:0:0:0:0:1	2020	GET	/webapp/js/peity/jquery.peity.min.js	-	200	-	0	2	http://localhost:2020	Mozilla/5.0 (Macintosh; Intel Mac OS X 10_12_0) AppleWebKit/537.36 (KHTML, like Gecko) Chrome/52.0.2743.116 Safari/537.36	http://localhost:2020/MetricsApp/v1
2016-10-12 19:00:27,206 INFO  [LogService                                   ] - 2016-10-12	19:00:27	0:0:0:0:0:0:0:1	-	0:0:0:0:0:0:0:1	2020	GET	/webapp/js/select2.js	-	200	-	0	3	http://localhost:2020	Mozilla/5.0 (Macintosh; Intel Mac OS X 10_12_0) AppleWebKit/537.36 (KHTML, like Gecko) Chrome/52.0.2743.116 Safari/537.36	http://localhost:2020/MetricsApp/v1
2016-10-12 19:00:27,225 INFO  [LogService                                   ] - 2016-10-12	19:00:27	0:0:0:0:0:0:0:1	-	0:0:0:0:0:0:0:1	2020	GET	/static/js/jstree/jstree.min.js	-	200	-	0	2	http://localhost:2020	Mozilla/5.0 (Macintosh; Intel Mac OS X 10_12_0) AppleWebKit/537.36 (KHTML, like Gecko) Chrome/52.0.2743.116 Safari/537.36	http://localhost:2020/MetricsApp/v1
2016-10-12 19:00:27,242 INFO  [LogService                                   ] - 2016-10-12	19:00:27	0:0:0:0:0:0:0:1	-	0:0:0:0:0:0:0:1	2020	GET	/webapp/js/moment.js	-	200	-	0	3	http://localhost:2020	Mozilla/5.0 (Macintosh; Intel Mac OS X 10_12_0) AppleWebKit/537.36 (KHTML, like Gecko) Chrome/52.0.2743.116 Safari/537.36	http://localhost:2020/MetricsApp/v1
2016-10-12 19:00:27,321 INFO  [LogService                                   ] - 2016-10-12	19:00:27	0:0:0:0:0:0:0:1	-	0:0:0:0:0:0:0:1	2020	GET	/static/img/skysail.logo.png	-	200	-	0	4	http://localhost:2020	Mozilla/5.0 (Macintosh; Intel Mac OS X 10_12_0) AppleWebKit/537.36 (KHTML, like Gecko) Chrome/52.0.2743.116 Safari/537.36	http://localhost:2020/MetricsApp/v1
2016-10-12 19:00:27,344 INFO  [LogService                                   ] - 2016-10-12	19:00:27	0:0:0:0:0:0:0:1	-	0:0:0:0:0:0:0:1	2020	GET	/webapp/fonts/glyphicons-halflings-regular.woff	-	200	-	0	2	http://localhost:2020	Mozilla/5.0 (Macintosh; Intel Mac OS X 10_12_0) AppleWebKit/537.36 (KHTML, like Gecko) Chrome/52.0.2743.116 Safari/537.36	http://localhost:2020/webapp/css/bootstrap.min.css
2016-10-12 19:00:27,524 INFO  [LogService                                   ] - 2016-10-12	19:00:27	0:0:0:0:0:0:0:1	-	0:0:0:0:0:0:0:1	2020	GET	/static/themes/jstree/32px.png	-	200	-	0	6	http://localhost:2020	Mozilla/5.0 (Macintosh; Intel Mac OS X 10_12_0) AppleWebKit/537.36 (KHTML, like Gecko) Chrome/52.0.2743.116 Safari/537.36	http://localhost:2020/static/themes/jstree/style.min.css
2016-10-12 19:00:27,524 INFO  [LogService                                   ] - 2016-10-12	19:00:27	0:0:0:0:0:0:0:1	-	0:0:0:0:0:0:0:1	2020	GET	/static/themes/jstree/throbber.gif	-	200	-	0	4	http://localhost:2020	Mozilla/5.0 (Macintosh; Intel Mac OS X 10_12_0) AppleWebKit/537.36 (KHTML, like Gecko) Chrome/52.0.2743.116 Safari/537.36	http://localhost:2020/static/themes/jstree/style.min.css
2016-10-12 19:00:27,647 INFO  [LogService                                   ] - 2016-10-12	19:00:27	0:0:0:0:0:0:0:1	-	0:0:0:0:0:0:0:1	2020	GET	/webapp/favicon.ico	-	200	-	0	5	http://localhost:2020	Mozilla/5.0 (Macintosh; Intel Mac OS X 10_12_0) AppleWebKit/537.36 (KHTML, like Gecko) Chrome/52.0.2743.116 Safari/537.36	http://localhost:2020/MetricsApp/v1
2016-10-12 19:00:45,821 INFO  [LogService                                   ] - 2016-10-12	19:00:45	0:0:0:0:0:0:0:1	admin	0:0:0:0:0:0:0:1	2020	GET	/MetricsApp/v1	-	200	-	0	1171	http://localhost:2020	Mozilla/5.0 (Macintosh; Intel Mac OS X 10_12_0) AppleWebKit/537.36 (KHTML, like Gecko) Chrome/52.0.2743.116 Safari/537.36	-
2016-10-12 19:00:47,654 INFO  [io.skysail.server.app.ApplicationList        ] - (- ApplicationModel) name 'MetricsApp', count is 06 now
2016-10-12 19:00:47,808 INFO  [io.skysail.server.app.ApplicationList        ] - (+ ApplicationModel) (#07) with name 'MetricsApp'
2016-10-12 19:01:15,651 INFO  [io.skysail.server.app.ApplicationList        ] - (- ApplicationModel) name 'MetricsApp', count is 06 now
2016-10-12 19:01:15,709 INFO  [io.skysail.server.app.ApplicationList        ] - (+ ApplicationModel) (#07) with name 'MetricsApp'
2016-10-12 19:01:16,956 INFO  [o.r.S.InternalRouter.MetricsApplication      ] - Starting io.skysail.server.app.metrics.MetricsApplication application
2016-10-12 19:01:16,957 INFO  [io.skysail.server.app.SkysailApplication     ] - creating new Router in io.skysail.server.app.metrics.MetricsApplication
2016-10-12 19:01:16,957 INFO  [io.skysail.server.app.SkysailApplication     ] - adding extensions to metadata service
2016-10-12 19:01:16,957 INFO  [io.skysail.server.app.SkysailApplication     ] - adding protocols
2016-10-12 19:01:16,957 WARN  [io.skysail.server.app.SkysailApplication     ] - there are no entities defined for the applicationModel JavaApplicationModel: MetricsApp
Repositories: 
Repositories(repositories={})

2016-10-12 19:01:16,970 INFO  [io.skysail.server.restlet.SkysailRouter      ] - routing path '/MetricsApp/v1/Bookmarks/{id}' -> SkysailCookieAuthenticator -> RolesPredicateAuthorizer -> Finder -> BookmarkResource
2016-10-12 19:01:16,971 INFO  [io.skysail.server.restlet.SkysailRouter      ] - routing path '/MetricsApp/v1/Bookmarks/{id}/' -> SkysailCookieAuthenticator -> RolesPredicateAuthorizer -> Finder -> PutBookmarkResource
2016-10-12 19:01:16,974 INFO  [io.skysail.server.restlet.SkysailRouter      ] - routing path '/MetricsApp/v1/Timers' -> SkysailCookieAuthenticator -> RolesPredicateAuthorizer -> Finder -> TimersResource
2016-10-12 19:01:16,975 INFO  [io.skysail.server.restlet.SkysailRouter      ] - routing path '/MetricsApp/v1' -> SkysailCookieAuthenticator -> RolesPredicateAuthorizer -> Finder -> TimersResource
2016-10-12 19:01:17,488 INFO  [LogService                                   ] - 2016-10-12	19:01:17	0:0:0:0:0:0:0:1	admin	0:0:0:0:0:0:0:1	2020	GET	/MetricsApp/v1	-	200	-	0	533	http://localhost:2020	Mozilla/5.0 (Macintosh; Intel Mac OS X 10_12_0) AppleWebKit/537.36 (KHTML, like Gecko) Chrome/52.0.2743.116 Safari/537.36	-
