0 info it worked if it ends with ok
1 verbose cli [ '/usr/local/bin/node', '/usr/local/bin/npm', 'start' ]
2 info using npm@3.7.3
3 info using node@v5.8.0
4 verbose run-script [ 'prestart', 'start', 'poststart' ]
5 info lifecycle skysail-server-angular2-client@0.1.0~prestart: skysail-server-angular2-client@0.1.0
6 silly lifecycle skysail-server-angular2-client@0.1.0~prestart: no script for prestart, continuing
7 info lifecycle skysail-server-angular2-client@0.1.0~start: skysail-server-angular2-client@0.1.0
8 verbose lifecycle skysail-server-angular2-client@0.1.0~start: unsafe-perm in lifecycle true
9 verbose lifecycle skysail-server-angular2-client@0.1.0~start: PATH: /usr/local/lib/node_modules/npm/bin/node-gyp-bin:/Users/carsten/git/skysail/skysail.server/client/node_modules/.bin:/usr/local/bin:/usr/local/bin:/usr/bin:/bin:/usr/sbin:/sbin:/usr/local/bin:/Users/carsten/install/adt-bundle-mac-x86_64-20140702/sdk/tools:"/Applications/Android Studio.app/sdk/platform-tools/":/opt/X11/bin:/Users/carsten/install/apache-maven-3.2.1/bin:/usr/local/Cellar/gradle/1.12/bin:/Users/carsten/install/jbake-2.4.0/bin
10 verbose lifecycle skysail-server-angular2-client@0.1.0~start: CWD: /Users/carsten/git/skysail/skysail.server/client
11 silly lifecycle skysail-server-angular2-client@0.1.0~start: Args: [ '-c', 'concurrent "npm run tsc:w" "npm run lite" ' ]
12 silly lifecycle skysail-server-angular2-client@0.1.0~start: Returned: code: 1  signal: null
13 info lifecycle skysail-server-angular2-client@0.1.0~start: Failed to exec start script
14 verbose stack Error: skysail-server-angular2-client@0.1.0 start: `concurrent "npm run tsc:w" "npm run lite" `
14 verbose stack Exit status 1
14 verbose stack     at EventEmitter.<anonymous> (/usr/local/lib/node_modules/npm/lib/utils/lifecycle.js:239:16)
14 verbose stack     at emitTwo (events.js:100:13)
14 verbose stack     at EventEmitter.emit (events.js:185:7)
14 verbose stack     at ChildProcess.<anonymous> (/usr/local/lib/node_modules/npm/lib/utils/spawn.js:24:14)
14 verbose stack     at emitTwo (events.js:100:13)
14 verbose stack     at ChildProcess.emit (events.js:185:7)
14 verbose stack     at maybeClose (internal/child_process.js:850:16)
14 verbose stack     at Process.ChildProcess._handle.onexit (internal/child_process.js:215:5)
15 verbose pkgid skysail-server-angular2-client@0.1.0
16 verbose cwd /Users/carsten/git/skysail/skysail.server/client
17 error Darwin 15.4.0
18 error argv "/usr/local/bin/node" "/usr/local/bin/npm" "start"
19 error node v5.8.0
20 error npm  v3.7.3
21 error code ELIFECYCLE
22 error skysail-server-angular2-client@0.1.0 start: `concurrent "npm run tsc:w" "npm run lite" `
22 error Exit status 1
23 error Failed at the skysail-server-angular2-client@0.1.0 start script 'concurrent "npm run tsc:w" "npm run lite" '.
23 error Make sure you have the latest version of node.js and npm installed.
23 error If you do, this is most likely a problem with the skysail-server-angular2-client package,
23 error not with npm itself.
23 error Tell the author that this fails on your system:
23 error     concurrent "npm run tsc:w" "npm run lite"
23 error You can get information on how to open an issue for this project with:
23 error     npm bugs skysail-server-angular2-client
23 error Or if that isn't available, you can get their info via:
23 error     npm owner ls skysail-server-angular2-client
23 error There is likely additional logging output above.
24 verbose exit [ 1, true ]
