RUN	demoproduct.LocalSimulation3		localsimulation3	1475076913837	 	2.0
USER	Users	1	START	1475076916197	1475076916197
REQUEST	Users	1		demo.local.bndrun.root	1475076916233	1475076916504	OK	 
USER	Users	2	START	1475076917333	1475076917333
REQUEST	Users	2		demo.local.bndrun.root	1475076917333	1475076917454	OK	 
USER	Users	3	START	1475076918333	1475076918333
REQUEST	Users	3		demo.local.bndrun.root	1475076918334	1475076918444	OK	 
REQUEST	Users	1		_login	1475076918524	1475076918531	OK	 
REQUEST	Users	1		_login Redirect 1	1475076918534	1475076918697	OK	 
USER	Users	4	START	1475076919213	1475076919213
REQUEST	Users	4		demo.local.bndrun.root	1475076919214	1475076919338	OK	 
REQUEST	Users	2		_login	1475076919482	1475076919487	OK	 
REQUEST	Users	2		_login Redirect 1	1475076919488	1475076919618	OK	 
USER	Users	5	START	1475076920212	1475076920212
REQUEST	Users	5		demo.local.bndrun.root	1475076920213	1475076920364	OK	 
REQUEST	Users	3		_login	1475076920462	1475076920467	OK	 
REQUEST	Users	3		_login Redirect 1	1475076920467	1475076920602	OK	 
USER	Users	6	START	1475076921211	1475076921211
REQUEST	Users	4		_login	1475076921352	1475076921359	OK	 
REQUEST	Users	1		shiro _login	1475076920707	1475076921363	OK	 
REQUEST	Users	6		demo.local.bndrun.root	1475076921212	1475076921398	OK	 
REQUEST	Users	4		_login Redirect 1	1475076921360	1475076921614	OK	 
REQUEST	Users	1		shiro _login Redirect 1	1475076921374	1475076921615	OK	 
REQUEST	Users	2		shiro _login	1475076921604	1475076921768	OK	 
REQUEST	Users	2		shiro _login Redirect 1	1475076921769	1475076921929	OK	 
USER	Users	7	START	1475076922212	1475076922212
REQUEST	Users	7		demo.local.bndrun.root	1475076922212	1475076922319	OK	 
REQUEST	Users	5		_login	1475076922384	1475076922389	OK	 
REQUEST	Users	5		_login Redirect 1	1475076922389	1475076922470	OK	 
REQUEST	Users	3		shiro _login	1475076922603	1475076922786	OK	 
REQUEST	Users	1		get refSEA	1475076922604	1475076922835	OK	 
REQUEST	Users	3		shiro _login Redirect 1	1475076922786	1475076922916	OK	 
REQUEST	Users	2		get refSEA	1475076922934	1475076923093	OK	 
USER	Users	8	START	1475076923213	1475076923213
REQUEST	Users	8		demo.local.bndrun.root	1475076923213	1475076923298	OK	 
REQUEST	Users	6		_login	1475076923413	1475076923418	OK	 
REQUEST	Users	6		_login Redirect 1	1475076923419	1475076923540	OK	 
REQUEST	Users	4		shiro _login	1475076923624	1475076923722	OK	 
REQUEST	Users	4		shiro _login Redirect 1	1475076923723	1475076923797	OK	 
REQUEST	Users	3		get refSEA	1475076923914	1475076924053	OK	 
USER	Users	9	START	1475076924214	1475076924214
REQUEST	Users	9		demo.local.bndrun.root	1475076924214	1475076924279	OK	 
REQUEST	Users	7		_login	1475076924343	1475076924348	OK	 
REQUEST	Users	7		_login Redirect 1	1475076924348	1475076924432	OK	 
REQUEST	Users	5		shiro _login	1475076924464	1475076924556	OK	 
REQUEST	Users	5		shiro _login Redirect 1	1475076924557	1475076924635	OK	 
REQUEST	Users	4		get refSEA	1475076924792	1475076924959	OK	 
REQUEST	Users	1		create account	1475076924843	1475076924996	OK	 
REQUEST	Users	1		create account Redirect 1	1475076924997	1475076925206	OK	 
USER	Users	10	START	1475076925241	1475076925241
REQUEST	Users	8		_login	1475076925313	1475076925317	OK	 
REQUEST	Users	2		create account	1475076925094	1475076925421	OK	 
REQUEST	Users	10		demo.local.bndrun.root	1475076925241	1475076925498	OK	 
REQUEST	Users	8		_login Redirect 1	1475076925317	1475076925553	OK	 
REQUEST	Users	2		create account Redirect 1	1475076925422	1475076925647	OK	 
REQUEST	Users	6		shiro _login	1475076925554	1475076925748	OK	 
REQUEST	Users	5		get refSEA	1475076925641	1475076925848	OK	 
REQUEST	Users	6		shiro _login Redirect 1	1475076925749	1475076925869	OK	 
REQUEST	Users	3		create account	1475076926063	1475076926167	OK	 
REQUEST	Users	1		get refSEA (JSON)	1475076926202	1475076926228	OK	 
USER	Users	11	START	1475076926243	1475076926243
REQUEST	Users	9		_login	1475076926291	1475076926295	OK	 
REQUEST	Users	3		create account Redirect 1	1475076926168	1475076926430	OK	 
REQUEST	Users	9		_login Redirect 1	1475076926296	1475076926487	OK	 
REQUEST	Users	11		demo.local.bndrun.root	1475076926243	1475076926497	OK	 
REQUEST	Users	7		shiro _login	1475076926432	1475076926578	OK	 
REQUEST	Users	2		get refSEA (JSON)	1475076926644	1475076926670	OK	 
REQUEST	Users	7		shiro _login Redirect 1	1475076926579	1475076926681	OK	 
REQUEST	Users	6		get refSEA	1475076926852	1475076926960	OK	 
REQUEST	Users	4		create account	1475076926952	1475076927065	OK	 
REQUEST	Users	4		create account Redirect 1	1475076927066	1475076927208	OK	 
USER	Users	12	START	1475076927211	1475076927211
REQUEST	Users	12		demo.local.bndrun.root	1475076927211	1475076927278	OK	 
REQUEST	Users	3		get refSEA (JSON)	1475076927433	1475076927448	OK	 
REQUEST	Users	10		_login	1475076927514	1475076927518	OK	 
REQUEST	Users	10		_login Redirect 1	1475076927518	1475076927616	OK	 
REQUEST	Users	8		shiro _login	1475076927561	1475076927671	OK	 
REQUEST	Users	8		shiro _login Redirect 1	1475076927671	1475076927802	OK	 
REQUEST	Users	7		get refSEA	1475076927684	1475076927838	OK	 
REQUEST	Users	5		create account	1475076927843	1475076927948	OK	 
REQUEST	Users	5		create account Redirect 1	1475076927949	1475076928051	OK	 
USER	Users	13	START	1475076928213	1475076928213
REQUEST	Users	4		get refSEA (JSON)	1475076928214	1475076928232	OK	 
REQUEST	Users	13		demo.local.bndrun.root	1475076928214	1475076928347	OK	 
REQUEST	Users	1		get webconsole	1475076928232	1475076928464	OK	 
REQUEST	Users	11		_login	1475076928514	1475076928518	OK	 
REQUEST	Users	9		shiro _login	1475076928493	1475076928647	OK	 
REQUEST	Users	11		_login Redirect 1	1475076928518	1475076928660	OK	 
REQUEST	Users	9		shiro _login Redirect 1	1475076928648	1475076928782	OK	 
REQUEST	Users	8		get refSEA	1475076928802	1475076929058	OK	 
REQUEST	Users	5		get refSEA (JSON)	1475076929052	1475076929079	OK	 
REQUEST	Users	2		get webconsole	1475076928673	1475076929134	OK	 
REQUEST	Users	6		create account	1475076928962	1475076929190	OK	 
USER	Users	14	START	1475076929212	1475076929212
REQUEST	Users	12		_login	1475076929293	1475076929296	OK	 
REQUEST	Users	14		demo.local.bndrun.root	1475076929212	1475076929360	OK	 
REQUEST	Users	6		create account Redirect 1	1475076929190	1475076929401	OK	 
REQUEST	Users	12		_login Redirect 1	1475076929296	1475076929435	OK	 
REQUEST	Users	1		logout	1475076929462	1475076929466	OK	 
REQUEST	Users	1		logout Redirect 1	1475076929517	1475076929647	OK	 
REQUEST	Users	3		get webconsole	1475076929442	1475076929706	OK	 
REQUEST	Users	2		logout	1475076930134	1475076930136	OK	 
USER	Users	15	START	1475076930213	1475076930213
REQUEST	Users	2		logout Redirect 1	1475076930137	1475076930267	OK	 
REQUEST	Users	10		shiro _login	1475076929622	1475076930338	OK	 
REQUEST	Users	13		_login	1475076930362	1475076930366	OK	 
REQUEST	Users	15		demo.local.bndrun.root	1475076930213	1475076930413	OK	 
REQUEST	Users	6		get refSEA (JSON)	1475076930403	1475076930427	OK	 
REQUEST	Users	10		shiro _login Redirect 1	1475076930338	1475076930639	OK	 
REQUEST	Users	3		logout	1475076930701	1475076930703	OK	 
REQUEST	Users	9		get refSEA	1475076929783	1475076930844	KO	responseTime.find.lessThan(1000), but actually 1061 is not less than 1000
REQUEST	Users	13		_login Redirect 1	1475076930367	1475076930860	KO	responseTime.find.lessThan(400), but actually 493 is not less than 400
REQUEST	Users	7		create account	1475076929831	1475076930877	OK	 
REQUEST	Users	3		logout Redirect 1	1475076930704	1475076931203	OK	 
USER	Users	16	START	1475076931212	1475076931212
REQUEST	Users	11		shiro _login	1475076930672	1475076931233	OK	 
REQUEST	Users	14		_login	1475076931372	1475076931376	OK	 
REQUEST	Users	7		create account Redirect 1	1475076930877	1475076931544	OK	 
REQUEST	Users	16		demo.local.bndrun.root	1475076931212	1475076931715	KO	responseTime.find.lessThan(400), but actually 503 is not less than 400
REQUEST	Users	8		create account	1475076931052	1475076931736	OK	 
REQUEST	Users	14		_login Redirect 1	1475076931376	1475076931917	KO	responseTime.find.lessThan(400), but actually 541 is not less than 400
REQUEST	Users	11		shiro _login Redirect 1	1475076931234	1475076931930	OK	 
REQUEST	Users	12		shiro _login	1475076931442	1475076932066	OK	 
REQUEST	Users	4		get webconsole	1475076930243	1475076932168	OK	 
USER	Users	17	START	1475076932213	1475076932213
REQUEST	Users	8		create account Redirect 1	1475076931736	1475076932267	OK	 
REQUEST	Users	5		get webconsole	1475076931083	1475076932301	OK	 
REQUEST	Users	10		get refSEA	1475076931632	1475076932409	OK	 
REQUEST	Users	12		shiro _login Redirect 1	1475076932067	1475076932425	OK	 
REQUEST	Users	15		_login	1475076932432	1475076932437	OK	 
REQUEST	Users	17		demo.local.bndrun.root	1475076932213	1475076932465	OK	 
REQUEST	Users	7		get refSEA (JSON)	1475076932543	1475076932560	OK	 
REQUEST	Users	15		_login Redirect 1	1475076932438	1475076932616	OK	 
USER	Users	1	END	1475076916197	1475076932646
REQUEST	Users	6		get webconsole	1475076932432	1475076932695	OK	 
REQUEST	Users	9		create account	1475076932844	1475076933072	OK	 
REQUEST	Users	13		shiro _login	1475076932863	1475076933110	OK	 
REQUEST	Users	4		logout	1475076933161	1475076933164	OK	 
REQUEST	Users	11		get refSEA	1475076932922	1475076933197	OK	 
USER	Users	18	START	1475076933211	1475076933211
USER	Users	2	END	1475076917333	1475076933272
REQUEST	Users	5		logout	1475076933292	1475076933294	OK	 
REQUEST	Users	4		logout Redirect 1	1475076933164	1475076933413	OK	 
REQUEST	Users	13		shiro _login Redirect 1	1475076933111	1475076933418	OK	 
REQUEST	Users	9		create account Redirect 1	1475076933073	1475076933456	OK	 
REQUEST	Users	18		demo.local.bndrun.root	1475076933211	1475076933488	OK	 
REQUEST	Users	5		logout Redirect 1	1475076933295	1475076933511	OK	 
REQUEST	Users	8		get refSEA (JSON)	1475076933272	1475076933687	OK	 
REQUEST	Users	6		logout	1475076933693	1475076933695	OK	 
REQUEST	Users	16		_login	1475076933733	1475076933737	OK	 
REQUEST	Users	6		logout Redirect 1	1475076933696	1475076933767	OK	 
REQUEST	Users	16		_login Redirect 1	1475076933737	1475076933840	OK	 
REQUEST	Users	12		get refSEA	1475076933422	1475076933947	OK	 
REQUEST	Users	14		shiro _login	1475076933924	1475076934042	OK	 
REQUEST	Users	14		shiro _login Redirect 1	1475076934042	1475076934150	OK	 
USER	Users	3	END	1475076918333	1475076934213
USER	Users	19	START	1475076934213	1475076934213
REQUEST	Users	19		demo.local.bndrun.root	1475076934213	1475076934274	OK	 
REQUEST	Users	9		get refSEA (JSON)	1475076934453	1475076934468	OK	 
REQUEST	Users	17		_login	1475076934473	1475076934477	OK	 
REQUEST	Users	10		create account	1475076934411	1475076934749	OK	 
REQUEST	Users	17		_login Redirect 1	1475076934477	1475076934762	OK	 
REQUEST	Users	13		get refSEA	1475076934421	1475076934840	OK	 
REQUEST	Users	15		shiro _login	1475076934611	1475076934948	OK	 
REQUEST	Users	10		create account Redirect 1	1475076934750	1475076935079	OK	 
REQUEST	Users	15		shiro _login Redirect 1	1475076934948	1475076935125	OK	 
REQUEST	Users	7		get webconsole	1475076934562	1475076935133	OK	 
USER	Users	20	START	1475076935213	1475076935213
REQUEST	Users	14		get refSEA	1475076935142	1475076935320	OK	 
REQUEST	Users	20		demo.local.bndrun.root	1475076935213	1475076935392	OK	 
REQUEST	Users	11		create account	1475076935193	1475076935410	OK	 
REQUEST	Users	18		_login	1475076935504	1475076935506	OK	 
REQUEST	Users	11		create account Redirect 1	1475076935410	1475076935509	OK	 
REQUEST	Users	18		_login Redirect 1	1475076935507	1475076935577	OK	 
REQUEST	Users	8		get webconsole	1475076935683	1475076935845	OK	 
REQUEST	Users	16		shiro _login	1475076935842	1475076935925	OK	 
REQUEST	Users	16		shiro _login Redirect 1	1475076935925	1475076936038	OK	 
REQUEST	Users	12		create account	1475076935942	1475076936076	OK	 
REQUEST	Users	10		get refSEA (JSON)	1475076936084	1475076936099	OK	 
REQUEST	Users	7		logout	1475076936132	1475076936134	OK	 
USER	Users	21	START	1475076936212	1475076936212
REQUEST	Users	19		_login	1475076936291	1475076936295	OK	 
REQUEST	Users	12		create account Redirect 1	1475076936077	1475076936335	OK	 
REQUEST	Users	7		logout Redirect 1	1475076936134	1475076936383	OK	 
USER	Users	4	END	1475076919213	1475076936413
REQUEST	Users	21		demo.local.bndrun.root	1475076936212	1475076936447	OK	 
REQUEST	Users	19		_login Redirect 1	1475076936295	1475076936462	OK	 
USER	Users	5	END	1475076920212	1475076936524
REQUEST	Users	15		get refSEA	1475076936132	1475076936716	OK	 
USER	Users	6	END	1475076921211	1475076936764
REQUEST	Users	8		logout	1475076936854	1475076936858	OK	 
REQUEST	Users	17		shiro _login	1475076936783	1475076937052	OK	 
REQUEST	Users	11		get refSEA (JSON)	1475076936512	1475076937105	KO	responseTime.find.lessThan(500), but actually 593 is not less than 500
REQUEST	Users	8		logout Redirect 1	1475076936859	1475076937186	OK	 
USER	Users	22	START	1475076937214	1475076937214
REQUEST	Users	13		create account	1475076936842	1475076937297	OK	 
REQUEST	Users	12		get refSEA (JSON)	1475076937343	1475076937360	OK	 
REQUEST	Users	20		_login	1475076937414	1475076937417	OK	 
REQUEST	Users	13		create account Redirect 1	1475076937297	1475076937633	OK	 
REQUEST	Users	16		get refSEA	1475076937034	1475076937710	OK	 
REQUEST	Users	17		shiro _login Redirect 1	1475076937053	1475076937790	OK	 
REQUEST	Users	22		demo.local.bndrun.root	1475076937214	1475076937859	KO	responseTime.find.lessThan(400), but actually 645 is not less than 400
REQUEST	Users	20		_login Redirect 1	1475076937417	1475076937872	KO	responseTime.find.lessThan(400), but actually 455 is not less than 400
REQUEST	Users	14		create account	1475076937334	1475076937914	OK	 
REQUEST	Users	9		get webconsole	1475076936474	1475076937977	OK	 
REQUEST	Users	18		shiro _login	1475076937583	1475076938056	OK	 
REQUEST	Users	14		create account Redirect 1	1475076937915	1475076938148	OK	 
USER	Users	23	START	1475076938212	1475076938212
REQUEST	Users	18		shiro _login Redirect 1	1475076938058	1475076938239	OK	 
REQUEST	Users	23		demo.local.bndrun.root	1475076938213	1475076938343	OK	 
REQUEST	Users	10		get webconsole	1475076938092	1475076938389	OK	 
REQUEST	Users	21		_login	1475076938463	1475076938467	OK	 
REQUEST	Users	21		_login Redirect 1	1475076938467	1475076938627	OK	 
REQUEST	Users	13		get refSEA (JSON)	1475076938632	1475076938643	OK	 
REQUEST	Users	19		shiro _login	1475076938473	1475076938649	OK	 
REQUEST	Users	19		shiro _login Redirect 1	1475076938650	1475076938723	OK	 
REQUEST	Users	15		create account	1475076938713	1475076938914	OK	 
REQUEST	Users	17		get refSEA	1475076938774	1475076938922	OK	 
REQUEST	Users	9		logout	1475076938972	1475076938973	OK	 
REQUEST	Users	15		create account Redirect 1	1475076938914	1475076939091	OK	 
REQUEST	Users	9		logout Redirect 1	1475076938974	1475076939135	OK	 
USER	Users	24	START	1475076939213	1475076939213
REQUEST	Users	24		demo.local.bndrun.root	1475076939213	1475076939318	OK	 
USER	Users	7	END	1475076922212	1475076939393
REQUEST	Users	10		logout	1475076939394	1475076939396	OK	 
REQUEST	Users	10		logout Redirect 1	1475076939397	1475076939502	OK	 
REQUEST	Users	14		get refSEA (JSON)	1475076939143	1475076939747	KO	responseTime.find.lessThan(500), but actually 604 is not less than 500
REQUEST	Users	22		_login	1475076939873	1475076939877	OK	 
REQUEST	Users	15		get refSEA (JSON)	1475076940104	1475076940124	OK	 
REQUEST	Users	16		create account	1475076939723	1475076940154	OK	 
USER	Users	8	END	1475076923213	1475076940183
USER	Users	25	START	1475076940212	1475076940212
REQUEST	Users	19		get refSEA	1475076939723	1475076940314	OK	 
REQUEST	Users	23		_login	1475076940361	1475076940364	OK	 
REQUEST	Users	11		get webconsole	1475076939113	1475076940614	OK	 
REQUEST	Users	20		shiro _login	1475076939873	1475076940621	OK	 
REQUEST	Users	18		get refSEA	1475076939233	1475076940772	KO	responseTime.find.lessThan(1000), but actually 1539 is not less than 1000
REQUEST	Users	25		demo.local.bndrun.root	1475076940212	1475076940900	KO	responseTime.find.lessThan(400), but actually 688 is not less than 400
REQUEST	Users	22		_login Redirect 1	1475076939877	1475076940904	KO	responseTime.find.lessThan(400), but actually 1027 is not less than 400
REQUEST	Users	16		create account Redirect 1	1475076940154	1475076940962	OK	 
REQUEST	Users	12		get webconsole	1475076939354	1475076941053	OK	 
REQUEST	Users	23		_login Redirect 1	1475076940364	1475076941056	KO	responseTime.find.lessThan(400), but actually 692 is not less than 400
REQUEST	Users	21		shiro _login	1475076940633	1475076941109	OK	 
REQUEST	Users	20		shiro _login Redirect 1	1475076940622	1475076941288	OK	 
REQUEST	Users	24		_login	1475076941331	1475076941334	OK	 
REQUEST	Users	13		get webconsole	1475076940643	1475076941448	OK	 
REQUEST	Users	17		create account	1475076940931	1475076941458	OK	 
REQUEST	Users	21		shiro _login Redirect 1	1475076941110	1475076941495	OK	 
REQUEST	Users	24		_login Redirect 1	1475076941334	1475076941606	OK	 
REQUEST	Users	11		logout	1475076941614	1475076941616	OK	 
REQUEST	Users	17		create account Redirect 1	1475076941459	1475076941642	OK	 
REQUEST	Users	11		logout Redirect 1	1475076941617	1475076941697	OK	 
REQUEST	Users	12		logout	1475076942064	1475076942072	OK	 
USER	Users	9	END	1475076924214	1475076942143
REQUEST	Users	12		logout Redirect 1	1475076942076	1475076942211	OK	 
REQUEST	Users	13		logout	1475076942444	1475076942446	OK	 
USER	Users	10	END	1475076925241	1475076942513
REQUEST	Users	13		logout Redirect 1	1475076942446	1475076942567	OK	 
REQUEST	Users	16		get refSEA (JSON)	1475076941944	1475076942648	KO	responseTime.find.lessThan(500), but actually 704 is not less than 500
REQUEST	Users	17		get refSEA (JSON)	1475076942633	1475076942650	OK	 
REQUEST	Users	25		_login	1475076942914	1475076942919	OK	 
REQUEST	Users	18		create account	1475076942782	1475076943059	OK	 
REQUEST	Users	25		_login Redirect 1	1475076942919	1475076943445	KO	responseTime.find.lessThan(400), but actually 526 is not less than 400
REQUEST	Users	22		shiro _login	1475076942914	1475076943472	OK	 
REQUEST	Users	19		create account	1475076942312	1475076943812	OK	 
REQUEST	Users	21		get refSEA	1475076942493	1475076943834	KO	responseTime.find.lessThan(1000), but actually 1341 is not less than 1000
REQUEST	Users	23		shiro _login	1475076943062	1475076943884	OK	 
REQUEST	Users	20		get refSEA	1475076942284	1475076944098	KO	responseTime.find.lessThan(1000), but actually 1814 is not less than 1000
REQUEST	Users	18		create account Redirect 1	1475076943060	1475076944142	OK	 
REQUEST	Users	22		shiro _login Redirect 1	1475076943473	1475076944338	OK	 
REQUEST	Users	24		shiro _login	1475076943612	1475076944424	OK	 
REQUEST	Users	15		get webconsole	1475076942113	1475076944424	OK	 
REQUEST	Users	19		create account Redirect 1	1475076943813	1475076944489	OK	 
REQUEST	Users	23		shiro _login Redirect 1	1475076943885	1475076944494	OK	 
REQUEST	Users	14		get webconsole	1475076941742	1475076944545	OK	 
REQUEST	Users	24		shiro _login Redirect 1	1475076944425	1475076944579	OK	 
USER	Users	11	END	1475076926243	1475076944693
REQUEST	Users	17		get webconsole	1475076944652	1475076944936	OK	 
REQUEST	Users	16		get webconsole	1475076944652	1475076945004	OK	 
REQUEST	Users	18		get refSEA (JSON)	1475076945142	1475076945155	OK	 
USER	Users	12	END	1475076927211	1475076945212
REQUEST	Users	15		logout	1475076945422	1475076945425	OK	 
REQUEST	Users	22		get refSEA	1475076945333	1475076945535	OK	 
REQUEST	Users	14		logout	1475076945553	1475076945555	OK	 
USER	Users	13	END	1475076928213	1475076945573
REQUEST	Users	15		logout Redirect 1	1475076945426	1475076945631	OK	 
REQUEST	Users	14		logout Redirect 1	1475076945556	1475076945680	OK	 
REQUEST	Users	17		logout	1475076945943	1475076945944	OK	 
REQUEST	Users	16		logout	1475076946014	1475076946015	OK	 
REQUEST	Users	17		logout Redirect 1	1475076945945	1475076946047	OK	 
REQUEST	Users	16		logout Redirect 1	1475076946016	1475076946125	OK	 
REQUEST	Users	19		get refSEA (JSON)	1475076945484	1475076946361	KO	responseTime.find.lessThan(500), but actually 877 is not less than 500
REQUEST	Users	25		shiro _login	1475076945451	1475076946795	OK	 
REQUEST	Users	23		get refSEA	1475076945492	1475076946875	KO	responseTime.find.lessThan(1000), but actually 1383 is not less than 1000
REQUEST	Users	24		get refSEA	1475076945573	1475076946890	KO	responseTime.find.lessThan(1000), but actually 1317 is not less than 1000
REQUEST	Users	21		create account	1475076945832	1475076947099	OK	 
REQUEST	Users	25		shiro _login Redirect 1	1475076946796	1475076947251	OK	 
REQUEST	Users	20		create account	1475076946093	1475076947297	OK	 
REQUEST	Users	21		create account Redirect 1	1475076947100	1475076947472	OK	 
REQUEST	Users	20		create account Redirect 1	1475076947297	1475076947664	OK	 
REQUEST	Users	18		get webconsole	1475076947151	1475076947730	OK	 
REQUEST	Users	22		create account	1475076947531	1475076947752	OK	 
REQUEST	Users	22		create account Redirect 1	1475076947752	1475076947905	OK	 
REQUEST	Users	25		get refSEA	1475076948253	1475076948357	OK	 
REQUEST	Users	21		get refSEA (JSON)	1475076948473	1475076948489	OK	 
REQUEST	Users	19		get webconsole	1475076948353	1475076948535	OK	 
USER	Users	15	END	1475076930213	1475076948634
USER	Users	14	END	1475076929212	1475076948683
REQUEST	Users	20		get refSEA (JSON)	1475076948674	1475076948687	OK	 
REQUEST	Users	18		logout	1475076948723	1475076948725	OK	 
REQUEST	Users	18		logout Redirect 1	1475076948726	1475076948791	OK	 
USER	Users	17	END	1475076932213	1475076949041
USER	Users	16	END	1475076931212	1475076949122
REQUEST	Users	22		get refSEA (JSON)	1475076948913	1475076949423	KO	responseTime.find.lessThan(500), but actually 510 is not less than 500
REQUEST	Users	19		logout	1475076949544	1475076949546	OK	 
REQUEST	Users	24		create account	1475076948892	1475076949585	OK	 
REQUEST	Users	23		create account	1475076948872	1475076949679	OK	 
REQUEST	Users	19		logout Redirect 1	1475076949546	1475076949696	OK	 
REQUEST	Users	24		create account Redirect 1	1475076949586	1475076950073	OK	 
REQUEST	Users	23		create account Redirect 1	1475076949679	1475076950157	OK	 
REQUEST	Users	25		create account	1475076950352	1475076950455	OK	 
REQUEST	Users	25		create account Redirect 1	1475076950455	1475076950593	OK	 
REQUEST	Users	21		get webconsole	1475076950492	1475076950699	OK	 
REQUEST	Users	20		get webconsole	1475076950683	1475076950848	OK	 
REQUEST	Users	24		get refSEA (JSON)	1475076951084	1475076951095	OK	 
REQUEST	Users	23		get refSEA (JSON)	1475076951163	1475076951176	OK	 
REQUEST	Users	22		get webconsole	1475076951423	1475076951593	OK	 
REQUEST	Users	25		get refSEA (JSON)	1475076951604	1475076951614	OK	 
REQUEST	Users	21		logout	1475076951692	1475076951693	OK	 
REQUEST	Users	21		logout Redirect 1	1475076951694	1475076951761	OK	 
USER	Users	18	END	1475076933211	1475076951803
REQUEST	Users	20		logout	1475076951842	1475076951844	OK	 
REQUEST	Users	20		logout Redirect 1	1475076951845	1475076951908	OK	 
REQUEST	Users	22		logout	1475076952594	1475076952595	OK	 
REQUEST	Users	22		logout Redirect 1	1475076952596	1475076952659	OK	 
USER	Users	19	END	1475076934213	1475076952693
REQUEST	Users	24		get webconsole	1475076953094	1475076953821	OK	 
REQUEST	Users	23		get webconsole	1475076953173	1475076953952	OK	 
REQUEST	Users	25		get webconsole	1475076953613	1475076953980	OK	 
USER	Users	21	END	1475076936212	1475076954763
REQUEST	Users	24		logout	1475076954824	1475076954826	OK	 
REQUEST	Users	24		logout Redirect 1	1475076954827	1475076954886	OK	 
USER	Users	20	END	1475076935213	1475076954913
REQUEST	Users	23		logout	1475076954953	1475076954955	OK	 
REQUEST	Users	25		logout	1475076954972	1475076954974	OK	 
REQUEST	Users	23		logout Redirect 1	1475076954956	1475076955077	OK	 
REQUEST	Users	25		logout Redirect 1	1475076954974	1475076955090	OK	 
USER	Users	22	END	1475076937214	1475076955653
USER	Users	24	END	1475076939213	1475076957883
USER	Users	23	END	1475076938212	1475076958074
USER	Users	25	END	1475076940212	1475076958094
