2016-03-31 08:54:36,248 INFO  [io.skysail.server.app.SkysailApplication     ] - Activating ApplicationModel io.skysail.server.converter.WebappApplication
2016-03-31 08:54:37,362 INFO  [io.skysail.server.http.HttpServer            ] - 
2016-03-31 08:54:37,362 INFO  [io.skysail.server.http.HttpServer            ] - ====================================
2016-03-31 08:54:37,362 INFO  [io.skysail.server.http.HttpServer            ] - Starting skysail server on port 2018
2016-03-31 08:54:37,363 INFO  [io.skysail.server.http.HttpServer            ] - ====================================
2016-03-31 08:54:37,363 INFO  [io.skysail.server.http.HttpServer            ] - 
2016-03-31 08:54:37,411 INFO  [org.restlet                                  ] - Starting the Jetty [HTTP/1.1] server on port 2018
2016-03-31 08:54:37,475 INFO  [io.skysail.server.app.SkysailApplication     ] - Activating ApplicationModel io.skysail.server.polymer.PolymerStaticWebapp
2016-03-31 08:54:37,487 INFO  [io.skysail.server.app.SkysailApplication     ] - Activating ApplicationModel de.twenty11.skysail.server.webapp.internal.WebappApplication
2016-03-31 08:54:37,501 INFO  [io.skysail.server.app.SkysailApplication     ] - Activating ApplicationModel io.skysail.server.text.store.bundleresource.impl.I18nApplication
2016-03-31 08:54:37,528 INFO  [io.skysail.server.app.SkysailApplication     ] - Activating ApplicationModel io.skysail.server.um.simple.app.SimpleUserManagementApplication
2016-03-31 08:54:43,978 INFO  [o.r.S.I.SkysailRootApplication               ] - Starting io.skysail.server.app.SkysailRootApplication application
2016-03-31 08:54:43,982 INFO  [io.skysail.server.app.SkysailApplication     ] - creating new Router in io.skysail.server.app.SkysailRootApplication
2016-03-31 08:54:43,982 INFO  [io.skysail.server.app.SkysailApplication     ] - adding extensions to metadata service
2016-03-31 08:54:43,983 INFO  [io.skysail.server.app.SkysailApplication     ] - adding protocols
2016-03-31 08:54:43,985 INFO  [d.t.s.server.core.restlet.SkysailRouter      ] - routing path '/!meta' -> 'RolesPredicateAuthorizer' -> 'de.twenty11.skysail.server.resources.DefaultResource'
2016-03-31 08:54:43,986 INFO  [d.t.s.server.core.restlet.SkysailRouter      ] - routing path '/' -> 'de.twenty11.skysail.server.resources.DefaultResource'
2016-03-31 08:54:43,986 WARN  [d.t.s.server.core.restlet.SkysailRouter      ] - please use a RouteBuilder to attach this resource: class de.twenty11.skysail.server.resources.DefaultResource
2016-03-31 08:54:43,987 INFO  [d.t.s.server.core.restlet.SkysailRouter      ] - routing path '/_login' -> 'de.twenty11.skysail.server.resources.LoginResource'
2016-03-31 08:54:43,987 WARN  [d.t.s.server.core.restlet.SkysailRouter      ] - please use a RouteBuilder to attach this resource: class de.twenty11.skysail.server.resources.LoginResource
2016-03-31 08:54:43,988 INFO  [d.t.s.server.core.restlet.SkysailRouter      ] - routing path '/_demologin' -> 'de.twenty11.skysail.server.resources.DemoLoginResource'
2016-03-31 08:54:43,988 WARN  [d.t.s.server.core.restlet.SkysailRouter      ] - please use a RouteBuilder to attach this resource: class de.twenty11.skysail.server.resources.DemoLoginResource
2016-03-31 08:54:43,988 INFO  [d.t.s.server.core.restlet.SkysailRouter      ] - routing path '/_remotelogin' -> 'de.twenty11.skysail.server.resources.RemoteLoginResource'
2016-03-31 08:54:43,988 WARN  [d.t.s.server.core.restlet.SkysailRouter      ] - please use a RouteBuilder to attach this resource: class de.twenty11.skysail.server.resources.RemoteLoginResource
2016-03-31 08:54:43,991 INFO  [o.r.S.InternalRouter.WebappApplication       ] - Starting io.skysail.server.converter.WebappApplication application
2016-03-31 08:54:43,995 INFO  [o.r.S.InternalRouter.PolymerStaticWebapp     ] - Starting io.skysail.server.polymer.PolymerStaticWebapp application
2016-03-31 08:54:43,996 INFO  [o.r.S.InternalRouter.WebappApplication       ] - Starting de.twenty11.skysail.server.webapp.internal.WebappApplication application
2016-03-31 08:54:43,997 INFO  [o.r.S.InternalRouter.I18nApplication         ] - Starting io.skysail.server.text.store.bundleresource.impl.I18nApplication application
2016-03-31 08:54:43,998 INFO  [io.skysail.server.app.SkysailApplication     ] - creating new Router in io.skysail.server.text.store.bundleresource.impl.I18nApplication
2016-03-31 08:54:43,998 INFO  [io.skysail.server.app.SkysailApplication     ] - adding extensions to metadata service
2016-03-31 08:54:43,998 INFO  [io.skysail.server.app.SkysailApplication     ] - adding protocols
2016-03-31 08:54:43,999 INFO  [d.t.s.server.core.restlet.SkysailRouter      ] - routing path '/v1!meta' -> 'RolesPredicateAuthorizer' -> 'io.skysail.server.text.store.bundleresource.impl.I18nRootResource'
2016-03-31 08:54:43,999 INFO  [d.t.s.server.core.restlet.SkysailRouter      ] - routing path '/v1' -> 'RolesPredicateAuthorizer' -> 'io.skysail.server.text.store.bundleresource.impl.I18nRootResource'
2016-03-31 08:54:44,070 INFO  [io.skysail.domain.core.ApplicationModel      ] - adding entity model with id 'io.skysail.domain.Identifiable'
2016-03-31 08:54:44,071 INFO  [d.t.s.server.core.restlet.SkysailRouter      ] - routing path '/v1/messages/!meta' -> 'RolesPredicateAuthorizer' -> 'io.skysail.server.text.store.bundleresource.impl.MessagesResource'
2016-03-31 08:54:44,071 INFO  [d.t.s.server.core.restlet.SkysailRouter      ] - routing path '/v1/messages/' -> 'RolesPredicateAuthorizer' -> 'io.skysail.server.text.store.bundleresource.impl.MessagesResource'
2016-03-31 08:54:44,073 INFO  [io.skysail.domain.core.ApplicationModel      ] - adding entity model with id 'io.skysail.server.text.store.bundleresource.impl.BundleMessages'
2016-03-31 08:54:44,074 INFO  [d.t.s.server.core.restlet.SkysailRouter      ] - routing path '/v1/messages/{key}' -> 'RolesPredicateAuthorizer' -> 'io.skysail.server.text.store.bundleresource.impl.MessageResource'
2016-03-31 08:54:44,084 INFO  [io.skysail.domain.core.ApplicationModel      ] - adding entity model with id 'io.skysail.server.text.store.bundleresource.impl.Message'
2016-03-31 08:54:44,086 INFO  [d.t.s.server.core.restlet.SkysailRouter      ] - routing path '/v1/messages/{key}/' -> 'RolesPredicateAuthorizer' -> 'io.skysail.server.text.store.bundleresource.impl.PutMessageResource'
2016-03-31 08:54:44,090 INFO  [d.t.s.server.core.restlet.SkysailRouter      ] - routing path '/v1/messages/{key}/{fieldname}/' -> 'RolesPredicateAuthorizer' -> 'io.skysail.server.text.store.bundleresource.impl.PatchMessageResource'
2016-03-31 08:54:44,092 INFO  [o.r.S.I.SimpleUserManagementApplication      ] - Starting io.skysail.server.um.simple.app.SimpleUserManagementApplication application
2016-03-31 08:54:44,093 INFO  [io.skysail.server.app.SkysailApplication     ] - creating new Router in io.skysail.server.um.simple.app.SimpleUserManagementApplication
2016-03-31 08:54:44,093 INFO  [io.skysail.server.app.SkysailApplication     ] - adding extensions to metadata service
2016-03-31 08:54:44,093 INFO  [io.skysail.server.app.SkysailApplication     ] - adding protocols
2016-03-31 08:54:44,093 WARN  [io.skysail.server.app.SkysailApplication     ] - there are no entities defined for the applicationModel ApplicationModel: usermanagement
Repositories: 
Repositories(repositories={})

2016-03-31 08:54:44,096 INFO  [d.t.s.server.core.restlet.SkysailRouter      ] - routing path '/v1/currentUser' -> 'io.skysail.server.um.simple.app.users.resources.CurrentUserResource'
2016-03-31 08:54:44,096 WARN  [d.t.s.server.core.restlet.SkysailRouter      ] - please use a RouteBuilder to attach this resource: class io.skysail.server.um.simple.app.users.resources.CurrentUserResource
2016-03-31 08:54:44,714 INFO  [i.s.s.u.s.a.SkysailHashedCredentialsMatcher  ] - added entry $2a$12$52R8v2QH3vQRz8NcdtOm5.HhE5tFPZ0T/.MpfUa9rBzOugK.btAHS to credentials hash cache with current timestamp, size now is 1
2016-03-31 08:54:45,204 INFO  [i.s.s.r.resources.ListServerResource         ] - Request entry point: DefaultResource @Get([text/html])
2016-03-31 08:54:45,353 INFO  [i.s.s.stringtemplate.STGroupBundleDir        ] - found resource in skysail.server: bundle://83.0:1/templates/de/twenty11/skysail/server/resources/DefaultResourceStg/index.st
2016-03-31 08:54:45,895 INFO  [i.s.s.stringtemplate.STGroupBundleDir        ] - found resource in skysail.server.converter: bundle://84.0:1/templates/bootstrap/contentHeader.st
2016-03-31 08:54:45,931 INFO  [LogService                                   ] - 2016-03-31	08:54:45	0:0:0:0:0:0:0:1	admin	0:0:0:0:0:0:0:1	2018	GET	/	-	200	-	0	1832	http://localhost:2018	Mozilla/5.0 (Macintosh; Intel Mac OS X 10_11_4) AppleWebKit/537.36 (KHTML, like Gecko) Chrome/49.0.2623.75 Safari/537.36	-
2016-03-31 08:54:46,110 INFO  [LogService                                   ] - 2016-03-31	08:54:46	0:0:0:0:0:0:0:1	-	0:0:0:0:0:0:0:1	2018	GET	/_polymer/proto-element.html	-	200	-	0	11	http://localhost:2018	Mozilla/5.0 (Macintosh; Intel Mac OS X 10_11_4) AppleWebKit/537.36 (KHTML, like Gecko) Chrome/49.0.2623.75 Safari/537.36	http://localhost:2018/
2016-03-31 08:54:46,110 INFO  [LogService                                   ] - 2016-03-31	08:54:46	0:0:0:0:0:0:0:1	-	0:0:0:0:0:0:0:1	2018	GET	/_polymer/sky-app-nav-accordion.html	-	200	-	0	12	http://localhost:2018	Mozilla/5.0 (Macintosh; Intel Mac OS X 10_11_4) AppleWebKit/537.36 (KHTML, like Gecko) Chrome/49.0.2623.75 Safari/537.36	http://localhost:2018/
2016-03-31 08:54:46,110 INFO  [LogService                                   ] - 2016-03-31	08:54:46	0:0:0:0:0:0:0:1	-	0:0:0:0:0:0:0:1	2018	GET	/_polymer/helper/debug.js	-	200	-	0	11	http://localhost:2018	Mozilla/5.0 (Macintosh; Intel Mac OS X 10_11_4) AppleWebKit/537.36 (KHTML, like Gecko) Chrome/49.0.2623.75 Safari/537.36	http://localhost:2018/
2016-03-31 08:54:46,110 INFO  [LogService                                   ] - 2016-03-31	08:54:46	0:0:0:0:0:0:0:1	-	0:0:0:0:0:0:0:1	2018	GET	/_polymer/bower_components/webcomponentsjs/webcomponents-lite.min.js	-	200	-	0	12	http://localhost:2018	Mozilla/5.0 (Macintosh; Intel Mac OS X 10_11_4) AppleWebKit/537.36 (KHTML, like Gecko) Chrome/49.0.2623.75 Safari/537.36	http://localhost:2018/
2016-03-31 08:54:46,110 INFO  [LogService                                   ] - 2016-03-31	08:54:46	0:0:0:0:0:0:0:1	-	0:0:0:0:0:0:0:1	2018	GET	/_polymer/sky-ajax-table.html	-	200	-	0	7	http://localhost:2018	Mozilla/5.0 (Macintosh; Intel Mac OS X 10_11_4) AppleWebKit/537.36 (KHTML, like Gecko) Chrome/49.0.2623.75 Safari/537.36	http://localhost:2018/
2016-03-31 08:54:46,117 INFO  [LogService                                   ] - 2016-03-31	08:54:46	0:0:0:0:0:0:0:1	-	0:0:0:0:0:0:0:1	2018	GET	/_polymer/sky-ajax-get.html	-	200	-	0	10	http://localhost:2018	Mozilla/5.0 (Macintosh; Intel Mac OS X 10_11_4) AppleWebKit/537.36 (KHTML, like Gecko) Chrome/49.0.2623.75 Safari/537.36	http://localhost:2018/
2016-03-31 08:54:46,161 INFO  [LogService                                   ] - 2016-03-31	08:54:46	0:0:0:0:0:0:0:1	-	0:0:0:0:0:0:0:1	2018	GET	/_polymer/sky-ajax-table1.html	-	200	-	0	17	http://localhost:2018	Mozilla/5.0 (Macintosh; Intel Mac OS X 10_11_4) AppleWebKit/537.36 (KHTML, like Gecko) Chrome/49.0.2623.75 Safari/537.36	http://localhost:2018/
2016-03-31 08:54:46,162 INFO  [LogService                                   ] - 2016-03-31	08:54:46	0:0:0:0:0:0:0:1	-	0:0:0:0:0:0:0:1	2018	GET	/_polymer/sky-breadcrumbs.html	-	200	-	0	18	http://localhost:2018	Mozilla/5.0 (Macintosh; Intel Mac OS X 10_11_4) AppleWebKit/537.36 (KHTML, like Gecko) Chrome/49.0.2623.75 Safari/537.36	http://localhost:2018/
2016-03-31 08:54:46,162 INFO  [LogService                                   ] - 2016-03-31	08:54:46	0:0:0:0:0:0:0:1	-	0:0:0:0:0:0:0:1	2018	GET	/_polymer/sky-html.html	-	200	-	0	7	http://localhost:2018	Mozilla/5.0 (Macintosh; Intel Mac OS X 10_11_4) AppleWebKit/537.36 (KHTML, like Gecko) Chrome/49.0.2623.75 Safari/537.36	http://localhost:2018/
2016-03-31 08:54:46,162 INFO  [LogService                                   ] - 2016-03-31	08:54:46	0:0:0:0:0:0:0:1	-	0:0:0:0:0:0:0:1	2018	GET	/_polymer/bower_components/google-chart/google-chart.html	-	200	-	0	8	http://localhost:2018	Mozilla/5.0 (Macintosh; Intel Mac OS X 10_11_4) AppleWebKit/537.36 (KHTML, like Gecko) Chrome/49.0.2623.75 Safari/537.36	http://localhost:2018/
2016-03-31 08:54:46,163 INFO  [LogService                                   ] - 2016-03-31	08:54:46	0:0:0:0:0:0:0:1	-	0:0:0:0:0:0:0:1	2018	GET	/_polymer/sky-links.html	-	200	-	0	8	http://localhost:2018	Mozilla/5.0 (Macintosh; Intel Mac OS X 10_11_4) AppleWebKit/537.36 (KHTML, like Gecko) Chrome/49.0.2623.75 Safari/537.36	http://localhost:2018/
2016-03-31 08:54:46,164 INFO  [LogService                                   ] - 2016-03-31	08:54:46	0:0:0:0:0:0:0:1	-	0:0:0:0:0:0:0:1	2018	GET	/static/themes/jstree/style.min.css	-	200	-	0	20	http://localhost:2018	Mozilla/5.0 (Macintosh; Intel Mac OS X 10_11_4) AppleWebKit/537.36 (KHTML, like Gecko) Chrome/49.0.2623.75 Safari/537.36	http://localhost:2018/
2016-03-31 08:54:46,179 INFO  [LogService                                   ] - 2016-03-31	08:54:46	0:0:0:0:0:0:0:1	-	0:0:0:0:0:0:0:1	2018	GET	/_polymer/sky-link-nav-bs.html	-	200	-	0	4	http://localhost:2018	Mozilla/5.0 (Macintosh; Intel Mac OS X 10_11_4) AppleWebKit/537.36 (KHTML, like Gecko) Chrome/49.0.2623.75 Safari/537.36	http://localhost:2018/
2016-03-31 08:54:46,181 INFO  [LogService                                   ] - 2016-03-31	08:54:46	0:0:0:0:0:0:0:1	-	0:0:0:0:0:0:0:1	2018	GET	/_polymer/sky-ajax-thumbnails.html	-	200	-	0	4	http://localhost:2018	Mozilla/5.0 (Macintosh; Intel Mac OS X 10_11_4) AppleWebKit/537.36 (KHTML, like Gecko) Chrome/49.0.2623.75 Safari/537.36	http://localhost:2018/
2016-03-31 08:54:46,187 INFO  [LogService                                   ] - 2016-03-31	08:54:46	0:0:0:0:0:0:0:1	-	0:0:0:0:0:0:0:1	2018	GET	/_polymer/sky-form-text.html	-	200	-	0	3	http://localhost:2018	Mozilla/5.0 (Macintosh; Intel Mac OS X 10_11_4) AppleWebKit/537.36 (KHTML, like Gecko) Chrome/49.0.2623.75 Safari/537.36	http://localhost:2018/
2016-03-31 08:54:46,187 INFO  [LogService                                   ] - 2016-03-31	08:54:46	0:0:0:0:0:0:0:1	-	0:0:0:0:0:0:0:1	2018	GET	/static/js/mousetrap/mousetrap.min.js	-	200	-	0	3	http://localhost:2018	Mozilla/5.0 (Macintosh; Intel Mac OS X 10_11_4) AppleWebKit/537.36 (KHTML, like Gecko) Chrome/49.0.2623.75 Safari/537.36	http://localhost:2018/
2016-03-31 08:54:46,207 INFO  [LogService                                   ] - 2016-03-31	08:54:46	0:0:0:0:0:0:0:1	-	0:0:0:0:0:0:0:1	2018	GET	/static/js/jstree/jstree.min.js	-	200	-	0	4	http://localhost:2018	Mozilla/5.0 (Macintosh; Intel Mac OS X 10_11_4) AppleWebKit/537.36 (KHTML, like Gecko) Chrome/49.0.2623.75 Safari/537.36	http://localhost:2018/
2016-03-31 08:54:46,212 INFO  [LogService                                   ] - 2016-03-31	08:54:46	0:0:0:0:0:0:0:1	-	0:0:0:0:0:0:0:1	2018	GET	/static/img/silk/book_open.png	-	200	-	0	4	http://localhost:2018	Mozilla/5.0 (Macintosh; Intel Mac OS X 10_11_4) AppleWebKit/537.36 (KHTML, like Gecko) Chrome/49.0.2623.75 Safari/537.36	http://localhost:2018/
2016-03-31 08:54:46,212 INFO  [LogService                                   ] - 2016-03-31	08:54:46	0:0:0:0:0:0:0:1	-	0:0:0:0:0:0:0:1	2018	GET	/static/img/skysail.logo.png	-	200	-	0	4	http://localhost:2018	Mozilla/5.0 (Macintosh; Intel Mac OS X 10_11_4) AppleWebKit/537.36 (KHTML, like Gecko) Chrome/49.0.2623.75 Safari/537.36	http://localhost:2018/
2016-03-31 08:54:46,217 INFO  [LogService                                   ] - 2016-03-31	08:54:46	0:0:0:0:0:0:0:1	-	0:0:0:0:0:0:0:1	2018	GET	/static/img/silk/page_white_swoosh.png	-	200	-	0	3	http://localhost:2018	Mozilla/5.0 (Macintosh; Intel Mac OS X 10_11_4) AppleWebKit/537.36 (KHTML, like Gecko) Chrome/49.0.2623.75 Safari/537.36	http://localhost:2018/
2016-03-31 08:54:46,221 INFO  [LogService                                   ] - 2016-03-31	08:54:46	0:0:0:0:0:0:0:1	-	0:0:0:0:0:0:0:1	2018	GET	/static/img/silk/user.png	-	200	-	0	10	http://localhost:2018	Mozilla/5.0 (Macintosh; Intel Mac OS X 10_11_4) AppleWebKit/537.36 (KHTML, like Gecko) Chrome/49.0.2623.75 Safari/537.36	http://localhost:2018/
2016-03-31 08:54:46,531 INFO  [LogService                                   ] - 2016-03-31	08:54:46	0:0:0:0:0:0:0:1	-	0:0:0:0:0:0:0:1	2018	GET	/_polymer/bower_components/iron-ajax/iron-ajax.html	-	200	-	0	4	http://localhost:2018	Mozilla/5.0 (Macintosh; Intel Mac OS X 10_11_4) AppleWebKit/537.36 (KHTML, like Gecko) Chrome/49.0.2623.75 Safari/537.36	http://localhost:2018/_polymer/sky-ajax-thumbnails.html
2016-03-31 08:54:46,532 INFO  [LogService                                   ] - 2016-03-31	08:54:46	0:0:0:0:0:0:0:1	-	0:0:0:0:0:0:0:1	2018	GET	/_polymer/bower_components/polymer/polymer.html	-	200	-	0	4	http://localhost:2018	Mozilla/5.0 (Macintosh; Intel Mac OS X 10_11_4) AppleWebKit/537.36 (KHTML, like Gecko) Chrome/49.0.2623.75 Safari/537.36	http://localhost:2018/_polymer/sky-ajax-thumbnails.html
2016-03-31 08:54:46,533 INFO  [LogService                                   ] - 2016-03-31	08:54:46	0:0:0:0:0:0:0:1	-	0:0:0:0:0:0:0:1	2018	GET	/_polymer/bower_components/paper-input/paper-input.html	-	200	-	0	3	http://localhost:2018	Mozilla/5.0 (Macintosh; Intel Mac OS X 10_11_4) AppleWebKit/537.36 (KHTML, like Gecko) Chrome/49.0.2623.75 Safari/537.36	http://localhost:2018/_polymer/sky-form-text.html
2016-03-31 08:54:46,533 INFO  [LogService                                   ] - 2016-03-31	08:54:46	0:0:0:0:0:0:0:1	-	0:0:0:0:0:0:0:1	2018	GET	/_polymer/bower_components/paper-input/paper-textarea.html	-	200	-	0	3	http://localhost:2018	Mozilla/5.0 (Macintosh; Intel Mac OS X 10_11_4) AppleWebKit/537.36 (KHTML, like Gecko) Chrome/49.0.2623.75 Safari/537.36	http://localhost:2018/_polymer/sky-form-text.html
2016-03-31 08:54:46,539 INFO  [LogService                                   ] - 2016-03-31	08:54:46	0:0:0:0:0:0:0:1	-	0:0:0:0:0:0:0:1	2018	GET	/_polymer/bower_components/iron-input/iron-input.html	-	200	-	0	3	http://localhost:2018	Mozilla/5.0 (Macintosh; Intel Mac OS X 10_11_4) AppleWebKit/537.36 (KHTML, like Gecko) Chrome/49.0.2623.75 Safari/537.36	http://localhost:2018/_polymer/sky-app-nav-accordion.html
2016-03-31 08:54:46,543 INFO  [LogService                                   ] - 2016-03-31	08:54:46	0:0:0:0:0:0:0:1	-	0:0:0:0:0:0:0:1	2018	GET	/_polymer/bower_components/google-apis/google-legacy-loader.html	-	200	-	0	3	http://localhost:2018	Mozilla/5.0 (Macintosh; Intel Mac OS X 10_11_4) AppleWebKit/537.36 (KHTML, like Gecko) Chrome/49.0.2623.75 Safari/537.36	http://localhost:2018/_polymer/bower_components/google-chart/google-chart.html
2016-03-31 08:54:46,549 INFO  [LogService                                   ] - 2016-03-31	08:54:46	0:0:0:0:0:0:0:1	-	0:0:0:0:0:0:0:1	2018	GET	/_polymer/bower_components/google-chart/google-chart.css	-	200	-	0	3	http://localhost:2018	Mozilla/5.0 (Macintosh; Intel Mac OS X 10_11_4) AppleWebKit/537.36 (KHTML, like Gecko) Chrome/49.0.2623.75 Safari/537.36	http://localhost:2018/_polymer/bower_components/google-chart/google-chart.html
2016-03-31 08:54:46,562 INFO  [LogService                                   ] - 2016-03-31	08:54:46	0:0:0:0:0:0:0:1	-	0:0:0:0:0:0:0:1	2018	GET	/_polymer/bower_components/paper-input/paper-input-behavior.html	-	200	-	0	2	http://localhost:2018	Mozilla/5.0 (Macintosh; Intel Mac OS X 10_11_4) AppleWebKit/537.36 (KHTML, like Gecko) Chrome/49.0.2623.75 Safari/537.36	http://localhost:2018/_polymer/bower_components/paper-input/paper-input.html
2016-03-31 08:54:46,562 INFO  [LogService                                   ] - 2016-03-31	08:54:46	0:0:0:0:0:0:0:1	-	0:0:0:0:0:0:0:1	2018	GET	/_polymer/bower_components/iron-ajax/iron-request.html	-	200	-	0	3	http://localhost:2018	Mozilla/5.0 (Macintosh; Intel Mac OS X 10_11_4) AppleWebKit/537.36 (KHTML, like Gecko) Chrome/49.0.2623.75 Safari/537.36	http://localhost:2018/_polymer/bower_components/iron-ajax/iron-ajax.html
2016-03-31 08:54:46,562 INFO  [LogService                                   ] - 2016-03-31	08:54:46	0:0:0:0:0:0:0:1	-	0:0:0:0:0:0:0:1	2018	GET	/_polymer/bower_components/iron-form-element-behavior/iron-form-element-behavior.html	-	200	-	0	2	http://localhost:2018	Mozilla/5.0 (Macintosh; Intel Mac OS X 10_11_4) AppleWebKit/537.36 (KHTML, like Gecko) Chrome/49.0.2623.75 Safari/537.36	http://localhost:2018/_polymer/bower_components/paper-input/paper-input.html
2016-03-31 08:54:46,567 INFO  [LogService                                   ] - 2016-03-31	08:54:46	0:0:0:0:0:0:0:1	-	0:0:0:0:0:0:0:1	2018	GET	/_polymer/bower_components/paper-input/paper-input-container.html	-	200	-	0	3	http://localhost:2018	Mozilla/5.0 (Macintosh; Intel Mac OS X 10_11_4) AppleWebKit/537.36 (KHTML, like Gecko) Chrome/49.0.2623.75 Safari/537.36	http://localhost:2018/_polymer/bower_components/paper-input/paper-input.html
2016-03-31 08:54:46,567 INFO  [LogService                                   ] - 2016-03-31	08:54:46	0:0:0:0:0:0:0:1	-	0:0:0:0:0:0:0:1	2018	GET	/_polymer/bower_components/paper-input/paper-input-error.html	-	200	-	0	3	http://localhost:2018	Mozilla/5.0 (Macintosh; Intel Mac OS X 10_11_4) AppleWebKit/537.36 (KHTML, like Gecko) Chrome/49.0.2623.75 Safari/537.36	http://localhost:2018/_polymer/bower_components/paper-input/paper-input.html
2016-03-31 08:54:46,571 INFO  [LogService                                   ] - 2016-03-31	08:54:46	0:0:0:0:0:0:0:1	-	0:0:0:0:0:0:0:1	2018	GET	/_polymer/bower_components/paper-input/paper-input-char-counter.html	-	200	-	0	2	http://localhost:2018	Mozilla/5.0 (Macintosh; Intel Mac OS X 10_11_4) AppleWebKit/537.36 (KHTML, like Gecko) Chrome/49.0.2623.75 Safari/537.36	http://localhost:2018/_polymer/bower_components/paper-input/paper-input.html
2016-03-31 08:54:46,582 INFO  [LogService                                   ] - 2016-03-31	08:54:46	0:0:0:0:0:0:0:1	-	0:0:0:0:0:0:0:1	2018	GET	/_polymer/bower_components/iron-autogrow-textarea/iron-autogrow-textarea.html	-	200	-	0	3	http://localhost:2018	Mozilla/5.0 (Macintosh; Intel Mac OS X 10_11_4) AppleWebKit/537.36 (KHTML, like Gecko) Chrome/49.0.2623.75 Safari/537.36	http://localhost:2018/_polymer/bower_components/paper-input/paper-textarea.html
2016-03-31 08:54:46,582 INFO  [LogService                                   ] - 2016-03-31	08:54:46	0:0:0:0:0:0:0:1	-	0:0:0:0:0:0:0:1	2018	GET	/_polymer/bower_components/polymer/polymer-mini.html	-	200	-	0	3	http://localhost:2018	Mozilla/5.0 (Macintosh; Intel Mac OS X 10_11_4) AppleWebKit/537.36 (KHTML, like Gecko) Chrome/49.0.2623.75 Safari/537.36	http://localhost:2018/_polymer/bower_components/polymer/polymer.html
2016-03-31 08:54:46,582 INFO  [LogService                                   ] - 2016-03-31	08:54:46	0:0:0:0:0:0:0:1	-	0:0:0:0:0:0:0:1	2018	GET	/_polymer/bower_components/iron-validatable-behavior/iron-validatable-behavior.html	-	200	-	0	3	http://localhost:2018	Mozilla/5.0 (Macintosh; Intel Mac OS X 10_11_4) AppleWebKit/537.36 (KHTML, like Gecko) Chrome/49.0.2623.75 Safari/537.36	http://localhost:2018/_polymer/bower_components/iron-input/iron-input.html
2016-03-31 08:54:46,588 INFO  [LogService                                   ] - 2016-03-31	08:54:46	0:0:0:0:0:0:0:1	-	0:0:0:0:0:0:0:1	2018	GET	/_polymer/bower_components/iron-jsonp-library/iron-jsonp-library.html	-	200	-	0	4	http://localhost:2018	Mozilla/5.0 (Macintosh; Intel Mac OS X 10_11_4) AppleWebKit/537.36 (KHTML, like Gecko) Chrome/49.0.2623.75 Safari/537.36	http://localhost:2018/_polymer/bower_components/google-apis/google-legacy-loader.html
2016-03-31 08:54:46,610 INFO  [LogService                                   ] - 2016-03-31	08:54:46	0:0:0:0:0:0:0:1	-	0:0:0:0:0:0:0:1	2018	GET	/_polymer/bower_components/iron-behaviors/iron-control-state.html	-	200	-	0	3	http://localhost:2018	Mozilla/5.0 (Macintosh; Intel Mac OS X 10_11_4) AppleWebKit/537.36 (KHTML, like Gecko) Chrome/49.0.2623.75 Safari/537.36	http://localhost:2018/_polymer/bower_components/paper-input/paper-input-behavior.html
2016-03-31 08:54:46,610 INFO  [LogService                                   ] - 2016-03-31	08:54:46	0:0:0:0:0:0:0:1	-	0:0:0:0:0:0:0:1	2018	GET	/_polymer/bower_components/paper-input/paper-input-addon-behavior.html	-	200	-	0	3	http://localhost:2018	Mozilla/5.0 (Macintosh; Intel Mac OS X 10_11_4) AppleWebKit/537.36 (KHTML, like Gecko) Chrome/49.0.2623.75 Safari/537.36	http://localhost:2018/_polymer/bower_components/paper-input/paper-input-error.html
2016-03-31 08:54:46,610 INFO  [LogService                                   ] - 2016-03-31	08:54:46	0:0:0:0:0:0:0:1	-	0:0:0:0:0:0:0:1	2018	GET	/_polymer/bower_components/paper-styles/paper-styles.html	-	200	-	0	4	http://localhost:2018	Mozilla/5.0 (Macintosh; Intel Mac OS X 10_11_4) AppleWebKit/537.36 (KHTML, like Gecko) Chrome/49.0.2623.75 Safari/537.36	http://localhost:2018/_polymer/bower_components/paper-input/paper-input-error.html
2016-03-31 08:54:46,612 INFO  [LogService                                   ] - 2016-03-31	08:54:46	0:0:0:0:0:0:0:1	-	0:0:0:0:0:0:0:1	2018	GET	/_polymer/bower_components/promise-polyfill/promise-polyfill-lite.html	-	200	-	0	6	http://localhost:2018	Mozilla/5.0 (Macintosh; Intel Mac OS X 10_11_4) AppleWebKit/537.36 (KHTML, like Gecko) Chrome/49.0.2623.75 Safari/537.36	http://localhost:2018/_polymer/bower_components/iron-ajax/iron-request.html
2016-03-31 08:54:46,617 INFO  [LogService                                   ] - 2016-03-31	08:54:46	0:0:0:0:0:0:0:1	-	0:0:0:0:0:0:0:1	2018	GET	/_polymer/bower_components/iron-meta/iron-meta.html	-	200	-	0	2	http://localhost:2018	Mozilla/5.0 (Macintosh; Intel Mac OS X 10_11_4) AppleWebKit/537.36 (KHTML, like Gecko) Chrome/49.0.2623.75 Safari/537.36	http://localhost:2018/_polymer/bower_components/iron-validatable-behavior/iron-validatable-behavior.html
2016-03-31 08:54:46,624 INFO  [LogService                                   ] - 2016-03-31	08:54:46	0:0:0:0:0:0:0:1	-	0:0:0:0:0:0:0:1	2018	GET	/_polymer/bower_components/iron-flex-layout/classes/iron-flex-layout.html	-	200	-	0	4	http://localhost:2018	Mozilla/5.0 (Macintosh; Intel Mac OS X 10_11_4) AppleWebKit/537.36 (KHTML, like Gecko) Chrome/49.0.2623.75 Safari/537.36	http://localhost:2018/_polymer/bower_components/iron-autogrow-textarea/iron-autogrow-textarea.html
2016-03-31 08:54:46,625 INFO  [LogService                                   ] - 2016-03-31	08:54:46	0:0:0:0:0:0:0:1	-	0:0:0:0:0:0:0:1	2018	GET	/_polymer/bower_components/polymer/polymer-micro.html	-	200	-	0	4	http://localhost:2018	Mozilla/5.0 (Macintosh; Intel Mac OS X 10_11_4) AppleWebKit/537.36 (KHTML, like Gecko) Chrome/49.0.2623.75 Safari/537.36	http://localhost:2018/_polymer/bower_components/polymer/polymer-mini.html
2016-03-31 08:54:46,638 INFO  [LogService                                   ] - 2016-03-31	08:54:46	0:0:0:0:0:0:0:1	-	0:0:0:0:0:0:0:1	2018	GET	/_polymer/bower_components/iron-flex-layout/iron-flex-layout.html	-	200	-	0	3	http://localhost:2018	Mozilla/5.0 (Macintosh; Intel Mac OS X 10_11_4) AppleWebKit/537.36 (KHTML, like Gecko) Chrome/49.0.2623.75 Safari/537.36	http://localhost:2018/_polymer/bower_components/paper-styles/paper-styles.html
2016-03-31 08:54:46,638 INFO  [LogService                                   ] - 2016-03-31	08:54:46	0:0:0:0:0:0:0:1	-	0:0:0:0:0:0:0:1	2018	GET	/_polymer/bower_components/paper-styles/color.html	-	200	-	0	3	http://localhost:2018	Mozilla/5.0 (Macintosh; Intel Mac OS X 10_11_4) AppleWebKit/537.36 (KHTML, like Gecko) Chrome/49.0.2623.75 Safari/537.36	http://localhost:2018/_polymer/bower_components/paper-styles/paper-styles.html
2016-03-31 08:54:46,649 INFO  [LogService                                   ] - 2016-03-31	08:54:46	0:0:0:0:0:0:0:1	-	0:0:0:0:0:0:0:1	2018	GET	/_polymer/bower_components/paper-styles/default-theme.html	-	200	-	0	3	http://localhost:2018	Mozilla/5.0 (Macintosh; Intel Mac OS X 10_11_4) AppleWebKit/537.36 (KHTML, like Gecko) Chrome/49.0.2623.75 Safari/537.36	http://localhost:2018/_polymer/bower_components/paper-styles/paper-styles.html
2016-03-31 08:54:46,651 INFO  [LogService                                   ] - 2016-03-31	08:54:46	0:0:0:0:0:0:0:1	-	0:0:0:0:0:0:0:1	2018	GET	/_polymer/bower_components/paper-styles/shadow.html	-	200	-	0	4	http://localhost:2018	Mozilla/5.0 (Macintosh; Intel Mac OS X 10_11_4) AppleWebKit/537.36 (KHTML, like Gecko) Chrome/49.0.2623.75 Safari/537.36	http://localhost:2018/_polymer/bower_components/paper-styles/paper-styles.html
2016-03-31 08:54:46,660 INFO  [LogService                                   ] - 2016-03-31	08:54:46	0:0:0:0:0:0:0:1	-	0:0:0:0:0:0:0:1	2018	GET	/_polymer/bower_components/paper-styles/typography.html	-	200	-	0	3	http://localhost:2018	Mozilla/5.0 (Macintosh; Intel Mac OS X 10_11_4) AppleWebKit/537.36 (KHTML, like Gecko) Chrome/49.0.2623.75 Safari/537.36	http://localhost:2018/_polymer/bower_components/paper-styles/paper-styles.html
2016-03-31 08:54:46,662 INFO  [LogService                                   ] - 2016-03-31	08:54:46	0:0:0:0:0:0:0:1	-	0:0:0:0:0:0:0:1	2018	GET	/_polymer/bower_components/promise-polyfill/Promise.js	-	200	-	0	2	http://localhost:2018	Mozilla/5.0 (Macintosh; Intel Mac OS X 10_11_4) AppleWebKit/537.36 (KHTML, like Gecko) Chrome/49.0.2623.75 Safari/537.36	http://localhost:2018/_polymer/bower_components/promise-polyfill/promise-polyfill-lite.html
2016-03-31 08:54:46,674 INFO  [LogService                                   ] - 2016-03-31	08:54:46	0:0:0:0:0:0:0:1	-	0:0:0:0:0:0:0:1	2018	GET	/_polymer/bower_components/iron-flex-layout/classes/iron-shadow-flex-layout.html	-	200	-	0	3	http://localhost:2018	Mozilla/5.0 (Macintosh; Intel Mac OS X 10_11_4) AppleWebKit/537.36 (KHTML, like Gecko) Chrome/49.0.2623.75 Safari/537.36	http://localhost:2018/_polymer/bower_components/iron-flex-layout/classes/iron-flex-layout.html
2016-03-31 08:54:46,678 INFO  [LogService                                   ] - 2016-03-31	08:54:46	0:0:0:0:0:0:0:1	-	0:0:0:0:0:0:0:1	2018	GET	/_polymer/bower_components/font-roboto/roboto.html	-	200	-	0	2	http://localhost:2018	Mozilla/5.0 (Macintosh; Intel Mac OS X 10_11_4) AppleWebKit/537.36 (KHTML, like Gecko) Chrome/49.0.2623.75 Safari/537.36	http://localhost:2018/_polymer/bower_components/paper-styles/typography.html
2016-03-31 08:54:47,291 INFO  [i.s.s.r.resources.ListServerResource         ] - Request entry point: DefaultResource @Get([application/json])
2016-03-31 08:54:47,342 INFO  [LogService                                   ] - 2016-03-31	08:54:47	0:0:0:0:0:0:0:1	admin	0:0:0:0:0:0:0:1	2018	GET	/	_rendered	200	-	0	62	http://localhost:2018	Mozilla/5.0 (Macintosh; Intel Mac OS X 10_11_4) AppleWebKit/537.36 (KHTML, like Gecko) Chrome/49.0.2623.75 Safari/537.36	http://localhost:2018/
2016-03-31 09:00:59,835 INFO  [io.skysail.server.app.SkysailApplication     ] - Deactivating ApplicationModel io.skysail.server.converter.WebappApplication
2016-03-31 09:00:59,837 INFO  [io.skysail.server.app.SkysailApplication     ] - Deactivating ApplicationModel io.skysail.server.polymer.PolymerStaticWebapp
2016-03-31 09:00:59,838 INFO  [io.skysail.server.app.SkysailApplication     ] - Deactivating ApplicationModel de.twenty11.skysail.server.webapp.internal.WebappApplication
2016-03-31 09:00:59,849 INFO  [io.skysail.server.services.ServerLoad        ] - deactivating ServerLoad task
2016-03-31 09:01:00,172 INFO  [org.restlet                                  ] - Stopping the Jetty [HTTP/1.1] server on port 2018
2016-03-31 09:01:00,231 INFO  [io.skysail.server.app.SkysailApplication     ] - Deactivating ApplicationModel io.skysail.server.text.store.bundleresource.impl.I18nApplication
2016-03-31 09:01:00,252 INFO  [io.skysail.server.app.SkysailApplication     ] - Deactivating ApplicationModel io.skysail.server.um.simple.app.SimpleUserManagementApplication
2016-03-31 09:01:00,353 INFO  [io.skysail.server.http.HttpServer            ] - 
2016-03-31 09:01:00,354 INFO  [io.skysail.server.http.HttpServer            ] - ====================================
2016-03-31 09:01:00,354 INFO  [io.skysail.server.http.HttpServer            ] - Starting skysail server on port 2018
2016-03-31 09:01:00,355 INFO  [io.skysail.server.http.HttpServer            ] - ====================================
2016-03-31 09:01:00,355 INFO  [io.skysail.server.http.HttpServer            ] - 
2016-03-31 09:01:00,357 INFO  [org.restlet                                  ] - Starting the Jetty [HTTP/1.1] server on port 2018
2016-03-31 09:01:00,487 INFO  [io.skysail.server.app.SkysailApplication     ] - Activating ApplicationModel io.skysail.server.text.store.bundleresource.impl.I18nApplication
2016-03-31 09:01:00,735 INFO  [io.skysail.server.app.SkysailApplication     ] - Activating ApplicationModel io.skysail.server.um.simple.app.SimpleUserManagementApplication
2016-03-31 09:01:00,817 INFO  [s.server.ext.initconfig.ConfigMover          ] - setting logging level to INFO, no initial logback confi file was provided yet.
2016-03-31 09:01:00,868 INFO  [io.skysail.server.app.SkysailApplication     ] - Activating ApplicationModel de.twenty11.skysail.server.webapp.internal.WebappApplication
2016-03-31 09:01:00,872 INFO  [io.skysail.server.app.SkysailApplication     ] - Activating ApplicationModel io.skysail.server.polymer.PolymerStaticWebapp
2016-03-31 09:01:00,875 INFO  [io.skysail.server.app.SkysailApplication     ] - Activating ApplicationModel io.skysail.server.converter.WebappApplication
2016-03-31 09:01:10,771 INFO  [io.skysail.server.app.SkysailApplication     ] - Deactivating ApplicationModel io.skysail.server.um.simple.app.SimpleUserManagementApplication
