2016-04-15 10:04:39,950 DEBUG [io.skysail.server.app.SkysailApplication     ] - Instanciating new Skysail ApplicationModel 'SkysailRootApplication'
2016-04-15 10:04:40,008 DEBUG [i.s.server.app.SkysailRootApplication        ] - Currently installed bundles:
2016-04-15 10:04:40,009 DEBUG [i.s.server.app.SkysailRootApplication        ] - ----------------------------
2016-04-15 10:04:40,009 DEBUG [i.s.server.app.SkysailRootApplication        ] - 
2016-04-15 10:04:40,012 DEBUG [i.s.server.app.SkysailRootApplication        ] - org.apache.felix.framework [5.2.0] state 32
2016-04-15 10:04:40,012 DEBUG [i.s.server.app.SkysailRootApplication        ] - osgi.core [6.0.0.201403061837] state 32
2016-04-15 10:04:40,012 DEBUG [i.s.server.app.SkysailRootApplication        ] - javax.el-api [3.0.0] state 32
2016-04-15 10:04:40,013 DEBUG [i.s.server.app.SkysailRootApplication        ] - javax.persistence [2.1.0.v201304241213] state 32
2016-04-15 10:04:40,013 DEBUG [i.s.server.app.SkysailRootApplication        ] - javax.validation.api [1.1.0.Final] state 32
2016-04-15 10:04:40,013 DEBUG [i.s.server.app.SkysailRootApplication        ] - org.apache.commons.beanutils [1.9.2] state 32
2016-04-15 10:04:40,013 DEBUG [i.s.server.app.SkysailRootApplication        ] - org.apache.commons.collections [3.2.1] state 32
2016-04-15 10:04:40,013 DEBUG [i.s.server.app.SkysailRootApplication        ] - org.apache.commons.configuration [1.10.0] state 32
2016-04-15 10:04:40,013 DEBUG [i.s.server.app.SkysailRootApplication        ] - org.apache.commons.io [2.4.0] state 32
2016-04-15 10:04:40,013 DEBUG [i.s.server.app.SkysailRootApplication        ] - org.apache.commons.lang [2.6.0] state 32
2016-04-15 10:04:40,013 DEBUG [i.s.server.app.SkysailRootApplication        ] - org.apache.commons.lang3 [3.3.2] state 32
2016-04-15 10:04:40,013 DEBUG [i.s.server.app.SkysailRootApplication        ] - org.apache.commons.logging [1.1.3] state 32
2016-04-15 10:04:40,013 DEBUG [i.s.server.app.SkysailRootApplication        ] - org.apache.felix.configadmin [1.8.0] state 32
2016-04-15 10:04:40,013 DEBUG [i.s.server.app.SkysailRootApplication        ] - org.apache.felix.fileinstall [3.4.0] state 32
2016-04-15 10:04:40,013 DEBUG [i.s.server.app.SkysailRootApplication        ] - org.apache.felix.eventadmin [1.4.4] state 32
2016-04-15 10:04:40,013 DEBUG [i.s.server.app.SkysailRootApplication        ] - org.apache.felix.gogo.command [0.14.0] state 32
2016-04-15 10:04:40,013 DEBUG [i.s.server.app.SkysailRootApplication        ] - org.apache.felix.gogo.runtime [0.12.1] state 32
2016-04-15 10:04:40,014 DEBUG [i.s.server.app.SkysailRootApplication        ] - org.apache.felix.gogo.shell [0.10.0] state 32
2016-04-15 10:04:40,014 DEBUG [i.s.server.app.SkysailRootApplication        ] - org.apache.felix.log [1.0.1] state 32
2016-04-15 10:04:40,014 DEBUG [i.s.server.app.SkysailRootApplication        ] - org.apache.felix.prefs [1.0.6] state 32
2016-04-15 10:04:40,014 DEBUG [i.s.server.app.SkysailRootApplication        ] - org.apache.felix.scr [2.0.2] state 32
2016-04-15 10:04:40,014 DEBUG [i.s.server.app.SkysailRootApplication        ] - com.fasterxml.jackson.core.jackson-annotations [2.5.1] state 32
2016-04-15 10:04:40,014 DEBUG [i.s.server.app.SkysailRootApplication        ] - com.fasterxml.jackson.core.jackson-core [2.5.1] state 32
2016-04-15 10:04:40,014 DEBUG [i.s.server.app.SkysailRootApplication        ] - com.fasterxml.jackson.core.jackson-databind [2.5.1] state 32
2016-04-15 10:04:40,014 DEBUG [i.s.server.app.SkysailRootApplication        ] - com.fasterxml.jackson.dataformat.jackson-dataformat-xml [2.5.1] state 32
2016-04-15 10:04:40,014 DEBUG [i.s.server.app.SkysailRootApplication        ] - com.fasterxml.jackson.dataformat.jackson-dataformat-smile [2.5.1] state 32
2016-04-15 10:04:40,014 DEBUG [i.s.server.app.SkysailRootApplication        ] - com.fasterxml.jackson.dataformat.jackson-dataformat-yaml [2.5.1] state 32
2016-04-15 10:04:40,014 DEBUG [i.s.server.app.SkysailRootApplication        ] - com.fasterxml.jackson.dataformat.jackson-dataformat-csv [2.5.1] state 32
2016-04-15 10:04:40,014 DEBUG [i.s.server.app.SkysailRootApplication        ] - com.fasterxml.jackson.module.jackson-module-jaxb-annotations [2.5.1] state 32
2016-04-15 10:04:40,014 DEBUG [i.s.server.app.SkysailRootApplication        ] - com.fasterxml.jackson.module.jackson-module-jsonSchema [2.5.1] state 32
2016-04-15 10:04:40,014 DEBUG [i.s.server.app.SkysailRootApplication        ] - classmate [1.0.0] state 32
2016-04-15 10:04:40,014 DEBUG [i.s.server.app.SkysailRootApplication        ] - stax2-api [3.1.4] state 32
2016-04-15 10:04:40,014 DEBUG [i.s.server.app.SkysailRootApplication        ] - javassist [3.18.1.GA] state 32
2016-04-15 10:04:40,014 DEBUG [i.s.server.app.SkysailRootApplication        ] - org.codehaus.jettison.jettison [1.3.7] state 32
2016-04-15 10:04:40,014 DEBUG [i.s.server.app.SkysailRootApplication        ] - com.googlecode.concurrentlinkedhashmap.lru [1.4.0] state 32
2016-04-15 10:04:40,014 DEBUG [i.s.server.app.SkysailRootApplication        ] - com.orientechnologies.orientdb-client [2.1.3] state 32
2016-04-15 10:04:40,014 DEBUG [i.s.server.app.SkysailRootApplication        ] - com.orientechnologies.orientdb-core [2.1.3] state 32
2016-04-15 10:04:40,014 DEBUG [i.s.server.app.SkysailRootApplication        ] - com.orientechnologies.orientdb-enterprise [2.1.3] state 32
2016-04-15 10:04:40,014 DEBUG [i.s.server.app.SkysailRootApplication        ] - com.orientechnologies.orientdb-graphdb [2.1.3] state 32
2016-04-15 10:04:40,015 DEBUG [i.s.server.app.SkysailRootApplication        ] - com.orientechnologies.orientdb-object [2.1.3] state 32
2016-04-15 10:04:40,015 DEBUG [i.s.server.app.SkysailRootApplication        ] - com.orientechnologies.orientdb-server [2.1.3] state 32
2016-04-15 10:04:40,015 DEBUG [i.s.server.app.SkysailRootApplication        ] - com.orientechnologies.orientdb-tools [2.1.3] state 32
2016-04-15 10:04:40,015 DEBUG [i.s.server.app.SkysailRootApplication        ] - org.xerial.snappy.snappy-java [1.1.1.3] state 8
2016-04-15 10:04:40,015 DEBUG [i.s.server.app.SkysailRootApplication        ] - io.skysail.bundled.tinkerpop.blueprints-core [2.6.0] state 32
2016-04-15 10:04:40,015 DEBUG [i.s.server.app.SkysailRootApplication        ] - io.skysail.bundled.tinkerpop.blueprints-orient-graph [2.4.0] state 32
2016-04-15 10:04:40,015 DEBUG [i.s.server.app.SkysailRootApplication        ] - com.sun.jna [4.2.0] state 8
2016-04-15 10:04:40,015 DEBUG [i.s.server.app.SkysailRootApplication        ] - com.sun.jna.platform [4.2.0] state 32
2016-04-15 10:04:40,015 DEBUG [i.s.server.app.SkysailRootApplication        ] - org.eclipse.jetty.util [9.2.11.v20150529] state 32
2016-04-15 10:04:40,015 DEBUG [i.s.server.app.SkysailRootApplication        ] - org.eclipse.jetty.http [9.2.11.v20150529] state 32
2016-04-15 10:04:40,015 DEBUG [i.s.server.app.SkysailRootApplication        ] - org.eclipse.jetty.io [9.2.11.v20150529] state 32
2016-04-15 10:04:40,015 DEBUG [i.s.server.app.SkysailRootApplication        ] - org.eclipse.jetty.security [9.2.11.v20150529] state 32
2016-04-15 10:04:40,015 DEBUG [i.s.server.app.SkysailRootApplication        ] - org.eclipse.jetty.server [9.2.11.v20150529] state 32
2016-04-15 10:04:40,015 DEBUG [i.s.server.app.SkysailRootApplication        ] - org.eclipse.jetty.servlet [9.2.11.v20150529] state 32
2016-04-15 10:04:40,015 DEBUG [i.s.server.app.SkysailRootApplication        ] - org.eclipse.jetty.webapp [9.2.11.v20150529] state 32
2016-04-15 10:04:40,015 DEBUG [i.s.server.app.SkysailRootApplication        ] - org.eclipse.jetty.deploy [9.2.11.v20150529] state 32
2016-04-15 10:04:40,016 DEBUG [i.s.server.app.SkysailRootApplication        ] - org.eclipse.jetty.xml [9.2.11.v20150529] state 32
2016-04-15 10:04:40,016 DEBUG [i.s.server.app.SkysailRootApplication        ] - org.eclipse.jetty.osgi-servlet-api [3.1.0.M3] state 32
2016-04-15 10:04:40,016 DEBUG [i.s.server.app.SkysailRootApplication        ] - org.eclipse.jetty.client [9.2.11.v20150529] state 32
2016-04-15 10:04:40,016 DEBUG [i.s.server.app.SkysailRootApplication        ] - org.yaml.snakeyaml [1.15.0] state 32
2016-04-15 10:04:40,016 DEBUG [i.s.server.app.SkysailRootApplication        ] - de.twentyeleven.skysail.org.json-osgi [20080701.0.0] state 32
2016-04-15 10:04:40,016 DEBUG [i.s.server.app.SkysailRootApplication        ] - org.restlet [2.3.4.v20150716-1217] state 32
2016-04-15 10:04:40,016 DEBUG [i.s.server.app.SkysailRootApplication        ] - org.restlet.ext.apispark [2.3.4.v20150716-1217] state 32
2016-04-15 10:04:40,016 DEBUG [i.s.server.app.SkysailRootApplication        ] - org.restlet.ext.crypto [2.3.4.v20150716-1217] state 32
2016-04-15 10:04:40,016 DEBUG [i.s.server.app.SkysailRootApplication        ] - org.restlet.ext.jackson [2.3.4.v20150716-1217] state 32
2016-04-15 10:04:40,016 DEBUG [i.s.server.app.SkysailRootApplication        ] - org.restlet.ext.jetty [2.3.4.v20150716-1217] state 32
2016-04-15 10:04:40,016 DEBUG [i.s.server.app.SkysailRootApplication        ] - org.restlet.ext.json [2.3.4.v20150716-1217] state 32
2016-04-15 10:04:40,016 DEBUG [i.s.server.app.SkysailRootApplication        ] - org.restlet.ext.raml [2.3.4.v20150716-1217] state 32
2016-04-15 10:04:40,016 DEBUG [i.s.server.app.SkysailRootApplication        ] - org.restlet.ext.slf4j [2.3.4.v20150716-1217] state 32
2016-04-15 10:04:40,017 DEBUG [i.s.server.app.SkysailRootApplication        ] - io.skysail.bundled.raml-parser [0.8.12] state 32
2016-04-15 10:04:40,017 DEBUG [i.s.server.app.SkysailRootApplication        ] - com.google.guava [16.0.1] state 32
2016-04-15 10:04:40,017 DEBUG [i.s.server.app.SkysailRootApplication        ] - org.jboss.logging.jboss-logging [3.1.4.GA] state 32
2016-04-15 10:04:40,017 DEBUG [i.s.server.app.SkysailRootApplication        ] - org.hibernate.validator [5.1.2.Final] state 32
2016-04-15 10:04:40,017 DEBUG [i.s.server.app.SkysailRootApplication        ] - ch.qos.logback.classic [1.1.2] state 32
2016-04-15 10:04:40,017 DEBUG [i.s.server.app.SkysailRootApplication        ] - ch.qos.logback.core [1.1.2] state 32
2016-04-15 10:04:40,017 DEBUG [i.s.server.app.SkysailRootApplication        ] - slf4j.api [1.7.7] state 32
2016-04-15 10:04:40,017 DEBUG [i.s.server.app.SkysailRootApplication        ] - com.sun.el [2.2.0.v201303151357] state 32
2016-04-15 10:04:40,017 DEBUG [i.s.server.app.SkysailRootApplication        ] - de.twenty11.owasp-java-html-sanitizer [239.0.0] state 32
2016-04-15 10:04:40,017 DEBUG [i.s.server.app.SkysailRootApplication        ] - de.twentyeleven.skysail.org.antlr.stringtemplate-osgi [4.0.8] state 32
2016-04-15 10:04:40,017 DEBUG [i.s.server.app.SkysailRootApplication        ] - skysail.domain [0.1.1.201604150803] state 32
2016-04-15 10:04:40,017 DEBUG [i.s.server.app.SkysailRootApplication        ] - skysail.api [1.0.0.201604150803] state 32
2016-04-15 10:04:40,017 DEBUG [i.s.server.app.SkysailRootApplication        ] - skysail.api.search [0.1.0.201603251039] state 32
2016-04-15 10:04:40,017 DEBUG [i.s.server.app.SkysailRootApplication        ] - skysail.server [1.0.0.201604150803] state 32
2016-04-15 10:04:40,017 DEBUG [i.s.server.app.SkysailRootApplication        ] - skysail.server.converter [0.2.0.201604150803] state 4
2016-04-15 10:04:40,017 DEBUG [i.s.server.app.SkysailRootApplication        ] - skysail.server.db [0.1.1.201604150803] state 4
2016-04-15 10:04:40,017 DEBUG [i.s.server.app.SkysailRootApplication        ] - skysail.server.http [0.1.1.201604150803] state 4
2016-04-15 10:04:40,018 DEBUG [i.s.server.app.SkysailRootApplication        ] - skysail.server.queryfilter [0.1.1.201604150803] state 4
2016-04-15 10:04:40,018 DEBUG [i.s.server.app.SkysailRootApplication        ] - skysail.server.static [0.1.1.201604150803] state 4
2016-04-15 10:04:40,018 DEBUG [i.s.server.app.SkysailRootApplication        ] - skysail.server.text.markdown [0.1.0.201603251107] state 4
2016-04-15 10:04:40,018 DEBUG [i.s.server.app.SkysailRootApplication        ] - skysail.server.text.store.bundleresource [0.1.1.201604150804] state 4
2016-04-15 10:04:40,018 DEBUG [i.s.server.app.SkysailRootApplication        ] - skysail.server.text.store.git [0.1.0.201603251112] state 4
2016-04-15 10:04:40,018 DEBUG [i.s.server.app.SkysailRootApplication        ] - skysail.server.um [0.1.1.201604150804] state 4
2016-04-15 10:04:40,018 DEBUG [i.s.server.app.SkysailRootApplication        ] - skysail.server.um.simple [0.1.1.201604150804] state 4
2016-04-15 10:04:40,018 DEBUG [i.s.server.app.SkysailRootApplication        ] - osgi.enroute.junit.wrapper [4.12.0.201509161450] state 4
2016-04-15 10:04:40,018 DEBUG [i.s.server.app.SkysailRootApplication        ] - org.apache.shiro.core [1.2.2] state 4
2016-04-15 10:04:40,018 DEBUG [i.s.server.app.SkysailRootApplication        ] - org.apache.shiro.web [1.2.2] state 4
2016-04-15 10:04:40,018 DEBUG [i.s.server.app.SkysailRootApplication        ] - de.twentyeleven.skysail.org.hamcrest.hamcrest-all-osgi [1.3.0.1] state 4
2016-04-15 10:04:40,018 DEBUG [i.s.server.app.SkysailRootApplication        ] - skysail.client.testsupport [0.1.0.201604150803] state 4
2016-04-15 10:04:40,018 DEBUG [i.s.server.app.SkysailRootApplication        ] - skysail.server.app.demo [0.1.0.201604150804] state 4
2016-04-15 10:04:40,018 DEBUG [i.s.server.app.SkysailRootApplication        ] - skysail.server.app.demo.it.shiro [0.1.0.201604150804] state 4
2016-04-15 10:04:40,018 DEBUG [i.s.server.app.SkysailRootApplication        ] - biz.aQute.tester [3.1.0.201512181342] state 4
2016-04-15 10:04:40,025 DEBUG [io.skysail.server.app.ApplicationList        ] - (+ ApplicationModel) (#01) with name 'root'
2016-04-15 10:04:40,031 DEBUG [i.s.s.f.r.ConfigAdminFeatureStateRepository  ] - activating ConfigAdminFeatureStateRepository with config {service.pid=io.skysail.server.features.repositories.ConfigAdminFeatureStateRepository, io.skysail.server.features.GuiFeatures.SHOW_BREADCRUMBS=true, io.skysail.server.features.SecurityFeatures.USE_CREDENTIALS_CACHE_FEATURE=true, component.name=io.skysail.server.features.repositories.ConfigAdminFeatureStateRepository, felix.fileinstall.filename=file:/Users/carsten/git/skysail/skysail.server.app.demo.it.shiro/config/integrationtest/io.skysail.server.features.repositories.ConfigAdminFeatureStateRepository.cfg, io.skysail.server.features.SecurityFeatures.ALLOW_ORIGIN_FEATURE=true, component.id=14}
2016-04-15 10:04:40,032 DEBUG [io.skysail.server.services.ServerLoad        ] - activating ServerLoad task
2016-04-15 10:04:40,064 DEBUG [io.skysail.server.app.SkysailApplication     ] - Instanciating new Skysail ApplicationModel 'WebappApplication'
2016-04-15 10:04:40,067 INFO  [io.skysail.server.app.SkysailApplication     ] - Activating ApplicationModel io.skysail.server.converter.WebappApplication
2016-04-15 10:04:40,068 DEBUG [io.skysail.server.app.ApplicationList        ] - (+ ApplicationModel) (#02) with name 'webapp'
2016-04-15 10:04:40,133 DEBUG [io.skysail.server.db.DbConfigurations        ] - activating DbConfigurations with config DbConfig(name=default, driver=, url=memory:timetablesIT, username=admin)
2016-04-15 10:04:40,133 DEBUG [i.skysail.server.db.OrientGraphDbService     ] - about to start db
2016-04-15 10:04:41,243 DEBUG [i.skysail.server.db.OrientGraphDbService     ] - created new in-memory database com.orientechnologies.orient.core.db.document.ODatabaseDocumentTx@2412a42b
2016-04-15 10:04:41,251 DEBUG [i.skysail.server.db.OrientGraphDbService     ] - testing graph factory connection
2016-04-15 10:04:41,316 DEBUG [i.skysail.server.db.OrientGraphDbService     ] - setting lazy loading to false
2016-04-15 10:04:41,317 DEBUG [i.skysail.server.db.OrientGraphDbService     ] - activating io.skysail.server.db.OrientGraphDbService
2016-04-15 10:04:41,333 DEBUG [i.skysail.server.db.OrientGraphDbService     ] - ODB graph function [ine] is registered: [Syntax error: inE([<labels>])]
2016-04-15 10:04:41,333 DEBUG [i.skysail.server.db.OrientGraphDbService     ] - ODB graph function [oute] is registered: [Syntax error: outE([<labels>])]
2016-04-15 10:04:41,333 DEBUG [i.skysail.server.db.OrientGraphDbService     ] - ODB graph function [in] is registered: [Syntax error: in([<labels>])]
2016-04-15 10:04:41,334 DEBUG [i.skysail.server.db.OrientGraphDbService     ] - ODB graph function [dijkstra] is registered: [dijkstra(<sourceVertex>, <destinationVertex>, <weightEdgeFieldName>, [<direction>])]
2016-04-15 10:04:41,334 DEBUG [i.skysail.server.db.OrientGraphDbService     ] - ODB graph function [label] is registered: [Syntax error: label()]
2016-04-15 10:04:41,334 DEBUG [i.skysail.server.db.OrientGraphDbService     ] - ODB graph function [bothv] is registered: [Syntax error: bothV([<labels>])]
2016-04-15 10:04:41,334 DEBUG [i.skysail.server.db.OrientGraphDbService     ] - ODB graph function [out] is registered: [Syntax error: out([<labels>])]
2016-04-15 10:04:41,334 DEBUG [i.skysail.server.db.OrientGraphDbService     ] - ODB graph function [both] is registered: [Syntax error: both([<labels>])]
2016-04-15 10:04:41,334 DEBUG [i.skysail.server.db.OrientGraphDbService     ] - ODB graph function [inv] is registered: [Syntax error: inV([<labels>])]
2016-04-15 10:04:41,334 DEBUG [i.skysail.server.db.OrientGraphDbService     ] - ODB graph function [gremlin] is registered: [gremlin(<gremlin-expression>)]
2016-04-15 10:04:41,334 DEBUG [i.skysail.server.db.OrientGraphDbService     ] - ODB graph function [shortestpath] is registered: [shortestPath(<sourceVertex>, <destinationVertex>, [<direction>, [ <edgeTypeAsString> ]])]
2016-04-15 10:04:41,334 DEBUG [i.skysail.server.db.OrientGraphDbService     ] - ODB graph function [outv] is registered: [Syntax error: outV([<labels>])]
2016-04-15 10:04:41,335 DEBUG [i.skysail.server.db.OrientGraphDbService     ] - ODB graph function [bothe] is registered: [Syntax error: bothE([<labels>])]
2016-04-15 10:04:41,336 DEBUG [i.s.s.d.versions.impl.VersionsRepository     ] - activating VersionsRepository
2016-04-15 10:04:41,356 DEBUG [i.skysail.server.db.OrientGraphDbService     ] - registering class 'class io.skysail.server.db.versions.impl.ComponentDbVersion' @ orientDB
2016-04-15 10:04:41,370 DEBUG [io.skysail.domain.core.Repositories          ] - (+ Repository)  (#01) with name 'io.skysail.server.db.versions.impl.ComponentDbVersion'
2016-04-15 10:04:41,397 DEBUG [io.skysail.server.http.HttpServer            ] - (+ Converter)   (#04) with name 'io.skysail.server.converter.DataConverter'
2016-04-15 10:04:41,397 DEBUG [io.skysail.server.http.HttpServer            ] - (+ Converter)   (#05) with name 'io.skysail.server.converter.SkysailJacksonConverter'
2016-04-15 10:04:41,400 DEBUG [io.skysail.server.http.HttpServer            ] - Activating io.skysail.server.http.HttpServer
2016-04-15 10:04:41,411 DEBUG [io.skysail.server.SkysailComponent           ] - Creating Restlet Component: io.skysail.server.SkysailComponent
2016-04-15 10:04:41,412 DEBUG [io.skysail.server.http.HttpServer            ] - configuration was provided
2016-04-15 10:04:41,412 INFO  [io.skysail.server.http.HttpServer            ] - 
2016-04-15 10:04:41,413 INFO  [io.skysail.server.http.HttpServer            ] - ====================================
2016-04-15 10:04:41,414 INFO  [io.skysail.server.http.HttpServer            ] - Starting skysail server on port 2018
2016-04-15 10:04:41,414 INFO  [io.skysail.server.http.HttpServer            ] - ====================================
2016-04-15 10:04:41,414 INFO  [io.skysail.server.http.HttpServer            ] - 
2016-04-15 10:04:41,468 INFO  [org.restlet                                  ] - Starting the Jetty [HTTP/1.1] server on port 2018
2016-04-15 10:04:41,532 DEBUG [io.skysail.server.http.HttpServer            ] - Started with system properties:
2016-04-15 10:04:41,532 DEBUG [io.skysail.server.http.HttpServer            ] - ===============================
2016-04-15 10:04:41,534 DEBUG [io.skysail.server.http.HttpServer            ] -   awt.toolkit => 'sun.lwawt.macosx.LWCToolkit'
2016-04-15 10:04:41,534 DEBUG [io.skysail.server.http.HttpServer            ] -   felix.fileinstall.dir => 'config/integrationtest'
2016-04-15 10:04:41,534 DEBUG [io.skysail.server.http.HttpServer            ] -   felix.fileinstall.filter => '.*\.jar|.*\.cfg'
2016-04-15 10:04:41,534 DEBUG [io.skysail.server.http.HttpServer            ] -   felix.fileinstall.log.level => '4'
2016-04-15 10:04:41,534 DEBUG [io.skysail.server.http.HttpServer            ] -   felix.fileinstall.noInitialDelay => 'true'
2016-04-15 10:04:41,534 DEBUG [io.skysail.server.http.HttpServer            ] -   felix.fileinstall.poll => '1000'
2016-04-15 10:04:41,534 DEBUG [io.skysail.server.http.HttpServer            ] -   file.encoding => 'UTF-8'
2016-04-15 10:04:41,535 DEBUG [io.skysail.server.http.HttpServer            ] -   file.encoding.pkg => 'sun.io'
2016-04-15 10:04:41,535 DEBUG [io.skysail.server.http.HttpServer            ] -   file.separator => '/'
2016-04-15 10:04:41,535 DEBUG [io.skysail.server.http.HttpServer            ] -   ftp.nonProxyHosts => 'local|*.local|169.254/16|*.169.254/16'
2016-04-15 10:04:41,535 DEBUG [io.skysail.server.http.HttpServer            ] -   gopherProxySet => 'false'
2016-04-15 10:04:41,535 DEBUG [io.skysail.server.http.HttpServer            ] -   http.nonProxyHosts => 'local|*.local|169.254/16|*.169.254/16'
2016-04-15 10:04:41,535 DEBUG [io.skysail.server.http.HttpServer            ] -   java.awt.graphicsenv => 'sun.awt.CGraphicsEnvironment'
2016-04-15 10:04:41,535 DEBUG [io.skysail.server.http.HttpServer            ] -   java.awt.printerjob => 'sun.lwawt.macosx.CPrinterJob'
2016-04-15 10:04:41,535 DEBUG [io.skysail.server.http.HttpServer            ] -   java.class.path => '/Users/carsten/.bnd/cache/https%3A%2F%2Fraw.githubusercontent.com%2Fbndtools%2Fbundle-hub%2Fmaster%2Forg.apache.felix.framework/org.apache.felix.framework-5.2.0.jar:/Users/carsten/git/skysail/cnf/nonosgi-repo/biz.aQute.launcher/biz.aQute.launcher-latest.jar'
2016-04-15 10:04:41,535 DEBUG [io.skysail.server.http.HttpServer            ] -   java.class.version => '52.0'
2016-04-15 10:04:41,535 DEBUG [io.skysail.server.http.HttpServer            ] -   java.endorsed.dirs => '/Library/Java/JavaVirtualMachines/jdk1.8.0_74.jdk/Contents/Home/jre/lib/endorsed'
2016-04-15 10:04:41,535 DEBUG [io.skysail.server.http.HttpServer            ] -   java.ext.dirs => '/Users/carsten/Library/Java/Extensions:/Library/Java/JavaVirtualMachines/jdk1.8.0_74.jdk/Contents/Home/jre/lib/ext:/Library/Java/Extensions:/Network/Library/Java/Extensions:/System/Library/Java/Extensions:/usr/lib/java'
2016-04-15 10:04:41,535 DEBUG [io.skysail.server.http.HttpServer            ] -   java.home => '/Library/Java/JavaVirtualMachines/jdk1.8.0_74.jdk/Contents/Home/jre'
2016-04-15 10:04:41,535 DEBUG [io.skysail.server.http.HttpServer            ] -   java.io.tmpdir => '/var/folders/6h/l_z7dfrn5ngbm0lf8__3zhvm0000gn/T/'
2016-04-15 10:04:41,535 DEBUG [io.skysail.server.http.HttpServer            ] -   java.library.path => '/Users/carsten/Library/Java/Extensions:/Library/Java/Extensions:/Network/Library/Java/Extensions:/System/Library/Java/Extensions:/usr/lib/java:.'
2016-04-15 10:04:41,535 DEBUG [io.skysail.server.http.HttpServer            ] -   java.runtime.name => 'Java(TM) SE Runtime Environment'
2016-04-15 10:04:41,535 DEBUG [io.skysail.server.http.HttpServer            ] -   java.runtime.version => '1.8.0_74-b02'
2016-04-15 10:04:41,535 DEBUG [io.skysail.server.http.HttpServer            ] -   java.specification.name => 'Java Platform API Specification'
2016-04-15 10:04:41,535 DEBUG [io.skysail.server.http.HttpServer            ] -   java.specification.vendor => 'Oracle Corporation'
2016-04-15 10:04:41,535 DEBUG [io.skysail.server.http.HttpServer            ] -   java.specification.version => '1.8'
2016-04-15 10:04:41,535 DEBUG [io.skysail.server.http.HttpServer            ] -   java.vendor => 'Oracle Corporation'
2016-04-15 10:04:41,535 DEBUG [io.skysail.server.http.HttpServer            ] -   java.vendor.url => 'http://java.oracle.com/'
2016-04-15 10:04:41,536 DEBUG [io.skysail.server.http.HttpServer            ] -   java.vendor.url.bug => 'http://bugreport.sun.com/bugreport/'
2016-04-15 10:04:41,536 DEBUG [io.skysail.server.http.HttpServer            ] -   java.version => '1.8.0_74'
2016-04-15 10:04:41,536 DEBUG [io.skysail.server.http.HttpServer            ] -   java.vm.info => 'mixed mode'
2016-04-15 10:04:41,536 DEBUG [io.skysail.server.http.HttpServer            ] -   java.vm.name => 'Java HotSpot(TM) 64-Bit Server VM'
2016-04-15 10:04:41,536 DEBUG [io.skysail.server.http.HttpServer            ] -   java.vm.specification.name => 'Java Virtual Machine Specification'
2016-04-15 10:04:41,536 DEBUG [io.skysail.server.http.HttpServer            ] -   java.vm.specification.vendor => 'Oracle Corporation'
2016-04-15 10:04:41,536 DEBUG [io.skysail.server.http.HttpServer            ] -   java.vm.specification.version => '1.8'
2016-04-15 10:04:41,536 DEBUG [io.skysail.server.http.HttpServer            ] -   java.vm.vendor => 'Oracle Corporation'
2016-04-15 10:04:41,536 DEBUG [io.skysail.server.http.HttpServer            ] -   java.vm.version => '25.74-b02'
2016-04-15 10:04:41,536 DEBUG [io.skysail.server.http.HttpServer            ] -   jsse.enableSNIExtension => 'false'
2016-04-15 10:04:41,536 DEBUG [io.skysail.server.http.HttpServer            ] -   launch.activators => ''
2016-04-15 10:04:41,536 DEBUG [io.skysail.server.http.HttpServer            ] -   launch.bundles => '/Users/carsten/.bnd/cache/https%3A%2F%2Fraw.githubusercontent.com%2Fbndtools%2Fbundle-hub%2Fmaster%2Fosgi.core/osgi.core-6.0.0.jar,/Users/carsten/.bnd/cache/https%3A%2F%2Fgithub.com%2Fevandor%2Fskysail-repository%2Fraw%2Fmaster%2Frelease/javax.el-api-3.0.0.jar,/Users/carsten/.bnd/cache/https%3A%2F%2Fgithub.com%2Fevandor%2Fskysail-repository%2Fraw%2Fmaster%2Frelease/javax.persistence-2.1.0.jar,/Users/carsten/.bnd/cache/https%3A%2F%2Fgithub.com%2Fevandor%2Fskysail-repository%2Fraw%2Fmaster%2Frelease/javax.validation.api-1.1.0.jar,/Users/carsten/.bnd/cache/https%3A%2F%2Fgithub.com%2Fevandor%2Fskysail-repository%2Fraw%2Fmaster%2Frelease/org.apache.commons.beanutils-1.9.2.jar,/Users/carsten/.bnd/cache/https%3A%2F%2Fgithub.com%2Fevandor%2Fskysail-repository%2Fraw%2Fmaster%2Frelease/org.apache.commons.collections-3.2.1.jar,/Users/carsten/.bnd/cache/https%3A%2F%2Fgithub.com%2Fevandor%2Fskysail-repository%2Fraw%2Fmaster%2Frelease/org.apache.commons.configuration-1.10.0.jar,/Users/carsten/.bnd/cache/https%3A%2F%2Fgithub.com%2Fevandor%2Fskysail-repository%2Fraw%2Fmaster%2Frelease/org.apache.commons.io-2.4.0.jar,/Users/carsten/.bnd/cache/https%3A%2F%2Fgithub.com%2Fevandor%2Fskysail-repository%2Fraw%2Fmaster%2Frelease/org.apache.commons.lang-2.6.0.jar,/Users/carsten/.bnd/cache/https%3A%2F%2Fgithub.com%2Fevandor%2Fskysail-repository%2Fraw%2Fmaster%2Frelease/org.apache.commons.lang3-3.3.2.jar,/Users/carsten/.bnd/cache/https%3A%2F%2Fgithub.com%2Fevandor%2Fskysail-repository%2Fraw%2Fmaster%2Frelease/org.apache.commons.logging-1.1.3.jar,/Users/carsten/.bnd/cache/https%3A%2F%2Fraw.githubusercontent.com%2Fbndtools%2Fbundle-hub%2Fmaster%2Forg.apache.felix.configadmin/org.apache.felix.configadmin-1.8.0.jar,/Users/carsten/.bnd/cache/https%3A%2F%2Fraw.githubusercontent.com%2Fbndtools%2Fbundle-hub%2Fmaster%2Forg.apache.felix.fileinstall/org.apache.felix.fileinstall-3.4.0.jar,/Users/carsten/.bnd/cache/https%3A%2F%2Fraw.githubusercontent.com%2Fbndtools%2Fbundle-hub%2Fmaster%2Forg.apache.felix.eventadmin/org.apache.felix.eventadmin-1.4.4.jar,/Users/carsten/.bnd/cache/https%3A%2F%2Fraw.githubusercontent.com%2Fbndtools%2Fbundle-hub%2Fmaster%2Forg.apache.felix.gogo.command/org.apache.felix.gogo.command-0.14.0.jar,/Users/carsten/.bnd/cache/https%3A%2F%2Fraw.githubusercontent.com%2Fbndtools%2Fbundle-hub%2Fmaster%2Forg.apache.felix.gogo.runtime/org.apache.felix.gogo.runtime-0.12.1.jar,/Users/carsten/.bnd/cache/https%3A%2F%2Fraw.githubusercontent.com%2Fbndtools%2Fbundle-hub%2Fmaster%2Forg.apache.felix.gogo.shell/org.apache.felix.gogo.shell-0.10.0.jar,/Users/carsten/.bnd/cache/https%3A%2F%2Fraw.githubusercontent.com%2Fbndtools%2Fbundle-hub%2Fmaster%2Forg.apache.felix.log/org.apache.felix.log-1.0.1.jar,/Users/carsten/.bnd/cache/https%3A%2F%2Fgithub.com%2Fevandor%2Fskysail-repository%2Fraw%2Fmaster%2Frelease/org.apache.felix.prefs-1.0.6.jar,/Users/carsten/.bnd/cache/https%3A%2F%2Fraw.githubusercontent.com%2Fbndtools%2Fbundle-hub%2Fmaster%2Forg.apache.felix.scr/org.apache.felix.scr-2.0.2.jar,/Users/carsten/.bnd/cache/https%3A%2F%2Fgithub.com%2Fevandor%2Fskysail-repository%2Fraw%2Fmaster%2Frelease/jackson-annotations-2.5.1.jar,/Users/carsten/.bnd/cache/https%3A%2F%2Fgithub.com%2Fevandor%2Fskysail-repository%2Fraw%2Fmaster%2Frelease/jackson-core-2.5.1.jar,/Users/carsten/.bnd/cache/https%3A%2F%2Fgithub.com%2Fevandor%2Fskysail-repository%2Fraw%2Fmaster%2Frelease/jackson-databind-2.5.1.jar,/Users/carsten/.bnd/cache/https%3A%2F%2Fgithub.com%2Fevandor%2Fskysail-repository%2Fraw%2Fmaster%2Frelease/jackson-dataformat-xml-2.5.1.jar,/Users/carsten/.bnd/cache/https%3A%2F%2Fgithub.com%2Fevandor%2Fskysail-repository%2Fraw%2Fmaster%2Frelease/jackson-dataformat-smile-2.5.1.jar,/Users/carsten/.bnd/cache/https%3A%2F%2Fgithub.com%2Fevandor%2Fskysail-repository%2Fraw%2Fmaster%2Frelease/jackson-dataformat-yaml-2.5.1.jar,/Users/carsten/.bnd/cache/https%3A%2F%2Fgithub.com%2Fevandor%2Fskysail-repository%2Fraw%2Fmaster%2Frelease/jackson-dataformat-csv-2.5.1.jar,/Users/carsten/.bnd/cache/https%3A%2F%2Fgithub.com%2Fevandor%2Fskysail-repository%2Fraw%2Fmaster%2Frelease/jackson-module-jaxb-annotations-2.5.1.jar,/Users/carsten/.bnd/cache/https%3A%2F%2Fgithub.com%2Fevandor%2Fskysail-repository%2Fraw%2Fmaster%2Frelease/jackson-module-jsonSchema-2.5.1.jar,/Users/carsten/.bnd/cache/https%3A%2F%2Fgithub.com%2Fevandor%2Fskysail-repository%2Fraw%2Fmaster%2Frelease/classmate-1.0.0.jar,/Users/carsten/.bnd/cache/https%3A%2F%2Fgithub.com%2Fevandor%2Fskysail-repository%2Fraw%2Fmaster%2Frelease/stax2-api-3.1.4.jar,/Users/carsten/.bnd/cache/https%3A%2F%2Fgithub.com%2Fevandor%2Fskysail-repository%2Fraw%2Fmaster%2Frelease/javassist-3.18.1.jar,/Users/carsten/.bnd/cache/https%3A%2F%2Fgithub.com%2Fevandor%2Fskysail-repository%2Fraw%2Fmaster%2Frelease/org.codehaus.jettison.jettison-1.3.7.jar,/Users/carsten/.bnd/cache/https%3A%2F%2Fgithub.com%2Fevandor%2Fskysail-repository%2Fraw%2Fmaster%2Frelease/com.googlecode.concurrentlinkedhashmap.lru-1.4.0.jar,/Users/carsten/.bnd/cache/https%3A%2F%2Fgithub.com%2Fevandor%2Fskysail-repository%2Fraw%2Fmaster%2Frelease/orientdb-client-2.1.3.jar,/Users/carsten/.bnd/cache/https%3A%2F%2Fgithub.com%2Fevandor%2Fskysail-repository%2Fraw%2Fmaster%2Frelease/orientdb-core-2.1.3.jar,/Users/carsten/.bnd/cache/https%3A%2F%2Fgithub.com%2Fevandor%2Fskysail-repository%2Fraw%2Fmaster%2Frelease/orientdb-enterprise-2.1.3.jar,/Users/carsten/.bnd/cache/https%3A%2F%2Fgithub.com%2Fevandor%2Fskysail-repository%2Fraw%2Fmaster%2Frelease/orientdb-graphdb-2.1.3.jar,/Users/carsten/.bnd/cache/https%3A%2F%2Fgithub.com%2Fevandor%2Fskysail-repository%2Fraw%2Fmaster%2Frelease/orientdb-object-2.1.3.jar,/Users/carsten/.bnd/cache/https%3A%2F%2Fgithub.com%2Fevandor%2Fskysail-repository%2Fraw%2Fmaster%2Frelease/orientdb-server-2.1.3.jar,/Users/carsten/.bnd/cache/https%3A%2F%2Fgithub.com%2Fevandor%2Fskysail-repository%2Fraw%2Fmaster%2Frelease/orientdb-tools-2.1.3.jar,/Users/carsten/.bnd/cache/https%3A%2F%2Fgithub.com%2Fevandor%2Fskysail-repository%2Fraw%2Fmaster%2Frelease/org.xerial.snappy.snappy-java-1.1.1.jar,/Users/carsten/.bnd/cache/https%3A%2F%2Fgithub.com%2Fevandor%2Fskysail-repository%2Fraw%2Fmaster%2Frelease/io.skysail.bundled.tinkerpop.blueprints-core-2.6.0.jar,/Users/carsten/.bnd/cache/https%3A%2F%2Fgithub.com%2Fevandor%2Fskysail-repository%2Fraw%2Fmaster%2Frelease/io.skysail.bundled.tinkerpop.blueprints-orient-graph-2.4.0.jar,/Users/carsten/.bnd/cache/https%3A%2F%2Fgithub.com%2Fevandor%2Fskysail-repository%2Fraw%2Fmaster%2Frelease/com.sun.jna-4.2.0.jar,/Users/carsten/.bnd/cache/https%3A%2F%2Fgithub.com%2Fevandor%2Fskysail-repository%2Fraw%2Fmaster%2Frelease/com.sun.jna.platform-4.2.0.jar,/Users/carsten/.bnd/cache/https%3A%2F%2Fgithub.com%2Fevandor%2Fskysail-repository%2Fraw%2Fmaster%2Frelease/jetty-util-9.2.11.v20150529.jar,/Users/carsten/.bnd/cache/https%3A%2F%2Fgithub.com%2Fevandor%2Fskysail-repository%2Fraw%2Fmaster%2Frelease/jetty-http-9.2.11.v20150529.jar,/Users/carsten/.bnd/cache/https%3A%2F%2Fgithub.com%2Fevandor%2Fskysail-repository%2Fraw%2Fmaster%2Frelease/jetty-io-9.2.11.v20150529.jar,/Users/carsten/.bnd/cache/https%3A%2F%2Fgithub.com%2Fevandor%2Fskysail-repository%2Fraw%2Fmaster%2Frelease/jetty-security-9.2.11.v20150529.jar,/Users/carsten/.bnd/cache/https%3A%2F%2Fgithub.com%2Fevandor%2Fskysail-repository%2Fraw%2Fmaster%2Frelease/jetty-server-9.2.11.v20150529.jar,/Users/carsten/.bnd/cache/https%3A%2F%2Fgithub.com%2Fevandor%2Fskysail-repository%2Fraw%2Fmaster%2Frelease/jetty-servlet-9.2.11.v20150529.jar,/Users/carsten/.bnd/cache/https%3A%2F%2Fgithub.com%2Fevandor%2Fskysail-repository%2Fraw%2Fmaster%2Frelease/jetty-webapp-9.2.11.v20150529.jar,/Users/carsten/.bnd/cache/https%3A%2F%2Fgithub.com%2Fevandor%2Fskysail-repository%2Fraw%2Fmaster%2Frelease/jetty-deploy-9.2.11.v20150529.jar,/Users/carsten/.bnd/cache/https%3A%2F%2Fgithub.com%2Fevandor%2Fskysail-repository%2Fraw%2Fmaster%2Frelease/jetty-xml-9.2.11.v20150529.jar,/Users/carsten/.bnd/cache/https%3A%2F%2Fgithub.com%2Fevandor%2Fskysail-repository%2Fraw%2Fmaster%2Frelease/org.eclipse.jetty.osgi-servlet-api-3.1.0.jar,/Users/carsten/.bnd/cache/https%3A%2F%2Fgithub.com%2Fevandor%2Fskysail-repository%2Fraw%2Fmaster%2Frelease/jetty-client-9.2.11.v20150529.jar,/Users/carsten/.bnd/cache/https%3A%2F%2Fgithub.com%2Fevandor%2Fskysail-repository%2Fraw%2Fmaster%2Frelease/snakeyaml-1.15.jar,/Users/carsten/.bnd/cache/https%3A%2F%2Fgithub.com%2Fevandor%2Fskysail-repository%2Fraw%2Fmaster%2Frelease/de.twentyeleven.skysail.org.json-osgi-20080701.0.0.jar,/Users/carsten/.bnd/cache/https%3A%2F%2Fgithub.com%2Fevandor%2Fskysail-repository%2Fraw%2Fmaster%2Frelease/org.restlet.jar,/Users/carsten/.bnd/cache/https%3A%2F%2Fgithub.com%2Fevandor%2Fskysail-repository%2Fraw%2Fmaster%2Frelease/org.restlet.ext.apispark.jar,/Users/carsten/.bnd/cache/https%3A%2F%2Fgithub.com%2Fevandor%2Fskysail-repository%2Fraw%2Fmaster%2Frelease/org.restlet.ext.crypto.jar,/Users/carsten/.bnd/cache/https%3A%2F%2Fgithub.com%2Fevandor%2Fskysail-repository%2Fraw%2Fmaster%2Frelease/org.restlet.ext.jackson.jar,/Users/carsten/.bnd/cache/https%3A%2F%2Fgithub.com%2Fevandor%2Fskysail-repository%2Fraw%2Fmaster%2Frelease/org.restlet.ext.jetty.jar,/Users/carsten/.bnd/cache/https%3A%2F%2Fgithub.com%2Fevandor%2Fskysail-repository%2Fraw%2Fmaster%2Frelease/org.restlet.ext.json.jar,/Users/carsten/.bnd/cache/https%3A%2F%2Fgithub.com%2Fevandor%2Fskysail-repository%2Fraw%2Fmaster%2Frelease/org.restlet.ext.raml.jar,/Users/carsten/.bnd/cache/https%3A%2F%2Fgithub.com%2Fevandor%2Fskysail-repository%2Fraw%2Fmaster%2Frelease/org.restlet.ext.slf4j.jar,/Users/carsten/.bnd/cache/https%3A%2F%2Fgithub.com%2Fevandor%2Fskysail-repository%2Fraw%2Fmaster%2Frelease/io.skysail.bundled.raml-parser-0.8.12.jar,/Users/carsten/.bnd/cache/https%3A%2F%2Fgithub.com%2Fevandor%2Fskysail-repository%2Fraw%2Fmaster%2Frelease/guava-16.0.1.jar,/Users/carsten/.bnd/cache/https%3A%2F%2Fgithub.com%2Fevandor%2Fskysail-repository%2Fraw%2Fmaster%2Frelease/org.jboss.logging.jboss-logging-3.1.4.jar,/Users/carsten/.bnd/cache/https%3A%2F%2Fgithub.com%2Fevandor%2Fskysail-repository%2Fraw%2Fmaster%2Frelease/org.hibernate.validator-5.1.2.jar,/Users/carsten/.bnd/cache/https%3A%2F%2Fraw.githubusercontent.com%2Fbndtools%2Fbundle-hub%2Fmaster%2Fch.qos.logback.classic/ch.qos.logback.classic-1.1.2.jar,/Users/carsten/.bnd/cache/https%3A%2F%2Fraw.githubusercontent.com%2Fbndtools%2Fbundle-hub%2Fmaster%2Fch.qos.logback.core/ch.qos.logback.core-1.1.2.jar,/Users/carsten/.bnd/cache/https%3A%2F%2Fraw.githubusercontent.com%2Fbndtools%2Fbundle-hub%2Fmaster%2Fslf4j.api/slf4j.api-1.7.7.jar,/Users/carsten/.bnd/cache/https%3A%2F%2Fgithub.com%2Fevandor%2Fskysail-repository%2Fraw%2Fmaster%2Frelease/com.sun.el-2.2.0.jar,/Users/carsten/.bnd/cache/https%3A%2F%2Fgithub.com%2Fevandor%2Fskysail-repository%2Fraw%2Fmaster%2Frelease/de.twenty11.owasp-java-html-sanitizer-239.0.0.jar,/Users/carsten/.bnd/cache/https%3A%2F%2Fgithub.com%2Fevandor%2Fskysail-repository%2Fraw%2Fmaster%2Frelease/de.twentyeleven.skysail.org.antlr.stringtemplate-osgi-4.0.8.jar,/Users/carsten/git/skysail/skysail.domain/generated/skysail.domain.jar,/Users/carsten/git/skysail/skysail.api/generated/skysail.api.jar,/Users/carsten/git/skysail/cnf/releaserepo/skysail.api.search/skysail.api.search-0.1.0.jar,/Users/carsten/git/skysail/skysail.server/generated/skysail.server.jar,/Users/carsten/git/skysail/skysail.server.converter/generated/skysail.server.converter.jar,/Users/carsten/git/skysail/skysail.server.db/generated/skysail.server.db.jar,/Users/carsten/git/skysail/skysail.server.http/generated/skysail.server.http.jar,/Users/carsten/git/skysail/skysail.server.queryfilter/generated/skysail.server.queryfilter.jar,/Users/carsten/git/skysail/skysail.server.static/generated/skysail.server.static.jar,/Users/carsten/git/skysail/cnf/releaserepo/skysail.server.text.markdown/skysail.server.text.markdown-0.1.0.jar,/Users/carsten/git/skysail/skysail.server.text.store.bundleresource/generated/skysail.server.text.store.bundleresource.jar,/Users/carsten/git/skysail/cnf/releaserepo/skysail.server.text.store.git/skysail.server.text.store.git-0.1.0.jar,/Users/carsten/git/skysail/skysail.server.um/generated/skysail.server.um.jar,/Users/carsten/git/skysail/skysail.server.um.simple/generated/skysail.server.um.simple.jar,/Users/carsten/.bnd/cache/https%3A%2F%2Fraw.githubusercontent.com%2Fosgi%2Fosgi.enroute%2Fv1.0.0%2Fcnf%2Fdistro%2Fosgi.enroute.junit.wrapper/osgi.enroute.junit.wrapper-4.12.0.jar,/Users/carsten/.bnd/cache/https%3A%2F%2Fgithub.com%2Fevandor%2Fskysail-repository%2Fraw%2Fmaster%2Frelease/org.apache.shiro.core-1.2.2.jar,/Users/carsten/.bnd/cache/https%3A%2F%2Fgithub.com%2Fevandor%2Fskysail-repository%2Fraw%2Fmaster%2Frelease/org.apache.shiro.web-1.2.2.jar,/Users/carsten/.bnd/cache/https%3A%2F%2Fgithub.com%2Fevandor%2Fskysail-repository%2Fraw%2Fmaster%2Frelease/de.twentyeleven.skysail.org.hamcrest.hamcrest-all-osgi-1.3.0.jar,/Users/carsten/git/skysail/skysail.client.testsupport/generated/skysail.client.testsupport.jar,/Users/carsten/git/skysail/skysail.server.app.demo/generated/skysail.server.app.demo.jar,/Users/carsten/git/skysail/skysail.server.app.demo.it.shiro/generated/skysail.server.app.demo.it.shiro.jar,/Users/carsten/git/skysail/cnf/cache/3.1.0/biz.aQute.tester/biz.aQute.tester-3.1.0.jar'
2016-04-15 10:04:41,537 DEBUG [io.skysail.server.http.HttpServer            ] -   launch.embedded => 'false'
2016-04-15 10:04:41,537 DEBUG [io.skysail.server.http.HttpServer            ] -   launch.keep => 'false'
2016-04-15 10:04:41,537 DEBUG [io.skysail.server.http.HttpServer            ] -   launch.name => 'skysail.server.app.demo.it.shiro'
2016-04-15 10:04:41,537 DEBUG [io.skysail.server.http.HttpServer            ] -   launch.noreferences => 'false'
2016-04-15 10:04:41,537 DEBUG [io.skysail.server.http.HttpServer            ] -   launch.notificationPort => '-1'
2016-04-15 10:04:41,537 DEBUG [io.skysail.server.http.HttpServer            ] -   launch.services => 'true'
2016-04-15 10:04:41,537 DEBUG [io.skysail.server.http.HttpServer            ] -   launch.storage.dir => '/Users/carsten/git/skysail/skysail.server.app.demo.it.shiro/generated/fw'
2016-04-15 10:04:41,537 DEBUG [io.skysail.server.http.HttpServer            ] -   launch.system.capabilities => 'osgi.native;osgi.native.osname:List<String>="MacOSX,Mac OS X";osgi.native.osversion:Version="10.11.4";osgi.native.processor:List<String>="x86-64,amd64,em64t,x86_64"'
2016-04-15 10:04:41,537 DEBUG [io.skysail.server.http.HttpServer            ] -   launch.system.packages => 'com.sun.image.codec.jpeg,com.sun.management,com.sun.net.httpserver,javafx.application,javafx.scene,javafx.scene.control,javafx.scene.layout,javafx.stage,javafx.beans.property,javafx.collections,javafx.beans.value,javafx.concurrent,javafx.event,javafx.geometry,javafx.scene.image,javafx.scene.web,javafx.util,javafx.scene.paint,javax.imageio.spi,javax.crypto,javax.crypto.spec,javax.script,javax.net,javax.net.ssl,javax.security.auth.x500,javax.sql,javax.xml.stream,javax.naming,javax.naming.directory,javax.naming.ldap,javax.xml.bind,javax.xml.bind.annotation,javax.xml.bind.annotation.adapters,javax.activation,javax.security.auth.callback,javax.naming.spi,javax.management,javax.management.openmbean,javax.swing.tree,javax.transaction,javax.transaction.xa,javax.xml.transform.stax,sun.reflect,sun.misc,org.ietf.jgss,netscape.javascript,sun.nio.ch,org.osgi.framework;version="1.8",org.osgi.framework.dto;version="1.8";uses:="org.osgi.dto",org.osgi.framework.hooks.bundle;version="1.1";uses:="org.osgi.framework",org.osgi.framework.hooks.resolver;version="1.0";uses:="org.osgi.framework.wiring",org.osgi.framework.hooks.service;version="1.1";uses:="org.osgi.framework",org.osgi.framework.hooks.weaving;version="1.1";uses:="org.osgi.framework.wiring",org.osgi.framework.launch;version="1.2";uses:="org.osgi.framework",org.osgi.framework.namespace;version="1.1";uses:="org.osgi.resource",org.osgi.framework.startlevel;version="1.0";uses:="org.osgi.framework",org.osgi.framework.startlevel.dto;version="1.0";uses:="org.osgi.dto",org.osgi.framework.wiring;version="1.2";uses:="org.osgi.framework,org.osgi.resource",org.osgi.framework.wiring.dto;version="1.2";uses:="org.osgi.dto,org.osgi.resource.dto",org.osgi.resource;version="1.0",org.osgi.resource.dto;version="1.0";uses:="org.osgi.dto",org.osgi.service.packageadmin;version="1.2";uses:="org.osgi.framework",org.osgi.service.startlevel;version="1.1";uses:="org.osgi.framework",org.osgi.service.url;version="1.0",org.osgi.service.resolver;version="1.0";uses:="org.osgi.resource",org.osgi.util.tracker;version="1.5.1";uses:="org.osgi.framework",org.osgi.dto;version="1.0"'
2016-04-15 10:04:41,537 DEBUG [io.skysail.server.http.HttpServer            ] -   launch.timeout => '0'
2016-04-15 10:04:41,537 DEBUG [io.skysail.server.http.HttpServer            ] -   launch.trace => 'false'
2016-04-15 10:04:41,537 DEBUG [io.skysail.server.http.HttpServer            ] -   launcher.properties => '"/Users/carsten/git/skysail/skysail.server.app.demo.it.shiro/generated/launch7901113365814658106.properties"'
2016-04-15 10:04:41,537 DEBUG [io.skysail.server.http.HttpServer            ] -   line.separator => '
'
2016-04-15 10:04:41,537 DEBUG [io.skysail.server.http.HttpServer            ] -   logback.configurationFile => 'config/integrationtest/logback.xml'
2016-04-15 10:04:41,537 DEBUG [io.skysail.server.http.HttpServer            ] -   obr.repository.url => 'https://raw.githubusercontent.com/evandor/skysail-repository/master/index.xml https://raw.githubusercontent.com/evandor/skysail-framework/master/cnf/releaserepo/index.xml https://raw.githubusercontent.com/evandor/skysail-apps/master/cnf/releaserepo/index.xml http://felix.apache.org/obr/releases.xml'
2016-04-15 10:04:41,537 DEBUG [io.skysail.server.http.HttpServer            ] -   org.apache.felix.log.storeDebug => 'true'
2016-04-15 10:04:41,537 DEBUG [io.skysail.server.http.HttpServer            ] -   os.arch => 'x86_64'
2016-04-15 10:04:41,537 DEBUG [io.skysail.server.http.HttpServer            ] -   os.name => 'Mac OS X'
2016-04-15 10:04:41,537 DEBUG [io.skysail.server.http.HttpServer            ] -   os.version => '10.11.4'
2016-04-15 10:04:41,537 DEBUG [io.skysail.server.http.HttpServer            ] -   path.separator => ':'
2016-04-15 10:04:41,537 DEBUG [io.skysail.server.http.HttpServer            ] -   product.bundle => 'skysail.server.app.demo.it.shiro'
2016-04-15 10:04:41,538 DEBUG [io.skysail.server.http.HttpServer            ] -   socksNonProxyHosts => 'local|*.local|169.254/16|*.169.254/16'
2016-04-15 10:04:41,538 DEBUG [io.skysail.server.http.HttpServer            ] -   sun.arch.data.model => '64'
2016-04-15 10:04:41,538 DEBUG [io.skysail.server.http.HttpServer            ] -   sun.boot.class.path => '/Library/Java/JavaVirtualMachines/jdk1.8.0_74.jdk/Contents/Home/jre/lib/resources.jar:/Library/Java/JavaVirtualMachines/jdk1.8.0_74.jdk/Contents/Home/jre/lib/rt.jar:/Library/Java/JavaVirtualMachines/jdk1.8.0_74.jdk/Contents/Home/jre/lib/sunrsasign.jar:/Library/Java/JavaVirtualMachines/jdk1.8.0_74.jdk/Contents/Home/jre/lib/jsse.jar:/Library/Java/JavaVirtualMachines/jdk1.8.0_74.jdk/Contents/Home/jre/lib/jce.jar:/Library/Java/JavaVirtualMachines/jdk1.8.0_74.jdk/Contents/Home/jre/lib/charsets.jar:/Library/Java/JavaVirtualMachines/jdk1.8.0_74.jdk/Contents/Home/jre/lib/jfr.jar:/Library/Java/JavaVirtualMachines/jdk1.8.0_74.jdk/Contents/Home/jre/classes'
2016-04-15 10:04:41,538 DEBUG [io.skysail.server.http.HttpServer            ] -   sun.boot.library.path => '/Library/Java/JavaVirtualMachines/jdk1.8.0_74.jdk/Contents/Home/jre/lib'
2016-04-15 10:04:41,538 DEBUG [io.skysail.server.http.HttpServer            ] -   sun.cpu.endian => 'little'
2016-04-15 10:04:41,538 DEBUG [io.skysail.server.http.HttpServer            ] -   sun.cpu.isalist => ''
2016-04-15 10:04:41,538 DEBUG [io.skysail.server.http.HttpServer            ] -   sun.io.unicode.encoding => 'UnicodeBig'
2016-04-15 10:04:41,538 DEBUG [io.skysail.server.http.HttpServer            ] -   sun.java.command => 'aQute.launcher.Launcher'
2016-04-15 10:04:41,538 DEBUG [io.skysail.server.http.HttpServer            ] -   sun.java.launcher => 'SUN_STANDARD'
2016-04-15 10:04:41,538 DEBUG [io.skysail.server.http.HttpServer            ] -   sun.jnu.encoding => 'UTF-8'
2016-04-15 10:04:41,538 DEBUG [io.skysail.server.http.HttpServer            ] -   sun.management.compiler => 'HotSpot 64-Bit Tiered Compilers'
2016-04-15 10:04:41,538 DEBUG [io.skysail.server.http.HttpServer            ] -   sun.os.patch.level => 'unknown'
2016-04-15 10:04:41,538 DEBUG [io.skysail.server.http.HttpServer            ] -   tester.continuous => 'false'
2016-04-15 10:04:41,538 DEBUG [io.skysail.server.http.HttpServer            ] -   tester.dir => '/Users/carsten/git/skysail/skysail.server.app.demo.it.shiro/generated/test-results'
2016-04-15 10:04:41,538 DEBUG [io.skysail.server.http.HttpServer            ] -   tester.unresolved => 'true'
2016-04-15 10:04:41,538 DEBUG [io.skysail.server.http.HttpServer            ] -   user.country => 'US'
2016-04-15 10:04:41,538 DEBUG [io.skysail.server.http.HttpServer            ] -   user.country.format => 'DE'
2016-04-15 10:04:41,538 DEBUG [io.skysail.server.http.HttpServer            ] -   user.dir => '/Users/carsten/git/skysail/skysail.server.app.demo.it.shiro'
2016-04-15 10:04:41,538 DEBUG [io.skysail.server.http.HttpServer            ] -   user.home => '/Users/carsten'
2016-04-15 10:04:41,538 DEBUG [io.skysail.server.http.HttpServer            ] -   user.language => 'en'
2016-04-15 10:04:41,538 DEBUG [io.skysail.server.http.HttpServer            ] -   user.name => 'carsten'
2016-04-15 10:04:41,538 DEBUG [io.skysail.server.http.HttpServer            ] -   user.timezone => 'Europe/Berlin'
2016-04-15 10:04:41,560 DEBUG [io.skysail.server.app.SkysailApplication     ] - Instanciating new Skysail ApplicationModel 'WebappApplication'
2016-04-15 10:04:41,560 INFO  [io.skysail.server.app.SkysailApplication     ] - Activating ApplicationModel de.twenty11.skysail.server.webapp.internal.WebappApplication
2016-04-15 10:04:41,561 DEBUG [io.skysail.server.app.ApplicationList        ] - (+ ApplicationModel) (#03) with name 'static'
2016-04-15 10:04:41,589 DEBUG [io.skysail.server.app.SkysailApplication     ] - Instanciating new Skysail ApplicationModel 'I18nApplication'
2016-04-15 10:04:41,591 INFO  [io.skysail.server.app.SkysailApplication     ] - Activating ApplicationModel io.skysail.server.text.store.bundleresource.impl.I18nApplication
2016-04-15 10:04:41,593 DEBUG [io.skysail.server.app.ApplicationList        ] - (+ ApplicationModel) (#04) with name 'i18n'
2016-04-15 10:04:41,655 DEBUG [io.skysail.server.app.SkysailApplication     ] - Instanciating new Skysail ApplicationModel 'SimpleUserManagementApplication'
2016-04-15 10:04:41,656 INFO  [io.skysail.server.app.SkysailApplication     ] - Activating ApplicationModel io.skysail.server.um.simple.app.SimpleUserManagementApplication
2016-04-15 10:04:41,658 INFO  [i.s.s.u.s.FileBasedUserManagementProvider    ] - USER MANAGEMENT PROVIDER: activating provider 'io.skysail.server.um.simple.FileBasedUserManagementProvider'
2016-04-15 10:04:41,673 DEBUG [i.s.s.u.s.a.SkysailHashedCredentialsMatcher  ] - cacheManager set in io.skysail.server.um.simple.authentication.SkysailHashedCredentialsMatcher
2016-04-15 10:04:41,750 DEBUG [org.apache.shiro.realm.AuthorizingRealm      ] - No authorizationCache instance set.  Checking for a cacheManager...
2016-04-15 10:04:41,750 DEBUG [org.apache.shiro.realm.AuthorizingRealm      ] - CacheManager [MemoryConstrainedCacheManager with 0 cache(s)): []] has been configured.  Building authorization cache named [io.skysail.server.um.simple.authorization.SimpleAuthorizingRealm.authorizationCache]
2016-04-15 10:04:41,752 DEBUG [io.skysail.server.http.HttpServer            ] - (+ Converter)   (#06) with name 'io.skysail.server.converter.HtmlConverter'
2016-04-15 10:04:41,757 INFO  [io.skysail.server.app.ServiceList            ] - USER MANAGEMENT PROVIDER: setting provider to 'io.skysail.server.um.simple.FileBasedUserManagementProvider'
2016-04-15 10:04:41,761 DEBUG [io.skysail.server.app.ApplicationList        ] - (+ ApplicationModel) (#05) with name 'usermanagement'
2016-04-15 10:04:41,776 DEBUG [io.skysail.server.app.SkysailApplication     ] - Instanciating new Skysail ApplicationModel 'DemoApplication'
2016-04-15 10:04:41,779 INFO  [io.skysail.server.app.SkysailApplication     ] - Activating ApplicationModel io.skysail.server.app.demo.DemoApplication
2016-04-15 10:04:41,780 DEBUG [io.skysail.server.app.ApplicationList        ] - (+ ApplicationModel) (#06) with name 'demoapp'
2016-04-15 10:04:41,799 DEBUG [i.skysail.server.db.OrientGraphDbService     ] - registering class 'class io.skysail.server.app.demo.Bookmark' @ orientDB
2016-04-15 10:04:41,827 DEBUG [io.skysail.domain.core.Repositories          ] - (+ Repository)  (#02) with name 'io.skysail.server.app.demo.Bookmark'
2016-04-15 10:04:41,893 INFO  [i.s.c.testsupport.TestsupportTestBase        ] - 
2016-04-15 10:04:41,895 INFO  [i.s.c.testsupport.TestsupportTestBase        ] - --------------------------------------------
2016-04-15 10:04:41,897 INFO  [i.s.c.testsupport.TestsupportTestBase        ] -  > TEST: running test 'read_entity_unauthenticated'
2016-04-15 10:04:41,898 INFO  [i.s.c.testsupport.TestsupportTestBase        ] - --------------------------------------------
2016-04-15 10:04:41,900 INFO  [i.s.c.testsupport.TestsupportTestBase        ] - 
2016-04-15 10:04:41,902 INFO  [i.s.c.testsupport.TestsupportTestBase        ] - setting up test case...
2016-04-15 10:04:41,902 INFO  [i.s.c.testsupport.TestsupportTestBase        ] - setting test port to 2018
2016-04-15 10:04:41,904 INFO  [i.s.c.testsupport.ApplicationBrowser         ] -  > TEST: creating new browser client with url 'http://localhost:2018' for Application 'demoapp' and mediaType 'text/html'
2016-04-15 10:04:41,908 INFO  [i.s.s.a.d.i.s.UnprotectedResourceBrowser     ] -  > TEST: getting Entities
2016-04-15 10:04:41,909 INFO  [i.s.client.testsupport.ApplicationClient     ] -  > TEST: issuing GET on 'http://localhost:2018/demoapp/v1/unprotected/times', providing credentials null
2016-04-15 10:04:42,086 INFO  [org.restlet                                  ] - Starting a Jetty HTTP/HTTPS client
2016-04-15 10:04:42,208 INFO  [o.r.S.I.SkysailRootApplication               ] - Starting io.skysail.server.app.SkysailRootApplication application
2016-04-15 10:04:42,211 INFO  [io.skysail.server.app.SkysailApplication     ] - creating new Router in io.skysail.server.app.SkysailRootApplication
2016-04-15 10:04:42,213 INFO  [io.skysail.server.app.SkysailApplication     ] - adding extensions to metadata service
2016-04-15 10:04:42,213 INFO  [io.skysail.server.app.SkysailApplication     ] - adding protocols
2016-04-15 10:04:42,215 DEBUG [io.skysail.server.app.SkysailApplication     ] - attaching application-specific routes
2016-04-15 10:04:42,216 INFO  [d.t.s.server.core.restlet.SkysailRouter      ] - routing path '/' -> 'de.twenty11.skysail.server.resources.DefaultResource'
2016-04-15 10:04:42,216 WARN  [d.t.s.server.core.restlet.SkysailRouter      ] - please use a RouteBuilder to attach this resource: class de.twenty11.skysail.server.resources.DefaultResource
2016-04-15 10:04:42,218 INFO  [d.t.s.server.core.restlet.SkysailRouter      ] - routing path '/_login' -> 'de.twenty11.skysail.server.resources.LoginResource'
2016-04-15 10:04:42,218 WARN  [d.t.s.server.core.restlet.SkysailRouter      ] - please use a RouteBuilder to attach this resource: class de.twenty11.skysail.server.resources.LoginResource
2016-04-15 10:04:42,224 INFO  [d.t.s.server.core.restlet.SkysailRouter      ] - routing path '/_httpbasic' -> SkysailCookieAuthenticator -> RolesPredicateAuthorizer -> Finder -> HttpBasicLoginPage
2016-04-15 10:04:42,305 DEBUG [io.skysail.domain.core.ApplicationModel      ] - adding entity model with id 'de.twenty11.skysail.server.um.domain.Credentials'
2016-04-15 10:04:42,306 INFO  [d.t.s.server.core.restlet.SkysailRouter      ] - routing path '/_httpdigest' -> NeverAuthenticatedAuthenticator -> RolesPredicateAuthorizer -> Finder -> HttpDigestLoginPage
2016-04-15 10:04:42,307 DEBUG [io.skysail.domain.core.ApplicationModel      ] - entity de.twenty11.skysail.server.um.domain.Credentials already exists - not adding to application root
2016-04-15 10:04:42,307 DEBUG [io.skysail.server.app.SkysailApplication     ] - creating tracer...
2016-04-15 10:04:42,308 DEBUG [io.skysail.server.app.SkysailApplication     ] - creating original request filter...
2016-04-15 10:04:42,309 INFO  [o.r.S.InternalRouter.WebappApplication       ] - Starting io.skysail.server.converter.WebappApplication application
2016-04-15 10:04:42,314 INFO  [o.r.S.InternalRouter.WebappApplication       ] - Starting de.twenty11.skysail.server.webapp.internal.WebappApplication application
2016-04-15 10:04:42,316 INFO  [o.r.S.InternalRouter.I18nApplication         ] - Starting io.skysail.server.text.store.bundleresource.impl.I18nApplication application
2016-04-15 10:04:42,317 INFO  [io.skysail.server.app.SkysailApplication     ] - creating new Router in io.skysail.server.text.store.bundleresource.impl.I18nApplication
2016-04-15 10:04:42,317 INFO  [io.skysail.server.app.SkysailApplication     ] - adding extensions to metadata service
2016-04-15 10:04:42,317 INFO  [io.skysail.server.app.SkysailApplication     ] - adding protocols
2016-04-15 10:04:42,317 DEBUG [io.skysail.server.app.SkysailApplication     ] - attaching application-specific routes
2016-04-15 10:04:42,318 INFO  [d.t.s.server.core.restlet.SkysailRouter      ] - routing path '/v1' -> NeverAuthenticatedAuthenticator -> RolesPredicateAuthorizer -> Finder -> I18nRootResource
2016-04-15 10:04:42,322 DEBUG [io.skysail.domain.core.ApplicationModel      ] - adding entity model with id 'io.skysail.domain.Identifiable'
2016-04-15 10:04:42,323 INFO  [d.t.s.server.core.restlet.SkysailRouter      ] - routing path '/v1/messages/' -> NeverAuthenticatedAuthenticator -> RolesPredicateAuthorizer -> Finder -> MessagesResource
2016-04-15 10:04:42,324 DEBUG [io.skysail.domain.core.ApplicationModel      ] - adding entity model with id 'io.skysail.server.text.store.bundleresource.impl.BundleMessages'
2016-04-15 10:04:42,325 INFO  [d.t.s.server.core.restlet.SkysailRouter      ] - routing path '/v1/messages/{key}' -> NeverAuthenticatedAuthenticator -> RolesPredicateAuthorizer -> Finder -> MessageResource
2016-04-15 10:04:42,426 DEBUG [io.skysail.domain.core.ApplicationModel      ] - adding entity model with id 'io.skysail.server.text.store.bundleresource.impl.Message'
2016-04-15 10:04:42,427 INFO  [d.t.s.server.core.restlet.SkysailRouter      ] - routing path '/v1/messages/{key}/' -> NeverAuthenticatedAuthenticator -> RolesPredicateAuthorizer -> Finder -> PutMessageResource
2016-04-15 10:04:42,428 DEBUG [io.skysail.domain.core.ApplicationModel      ] - entity io.skysail.server.text.store.bundleresource.impl.Message already exists - not adding to application i18n
2016-04-15 10:04:42,429 INFO  [d.t.s.server.core.restlet.SkysailRouter      ] - routing path '/v1/messages/{key}/{fieldname}/' -> NeverAuthenticatedAuthenticator -> RolesPredicateAuthorizer -> Finder -> PatchMessageResource
2016-04-15 10:04:42,431 DEBUG [io.skysail.domain.core.ApplicationModel      ] - entity io.skysail.server.text.store.bundleresource.impl.Message already exists - not adding to application i18n
2016-04-15 10:04:42,431 DEBUG [io.skysail.server.app.SkysailApplication     ] - creating tracer...
2016-04-15 10:04:42,431 DEBUG [io.skysail.server.app.SkysailApplication     ] - creating original request filter...
2016-04-15 10:04:42,431 INFO  [o.r.S.I.SimpleUserManagementApplication      ] - Starting io.skysail.server.um.simple.app.SimpleUserManagementApplication application
2016-04-15 10:04:42,432 INFO  [io.skysail.server.app.SkysailApplication     ] - creating new Router in io.skysail.server.um.simple.app.SimpleUserManagementApplication
2016-04-15 10:04:42,432 INFO  [io.skysail.server.app.SkysailApplication     ] - adding extensions to metadata service
2016-04-15 10:04:42,432 INFO  [io.skysail.server.app.SkysailApplication     ] - adding protocols
2016-04-15 10:04:42,432 DEBUG [io.skysail.server.app.SkysailApplication     ] - attaching application-specific routes
2016-04-15 10:04:42,433 WARN  [io.skysail.server.app.SkysailApplication     ] - there are no entities defined for the applicationModel ApplicationModel: usermanagement
Repositories: 
Repositories(repositories={})

2016-04-15 10:04:42,433 DEBUG [i.s.s.u.s.a.SimpleUserManagementApplication  ] - attaching routes to UserManagementApplication #1268786037
2016-04-15 10:04:42,435 INFO  [d.t.s.server.core.restlet.SkysailRouter      ] - routing path '/v1/currentUser' -> 'io.skysail.server.um.simple.app.users.resources.CurrentUserResource'
2016-04-15 10:04:42,435 WARN  [d.t.s.server.core.restlet.SkysailRouter      ] - please use a RouteBuilder to attach this resource: class io.skysail.server.um.simple.app.users.resources.CurrentUserResource
2016-04-15 10:04:42,436 DEBUG [io.skysail.server.app.SkysailApplication     ] - creating tracer...
2016-04-15 10:04:42,436 DEBUG [io.skysail.server.app.SkysailApplication     ] - creating original request filter...
2016-04-15 10:04:42,436 INFO  [o.r.S.InternalRouter.DemoApplication         ] - Starting io.skysail.server.app.demo.DemoApplication application
2016-04-15 10:04:42,437 INFO  [io.skysail.server.app.SkysailApplication     ] - creating new Router in io.skysail.server.app.demo.DemoApplication
2016-04-15 10:04:42,437 INFO  [io.skysail.server.app.SkysailApplication     ] - adding extensions to metadata service
2016-04-15 10:04:42,437 INFO  [io.skysail.server.app.SkysailApplication     ] - adding protocols
2016-04-15 10:04:42,438 DEBUG [io.skysail.server.app.SkysailApplication     ] - attaching application-specific routes
2016-04-15 10:04:42,438 WARN  [io.skysail.server.app.SkysailApplication     ] - there are no entities defined for the applicationModel ApplicationModel: demoapp
Repositories: 
Repositories(repositories={io.skysail.server.app.demo.Bookmark=io.skysail.server.app.demo.DemoRepository@5b446158, io.skysail.server.db.versions.impl.ComponentDbVersion=io.skysail.server.db.versions.impl.VersionsRepository@3f07891d})

2016-04-15 10:04:42,439 INFO  [d.t.s.server.core.restlet.SkysailRouter      ] - routing path '/v1/Timetables/{id}' -> AlwaysAuthenticatedAuthenticator -> RolesPredicateAuthorizer -> Finder -> BookmarkResource
2016-04-15 10:04:42,440 DEBUG [io.skysail.domain.core.ApplicationModel      ] - adding entity model with id 'io.skysail.server.app.demo.Bookmark'
2016-04-15 10:04:42,441 INFO  [d.t.s.server.core.restlet.SkysailRouter      ] - routing path '/v1/Timetables/' -> AlwaysAuthenticatedAuthenticator -> RolesPredicateAuthorizer -> Finder -> PostBookmarkResource
2016-04-15 10:04:42,442 DEBUG [io.skysail.domain.core.ApplicationModel      ] - entity io.skysail.server.app.demo.Bookmark already exists - not adding to application demoapp
2016-04-15 10:04:42,442 INFO  [d.t.s.server.core.restlet.SkysailRouter      ] - routing path '/v1/Timetables/{id}/' -> AlwaysAuthenticatedAuthenticator -> RolesPredicateAuthorizer -> Finder -> PutBookmarkResource
2016-04-15 10:04:42,443 DEBUG [io.skysail.domain.core.ApplicationModel      ] - entity io.skysail.server.app.demo.Bookmark already exists - not adding to application demoapp
2016-04-15 10:04:42,443 INFO  [d.t.s.server.core.restlet.SkysailRouter      ] - routing path '/v1/Timetables' -> AlwaysAuthenticatedAuthenticator -> RolesPredicateAuthorizer -> Finder -> BookmarksResource
2016-04-15 10:04:42,444 DEBUG [io.skysail.domain.core.ApplicationModel      ] - entity io.skysail.server.app.demo.Bookmark already exists - not adding to application demoapp
2016-04-15 10:04:42,445 INFO  [d.t.s.server.core.restlet.SkysailRouter      ] - routing path '/v1' -> AlwaysAuthenticatedAuthenticator -> RolesPredicateAuthorizer -> Finder -> BookmarksResource
2016-04-15 10:04:42,445 DEBUG [io.skysail.domain.core.ApplicationModel      ] - entity io.skysail.server.app.demo.Bookmark already exists - not adding to application demoapp
2016-04-15 10:04:42,446 INFO  [d.t.s.server.core.restlet.SkysailRouter      ] - routing path '/v1/unprotected/times' -> 'io.skysail.server.app.demo.UnprotectedTimesResource'
2016-04-15 10:04:42,446 WARN  [d.t.s.server.core.restlet.SkysailRouter      ] - please use a RouteBuilder to attach this resource: class io.skysail.server.app.demo.UnprotectedTimesResource
2016-04-15 10:04:42,447 INFO  [d.t.s.server.core.restlet.SkysailRouter      ] - routing path '/v1/unprotected/array' -> 'io.skysail.server.app.demo.UnprotectedArrayResource'
2016-04-15 10:04:42,447 WARN  [d.t.s.server.core.restlet.SkysailRouter      ] - please use a RouteBuilder to attach this resource: class io.skysail.server.app.demo.UnprotectedArrayResource
2016-04-15 10:04:42,448 DEBUG [io.skysail.server.app.SkysailApplication     ] - creating tracer...
2016-04-15 10:04:42,448 DEBUG [io.skysail.server.app.SkysailApplication     ] - creating original request filter...
2016-04-15 10:04:42,450 DEBUG [LogService                                   ] - Processing request to: "http://localhost:2018/demoapp/v1/unprotected/times"
2016-04-15 10:04:42,454 DEBUG [o.r.S.InternalRouter.DemoApplication         ] - Selected route: "/v1/unprotected/times" -> Finder for UnprotectedTimesResource
2016-04-15 10:04:42,454 DEBUG [o.r.S.InternalRouter.DemoApplication         ] - New base URI: "http://localhost:2018/demoapp/v1/unprotected/times". No remaining part to match
2016-04-15 10:04:42,474 DEBUG [o.r.S.InternalRouter.DemoApplication         ] - Score of annotation "MethodAnnotationInfo [javaMethod: public io.skysail.api.responses.ListServerResponse io.skysail.server.restlet.resources.ListServerResource.getEntities(org.restlet.representation.Variant), javaClass: class io.skysail.server.app.demo.UnprotectedTimesResource, restletMethod: GET, input: html|json|yaml|xml|csv|timeline|standalone|data, value: html|json|yaml|xml|csv|timeline|standalone|data, output: html|json|yaml|xml|csv|timeline|standalone|data, query: null]"= 0.5
2016-04-15 10:04:42,475 DEBUG [o.r.S.InternalRouter.DemoApplication         ] - Total score of variant "[text/html]"= 0.041791666
2016-04-15 10:04:42,475 DEBUG [o.r.S.InternalRouter.DemoApplication         ] - Score of annotation "MethodAnnotationInfo [javaMethod: public io.skysail.api.responses.ListServerResponse io.skysail.server.restlet.resources.ListServerResource.getEntities(org.restlet.representation.Variant), javaClass: class io.skysail.server.app.demo.UnprotectedTimesResource, restletMethod: GET, input: html|json|yaml|xml|csv|timeline|standalone|data, value: html|json|yaml|xml|csv|timeline|standalone|data, output: html|json|yaml|xml|csv|timeline|standalone|data, query: null]"= 0.5
2016-04-15 10:04:42,475 DEBUG [o.r.S.InternalRouter.DemoApplication         ] - Total score of variant "[application/json]"= 0.16666667
2016-04-15 10:04:42,475 DEBUG [o.r.S.InternalRouter.DemoApplication         ] - Score of annotation "MethodAnnotationInfo [javaMethod: public io.skysail.api.responses.ListServerResponse io.skysail.server.restlet.resources.ListServerResource.getEntities(org.restlet.representation.Variant), javaClass: class io.skysail.server.app.demo.UnprotectedTimesResource, restletMethod: GET, input: html|json|yaml|xml|csv|timeline|standalone|data, value: html|json|yaml|xml|csv|timeline|standalone|data, output: html|json|yaml|xml|csv|timeline|standalone|data, query: null]"= 0.5
2016-04-15 10:04:42,475 DEBUG [o.r.S.InternalRouter.DemoApplication         ] - Total score of variant "[application/x-yaml]"= 0.042416666
2016-04-15 10:04:42,475 DEBUG [o.r.S.InternalRouter.DemoApplication         ] - Score of annotation "MethodAnnotationInfo [javaMethod: public io.skysail.api.responses.ListServerResponse io.skysail.server.restlet.resources.ListServerResource.getEntities(org.restlet.representation.Variant), javaClass: class io.skysail.server.app.demo.UnprotectedTimesResource, restletMethod: GET, input: html|json|yaml|xml|csv|timeline|standalone|data, value: html|json|yaml|xml|csv|timeline|standalone|data, output: html|json|yaml|xml|csv|timeline|standalone|data, query: null]"= 0.5
2016-04-15 10:04:42,475 DEBUG [o.r.S.InternalRouter.DemoApplication         ] - Total score of variant "[text/x-yaml]"= 0.041791666
2016-04-15 10:04:42,475 DEBUG [o.r.S.InternalRouter.DemoApplication         ] - Score of annotation "MethodAnnotationInfo [javaMethod: public io.skysail.api.responses.ListServerResponse io.skysail.server.restlet.resources.ListServerResource.getEntities(org.restlet.representation.Variant), javaClass: class io.skysail.server.app.demo.UnprotectedTimesResource, restletMethod: GET, input: html|json|yaml|xml|csv|timeline|standalone|data, value: html|json|yaml|xml|csv|timeline|standalone|data, output: html|json|yaml|xml|csv|timeline|standalone|data, query: null]"= 0.5
2016-04-15 10:04:42,475 DEBUG [o.r.S.InternalRouter.DemoApplication         ] - Total score of variant "[text/xml]"= 0.041791666
2016-04-15 10:04:42,475 DEBUG [o.r.S.InternalRouter.DemoApplication         ] - Score of annotation "MethodAnnotationInfo [javaMethod: public io.skysail.api.responses.ListServerResponse io.skysail.server.restlet.resources.ListServerResource.getEntities(org.restlet.representation.Variant), javaClass: class io.skysail.server.app.demo.UnprotectedTimesResource, restletMethod: GET, input: html|json|yaml|xml|csv|timeline|standalone|data, value: html|json|yaml|xml|csv|timeline|standalone|data, output: html|json|yaml|xml|csv|timeline|standalone|data, query: null]"= 0.5
2016-04-15 10:04:42,475 DEBUG [o.r.S.InternalRouter.DemoApplication         ] - Total score of variant "[application/xml]"= 0.042416666
2016-04-15 10:04:42,475 DEBUG [o.r.S.InternalRouter.DemoApplication         ] - Score of annotation "MethodAnnotationInfo [javaMethod: public io.skysail.api.responses.ListServerResponse io.skysail.server.restlet.resources.ListServerResource.getEntities(org.restlet.representation.Variant), javaClass: class io.skysail.server.app.demo.UnprotectedTimesResource, restletMethod: GET, input: html|json|yaml|xml|csv|timeline|standalone|data, value: html|json|yaml|xml|csv|timeline|standalone|data, output: html|json|yaml|xml|csv|timeline|standalone|data, query: null]"= 0.5
2016-04-15 10:04:42,475 DEBUG [o.r.S.InternalRouter.DemoApplication         ] - Total score of variant "[text/csv]"= 0.041791666
2016-04-15 10:04:42,475 DEBUG [o.r.S.InternalRouter.DemoApplication         ] - Score of annotation "MethodAnnotationInfo [javaMethod: public io.skysail.api.responses.ListServerResponse io.skysail.server.restlet.resources.ListServerResource.getEntities(org.restlet.representation.Variant), javaClass: class io.skysail.server.app.demo.UnprotectedTimesResource, restletMethod: GET, input: html|json|yaml|xml|csv|timeline|standalone|data, value: html|json|yaml|xml|csv|timeline|standalone|data, output: html|json|yaml|xml|csv|timeline|standalone|data, query: null]"= 0.5
2016-04-15 10:04:42,475 DEBUG [o.r.S.InternalRouter.DemoApplication         ] - Total score of variant "[timeline/*]"= 0.041791666
2016-04-15 10:04:42,476 DEBUG [o.r.S.InternalRouter.DemoApplication         ] - Score of annotation "MethodAnnotationInfo [javaMethod: public io.skysail.api.responses.ListServerResponse io.skysail.server.restlet.resources.ListServerResource.getEntities(org.restlet.representation.Variant), javaClass: class io.skysail.server.app.demo.UnprotectedTimesResource, restletMethod: GET, input: html|json|yaml|xml|csv|timeline|standalone|data, value: html|json|yaml|xml|csv|timeline|standalone|data, output: html|json|yaml|xml|csv|timeline|standalone|data, query: null]"= 0.5
2016-04-15 10:04:42,476 DEBUG [o.r.S.InternalRouter.DemoApplication         ] - Total score of variant "[standalone/*]"= 0.041791666
2016-04-15 10:04:42,476 DEBUG [o.r.S.InternalRouter.DemoApplication         ] - Score of annotation "MethodAnnotationInfo [javaMethod: public io.skysail.api.responses.ListServerResponse io.skysail.server.restlet.resources.ListServerResource.getEntities(org.restlet.representation.Variant), javaClass: class io.skysail.server.app.demo.UnprotectedTimesResource, restletMethod: GET, input: html|json|yaml|xml|csv|timeline|standalone|data, value: html|json|yaml|xml|csv|timeline|standalone|data, output: html|json|yaml|xml|csv|timeline|standalone|data, query: null]"= 0.5
2016-04-15 10:04:42,476 DEBUG [o.r.S.InternalRouter.DemoApplication         ] - Total score of variant "[data/*]"= 0.041791666
2016-04-15 10:04:42,478 INFO  [i.s.s.r.resources.ListServerResource         ] - Request entry point: UnprotectedTimesResource @Get([application/json])
2016-04-15 10:04:42,482 DEBUG [i.s.s.r.filter.ExceptionCatchingFilter       ] - entering ExceptionCatchingFilter#doHandle
2016-04-15 10:04:42,482 DEBUG [i.s.s.r.filter.AbstractResourceFilter        ] - next filter in chain: ExtractStandardQueryParametersResourceFilter
2016-04-15 10:04:42,487 DEBUG [i.s.s.r.filter.AbstractResourceFilter        ] - next filter in chain: DataExtractingFilter
2016-04-15 10:04:42,487 DEBUG [i.s.s.r.filter.DataExtractingFilter          ] - entering DataExtractingFilter#doHandle
2016-04-15 10:04:42,490 DEBUG [i.s.s.r.filter.AbstractResourceFilter        ] - next filter in chain: AddLinkheadersFilter
2016-04-15 10:04:42,490 DEBUG [i.s.s.r.filter.AbstractResourceFilter        ] - next filter in chain: SetExecutionTimeInResponseFilter
2016-04-15 10:04:42,490 DEBUG [i.s.s.r.filter.AbstractResourceFilter        ] - next filter in chain: RedirectFilter
2016-04-15 10:04:42,497 DEBUG [o.r.S.InternalRouter.DemoApplication         ] - Converter selected for ListServerResponse: SkysailJacksonConverter
2016-04-15 10:04:42,519 INFO  [LogService                                   ] - 2016-04-15	10:04:42	127.0.0.1	-	127.0.0.1	2018	GET	/demoapp/v1/unprotected/times	-	200	-	0	69	http://localhost:2018	Restlet-Framework/2.3.4	-
2016-04-15 10:04:42,699 DEBUG [org.restlet                                  ] - The length of the message body is unknown. The entity must be handled carefully and consumed entirely in order to surely release the connection.
2016-04-15 10:04:42,841 INFO  [org.restlet                                  ] - Stopping a Jetty HTTP/HTTPS client
