2016-04-17 15:02:38,122 INFO  [io.skysail.server.app.SkysailApplication     ] - Activating ApplicationModel io.skysail.server.converter.WebappApplication
2016-04-17 15:02:39,817 INFO  [io.skysail.server.http.HttpServer            ] - 
2016-04-17 15:02:39,818 INFO  [io.skysail.server.http.HttpServer            ] - ====================================
2016-04-17 15:02:39,819 INFO  [io.skysail.server.http.HttpServer            ] - Starting skysail server on port 2018
2016-04-17 15:02:39,820 INFO  [io.skysail.server.http.HttpServer            ] - ====================================
2016-04-17 15:02:39,821 INFO  [io.skysail.server.http.HttpServer            ] - 
2016-04-17 15:02:39,878 INFO  [org.restlet                                  ] - Starting the Jetty [HTTP/1.1] server on port 2018
2016-04-17 15:02:39,976 INFO  [io.skysail.server.app.SkysailApplication     ] - Activating ApplicationModel de.twenty11.skysail.server.webapp.internal.WebappApplication
2016-04-17 15:02:40,002 INFO  [io.skysail.server.app.SkysailApplication     ] - Activating ApplicationModel io.skysail.server.text.store.bundleresource.impl.I18nApplication
2016-04-17 15:02:40,037 INFO  [io.skysail.server.app.SkysailApplication     ] - Activating ApplicationModel io.skysail.server.um.simple.app.SimpleUserManagementApplication
2016-04-17 15:02:40,054 INFO  [i.s.s.u.s.FileBasedUserManagementProvider    ] - USER MANAGEMENT PROVIDER: activating provider 'io.skysail.server.um.simple.FileBasedUserManagementProvider'
2016-04-17 15:02:40,130 INFO  [io.skysail.server.app.ServiceList            ] - USER MANAGEMENT PROVIDER: setting provider to 'io.skysail.server.um.simple.FileBasedUserManagementProvider'
2016-04-17 15:02:40,179 INFO  [io.skysail.server.app.SkysailApplication     ] - Activating ApplicationModel io.skysail.server.app.demo.DemoApplication
2016-04-17 15:02:40,445 INFO  [i.s.c.testsupport.TestsupportTestBase        ] - 
2016-04-17 15:02:40,447 INFO  [i.s.c.testsupport.TestsupportTestBase        ] - --------------------------------------------
2016-04-17 15:02:40,448 INFO  [i.s.c.testsupport.TestsupportTestBase        ] -  > TEST: running test 'create_and_read_entity'
2016-04-17 15:02:40,449 INFO  [i.s.c.testsupport.TestsupportTestBase        ] - --------------------------------------------
2016-04-17 15:02:40,450 INFO  [i.s.c.testsupport.TestsupportTestBase        ] - 
2016-04-17 15:02:40,452 INFO  [i.s.c.testsupport.TestsupportTestBase        ] - setting up test case...
2016-04-17 15:02:40,455 INFO  [i.s.c.testsupport.TestsupportTestBase        ] - setting test port to 2018
2016-04-17 15:02:40,457 INFO  [i.s.c.testsupport.ApplicationBrowser         ] -  > TEST: creating new browser client with url 'http://localhost:2018' for Application 'demoapp' and mediaType 'text/html'
2016-04-17 15:02:40,462 INFO  [i.s.server.app.demo.it.BookmarksBrowser      ] -  > TEST: creating new Entity Bookmark(id=null, name=Bookmark_ugghbdtrcpdgs5dsfee9kfjrpq)
2016-04-17 15:02:40,464 INFO  [i.s.c.testsupport.ApplicationBrowser         ] -  > TEST: logging in as user 'admin'
2016-04-17 15:02:40,647 INFO  [org.restlet                                  ] - Starting a Jetty HTTP/HTTPS client
2016-04-17 15:02:40,797 INFO  [o.r.S.I.SkysailRootApplication               ] - Starting io.skysail.server.app.SkysailRootApplication application
2016-04-17 15:02:40,801 INFO  [io.skysail.server.app.SkysailApplication     ] - creating new Router in io.skysail.server.app.SkysailRootApplication
2016-04-17 15:02:40,803 INFO  [io.skysail.server.app.SkysailApplication     ] - adding extensions to metadata service
2016-04-17 15:02:40,804 INFO  [io.skysail.server.app.SkysailApplication     ] - adding protocols
2016-04-17 15:02:40,807 INFO  [d.t.s.server.core.restlet.SkysailRouter      ] - routing path '/' -> 'de.twenty11.skysail.server.resources.DefaultResource'
2016-04-17 15:02:40,808 WARN  [d.t.s.server.core.restlet.SkysailRouter      ] - please use a RouteBuilder to attach this resource: class de.twenty11.skysail.server.resources.DefaultResource
2016-04-17 15:02:40,810 INFO  [d.t.s.server.core.restlet.SkysailRouter      ] - routing path '/_login' -> 'de.twenty11.skysail.server.resources.LoginResource'
2016-04-17 15:02:40,810 WARN  [d.t.s.server.core.restlet.SkysailRouter      ] - please use a RouteBuilder to attach this resource: class de.twenty11.skysail.server.resources.LoginResource
2016-04-17 15:02:40,815 INFO  [i.s.s.security.config.SecurityConfig         ] - matched authenticators against path '/_httpbasic', found 'SkysailCookieAuthenticator'
2016-04-17 15:02:40,816 INFO  [d.t.s.server.core.restlet.SkysailRouter      ] - routing path '/_httpbasic' -> SkysailCookieAuthenticator -> RolesPredicateAuthorizer -> Finder -> HttpBasicLoginPage
2016-04-17 15:02:40,973 INFO  [i.s.s.security.config.SecurityConfig         ] - matched authenticators against path '/_httpdigest', found 'NeverAuthenticatedAuthenticator'
2016-04-17 15:02:40,974 INFO  [d.t.s.server.core.restlet.SkysailRouter      ] - routing path '/_httpdigest' -> NeverAuthenticatedAuthenticator -> RolesPredicateAuthorizer -> Finder -> HttpDigestLoginPage
2016-04-17 15:02:40,976 INFO  [o.r.S.InternalRouter.WebappApplication       ] - Starting io.skysail.server.converter.WebappApplication application
2016-04-17 15:02:40,981 INFO  [o.r.S.InternalRouter.WebappApplication       ] - Starting de.twenty11.skysail.server.webapp.internal.WebappApplication application
2016-04-17 15:02:40,982 INFO  [o.r.S.InternalRouter.I18nApplication         ] - Starting io.skysail.server.text.store.bundleresource.impl.I18nApplication application
2016-04-17 15:02:40,984 INFO  [io.skysail.server.app.SkysailApplication     ] - creating new Router in io.skysail.server.text.store.bundleresource.impl.I18nApplication
2016-04-17 15:02:40,984 INFO  [io.skysail.server.app.SkysailApplication     ] - adding extensions to metadata service
2016-04-17 15:02:40,985 INFO  [io.skysail.server.app.SkysailApplication     ] - adding protocols
2016-04-17 15:02:40,986 INFO  [i.s.s.security.config.SecurityConfig         ] - matched authenticators against path '/v1', found 'NeverAuthenticatedAuthenticator'
2016-04-17 15:02:40,986 INFO  [d.t.s.server.core.restlet.SkysailRouter      ] - routing path '/v1' -> NeverAuthenticatedAuthenticator -> RolesPredicateAuthorizer -> Finder -> I18nRootResource
2016-04-17 15:02:40,991 INFO  [i.s.s.security.config.SecurityConfig         ] - matched authenticators against path '/v1/messages/', found 'NeverAuthenticatedAuthenticator'
2016-04-17 15:02:40,991 INFO  [d.t.s.server.core.restlet.SkysailRouter      ] - routing path '/v1/messages/' -> NeverAuthenticatedAuthenticator -> RolesPredicateAuthorizer -> Finder -> MessagesResource
2016-04-17 15:02:40,995 INFO  [i.s.s.security.config.SecurityConfig         ] - matched authenticators against path '/v1/messages/{key}', found 'NeverAuthenticatedAuthenticator'
2016-04-17 15:02:40,995 INFO  [d.t.s.server.core.restlet.SkysailRouter      ] - routing path '/v1/messages/{key}' -> NeverAuthenticatedAuthenticator -> RolesPredicateAuthorizer -> Finder -> MessageResource
2016-04-17 15:02:41,005 INFO  [i.s.s.security.config.SecurityConfig         ] - matched authenticators against path '/v1/messages/{key}/', found 'NeverAuthenticatedAuthenticator'
2016-04-17 15:02:41,005 INFO  [d.t.s.server.core.restlet.SkysailRouter      ] - routing path '/v1/messages/{key}/' -> NeverAuthenticatedAuthenticator -> RolesPredicateAuthorizer -> Finder -> PutMessageResource
2016-04-17 15:02:41,008 INFO  [i.s.s.security.config.SecurityConfig         ] - matched authenticators against path '/v1/messages/{key}/{fieldname}/', found 'NeverAuthenticatedAuthenticator'
2016-04-17 15:02:41,008 INFO  [d.t.s.server.core.restlet.SkysailRouter      ] - routing path '/v1/messages/{key}/{fieldname}/' -> NeverAuthenticatedAuthenticator -> RolesPredicateAuthorizer -> Finder -> PatchMessageResource
2016-04-17 15:02:41,011 INFO  [o.r.S.I.SimpleUserManagementApplication      ] - Starting io.skysail.server.um.simple.app.SimpleUserManagementApplication application
2016-04-17 15:02:41,018 INFO  [io.skysail.server.app.SkysailApplication     ] - creating new Router in io.skysail.server.um.simple.app.SimpleUserManagementApplication
2016-04-17 15:02:41,019 INFO  [io.skysail.server.app.SkysailApplication     ] - adding extensions to metadata service
2016-04-17 15:02:41,020 INFO  [io.skysail.server.app.SkysailApplication     ] - adding protocols
2016-04-17 15:02:41,022 WARN  [io.skysail.server.app.SkysailApplication     ] - there are no entities defined for the applicationModel ApplicationModel: usermanagement
Repositories: 
Repositories(repositories={})

2016-04-17 15:02:41,026 INFO  [d.t.s.server.core.restlet.SkysailRouter      ] - routing path '/v1/currentUser' -> 'io.skysail.server.um.simple.app.users.resources.CurrentUserResource'
2016-04-17 15:02:41,028 WARN  [d.t.s.server.core.restlet.SkysailRouter      ] - please use a RouteBuilder to attach this resource: class io.skysail.server.um.simple.app.users.resources.CurrentUserResource
2016-04-17 15:02:41,028 INFO  [o.r.S.InternalRouter.DemoApplication         ] - Starting io.skysail.server.app.demo.DemoApplication application
2016-04-17 15:02:41,030 INFO  [io.skysail.server.app.SkysailApplication     ] - creating new Router in io.skysail.server.app.demo.DemoApplication
2016-04-17 15:02:41,030 INFO  [io.skysail.server.app.SkysailApplication     ] - adding extensions to metadata service
2016-04-17 15:02:41,031 INFO  [io.skysail.server.app.SkysailApplication     ] - adding protocols
2016-04-17 15:02:41,032 WARN  [io.skysail.server.app.SkysailApplication     ] - there are no entities defined for the applicationModel ApplicationModel: demoapp
Repositories: 
Repositories(repositories={io.skysail.server.app.demo.Bookmark=io.skysail.server.app.demo.DemoRepository@28381ecf, io.skysail.server.db.versions.impl.ComponentDbVersion=io.skysail.server.db.versions.impl.VersionsRepository@2fd516e7, io.skysail.server.app.demo.timetable.Timetable=io.skysail.server.app.demo.timetable.TimetableRepository@3e3ffa42})

2016-04-17 15:02:41,042 INFO  [i.s.s.security.config.SecurityConfig         ] - matched authenticators against path '/v1/Bookmarks/{id}', found 'SkysailCookieAuthenticator'
2016-04-17 15:02:41,043 INFO  [d.t.s.server.core.restlet.SkysailRouter      ] - routing path '/v1/Bookmarks/{id}' -> SkysailCookieAuthenticator -> RolesPredicateAuthorizer -> Finder -> BookmarkResource
2016-04-17 15:02:41,045 INFO  [i.s.s.security.config.SecurityConfig         ] - matched authenticators against path '/v1/Bookmarks/', found 'SkysailCookieAuthenticator'
2016-04-17 15:02:41,047 INFO  [d.t.s.server.core.restlet.SkysailRouter      ] - routing path '/v1/Bookmarks/' -> SkysailCookieAuthenticator -> RolesPredicateAuthorizer -> Finder -> PostBookmarkResource
2016-04-17 15:02:41,050 INFO  [i.s.s.security.config.SecurityConfig         ] - matched authenticators against path '/v1/Bookmarks/{id}/', found 'SkysailCookieAuthenticator'
2016-04-17 15:02:41,054 INFO  [d.t.s.server.core.restlet.SkysailRouter      ] - routing path '/v1/Bookmarks/{id}/' -> SkysailCookieAuthenticator -> RolesPredicateAuthorizer -> Finder -> PutBookmarkResource
2016-04-17 15:02:41,056 INFO  [i.s.s.security.config.SecurityConfig         ] - matched authenticators against path '/v1/Bookmarks', found 'SkysailCookieAuthenticator'
2016-04-17 15:02:41,056 INFO  [d.t.s.server.core.restlet.SkysailRouter      ] - routing path '/v1/Bookmarks' -> SkysailCookieAuthenticator -> RolesPredicateAuthorizer -> Finder -> BookmarksResource
2016-04-17 15:02:41,058 INFO  [i.s.s.security.config.SecurityConfig         ] - matched authenticators against path '/v1', found 'SkysailCookieAuthenticator'
2016-04-17 15:02:41,058 INFO  [d.t.s.server.core.restlet.SkysailRouter      ] - routing path '/v1' -> SkysailCookieAuthenticator -> RolesPredicateAuthorizer -> Finder -> BookmarksResource
2016-04-17 15:02:41,063 INFO  [d.t.s.server.core.restlet.SkysailRouter      ] - routing path '/v1/unprotected/times' -> 'io.skysail.server.app.demo.UnprotectedTimesResource'
2016-04-17 15:02:41,070 WARN  [d.t.s.server.core.restlet.SkysailRouter      ] - please use a RouteBuilder to attach this resource: class io.skysail.server.app.demo.UnprotectedTimesResource
2016-04-17 15:02:41,081 INFO  [d.t.s.server.core.restlet.SkysailRouter      ] - routing path '/v1/unprotected/array' -> 'io.skysail.server.app.demo.UnprotectedArrayResource'
2016-04-17 15:02:41,082 WARN  [d.t.s.server.core.restlet.SkysailRouter      ] - please use a RouteBuilder to attach this resource: class io.skysail.server.app.demo.UnprotectedArrayResource
2016-04-17 15:02:41,093 INFO  [i.s.s.security.config.SecurityConfig         ] - matched authenticators against path '/v1/Timetables/{id}', found 'SkysailCookieAuthenticator'
2016-04-17 15:02:41,093 INFO  [d.t.s.server.core.restlet.SkysailRouter      ] - routing path '/v1/Timetables/{id}' -> SkysailCookieAuthenticator -> RolesPredicateAuthorizer -> Finder -> TimetableResource
2016-04-17 15:02:41,096 INFO  [i.s.s.security.config.SecurityConfig         ] - matched authenticators against path '/v1/Timetables/', found 'SkysailCookieAuthenticator'
2016-04-17 15:02:41,097 INFO  [d.t.s.server.core.restlet.SkysailRouter      ] - routing path '/v1/Timetables/' -> SkysailCookieAuthenticator -> RolesPredicateAuthorizer -> Finder -> PostTimetableResource
2016-04-17 15:02:41,099 INFO  [i.s.s.security.config.SecurityConfig         ] - matched authenticators against path '/v1/Timetables/{id}/', found 'SkysailCookieAuthenticator'
2016-04-17 15:02:41,101 INFO  [d.t.s.server.core.restlet.SkysailRouter      ] - routing path '/v1/Timetables/{id}/' -> SkysailCookieAuthenticator -> RolesPredicateAuthorizer -> Finder -> PutTimetableResource
2016-04-17 15:02:41,103 INFO  [i.s.s.security.config.SecurityConfig         ] - matched authenticators against path '/v1/Timetables', found 'SkysailCookieAuthenticator'
2016-04-17 15:02:41,104 INFO  [d.t.s.server.core.restlet.SkysailRouter      ] - routing path '/v1/Timetables' -> SkysailCookieAuthenticator -> RolesPredicateAuthorizer -> Finder -> TimetablesResource
2016-04-17 15:02:41,112 INFO  [i.s.s.security.config.SecurityConfig         ] - matched authenticators against path '/v1', found 'SkysailCookieAuthenticator'
2016-04-17 15:02:41,113 INFO  [d.t.s.server.core.restlet.SkysailRouter      ] - routing path '/v1' -> SkysailCookieAuthenticator -> RolesPredicateAuthorizer -> Finder -> TimetablesResource
2016-04-17 15:02:41,114 INFO  [i.s.s.security.config.SecurityConfig         ] - matched authenticators against path '/v1/Timetables/{id}/Courses', found 'SkysailCookieAuthenticator'
2016-04-17 15:02:41,114 INFO  [d.t.s.server.core.restlet.SkysailRouter      ] - routing path '/v1/Timetables/{id}/Courses' -> SkysailCookieAuthenticator -> RolesPredicateAuthorizer -> Finder -> TimetablesCoursesResource
2016-04-17 15:02:41,154 INFO  [i.s.s.security.config.SecurityConfig         ] - matched authenticators against path '/v1/Timetables/{id}/Courses/', found 'SkysailCookieAuthenticator'
2016-04-17 15:02:41,154 INFO  [d.t.s.server.core.restlet.SkysailRouter      ] - routing path '/v1/Timetables/{id}/Courses/' -> SkysailCookieAuthenticator -> RolesPredicateAuthorizer -> Finder -> PostTimetableToNewCourseRelationResource
2016-04-17 15:02:41,160 INFO  [i.s.s.security.config.SecurityConfig         ] - matched authenticators against path '/v1/Timetables/{id}/Courses/{targetId}', found 'SkysailCookieAuthenticator'
2016-04-17 15:02:41,160 INFO  [d.t.s.server.core.restlet.SkysailRouter      ] - routing path '/v1/Timetables/{id}/Courses/{targetId}' -> SkysailCookieAuthenticator -> RolesPredicateAuthorizer -> Finder -> TimetablesCourseResource
2016-04-17 15:02:41,162 INFO  [i.s.s.security.config.SecurityConfig         ] - matched authenticators against path '/v1/Courses/{id}', found 'SkysailCookieAuthenticator'
2016-04-17 15:02:41,162 INFO  [d.t.s.server.core.restlet.SkysailRouter      ] - routing path '/v1/Courses/{id}' -> SkysailCookieAuthenticator -> RolesPredicateAuthorizer -> Finder -> CourseResourceGen
2016-04-17 15:02:41,164 INFO  [i.s.s.security.config.SecurityConfig         ] - matched authenticators against path '/v1/Courses/{id}/', found 'SkysailCookieAuthenticator'
2016-04-17 15:02:41,164 INFO  [d.t.s.server.core.restlet.SkysailRouter      ] - routing path '/v1/Courses/{id}/' -> SkysailCookieAuthenticator -> RolesPredicateAuthorizer -> Finder -> PutCourseResourceGen
2016-04-17 15:02:41,221 INFO  [LogService                                   ] - 2016-04-17	15:02:41	127.0.0.1	-	127.0.0.1	2018	GET	/_logout	targetUri=/	303	0	0	53	http://localhost:2018	Restlet-Framework/2.3.4	-
2016-04-17 15:02:41,436 INFO  [i.s.s.r.resources.ListServerResource         ] - Request entry point: DefaultResource @Get([application/json])
2016-04-17 15:02:41,468 INFO  [LogService                                   ] - 2016-04-17	15:02:41	127.0.0.1	-	127.0.0.1	2018	GET	/	-	200	-	0	233	http://localhost:2018	Jetty/9.2.11.v20150529,Restlet-Framework/2.3.4	-
2016-04-17 15:02:41,535 INFO  [org.restlet                                  ] - Starting a Jetty HTTP/HTTPS client
2016-04-17 15:02:42,029 INFO  [i.s.s.u.s.a.SkysailHashedCredentialsMatcher  ] - added entry $2a$12$52R8v2QH3vQRz8NcdtOm5.HhE5tFPZ0T/.MpfUa9rBzOugK.btAHS to credentials hash cache with current timestamp, size now is 1
2016-04-17 15:02:42,189 INFO  [i.s.s.r.r.PostEntityServerResource           ] - Request entry point: LoginResource @Post('x-www-form-urlencoded:html|json|xml')
2016-04-17 15:02:42,189 INFO  [i.s.s.r.r.PostEntityServerResource           ] - calling post(Form), media types '[text/html:1.0]'
2016-04-17 15:02:42,443 INFO  [i.s.s.stringtemplate.STGroupBundleDir        ] - found resource in skysail.server.converter: bundle://82.0:1/templates/bootstrap/index.st
2016-04-17 15:02:42,808 INFO  [i.s.s.stringtemplate.STGroupBundleDir        ] - found resource in skysail.server.converter: bundle://82.0:1/templates/bootstrap/contentHeader.st
2016-04-17 15:02:42,873 INFO  [LogService                                   ] - 2016-04-17	15:02:42	127.0.0.1	admin	127.0.0.1	2018	POST	/_login	-	303	-	31	1329	http://localhost:2018	Restlet-Framework/2.3.4	-
2016-04-17 15:02:42,890 INFO  [i.s.s.r.resources.ListServerResource         ] - Request entry point: DefaultResource @Get([text/html])
2016-04-17 15:02:42,909 INFO  [i.s.s.stringtemplate.STGroupBundleDir        ] - found resource in skysail.server: bundle://81.0:1/templates/de/twenty11/skysail/server/resources/DefaultResourceStg/index.st
2016-04-17 15:02:43,170 INFO  [i.s.s.stringtemplate.STGroupBundleDir        ] - found resource in skysail.server.converter: bundle://82.0:1/templates/bootstrap/contentHeader.st
2016-04-17 15:02:43,240 INFO  [LogService                                   ] - 2016-04-17	15:02:43	127.0.0.1	admin	127.0.0.1	2018	GET	/	msgIds=0	200	-	0	360	http://localhost:2018	Jetty/9.2.11.v20150529,Restlet-Framework/2.3.4	-
2016-04-17 15:02:43,247 INFO  [org.restlet                                  ] - Starting a Jetty HTTP/HTTPS client
2016-04-17 15:02:43,658 INFO  [i.s.s.r.resources.ListServerResource         ] - Request entry point: DefaultResource @Get([text/html])
2016-04-17 15:02:43,665 INFO  [i.s.s.stringtemplate.STGroupBundleDir        ] - found resource in skysail.server: bundle://81.0:1/templates/de/twenty11/skysail/server/resources/DefaultResourceStg/index.st
2016-04-17 15:02:43,716 INFO  [org.restlet                                  ] - Stopping a Jetty HTTP/HTTPS client
2016-04-17 15:02:43,895 INFO  [i.s.s.stringtemplate.STGroupBundleDir        ] - found resource in skysail.server.converter: bundle://82.0:1/templates/bootstrap/contentHeader.st
2016-04-17 15:02:43,928 INFO  [LogService                                   ] - 2016-04-17	15:02:43	127.0.0.1	admin	127.0.0.1	2018	GET	/	-	200	-	0	276	http://localhost:2018	Restlet-Framework/2.3.4	-
2016-04-17 15:02:43,933 INFO  [i.s.client.testsupport.ApplicationClient     ] -  > TEST: issuing GET on 'http://localhost:2018/', providing credentials K9cxH1AKmBwm2vUBxPcbJ4gYUkXdY+cZ3Grd5q1E7bCOtW6fnmWqIbaChPIEV7eX
2016-04-17 15:02:43,938 INFO  [org.restlet                                  ] - Starting a Jetty HTTP/HTTPS client
2016-04-17 15:02:43,957 INFO  [i.s.s.r.resources.ListServerResource         ] - Request entry point: DefaultResource @Get([application/json])
2016-04-17 15:02:43,958 INFO  [LogService                                   ] - 2016-04-17	15:02:43	127.0.0.1	admin	127.0.0.1	2018	GET	/	-	200	-	0	7	http://localhost:2018	Restlet-Framework/2.3.4	-
2016-04-17 15:02:43,969 INFO  [org.restlet                                  ] - Starting a Jetty HTTP/HTTPS client
2016-04-17 15:02:43,982 INFO  [i.s.s.r.resources.ListServerResource         ] - Request entry point: BookmarksResource @Get([application/json])
2016-04-17 15:02:44,027 WARN  [io.skysail.server.utils.LinkUtils            ] - problem with linkheader for resource RamlClientResource; no routeBuilder was found.
2016-04-17 15:02:44,029 INFO  [LogService                                   ] - 2016-04-17	15:02:44	127.0.0.1	admin	127.0.0.1	2018	GET	/demoapp/v1	-	200	-	0	54	http://localhost:2018	Restlet-Framework/2.3.4	-
2016-04-17 15:02:44,039 INFO  [org.restlet                                  ] - Starting a Jetty HTTP/HTTPS client
2016-04-17 15:02:44,051 INFO  [i.s.s.r.r.PostEntityServerResource           ] - Request entry point: PostBookmarkResource @Get('json')
2016-04-17 15:02:44,053 INFO  [LogService                                   ] - 2016-04-17	15:02:44	127.0.0.1	admin	127.0.0.1	2018	GET	/demoapp/v1/Bookmarks/	-	200	-	0	8	http://localhost:2018	Restlet-Framework/2.3.4	-
2016-04-17 15:02:44,057 INFO  [i.s.client.testsupport.ApplicationClient     ] -  > TEST: issuing POST on 'http://localhost:2018/demoapp/v1/Bookmarks/', providing credentials K9cxH1AKmBwm2vUBxPcbJ4gYUkXdY+cZ3Grd5q1E7bCOtW6fnmWqIbaChPIEV7eX
2016-04-17 15:02:44,062 INFO  [org.restlet                                  ] - Starting a Jetty HTTP/HTTPS client
2016-04-17 15:02:44,073 INFO  [i.s.s.r.r.PostEntityServerResource           ] - Request entry point: PostBookmarkResource @Post('x-www-form-urlencoded:html|json|xml')
2016-04-17 15:02:44,073 INFO  [i.s.s.r.r.PostEntityServerResource           ] - calling post(Form), media types '[application/json:1.0]'
2016-04-17 15:02:44,173 INFO  [i.s.s.stringtemplate.STGroupBundleDir        ] - found resource in skysail.server.converter: bundle://82.0:1/templates/bootstrap/index.st
2016-04-17 15:02:44,373 INFO  [i.s.s.stringtemplate.STGroupBundleDir        ] - found resource in skysail.server.converter: bundle://82.0:1/templates/bootstrap/contentHeader.st
2016-04-17 15:02:44,434 INFO  [LogService                                   ] - 2016-04-17	15:02:44	127.0.0.1	admin	127.0.0.1	2018	POST	/v1/Bookmarks/v%28io_skysail_server_app_demo_Bookmark%29%5B14%3A0%5D	-	201	-	40	368	http://localhost:2018	Restlet-Framework/2.3.4	-
2016-04-17 15:02:44,440 INFO  [i.s.server.app.demo.it.BookmarksBrowser      ] -  > TEST: getting Entities
2016-04-17 15:02:44,440 INFO  [i.s.c.testsupport.ApplicationBrowser         ] -  > TEST: logging in as user 'admin'
2016-04-17 15:02:44,442 INFO  [org.restlet                                  ] - Starting a Jetty HTTP/HTTPS client
2016-04-17 15:02:44,448 INFO  [LogService                                   ] - 2016-04-17	15:02:44	127.0.0.1	-	127.0.0.1	2018	GET	/_logout	targetUri=/	303	0	0	1	http://localhost:2018	Restlet-Framework/2.3.4	-
2016-04-17 15:02:44,454 INFO  [i.s.s.r.resources.ListServerResource         ] - Request entry point: DefaultResource @Get([application/json])
2016-04-17 15:02:44,455 INFO  [LogService                                   ] - 2016-04-17	15:02:44	127.0.0.1	-	127.0.0.1	2018	GET	/	-	200	-	0	4	http://localhost:2018	Jetty/9.2.11.v20150529,Restlet-Framework/2.3.4	-
2016-04-17 15:02:44,459 INFO  [org.restlet                                  ] - Starting a Jetty HTTP/HTTPS client
2016-04-17 15:02:44,874 INFO  [i.s.s.u.s.a.SkysailHashedCredentialsMatcher  ] - added entry $2a$12$52R8v2QH3vQRz8NcdtOm5.HhE5tFPZ0T/.MpfUa9rBzOugK.btAHS to credentials hash cache with current timestamp, size now is 1
2016-04-17 15:02:44,876 INFO  [i.s.s.r.r.PostEntityServerResource           ] - Request entry point: LoginResource @Post('x-www-form-urlencoded:html|json|xml')
2016-04-17 15:02:44,876 INFO  [i.s.s.r.r.PostEntityServerResource           ] - calling post(Form), media types '[text/html:1.0]'
2016-04-17 15:02:44,886 INFO  [i.s.s.stringtemplate.STGroupBundleDir        ] - found resource in skysail.server.converter: bundle://82.0:1/templates/bootstrap/index.st
2016-04-17 15:02:45,062 INFO  [i.s.s.stringtemplate.STGroupBundleDir        ] - found resource in skysail.server.converter: bundle://82.0:1/templates/bootstrap/contentHeader.st
2016-04-17 15:02:45,082 INFO  [LogService                                   ] - 2016-04-17	15:02:45	127.0.0.1	admin	127.0.0.1	2018	POST	/_login	-	303	-	31	619	http://localhost:2018	Restlet-Framework/2.3.4	-
2016-04-17 15:02:45,093 INFO  [i.s.s.r.resources.ListServerResource         ] - Request entry point: DefaultResource @Get([text/html])
2016-04-17 15:02:45,100 INFO  [i.s.s.stringtemplate.STGroupBundleDir        ] - found resource in skysail.server: bundle://81.0:1/templates/de/twenty11/skysail/server/resources/DefaultResourceStg/index.st
2016-04-17 15:02:45,267 INFO  [org.restlet                                  ] - Stopping a Jetty HTTP/HTTPS client
2016-04-17 15:02:45,275 INFO  [org.restlet                                  ] - Stopping a Jetty HTTP/HTTPS client
2016-04-17 15:02:45,282 INFO  [org.restlet                                  ] - Stopping a Jetty HTTP/HTTPS client
2016-04-17 15:02:45,285 INFO  [org.restlet                                  ] - Stopping a Jetty HTTP/HTTPS client
2016-04-17 15:02:45,287 INFO  [org.restlet                                  ] - Stopping a Jetty HTTP/HTTPS client
2016-04-17 15:02:45,314 INFO  [i.s.s.stringtemplate.STGroupBundleDir        ] - found resource in skysail.server.converter: bundle://82.0:1/templates/bootstrap/contentHeader.st
2016-04-17 15:02:45,354 INFO  [LogService                                   ] - 2016-04-17	15:02:45	127.0.0.1	admin	127.0.0.1	2018	GET	/	msgIds=2	200	-	0	266	http://localhost:2018	Jetty/9.2.11.v20150529,Restlet-Framework/2.3.4	-
2016-04-17 15:02:45,359 INFO  [org.restlet                                  ] - Starting a Jetty HTTP/HTTPS client
2016-04-17 15:02:45,367 INFO  [i.s.s.r.resources.ListServerResource         ] - Request entry point: DefaultResource @Get([text/html])
2016-04-17 15:02:45,372 INFO  [i.s.s.stringtemplate.STGroupBundleDir        ] - found resource in skysail.server: bundle://81.0:1/templates/de/twenty11/skysail/server/resources/DefaultResourceStg/index.st
2016-04-17 15:02:45,530 INFO  [i.s.s.stringtemplate.STGroupBundleDir        ] - found resource in skysail.server.converter: bundle://82.0:1/templates/bootstrap/contentHeader.st
2016-04-17 15:02:45,547 INFO  [LogService                                   ] - 2016-04-17	15:02:45	127.0.0.1	admin	127.0.0.1	2018	GET	/	-	200	-	0	183	http://localhost:2018	Restlet-Framework/2.3.4	-
2016-04-17 15:02:45,550 INFO  [i.s.client.testsupport.ApplicationClient     ] -  > TEST: issuing GET on 'http://localhost:2018/', providing credentials jdL4LD/cCVaOEEgc3uMy74gYUkXdY+cZ3Grd5q1E7bCOtW6fnmWqIbaChPIEV7eX
2016-04-17 15:02:45,551 INFO  [org.restlet                                  ] - Starting a Jetty HTTP/HTTPS client
2016-04-17 15:02:45,559 INFO  [i.s.s.r.resources.ListServerResource         ] - Request entry point: DefaultResource @Get([application/json])
2016-04-17 15:02:45,560 INFO  [LogService                                   ] - 2016-04-17	15:02:45	127.0.0.1	admin	127.0.0.1	2018	GET	/	-	200	-	0	5	http://localhost:2018	Restlet-Framework/2.3.4	-
2016-04-17 15:02:45,565 INFO  [org.restlet                                  ] - Starting a Jetty HTTP/HTTPS client
2016-04-17 15:02:45,594 INFO  [i.s.s.r.resources.ListServerResource         ] - Request entry point: BookmarksResource @Get([application/json])
2016-04-17 15:02:45,614 WARN  [io.skysail.server.utils.LinkUtils            ] - problem with linkheader for resource RamlClientResource; no routeBuilder was found.
2016-04-17 15:02:45,622 INFO  [LogService                                   ] - 2016-04-17	15:02:45	127.0.0.1	admin	127.0.0.1	2018	GET	/demoapp/v1	-	200	-	0	44	http://localhost:2018	Restlet-Framework/2.3.4	-
2016-04-17 15:02:45,628 INFO  [i.s.c.testsupport.TestsupportTestBase        ] - 
2016-04-17 15:02:45,628 INFO  [i.s.c.testsupport.TestsupportTestBase        ] - --------------------------------------------
2016-04-17 15:02:45,628 INFO  [i.s.c.testsupport.TestsupportTestBase        ] -  > TEST: running test 'read_entity_unauthenticated'
2016-04-17 15:02:45,628 INFO  [i.s.c.testsupport.TestsupportTestBase        ] - --------------------------------------------
2016-04-17 15:02:45,628 INFO  [i.s.c.testsupport.TestsupportTestBase        ] - 
2016-04-17 15:02:45,629 INFO  [i.s.c.testsupport.TestsupportTestBase        ] - setting up test case...
2016-04-17 15:02:45,629 INFO  [i.s.c.testsupport.TestsupportTestBase        ] - setting test port to 2018
2016-04-17 15:02:45,629 INFO  [i.s.c.testsupport.ApplicationBrowser         ] -  > TEST: creating new browser client with url 'http://localhost:2018' for Application 'demoapp' and mediaType 'text/html'
2016-04-17 15:02:45,629 INFO  [i.s.s.a.d.i.s.UnprotectedResourceBrowser     ] -  > TEST: getting Entities
2016-04-17 15:02:45,629 INFO  [i.s.client.testsupport.ApplicationClient     ] -  > TEST: issuing GET on 'http://localhost:2018/demoapp/v1/unprotected/times', providing credentials null
2016-04-17 15:02:45,633 INFO  [org.restlet                                  ] - Starting a Jetty HTTP/HTTPS client
2016-04-17 15:02:45,639 INFO  [i.s.s.r.resources.ListServerResource         ] - Request entry point: UnprotectedTimesResource @Get([application/json])
2016-04-17 15:02:45,640 INFO  [LogService                                   ] - 2016-04-17	15:02:45	127.0.0.1	-	127.0.0.1	2018	GET	/demoapp/v1/unprotected/times	-	200	-	0	3	http://localhost:2018	Restlet-Framework/2.3.4	-
2016-04-17 15:02:45,867 INFO  [org.restlet                                  ] - Stopping a Jetty HTTP/HTTPS client
