INFO  io.skysail.server.app.ApplicationList - (+ ApplicationModel) (#01) with name 'root'
INFO  io.skysail.server.app.ApplicationList - (+ ApplicationModel) (#02) with name 'webapp'
INFO  io.skysail.server.http.HttpServer - 
INFO  io.skysail.server.http.HttpServer - ====================================
INFO  io.skysail.server.http.HttpServer - Starting skysail server on port 2015
INFO  io.skysail.server.http.HttpServer - ====================================
INFO  io.skysail.server.http.HttpServer - 
INFO  org.eclipse.jetty.util.log - Logging initialized @4453ms
INFO  org.restlet - Starting the Jetty [HTTP/1.1] server on port 2015
INFO  org.eclipse.jetty.server.Server - jetty-9.2.11.v20150529
INFO  org.eclipse.jetty.server.ServerConnector - Started ServerConnector@211eb688{HTTP/1.1}{0.0.0.0:2015}
INFO  org.eclipse.jetty.server.Server - Started @4600ms
INFO  io.skysail.server.app.ApplicationList - (+ ApplicationModel) (#03) with name 'static'
INFO  io.skysail.server.app.ApplicationList - (+ ApplicationModel) (#04) with name 'i18n'
WARN  i.s.s.u.r.filebased.FilebasedUserManagementRepository - no users are defined
INFO  io.skysail.server.app.ApplicationList - (+ ApplicationModel) (#05) with name 'io.skysail.server.um.shiro.app.ShiroUmApplication'
INFO  i.s.server.um.shiro.ShiroBasedUserManagementProvider - USER MANAGEMENT PROVIDER: activating provider 'io.skysail.server.um.shiro.ShiroBasedUserManagementProvider'
INFO  io.skysail.server.app.ServiceList - USER MANAGEMENT PROVIDER: setting provider to 'io.skysail.server.um.shiro.ShiroBasedUserManagementProvider'
INFO  io.skysail.server.app.ApplicationList - (+ ApplicationModel) (#06) with name 'pact'
INFO  o.r.S.InternalRouter.SkysailRootApplication - Starting io.skysail.server.app.SkysailRootApplication application
INFO  io.skysail.server.app.SkysailApplication - creating new Router in io.skysail.server.app.SkysailRootApplication
INFO  io.skysail.server.app.SkysailApplication - adding extensions to metadata service
INFO  io.skysail.server.app.SkysailApplication - adding protocols
INFO  io.skysail.server.restlet.SkysailRouter - routing path '/root/' -> AlwaysAuthenticatedAuthenticator -> RolesPredicateAuthorizer -> Finder -> DefaultResource
INFO  io.skysail.server.restlet.SkysailRouter - routing path '/root/_login' -> AlwaysAuthenticatedAuthenticator -> RolesPredicateAuthorizer -> Finder -> LoginResource
INFO  io.skysail.server.restlet.SkysailRouter - routing path '/root/_logout' -> AlwaysAuthenticatedAuthenticator -> RolesPredicateAuthorizer -> Finder -> LogoutResource
INFO  io.skysail.server.restlet.SkysailRouter - routing path '/root/_profile' -> AlwaysAuthenticatedAuthenticator -> RolesPredicateAuthorizer -> Finder -> ProfileResource
INFO  o.r.SkysailComponent.InternalRouter.WebappApplication - Starting io.skysail.server.converter.WebappApplication application
INFO  o.r.SkysailComponent.InternalRouter.WebappApplication - Starting de.twenty11.skysail.server.webapp.internal.WebappApplication application
INFO  o.r.SkysailComponent.InternalRouter.I18nApplication - Starting io.skysail.server.text.store.bundleresource.impl.I18nApplication application
INFO  io.skysail.server.app.SkysailApplication - creating new Router in io.skysail.server.text.store.bundleresource.impl.I18nApplication
INFO  io.skysail.server.app.SkysailApplication - adding extensions to metadata service
INFO  io.skysail.server.app.SkysailApplication - adding protocols
INFO  io.skysail.server.restlet.SkysailRouter - routing path '/i18n/v1' -> SkysailCookieAuthenticator -> RolesPredicateAuthorizer -> Finder -> I18nRootResource
INFO  io.skysail.server.restlet.SkysailRouter - routing path '/i18n/v1/messages/' -> SkysailCookieAuthenticator -> RolesPredicateAuthorizer -> Finder -> MessagesResource
INFO  io.skysail.server.restlet.SkysailRouter - routing path '/i18n/v1/messages/{key}' -> SkysailCookieAuthenticator -> RolesPredicateAuthorizer -> Finder -> MessageResource
INFO  io.skysail.server.restlet.SkysailRouter - routing path '/i18n/v1/messages/{key}/' -> SkysailCookieAuthenticator -> RolesPredicateAuthorizer -> Finder -> PutMessageResource
INFO  io.skysail.server.restlet.SkysailRouter - routing path '/i18n/v1/messages/{key}/{fieldname}/' -> SkysailCookieAuthenticator -> RolesPredicateAuthorizer -> Finder -> PatchMessageResource
INFO  o.r.SkysailComponent.InternalRouter.ShiroUmApplication - Starting io.skysail.server.um.shiro.app.ShiroUmApplication application
INFO  io.skysail.server.app.SkysailApplication - creating new Router in io.skysail.server.um.shiro.app.ShiroUmApplication
INFO  io.skysail.server.app.SkysailApplication - adding extensions to metadata service
INFO  io.skysail.server.app.SkysailApplication - adding protocols
INFO  io.skysail.server.restlet.SkysailRouter - routing path '/io.skysail.server.um.shiro.app.ShiroUmApplication/v1/_login' -> AlwaysAuthenticatedAuthenticator -> RolesPredicateAuthorizer -> Finder -> LoginResource
INFO  io.skysail.server.restlet.SkysailRouter - routing path '/io.skysail.server.um.shiro.app.ShiroUmApplication/v1/currentUser' -> NeverAuthenticatedAuthenticator -> RolesPredicateAuthorizer -> Finder -> CurrentUserResource
INFO  o.r.SkysailComponent.InternalRouter.PactApplication - Starting skysail.server.app.pact.PactApplication application
INFO  io.skysail.server.app.SkysailApplication - creating new Router in skysail.server.app.pact.PactApplication
INFO  io.skysail.server.app.SkysailApplication - adding extensions to metadata service
INFO  io.skysail.server.app.SkysailApplication - adding protocols
WARN  io.skysail.server.app.SkysailApplication - there are no entities defined for the applicationModel JavaApplicationModel: pact
Repositories: 
Repositories(repositories={io.skysail.server.db.versions.impl.ComponentDbVersion=io.skysail.server.db.versions.impl.VersionsRepository@27edc359, skysail.server.app.pact.Pact=skysail.server.app.pact.PactRepository@264fdb3c})

INFO  i.s.server.um.shiro.ShiroBasedUserManagementProvider - user admin was not found in the user repository
ERROR i.s.s.um.shiro.authentication.SimpleDelegatingVerifier - AuthenticationException 'Authentication failed for token submission [org.apache.shiro.authc.UsernamePasswordToken - admin, rememberMe=false].  Possible unexpected error? (Typical or expected login exceptions should extend from AuthenticationException).' when login in admin
org.apache.shiro.authc.AuthenticationException: Authentication failed for token submission [org.apache.shiro.authc.UsernamePasswordToken - admin, rememberMe=false].  Possible unexpected error? (Typical or expected login exceptions should extend from AuthenticationException).
	at org.apache.shiro.authc.AbstractAuthenticator.authenticate(AbstractAuthenticator.java:214) ~[na:na]
	at org.apache.shiro.mgt.AuthenticatingSecurityManager.authenticate(AuthenticatingSecurityManager.java:106) ~[na:na]
	at org.apache.shiro.mgt.DefaultSecurityManager.login(DefaultSecurityManager.java:270) ~[na:na]
	at org.apache.shiro.subject.support.DelegatingSubject.login(DelegatingSubject.java:256) ~[na:na]
	at io.skysail.server.um.shiro.authentication.SimpleDelegatingVerifier.verify(SimpleDelegatingVerifier.java:29) ~[na:na]
	at org.restlet.security.SecretVerifier.verify(SecretVerifier.java:132) [org.restlet.jar:na]
	at org.restlet.security.ChallengeAuthenticator.authenticate(ChallengeAuthenticator.java:152) [org.restlet.jar:na]
	at org.restlet.ext.crypto.CookieAuthenticator.authenticate(CookieAuthenticator.java:197) [org.restlet.ext.crypto.jar:na]
	at io.skysail.server.um.shiro.authentication.SkysailCookieAuthenticator.authenticate(SkysailCookieAuthenticator.java:78) [skysail.server.um.shiro.jar:na]
	at org.restlet.security.Authenticator.beforeHandle(Authenticator.java:193) [org.restlet.jar:na]
	at org.restlet.ext.crypto.CookieAuthenticator.beforeHandle(CookieAuthenticator.java:231) [org.restlet.ext.crypto.jar:na]
	at org.restlet.routing.Filter.handle(Filter.java:195) [org.restlet.jar:na]
	at org.restlet.routing.Filter.doHandle(Filter.java:150) [org.restlet.jar:na]
	at org.restlet.routing.Filter.handle(Filter.java:197) [org.restlet.jar:na]
	at org.restlet.routing.Filter.doHandle(Filter.java:150) [org.restlet.jar:na]
	at org.restlet.routing.Filter.handle(Filter.java:197) [org.restlet.jar:na]
	at org.restlet.routing.Filter.doHandle(Filter.java:150) [org.restlet.jar:na]
	at org.restlet.routing.Filter.handle(Filter.java:197) [org.restlet.jar:na]
	at org.restlet.routing.Filter.doHandle(Filter.java:150) [org.restlet.jar:na]
	at org.restlet.engine.application.StatusFilter.doHandle(StatusFilter.java:140) [org.restlet.jar:na]
	at org.restlet.routing.Filter.handle(Filter.java:197) [org.restlet.jar:na]
	at org.restlet.routing.Filter.doHandle(Filter.java:150) [org.restlet.jar:na]
	at org.restlet.routing.Filter.handle(Filter.java:197) [org.restlet.jar:na]
	at org.restlet.engine.CompositeHelper.handle(CompositeHelper.java:202) [org.restlet.jar:na]
	at org.restlet.engine.application.ApplicationHelper.handle(ApplicationHelper.java:75) [org.restlet.jar:na]
	at org.restlet.Application.handle(Application.java:385) [org.restlet.jar:na]
	at org.restlet.routing.Filter.doHandle(Filter.java:150) [org.restlet.jar:na]
	at org.restlet.routing.Filter.handle(Filter.java:197) [org.restlet.jar:na]
	at org.restlet.routing.Router.doHandle(Router.java:422) [org.restlet.jar:na]
	at org.restlet.routing.Router.handle(Router.java:639) [org.restlet.jar:na]
	at org.restlet.routing.Filter.doHandle(Filter.java:150) [org.restlet.jar:na]
	at org.restlet.routing.Filter.handle(Filter.java:197) [org.restlet.jar:na]
	at org.restlet.routing.Router.doHandle(Router.java:422) [org.restlet.jar:na]
	at org.restlet.routing.Router.handle(Router.java:639) [org.restlet.jar:na]
	at org.restlet.routing.Filter.doHandle(Filter.java:150) [org.restlet.jar:na]
	at org.restlet.engine.application.StatusFilter.doHandle(StatusFilter.java:140) [org.restlet.jar:na]
	at org.restlet.routing.Filter.handle(Filter.java:197) [org.restlet.jar:na]
	at org.restlet.routing.Filter.doHandle(Filter.java:150) [org.restlet.jar:na]
	at org.restlet.routing.Filter.handle(Filter.java:197) [org.restlet.jar:na]
	at org.restlet.engine.CompositeHelper.handle(CompositeHelper.java:202) [org.restlet.jar:na]
	at org.restlet.Component.handle(Component.java:408) [org.restlet.jar:na]
	at org.restlet.Server.handle(Server.java:507) [org.restlet.jar:na]
	at org.restlet.engine.connector.ServerHelper.handle(ServerHelper.java:63) [org.restlet.jar:na]
	at org.restlet.engine.adapter.HttpServerHelper.handle(HttpServerHelper.java:143) [org.restlet.jar:na]
	at org.restlet.ext.jetty.JettyServerHelper$WrappedServer.handle(JettyServerHelper.java:273) [org.restlet.ext.jetty.jar:na]
	at org.eclipse.jetty.server.HttpChannel.handle(HttpChannel.java:310) [jetty-server-9.2.11.v20150529.jar:9.2.11.v20150529]
	at org.eclipse.jetty.server.HttpConnection.onFillable(HttpConnection.java:257) [jetty-server-9.2.11.v20150529.jar:9.2.11.v20150529]
	at org.eclipse.jetty.io.AbstractConnection$2.run(AbstractConnection.java:540) [jetty-io-9.2.11.v20150529.jar:9.2.11.v20150529]
	at org.eclipse.jetty.util.thread.QueuedThreadPool.runJob(QueuedThreadPool.java:635) [jetty-util-9.2.11.v20150529.jar:9.2.11.v20150529]
	at org.eclipse.jetty.util.thread.QueuedThreadPool$3.run(QueuedThreadPool.java:555) [jetty-util-9.2.11.v20150529.jar:9.2.11.v20150529]
	at java.lang.Thread.run(Thread.java:745) [na:1.8.0_74]
Caused by: java.lang.NullPointerException: null
	at io.skysail.server.um.shiro.authentication.SkysailAuthenticationInfo.getCredentials(SkysailAuthenticationInfo.java:35) ~[na:na]
	at io.skysail.server.um.shiro.authentication.SkysailHashedCredentialsMatcher.doCredentialsMatch(SkysailHashedCredentialsMatcher.java:30) ~[na:na]
	at org.apache.shiro.realm.AuthenticatingRealm.assertCredentialsMatch(AuthenticatingRealm.java:597) ~[na:na]
	at org.apache.shiro.realm.AuthenticatingRealm.getAuthenticationInfo(AuthenticatingRealm.java:578) ~[na:na]
	at org.apache.shiro.authc.pam.ModularRealmAuthenticator.doSingleRealmAuthentication(ModularRealmAuthenticator.java:180) ~[na:na]
	at org.apache.shiro.authc.pam.ModularRealmAuthenticator.doAuthenticate(ModularRealmAuthenticator.java:267) ~[na:na]
	at org.apache.shiro.authc.AbstractAuthenticator.authenticate(AbstractAuthenticator.java:198) ~[na:na]
	... 50 common frames omitted
INFO  LogService - 2016-10-11	21:14:19	0:0:0:0:0:0:0:1	admin	0:0:0:0:0:0:0:1	2015	GET	/	-	200	-	0	998	http://localhost:2015	Mozilla/5.0 (Macintosh; Intel Mac OS X 10_12_0) AppleWebKit/537.36 (KHTML, like Gecko) Chrome/52.0.2743.116 Safari/537.36	-
INFO  LogService - 2016-10-11	21:14:19	0:0:0:0:0:0:0:1	-	0:0:0:0:0:0:0:1	2015	GET	/webapp/css/pace/pace-minimal.css	-	200	-	0	37	http://localhost:2015	Mozilla/5.0 (Macintosh; Intel Mac OS X 10_12_0) AppleWebKit/537.36 (KHTML, like Gecko) Chrome/52.0.2743.116 Safari/537.36	http://localhost:2015/
INFO  LogService - 2016-10-11	21:14:19	0:0:0:0:0:0:0:1	-	0:0:0:0:0:0:0:1	2015	GET	/webapp/js/pace/pace-1.0.0.min.js	-	200	-	0	38	http://localhost:2015	Mozilla/5.0 (Macintosh; Intel Mac OS X 10_12_0) AppleWebKit/537.36 (KHTML, like Gecko) Chrome/52.0.2743.116 Safari/537.36	http://localhost:2015/
INFO  LogService - 2016-10-11	21:14:19	0:0:0:0:0:0:0:1	-	0:0:0:0:0:0:0:1	2015	GET	/webapp/css/trix/trix.css	-	200	-	0	13	http://localhost:2015	Mozilla/5.0 (Macintosh; Intel Mac OS X 10_12_0) AppleWebKit/537.36 (KHTML, like Gecko) Chrome/52.0.2743.116 Safari/537.36	http://localhost:2015/
INFO  LogService - 2016-10-11	21:14:19	0:0:0:0:0:0:0:1	-	0:0:0:0:0:0:0:1	2015	GET	/webapp/js/jquery-1.11.1.js	-	200	-	0	7	http://localhost:2015	Mozilla/5.0 (Macintosh; Intel Mac OS X 10_12_0) AppleWebKit/537.36 (KHTML, like Gecko) Chrome/52.0.2743.116 Safari/537.36	http://localhost:2015/
INFO  LogService - 2016-10-11	21:14:19	0:0:0:0:0:0:0:1	-	0:0:0:0:0:0:0:1	2015	GET	/webapp/js/jinplace/1.2.1/jinplace.js	-	200	-	0	9	http://localhost:2015	Mozilla/5.0 (Macintosh; Intel Mac OS X 10_12_0) AppleWebKit/537.36 (KHTML, like Gecko) Chrome/52.0.2743.116 Safari/537.36	http://localhost:2015/
INFO  LogService - 2016-10-11	21:14:19	0:0:0:0:0:0:0:1	-	0:0:0:0:0:0:0:1	2015	GET	/webapp/js/trix/trix.js	-	200	-	0	4	http://localhost:2015	Mozilla/5.0 (Macintosh; Intel Mac OS X 10_12_0) AppleWebKit/537.36 (KHTML, like Gecko) Chrome/52.0.2743.116 Safari/537.36	http://localhost:2015/
INFO  LogService - 2016-10-11	21:14:19	0:0:0:0:0:0:0:1	-	0:0:0:0:0:0:0:1	2015	GET	/webapp/css/bootstrap.min.css	-	200	-	0	4	http://localhost:2015	Mozilla/5.0 (Macintosh; Intel Mac OS X 10_12_0) AppleWebKit/537.36 (KHTML, like Gecko) Chrome/52.0.2743.116 Safari/537.36	http://localhost:2015/
INFO  LogService - 2016-10-11	21:14:19	0:0:0:0:0:0:0:1	-	0:0:0:0:0:0:0:1	2015	GET	/webapp/css/stickyfooter.css	-	200	-	0	3	http://localhost:2015	Mozilla/5.0 (Macintosh; Intel Mac OS X 10_12_0) AppleWebKit/537.36 (KHTML, like Gecko) Chrome/52.0.2743.116 Safari/537.36	http://localhost:2015/
INFO  LogService - 2016-10-11	21:14:19	0:0:0:0:0:0:0:1	-	0:0:0:0:0:0:0:1	2015	GET	/webapp/css/bootstrap-theme.min.css	-	200	-	0	4	http://localhost:2015	Mozilla/5.0 (Macintosh; Intel Mac OS X 10_12_0) AppleWebKit/537.36 (KHTML, like Gecko) Chrome/52.0.2743.116 Safari/537.36	http://localhost:2015/
INFO  LogService - 2016-10-11	21:14:19	0:0:0:0:0:0:0:1	-	0:0:0:0:0:0:0:1	2015	GET	/webapp/css/bootstrap-plugins/multiselect/bootstrap-multiselect.css	-	200	-	0	9	http://localhost:2015	Mozilla/5.0 (Macintosh; Intel Mac OS X 10_12_0) AppleWebKit/537.36 (KHTML, like Gecko) Chrome/52.0.2743.116 Safari/537.36	http://localhost:2015/
INFO  LogService - 2016-10-11	21:14:19	0:0:0:0:0:0:0:1	-	0:0:0:0:0:0:0:1	2015	GET	/webapp/css/bootstrap/custom.css	-	200	-	0	4	http://localhost:2015	Mozilla/5.0 (Macintosh; Intel Mac OS X 10_12_0) AppleWebKit/537.36 (KHTML, like Gecko) Chrome/52.0.2743.116 Safari/537.36	http://localhost:2015/
INFO  LogService - 2016-10-11	21:14:19	0:0:0:0:0:0:0:1	-	0:0:0:0:0:0:0:1	2015	GET	/webapp/css/select2.css	-	200	-	0	4	http://localhost:2015	Mozilla/5.0 (Macintosh; Intel Mac OS X 10_12_0) AppleWebKit/537.36 (KHTML, like Gecko) Chrome/52.0.2743.116 Safari/537.36	http://localhost:2015/
INFO  LogService - 2016-10-11	21:14:19	0:0:0:0:0:0:0:1	-	0:0:0:0:0:0:0:1	2015	GET	/webapp/css/select2-bootstrap.css	-	200	-	0	3	http://localhost:2015	Mozilla/5.0 (Macintosh; Intel Mac OS X 10_12_0) AppleWebKit/537.36 (KHTML, like Gecko) Chrome/52.0.2743.116 Safari/537.36	http://localhost:2015/
INFO  LogService - 2016-10-11	21:14:19	0:0:0:0:0:0:0:1	-	0:0:0:0:0:0:0:1	2015	GET	/webapp/js/animate/animate.css	-	200	-	0	5	http://localhost:2015	Mozilla/5.0 (Macintosh; Intel Mac OS X 10_12_0) AppleWebKit/537.36 (KHTML, like Gecko) Chrome/52.0.2743.116 Safari/537.36	http://localhost:2015/
INFO  LogService - 2016-10-11	21:14:19	0:0:0:0:0:0:0:1	-	0:0:0:0:0:0:0:1	2015	GET	/static/themes/jstree/style.min.css	-	200	-	0	4	http://localhost:2015	Mozilla/5.0 (Macintosh; Intel Mac OS X 10_12_0) AppleWebKit/537.36 (KHTML, like Gecko) Chrome/52.0.2743.116 Safari/537.36	http://localhost:2015/
INFO  LogService - 2016-10-11	21:14:19	0:0:0:0:0:0:0:1	-	0:0:0:0:0:0:0:1	2015	GET	/webapp/js/bootstrap-plugins/multiselect/bootstrap-multiselect.js	-	200	-	0	7	http://localhost:2015	Mozilla/5.0 (Macintosh; Intel Mac OS X 10_12_0) AppleWebKit/537.36 (KHTML, like Gecko) Chrome/52.0.2743.116 Safari/537.36	http://localhost:2015/
INFO  LogService - 2016-10-11	21:14:19	0:0:0:0:0:0:0:1	-	0:0:0:0:0:0:0:1	2015	GET	/static/js/mousetrap/mousetrap.min.js	-	200	-	0	26	http://localhost:2015	Mozilla/5.0 (Macintosh; Intel Mac OS X 10_12_0) AppleWebKit/537.36 (KHTML, like Gecko) Chrome/52.0.2743.116 Safari/537.36	http://localhost:2015/
INFO  LogService - 2016-10-11	21:14:19	0:0:0:0:0:0:0:1	-	0:0:0:0:0:0:0:1	2015	GET	/webapp/js/bootstrap.min.js	-	200	-	0	7	http://localhost:2015	Mozilla/5.0 (Macintosh; Intel Mac OS X 10_12_0) AppleWebKit/537.36 (KHTML, like Gecko) Chrome/52.0.2743.116 Safari/537.36	http://localhost:2015/
INFO  LogService - 2016-10-11	21:14:19	0:0:0:0:0:0:0:1	-	0:0:0:0:0:0:0:1	2015	GET	/webapp/js/noty/packaged/jquery.noty.packaged.min.js	-	200	-	0	3	http://localhost:2015	Mozilla/5.0 (Macintosh; Intel Mac OS X 10_12_0) AppleWebKit/537.36 (KHTML, like Gecko) Chrome/52.0.2743.116 Safari/537.36	http://localhost:2015/
INFO  LogService - 2016-10-11	21:14:19	0:0:0:0:0:0:0:1	-	0:0:0:0:0:0:0:1	2015	GET	/webapp/js/noty/layouts/skysail.js	-	200	-	0	3	http://localhost:2015	Mozilla/5.0 (Macintosh; Intel Mac OS X 10_12_0) AppleWebKit/537.36 (KHTML, like Gecko) Chrome/52.0.2743.116 Safari/537.36	http://localhost:2015/
INFO  LogService - 2016-10-11	21:14:19	0:0:0:0:0:0:0:1	-	0:0:0:0:0:0:0:1	2015	GET	/webapp/js/peity/jquery.peity.min.js	-	200	-	0	3	http://localhost:2015	Mozilla/5.0 (Macintosh; Intel Mac OS X 10_12_0) AppleWebKit/537.36 (KHTML, like Gecko) Chrome/52.0.2743.116 Safari/537.36	http://localhost:2015/
INFO  LogService - 2016-10-11	21:14:19	0:0:0:0:0:0:0:1	-	0:0:0:0:0:0:0:1	2015	GET	/webapp/js/select2.js	-	200	-	0	3	http://localhost:2015	Mozilla/5.0 (Macintosh; Intel Mac OS X 10_12_0) AppleWebKit/537.36 (KHTML, like Gecko) Chrome/52.0.2743.116 Safari/537.36	http://localhost:2015/
INFO  LogService - 2016-10-11	21:14:19	0:0:0:0:0:0:0:1	-	0:0:0:0:0:0:0:1	2015	GET	/static/js/jstree/jstree.min.js	-	200	-	0	4	http://localhost:2015	Mozilla/5.0 (Macintosh; Intel Mac OS X 10_12_0) AppleWebKit/537.36 (KHTML, like Gecko) Chrome/52.0.2743.116 Safari/537.36	http://localhost:2015/
INFO  LogService - 2016-10-11	21:14:19	0:0:0:0:0:0:0:1	-	0:0:0:0:0:0:0:1	2015	GET	/webapp/js/moment.js	-	200	-	0	7	http://localhost:2015	Mozilla/5.0 (Macintosh; Intel Mac OS X 10_12_0) AppleWebKit/537.36 (KHTML, like Gecko) Chrome/52.0.2743.116 Safari/537.36	http://localhost:2015/
INFO  LogService - 2016-10-11	21:14:19	0:0:0:0:0:0:0:1	-	0:0:0:0:0:0:0:1	2015	GET	/static/img/skysail.logo.png	-	200	-	0	3	http://localhost:2015	Mozilla/5.0 (Macintosh; Intel Mac OS X 10_12_0) AppleWebKit/537.36 (KHTML, like Gecko) Chrome/52.0.2743.116 Safari/537.36	http://localhost:2015/
INFO  LogService - 2016-10-11	21:14:19	0:0:0:0:0:0:0:1	-	0:0:0:0:0:0:0:1	2015	GET	/static/img/silk/page_white_swoosh.png	-	200	-	0	3	http://localhost:2015	Mozilla/5.0 (Macintosh; Intel Mac OS X 10_12_0) AppleWebKit/537.36 (KHTML, like Gecko) Chrome/52.0.2743.116 Safari/537.36	http://localhost:2015/
INFO  LogService - 2016-10-11	21:14:19	0:0:0:0:0:0:0:1	-	0:0:0:0:0:0:0:1	2015	GET	/static/themes/jstree/throbber.gif	-	200	-	0	4	http://localhost:2015	Mozilla/5.0 (Macintosh; Intel Mac OS X 10_12_0) AppleWebKit/537.36 (KHTML, like Gecko) Chrome/52.0.2743.116 Safari/537.36	http://localhost:2015/static/themes/jstree/style.min.css
INFO  LogService - 2016-10-11	21:14:19	0:0:0:0:0:0:0:1	-	0:0:0:0:0:0:0:1	2015	GET	/static/themes/jstree/32px.png	-	200	-	0	3	http://localhost:2015	Mozilla/5.0 (Macintosh; Intel Mac OS X 10_12_0) AppleWebKit/537.36 (KHTML, like Gecko) Chrome/52.0.2743.116 Safari/537.36	http://localhost:2015/static/themes/jstree/style.min.css
INFO  LogService - 2016-10-11	21:14:20	0:0:0:0:0:0:0:1	-	0:0:0:0:0:0:0:1	2015	GET	/webapp/favicon.ico	-	200	-	0	3	http://localhost:2015	Mozilla/5.0 (Macintosh; Intel Mac OS X 10_12_0) AppleWebKit/537.36 (KHTML, like Gecko) Chrome/52.0.2743.116 Safari/537.36	http://localhost:2015/
ERROR i.s.s.um.shiro.authentication.SimpleDelegatingVerifier - AuthenticationException 'Authentication failed for token submission [org.apache.shiro.authc.UsernamePasswordToken - admin, rememberMe=false].  Possible unexpected error? (Typical or expected login exceptions should extend from AuthenticationException).' when login in admin
org.apache.shiro.authc.AuthenticationException: Authentication failed for token submission [org.apache.shiro.authc.UsernamePasswordToken - admin, rememberMe=false].  Possible unexpected error? (Typical or expected login exceptions should extend from AuthenticationException).
	at org.apache.shiro.authc.AbstractAuthenticator.authenticate(AbstractAuthenticator.java:214) ~[na:na]
	at org.apache.shiro.mgt.AuthenticatingSecurityManager.authenticate(AuthenticatingSecurityManager.java:106) ~[na:na]
	at org.apache.shiro.mgt.DefaultSecurityManager.login(DefaultSecurityManager.java:270) ~[na:na]
	at org.apache.shiro.subject.support.DelegatingSubject.login(DelegatingSubject.java:256) ~[na:na]
	at io.skysail.server.um.shiro.authentication.SimpleDelegatingVerifier.verify(SimpleDelegatingVerifier.java:29) ~[na:na]
	at org.restlet.security.SecretVerifier.verify(SecretVerifier.java:132) [org.restlet.jar:na]
	at org.restlet.security.ChallengeAuthenticator.authenticate(ChallengeAuthenticator.java:152) [org.restlet.jar:na]
	at org.restlet.ext.crypto.CookieAuthenticator.authenticate(CookieAuthenticator.java:197) [org.restlet.ext.crypto.jar:na]
	at io.skysail.server.um.shiro.authentication.SkysailCookieAuthenticator.authenticate(SkysailCookieAuthenticator.java:78) [skysail.server.um.shiro.jar:na]
	at org.restlet.security.Authenticator.beforeHandle(Authenticator.java:193) [org.restlet.jar:na]
	at org.restlet.ext.crypto.CookieAuthenticator.beforeHandle(CookieAuthenticator.java:231) [org.restlet.ext.crypto.jar:na]
	at org.restlet.routing.Filter.handle(Filter.java:195) [org.restlet.jar:na]
	at org.restlet.routing.Filter.doHandle(Filter.java:150) [org.restlet.jar:na]
	at org.restlet.routing.Filter.handle(Filter.java:197) [org.restlet.jar:na]
	at org.restlet.routing.Filter.doHandle(Filter.java:150) [org.restlet.jar:na]
	at org.restlet.routing.Filter.handle(Filter.java:197) [org.restlet.jar:na]
	at org.restlet.routing.Filter.doHandle(Filter.java:150) [org.restlet.jar:na]
	at org.restlet.routing.Filter.handle(Filter.java:197) [org.restlet.jar:na]
	at org.restlet.routing.Filter.doHandle(Filter.java:150) [org.restlet.jar:na]
	at org.restlet.engine.application.StatusFilter.doHandle(StatusFilter.java:140) [org.restlet.jar:na]
	at org.restlet.routing.Filter.handle(Filter.java:197) [org.restlet.jar:na]
	at org.restlet.routing.Filter.doHandle(Filter.java:150) [org.restlet.jar:na]
	at org.restlet.routing.Filter.handle(Filter.java:197) [org.restlet.jar:na]
	at org.restlet.engine.CompositeHelper.handle(CompositeHelper.java:202) [org.restlet.jar:na]
	at org.restlet.engine.application.ApplicationHelper.handle(ApplicationHelper.java:75) [org.restlet.jar:na]
	at org.restlet.Application.handle(Application.java:385) [org.restlet.jar:na]
	at org.restlet.routing.Filter.doHandle(Filter.java:150) [org.restlet.jar:na]
	at org.restlet.routing.Filter.handle(Filter.java:197) [org.restlet.jar:na]
	at org.restlet.routing.Router.doHandle(Router.java:422) [org.restlet.jar:na]
	at org.restlet.routing.Router.handle(Router.java:639) [org.restlet.jar:na]
	at org.restlet.routing.Filter.doHandle(Filter.java:150) [org.restlet.jar:na]
	at org.restlet.routing.Filter.handle(Filter.java:197) [org.restlet.jar:na]
	at org.restlet.routing.Router.doHandle(Router.java:422) [org.restlet.jar:na]
	at org.restlet.routing.Router.handle(Router.java:639) [org.restlet.jar:na]
	at org.restlet.routing.Filter.doHandle(Filter.java:150) [org.restlet.jar:na]
	at org.restlet.engine.application.StatusFilter.doHandle(StatusFilter.java:140) [org.restlet.jar:na]
	at org.restlet.routing.Filter.handle(Filter.java:197) [org.restlet.jar:na]
	at org.restlet.routing.Filter.doHandle(Filter.java:150) [org.restlet.jar:na]
	at org.restlet.routing.Filter.handle(Filter.java:197) [org.restlet.jar:na]
	at org.restlet.engine.CompositeHelper.handle(CompositeHelper.java:202) [org.restlet.jar:na]
	at org.restlet.Component.handle(Component.java:408) [org.restlet.jar:na]
	at org.restlet.Server.handle(Server.java:507) [org.restlet.jar:na]
	at org.restlet.engine.connector.ServerHelper.handle(ServerHelper.java:63) [org.restlet.jar:na]
	at org.restlet.engine.adapter.HttpServerHelper.handle(HttpServerHelper.java:143) [org.restlet.jar:na]
	at org.restlet.ext.jetty.JettyServerHelper$WrappedServer.handle(JettyServerHelper.java:273) [org.restlet.ext.jetty.jar:na]
	at org.eclipse.jetty.server.HttpChannel.handle(HttpChannel.java:310) [jetty-server-9.2.11.v20150529.jar:9.2.11.v20150529]
	at org.eclipse.jetty.server.HttpConnection.onFillable(HttpConnection.java:257) [jetty-server-9.2.11.v20150529.jar:9.2.11.v20150529]
	at org.eclipse.jetty.io.AbstractConnection$2.run(AbstractConnection.java:540) [jetty-io-9.2.11.v20150529.jar:9.2.11.v20150529]
	at org.eclipse.jetty.util.thread.QueuedThreadPool.runJob(QueuedThreadPool.java:635) [jetty-util-9.2.11.v20150529.jar:9.2.11.v20150529]
	at org.eclipse.jetty.util.thread.QueuedThreadPool$3.run(QueuedThreadPool.java:555) [jetty-util-9.2.11.v20150529.jar:9.2.11.v20150529]
	at java.lang.Thread.run(Thread.java:745) [na:1.8.0_74]
Caused by: java.lang.NullPointerException: null
	at io.skysail.server.um.shiro.authentication.SkysailAuthenticationInfo.getCredentials(SkysailAuthenticationInfo.java:35) ~[na:na]
	at io.skysail.server.um.shiro.authentication.SkysailHashedCredentialsMatcher.doCredentialsMatch(SkysailHashedCredentialsMatcher.java:30) ~[na:na]
	at org.apache.shiro.realm.AuthenticatingRealm.assertCredentialsMatch(AuthenticatingRealm.java:597) ~[na:na]
	at org.apache.shiro.realm.AuthenticatingRealm.getAuthenticationInfo(AuthenticatingRealm.java:578) ~[na:na]
	at org.apache.shiro.authc.pam.ModularRealmAuthenticator.doSingleRealmAuthentication(ModularRealmAuthenticator.java:180) ~[na:na]
	at org.apache.shiro.authc.pam.ModularRealmAuthenticator.doAuthenticate(ModularRealmAuthenticator.java:267) ~[na:na]
	at org.apache.shiro.authc.AbstractAuthenticator.authenticate(AbstractAuthenticator.java:198) ~[na:na]
	... 50 common frames omitted
INFO  LogService - 2016-10-11	21:14:23	0:0:0:0:0:0:0:1	admin	0:0:0:0:0:0:0:1	2015	GET	/_login	-	303	0	0	20	http://localhost:2015	Mozilla/5.0 (Macintosh; Intel Mac OS X 10_12_0) AppleWebKit/537.36 (KHTML, like Gecko) Chrome/52.0.2743.116 Safari/537.36	http://localhost:2015/
ERROR i.s.s.um.shiro.authentication.SimpleDelegatingVerifier - AuthenticationException 'Authentication failed for token submission [org.apache.shiro.authc.UsernamePasswordToken - admin, rememberMe=false].  Possible unexpected error? (Typical or expected login exceptions should extend from AuthenticationException).' when login in admin
org.apache.shiro.authc.AuthenticationException: Authentication failed for token submission [org.apache.shiro.authc.UsernamePasswordToken - admin, rememberMe=false].  Possible unexpected error? (Typical or expected login exceptions should extend from AuthenticationException).
	at org.apache.shiro.authc.AbstractAuthenticator.authenticate(AbstractAuthenticator.java:214) ~[na:na]
	at org.apache.shiro.mgt.AuthenticatingSecurityManager.authenticate(AuthenticatingSecurityManager.java:106) ~[na:na]
	at org.apache.shiro.mgt.DefaultSecurityManager.login(DefaultSecurityManager.java:270) ~[na:na]
	at org.apache.shiro.subject.support.DelegatingSubject.login(DelegatingSubject.java:256) ~[na:na]
	at io.skysail.server.um.shiro.authentication.SimpleDelegatingVerifier.verify(SimpleDelegatingVerifier.java:29) ~[na:na]
	at org.restlet.security.SecretVerifier.verify(SecretVerifier.java:132) [org.restlet.jar:na]
	at org.restlet.security.ChallengeAuthenticator.authenticate(ChallengeAuthenticator.java:152) [org.restlet.jar:na]
	at org.restlet.ext.crypto.CookieAuthenticator.authenticate(CookieAuthenticator.java:197) [org.restlet.ext.crypto.jar:na]
	at io.skysail.server.um.shiro.authentication.SkysailCookieAuthenticator.authenticate(SkysailCookieAuthenticator.java:78) [skysail.server.um.shiro.jar:na]
	at org.restlet.security.Authenticator.beforeHandle(Authenticator.java:193) [org.restlet.jar:na]
	at org.restlet.ext.crypto.CookieAuthenticator.beforeHandle(CookieAuthenticator.java:231) [org.restlet.ext.crypto.jar:na]
	at org.restlet.routing.Filter.handle(Filter.java:195) [org.restlet.jar:na]
	at org.restlet.routing.Filter.doHandle(Filter.java:150) [org.restlet.jar:na]
	at org.restlet.routing.Filter.handle(Filter.java:197) [org.restlet.jar:na]
	at org.restlet.routing.Filter.doHandle(Filter.java:150) [org.restlet.jar:na]
	at org.restlet.routing.Filter.handle(Filter.java:197) [org.restlet.jar:na]
	at org.restlet.routing.Filter.doHandle(Filter.java:150) [org.restlet.jar:na]
	at org.restlet.routing.Filter.handle(Filter.java:197) [org.restlet.jar:na]
	at org.restlet.routing.Filter.doHandle(Filter.java:150) [org.restlet.jar:na]
	at org.restlet.engine.application.StatusFilter.doHandle(StatusFilter.java:140) [org.restlet.jar:na]
	at org.restlet.routing.Filter.handle(Filter.java:197) [org.restlet.jar:na]
	at org.restlet.routing.Filter.doHandle(Filter.java:150) [org.restlet.jar:na]
	at org.restlet.routing.Filter.handle(Filter.java:197) [org.restlet.jar:na]
	at org.restlet.engine.CompositeHelper.handle(CompositeHelper.java:202) [org.restlet.jar:na]
	at org.restlet.engine.application.ApplicationHelper.handle(ApplicationHelper.java:75) [org.restlet.jar:na]
	at org.restlet.Application.handle(Application.java:385) [org.restlet.jar:na]
	at org.restlet.routing.Filter.doHandle(Filter.java:150) [org.restlet.jar:na]
	at org.restlet.routing.Filter.handle(Filter.java:197) [org.restlet.jar:na]
	at org.restlet.routing.Router.doHandle(Router.java:422) [org.restlet.jar:na]
	at org.restlet.routing.Router.handle(Router.java:639) [org.restlet.jar:na]
	at org.restlet.routing.Filter.doHandle(Filter.java:150) [org.restlet.jar:na]
	at org.restlet.routing.Filter.handle(Filter.java:197) [org.restlet.jar:na]
	at org.restlet.routing.Router.doHandle(Router.java:422) [org.restlet.jar:na]
	at org.restlet.routing.Router.handle(Router.java:639) [org.restlet.jar:na]
	at org.restlet.routing.Filter.doHandle(Filter.java:150) [org.restlet.jar:na]
	at org.restlet.engine.application.StatusFilter.doHandle(StatusFilter.java:140) [org.restlet.jar:na]
	at org.restlet.routing.Filter.handle(Filter.java:197) [org.restlet.jar:na]
	at org.restlet.routing.Filter.doHandle(Filter.java:150) [org.restlet.jar:na]
	at org.restlet.routing.Filter.handle(Filter.java:197) [org.restlet.jar:na]
	at org.restlet.engine.CompositeHelper.handle(CompositeHelper.java:202) [org.restlet.jar:na]
	at org.restlet.Component.handle(Component.java:408) [org.restlet.jar:na]
	at org.restlet.Server.handle(Server.java:507) [org.restlet.jar:na]
	at org.restlet.engine.connector.ServerHelper.handle(ServerHelper.java:63) [org.restlet.jar:na]
	at org.restlet.engine.adapter.HttpServerHelper.handle(HttpServerHelper.java:143) [org.restlet.jar:na]
	at org.restlet.ext.jetty.JettyServerHelper$WrappedServer.handle(JettyServerHelper.java:273) [org.restlet.ext.jetty.jar:na]
	at org.eclipse.jetty.server.HttpChannel.handle(HttpChannel.java:310) [jetty-server-9.2.11.v20150529.jar:9.2.11.v20150529]
	at org.eclipse.jetty.server.HttpConnection.onFillable(HttpConnection.java:257) [jetty-server-9.2.11.v20150529.jar:9.2.11.v20150529]
	at org.eclipse.jetty.io.AbstractConnection$2.run(AbstractConnection.java:540) [jetty-io-9.2.11.v20150529.jar:9.2.11.v20150529]
	at org.eclipse.jetty.util.thread.QueuedThreadPool.runJob(QueuedThreadPool.java:635) [jetty-util-9.2.11.v20150529.jar:9.2.11.v20150529]
	at org.eclipse.jetty.util.thread.QueuedThreadPool$3.run(QueuedThreadPool.java:555) [jetty-util-9.2.11.v20150529.jar:9.2.11.v20150529]
	at java.lang.Thread.run(Thread.java:745) [na:1.8.0_74]
Caused by: java.lang.NullPointerException: null
	at io.skysail.server.um.shiro.authentication.SkysailAuthenticationInfo.getCredentials(SkysailAuthenticationInfo.java:35) ~[na:na]
	at io.skysail.server.um.shiro.authentication.SkysailHashedCredentialsMatcher.doCredentialsMatch(SkysailHashedCredentialsMatcher.java:30) ~[na:na]
	at org.apache.shiro.realm.AuthenticatingRealm.assertCredentialsMatch(AuthenticatingRealm.java:597) ~[na:na]
	at org.apache.shiro.realm.AuthenticatingRealm.getAuthenticationInfo(AuthenticatingRealm.java:578) ~[na:na]
	at org.apache.shiro.authc.pam.ModularRealmAuthenticator.doSingleRealmAuthentication(ModularRealmAuthenticator.java:180) ~[na:na]
	at org.apache.shiro.authc.pam.ModularRealmAuthenticator.doAuthenticate(ModularRealmAuthenticator.java:267) ~[na:na]
	at org.apache.shiro.authc.AbstractAuthenticator.authenticate(AbstractAuthenticator.java:198) ~[na:na]
	... 50 common frames omitted
INFO  LogService - 2016-10-11	21:14:24	0:0:0:0:0:0:0:1	admin	0:0:0:0:0:0:0:1	2015	GET	/io.skysail.server.um.shiro.app.ShiroUmApplication/v1/_login	-	200	-	0	571	http://localhost:2015	Mozilla/5.0 (Macintosh; Intel Mac OS X 10_12_0) AppleWebKit/537.36 (KHTML, like Gecko) Chrome/52.0.2743.116 Safari/537.36	http://localhost:2015/
ERROR i.s.s.um.shiro.authentication.SimpleDelegatingVerifier - AuthenticationException 'Authentication failed for token submission [org.apache.shiro.authc.UsernamePasswordToken - admin, rememberMe=false].  Possible unexpected error? (Typical or expected login exceptions should extend from AuthenticationException).' when login in admin
org.apache.shiro.authc.AuthenticationException: Authentication failed for token submission [org.apache.shiro.authc.UsernamePasswordToken - admin, rememberMe=false].  Possible unexpected error? (Typical or expected login exceptions should extend from AuthenticationException).
	at org.apache.shiro.authc.AbstractAuthenticator.authenticate(AbstractAuthenticator.java:214) ~[na:na]
	at org.apache.shiro.mgt.AuthenticatingSecurityManager.authenticate(AuthenticatingSecurityManager.java:106) ~[na:na]
	at org.apache.shiro.mgt.DefaultSecurityManager.login(DefaultSecurityManager.java:270) ~[na:na]
	at org.apache.shiro.subject.support.DelegatingSubject.login(DelegatingSubject.java:256) ~[na:na]
	at io.skysail.server.um.shiro.authentication.SimpleDelegatingVerifier.verify(SimpleDelegatingVerifier.java:29) ~[na:na]
	at org.restlet.security.SecretVerifier.verify(SecretVerifier.java:132) [org.restlet.jar:na]
	at org.restlet.security.ChallengeAuthenticator.authenticate(ChallengeAuthenticator.java:152) [org.restlet.jar:na]
	at org.restlet.ext.crypto.CookieAuthenticator.authenticate(CookieAuthenticator.java:197) [org.restlet.ext.crypto.jar:na]
	at io.skysail.server.um.shiro.authentication.SkysailCookieAuthenticator.authenticate(SkysailCookieAuthenticator.java:78) [skysail.server.um.shiro.jar:na]
	at org.restlet.security.Authenticator.beforeHandle(Authenticator.java:193) [org.restlet.jar:na]
	at org.restlet.ext.crypto.CookieAuthenticator.beforeHandle(CookieAuthenticator.java:231) [org.restlet.ext.crypto.jar:na]
	at org.restlet.routing.Filter.handle(Filter.java:195) [org.restlet.jar:na]
	at org.restlet.routing.Filter.doHandle(Filter.java:150) [org.restlet.jar:na]
	at org.restlet.routing.Filter.handle(Filter.java:197) [org.restlet.jar:na]
	at org.restlet.routing.Filter.doHandle(Filter.java:150) [org.restlet.jar:na]
	at org.restlet.routing.Filter.handle(Filter.java:197) [org.restlet.jar:na]
	at org.restlet.routing.Filter.doHandle(Filter.java:150) [org.restlet.jar:na]
	at org.restlet.routing.Filter.handle(Filter.java:197) [org.restlet.jar:na]
	at org.restlet.routing.Filter.doHandle(Filter.java:150) [org.restlet.jar:na]
	at org.restlet.engine.application.StatusFilter.doHandle(StatusFilter.java:140) [org.restlet.jar:na]
	at org.restlet.routing.Filter.handle(Filter.java:197) [org.restlet.jar:na]
	at org.restlet.routing.Filter.doHandle(Filter.java:150) [org.restlet.jar:na]
	at org.restlet.routing.Filter.handle(Filter.java:197) [org.restlet.jar:na]
	at org.restlet.engine.CompositeHelper.handle(CompositeHelper.java:202) [org.restlet.jar:na]
	at org.restlet.engine.application.ApplicationHelper.handle(ApplicationHelper.java:75) [org.restlet.jar:na]
	at org.restlet.Application.handle(Application.java:385) [org.restlet.jar:na]
	at org.restlet.routing.Filter.doHandle(Filter.java:150) [org.restlet.jar:na]
	at org.restlet.routing.Filter.handle(Filter.java:197) [org.restlet.jar:na]
	at org.restlet.routing.Router.doHandle(Router.java:422) [org.restlet.jar:na]
	at org.restlet.routing.Router.handle(Router.java:639) [org.restlet.jar:na]
	at org.restlet.routing.Filter.doHandle(Filter.java:150) [org.restlet.jar:na]
	at org.restlet.routing.Filter.handle(Filter.java:197) [org.restlet.jar:na]
	at org.restlet.routing.Router.doHandle(Router.java:422) [org.restlet.jar:na]
	at org.restlet.routing.Router.handle(Router.java:639) [org.restlet.jar:na]
	at org.restlet.routing.Filter.doHandle(Filter.java:150) [org.restlet.jar:na]
	at org.restlet.engine.application.StatusFilter.doHandle(StatusFilter.java:140) [org.restlet.jar:na]
	at org.restlet.routing.Filter.handle(Filter.java:197) [org.restlet.jar:na]
	at org.restlet.routing.Filter.doHandle(Filter.java:150) [org.restlet.jar:na]
	at org.restlet.routing.Filter.handle(Filter.java:197) [org.restlet.jar:na]
	at org.restlet.engine.CompositeHelper.handle(CompositeHelper.java:202) [org.restlet.jar:na]
	at org.restlet.Component.handle(Component.java:408) [org.restlet.jar:na]
	at org.restlet.Server.handle(Server.java:507) [org.restlet.jar:na]
	at org.restlet.engine.connector.ServerHelper.handle(ServerHelper.java:63) [org.restlet.jar:na]
	at org.restlet.engine.adapter.HttpServerHelper.handle(HttpServerHelper.java:143) [org.restlet.jar:na]
	at org.restlet.ext.jetty.JettyServerHelper$WrappedServer.handle(JettyServerHelper.java:273) [org.restlet.ext.jetty.jar:na]
	at org.eclipse.jetty.server.HttpChannel.handle(HttpChannel.java:310) [jetty-server-9.2.11.v20150529.jar:9.2.11.v20150529]
	at org.eclipse.jetty.server.HttpConnection.onFillable(HttpConnection.java:257) [jetty-server-9.2.11.v20150529.jar:9.2.11.v20150529]
	at org.eclipse.jetty.io.AbstractConnection$2.run(AbstractConnection.java:540) [jetty-io-9.2.11.v20150529.jar:9.2.11.v20150529]
	at org.eclipse.jetty.util.thread.QueuedThreadPool.runJob(QueuedThreadPool.java:635) [jetty-util-9.2.11.v20150529.jar:9.2.11.v20150529]
	at org.eclipse.jetty.util.thread.QueuedThreadPool$3.run(QueuedThreadPool.java:555) [jetty-util-9.2.11.v20150529.jar:9.2.11.v20150529]
	at java.lang.Thread.run(Thread.java:745) [na:1.8.0_74]
Caused by: java.lang.NullPointerException: null
	at io.skysail.server.um.shiro.authentication.SkysailAuthenticationInfo.getCredentials(SkysailAuthenticationInfo.java:35) ~[na:na]
	at io.skysail.server.um.shiro.authentication.SkysailHashedCredentialsMatcher.doCredentialsMatch(SkysailHashedCredentialsMatcher.java:30) ~[na:na]
	at org.apache.shiro.realm.AuthenticatingRealm.assertCredentialsMatch(AuthenticatingRealm.java:597) ~[na:na]
	at org.apache.shiro.realm.AuthenticatingRealm.getAuthenticationInfo(AuthenticatingRealm.java:578) ~[na:na]
	at org.apache.shiro.authc.pam.ModularRealmAuthenticator.doSingleRealmAuthentication(ModularRealmAuthenticator.java:180) ~[na:na]
	at org.apache.shiro.authc.pam.ModularRealmAuthenticator.doAuthenticate(ModularRealmAuthenticator.java:267) ~[na:na]
	at org.apache.shiro.authc.AbstractAuthenticator.authenticate(AbstractAuthenticator.java:198) ~[na:na]
	... 50 common frames omitted
INFO  LogService - 2016-10-11	21:14:27	0:0:0:0:0:0:0:1	admin	0:0:0:0:0:0:0:1	2015	POST	/io.skysail.server.um.shiro.app.ShiroUmApplication/v1/_login	-	303	-	45	1054	http://localhost:2015	Mozilla/5.0 (Macintosh; Intel Mac OS X 10_12_0) AppleWebKit/537.36 (KHTML, like Gecko) Chrome/52.0.2743.116 Safari/537.36	http://localhost:2015/io.skysail.server.um.shiro.app.ShiroUmApplication/v1/_login
ERROR i.s.s.um.shiro.authentication.SimpleDelegatingVerifier - AuthenticationException 'Authentication failed for token submission [org.apache.shiro.authc.UsernamePasswordToken - admin, rememberMe=false].  Possible unexpected error? (Typical or expected login exceptions should extend from AuthenticationException).' when login in admin
org.apache.shiro.authc.AuthenticationException: Authentication failed for token submission [org.apache.shiro.authc.UsernamePasswordToken - admin, rememberMe=false].  Possible unexpected error? (Typical or expected login exceptions should extend from AuthenticationException).
	at org.apache.shiro.authc.AbstractAuthenticator.authenticate(AbstractAuthenticator.java:214) ~[na:na]
	at org.apache.shiro.mgt.AuthenticatingSecurityManager.authenticate(AuthenticatingSecurityManager.java:106) ~[na:na]
	at org.apache.shiro.mgt.DefaultSecurityManager.login(DefaultSecurityManager.java:270) ~[na:na]
	at org.apache.shiro.subject.support.DelegatingSubject.login(DelegatingSubject.java:256) ~[na:na]
	at io.skysail.server.um.shiro.authentication.SimpleDelegatingVerifier.verify(SimpleDelegatingVerifier.java:29) ~[na:na]
	at org.restlet.security.SecretVerifier.verify(SecretVerifier.java:132) [org.restlet.jar:na]
	at org.restlet.security.ChallengeAuthenticator.authenticate(ChallengeAuthenticator.java:152) [org.restlet.jar:na]
	at org.restlet.ext.crypto.CookieAuthenticator.authenticate(CookieAuthenticator.java:197) [org.restlet.ext.crypto.jar:na]
	at io.skysail.server.um.shiro.authentication.SkysailCookieAuthenticator.authenticate(SkysailCookieAuthenticator.java:78) [skysail.server.um.shiro.jar:na]
	at org.restlet.security.Authenticator.beforeHandle(Authenticator.java:193) [org.restlet.jar:na]
	at org.restlet.ext.crypto.CookieAuthenticator.beforeHandle(CookieAuthenticator.java:231) [org.restlet.ext.crypto.jar:na]
	at org.restlet.routing.Filter.handle(Filter.java:195) [org.restlet.jar:na]
	at org.restlet.routing.Filter.doHandle(Filter.java:150) [org.restlet.jar:na]
	at org.restlet.routing.Filter.handle(Filter.java:197) [org.restlet.jar:na]
	at org.restlet.routing.Filter.doHandle(Filter.java:150) [org.restlet.jar:na]
	at org.restlet.routing.Filter.handle(Filter.java:197) [org.restlet.jar:na]
	at org.restlet.routing.Filter.doHandle(Filter.java:150) [org.restlet.jar:na]
	at org.restlet.routing.Filter.handle(Filter.java:197) [org.restlet.jar:na]
	at org.restlet.routing.Filter.doHandle(Filter.java:150) [org.restlet.jar:na]
	at org.restlet.engine.application.StatusFilter.doHandle(StatusFilter.java:140) [org.restlet.jar:na]
	at org.restlet.routing.Filter.handle(Filter.java:197) [org.restlet.jar:na]
	at org.restlet.routing.Filter.doHandle(Filter.java:150) [org.restlet.jar:na]
	at org.restlet.routing.Filter.handle(Filter.java:197) [org.restlet.jar:na]
	at org.restlet.engine.CompositeHelper.handle(CompositeHelper.java:202) [org.restlet.jar:na]
	at org.restlet.engine.application.ApplicationHelper.handle(ApplicationHelper.java:75) [org.restlet.jar:na]
	at org.restlet.Application.handle(Application.java:385) [org.restlet.jar:na]
	at org.restlet.routing.Filter.doHandle(Filter.java:150) [org.restlet.jar:na]
	at org.restlet.routing.Filter.handle(Filter.java:197) [org.restlet.jar:na]
	at org.restlet.routing.Router.doHandle(Router.java:422) [org.restlet.jar:na]
	at org.restlet.routing.Router.handle(Router.java:639) [org.restlet.jar:na]
	at org.restlet.routing.Filter.doHandle(Filter.java:150) [org.restlet.jar:na]
	at org.restlet.routing.Filter.handle(Filter.java:197) [org.restlet.jar:na]
	at org.restlet.routing.Router.doHandle(Router.java:422) [org.restlet.jar:na]
	at org.restlet.routing.Router.handle(Router.java:639) [org.restlet.jar:na]
	at org.restlet.routing.Filter.doHandle(Filter.java:150) [org.restlet.jar:na]
	at org.restlet.engine.application.StatusFilter.doHandle(StatusFilter.java:140) [org.restlet.jar:na]
	at org.restlet.routing.Filter.handle(Filter.java:197) [org.restlet.jar:na]
	at org.restlet.routing.Filter.doHandle(Filter.java:150) [org.restlet.jar:na]
	at org.restlet.routing.Filter.handle(Filter.java:197) [org.restlet.jar:na]
	at org.restlet.engine.CompositeHelper.handle(CompositeHelper.java:202) [org.restlet.jar:na]
	at org.restlet.Component.handle(Component.java:408) [org.restlet.jar:na]
	at org.restlet.Server.handle(Server.java:507) [org.restlet.jar:na]
	at org.restlet.engine.connector.ServerHelper.handle(ServerHelper.java:63) [org.restlet.jar:na]
	at org.restlet.engine.adapter.HttpServerHelper.handle(HttpServerHelper.java:143) [org.restlet.jar:na]
	at org.restlet.ext.jetty.JettyServerHelper$WrappedServer.handle(JettyServerHelper.java:273) [org.restlet.ext.jetty.jar:na]
	at org.eclipse.jetty.server.HttpChannel.handle(HttpChannel.java:310) [jetty-server-9.2.11.v20150529.jar:9.2.11.v20150529]
	at org.eclipse.jetty.server.HttpConnection.onFillable(HttpConnection.java:257) [jetty-server-9.2.11.v20150529.jar:9.2.11.v20150529]
	at org.eclipse.jetty.io.AbstractConnection$2.run(AbstractConnection.java:540) [jetty-io-9.2.11.v20150529.jar:9.2.11.v20150529]
	at org.eclipse.jetty.util.thread.QueuedThreadPool.runJob(QueuedThreadPool.java:635) [jetty-util-9.2.11.v20150529.jar:9.2.11.v20150529]
	at org.eclipse.jetty.util.thread.QueuedThreadPool$3.run(QueuedThreadPool.java:555) [jetty-util-9.2.11.v20150529.jar:9.2.11.v20150529]
	at java.lang.Thread.run(Thread.java:745) [na:1.8.0_74]
Caused by: java.lang.NullPointerException: null
	at io.skysail.server.um.shiro.authentication.SkysailAuthenticationInfo.getCredentials(SkysailAuthenticationInfo.java:35) ~[na:na]
	at io.skysail.server.um.shiro.authentication.SkysailHashedCredentialsMatcher.doCredentialsMatch(SkysailHashedCredentialsMatcher.java:30) ~[na:na]
	at org.apache.shiro.realm.AuthenticatingRealm.assertCredentialsMatch(AuthenticatingRealm.java:597) ~[na:na]
	at org.apache.shiro.realm.AuthenticatingRealm.getAuthenticationInfo(AuthenticatingRealm.java:578) ~[na:na]
	at org.apache.shiro.authc.pam.ModularRealmAuthenticator.doSingleRealmAuthentication(ModularRealmAuthenticator.java:180) ~[na:na]
	at org.apache.shiro.authc.pam.ModularRealmAuthenticator.doAuthenticate(ModularRealmAuthenticator.java:267) ~[na:na]
	at org.apache.shiro.authc.AbstractAuthenticator.authenticate(AbstractAuthenticator.java:198) ~[na:na]
	... 50 common frames omitted
INFO  LogService - 2016-10-11	21:14:27	0:0:0:0:0:0:0:1	admin	0:0:0:0:0:0:0:1	2015	GET	/_login	msgIds=0	303	0	0	9	http://localhost:2015	Mozilla/5.0 (Macintosh; Intel Mac OS X 10_12_0) AppleWebKit/537.36 (KHTML, like Gecko) Chrome/52.0.2743.116 Safari/537.36	http://localhost:2015/io.skysail.server.um.shiro.app.ShiroUmApplication/v1/_login
ERROR i.s.s.um.shiro.authentication.SimpleDelegatingVerifier - AuthenticationException 'Authentication failed for token submission [org.apache.shiro.authc.UsernamePasswordToken - admin, rememberMe=false].  Possible unexpected error? (Typical or expected login exceptions should extend from AuthenticationException).' when login in admin
org.apache.shiro.authc.AuthenticationException: Authentication failed for token submission [org.apache.shiro.authc.UsernamePasswordToken - admin, rememberMe=false].  Possible unexpected error? (Typical or expected login exceptions should extend from AuthenticationException).
	at org.apache.shiro.authc.AbstractAuthenticator.authenticate(AbstractAuthenticator.java:214) ~[na:na]
	at org.apache.shiro.mgt.AuthenticatingSecurityManager.authenticate(AuthenticatingSecurityManager.java:106) ~[na:na]
	at org.apache.shiro.mgt.DefaultSecurityManager.login(DefaultSecurityManager.java:270) ~[na:na]
	at org.apache.shiro.subject.support.DelegatingSubject.login(DelegatingSubject.java:256) ~[na:na]
	at io.skysail.server.um.shiro.authentication.SimpleDelegatingVerifier.verify(SimpleDelegatingVerifier.java:29) ~[na:na]
	at org.restlet.security.SecretVerifier.verify(SecretVerifier.java:132) [org.restlet.jar:na]
	at org.restlet.security.ChallengeAuthenticator.authenticate(ChallengeAuthenticator.java:152) [org.restlet.jar:na]
	at org.restlet.ext.crypto.CookieAuthenticator.authenticate(CookieAuthenticator.java:197) [org.restlet.ext.crypto.jar:na]
	at io.skysail.server.um.shiro.authentication.SkysailCookieAuthenticator.authenticate(SkysailCookieAuthenticator.java:78) [skysail.server.um.shiro.jar:na]
	at org.restlet.security.Authenticator.beforeHandle(Authenticator.java:193) [org.restlet.jar:na]
	at org.restlet.ext.crypto.CookieAuthenticator.beforeHandle(CookieAuthenticator.java:231) [org.restlet.ext.crypto.jar:na]
	at org.restlet.routing.Filter.handle(Filter.java:195) [org.restlet.jar:na]
	at org.restlet.routing.Filter.doHandle(Filter.java:150) [org.restlet.jar:na]
	at org.restlet.routing.Filter.handle(Filter.java:197) [org.restlet.jar:na]
	at org.restlet.routing.Filter.doHandle(Filter.java:150) [org.restlet.jar:na]
	at org.restlet.routing.Filter.handle(Filter.java:197) [org.restlet.jar:na]
	at org.restlet.routing.Filter.doHandle(Filter.java:150) [org.restlet.jar:na]
	at org.restlet.routing.Filter.handle(Filter.java:197) [org.restlet.jar:na]
	at org.restlet.routing.Filter.doHandle(Filter.java:150) [org.restlet.jar:na]
	at org.restlet.engine.application.StatusFilter.doHandle(StatusFilter.java:140) [org.restlet.jar:na]
	at org.restlet.routing.Filter.handle(Filter.java:197) [org.restlet.jar:na]
	at org.restlet.routing.Filter.doHandle(Filter.java:150) [org.restlet.jar:na]
	at org.restlet.routing.Filter.handle(Filter.java:197) [org.restlet.jar:na]
	at org.restlet.engine.CompositeHelper.handle(CompositeHelper.java:202) [org.restlet.jar:na]
	at org.restlet.engine.application.ApplicationHelper.handle(ApplicationHelper.java:75) [org.restlet.jar:na]
	at org.restlet.Application.handle(Application.java:385) [org.restlet.jar:na]
	at org.restlet.routing.Filter.doHandle(Filter.java:150) [org.restlet.jar:na]
	at org.restlet.routing.Filter.handle(Filter.java:197) [org.restlet.jar:na]
	at org.restlet.routing.Router.doHandle(Router.java:422) [org.restlet.jar:na]
	at org.restlet.routing.Router.handle(Router.java:639) [org.restlet.jar:na]
	at org.restlet.routing.Filter.doHandle(Filter.java:150) [org.restlet.jar:na]
	at org.restlet.routing.Filter.handle(Filter.java:197) [org.restlet.jar:na]
	at org.restlet.routing.Router.doHandle(Router.java:422) [org.restlet.jar:na]
	at org.restlet.routing.Router.handle(Router.java:639) [org.restlet.jar:na]
	at org.restlet.routing.Filter.doHandle(Filter.java:150) [org.restlet.jar:na]
	at org.restlet.engine.application.StatusFilter.doHandle(StatusFilter.java:140) [org.restlet.jar:na]
	at org.restlet.routing.Filter.handle(Filter.java:197) [org.restlet.jar:na]
	at org.restlet.routing.Filter.doHandle(Filter.java:150) [org.restlet.jar:na]
	at org.restlet.routing.Filter.handle(Filter.java:197) [org.restlet.jar:na]
	at org.restlet.engine.CompositeHelper.handle(CompositeHelper.java:202) [org.restlet.jar:na]
	at org.restlet.Component.handle(Component.java:408) [org.restlet.jar:na]
	at org.restlet.Server.handle(Server.java:507) [org.restlet.jar:na]
	at org.restlet.engine.connector.ServerHelper.handle(ServerHelper.java:63) [org.restlet.jar:na]
	at org.restlet.engine.adapter.HttpServerHelper.handle(HttpServerHelper.java:143) [org.restlet.jar:na]
	at org.restlet.ext.jetty.JettyServerHelper$WrappedServer.handle(JettyServerHelper.java:273) [org.restlet.ext.jetty.jar:na]
	at org.eclipse.jetty.server.HttpChannel.handle(HttpChannel.java:310) [jetty-server-9.2.11.v20150529.jar:9.2.11.v20150529]
	at org.eclipse.jetty.server.HttpConnection.onFillable(HttpConnection.java:257) [jetty-server-9.2.11.v20150529.jar:9.2.11.v20150529]
	at org.eclipse.jetty.io.AbstractConnection$2.run(AbstractConnection.java:540) [jetty-io-9.2.11.v20150529.jar:9.2.11.v20150529]
	at org.eclipse.jetty.util.thread.QueuedThreadPool.runJob(QueuedThreadPool.java:635) [jetty-util-9.2.11.v20150529.jar:9.2.11.v20150529]
	at org.eclipse.jetty.util.thread.QueuedThreadPool$3.run(QueuedThreadPool.java:555) [jetty-util-9.2.11.v20150529.jar:9.2.11.v20150529]
	at java.lang.Thread.run(Thread.java:745) [na:1.8.0_74]
Caused by: java.lang.NullPointerException: null
	at io.skysail.server.um.shiro.authentication.SkysailAuthenticationInfo.getCredentials(SkysailAuthenticationInfo.java:35) ~[na:na]
	at io.skysail.server.um.shiro.authentication.SkysailHashedCredentialsMatcher.doCredentialsMatch(SkysailHashedCredentialsMatcher.java:30) ~[na:na]
	at org.apache.shiro.realm.AuthenticatingRealm.assertCredentialsMatch(AuthenticatingRealm.java:597) ~[na:na]
	at org.apache.shiro.realm.AuthenticatingRealm.getAuthenticationInfo(AuthenticatingRealm.java:578) ~[na:na]
	at org.apache.shiro.authc.pam.ModularRealmAuthenticator.doSingleRealmAuthentication(ModularRealmAuthenticator.java:180) ~[na:na]
	at org.apache.shiro.authc.pam.ModularRealmAuthenticator.doAuthenticate(ModularRealmAuthenticator.java:267) ~[na:na]
	at org.apache.shiro.authc.AbstractAuthenticator.authenticate(AbstractAuthenticator.java:198) ~[na:na]
	... 50 common frames omitted
INFO  LogService - 2016-10-11	21:14:27	0:0:0:0:0:0:0:1	admin	0:0:0:0:0:0:0:1	2015	GET	/io.skysail.server.um.shiro.app.ShiroUmApplication/v1/_login	-	200	-	0	416	http://localhost:2015	Mozilla/5.0 (Macintosh; Intel Mac OS X 10_12_0) AppleWebKit/537.36 (KHTML, like Gecko) Chrome/52.0.2743.116 Safari/537.36	http://localhost:2015/io.skysail.server.um.shiro.app.ShiroUmApplication/v1/_login
ERROR i.s.s.um.shiro.authentication.SimpleDelegatingVerifier - AuthenticationException 'Authentication failed for token submission [org.apache.shiro.authc.UsernamePasswordToken - admin, rememberMe=false].  Possible unexpected error? (Typical or expected login exceptions should extend from AuthenticationException).' when login in admin
org.apache.shiro.authc.AuthenticationException: Authentication failed for token submission [org.apache.shiro.authc.UsernamePasswordToken - admin, rememberMe=false].  Possible unexpected error? (Typical or expected login exceptions should extend from AuthenticationException).
	at org.apache.shiro.authc.AbstractAuthenticator.authenticate(AbstractAuthenticator.java:214) ~[na:na]
	at org.apache.shiro.mgt.AuthenticatingSecurityManager.authenticate(AuthenticatingSecurityManager.java:106) ~[na:na]
	at org.apache.shiro.mgt.DefaultSecurityManager.login(DefaultSecurityManager.java:270) ~[na:na]
	at org.apache.shiro.subject.support.DelegatingSubject.login(DelegatingSubject.java:256) ~[na:na]
	at io.skysail.server.um.shiro.authentication.SimpleDelegatingVerifier.verify(SimpleDelegatingVerifier.java:29) ~[na:na]
	at org.restlet.security.SecretVerifier.verify(SecretVerifier.java:132) [org.restlet.jar:na]
	at org.restlet.security.ChallengeAuthenticator.authenticate(ChallengeAuthenticator.java:152) [org.restlet.jar:na]
	at org.restlet.ext.crypto.CookieAuthenticator.authenticate(CookieAuthenticator.java:197) [org.restlet.ext.crypto.jar:na]
	at io.skysail.server.um.shiro.authentication.SkysailCookieAuthenticator.authenticate(SkysailCookieAuthenticator.java:78) [skysail.server.um.shiro.jar:na]
	at org.restlet.security.Authenticator.beforeHandle(Authenticator.java:193) [org.restlet.jar:na]
	at org.restlet.ext.crypto.CookieAuthenticator.beforeHandle(CookieAuthenticator.java:231) [org.restlet.ext.crypto.jar:na]
	at org.restlet.routing.Filter.handle(Filter.java:195) [org.restlet.jar:na]
	at org.restlet.routing.Filter.doHandle(Filter.java:150) [org.restlet.jar:na]
	at org.restlet.routing.Filter.handle(Filter.java:197) [org.restlet.jar:na]
	at org.restlet.routing.Filter.doHandle(Filter.java:150) [org.restlet.jar:na]
	at org.restlet.routing.Filter.handle(Filter.java:197) [org.restlet.jar:na]
	at org.restlet.routing.Filter.doHandle(Filter.java:150) [org.restlet.jar:na]
	at org.restlet.routing.Filter.handle(Filter.java:197) [org.restlet.jar:na]
	at org.restlet.routing.Filter.doHandle(Filter.java:150) [org.restlet.jar:na]
	at org.restlet.engine.application.StatusFilter.doHandle(StatusFilter.java:140) [org.restlet.jar:na]
	at org.restlet.routing.Filter.handle(Filter.java:197) [org.restlet.jar:na]
	at org.restlet.routing.Filter.doHandle(Filter.java:150) [org.restlet.jar:na]
	at org.restlet.routing.Filter.handle(Filter.java:197) [org.restlet.jar:na]
	at org.restlet.engine.CompositeHelper.handle(CompositeHelper.java:202) [org.restlet.jar:na]
	at org.restlet.engine.application.ApplicationHelper.handle(ApplicationHelper.java:75) [org.restlet.jar:na]
	at org.restlet.Application.handle(Application.java:385) [org.restlet.jar:na]
	at org.restlet.routing.Filter.doHandle(Filter.java:150) [org.restlet.jar:na]
	at org.restlet.routing.Filter.handle(Filter.java:197) [org.restlet.jar:na]
	at org.restlet.routing.Router.doHandle(Router.java:422) [org.restlet.jar:na]
	at org.restlet.routing.Router.handle(Router.java:639) [org.restlet.jar:na]
	at org.restlet.routing.Filter.doHandle(Filter.java:150) [org.restlet.jar:na]
	at org.restlet.routing.Filter.handle(Filter.java:197) [org.restlet.jar:na]
	at org.restlet.routing.Router.doHandle(Router.java:422) [org.restlet.jar:na]
	at org.restlet.routing.Router.handle(Router.java:639) [org.restlet.jar:na]
	at org.restlet.routing.Filter.doHandle(Filter.java:150) [org.restlet.jar:na]
	at org.restlet.engine.application.StatusFilter.doHandle(StatusFilter.java:140) [org.restlet.jar:na]
	at org.restlet.routing.Filter.handle(Filter.java:197) [org.restlet.jar:na]
	at org.restlet.routing.Filter.doHandle(Filter.java:150) [org.restlet.jar:na]
	at org.restlet.routing.Filter.handle(Filter.java:197) [org.restlet.jar:na]
	at org.restlet.engine.CompositeHelper.handle(CompositeHelper.java:202) [org.restlet.jar:na]
	at org.restlet.Component.handle(Component.java:408) [org.restlet.jar:na]
	at org.restlet.Server.handle(Server.java:507) [org.restlet.jar:na]
	at org.restlet.engine.connector.ServerHelper.handle(ServerHelper.java:63) [org.restlet.jar:na]
	at org.restlet.engine.adapter.HttpServerHelper.handle(HttpServerHelper.java:143) [org.restlet.jar:na]
	at org.restlet.ext.jetty.JettyServerHelper$WrappedServer.handle(JettyServerHelper.java:273) [org.restlet.ext.jetty.jar:na]
	at org.eclipse.jetty.server.HttpChannel.handle(HttpChannel.java:310) [jetty-server-9.2.11.v20150529.jar:9.2.11.v20150529]
	at org.eclipse.jetty.server.HttpConnection.onFillable(HttpConnection.java:257) [jetty-server-9.2.11.v20150529.jar:9.2.11.v20150529]
	at org.eclipse.jetty.io.AbstractConnection$2.run(AbstractConnection.java:540) [jetty-io-9.2.11.v20150529.jar:9.2.11.v20150529]
	at org.eclipse.jetty.util.thread.QueuedThreadPool.runJob(QueuedThreadPool.java:635) [jetty-util-9.2.11.v20150529.jar:9.2.11.v20150529]
	at org.eclipse.jetty.util.thread.QueuedThreadPool$3.run(QueuedThreadPool.java:555) [jetty-util-9.2.11.v20150529.jar:9.2.11.v20150529]
	at java.lang.Thread.run(Thread.java:745) [na:1.8.0_74]
Caused by: java.lang.NullPointerException: null
	at io.skysail.server.um.shiro.authentication.SkysailAuthenticationInfo.getCredentials(SkysailAuthenticationInfo.java:35) ~[na:na]
	at io.skysail.server.um.shiro.authentication.SkysailHashedCredentialsMatcher.doCredentialsMatch(SkysailHashedCredentialsMatcher.java:30) ~[na:na]
	at org.apache.shiro.realm.AuthenticatingRealm.assertCredentialsMatch(AuthenticatingRealm.java:597) ~[na:na]
	at org.apache.shiro.realm.AuthenticatingRealm.getAuthenticationInfo(AuthenticatingRealm.java:578) ~[na:na]
	at org.apache.shiro.authc.pam.ModularRealmAuthenticator.doSingleRealmAuthentication(ModularRealmAuthenticator.java:180) ~[na:na]
	at org.apache.shiro.authc.pam.ModularRealmAuthenticator.doAuthenticate(ModularRealmAuthenticator.java:267) ~[na:na]
	at org.apache.shiro.authc.AbstractAuthenticator.authenticate(AbstractAuthenticator.java:198) ~[na:na]
	... 50 common frames omitted
INFO  LogService - 2016-10-11	21:14:30	0:0:0:0:0:0:0:1	admin	0:0:0:0:0:0:0:1	2015	POST	/io.skysail.server.um.shiro.app.ShiroUmApplication/v1/_login	-	303	-	45	483	http://localhost:2015	Mozilla/5.0 (Macintosh; Intel Mac OS X 10_12_0) AppleWebKit/537.36 (KHTML, like Gecko) Chrome/52.0.2743.116 Safari/537.36	http://localhost:2015/io.skysail.server.um.shiro.app.ShiroUmApplication/v1/_login
ERROR i.s.s.um.shiro.authentication.SimpleDelegatingVerifier - AuthenticationException 'Authentication failed for token submission [org.apache.shiro.authc.UsernamePasswordToken - admin, rememberMe=false].  Possible unexpected error? (Typical or expected login exceptions should extend from AuthenticationException).' when login in admin
org.apache.shiro.authc.AuthenticationException: Authentication failed for token submission [org.apache.shiro.authc.UsernamePasswordToken - admin, rememberMe=false].  Possible unexpected error? (Typical or expected login exceptions should extend from AuthenticationException).
	at org.apache.shiro.authc.AbstractAuthenticator.authenticate(AbstractAuthenticator.java:214) ~[na:na]
	at org.apache.shiro.mgt.AuthenticatingSecurityManager.authenticate(AuthenticatingSecurityManager.java:106) ~[na:na]
	at org.apache.shiro.mgt.DefaultSecurityManager.login(DefaultSecurityManager.java:270) ~[na:na]
	at org.apache.shiro.subject.support.DelegatingSubject.login(DelegatingSubject.java:256) ~[na:na]
	at io.skysail.server.um.shiro.authentication.SimpleDelegatingVerifier.verify(SimpleDelegatingVerifier.java:29) ~[na:na]
	at org.restlet.security.SecretVerifier.verify(SecretVerifier.java:132) [org.restlet.jar:na]
	at org.restlet.security.ChallengeAuthenticator.authenticate(ChallengeAuthenticator.java:152) [org.restlet.jar:na]
	at org.restlet.ext.crypto.CookieAuthenticator.authenticate(CookieAuthenticator.java:197) [org.restlet.ext.crypto.jar:na]
	at io.skysail.server.um.shiro.authentication.SkysailCookieAuthenticator.authenticate(SkysailCookieAuthenticator.java:78) [skysail.server.um.shiro.jar:na]
	at org.restlet.security.Authenticator.beforeHandle(Authenticator.java:193) [org.restlet.jar:na]
	at org.restlet.ext.crypto.CookieAuthenticator.beforeHandle(CookieAuthenticator.java:231) [org.restlet.ext.crypto.jar:na]
	at org.restlet.routing.Filter.handle(Filter.java:195) [org.restlet.jar:na]
	at org.restlet.routing.Filter.doHandle(Filter.java:150) [org.restlet.jar:na]
	at org.restlet.routing.Filter.handle(Filter.java:197) [org.restlet.jar:na]
	at org.restlet.routing.Filter.doHandle(Filter.java:150) [org.restlet.jar:na]
	at org.restlet.routing.Filter.handle(Filter.java:197) [org.restlet.jar:na]
	at org.restlet.routing.Filter.doHandle(Filter.java:150) [org.restlet.jar:na]
	at org.restlet.routing.Filter.handle(Filter.java:197) [org.restlet.jar:na]
	at org.restlet.routing.Filter.doHandle(Filter.java:150) [org.restlet.jar:na]
	at org.restlet.engine.application.StatusFilter.doHandle(StatusFilter.java:140) [org.restlet.jar:na]
	at org.restlet.routing.Filter.handle(Filter.java:197) [org.restlet.jar:na]
	at org.restlet.routing.Filter.doHandle(Filter.java:150) [org.restlet.jar:na]
	at org.restlet.routing.Filter.handle(Filter.java:197) [org.restlet.jar:na]
	at org.restlet.engine.CompositeHelper.handle(CompositeHelper.java:202) [org.restlet.jar:na]
	at org.restlet.engine.application.ApplicationHelper.handle(ApplicationHelper.java:75) [org.restlet.jar:na]
	at org.restlet.Application.handle(Application.java:385) [org.restlet.jar:na]
	at org.restlet.routing.Filter.doHandle(Filter.java:150) [org.restlet.jar:na]
	at org.restlet.routing.Filter.handle(Filter.java:197) [org.restlet.jar:na]
	at org.restlet.routing.Router.doHandle(Router.java:422) [org.restlet.jar:na]
	at org.restlet.routing.Router.handle(Router.java:639) [org.restlet.jar:na]
	at org.restlet.routing.Filter.doHandle(Filter.java:150) [org.restlet.jar:na]
	at org.restlet.routing.Filter.handle(Filter.java:197) [org.restlet.jar:na]
	at org.restlet.routing.Router.doHandle(Router.java:422) [org.restlet.jar:na]
	at org.restlet.routing.Router.handle(Router.java:639) [org.restlet.jar:na]
	at org.restlet.routing.Filter.doHandle(Filter.java:150) [org.restlet.jar:na]
	at org.restlet.engine.application.StatusFilter.doHandle(StatusFilter.java:140) [org.restlet.jar:na]
	at org.restlet.routing.Filter.handle(Filter.java:197) [org.restlet.jar:na]
	at org.restlet.routing.Filter.doHandle(Filter.java:150) [org.restlet.jar:na]
	at org.restlet.routing.Filter.handle(Filter.java:197) [org.restlet.jar:na]
	at org.restlet.engine.CompositeHelper.handle(CompositeHelper.java:202) [org.restlet.jar:na]
	at org.restlet.Component.handle(Component.java:408) [org.restlet.jar:na]
	at org.restlet.Server.handle(Server.java:507) [org.restlet.jar:na]
	at org.restlet.engine.connector.ServerHelper.handle(ServerHelper.java:63) [org.restlet.jar:na]
	at org.restlet.engine.adapter.HttpServerHelper.handle(HttpServerHelper.java:143) [org.restlet.jar:na]
	at org.restlet.ext.jetty.JettyServerHelper$WrappedServer.handle(JettyServerHelper.java:273) [org.restlet.ext.jetty.jar:na]
	at org.eclipse.jetty.server.HttpChannel.handle(HttpChannel.java:310) [jetty-server-9.2.11.v20150529.jar:9.2.11.v20150529]
	at org.eclipse.jetty.server.HttpConnection.onFillable(HttpConnection.java:257) [jetty-server-9.2.11.v20150529.jar:9.2.11.v20150529]
	at org.eclipse.jetty.io.AbstractConnection$2.run(AbstractConnection.java:540) [jetty-io-9.2.11.v20150529.jar:9.2.11.v20150529]
	at org.eclipse.jetty.util.thread.QueuedThreadPool.runJob(QueuedThreadPool.java:635) [jetty-util-9.2.11.v20150529.jar:9.2.11.v20150529]
	at org.eclipse.jetty.util.thread.QueuedThreadPool$3.run(QueuedThreadPool.java:555) [jetty-util-9.2.11.v20150529.jar:9.2.11.v20150529]
	at java.lang.Thread.run(Thread.java:745) [na:1.8.0_74]
Caused by: java.lang.NullPointerException: null
	at io.skysail.server.um.shiro.authentication.SkysailAuthenticationInfo.getCredentials(SkysailAuthenticationInfo.java:35) ~[na:na]
	at io.skysail.server.um.shiro.authentication.SkysailHashedCredentialsMatcher.doCredentialsMatch(SkysailHashedCredentialsMatcher.java:30) ~[na:na]
	at org.apache.shiro.realm.AuthenticatingRealm.assertCredentialsMatch(AuthenticatingRealm.java:597) ~[na:na]
	at org.apache.shiro.realm.AuthenticatingRealm.getAuthenticationInfo(AuthenticatingRealm.java:578) ~[na:na]
	at org.apache.shiro.authc.pam.ModularRealmAuthenticator.doSingleRealmAuthentication(ModularRealmAuthenticator.java:180) ~[na:na]
	at org.apache.shiro.authc.pam.ModularRealmAuthenticator.doAuthenticate(ModularRealmAuthenticator.java:267) ~[na:na]
	at org.apache.shiro.authc.AbstractAuthenticator.authenticate(AbstractAuthenticator.java:198) ~[na:na]
	... 50 common frames omitted
INFO  LogService - 2016-10-11	21:14:30	0:0:0:0:0:0:0:1	admin	0:0:0:0:0:0:0:1	2015	GET	/_login	msgIds=1	303	0	0	13	http://localhost:2015	Mozilla/5.0 (Macintosh; Intel Mac OS X 10_12_0) AppleWebKit/537.36 (KHTML, like Gecko) Chrome/52.0.2743.116 Safari/537.36	http://localhost:2015/io.skysail.server.um.shiro.app.ShiroUmApplication/v1/_login
ERROR i.s.s.um.shiro.authentication.SimpleDelegatingVerifier - AuthenticationException 'Authentication failed for token submission [org.apache.shiro.authc.UsernamePasswordToken - admin, rememberMe=false].  Possible unexpected error? (Typical or expected login exceptions should extend from AuthenticationException).' when login in admin
org.apache.shiro.authc.AuthenticationException: Authentication failed for token submission [org.apache.shiro.authc.UsernamePasswordToken - admin, rememberMe=false].  Possible unexpected error? (Typical or expected login exceptions should extend from AuthenticationException).
	at org.apache.shiro.authc.AbstractAuthenticator.authenticate(AbstractAuthenticator.java:214) ~[na:na]
	at org.apache.shiro.mgt.AuthenticatingSecurityManager.authenticate(AuthenticatingSecurityManager.java:106) ~[na:na]
	at org.apache.shiro.mgt.DefaultSecurityManager.login(DefaultSecurityManager.java:270) ~[na:na]
	at org.apache.shiro.subject.support.DelegatingSubject.login(DelegatingSubject.java:256) ~[na:na]
	at io.skysail.server.um.shiro.authentication.SimpleDelegatingVerifier.verify(SimpleDelegatingVerifier.java:29) ~[na:na]
	at org.restlet.security.SecretVerifier.verify(SecretVerifier.java:132) [org.restlet.jar:na]
	at org.restlet.security.ChallengeAuthenticator.authenticate(ChallengeAuthenticator.java:152) [org.restlet.jar:na]
	at org.restlet.ext.crypto.CookieAuthenticator.authenticate(CookieAuthenticator.java:197) [org.restlet.ext.crypto.jar:na]
	at io.skysail.server.um.shiro.authentication.SkysailCookieAuthenticator.authenticate(SkysailCookieAuthenticator.java:78) [skysail.server.um.shiro.jar:na]
	at org.restlet.security.Authenticator.beforeHandle(Authenticator.java:193) [org.restlet.jar:na]
	at org.restlet.ext.crypto.CookieAuthenticator.beforeHandle(CookieAuthenticator.java:231) [org.restlet.ext.crypto.jar:na]
	at org.restlet.routing.Filter.handle(Filter.java:195) [org.restlet.jar:na]
	at org.restlet.routing.Filter.doHandle(Filter.java:150) [org.restlet.jar:na]
	at org.restlet.routing.Filter.handle(Filter.java:197) [org.restlet.jar:na]
	at org.restlet.routing.Filter.doHandle(Filter.java:150) [org.restlet.jar:na]
	at org.restlet.routing.Filter.handle(Filter.java:197) [org.restlet.jar:na]
	at org.restlet.routing.Filter.doHandle(Filter.java:150) [org.restlet.jar:na]
	at org.restlet.routing.Filter.handle(Filter.java:197) [org.restlet.jar:na]
	at org.restlet.routing.Filter.doHandle(Filter.java:150) [org.restlet.jar:na]
	at org.restlet.engine.application.StatusFilter.doHandle(StatusFilter.java:140) [org.restlet.jar:na]
	at org.restlet.routing.Filter.handle(Filter.java:197) [org.restlet.jar:na]
	at org.restlet.routing.Filter.doHandle(Filter.java:150) [org.restlet.jar:na]
	at org.restlet.routing.Filter.handle(Filter.java:197) [org.restlet.jar:na]
	at org.restlet.engine.CompositeHelper.handle(CompositeHelper.java:202) [org.restlet.jar:na]
	at org.restlet.engine.application.ApplicationHelper.handle(ApplicationHelper.java:75) [org.restlet.jar:na]
	at org.restlet.Application.handle(Application.java:385) [org.restlet.jar:na]
	at org.restlet.routing.Filter.doHandle(Filter.java:150) [org.restlet.jar:na]
	at org.restlet.routing.Filter.handle(Filter.java:197) [org.restlet.jar:na]
	at org.restlet.routing.Router.doHandle(Router.java:422) [org.restlet.jar:na]
	at org.restlet.routing.Router.handle(Router.java:639) [org.restlet.jar:na]
	at org.restlet.routing.Filter.doHandle(Filter.java:150) [org.restlet.jar:na]
	at org.restlet.routing.Filter.handle(Filter.java:197) [org.restlet.jar:na]
	at org.restlet.routing.Router.doHandle(Router.java:422) [org.restlet.jar:na]
	at org.restlet.routing.Router.handle(Router.java:639) [org.restlet.jar:na]
	at org.restlet.routing.Filter.doHandle(Filter.java:150) [org.restlet.jar:na]
	at org.restlet.engine.application.StatusFilter.doHandle(StatusFilter.java:140) [org.restlet.jar:na]
	at org.restlet.routing.Filter.handle(Filter.java:197) [org.restlet.jar:na]
	at org.restlet.routing.Filter.doHandle(Filter.java:150) [org.restlet.jar:na]
	at org.restlet.routing.Filter.handle(Filter.java:197) [org.restlet.jar:na]
	at org.restlet.engine.CompositeHelper.handle(CompositeHelper.java:202) [org.restlet.jar:na]
	at org.restlet.Component.handle(Component.java:408) [org.restlet.jar:na]
	at org.restlet.Server.handle(Server.java:507) [org.restlet.jar:na]
	at org.restlet.engine.connector.ServerHelper.handle(ServerHelper.java:63) [org.restlet.jar:na]
	at org.restlet.engine.adapter.HttpServerHelper.handle(HttpServerHelper.java:143) [org.restlet.jar:na]
	at org.restlet.ext.jetty.JettyServerHelper$WrappedServer.handle(JettyServerHelper.java:273) [org.restlet.ext.jetty.jar:na]
	at org.eclipse.jetty.server.HttpChannel.handle(HttpChannel.java:310) [jetty-server-9.2.11.v20150529.jar:9.2.11.v20150529]
	at org.eclipse.jetty.server.HttpConnection.onFillable(HttpConnection.java:257) [jetty-server-9.2.11.v20150529.jar:9.2.11.v20150529]
	at org.eclipse.jetty.io.AbstractConnection$2.run(AbstractConnection.java:540) [jetty-io-9.2.11.v20150529.jar:9.2.11.v20150529]
	at org.eclipse.jetty.util.thread.QueuedThreadPool.runJob(QueuedThreadPool.java:635) [jetty-util-9.2.11.v20150529.jar:9.2.11.v20150529]
	at org.eclipse.jetty.util.thread.QueuedThreadPool$3.run(QueuedThreadPool.java:555) [jetty-util-9.2.11.v20150529.jar:9.2.11.v20150529]
	at java.lang.Thread.run(Thread.java:745) [na:1.8.0_74]
Caused by: java.lang.NullPointerException: null
	at io.skysail.server.um.shiro.authentication.SkysailAuthenticationInfo.getCredentials(SkysailAuthenticationInfo.java:35) ~[na:na]
	at io.skysail.server.um.shiro.authentication.SkysailHashedCredentialsMatcher.doCredentialsMatch(SkysailHashedCredentialsMatcher.java:30) ~[na:na]
	at org.apache.shiro.realm.AuthenticatingRealm.assertCredentialsMatch(AuthenticatingRealm.java:597) ~[na:na]
	at org.apache.shiro.realm.AuthenticatingRealm.getAuthenticationInfo(AuthenticatingRealm.java:578) ~[na:na]
	at org.apache.shiro.authc.pam.ModularRealmAuthenticator.doSingleRealmAuthentication(ModularRealmAuthenticator.java:180) ~[na:na]
	at org.apache.shiro.authc.pam.ModularRealmAuthenticator.doAuthenticate(ModularRealmAuthenticator.java:267) ~[na:na]
	at org.apache.shiro.authc.AbstractAuthenticator.authenticate(AbstractAuthenticator.java:198) ~[na:na]
	... 50 common frames omitted
INFO  LogService - 2016-10-11	21:14:31	0:0:0:0:0:0:0:1	admin	0:0:0:0:0:0:0:1	2015	GET	/io.skysail.server.um.shiro.app.ShiroUmApplication/v1/_login	-	200	-	0	453	http://localhost:2015	Mozilla/5.0 (Macintosh; Intel Mac OS X 10_12_0) AppleWebKit/537.36 (KHTML, like Gecko) Chrome/52.0.2743.116 Safari/537.36	http://localhost:2015/io.skysail.server.um.shiro.app.ShiroUmApplication/v1/_login
