#
# A fatal error has been detected by the Java Runtime Environment:
#
#  EXCEPTION_ACCESS_VIOLATION (0xc0000005) at pc=0x000000006fb98f45, pid=6788, tid=11260
#
# JRE version: Java(TM) SE Runtime Environment (8.0_91-b15) (build 1.8.0_91-b15)
# Java VM: Java HotSpot(TM) 64-Bit Server VM (25.91-b15 mixed mode windows-amd64 compressed oops)
# Problematic frame:
# V  [jvm.dll+0x128f45]
#
# Failed to write core dump. Minidumps are not enabled by default on client versions of Windows
#
# If you would like to submit a bug report, please visit:
#   http://bugreport.java.com/bugreport/crash.jsp
#

---------------  T H R E A D  ---------------

Current thread (0x000000001d6b7800):  JavaThread "JDWP Transport Listener: dt_socket" daemon [_thread_in_vm, id=11260, stack(0x000000001f230000,0x000000001f330000)]

siginfo: ExceptionCode=0xc0000005, reading address 0xffffffffffffffff

Registers:
RAX=0x000000001f32f901, RBX=0x000000001d6b7800, RCX=0x003000656c694665, RDX=0x0000000000000000
RSP=0x000000001f32f930, RBP=0x003000656c694665, RSI=0x000000001f32fa48, RDI=0x0000000002089490
R8 =0x000000001d6b7800, R9 =0x000000000000ff00, R10=0x0000000000000000, R11=0x04000bc0000e0010
R12=0x0000000000000000, R13=0x000000001d6bdec8, R14=0x0000000000000000, R15=0x0000000000000000
RIP=0x000000006fb98f45, EFLAGS=0x0000000000010206

Top of Stack: (sp=0x000000001f32f930)
0x000000001f32f930:   000000001d6b7800 0000000020c3dd50
0x000000001f32f940:   000000001f32f9f8 000000006fd9f32b
0x000000001f32f950:   000000001d6b7800 000000006fdbbb8d
0x000000001f32f960:   0000000000000000 0000000057d59155
0x000000001f32f970:   0000000020a1d760 0000000057d6291e
0x000000001f32f980:   000000001d6b7800 0000000000000000
0x000000001f32f990:   0000000000000000 0000000000000000
0x000000001f32f9a0:   003000656c694665 0000000057d61a15
0x000000001f32f9b0:   000000001f32fa48 000000001f32fa20
0x000000001f32f9c0:   0000000000000001 0000000020a1d760
0x000000001f32f9d0:   003000656c694665 0000000057d453b3
0x000000001f32f9e0:   000000001f32fb10 0000000000000001
0x000000001f32f9f0:   0000000000000001 0000000020a1d760
0x000000001f32fa00:   0000000000000002 0000000000000000
0x000000001f32fa10:   0000000000000000 0000000000000000
0x000000001f32fa20:   0000000000000001 0000000057d45571 

Instructions: (pc=0x000000006fb98f45)
0x000000006fb98f25:   cc cc cc cc cc cc cc cc cc cc cc 48 83 ec 28 48
0x000000006fb98f35:   85 c9 75 07 33 c0 48 83 c4 28 c3 48 89 5c 24 20
0x000000006fb98f45:   48 8b 19 48 85 db 74 20 48 83 fb 37 74 1a 48 8b
0x000000006fb98f55:   13 48 8b cb ff 52 10 84 c0 74 0d 48 8b c3 48 8b 


Register to memory mapping:

RAX=0x000000001f32f901 is pointing into the stack for thread: 0x000000001d6b7800
RBX=0x000000001d6b7800 is a thread
RCX=0x003000656c694665 is an unknown value
RDX=0x0000000000000000 is an unknown value
RSP=0x000000001f32f930 is pointing into the stack for thread: 0x000000001d6b7800
RBP=0x003000656c694665 is an unknown value
RSI=0x000000001f32fa48 is pointing into the stack for thread: 0x000000001d6b7800
RDI=0x0000000002089490 is an unknown value
R8 =0x000000001d6b7800 is a thread
R9 =0x000000000000ff00 is an unknown value
R10=0x0000000000000000 is an unknown value
R11=0x04000bc0000e0010 is an unknown value
R12=0x0000000000000000 is an unknown value
R13=0x000000001d6bdec8 is an unknown value
R14=0x0000000000000000 is an unknown value
R15=0x0000000000000000 is an unknown value


Stack: [0x000000001f230000,0x000000001f330000],  sp=0x000000001f32f930,  free space=1022k
Native frames: (J=compiled Java code, j=interpreted, Vv=VM code, C=native code)
V  [jvm.dll+0x128f45]
V  [jvm.dll+0x34bb8d]
C  [jdwp.dll+0x21a15]
C  [jdwp.dll+0x53b3]
C  [jdwp.dll+0x5571]
C  [jdwp.dll+0xf0a8]
C  [jdwp.dll+0x1f2d5]
C  [jdwp.dll+0x1f4aa]
V  [jvm.dll+0x1bbf38]
V  [jvm.dll+0x243ae4]
V  [jvm.dll+0x29a99a]
C  [msvcr100.dll+0x21d9f]
C  [msvcr100.dll+0x21e3b]
C  [kernel32.dll+0x159bd]
C  [ntdll.dll+0x2a2e1]


---------------  P R O C E S S  ---------------

Java Threads: ( => current thread )
  0x00000000200cd800 JavaThread "ReaderThread" [_thread_in_native, id=6780, stack(0x00000000206b0000,0x00000000207b0000)]
  0x000000001d761000 JavaThread "Service Thread" daemon [_thread_blocked, id=9464, stack(0x000000001f540000,0x000000001f640000)]
  0x000000001d6e3000 JavaThread "C1 CompilerThread3" daemon [_thread_blocked, id=9588, stack(0x000000001fbd0000,0x000000001fcd0000)]
  0x000000001d6e2800 JavaThread "C2 CompilerThread2" daemon [_thread_blocked, id=6540, stack(0x000000001f780000,0x000000001f880000)]
  0x000000001d6df800 JavaThread "C2 CompilerThread1" daemon [_thread_blocked, id=7824, stack(0x000000001fa40000,0x000000001fb40000)]
  0x000000001d6d4000 JavaThread "C2 CompilerThread0" daemon [_thread_blocked, id=11240, stack(0x000000001f8d0000,0x000000001f9d0000)]
  0x000000001d6c5800 JavaThread "JDWP Command Reader" daemon [_thread_in_native, id=4504, stack(0x000000001f650000,0x000000001f750000)]
  0x000000001d6c0800 JavaThread "JDWP Event Helper Thread" daemon [_thread_blocked, id=1036, stack(0x000000001f410000,0x000000001f510000)]
=>0x000000001d6b7800 JavaThread "JDWP Transport Listener: dt_socket" daemon [_thread_in_vm, id=11260, stack(0x000000001f230000,0x000000001f330000)]
  0x000000001d6aa000 JavaThread "Attach Listener" daemon [_thread_blocked, id=392, stack(0x000000001ede0000,0x000000001eee0000)]
  0x000000001d6a9000 JavaThread "Signal Dispatcher" daemon [_thread_blocked, id=6264, stack(0x000000001eb70000,0x000000001ec70000)]
  0x000000001c704800 JavaThread "Finalizer" daemon [_thread_blocked, id=11016, stack(0x000000001ea40000,0x000000001eb40000)]
  0x000000001c6fd800 JavaThread "Reference Handler" daemon [_thread_blocked, id=3496, stack(0x000000001e840000,0x000000001e940000)]
  0x0000000001f2e000 JavaThread "main" [_thread_blocked, id=6860, stack(0x00000000022a0000,0x00000000023a0000)]

Other Threads:
  0x000000001c6f6000 VMThread [stack: 0x000000001e6f0000,0x000000001e7f0000] [id=10304]
  0x000000001d76f800 WatcherThread [stack: 0x000000001fcd0000,0x000000001fdd0000] [id=12156]

VM state:not at safepoint (normal execution)

VM Mutex/Monitor currently owned by a thread: None

Heap:
 PSYoungGen      total 76288K, used 51142K [0x000000076b400000, 0x0000000770900000, 0x00000007c0000000)
  eden space 65536K, 78% used [0x000000076b400000,0x000000076e5f1940,0x000000076f400000)
  from space 10752K, 0% used [0x000000076fe80000,0x000000076fe80000,0x0000000770900000)
  to   space 10752K, 0% used [0x000000076f400000,0x000000076f400000,0x000000076fe80000)
 ParOldGen       total 175104K, used 0K [0x00000006c1c00000, 0x00000006cc700000, 0x000000076b400000)
  object space 175104K, 0% used [0x00000006c1c00000,0x00000006c1c00000,0x00000006cc700000)
 Metaspace       used 11797K, capacity 11994K, committed 12288K, reserved 1060864K
  class space    used 1440K, capacity 1505K, committed 1536K, reserved 1048576K

Card table byte_map: [0x0000000011a30000,0x0000000012230000] byte_map_base: 0x000000000e422000

Marking Bits: (ParMarkBitMap*) 0x0000000070282f70
 Begin Bits: [0x00000000135f0000, 0x0000000017580000)
 End Bits:   [0x0000000017580000, 0x000000001b510000)

Polling page: 0x0000000000320000

CodeCache: size=245760Kb used=3592Kb max_used=3592Kb free=242167Kb
 bounds [0x0000000002670000, 0x0000000002a00000, 0x0000000011670000]
 total_blobs=1240 nmethods=894 adapters=267
 compilation: enabled

Compilation events (10 events):
Event: 51.059 Thread 0x000000001d6e3000  890       3       jdk.internal.org.objectweb.asm.Frame::get (46 bytes)
Event: 51.059 Thread 0x000000001d6e3000 nmethod 890 0x00000000029ed7d0 code [0x00000000029ed940, 0x00000000029edb90]
Event: 51.059 Thread 0x000000001d6e3000  883       1       java.lang.invoke.LambdaForm::arity (5 bytes)
Event: 51.059 Thread 0x000000001d6e3000 nmethod 883 0x00000000029ed490 code [0x00000000029ed5e0, 0x00000000029ed6f0]
Event: 51.060 Thread 0x000000001d6e3000  891       3       jdk.internal.org.objectweb.asm.ByteVector::<init> (13 bytes)
Event: 51.060 Thread 0x000000001d6e3000 nmethod 891 0x00000000029f1b90 code [0x00000000029f1d00, 0x00000000029f1f50]
Event: 51.060 Thread 0x000000001d6e3000  892       3       jdk.internal.org.objectweb.asm.ByteVector::putByteArray (49 bytes)
Event: 51.060 Thread 0x000000001d6e3000 nmethod 892 0x00000000029f23d0 code [0x00000000029f2540, 0x00000000029f2858]
Event: 51.060 Thread 0x000000001d6e3000  894       3       jdk.internal.org.objectweb.asm.ByteVector::putInt (74 bytes)
Event: 51.060 Thread 0x000000001d6e3000 nmethod 894 0x00000000029f2950 code [0x00000000029f2ac0, 0x00000000029f2d68]

GC Heap History (0 events):
No events

Deoptimization events (10 events):
Event: 1.229 Thread 0x0000000001f2e000 Uncommon trap: reason=range_check action=none pc=0x0000000002930ce4 method=sun.reflect.generics.parser.SignatureParser.current()C @ 34
Event: 1.230 Thread 0x0000000001f2e000 Uncommon trap: reason=range_check action=none pc=0x0000000002930ce4 method=sun.reflect.generics.parser.SignatureParser.current()C @ 34
Event: 1.230 Thread 0x0000000001f2e000 Uncommon trap: reason=range_check action=none pc=0x0000000002930ce4 method=sun.reflect.generics.parser.SignatureParser.current()C @ 34
Event: 1.230 Thread 0x0000000001f2e000 Uncommon trap: reason=range_check action=none pc=0x0000000002930ce4 method=sun.reflect.generics.parser.SignatureParser.current()C @ 34
Event: 1.232 Thread 0x0000000001f2e000 Uncommon trap: reason=range_check action=none pc=0x0000000002930ce4 method=sun.reflect.generics.parser.SignatureParser.current()C @ 34
Event: 1.232 Thread 0x0000000001f2e000 Uncommon trap: reason=range_check action=none pc=0x0000000002930ce4 method=sun.reflect.generics.parser.SignatureParser.current()C @ 34
Event: 1.234 Thread 0x0000000001f2e000 Uncommon trap: reason=range_check action=none pc=0x0000000002930ce4 method=sun.reflect.generics.parser.SignatureParser.current()C @ 34
Event: 1.274 Thread 0x0000000001f2e000 Uncommon trap: reason=range_check action=none pc=0x0000000002930ce4 method=sun.reflect.generics.parser.SignatureParser.current()C @ 34
Event: 1.302 Thread 0x0000000001f2e000 Uncommon trap: reason=unstable_if action=reinterpret pc=0x00000000027f8f64 method=java.lang.String.indexOf([CII[CIII)I @ 3
Event: 51.021 Thread 0x0000000001f2e000 Uncommon trap: reason=predicate action=maybe_recompile pc=0x0000000002959938 method=java.lang.String.regionMatches(ZILjava/lang/String;II)Z @ 63

Internal exceptions (10 events):
Event: 1.232 Thread 0x0000000001f2e000 Exception <a 'java/lang/ArrayIndexOutOfBoundsException': 78> (0x000000076d24c690) thrown at [C:\re\workspace\8-2-build-windows-amd64-cygwin\jdk8u91\7017\hotspot\src\share\vm\interpreter\interpreterRuntime.cpp, line 366]
Event: 1.232 Thread 0x0000000001f2e000 Exception <a 'java/lang/ArrayIndexOutOfBoundsException': 36> (0x000000076d24ded0) thrown at [C:\re\workspace\8-2-build-windows-amd64-cygwin\jdk8u91\7017\hotspot\src\share\vm\interpreter\interpreterRuntime.cpp, line 366]
Event: 1.234 Thread 0x0000000001f2e000 Exception <a 'java/lang/ClassNotFoundException': ch/qos/logback/classic/encoder/PatternLayoutEncoderCustomizer> (0x000000076d2752e0) thrown at [C:\re\workspace\8-2-build-windows-amd64-cygwin\jdk8u91\7017\hotspot\src\share\vm\classfile\systemDictionary.cpp,¼i}Ù¶¿ó?
Event: 1.234 Thread 0x0000000001f2e000 Exception <a 'java/lang/ArrayIndexOutOfBoundsException': 98> (0x000000076d278338) thrown at [C:\re\workspace\8-2-build-windows-amd64-cygwin\jdk8u91\7017\hotspot\src\share\vm\interpreter\interpreterRuntime.cpp, line 366]
Event: 1.273 Thread 0x0000000001f2e000 Exception <a 'java/lang/ClassNotFoundException': ch/qos/logback/core/FileAppenderBeanInfo> (0x000000076d697400) thrown at [C:\re\workspace\8-2-build-windows-amd64-cygwin\jdk8u91\7017\hotspot\src\share\vm\classfile\systemDictionary.cpp, line 210]
Event: 1.274 Thread 0x0000000001f2e000 Exception <a 'java/lang/ClassNotFoundException': ch/qos/logback/core/FileAppenderCustomizer> (0x000000076d6aebe8) thrown at [C:\re\workspace\8-2-build-windows-amd64-cygwin\jdk8u91\7017\hotspot\src\share\vm\classfile\systemDictionary.cpp, line 210]
Event: 1.274 Thread 0x0000000001f2e000 Exception <a 'java/lang/ArrayIndexOutOfBoundsException': 69> (0x000000076d6b2790) thrown at [C:\re\workspace\8-2-build-windows-amd64-cygwin\jdk8u91\7017\hotspot\src\share\vm\interpreter\interpreterRuntime.cpp, line 366]
Event: 1.298 Thread 0x0000000001f2e000 Exception <a 'java/lang/NoClassDefFoundError': org/apache/log4j/Category> (0x000000076d80d0a0) thrown at [C:\re\workspace\8-2-build-windows-amd64-cygwin\jdk8u91\7017\hotspot\src\share\vm\classfile\systemDictionary.cpp, line 199]
Event: 51.043 Thread 0x0000000001f2e000 Exception <a 'java/lang/NoSuchFieldError': method resolution failed> (0x000000076e4528e8) thrown at [C:\re\workspace\8-2-build-windows-amd64-cygwin\jdk8u91\7017\hotspot\src\share\vm\prims\methodHandles.cpp, line 1146]
Event: 51.046 Thread 0x0000000001f2e000 Exception <a 'java/lang/NoSuchFieldError': method resolution failed> (0x000000076e45ffa8) thrown at [C:\re\workspace\8-2-build-windows-amd64-cygwin\jdk8u91\7017\hotspot\src\share\vm\prims\methodHandles.cpp, line 1146]

Events (10 events):
Event: 172.478 Executing VM operation: GetCurrentLocation
Event: 172.478 Executing VM operation: GetCurrentLocation done
Event: 172.478 Executing VM operation: EnterInterpOnlyMode
Event: 172.478 Executing VM operation: EnterInterpOnlyMode done
Event: 172.478 Executing VM operation: ChangeSingleStep
Event: 172.478 Executing VM operation: ChangeSingleStep done
Event: 172.478 Executing VM operation: ChangeSingleStep
Event: 172.478 Executing VM operation: ChangeSingleStep done
Event: 172.484 Executing VM operation: RedefineClasses
Event: 172.488 Executing VM operation: RedefineClasses done


Dynamic libraries:
0x000000013fe50000 - 0x000000013fe87000 	C:\Program Files\Java\jre1.8.0_91\bin\javaw.exe
0x0000000077a90000 - 0x0000000077c3b000 	C:\Windows\SYSTEM32\ntdll.dll
0x0000000077870000 - 0x000000007798f000 	C:\Windows\system32\kernel32.dll
0x000007fefd7f0000 - 0x000007fefd85a000 	C:\Windows\system32\KERNELBASE.dll
0x000007fefee10000 - 0x000007fefeeeb000 	C:\Windows\system32\ADVAPI32.dll
0x000007feff710000 - 0x000007feff7af000 	C:\Windows\system32\msvcrt.dll
0x000007fefede0000 - 0x000007fefedff000 	C:\Windows\SYSTEM32\sechost.dll
0x000007feffa40000 - 0x000007feffb6d000 	C:\Windows\system32\RPCRT4.dll
0x0000000077990000 - 0x0000000077a8a000 	C:\Windows\system32\USER32.dll
0x000007fefdfe0000 - 0x000007fefe047000 	C:\Windows\system32\GDI32.dll
0x000007fefee00000 - 0x000007fefee0e000 	C:\Windows\system32\LPK.dll
0x000007feff5c0000 - 0x000007feff68a000 	C:\Windows\system32\USP10.dll
0x000007fefc170000 - 0x000007fefc364000 	C:\Windows\WinSxS\amd64_microsoft.windows.common-controls_6595b64144ccf1df_6.0.7601.23403_none_e36ad4593102f066\COMCTL32.dll
0x000007feff7e0000 - 0x000007feff851000 	C:\Windows\system32\SHLWAPI.dll
0x000007feff7b0000 - 0x000007feff7de000 	C:\Windows\system32\IMM32.DLL
0x000007fefdb80000 - 0x000007fefdc89000 	C:\Windows\system32\MSCTF.dll
0x0000000075510000 - 0x0000000075549000 	C:\PROGRA~2\Sophos\SOPHOS~1\SOPHOS~2.DLL
0x0000000077c60000 - 0x0000000077c67000 	C:\Windows\system32\PSAPI.DLL
0x0000000057ed0000 - 0x0000000057fa2000 	C:\Program Files\Java\jre1.8.0_91\bin\msvcr100.dll
0x000000006fa70000 - 0x0000000070303000 	C:\Program Files\Java\jre1.8.0_91\bin\server\jvm.dll
0x000007fefb700000 - 0x000007fefb709000 	C:\Windows\system32\WSOCK32.dll
0x000007feff100000 - 0x000007feff14d000 	C:\Windows\system32\WS2_32.dll
0x000007feff430000 - 0x000007feff438000 	C:\Windows\system32\NSI.dll
0x000007fefb1f0000 - 0x000007fefb22b000 	C:\Windows\system32\WINMM.dll
0x000007fefc940000 - 0x000007fefc94c000 	C:\Windows\system32\VERSION.dll
0x000000006de50000 - 0x000000006de5f000 	C:\Program Files\Java\jre1.8.0_91\bin\verify.dll
0x0000000057ea0000 - 0x0000000057ec9000 	C:\Program Files\Java\jre1.8.0_91\bin\java.dll
0x0000000057d40000 - 0x0000000057d75000 	C:\Program Files\Java\jre1.8.0_91\bin\jdwp.dll
0x0000000057e90000 - 0x0000000057e98000 	C:\Program Files\Java\jre1.8.0_91\bin\npt.dll
0x0000000057e70000 - 0x0000000057e86000 	C:\Program Files\Java\jre1.8.0_91\bin\zip.dll
0x000007fefe050000 - 0x000007fefeddc000 	C:\Windows\system32\SHELL32.dll
0x000007fefeef0000 - 0x000007feff0f3000 	C:\Windows\system32\ole32.dll
0x000007fefd7d0000 - 0x000007fefd7df000 	C:\Windows\system32\profapi.dll
0x0000000067350000 - 0x0000000067359000 	C:\Program Files\Java\jre1.8.0_91\bin\dt_socket.dll
0x000007fefb1d0000 - 0x000007fefb1e5000 	C:\Windows\system32\NLAapi.dll
0x000007fefa0a0000 - 0x000007fefa0b5000 	C:\Windows\system32\napinsp.dll
0x000007fefa080000 - 0x000007fefa099000 	C:\Windows\system32\pnrpnsp.dll
0x000007fefcf60000 - 0x000007fefcfb5000 	C:\Windows\System32\mswsock.dll
0x000007fefcde0000 - 0x000007fefce3b000 	C:\Windows\system32\DNSAPI.dll
0x000007fefa470000 - 0x000007fefa47b000 	C:\Windows\System32\winrnr.dll
0x000007fefc370000 - 0x000007fefc397000 	C:\Windows\system32\IPHLPAPI.DLL
0x000007fefc930000 - 0x000007fefc93b000 	C:\Windows\system32\WINNSI.DLL
0x000007fef9fe0000 - 0x000007fefa033000 	C:\Windows\System32\fwpuclnt.dll
0x000007fef9fd0000 - 0x000007fef9fd8000 	C:\Windows\system32\rasadhlp.dll
0x000007fefc950000 - 0x000007fefc97f000 	C:\ProgramData\Sophos\Web Intelligence\swi_ifslsp_64.dll
0x000007fefc920000 - 0x000007fefc927000 	C:\Windows\System32\wshtcpip.dll
0x0000000057e50000 - 0x0000000057e6a000 	C:\Program Files\Java\jre1.8.0_91\bin\net.dll
0x000007fefcf50000 - 0x000007fefcf57000 	C:\Windows\System32\wship6.dll
0x000007fefaee0000 - 0x000007fefb005000 	C:\Windows\system32\dbghelp.dll

VM Arguments:
jvm_args: -agentlib:jdwp=transport=dt_socket,suspend=y,address=localhost:54794 -ea -Dfile.encoding=Cp1252 
java_command: org.eclipse.jdt.internal.junit.runner.RemoteTestRunner -version 3 -port 54793 -testLoaderClass org.eclipse.jdt.internal.junit4.runner.JUnit4TestLoader -loaderpluginname org.eclipse.jdt.junit4.runtime -test io.skysail.server.forms.test.FormFieldTest:toggle_second_sort_link_toggles_from_empty_to_ASC
java_class_path (initial): C:\git\skysail\skysail.server\bin_test;C:\git\skysail\skysail.server\bin;C:\Users\graefca\.bnd\cache\https%3A%2F%2Fraw.githubusercontent.com%2Fbndtools%2Fbundle-hub%2Fmaster%2Fosgi.core\osgi.core-6.0.0.jar;C:\Users\graefca\.bnd\cache\https%3A%2F%2Fgithub.com%2Fevandor%2Fskysail-repository%2Fraw%2Fmaster%2Frelease\org.osgi.util.function-1.0.0.jar;C:\Users\graefca\.bnd\cache\https%3A%2F%2Fgithub.com%2Fevandor%2Fskysail-repository%2Fraw%2Fmaster%2Frelease\org.osgi.util.promise-1.0.0.jar;C:\Users\graefca\.bnd\cache\https%3A%2F%2Fraw.githubusercontent.com%2Fbndtools%2Fbundle-hub%2Fmaster%2Fosgi.annotation\osgi.annotation-6.0.1.jar;C:\Users\graefca\.bnd\cache\https%3A%2F%2Fraw.githubusercontent.com%2Fbndtools%2Fbundle-hub%2Fmaster%2Fosgi.cmpn\osgi.cmpn-6.0.0.jar;C:\Users\graefca\.bnd\cache\https%3A%2F%2Fgithub.com%2Fevandor%2Fskysail-repository%2Fraw%2Fmaster%2Frelease\org.osgi.service.component-1.3.0.jar;C:\git\skysail\cnf\nonosgi-repo\lombok\lombok-1.16.2.jar;C:\Users\graefca\.bnd\cache\https%3A%2F%2Fgithub.com%2Fevandor%2Fskysail-repository%2Fraw%2Fmaster%2Frelease\guava-16.0.1.jar;C:\Users\graefca\.bnd\cache\https%3A%2F%2Fraw.githubusercontent.com%2Fbndtools%2Fbundle-hub%2Fmaster%2Fslf4j.api\slf4j.api-1.7.7.jar;C:\Users\graefca\.bnd\cache\https%3A%2F%2Fgithub.com%2Fevandor%2Fskysail-repository%2Fraw%2Fmaster%2Frelease\de.twentyeleven.skysail.org.hamcrest.hamcrest-all-osgi-1.3.0.jar;C:\Users\graefca\.bnd\cache\https%3A%2F%2Fgithub.com%2Fevandor%2Fskysail-repository%2Fraw%2Fmaster%2Frelease\com.springsource.org.junit-4.11.0.jar;C:\Users\graefca\.bnd\cache\https%3A%2F%2Fgithub.com%2Fevandor%2Fskysail-repository%2Fraw%2Fmaster%2Frelease\mockito-all-1.10.19.jar;C:\git\skysail\cnf\localrepo\info.cukes.cucumber-core\info.cukes.cucumber-core-1.2.4.jar;C:\git\skysail\cnf\localrepo\info.cukes.cucumber-java\info.cukes.cucumber-java-1.2.4.jar;C:\git\skysail\cnf\localrepo\info.cukes.cucumber-junit\info.cukes.cucumber-junit-1.2.4.jar;C:\git\skysail\cnf\
Launcher Type: SUN_STANDARD

Environment Variables:
JAVA_HOME=C:\Program Files\Java\jdk1.8.0_51
PATH=C:/Program Files/Java/jre1.8.0_102/bin/server;C:/Program Files/Java/jre1.8.0_102/bin;C:/Program Files/Java/jre1.8.0_102/lib/amd64;C:\Program Files\Haskell\bin;C:\Program Files\Haskell Platform\7.10.2-a\lib\extralibs\bin;C:\Program Files\Haskell Platform\7.10.2-a\bin;C:\ProgramData\Oracle\Java\javapath;C:\oraclexe\app\oracle\product\11.2.0\server\bin;C:\Programme\Ora11203\Client_1\bin;C:\Windows\system32;C:\Windows;C:\Windows\System32\Wbem;C:\Windows\System32\WindowsPowerShell\v1.0\;C:\Program Files (x86)\Subversion\bin;C:\Program Files\Java\jdk1.8.0_51\bin;D:\dev\gradle\bin;c:\Program Files (x86)\Microsoft SQL Server\100\Tools\Binn\;c:\Program Files\Microsoft SQL Server\100\Tools\Binn\;c:\Program Files\Microsoft SQL Server\100\DTS\Binn\;c:\Program Files (x86)\Microsoft SQL Server\100\Tools\Binn\VSShell\Common7\IDE\;c:\Program Files (x86)\Microsoft SQL Server\100\DTS\Bin\;C:\Program Files (x86)\Mono-3.2.3\bin;C:\dev\groovy\bin;C:\tools\apache-ant-1.9.3\bin;C:\Program Files (x86)\Git\cmd;C:\tools\apache-maven-3.1.1\bin;C:\Program Files\TortoiseGit\bin;C:\Program Files (x86)\Enterprise Vault\EVClient\;c:\Program Files (x86)\Microsoft SQL Server\100\DTS\Binn\;C:\Users\graefca\AppData\Local\Mozilla Firefox;C:\tools\jbake-2.4.0\bin;C:\Program Files\Haskell Platform\7.10.2-a\mingw\bin;C:\Program Files\Git\cmd;C:\Program Files\nodejs\;C:\tools\spring-1.4.0.RELEASE\bin;C:\Python27;C:\tools\activator-1.3.10-minimal\bin;C:\Program Files\Amazon\AWSCLI\;C:\Program Files (x86)\GTK2-Runtime\bin;C:\Programme\Gemeinsame Dateien\GTK\2.0\bin;C:\Program Files (x86)\sbt\\bin;C:\Program Files\TortoiseSVN\bin;C:\Users\graefca\AppData\Roaming\cabal\bin;C:\Program Files (x86)\Microsoft VS Code\bin;C:\Users\graefca\AppData\Roaming\npm;C:\Program Files\Docker Toolbox;C:\Users\graefca\AppData\Local\atom\bin;C:\Program Files (x86)\NSIS;C:\Users\graefca\eclipse\java-neon\eclipse;
USERNAME=graefca
OS=Windows_NT
PROCESSOR_IDENTIFIER=Intel64 Family 6 Model 60 Stepping 3, GenuineIntel



---------------  S Y S T E M  ---------------

OS: Windows 7 , 64 bit Build 7601 (6.1.7601.23455)

CPU:total 8 (4 cores per cpu, 2 threads per core) family 6 model 60 stepping 3, cmov, cx8, fxsr, mmx, sse, sse2, sse3, ssse3, sse4.1, sse4.2, popcnt, avx, avx2, aes, clmul, erms, lzcnt, ht, tsc, tscinvbit, bmi1, bmi2

Memory: 4k page, physical 16658648k(1666572k free), swap 33036684k(15658764k free)

vm_info: Java HotSpot(TM) 64-Bit Server VM (25.91-b15) for windows-amd64 JRE (1.8.0_91-b15), built on May 20 2016 17:43:15 by "java_re" with MS VC++ 10.0 (VS2010)

time: Wed Oct 19 16:06:04 2016
elapsed time: 172 seconds (0d 0h 2m 52s)

