2016-08-24 13:53:34,347 DEBUG [io.skysail.server.app.SkysailApplication     ] - Instanciating new Skysail ApplicationModel 'SkysailRootApplication'
2016-08-24 13:53:34,383 DEBUG [i.s.server.app.SkysailRootApplication        ] - Currently installed bundles:
2016-08-24 13:53:34,383 DEBUG [i.s.server.app.SkysailRootApplication        ] - ----------------------------
2016-08-24 13:53:34,383 DEBUG [i.s.server.app.SkysailRootApplication        ] - 
2016-08-24 13:53:34,386 DEBUG [i.s.server.app.SkysailRootApplication        ] - org.apache.felix.framework [5.2.0] state 32
2016-08-24 13:53:34,386 DEBUG [i.s.server.app.SkysailRootApplication        ] - osgi.core [6.0.0.201403061837] state 32
2016-08-24 13:53:34,386 DEBUG [i.s.server.app.SkysailRootApplication        ] - javax.el-api [3.0.0] state 32
2016-08-24 13:53:34,386 DEBUG [i.s.server.app.SkysailRootApplication        ] - javax.persistence [2.1.0.v201304241213] state 32
2016-08-24 13:53:34,386 DEBUG [i.s.server.app.SkysailRootApplication        ] - javax.validation.api [1.1.0.Final] state 32
2016-08-24 13:53:34,386 DEBUG [i.s.server.app.SkysailRootApplication        ] - org.apache.commons.beanutils [1.9.2] state 32
2016-08-24 13:53:34,386 DEBUG [i.s.server.app.SkysailRootApplication        ] - org.apache.commons.collections [3.2.1] state 32
2016-08-24 13:53:34,386 DEBUG [i.s.server.app.SkysailRootApplication        ] - org.apache.commons.configuration [1.10.0] state 32
2016-08-24 13:53:34,386 DEBUG [i.s.server.app.SkysailRootApplication        ] - org.apache.commons.io [2.4.0] state 32
2016-08-24 13:53:34,386 DEBUG [i.s.server.app.SkysailRootApplication        ] - org.apache.commons.lang [2.6.0] state 32
2016-08-24 13:53:34,386 DEBUG [i.s.server.app.SkysailRootApplication        ] - org.apache.commons.lang3 [3.3.2] state 32
2016-08-24 13:53:34,387 DEBUG [i.s.server.app.SkysailRootApplication        ] - org.apache.commons.logging [1.1.3] state 32
2016-08-24 13:53:34,387 DEBUG [i.s.server.app.SkysailRootApplication        ] - org.apache.felix.configadmin [1.8.0] state 32
2016-08-24 13:53:34,387 DEBUG [i.s.server.app.SkysailRootApplication        ] - org.apache.felix.fileinstall [3.4.0] state 32
2016-08-24 13:53:34,387 DEBUG [i.s.server.app.SkysailRootApplication        ] - org.apache.felix.eventadmin [1.4.4] state 32
2016-08-24 13:53:34,387 DEBUG [i.s.server.app.SkysailRootApplication        ] - org.apache.felix.gogo.command [0.14.0] state 32
2016-08-24 13:53:34,387 DEBUG [i.s.server.app.SkysailRootApplication        ] - org.apache.felix.gogo.runtime [0.12.1] state 32
2016-08-24 13:53:34,387 DEBUG [i.s.server.app.SkysailRootApplication        ] - org.apache.felix.gogo.shell [0.10.0] state 32
2016-08-24 13:53:34,387 DEBUG [i.s.server.app.SkysailRootApplication        ] - org.apache.felix.log [1.0.1] state 32
2016-08-24 13:53:34,387 DEBUG [i.s.server.app.SkysailRootApplication        ] - org.apache.felix.prefs [1.0.6] state 32
2016-08-24 13:53:34,387 DEBUG [i.s.server.app.SkysailRootApplication        ] - org.apache.felix.scr [2.0.2] state 32
2016-08-24 13:53:34,387 DEBUG [i.s.server.app.SkysailRootApplication        ] - com.fasterxml.jackson.core.jackson-annotations [2.5.1] state 32
2016-08-24 13:53:34,387 DEBUG [i.s.server.app.SkysailRootApplication        ] - com.fasterxml.jackson.core.jackson-core [2.5.1] state 32
2016-08-24 13:53:34,387 DEBUG [i.s.server.app.SkysailRootApplication        ] - com.fasterxml.jackson.core.jackson-databind [2.5.1] state 32
2016-08-24 13:53:34,387 DEBUG [i.s.server.app.SkysailRootApplication        ] - com.fasterxml.jackson.dataformat.jackson-dataformat-xml [2.5.1] state 32
2016-08-24 13:53:34,387 DEBUG [i.s.server.app.SkysailRootApplication        ] - com.fasterxml.jackson.dataformat.jackson-dataformat-smile [2.5.1] state 32
2016-08-24 13:53:34,387 DEBUG [i.s.server.app.SkysailRootApplication        ] - com.fasterxml.jackson.dataformat.jackson-dataformat-yaml [2.5.1] state 32
2016-08-24 13:53:34,387 DEBUG [i.s.server.app.SkysailRootApplication        ] - com.fasterxml.jackson.dataformat.jackson-dataformat-csv [2.5.1] state 32
2016-08-24 13:53:34,388 DEBUG [i.s.server.app.SkysailRootApplication        ] - com.fasterxml.jackson.module.jackson-module-jaxb-annotations [2.5.1] state 32
2016-08-24 13:53:34,388 DEBUG [i.s.server.app.SkysailRootApplication        ] - com.fasterxml.jackson.module.jackson-module-jsonSchema [2.5.1] state 32
2016-08-24 13:53:34,388 DEBUG [i.s.server.app.SkysailRootApplication        ] - com.fasterxml.classmate [1.3.1] state 32
2016-08-24 13:53:34,388 DEBUG [i.s.server.app.SkysailRootApplication        ] - stax2-api [3.1.4] state 32
2016-08-24 13:53:34,388 DEBUG [i.s.server.app.SkysailRootApplication        ] - javassist [3.18.1.GA] state 32
2016-08-24 13:53:34,388 DEBUG [i.s.server.app.SkysailRootApplication        ] - org.codehaus.jettison.jettison [1.3.7] state 32
2016-08-24 13:53:34,388 DEBUG [i.s.server.app.SkysailRootApplication        ] - com.googlecode.concurrentlinkedhashmap.lru [1.4.0] state 32
2016-08-24 13:53:34,388 DEBUG [i.s.server.app.SkysailRootApplication        ] - io.skysail.bundled.orientdb-uber [2.1.3.201608190834] state 32
2016-08-24 13:53:34,388 DEBUG [i.s.server.app.SkysailRootApplication        ] - org.xerial.snappy.snappy-java [1.1.1.3] state 8
2016-08-24 13:53:34,388 DEBUG [i.s.server.app.SkysailRootApplication        ] - com.sun.jna [4.2.0] state 8
2016-08-24 13:53:34,388 DEBUG [i.s.server.app.SkysailRootApplication        ] - com.sun.jna.platform [4.2.0] state 32
2016-08-24 13:53:34,388 DEBUG [i.s.server.app.SkysailRootApplication        ] - org.eclipse.jetty.util [9.2.11.v20150529] state 32
2016-08-24 13:53:34,388 DEBUG [i.s.server.app.SkysailRootApplication        ] - org.eclipse.jetty.http [9.2.11.v20150529] state 32
2016-08-24 13:53:34,388 DEBUG [i.s.server.app.SkysailRootApplication        ] - org.eclipse.jetty.io [9.2.11.v20150529] state 32
2016-08-24 13:53:34,388 DEBUG [i.s.server.app.SkysailRootApplication        ] - org.eclipse.jetty.security [9.2.11.v20150529] state 32
2016-08-24 13:53:34,389 DEBUG [i.s.server.app.SkysailRootApplication        ] - org.eclipse.jetty.server [9.2.11.v20150529] state 32
2016-08-24 13:53:34,389 DEBUG [i.s.server.app.SkysailRootApplication        ] - org.eclipse.jetty.servlet [9.2.11.v20150529] state 32
2016-08-24 13:53:34,389 DEBUG [i.s.server.app.SkysailRootApplication        ] - org.eclipse.jetty.webapp [9.2.11.v20150529] state 32
2016-08-24 13:53:34,389 DEBUG [i.s.server.app.SkysailRootApplication        ] - org.eclipse.jetty.deploy [9.2.11.v20150529] state 32
2016-08-24 13:53:34,389 DEBUG [i.s.server.app.SkysailRootApplication        ] - org.eclipse.jetty.xml [9.2.11.v20150529] state 32
2016-08-24 13:53:34,389 DEBUG [i.s.server.app.SkysailRootApplication        ] - org.eclipse.jetty.osgi-servlet-api [3.1.0.M3] state 32
2016-08-24 13:53:34,389 DEBUG [i.s.server.app.SkysailRootApplication        ] - org.eclipse.jetty.client [9.2.11.v20150529] state 32
2016-08-24 13:53:34,389 DEBUG [i.s.server.app.SkysailRootApplication        ] - org.yaml.snakeyaml [1.15.0] state 32
2016-08-24 13:53:34,389 DEBUG [i.s.server.app.SkysailRootApplication        ] - de.twentyeleven.skysail.org.json-osgi [20080701.0.0] state 32
2016-08-24 13:53:34,389 DEBUG [i.s.server.app.SkysailRootApplication        ] - org.restlet [2.3.4.v20150716-1217] state 32
2016-08-24 13:53:34,389 DEBUG [i.s.server.app.SkysailRootApplication        ] - org.restlet.ext.apispark [2.3.4.v20150716-1217] state 32
2016-08-24 13:53:34,389 DEBUG [i.s.server.app.SkysailRootApplication        ] - org.restlet.ext.crypto [2.3.4.v20150716-1217] state 32
2016-08-24 13:53:34,389 DEBUG [i.s.server.app.SkysailRootApplication        ] - org.restlet.ext.jackson [2.3.4.v20150716-1217] state 32
2016-08-24 13:53:34,389 DEBUG [i.s.server.app.SkysailRootApplication        ] - org.restlet.ext.jetty [2.3.4.v20150716-1217] state 32
2016-08-24 13:53:34,389 DEBUG [i.s.server.app.SkysailRootApplication        ] - org.restlet.ext.json [2.3.4.v20150716-1217] state 32
2016-08-24 13:53:34,389 DEBUG [i.s.server.app.SkysailRootApplication        ] - org.restlet.ext.raml [2.3.4.v20150716-1217] state 32
2016-08-24 13:53:34,389 DEBUG [i.s.server.app.SkysailRootApplication        ] - org.restlet.ext.slf4j [2.3.4.v20150716-1217] state 32
2016-08-24 13:53:34,390 DEBUG [i.s.server.app.SkysailRootApplication        ] - io.skysail.bundled.raml-parser [0.8.12] state 32
2016-08-24 13:53:34,390 DEBUG [i.s.server.app.SkysailRootApplication        ] - com.google.guava [16.0.1] state 32
2016-08-24 13:53:34,390 DEBUG [i.s.server.app.SkysailRootApplication        ] - org.jboss.logging.jboss-logging [3.1.4.GA] state 32
2016-08-24 13:53:34,390 DEBUG [i.s.server.app.SkysailRootApplication        ] - org.hibernate.validator [5.2.4.Final] state 32
2016-08-24 13:53:34,390 DEBUG [i.s.server.app.SkysailRootApplication        ] - ch.qos.logback.classic [1.1.2] state 32
2016-08-24 13:53:34,390 DEBUG [i.s.server.app.SkysailRootApplication        ] - ch.qos.logback.core [1.1.2] state 32
2016-08-24 13:53:34,390 DEBUG [i.s.server.app.SkysailRootApplication        ] - slf4j.api [1.7.7] state 32
2016-08-24 13:53:34,390 DEBUG [i.s.server.app.SkysailRootApplication        ] - com.sun.el [2.2.0.v201303151357] state 32
2016-08-24 13:53:34,390 DEBUG [i.s.server.app.SkysailRootApplication        ] - io.skysail.bundled.owasp-java-html-sanitizer [20160422.1.0] state 32
2016-08-24 13:53:34,390 DEBUG [i.s.server.app.SkysailRootApplication        ] - de.twentyeleven.skysail.org.antlr.stringtemplate-osgi [4.0.8] state 32
2016-08-24 13:53:34,390 DEBUG [i.s.server.app.SkysailRootApplication        ] - skysail.api.search [0.1.2.201606201437] state 32
2016-08-24 13:53:34,390 DEBUG [i.s.server.app.SkysailRootApplication        ] - skysail.server [4.0.0.201608241152] state 32
2016-08-24 13:53:34,390 DEBUG [i.s.server.app.SkysailRootApplication        ] - skysail.server.converter [0.2.6.201608241152] state 4
2016-08-24 13:53:34,390 DEBUG [i.s.server.app.SkysailRootApplication        ] - skysail.server.db [0.2.1.201608241152] state 4
2016-08-24 13:53:34,390 DEBUG [i.s.server.app.SkysailRootApplication        ] - skysail.server.http [0.3.2.201608241152] state 4
2016-08-24 13:53:34,390 DEBUG [i.s.server.app.SkysailRootApplication        ] - skysail.server.queryfilter [0.1.4.201606201525] state 4
2016-08-24 13:53:34,390 DEBUG [i.s.server.app.SkysailRootApplication        ] - skysail.server.static [0.1.5.201608241152] state 4
2016-08-24 13:53:34,390 DEBUG [i.s.server.app.SkysailRootApplication        ] - skysail.server.text.markdown [0.1.4.201605030439] state 4
2016-08-24 13:53:34,390 DEBUG [i.s.server.app.SkysailRootApplication        ] - skysail.server.text.store.bundleresource [0.1.5.201608241152] state 4
2016-08-24 13:53:34,390 DEBUG [i.s.server.app.SkysailRootApplication        ] - skysail.server.text.store.git [0.1.2.201608241152] state 4
2016-08-24 13:53:34,390 DEBUG [i.s.server.app.SkysailRootApplication        ] - skysail.server.um.httpbasic [0.2.0.201608241152] state 4
2016-08-24 13:53:34,390 DEBUG [i.s.server.app.SkysailRootApplication        ] - skysail.server.um.repository.filebased [0.1.0.201608241152] state 4
2016-08-24 13:53:34,390 DEBUG [i.s.server.app.SkysailRootApplication        ] - osgi.enroute.junit.wrapper [4.12.0.201509161450] state 4
2016-08-24 13:53:34,390 DEBUG [i.s.server.app.SkysailRootApplication        ] - de.twentyeleven.skysail.org.hamcrest.hamcrest-all-osgi [1.3.0.1] state 4
2016-08-24 13:53:34,390 DEBUG [i.s.server.app.SkysailRootApplication        ] - org.apache.felix.shell.remote [1.1.2] state 4
2016-08-24 13:53:34,390 DEBUG [i.s.server.app.SkysailRootApplication        ] - skysail.client.testsupport [0.3.0.201608241152] state 4
2016-08-24 13:53:34,390 DEBUG [i.s.server.app.SkysailRootApplication        ] - skysail.server.app.ref.singleentity [0.1.0.201608241153] state 4
2016-08-24 13:53:34,390 DEBUG [i.s.server.app.SkysailRootApplication        ] - skysail.server.app.ref.singleentity.it [0.1.0.201608241153] state 4
2016-08-24 13:53:34,390 DEBUG [i.s.server.app.SkysailRootApplication        ] - biz.aQute.tester [3.1.0.201512181342] state 4
2016-08-24 13:53:34,394 INFO  [io.skysail.server.app.ApplicationList        ] - (+ ApplicationModel) (#01) with name 'root'
2016-08-24 13:53:34,398 DEBUG [i.s.s.f.r.ConfigAdminFeatureStateRepository  ] - activating ConfigAdminFeatureStateRepository with config {service.pid=io.skysail.server.features.repositories.ConfigAdminFeatureStateRepository, io.skysail.server.features.GuiFeatures.SHOW_BREADCRUMBS=true, io.skysail.server.features.SecurityFeatures.USE_CREDENTIALS_CACHE_FEATURE=true, component.name=io.skysail.server.features.repositories.ConfigAdminFeatureStateRepository, felix.fileinstall.filename=file:/C:/git/skysail/skysail.server.app.ref.singleentity.it/config/integrationtest/io.skysail.server.features.repositories.ConfigAdminFeatureStateRepository.cfg, io.skysail.server.features.SecurityFeatures.ALLOW_ORIGIN_FEATURE=true, component.id=13}
2016-08-24 13:53:34,399 DEBUG [io.skysail.server.services.ServerLoad        ] - activating ServerLoad task
2016-08-24 13:53:34,414 DEBUG [io.skysail.server.app.SkysailApplication     ] - Instanciating new Skysail ApplicationModel 'WebappApplication'
2016-08-24 13:53:34,416 DEBUG [io.skysail.server.app.SkysailApplication     ] - Activating ApplicationModel io.skysail.server.converter.WebappApplication
2016-08-24 13:53:34,416 INFO  [io.skysail.server.app.ApplicationList        ] - (+ ApplicationModel) (#02) with name 'webapp'
2016-08-24 13:53:34,438 DEBUG [io.skysail.server.db.DbConfigurations        ] - activating DbConfigurations with config DbConfig(name=default, driver=, url=memory:timetablesIT, username=admin)
2016-08-24 13:53:34,455 DEBUG [i.skysail.server.db.OrientGraphDbService     ] - about to start db
2016-08-24 13:53:35,190 DEBUG [i.skysail.server.db.OrientGraphDbService     ] - created new in-memory database com.orientechnologies.orient.core.db.document.ODatabaseDocumentTx@52169758
2016-08-24 13:53:35,196 DEBUG [i.skysail.server.db.OrientGraphDbService     ] - testing graph factory connection
2016-08-24 13:53:35,237 DEBUG [i.skysail.server.db.OrientGraphDbService     ] - setting lazy loading to false
2016-08-24 13:53:35,238 DEBUG [i.skysail.server.db.OrientGraphDbService     ] - activating io.skysail.server.db.OrientGraphDbService
2016-08-24 13:53:35,252 DEBUG [i.skysail.server.db.OrientGraphDbService     ] - ODB graph function [ine] is registered: [Syntax error: inE([<labels>])]
2016-08-24 13:53:35,252 DEBUG [i.skysail.server.db.OrientGraphDbService     ] - ODB graph function [oute] is registered: [Syntax error: outE([<labels>])]
2016-08-24 13:53:35,252 DEBUG [i.skysail.server.db.OrientGraphDbService     ] - ODB graph function [in] is registered: [Syntax error: in([<labels>])]
2016-08-24 13:53:35,252 DEBUG [i.skysail.server.db.OrientGraphDbService     ] - ODB graph function [dijkstra] is registered: [dijkstra(<sourceVertex>, <destinationVertex>, <weightEdgeFieldName>, [<direction>])]
2016-08-24 13:53:35,252 DEBUG [i.skysail.server.db.OrientGraphDbService     ] - ODB graph function [label] is registered: [Syntax error: label()]
2016-08-24 13:53:35,252 DEBUG [i.skysail.server.db.OrientGraphDbService     ] - ODB graph function [bothv] is registered: [Syntax error: bothV([<labels>])]
2016-08-24 13:53:35,252 DEBUG [i.skysail.server.db.OrientGraphDbService     ] - ODB graph function [out] is registered: [Syntax error: out([<labels>])]
2016-08-24 13:53:35,252 DEBUG [i.skysail.server.db.OrientGraphDbService     ] - ODB graph function [both] is registered: [Syntax error: both([<labels>])]
2016-08-24 13:53:35,253 DEBUG [i.skysail.server.db.OrientGraphDbService     ] - ODB graph function [inv] is registered: [Syntax error: inV([<labels>])]
2016-08-24 13:53:35,253 DEBUG [i.skysail.server.db.OrientGraphDbService     ] - ODB graph function [gremlin] is registered: [gremlin(<gremlin-expression>)]
2016-08-24 13:53:35,253 DEBUG [i.skysail.server.db.OrientGraphDbService     ] - ODB graph function [shortestpath] is registered: [shortestPath(<sourceVertex>, <destinationVertex>, [<direction>, [ <edgeTypeAsString> ]])]
2016-08-24 13:53:35,253 DEBUG [i.skysail.server.db.OrientGraphDbService     ] - ODB graph function [outv] is registered: [Syntax error: outV([<labels>])]
2016-08-24 13:53:35,253 DEBUG [i.skysail.server.db.OrientGraphDbService     ] - ODB graph function [bothe] is registered: [Syntax error: bothE([<labels>])]
2016-08-24 13:53:35,258 DEBUG [i.s.s.d.versions.impl.VersionsRepository     ] - activating VersionsRepository
2016-08-24 13:53:35,268 DEBUG [i.skysail.server.db.OrientGraphDbService     ] - registering class 'class io.skysail.server.db.versions.impl.ComponentDbVersion' @ orientDB
2016-08-24 13:53:35,277 DEBUG [io.skysail.domain.core.Repositories          ] - (+ Repository)  (#01) with name 'io.skysail.server.db.versions.impl.ComponentDbVersion'
2016-08-24 13:53:35,295 DEBUG [io.skysail.server.http.HttpServer            ] - (+ Converter)   (#04) with name 'io.skysail.server.converter.DataConverter'
2016-08-24 13:53:35,295 DEBUG [io.skysail.server.http.HttpServer            ] - (+ Converter)   (#05) with name 'io.skysail.server.converter.SkysailJacksonConverter'
2016-08-24 13:53:35,298 DEBUG [io.skysail.server.http.HttpServer            ] - Activating io.skysail.server.http.HttpServer
2016-08-24 13:53:35,305 DEBUG [io.skysail.server.SkysailComponent           ] - Creating Restlet Component: io.skysail.server.SkysailComponent
2016-08-24 13:53:35,307 DEBUG [io.skysail.server.http.HttpServer            ] - configuration was provided
2016-08-24 13:53:35,307 INFO  [io.skysail.server.http.HttpServer            ] - 
2016-08-24 13:53:35,307 INFO  [io.skysail.server.http.HttpServer            ] - ====================================
2016-08-24 13:53:35,307 INFO  [io.skysail.server.http.HttpServer            ] - Starting skysail server on port 2018
2016-08-24 13:53:35,307 INFO  [io.skysail.server.http.HttpServer            ] - ====================================
2016-08-24 13:53:35,307 INFO  [io.skysail.server.http.HttpServer            ] - 
2016-08-24 13:53:35,330 INFO  [org.restlet                                  ] - Starting the Jetty [HTTP/1.1] server on port 2018
2016-08-24 13:53:35,358 DEBUG [io.skysail.server.http.HttpServer            ] - Started with system properties:
2016-08-24 13:53:35,358 DEBUG [io.skysail.server.http.HttpServer            ] - ===============================
2016-08-24 13:53:35,359 DEBUG [io.skysail.server.http.HttpServer            ] -   awt.toolkit => 'sun.awt.windows.WToolkit'
2016-08-24 13:53:35,359 DEBUG [io.skysail.server.http.HttpServer            ] -   felix.fileinstall.dir => 'config/integrationtest'
2016-08-24 13:53:35,359 DEBUG [io.skysail.server.http.HttpServer            ] -   felix.fileinstall.filter => '.*\.jar|.*\.cfg'
2016-08-24 13:53:35,359 DEBUG [io.skysail.server.http.HttpServer            ] -   felix.fileinstall.log.level => '4'
2016-08-24 13:53:35,359 DEBUG [io.skysail.server.http.HttpServer            ] -   felix.fileinstall.noInitialDelay => 'true'
2016-08-24 13:53:35,359 DEBUG [io.skysail.server.http.HttpServer            ] -   felix.fileinstall.poll => '1000'
2016-08-24 13:53:35,360 DEBUG [io.skysail.server.http.HttpServer            ] -   file.encoding => 'Cp1252'
2016-08-24 13:53:35,360 DEBUG [io.skysail.server.http.HttpServer            ] -   file.encoding.pkg => 'sun.io'
2016-08-24 13:53:35,360 DEBUG [io.skysail.server.http.HttpServer            ] -   file.separator => '\'
2016-08-24 13:53:35,360 DEBUG [io.skysail.server.http.HttpServer            ] -   gosh.args => '--nointeractive'
2016-08-24 13:53:35,360 DEBUG [io.skysail.server.http.HttpServer            ] -   java.awt.graphicsenv => 'sun.awt.Win32GraphicsEnvironment'
2016-08-24 13:53:35,360 DEBUG [io.skysail.server.http.HttpServer            ] -   java.awt.printerjob => 'sun.awt.windows.WPrinterJob'
2016-08-24 13:53:35,360 DEBUG [io.skysail.server.http.HttpServer            ] -   java.class.path => 'C:\Users\graefca\.bnd\cache\https%3A%2F%2Fraw.githubusercontent.com%2Fbndtools%2Fbundle-hub%2Fmaster%2Forg.apache.felix.framework\org.apache.felix.framework-5.2.0.jar;C:\git\skysail\cnf\nonosgi-repo\biz.aQute.launcher\biz.aQute.launcher-latest.jar'
2016-08-24 13:53:35,360 DEBUG [io.skysail.server.http.HttpServer            ] -   java.class.version => '52.0'
2016-08-24 13:53:35,360 DEBUG [io.skysail.server.http.HttpServer            ] -   java.endorsed.dirs => 'D:\dev\jdk1.8.0_45\jre\lib\endorsed'
2016-08-24 13:53:35,360 DEBUG [io.skysail.server.http.HttpServer            ] -   java.ext.dirs => 'D:\dev\jdk1.8.0_45\jre\lib\ext;C:\Windows\Sun\Java\lib\ext'
2016-08-24 13:53:35,360 DEBUG [io.skysail.server.http.HttpServer            ] -   java.home => 'D:\dev\jdk1.8.0_45\jre'
2016-08-24 13:53:35,360 DEBUG [io.skysail.server.http.HttpServer            ] -   java.io.tmpdir => 'C:\Users\graefca\AppData\Local\Temp\'
2016-08-24 13:53:35,360 DEBUG [io.skysail.server.http.HttpServer            ] -   java.library.path => 'D:\dev\jdk1.8.0_45\bin;C:\Windows\Sun\Java\bin;C:\Windows\system32;C:\Windows;H:\bin;C:\Program Files\Git\mingw64\bin;C:\Program Files\Git\usr\local\bin;C:\Program Files\Git\usr\bin;C:\Program Files\Git\usr\bin;C:\Program Files\Git\mingw64\bin;C:\Program Files\Git\usr\bin;H:\bin;C:\Program Files\Haskell\bin;C:\Program Files\Haskell Platform\7.10.2-a\lib\extralibs\bin;C:\Program Files\Haskell Platform\7.10.2-a\bin;C:\ProgramData\Oracle\Java\javapath;C:\oraclexe\app\oracle\product\11.2.0\server\bin;C:\Programme\Ora11203\Client_1\bin;C:\Windows\system32;C:\Windows;C:\Windows\System32\Wbem;C:\Windows\System32\WindowsPowerShell\v1.0;C:\Program Files (x86)\Subversion\bin;C:\Program Files\Java\jdk1.8.0_51\bin;D:\dev\gradle\bin;C:\Program Files (x86)\Microsoft SQL Server\100\Tools\Binn;C:\Program Files\Microsoft SQL Server\100\Tools\Binn;C:\Program Files\Microsoft SQL Server\100\DTS\Binn;C:\Program Files (x86)\Microsoft SQL Server\100\Tools\Binn\VSShell\Common7\IDE;C:\Program Files (x86)\Microsoft SQL Server\100\DTS\Bin;C:\Program Files (x86)\Mono-3.2.3\bin;C:\dev\groovy\bin;C:\tools\apache-ant-1.9.3\bin;C:\Program Files (x86)\Git\cmd;C:\tools\apache-maven-3.1.1\bin;C:\Program Files\TortoiseGit\bin;C:\Program Files (x86)\Enterprise Vault\EVClient;C:\Program Files (x86)\Microsoft SQL Server\100\DTS\Binn;C:\Users\graefca\AppData\Local\Mozilla Firefox;C:\tools\jbake-2.4.0\bin;C:\Program Files\Haskell Platform\7.10.2-a\mingw\bin;C:\Program Files\TortoiseSVN\bin;C:\Program Files\Git\cmd;C:\Program Files\nodejs;C:\tools\spring-1.4.0.RELEASE\bin;C:\Python27;C:\tools\activator-1.3.10-minimal\bin;C:\Program Files\Amazon\AWSCLI;C:\Users\graefca\AppData\Roaming\cabal\bin;C:\Program Files (x86)\Microsoft VS Code\bin;C:\Users\graefca\AppData\Roaming\npm;C:\Program Files\Docker Toolbox;C:\Users\graefca\AppData\Local\atom\bin;C:\Program Files (x86)\NSIS;C:\Program Files\Git\usr\bin\vendor_perl;C:\Program Files\Git\usr\bin\core_perl;.'
2016-08-24 13:53:35,360 DEBUG [io.skysail.server.http.HttpServer            ] -   java.runtime.name => 'Java(TM) SE Runtime Environment'
2016-08-24 13:53:35,360 DEBUG [io.skysail.server.http.HttpServer            ] -   java.runtime.version => '1.8.0_45-b14'
2016-08-24 13:53:35,360 DEBUG [io.skysail.server.http.HttpServer            ] -   java.specification.name => 'Java Platform API Specification'
2016-08-24 13:53:35,360 DEBUG [io.skysail.server.http.HttpServer            ] -   java.specification.vendor => 'Oracle Corporation'
2016-08-24 13:53:35,360 DEBUG [io.skysail.server.http.HttpServer            ] -   java.specification.version => '1.8'
2016-08-24 13:53:35,360 DEBUG [io.skysail.server.http.HttpServer            ] -   java.vendor => 'Oracle Corporation'
2016-08-24 13:53:35,360 DEBUG [io.skysail.server.http.HttpServer            ] -   java.vendor.url => 'http://java.oracle.com/'
2016-08-24 13:53:35,360 DEBUG [io.skysail.server.http.HttpServer            ] -   java.vendor.url.bug => 'http://bugreport.sun.com/bugreport/'
2016-08-24 13:53:35,360 DEBUG [io.skysail.server.http.HttpServer            ] -   java.version => '1.8.0_45'
2016-08-24 13:53:35,360 DEBUG [io.skysail.server.http.HttpServer            ] -   java.vm.info => 'mixed mode'
2016-08-24 13:53:35,360 DEBUG [io.skysail.server.http.HttpServer            ] -   java.vm.name => 'Java HotSpot(TM) 64-Bit Server VM'
2016-08-24 13:53:35,360 DEBUG [io.skysail.server.http.HttpServer            ] -   java.vm.specification.name => 'Java Virtual Machine Specification'
2016-08-24 13:53:35,360 DEBUG [io.skysail.server.http.HttpServer            ] -   java.vm.specification.vendor => 'Oracle Corporation'
2016-08-24 13:53:35,360 DEBUG [io.skysail.server.http.HttpServer            ] -   java.vm.specification.version => '1.8'
2016-08-24 13:53:35,360 DEBUG [io.skysail.server.http.HttpServer            ] -   java.vm.vendor => 'Oracle Corporation'
2016-08-24 13:53:35,360 DEBUG [io.skysail.server.http.HttpServer            ] -   java.vm.version => '25.45-b02'
2016-08-24 13:53:35,360 DEBUG [io.skysail.server.http.HttpServer            ] -   launch.activators => ''
2016-08-24 13:53:35,360 DEBUG [io.skysail.server.http.HttpServer            ] -   launch.bundles => 'C:\Users\graefca\.bnd\cache\https%3A%2F%2Fraw.githubusercontent.com%2Fbndtools%2Fbundle-hub%2Fmaster%2Fosgi.core\osgi.core-6.0.0.jar,C:\Users\graefca\.bnd\cache\https%3A%2F%2Fgithub.com%2Fevandor%2Fskysail-repository%2Fraw%2Fmaster%2Frelease\javax.el-api-3.0.0.jar,C:\Users\graefca\.bnd\cache\https%3A%2F%2Fgithub.com%2Fevandor%2Fskysail-repository%2Fraw%2Fmaster%2Frelease\javax.persistence-2.1.0.jar,C:\Users\graefca\.bnd\cache\https%3A%2F%2Fgithub.com%2Fevandor%2Fskysail-repository%2Fraw%2Fmaster%2Frelease\javax.validation.api-1.1.0.jar,C:\Users\graefca\.bnd\cache\https%3A%2F%2Fgithub.com%2Fevandor%2Fskysail-repository%2Fraw%2Fmaster%2Frelease\org.apache.commons.beanutils-1.9.2.jar,C:\Users\graefca\.bnd\cache\https%3A%2F%2Fgithub.com%2Fevandor%2Fskysail-repository%2Fraw%2Fmaster%2Frelease\org.apache.commons.collections-3.2.1.jar,C:\Users\graefca\.bnd\cache\https%3A%2F%2Fgithub.com%2Fevandor%2Fskysail-repository%2Fraw%2Fmaster%2Frelease\org.apache.commons.configuration-1.10.0.jar,C:\Users\graefca\.bnd\cache\https%3A%2F%2Fgithub.com%2Fevandor%2Fskysail-repository%2Fraw%2Fmaster%2Frelease\org.apache.commons.io-2.4.0.jar,C:\Users\graefca\.bnd\cache\https%3A%2F%2Fgithub.com%2Fevandor%2Fskysail-repository%2Fraw%2Fmaster%2Frelease\org.apache.commons.lang-2.6.0.jar,C:\Users\graefca\.bnd\cache\https%3A%2F%2Fgithub.com%2Fevandor%2Fskysail-repository%2Fraw%2Fmaster%2Frelease\org.apache.commons.lang3-3.3.2.jar,C:\Users\graefca\.bnd\cache\https%3A%2F%2Fgithub.com%2Fevandor%2Fskysail-repository%2Fraw%2Fmaster%2Frelease\org.apache.commons.logging-1.1.3.jar,C:\Users\graefca\.bnd\cache\https%3A%2F%2Fraw.githubusercontent.com%2Fbndtools%2Fbundle-hub%2Fmaster%2Forg.apache.felix.configadmin\org.apache.felix.configadmin-1.8.0.jar,C:\Users\graefca\.bnd\cache\https%3A%2F%2Fraw.githubusercontent.com%2Fbndtools%2Fbundle-hub%2Fmaster%2Forg.apache.felix.fileinstall\org.apache.felix.fileinstall-3.4.0.jar,C:\Users\graefca\.bnd\cache\https%3A%2F%2Fraw.githubusercontent.com%2Fbndtools%2Fbundle-hub%2Fmaster%2Forg.apache.felix.eventadmin\org.apache.felix.eventadmin-1.4.4.jar,C:\Users\graefca\.bnd\cache\https%3A%2F%2Fraw.githubusercontent.com%2Fbndtools%2Fbundle-hub%2Fmaster%2Forg.apache.felix.gogo.command\org.apache.felix.gogo.command-0.14.0.jar,C:\Users\graefca\.bnd\cache\https%3A%2F%2Fraw.githubusercontent.com%2Fbndtools%2Fbundle-hub%2Fmaster%2Forg.apache.felix.gogo.runtime\org.apache.felix.gogo.runtime-0.12.1.jar,C:\Users\graefca\.bnd\cache\https%3A%2F%2Fraw.githubusercontent.com%2Fbndtools%2Fbundle-hub%2Fmaster%2Forg.apache.felix.gogo.shell\org.apache.felix.gogo.shell-0.10.0.jar,C:\Users\graefca\.bnd\cache\https%3A%2F%2Fraw.githubusercontent.com%2Fbndtools%2Fbundle-hub%2Fmaster%2Forg.apache.felix.log\org.apache.felix.log-1.0.1.jar,C:\Users\graefca\.bnd\cache\https%3A%2F%2Fgithub.com%2Fevandor%2Fskysail-repository%2Fraw%2Fmaster%2Frelease\org.apache.felix.prefs-1.0.6.jar,C:\Users\graefca\.bnd\cache\https%3A%2F%2Fraw.githubusercontent.com%2Fbndtools%2Fbundle-hub%2Fmaster%2Forg.apache.felix.scr\org.apache.felix.scr-2.0.2.jar,C:\Users\graefca\.bnd\cache\https%3A%2F%2Fgithub.com%2Fevandor%2Fskysail-repository%2Fraw%2Fmaster%2Frelease\jackson-annotations-2.5.1.jar,C:\Users\graefca\.bnd\cache\https%3A%2F%2Fgithub.com%2Fevandor%2Fskysail-repository%2Fraw%2Fmaster%2Frelease\jackson-core-2.5.1.jar,C:\Users\graefca\.bnd\cache\https%3A%2F%2Fgithub.com%2Fevandor%2Fskysail-repository%2Fraw%2Fmaster%2Frelease\jackson-databind-2.5.1.jar,C:\Users\graefca\.bnd\cache\https%3A%2F%2Fgithub.com%2Fevandor%2Fskysail-repository%2Fraw%2Fmaster%2Frelease\jackson-dataformat-xml-2.5.1.jar,C:\Users\graefca\.bnd\cache\https%3A%2F%2Fgithub.com%2Fevandor%2Fskysail-repository%2Fraw%2Fmaster%2Frelease\jackson-dataformat-smile-2.5.1.jar,C:\Users\graefca\.bnd\cache\https%3A%2F%2Fgithub.com%2Fevandor%2Fskysail-repository%2Fraw%2Fmaster%2Frelease\jackson-dataformat-yaml-2.5.1.jar,C:\Users\graefca\.bnd\cache\https%3A%2F%2Fgithub.com%2Fevandor%2Fskysail-repository%2Fraw%2Fmaster%2Frelease\jackson-dataformat-csv-2.5.1.jar,C:\Users\graefca\.bnd\cache\https%3A%2F%2Fgithub.com%2Fevandor%2Fskysail-repository%2Fraw%2Fmaster%2Frelease\jackson-module-jaxb-annotations-2.5.1.jar,C:\Users\graefca\.bnd\cache\https%3A%2F%2Fgithub.com%2Fevandor%2Fskysail-repository%2Fraw%2Fmaster%2Frelease\jackson-module-jsonSchema-2.5.1.jar,C:\Users\graefca\.bnd\cache\https%3A%2F%2Fgithub.com%2Fevandor%2Fskysail-repository%2Fraw%2Fmaster%2Frelease\classmate-1.3.1.jar,C:\Users\graefca\.bnd\cache\https%3A%2F%2Fgithub.com%2Fevandor%2Fskysail-repository%2Fraw%2Fmaster%2Frelease\stax2-api-3.1.4.jar,C:\Users\graefca\.bnd\cache\https%3A%2F%2Fgithub.com%2Fevandor%2Fskysail-repository%2Fraw%2Fmaster%2Frelease\javassist-3.18.1.jar,C:\Users\graefca\.bnd\cache\https%3A%2F%2Fgithub.com%2Fevandor%2Fskysail-repository%2Fraw%2Fmaster%2Frelease\org.codehaus.jettison.jettison-1.3.7.jar,C:\Users\graefca\.bnd\cache\https%3A%2F%2Fgithub.com%2Fevandor%2Fskysail-repository%2Fraw%2Fmaster%2Frelease\com.googlecode.concurrentlinkedhashmap.lru-1.4.0.jar,C:\Users\graefca\.bnd\cache\https%3A%2F%2Fgithub.com%2Fevandor%2Fskysail-repository%2Fraw%2Fmaster%2Frelease\io.skysail.bundled.orientdb-uber.jar,C:\Users\graefca\.bnd\cache\https%3A%2F%2Fgithub.com%2Fevandor%2Fskysail-repository%2Fraw%2Fmaster%2Frelease\org.xerial.snappy.snappy-java-1.1.1.jar,C:\Users\graefca\.bnd\cache\https%3A%2F%2Fgithub.com%2Fevandor%2Fskysail-repository%2Fraw%2Fmaster%2Frelease\com.sun.jna-4.2.0.jar,C:\Users\graefca\.bnd\cache\https%3A%2F%2Fgithub.com%2Fevandor%2Fskysail-repository%2Fraw%2Fmaster%2Frelease\com.sun.jna.platform-4.2.0.jar,C:\Users\graefca\.bnd\cache\https%3A%2F%2Fgithub.com%2Fevandor%2Fskysail-repository%2Fraw%2Fmaster%2Frelease\jetty-util-9.2.11.v20150529.jar,C:\Users\graefca\.bnd\cache\https%3A%2F%2Fgithub.com%2Fevandor%2Fskysail-repository%2Fraw%2Fmaster%2Frelease\jetty-http-9.2.11.v20150529.jar,C:\Users\graefca\.bnd\cache\https%3A%2F%2Fgithub.com%2Fevandor%2Fskysail-repository%2Fraw%2Fmaster%2Frelease\jetty-io-9.2.11.v20150529.jar,C:\Users\graefca\.bnd\cache\https%3A%2F%2Fgithub.com%2Fevandor%2Fskysail-repository%2Fraw%2Fmaster%2Frelease\jetty-security-9.2.11.v20150529.jar,C:\Users\graefca\.bnd\cache\https%3A%2F%2Fgithub.com%2Fevandor%2Fskysail-repository%2Fraw%2Fmaster%2Frelease\jetty-server-9.2.11.v20150529.jar,C:\Users\graefca\.bnd\cache\https%3A%2F%2Fgithub.com%2Fevandor%2Fskysail-repository%2Fraw%2Fmaster%2Frelease\jetty-servlet-9.2.11.v20150529.jar,C:\Users\graefca\.bnd\cache\https%3A%2F%2Fgithub.com%2Fevandor%2Fskysail-repository%2Fraw%2Fmaster%2Frelease\jetty-webapp-9.2.11.v20150529.jar,C:\Users\graefca\.bnd\cache\https%3A%2F%2Fgithub.com%2Fevandor%2Fskysail-repository%2Fraw%2Fmaster%2Frelease\jetty-deploy-9.2.11.v20150529.jar,C:\Users\graefca\.bnd\cache\https%3A%2F%2Fgithub.com%2Fevandor%2Fskysail-repository%2Fraw%2Fmaster%2Frelease\jetty-xml-9.2.11.v20150529.jar,C:\Users\graefca\.bnd\cache\https%3A%2F%2Fgithub.com%2Fevandor%2Fskysail-repository%2Fraw%2Fmaster%2Frelease\org.eclipse.jetty.osgi-servlet-api-3.1.0.jar,C:\Users\graefca\.bnd\cache\https%3A%2F%2Fgithub.com%2Fevandor%2Fskysail-repository%2Fraw%2Fmaster%2Frelease\jetty-client-9.2.11.v20150529.jar,C:\Users\graefca\.bnd\cache\https%3A%2F%2Fgithub.com%2Fevandor%2Fskysail-repository%2Fraw%2Fmaster%2Frelease\snakeyaml-1.15.jar,C:\Users\graefca\.bnd\cache\https%3A%2F%2Fgithub.com%2Fevandor%2Fskysail-repository%2Fraw%2Fmaster%2Frelease\de.twentyeleven.skysail.org.json-osgi-20080701.0.0.jar,C:\Users\graefca\.bnd\cache\https%3A%2F%2Fgithub.com%2Fevandor%2Fskysail-repository%2Fraw%2Fmaster%2Frelease\org.restlet.jar,C:\Users\graefca\.bnd\cache\https%3A%2F%2Fgithub.com%2Fevandor%2Fskysail-repository%2Fraw%2Fmaster%2Frelease\org.restlet.ext.apispark.jar,C:\Users\graefca\.bnd\cache\https%3A%2F%2Fgithub.com%2Fevandor%2Fskysail-repository%2Fraw%2Fmaster%2Frelease\org.restlet.ext.crypto.jar,C:\Users\graefca\.bnd\cache\https%3A%2F%2Fgithub.com%2Fevandor%2Fskysail-repository%2Fraw%2Fmaster%2Frelease\org.restlet.ext.jackson.jar,C:\Users\graefca\.bnd\cache\https%3A%2F%2Fgithub.com%2Fevandor%2Fskysail-repository%2Fraw%2Fmaster%2Frelease\org.restlet.ext.jetty.jar,C:\Users\graefca\.bnd\cache\https%3A%2F%2Fgithub.com%2Fevandor%2Fskysail-repository%2Fraw%2Fmaster%2Frelease\org.restlet.ext.json.jar,C:\Users\graefca\.bnd\cache\https%3A%2F%2Fgithub.com%2Fevandor%2Fskysail-repository%2Fraw%2Fmaster%2Frelease\org.restlet.ext.raml.jar,C:\Users\graefca\.bnd\cache\https%3A%2F%2Fgithub.com%2Fevandor%2Fskysail-repository%2Fraw%2Fmaster%2Frelease\org.restlet.ext.slf4j.jar,C:\Users\graefca\.bnd\cache\https%3A%2F%2Fgithub.com%2Fevandor%2Fskysail-repository%2Fraw%2Fmaster%2Frelease\io.skysail.bundled.raml-parser-0.8.12.jar,C:\Users\graefca\.bnd\cache\https%3A%2F%2Fgithub.com%2Fevandor%2Fskysail-repository%2Fraw%2Fmaster%2Frelease\guava-16.0.1.jar,C:\Users\graefca\.bnd\cache\https%3A%2F%2Fgithub.com%2Fevandor%2Fskysail-repository%2Fraw%2Fmaster%2Frelease\org.jboss.logging.jboss-logging-3.1.4.jar,C:\Users\graefca\.bnd\cache\https%3A%2F%2Fgithub.com%2Fevandor%2Fskysail-repository%2Fraw%2Fmaster%2Frelease\hibernate-validator-5.2.4.Final.jar,C:\Users\graefca\.bnd\cache\https%3A%2F%2Fraw.githubusercontent.com%2Fbndtools%2Fbundle-hub%2Fmaster%2Fch.qos.logback.classic\ch.qos.logback.classic-1.1.2.jar,C:\Users\graefca\.bnd\cache\https%3A%2F%2Fraw.githubusercontent.com%2Fbndtools%2Fbundle-hub%2Fmaster%2Fch.qos.logback.core\ch.qos.logback.core-1.1.2.jar,C:\Users\graefca\.bnd\cache\https%3A%2F%2Fraw.githubusercontent.com%2Fbndtools%2Fbundle-hub%2Fmaster%2Fslf4j.api\slf4j.api-1.7.7.jar,C:\Users\graefca\.bnd\cache\https%3A%2F%2Fgithub.com%2Fevandor%2Fskysail-repository%2Fraw%2Fmaster%2Frelease\com.sun.el-2.2.0.jar,C:\Users\graefca\.bnd\cache\https%3A%2F%2Fgithub.com%2Fevandor%2Fskysail-repository%2Fraw%2Fmaster%2Frelease\io.skysail.bundled.owasp-java-html-sanitizer.jar,C:\Users\graefca\.bnd\cache\https%3A%2F%2Fgithub.com%2Fevandor%2Fskysail-repository%2Fraw%2Fmaster%2Frelease\de.twentyeleven.skysail.org.antlr.stringtemplate-osgi-4.0.8.jar,C:\git\skysail\cnf\releaserepo\skysail.api.search\skysail.api.search-0.1.2.jar,C:\git\skysail\skysail.server\generated\skysail.server.jar,C:\git\skysail\skysail.server.converter\generated\skysail.server.converter.jar,C:\git\skysail\skysail.server.db\generated\skysail.server.db.jar,C:\git\skysail\skysail.server.http\generated\skysail.server.http.jar,C:\git\skysail\cnf\releaserepo\skysail.server.queryfilter\skysail.server.queryfilter-0.1.4.jar,C:\git\skysail\skysail.server.static\generated\skysail.server.static.jar,C:\git\skysail\cnf\releaserepo\skysail.server.text.markdown\skysail.server.text.markdown-0.1.4.jar,C:\git\skysail\skysail.server.text.store.bundleresource\generated\skysail.server.text.store.bundleresource.jar,C:\git\skysail\skysail.server.text.store.git\generated\skysail.server.text.store.git.jar,C:\git\skysail\skysail.server.um.httpbasic\generated\skysail.server.um.httpbasic.jar,C:\git\skysail\skysail.server.um.repository.filebased\generated\skysail.server.um.repository.filebased.jar,C:\Users\graefca\.bnd\cache\https%3A%2F%2Fraw.githubusercontent.com%2Fosgi%2Fosgi.enroute%2Fv1.0.0%2Fcnf%2Fdistro%2Fosgi.enroute.junit.wrapper\osgi.enroute.junit.wrapper-4.12.0.jar,C:\Users\graefca\.bnd\cache\https%3A%2F%2Fgithub.com%2Fevandor%2Fskysail-repository%2Fraw%2Fmaster%2Frelease\de.twentyeleven.skysail.org.hamcrest.hamcrest-all-osgi-1.3.0.jar,C:\Users\graefca\.bnd\cache\https%3A%2F%2Fraw.githubusercontent.com%2Fbndtools%2Fbundle-hub%2Fmaster%2Forg.apache.felix.shell.remote\org.apache.felix.shell.remote-1.1.2.jar,C:\git\skysail\skysail.client.testsupport\generated\skysail.client.testsupport.jar,C:\git\skysail\skysail.server.app.ref.singleentity\generated\skysail.server.app.ref.singleentity.jar,C:\git\skysail\skysail.server.app.ref.singleentity.it\generated\skysail.server.app.ref.singleentity.it.jar,C:\git\skysail\cnf\cache\3.1.0\biz.aQute.tester\biz.aQute.tester-3.1.0.jar'
2016-08-24 13:53:35,360 DEBUG [io.skysail.server.http.HttpServer            ] -   launch.embedded => 'false'
2016-08-24 13:53:35,360 DEBUG [io.skysail.server.http.HttpServer            ] -   launch.keep => 'false'
2016-08-24 13:53:35,360 DEBUG [io.skysail.server.http.HttpServer            ] -   launch.name => 'skysail.server.app.ref.singleentity.it'
2016-08-24 13:53:35,360 DEBUG [io.skysail.server.http.HttpServer            ] -   launch.noreferences => 'false'
2016-08-24 13:53:35,360 DEBUG [io.skysail.server.http.HttpServer            ] -   launch.notificationPort => '-1'
2016-08-24 13:53:35,360 DEBUG [io.skysail.server.http.HttpServer            ] -   launch.services => 'true'
2016-08-24 13:53:35,360 DEBUG [io.skysail.server.http.HttpServer            ] -   launch.storage.dir => 'C:\git\skysail\skysail.server.app.ref.singleentity.it\generated\fw'
2016-08-24 13:53:35,360 DEBUG [io.skysail.server.http.HttpServer            ] -   launch.system.capabilities => 'osgi.native;osgi.native.osname:List<String>="Windows7,Windows 7,Win32";osgi.native.osversion:Version="6.1.0";osgi.native.processor:List<String>="x86-64,amd64,em64t,x86_64"'
2016-08-24 13:53:35,360 DEBUG [io.skysail.server.http.HttpServer            ] -   launch.system.packages => 'com.sun.image.codec.jpeg,com.sun.management,com.sun.net.httpserver,javafx.application,javafx.scene,javafx.scene.control,javafx.scene.layout,javafx.stage,javafx.beans.property,javafx.collections,javafx.beans.value,javafx.concurrent,javafx.event,javafx.geometry,javafx.scene.image,javafx.scene.web,javafx.util,javafx.scene.paint,javax.annotation.meta,javax.crypto,javax.crypto.spec,javax.imageio.spi,javax.script,javax.net,javax.net.ssl,javax.security.auth.x500,javax.sql,javax.naming,javax.naming.directory,javax.naming.ldap,javax.xml.bind,javax.xml.bind.annotation,javax.xml.bind.annotation.adapters,javax.xml.stream,javax.activation,javax.security.auth.callback,javax.naming.spi,javax.management,javax.management.openmbean,javax.swing.tree,javax.transaction,javax.transaction.xa,javax.xml.transform.stax,sun.reflect,sun.misc,org.ietf.jgss,netscape.javascript,sun.nio.ch,org.osgi.framework;version="1.8",org.osgi.framework.dto;version="1.8";uses:="org.osgi.dto",org.osgi.framework.hooks.bundle;version="1.1";uses:="org.osgi.framework",org.osgi.framework.hooks.resolver;version="1.0";uses:="org.osgi.framework.wiring",org.osgi.framework.hooks.service;version="1.1";uses:="org.osgi.framework",org.osgi.framework.hooks.weaving;version="1.1";uses:="org.osgi.framework.wiring",org.osgi.framework.launch;version="1.2";uses:="org.osgi.framework",org.osgi.framework.namespace;version="1.1";uses:="org.osgi.resource",org.osgi.framework.startlevel;version="1.0";uses:="org.osgi.framework",org.osgi.framework.startlevel.dto;version="1.0";uses:="org.osgi.dto",org.osgi.framework.wiring;version="1.2";uses:="org.osgi.framework,org.osgi.resource",org.osgi.framework.wiring.dto;version="1.2";uses:="org.osgi.dto,org.osgi.resource.dto",org.osgi.resource;version="1.0",org.osgi.resource.dto;version="1.0";uses:="org.osgi.dto",org.osgi.service.packageadmin;version="1.2";uses:="org.osgi.framework",org.osgi.service.startlevel;version="1.1";uses:="org.osgi.framework",org.osgi.service.url;version="1.0",org.osgi.service.resolver;version="1.0";uses:="org.osgi.resource",org.osgi.util.tracker;version="1.5.1";uses:="org.osgi.framework",org.osgi.dto;version="1.0"'
2016-08-24 13:53:35,360 DEBUG [io.skysail.server.http.HttpServer            ] -   launch.timeout => '0'
2016-08-24 13:53:35,360 DEBUG [io.skysail.server.http.HttpServer            ] -   launch.trace => 'false'
2016-08-24 13:53:35,360 DEBUG [io.skysail.server.http.HttpServer            ] -   launcher.properties => '"C:\git\skysail\skysail.server.app.ref.singleentity.it\generated\launch2776710445956061389.properties"'
2016-08-24 13:53:35,360 DEBUG [io.skysail.server.http.HttpServer            ] -   line.separator => '
'
2016-08-24 13:53:35,360 DEBUG [io.skysail.server.http.HttpServer            ] -   logback.configurationFile => 'config/integrationtest/logback.xml'
2016-08-24 13:53:35,360 DEBUG [io.skysail.server.http.HttpServer            ] -   obr.repository.url => 'https://raw.githubusercontent.com/evandor/skysail-repository/master/index.xml https://raw.githubusercontent.com/evandor/skysail-framework/master/cnf/releaserepo/index.xml https://raw.githubusercontent.com/evandor/skysail-apps/master/cnf/releaserepo/index.xml http://felix.apache.org/obr/releases.xml'
2016-08-24 13:53:35,360 DEBUG [io.skysail.server.http.HttpServer            ] -   org.apache.felix.log.storeDebug => 'true'
2016-08-24 13:53:35,360 DEBUG [io.skysail.server.http.HttpServer            ] -   os.arch => 'amd64'
2016-08-24 13:53:35,360 DEBUG [io.skysail.server.http.HttpServer            ] -   os.name => 'Windows 7'
2016-08-24 13:53:35,361 DEBUG [io.skysail.server.http.HttpServer            ] -   os.version => '6.1'
2016-08-24 13:53:35,361 DEBUG [io.skysail.server.http.HttpServer            ] -   path.separator => ';'
2016-08-24 13:53:35,361 DEBUG [io.skysail.server.http.HttpServer            ] -   product.bundle => 'skysail.server.app.ref.singleentity.it'
2016-08-24 13:53:35,361 DEBUG [io.skysail.server.http.HttpServer            ] -   sun.arch.data.model => '64'
2016-08-24 13:53:35,361 DEBUG [io.skysail.server.http.HttpServer            ] -   sun.boot.class.path => 'D:\dev\jdk1.8.0_45\jre\lib\resources.jar;D:\dev\jdk1.8.0_45\jre\lib\rt.jar;D:\dev\jdk1.8.0_45\jre\lib\sunrsasign.jar;D:\dev\jdk1.8.0_45\jre\lib\jsse.jar;D:\dev\jdk1.8.0_45\jre\lib\jce.jar;D:\dev\jdk1.8.0_45\jre\lib\charsets.jar;D:\dev\jdk1.8.0_45\jre\lib\jfr.jar;D:\dev\jdk1.8.0_45\jre\classes'
2016-08-24 13:53:35,361 DEBUG [io.skysail.server.http.HttpServer            ] -   sun.boot.library.path => 'D:\dev\jdk1.8.0_45\jre\bin'
2016-08-24 13:53:35,361 DEBUG [io.skysail.server.http.HttpServer            ] -   sun.cpu.endian => 'little'
2016-08-24 13:53:35,361 DEBUG [io.skysail.server.http.HttpServer            ] -   sun.cpu.isalist => 'amd64'
2016-08-24 13:53:35,361 DEBUG [io.skysail.server.http.HttpServer            ] -   sun.desktop => 'windows'
2016-08-24 13:53:35,361 DEBUG [io.skysail.server.http.HttpServer            ] -   sun.io.unicode.encoding => 'UnicodeLittle'
2016-08-24 13:53:35,361 DEBUG [io.skysail.server.http.HttpServer            ] -   sun.java.command => 'aQute.launcher.Launcher'
2016-08-24 13:53:35,361 DEBUG [io.skysail.server.http.HttpServer            ] -   sun.java.launcher => 'SUN_STANDARD'
2016-08-24 13:53:35,361 DEBUG [io.skysail.server.http.HttpServer            ] -   sun.jnu.encoding => 'Cp1252'
2016-08-24 13:53:35,361 DEBUG [io.skysail.server.http.HttpServer            ] -   sun.management.compiler => 'HotSpot 64-Bit Tiered Compilers'
2016-08-24 13:53:35,361 DEBUG [io.skysail.server.http.HttpServer            ] -   sun.os.patch.level => 'Service Pack 1'
2016-08-24 13:53:35,361 DEBUG [io.skysail.server.http.HttpServer            ] -   tester.continuous => 'false'
2016-08-24 13:53:35,361 DEBUG [io.skysail.server.http.HttpServer            ] -   tester.dir => 'C:\git\skysail\skysail.server.app.ref.singleentity.it\generated\test-results'
2016-08-24 13:53:35,361 DEBUG [io.skysail.server.http.HttpServer            ] -   tester.unresolved => 'true'
2016-08-24 13:53:35,361 DEBUG [io.skysail.server.http.HttpServer            ] -   user.country => 'DE'
2016-08-24 13:53:35,361 DEBUG [io.skysail.server.http.HttpServer            ] -   user.dir => 'C:\git\skysail\skysail.server.app.ref.singleentity.it'
2016-08-24 13:53:35,361 DEBUG [io.skysail.server.http.HttpServer            ] -   user.home => 'C:\Users\graefca'
2016-08-24 13:53:35,361 DEBUG [io.skysail.server.http.HttpServer            ] -   user.language => 'de'
2016-08-24 13:53:35,361 DEBUG [io.skysail.server.http.HttpServer            ] -   user.name => 'graefca'
2016-08-24 13:53:35,361 DEBUG [io.skysail.server.http.HttpServer            ] -   user.script => ''
2016-08-24 13:53:35,361 DEBUG [io.skysail.server.http.HttpServer            ] -   user.timezone => 'Europe/Berlin'
2016-08-24 13:53:35,361 DEBUG [io.skysail.server.http.HttpServer            ] -   user.variant => ''
2016-08-24 13:53:35,369 DEBUG [io.skysail.server.app.SkysailApplication     ] - Instanciating new Skysail ApplicationModel 'WebappApplication'
2016-08-24 13:53:35,370 DEBUG [io.skysail.server.app.SkysailApplication     ] - Activating ApplicationModel de.twenty11.skysail.server.webapp.internal.WebappApplication
2016-08-24 13:53:35,370 INFO  [io.skysail.server.app.ApplicationList        ] - (+ ApplicationModel) (#03) with name 'static'
2016-08-24 13:53:35,387 DEBUG [io.skysail.server.app.SkysailApplication     ] - Instanciating new Skysail ApplicationModel 'I18nApplication'
2016-08-24 13:53:35,388 DEBUG [io.skysail.server.app.SkysailApplication     ] - Activating ApplicationModel io.skysail.server.text.store.bundleresource.impl.I18nApplication
2016-08-24 13:53:35,388 INFO  [io.skysail.server.app.ApplicationList        ] - (+ ApplicationModel) (#04) with name 'i18n'
2016-08-24 13:53:35,401 DEBUG [io.skysail.server.app.SkysailApplication     ] - Instanciating new Skysail ApplicationModel 'HttpBasicUmApplication'
2016-08-24 13:53:35,401 DEBUG [io.skysail.server.app.SkysailApplication     ] - Activating ApplicationModel io.skysail.server.um.httpbasic.app.HttpBasicUmApplication
2016-08-24 13:53:35,401 INFO  [io.skysail.server.app.ApplicationList        ] - (+ ApplicationModel) (#05) with name 'io.skysail.server.um.httpbasic.app.HttpBasicUmApplication'
2016-08-24 13:53:35,415 INFO  [i.s.s.u.h.HttpBasicUserManagementProvider    ] - user management provider: activating provider 'io.skysail.server.um.httpbasic.HttpBasicUserManagementProvider'
2016-08-24 13:53:35,417 INFO  [i.s.s.u.h.HttpBasicAuthorizationService      ] - adding roles for user 'mira'
2016-08-24 13:53:35,418 INFO  [i.s.s.u.h.HttpBasicAuthorizationService      ] - adding role ''
2016-08-24 13:53:35,418 INFO  [i.s.s.u.h.HttpBasicAuthorizationService      ] - adding roles for user 'admin'
2016-08-24 13:53:35,418 INFO  [i.s.s.u.h.HttpBasicAuthorizationService      ] - adding role 'admin'
2016-08-24 13:53:35,419 INFO  [i.s.s.u.h.HttpBasicAuthorizationService      ] - adding role 'developer'
2016-08-24 13:53:35,419 INFO  [i.s.s.u.h.HttpBasicAuthorizationService      ] - adding roles for user 'user'
2016-08-24 13:53:35,419 INFO  [i.s.s.u.h.HttpBasicAuthorizationService      ] - adding roles for user 'demo'
2016-08-24 13:53:35,419 INFO  [i.s.s.u.h.HttpBasicAuthorizationService      ] - adding role ''
2016-08-24 13:53:35,420 INFO  [io.skysail.server.app.ServiceList            ] - USER MANAGEMENT PROVIDER: setting provider to 'io.skysail.server.um.httpbasic.HttpBasicUserManagementProvider'
2016-08-24 13:53:35,425 DEBUG [io.skysail.server.http.HttpServer            ] - (+ Converter)   (#06) with name 'io.skysail.server.converter.HtmlConverter'
2016-08-24 13:53:35,426 INFO  [io.skysail.server.app.ServiceList            ] - USER MANAGEMENT PROVIDER: unsetting provider 'io.skysail.server.um.httpbasic.HttpBasicUserManagementProvider'
2016-08-24 13:53:35,428 DEBUG [io.skysail.server.http.HttpServer            ] - (- Converter)   name 'java.util.concurrent.CopyOnWriteArrayList', count is 05 now
2016-08-24 13:53:35,429 INFO  [i.s.s.u.h.HttpBasicUserManagementProvider    ] - user management provider: deactivating provider 'io.skysail.server.um.httpbasic.HttpBasicUserManagementProvider'
2016-08-24 13:53:35,431 INFO  [i.s.s.u.h.HttpBasicUserManagementProvider    ] - user management provider: activating provider 'io.skysail.server.um.httpbasic.HttpBasicUserManagementProvider'
2016-08-24 13:53:35,431 INFO  [i.s.s.u.h.HttpBasicAuthorizationService      ] - adding roles for user 'mira'
2016-08-24 13:53:35,431 INFO  [i.s.s.u.h.HttpBasicAuthorizationService      ] - adding role ''
2016-08-24 13:53:35,431 INFO  [i.s.s.u.h.HttpBasicAuthorizationService      ] - adding roles for user 'admin'
2016-08-24 13:53:35,431 INFO  [i.s.s.u.h.HttpBasicAuthorizationService      ] - adding role 'admin'
2016-08-24 13:53:35,432 INFO  [i.s.s.u.h.HttpBasicAuthorizationService      ] - adding role 'developer'
2016-08-24 13:53:35,432 INFO  [i.s.s.u.h.HttpBasicAuthorizationService      ] - adding roles for user 'user'
2016-08-24 13:53:35,432 INFO  [i.s.s.u.h.HttpBasicAuthorizationService      ] - adding roles for user 'demo'
2016-08-24 13:53:35,432 INFO  [i.s.s.u.h.HttpBasicAuthorizationService      ] - adding role ''
2016-08-24 13:53:35,432 INFO  [io.skysail.server.app.ServiceList            ] - USER MANAGEMENT PROVIDER: setting provider to 'io.skysail.server.um.httpbasic.HttpBasicUserManagementProvider'
2016-08-24 13:53:35,434 DEBUG [io.skysail.server.http.HttpServer            ] - (+ Converter)   (#06) with name 'io.skysail.server.converter.HtmlConverter'
2016-08-24 13:53:35,435 DEBUG [io.skysail.server.app.SkysailApplication     ] - Instanciating new Skysail ApplicationModel 'SingleEntityApplication'
2016-08-24 13:53:35,435 DEBUG [io.skysail.server.app.SkysailApplication     ] - Activating ApplicationModel io.skysail.server.app.ref.singleentity.SingleEntityApplication
2016-08-24 13:53:35,435 INFO  [io.skysail.server.app.ApplicationList        ] - (+ ApplicationModel) (#06) with name 'singleEntityApplication'
2016-08-24 13:53:35,447 DEBUG [i.skysail.server.db.OrientGraphDbService     ] - registering class 'class io.skysail.server.app.ref.singleentity.Account' @ orientDB
2016-08-24 13:53:35,462 DEBUG [io.skysail.domain.core.Repositories          ] - (+ Repository)  (#02) with name 'io.skysail.server.app.ref.singleentity.Account'
2016-08-24 13:53:44,903 DEBUG [io.skysail.server.EventHelper                ] - about to post event org.osgi.service.event.Event [topic=GUI/peitybar/info]: -1.0
