2016-08-25 19:09:25,721 INFO  [io.skysail.server.app.ApplicationList        ] - (+ ApplicationModel) (#01) with name 'root'
2016-08-25 19:09:25,762 INFO  [io.skysail.server.app.ApplicationList        ] - (+ ApplicationModel) (#02) with name 'webapp'
2016-08-25 19:09:27,203 INFO  [io.skysail.server.http.HttpServer            ] - 
2016-08-25 19:09:27,203 INFO  [io.skysail.server.http.HttpServer            ] - ====================================
2016-08-25 19:09:27,203 INFO  [io.skysail.server.http.HttpServer            ] - Starting skysail server on port 2018
2016-08-25 19:09:27,204 INFO  [io.skysail.server.http.HttpServer            ] - ====================================
2016-08-25 19:09:27,204 INFO  [io.skysail.server.http.HttpServer            ] - 
2016-08-25 19:09:27,306 INFO  [org.restlet                                  ] - Starting the Jetty [HTTP/1.1] server on port 2018
2016-08-25 19:09:27,392 INFO  [io.skysail.server.app.ApplicationList        ] - (+ ApplicationModel) (#03) with name 'static'
2016-08-25 19:09:27,432 INFO  [io.skysail.server.app.ApplicationList        ] - (+ ApplicationModel) (#04) with name 'i18n'
2016-08-25 19:09:27,462 INFO  [io.skysail.server.app.ApplicationList        ] - (+ ApplicationModel) (#05) with name 'io.skysail.server.um.httpbasic.app.HttpBasicUmApplication'
2016-08-25 19:09:27,500 INFO  [i.s.s.u.h.HttpBasicUserManagementProvider    ] - user management provider: activating provider 'io.skysail.server.um.httpbasic.HttpBasicUserManagementProvider'
2016-08-25 19:09:27,506 INFO  [i.s.s.u.h.HttpBasicAuthorizationService      ] - adding roles for user 'mira'
2016-08-25 19:09:27,518 INFO  [i.s.s.u.h.HttpBasicAuthorizationService      ] - adding role ''
2016-08-25 19:09:27,519 INFO  [i.s.s.u.h.HttpBasicAuthorizationService      ] - adding roles for user 'admin'
2016-08-25 19:09:27,520 INFO  [i.s.s.u.h.HttpBasicAuthorizationService      ] - adding role 'admin'
2016-08-25 19:09:27,522 INFO  [i.s.s.u.h.HttpBasicAuthorizationService      ] - adding role 'developer'
2016-08-25 19:09:27,538 INFO  [i.s.s.u.h.HttpBasicAuthorizationService      ] - adding roles for user 'user'
2016-08-25 19:09:27,538 INFO  [i.s.s.u.h.HttpBasicAuthorizationService      ] - adding roles for user 'demo'
2016-08-25 19:09:27,539 INFO  [i.s.s.u.h.HttpBasicAuthorizationService      ] - adding role ''
2016-08-25 19:09:27,603 INFO  [io.skysail.server.app.ServiceList            ] - USER MANAGEMENT PROVIDER: setting provider to 'io.skysail.server.um.httpbasic.HttpBasicUserManagementProvider'
2016-08-25 19:09:27,617 INFO  [io.skysail.server.app.ServiceList            ] - USER MANAGEMENT PROVIDER: unsetting provider 'io.skysail.server.um.httpbasic.HttpBasicUserManagementProvider'
2016-08-25 19:09:27,619 INFO  [i.s.s.u.h.HttpBasicUserManagementProvider    ] - user management provider: deactivating provider 'io.skysail.server.um.httpbasic.HttpBasicUserManagementProvider'
2016-08-25 19:09:27,624 INFO  [i.s.s.u.h.HttpBasicUserManagementProvider    ] - user management provider: activating provider 'io.skysail.server.um.httpbasic.HttpBasicUserManagementProvider'
2016-08-25 19:09:27,624 INFO  [i.s.s.u.h.HttpBasicAuthorizationService      ] - adding roles for user 'mira'
2016-08-25 19:09:27,624 INFO  [i.s.s.u.h.HttpBasicAuthorizationService      ] - adding role ''
2016-08-25 19:09:27,624 INFO  [i.s.s.u.h.HttpBasicAuthorizationService      ] - adding roles for user 'admin'
2016-08-25 19:09:27,624 INFO  [i.s.s.u.h.HttpBasicAuthorizationService      ] - adding role 'admin'
2016-08-25 19:09:27,624 INFO  [i.s.s.u.h.HttpBasicAuthorizationService      ] - adding role 'developer'
2016-08-25 19:09:27,624 INFO  [i.s.s.u.h.HttpBasicAuthorizationService      ] - adding roles for user 'user'
2016-08-25 19:09:27,624 INFO  [i.s.s.u.h.HttpBasicAuthorizationService      ] - adding roles for user 'demo'
2016-08-25 19:09:27,625 INFO  [i.s.s.u.h.HttpBasicAuthorizationService      ] - adding role ''
2016-08-25 19:09:27,628 INFO  [io.skysail.server.app.ServiceList            ] - USER MANAGEMENT PROVIDER: setting provider to 'io.skysail.server.um.httpbasic.HttpBasicUserManagementProvider'
2016-08-25 19:09:27,636 INFO  [io.skysail.server.app.ApplicationList        ] - (+ ApplicationModel) (#06) with name 'singleEntityApplication'
2016-08-25 19:09:27,905 INFO  [i.s.c.testsupport.TestsupportTestBase        ] - 
2016-08-25 19:09:27,906 INFO  [i.s.c.testsupport.TestsupportTestBase        ] - --------------------------------------------
2016-08-25 19:09:27,912 INFO  [i.s.c.testsupport.TestsupportTestBase        ] -  > TEST: running test 'create_and_read_entity'
2016-08-25 19:09:27,925 INFO  [i.s.c.testsupport.TestsupportTestBase        ] - --------------------------------------------
2016-08-25 19:09:27,927 INFO  [i.s.c.testsupport.TestsupportTestBase        ] - 
2016-08-25 19:09:27,929 INFO  [i.s.c.testsupport.TestsupportTestBase        ] - setting up test case...
2016-08-25 19:09:27,931 INFO  [i.s.c.testsupport.TestsupportTestBase        ] - setting test port to 2018
2016-08-25 19:09:27,931 INFO  [i.s.c.testsupport.ApplicationBrowser2        ] -  > TEST: creating new browser client with url 'http://localhost:2018' for Application 'singleEntityApplication' and mediaType 'text/html'
2016-08-25 19:09:27,936 INFO  [i.s.c.testsupport.ApplicationBrowser2        ] -  > TEST: logging in as user 'admin'
2016-08-25 19:09:28,317 INFO  [org.restlet                                  ] - Starting a Jetty HTTP/HTTPS client
2016-08-25 19:09:28,489 INFO  [o.r.S.I.SkysailRootApplication               ] - Starting io.skysail.server.app.SkysailRootApplication application
2016-08-25 19:09:28,494 INFO  [io.skysail.server.app.SkysailApplication     ] - creating new Router in io.skysail.server.app.SkysailRootApplication
2016-08-25 19:09:28,497 INFO  [io.skysail.server.app.SkysailApplication     ] - adding extensions to metadata service
2016-08-25 19:09:28,497 INFO  [io.skysail.server.app.SkysailApplication     ] - adding protocols
2016-08-25 19:09:28,569 INFO  [io.skysail.server.restlet.SkysailRouter      ] - routing path '/root/' -> AlwaysAuthenticatedAuthenticator -> RolesPredicateAuthorizer -> Finder -> DefaultResource
2016-08-25 19:09:28,574 INFO  [io.skysail.server.restlet.SkysailRouter      ] - routing path '/root/_login' -> AlwaysAuthenticatedAuthenticator -> RolesPredicateAuthorizer -> Finder -> LoginResource
2016-08-25 19:09:28,575 INFO  [io.skysail.server.restlet.SkysailRouter      ] - routing path '/root/_logout' -> AlwaysAuthenticatedAuthenticator -> RolesPredicateAuthorizer -> Finder -> LogoutResource
2016-08-25 19:09:28,579 INFO  [io.skysail.server.restlet.SkysailRouter      ] - routing path '/root/_profile' -> AlwaysAuthenticatedAuthenticator -> RolesPredicateAuthorizer -> Finder -> ProfileResource
2016-08-25 19:09:28,581 INFO  [o.r.S.InternalRouter.WebappApplication       ] - Starting io.skysail.server.converter.WebappApplication application
2016-08-25 19:09:28,585 INFO  [o.r.S.InternalRouter.WebappApplication       ] - Starting de.twenty11.skysail.server.webapp.internal.WebappApplication application
2016-08-25 19:09:28,587 INFO  [o.r.S.InternalRouter.I18nApplication         ] - Starting io.skysail.server.text.store.bundleresource.impl.I18nApplication application
2016-08-25 19:09:28,589 INFO  [io.skysail.server.app.SkysailApplication     ] - creating new Router in io.skysail.server.text.store.bundleresource.impl.I18nApplication
2016-08-25 19:09:28,589 INFO  [io.skysail.server.app.SkysailApplication     ] - adding extensions to metadata service
2016-08-25 19:09:28,589 INFO  [io.skysail.server.app.SkysailApplication     ] - adding protocols
2016-08-25 19:09:28,592 INFO  [io.skysail.server.restlet.SkysailRouter      ] - routing path '/i18n/v1' -> ChallengeAuthenticator -> RolesPredicateAuthorizer -> Finder -> I18nRootResource
2016-08-25 19:09:28,594 INFO  [io.skysail.server.restlet.SkysailRouter      ] - routing path '/i18n/v1/messages/' -> ChallengeAuthenticator -> RolesPredicateAuthorizer -> Finder -> MessagesResource
2016-08-25 19:09:28,599 INFO  [io.skysail.server.restlet.SkysailRouter      ] - routing path '/i18n/v1/messages/{key}' -> ChallengeAuthenticator -> RolesPredicateAuthorizer -> Finder -> MessageResource
2016-08-25 19:09:28,602 INFO  [io.skysail.server.restlet.SkysailRouter      ] - routing path '/i18n/v1/messages/{key}/' -> ChallengeAuthenticator -> RolesPredicateAuthorizer -> Finder -> PutMessageResource
2016-08-25 19:09:28,604 INFO  [io.skysail.server.restlet.SkysailRouter      ] - routing path '/i18n/v1/messages/{key}/{fieldname}/' -> ChallengeAuthenticator -> RolesPredicateAuthorizer -> Finder -> PatchMessageResource
2016-08-25 19:09:28,605 INFO  [o.r.S.I.HttpBasicUmApplication               ] - Starting io.skysail.server.um.httpbasic.app.HttpBasicUmApplication application
2016-08-25 19:09:28,606 INFO  [io.skysail.server.app.SkysailApplication     ] - creating new Router in io.skysail.server.um.httpbasic.app.HttpBasicUmApplication
2016-08-25 19:09:28,606 INFO  [io.skysail.server.app.SkysailApplication     ] - adding extensions to metadata service
2016-08-25 19:09:28,606 INFO  [io.skysail.server.app.SkysailApplication     ] - adding protocols
2016-08-25 19:09:28,612 INFO  [io.skysail.server.restlet.SkysailRouter      ] - routing path '/io.skysail.server.um.httpbasic.app.HttpBasicUmApplication/v1/_login' -> ChallengeAuthenticator -> RolesPredicateAuthorizer -> Finder -> HttpBasicLoginPage
2016-08-25 19:09:28,613 INFO  [io.skysail.server.restlet.SkysailRouter      ] - routing path '/io.skysail.server.um.httpbasic.app.HttpBasicUmApplication/v1/_logout' -> ChallengeAuthenticator -> RolesPredicateAuthorizer -> Finder -> HttpBasicLogoutPage
2016-08-25 19:09:28,614 INFO  [o.r.S.I.SingleEntityApplication              ] - Starting io.skysail.server.app.ref.singleentity.SingleEntityApplication application
2016-08-25 19:09:28,616 INFO  [io.skysail.server.app.SkysailApplication     ] - creating new Router in io.skysail.server.app.ref.singleentity.SingleEntityApplication
2016-08-25 19:09:28,616 INFO  [io.skysail.server.app.SkysailApplication     ] - adding extensions to metadata service
2016-08-25 19:09:28,616 INFO  [io.skysail.server.app.SkysailApplication     ] - adding protocols
2016-08-25 19:09:28,617 WARN  [io.skysail.server.app.SkysailApplication     ] - there are no entities defined for the applicationModel JavaApplicationModel: singleEntityApplication
Repositories: 
Repositories(repositories={io.skysail.server.db.versions.impl.ComponentDbVersion=io.skysail.server.db.versions.impl.VersionsRepository@12171315, io.skysail.server.app.ref.singleentity.Account=io.skysail.server.app.ref.singleentity.SingleEntityRepository@47bbd923})

2016-08-25 19:09:28,621 INFO  [io.skysail.server.restlet.SkysailRouter      ] - routing path '/singleEntityApplication/v1' -> ChallengeAuthenticator -> RolesPredicateAuthorizer -> Finder -> AccountsResource
2016-08-25 19:09:28,621 INFO  [io.skysail.server.restlet.SkysailRouter      ] - routing path '/singleEntityApplication/v1/accounts' -> ChallengeAuthenticator -> RolesPredicateAuthorizer -> Finder -> AccountsResource
2016-08-25 19:09:28,623 INFO  [io.skysail.server.restlet.SkysailRouter      ] - routing path '/singleEntityApplication/v1/accounts/' -> ChallengeAuthenticator -> RolesPredicateAuthorizer -> Finder -> PostAccountResource
2016-08-25 19:09:28,625 INFO  [io.skysail.server.restlet.SkysailRouter      ] - routing path '/singleEntityApplication/v1/accounts/{id}' -> ChallengeAuthenticator -> RolesPredicateAuthorizer -> Finder -> AccountResource
2016-08-25 19:09:28,628 INFO  [io.skysail.server.restlet.SkysailRouter      ] - routing path '/singleEntityApplication/v1/accounts/{id}/' -> ChallengeAuthenticator -> RolesPredicateAuthorizer -> Finder -> PutAccountResource
2016-08-25 19:09:28,661 INFO  [i.s.s.restlet.resources.RedirectResource     ] - Request entry point: LoginResource @Get()
2016-08-25 19:09:28,662 INFO  [LogService                                   ] - 2016-08-25	19:09:28	127.0.0.1	admin	127.0.0.1	2018	GET	/_login	-	303	0	0	32	http://localhost:2018	Restlet-Framework/2.3.4	-
2016-08-25 19:09:28,684 INFO  [i.s.s.r.resources.ListServerResource         ] - Request entry point: DefaultResource @Get([text/html])
2016-08-25 19:09:28,776 INFO  [i.s.s.stringtemplate.STGroupBundleDir        ] - found resource in skysail.server.converter: bundle://74.0:1/templates/bootstrap/index.st
2016-08-25 19:09:29,217 INFO  [i.s.s.stringtemplate.STGroupBundleDir        ] - found resource in skysail.server.converter: bundle://74.0:1/templates/bootstrap/contentHeader.st
2016-08-25 19:09:29,265 INFO  [LogService                                   ] - 2016-08-25	19:09:29	127.0.0.1	-	127.0.0.1	2018	GET	/	-	200	-	0	591	http://localhost:2018	Jetty/9.2.11.v20150529,Restlet-Framework/2.3.4	-
2016-08-25 19:09:29,291 INFO  [i.s.s.a.r.s.it.AccountsBrowser               ] -  > TEST: creating new Entity [application/json,UTF-8]
2016-08-25 19:09:29,291 INFO  [i.s.c.testsupport.ApplicationClient2         ] -  > TEST: issuing GET on 'http://localhost:2018/', providing credentials null
2016-08-25 19:09:29,294 INFO  [org.restlet                                  ] - Starting a Jetty HTTP/HTTPS client
2016-08-25 19:09:29,302 INFO  [i.s.s.r.resources.ListServerResource         ] - Request entry point: DefaultResource @Get([application/json])
2016-08-25 19:09:29,318 INFO  [LogService                                   ] - 2016-08-25	19:09:29	127.0.0.1	admin	127.0.0.1	2018	GET	/	-	200	-	0	19	http://localhost:2018	Restlet-Framework/2.3.4	-
2016-08-25 19:09:29,348 INFO  [org.restlet                                  ] - Starting a Jetty HTTP/HTTPS client
2016-08-25 19:09:29,367 INFO  [i.s.s.r.resources.ListServerResource         ] - Request entry point: AccountsResource @Get([application/json])
2016-08-25 19:09:29,399 INFO  [LogService                                   ] - 2016-08-25	19:09:29	127.0.0.1	admin	127.0.0.1	2018	GET	/singleEntityApplication/v1	-	200	-	0	45	http://localhost:2018	Restlet-Framework/2.3.4	-
2016-08-25 19:09:29,406 INFO  [org.restlet                                  ] - Starting a Jetty HTTP/HTTPS client
2016-08-25 19:09:29,419 INFO  [i.s.s.r.r.PostEntityServerResource           ] - Request entry point: PostAccountResource @Get('json')
2016-08-25 19:09:29,423 INFO  [LogService                                   ] - 2016-08-25	19:09:29	127.0.0.1	admin	127.0.0.1	2018	GET	/singleEntityApplication/v1/accounts/	-	200	-	0	12	http://localhost:2018	Restlet-Framework/2.3.4	-
2016-08-25 19:09:29,490 INFO  [i.s.c.testsupport.ApplicationClient2         ] -  > TEST: issuing POST on 'http://localhost:2018/singleEntityApplication/v1/accounts/', providing credentials null
2016-08-25 19:09:29,494 INFO  [org.restlet                                  ] - Starting a Jetty HTTP/HTTPS client
2016-08-25 19:09:29,571 INFO  [i.s.s.r.r.PostEntityServerResource           ] - Request entry point: PostAccountResource @Post('json')
2016-08-25 19:09:29,571 INFO  [i.s.s.r.r.PostEntityServerResource           ] - Request entry point: PostAccountResource @Post('x-www-form-urlencoded:html|json|xml')
2016-08-25 19:09:29,571 INFO  [i.s.s.r.r.PostEntityServerResource           ] - calling post(Form), media types '[application/json:1.0]'
2016-08-25 19:09:29,932 INFO  [LogService                                   ] - 2016-08-25	19:09:29	127.0.0.1	admin	127.0.0.1	2018	POST	/singleEntityApplication/v1/accounts/14%3A0	noRedirects	201	-	47	426	http://localhost:2018	Restlet-Framework/2.3.4	-
2016-08-25 19:09:29,936 INFO  [i.s.s.a.r.s.it.AccountsBrowser               ] -  > TEST: getting Entities
2016-08-25 19:09:29,937 INFO  [i.s.c.testsupport.ApplicationBrowser2        ] -  > TEST: logging in as user 'admin'
2016-08-25 19:09:29,939 INFO  [org.restlet                                  ] - Starting a Jetty HTTP/HTTPS client
2016-08-25 19:09:29,947 INFO  [i.s.s.restlet.resources.RedirectResource     ] - Request entry point: LoginResource @Get()
2016-08-25 19:09:29,948 INFO  [LogService                                   ] - 2016-08-25	19:09:29	127.0.0.1	admin	127.0.0.1	2018	GET	/_login	-	303	0	0	3	http://localhost:2018	Restlet-Framework/2.3.4	-
2016-08-25 19:09:29,953 INFO  [i.s.s.r.resources.ListServerResource         ] - Request entry point: DefaultResource @Get([text/html])
2016-08-25 19:09:29,961 INFO  [i.s.s.stringtemplate.STGroupBundleDir        ] - found resource in skysail.server.converter: bundle://74.0:1/templates/bootstrap/index.st
2016-08-25 19:09:30,142 INFO  [i.s.s.stringtemplate.STGroupBundleDir        ] - found resource in skysail.server.converter: bundle://74.0:1/templates/bootstrap/contentHeader.st
2016-08-25 19:09:30,179 INFO  [LogService                                   ] - 2016-08-25	19:09:30	127.0.0.1	-	127.0.0.1	2018	GET	/	-	200	-	0	228	http://localhost:2018	Jetty/9.2.11.v20150529,Restlet-Framework/2.3.4	-
2016-08-25 19:09:30,183 INFO  [i.s.c.testsupport.ApplicationClient2         ] -  > TEST: issuing GET on 'http://localhost:2018/', providing credentials null
2016-08-25 19:09:30,186 INFO  [org.restlet                                  ] - Starting a Jetty HTTP/HTTPS client
2016-08-25 19:09:30,193 INFO  [i.s.s.r.resources.ListServerResource         ] - Request entry point: DefaultResource @Get([application/json])
2016-08-25 19:09:30,194 INFO  [LogService                                   ] - 2016-08-25	19:09:30	127.0.0.1	admin	127.0.0.1	2018	GET	/	-	200	-	0	3	http://localhost:2018	Restlet-Framework/2.3.4	-
2016-08-25 19:09:30,200 INFO  [org.restlet                                  ] - Starting a Jetty HTTP/HTTPS client
2016-08-25 19:09:30,209 INFO  [i.s.s.r.resources.ListServerResource         ] - Request entry point: AccountsResource @Get([application/json])
2016-08-25 19:09:30,249 INFO  [LogService                                   ] - 2016-08-25	19:09:30	127.0.0.1	admin	127.0.0.1	2018	GET	/singleEntityApplication/v1	-	200	-	0	43	http://localhost:2018	Restlet-Framework/2.3.4	-
2016-08-25 19:09:30,295 INFO  [org.restlet                                  ] - Stopping a Jetty HTTP/HTTPS client
