2016-11-11 20:16:44,011 INFO  [io.skysail.server.app.ApplicationList        ] - (+ ApplicationModel) (#01) with name 'root'
2016-11-11 20:16:44,092 INFO  [io.skysail.server.app.ApplicationList        ] - (+ ApplicationModel) (#02) with name 'webapp'
2016-11-11 20:16:45,449 INFO  [io.skysail.domain.core.Repositories          ] - (+ Repository) about to add new repository...
2016-11-11 20:16:45,450 INFO  [io.skysail.domain.core.Repositories          ] - (+ Repository) (#01) with name 'io.skysail.server.db.versions.impl.ComponentDbVersion'
2016-11-11 20:16:45,501 INFO  [io.skysail.server.http.HttpServer            ] - 
2016-11-11 20:16:45,501 INFO  [io.skysail.server.http.HttpServer            ] - ====================================
2016-11-11 20:16:45,503 INFO  [io.skysail.server.http.HttpServer            ] - Starting skysail server on port 2020
2016-11-11 20:16:45,503 INFO  [io.skysail.server.http.HttpServer            ] - ====================================
2016-11-11 20:16:45,503 INFO  [io.skysail.server.http.HttpServer            ] - 
2016-11-11 20:16:45,584 INFO  [org.restlet                                  ] - Starting the Jetty [HTTP/1.1] server on port 2020
2016-11-11 20:16:45,682 INFO  [org.restlet                                  ] - Stopping the Jetty [HTTP/1.1] server on port 2020
2016-11-11 20:16:45,710 INFO  [io.skysail.server.http.HttpServer            ] - 
2016-11-11 20:16:45,710 INFO  [io.skysail.server.http.HttpServer            ] - ====================================
2016-11-11 20:16:45,710 INFO  [io.skysail.server.http.HttpServer            ] - Starting skysail server on port 2020
2016-11-11 20:16:45,710 INFO  [io.skysail.server.http.HttpServer            ] - ====================================
2016-11-11 20:16:45,710 INFO  [io.skysail.server.http.HttpServer            ] - 
2016-11-11 20:16:45,710 INFO  [org.restlet                                  ] - Starting the Jetty [HTTP/1.1] server on port 2020
2016-11-11 20:16:45,794 INFO  [io.skysail.server.app.ApplicationList        ] - (+ ApplicationModel) (#03) with name 'static'
2016-11-11 20:16:45,845 INFO  [io.skysail.server.app.ApplicationList        ] - (+ ApplicationModel) (#04) with name 'i18n'
2016-11-11 20:16:45,925 INFO  [i.s.s.u.s.ShiroBasedUserManagementProvider   ] - USER MANAGEMENT PROVIDER: activating provider 'io.skysail.server.um.shiro.ShiroBasedUserManagementProvider'
2016-11-11 20:16:45,982 INFO  [io.skysail.server.app.ServiceList            ] - USER MANAGEMENT PROVIDER: setting provider to 'io.skysail.server.um.shiro.ShiroBasedUserManagementProvider'
2016-11-11 20:16:45,987 INFO  [io.skysail.server.app.ApplicationList        ] - (+ ApplicationModel) (#05) with name 'io.skysail.server.um.shiro.app.ShiroUmApplication'
2016-11-11 20:16:46,009 INFO  [io.skysail.server.app.ApplicationList        ] - (+ ApplicationModel) (#06) with name 'webconsole'
2016-11-11 20:16:46,025 INFO  [io.skysail.server.app.ApplicationList        ] - (+ ApplicationModel) (#07) with name 'website'
2016-11-11 20:16:46,077 INFO  [io.skysail.domain.core.Repositories          ] - (+ Repository) about to add new repository...
2016-11-11 20:16:46,077 INFO  [io.skysail.domain.core.Repositories          ] - (+ Repository) (#02) with name 'io.skysail.server.app.website.Bookmark'
2016-11-11 20:16:57,068 INFO  [o.r.S.I.SkysailRootApplication               ] - Starting io.skysail.server.app.SkysailRootApplication application
2016-11-11 20:16:57,077 INFO  [io.skysail.server.app.SkysailApplication     ] - creating new Router in io.skysail.server.app.SkysailRootApplication
2016-11-11 20:16:57,079 INFO  [io.skysail.server.app.SkysailApplication     ] - adding extensions to metadata service
2016-11-11 20:16:57,080 INFO  [io.skysail.server.app.SkysailApplication     ] - adding protocols
2016-11-11 20:16:57,159 INFO  [io.skysail.server.restlet.SkysailRouter      ] - routing path '/root/' -> AlwaysAuthenticatedAuthenticator -> RolesPredicateAuthorizer -> Finder -> DefaultResource
2016-11-11 20:16:57,164 INFO  [io.skysail.server.restlet.SkysailRouter      ] - routing path '/root/_login' -> AlwaysAuthenticatedAuthenticator -> RolesPredicateAuthorizer -> Finder -> LoginResource
2016-11-11 20:16:57,165 INFO  [io.skysail.server.restlet.SkysailRouter      ] - routing path '/root/_logout' -> AlwaysAuthenticatedAuthenticator -> RolesPredicateAuthorizer -> Finder -> LogoutResource
2016-11-11 20:16:57,168 INFO  [io.skysail.server.restlet.SkysailRouter      ] - routing path '/root/_profile' -> AlwaysAuthenticatedAuthenticator -> RolesPredicateAuthorizer -> Finder -> ProfileResource
2016-11-11 20:16:57,170 INFO  [io.skysail.server.restlet.SkysailRouter      ] - routing path '/root/logs' -> AlwaysAuthenticatedAuthenticator -> RolesPredicateAuthorizer -> Finder -> LogsResource
2016-11-11 20:16:57,174 INFO  [o.r.S.InternalRouter.WebappApplication       ] - Starting io.skysail.server.converter.WebappApplication application
2016-11-11 20:16:57,178 INFO  [o.r.S.InternalRouter.WebappApplication       ] - Starting de.twenty11.skysail.server.webapp.internal.WebappApplication application
2016-11-11 20:16:57,180 INFO  [o.r.S.InternalRouter.I18nApplication         ] - Starting io.skysail.server.text.store.bundleresource.impl.I18nApplication application
2016-11-11 20:16:57,181 INFO  [io.skysail.server.app.SkysailApplication     ] - creating new Router in io.skysail.server.text.store.bundleresource.impl.I18nApplication
2016-11-11 20:16:57,182 INFO  [io.skysail.server.app.SkysailApplication     ] - adding extensions to metadata service
2016-11-11 20:16:57,182 INFO  [io.skysail.server.app.SkysailApplication     ] - adding protocols
2016-11-11 20:16:57,185 INFO  [io.skysail.server.restlet.SkysailRouter      ] - routing path '/i18n/v1' -> SkysailCookieAuthenticator -> RolesPredicateAuthorizer -> Finder -> I18nRootResource
2016-11-11 20:16:57,186 INFO  [io.skysail.server.restlet.SkysailRouter      ] - routing path '/i18n/v1/messages/' -> SkysailCookieAuthenticator -> RolesPredicateAuthorizer -> Finder -> MessagesResource
2016-11-11 20:16:57,190 INFO  [io.skysail.server.restlet.SkysailRouter      ] - routing path '/i18n/v1/messages/{key}' -> SkysailCookieAuthenticator -> RolesPredicateAuthorizer -> Finder -> MessageResource
2016-11-11 20:16:57,194 INFO  [io.skysail.server.restlet.SkysailRouter      ] - routing path '/i18n/v1/messages/{key}/' -> SkysailCookieAuthenticator -> RolesPredicateAuthorizer -> Finder -> PutMessageResource
2016-11-11 20:16:57,196 INFO  [io.skysail.server.restlet.SkysailRouter      ] - routing path '/i18n/v1/messages/{key}/{fieldname}/' -> SkysailCookieAuthenticator -> RolesPredicateAuthorizer -> Finder -> PatchMessageResource
2016-11-11 20:16:57,197 INFO  [o.r.S.InternalRouter.ShiroUmApplication      ] - Starting io.skysail.server.um.shiro.app.ShiroUmApplication application
2016-11-11 20:16:57,198 INFO  [io.skysail.server.app.SkysailApplication     ] - creating new Router in io.skysail.server.um.shiro.app.ShiroUmApplication
2016-11-11 20:16:57,199 INFO  [io.skysail.server.app.SkysailApplication     ] - adding extensions to metadata service
2016-11-11 20:16:57,199 INFO  [io.skysail.server.app.SkysailApplication     ] - adding protocols
2016-11-11 20:16:57,206 INFO  [io.skysail.server.restlet.SkysailRouter      ] - routing path '/io.skysail.server.um.shiro.app.ShiroUmApplication/v1/_login' -> AlwaysAuthenticatedAuthenticator -> RolesPredicateAuthorizer -> Finder -> LoginResource
2016-11-11 20:16:57,210 INFO  [io.skysail.server.restlet.SkysailRouter      ] - routing path '/io.skysail.server.um.shiro.app.ShiroUmApplication/v1/currentUser' -> NeverAuthenticatedAuthenticator -> RolesPredicateAuthorizer -> Finder -> CurrentUserResource
2016-11-11 20:16:57,214 INFO  [o.r.S.I.WebconsoleApplication                ] - Starting io.skysail.server.app.webconsole.WebconsoleApplication application
2016-11-11 20:16:57,215 INFO  [io.skysail.server.app.SkysailApplication     ] - creating new Router in io.skysail.server.app.webconsole.WebconsoleApplication
2016-11-11 20:16:57,216 INFO  [io.skysail.server.app.SkysailApplication     ] - adding extensions to metadata service
2016-11-11 20:16:57,216 INFO  [io.skysail.server.app.SkysailApplication     ] - adding protocols
2016-11-11 20:16:57,217 WARN  [io.skysail.server.app.SkysailApplication     ] - there are no entities defined for the applicationModel SkysailApplicationModel: webconsole
Repositories: 
Repositories(repositories={})

2016-11-11 20:16:57,221 INFO  [io.skysail.server.restlet.SkysailRouter      ] - routing path '/webconsole/v1' -> SkysailCookieAuthenticator -> RolesPredicateAuthorizer -> Finder -> BundlesResource
2016-11-11 20:16:57,222 INFO  [io.skysail.server.restlet.SkysailRouter      ] - routing path '/webconsole/v1/bundles' -> SkysailCookieAuthenticator -> RolesPredicateAuthorizer -> Finder -> BundlesResource
2016-11-11 20:16:57,225 INFO  [io.skysail.server.restlet.SkysailRouter      ] - routing path '/webconsole/v1/bundles/{id}' -> SkysailCookieAuthenticator -> RolesPredicateAuthorizer -> Finder -> BundleResource
2016-11-11 20:16:57,228 INFO  [io.skysail.server.restlet.SkysailRouter      ] - routing path '/webconsole/v1/services' -> SkysailCookieAuthenticator -> RolesPredicateAuthorizer -> Finder -> ServicesResource
2016-11-11 20:16:57,230 INFO  [io.skysail.server.restlet.SkysailRouter      ] - routing path '/webconsole/v1/services/{id}' -> SkysailCookieAuthenticator -> RolesPredicateAuthorizer -> Finder -> ServiceResource
2016-11-11 20:16:57,232 INFO  [io.skysail.server.restlet.SkysailRouter      ] - routing path '/webconsole/v1/backend/bundles' -> SkysailCookieAuthenticator -> RolesPredicateAuthorizer -> Finder -> JsonBundlesResource
2016-11-11 20:16:57,233 INFO  [o.r.S.InternalRouter.WebsiteApplication      ] - Starting io.skysail.server.app.website.WebsiteApplication application
2016-11-11 20:16:57,234 INFO  [io.skysail.server.app.SkysailApplication     ] - creating new Router in io.skysail.server.app.website.WebsiteApplication
2016-11-11 20:16:57,235 INFO  [io.skysail.server.app.SkysailApplication     ] - adding extensions to metadata service
2016-11-11 20:16:57,235 INFO  [io.skysail.server.app.SkysailApplication     ] - adding protocols
2016-11-11 20:16:57,235 WARN  [io.skysail.server.app.SkysailApplication     ] - there are no entities defined for the applicationModel SkysailApplicationModel: website
Repositories: 
Repositories(repositories={io.skysail.server.db.versions.impl.ComponentDbVersion=io.skysail.server.db.versions.impl.VersionsRepository@40d4a039, io.skysail.server.app.website.Bookmark=io.skysail.server.app.website.WebsiteRepository@e84a310})

2016-11-11 20:16:57,238 INFO  [io.skysail.server.restlet.SkysailRouter      ] - routing path '/website/v1/Bookmarks/{id}' -> SkysailCookieAuthenticator -> RolesPredicateAuthorizer -> Finder -> BookmarkResource
2016-11-11 20:16:57,240 INFO  [io.skysail.server.restlet.SkysailRouter      ] - routing path '/website/v1/Bookmarks/' -> SkysailCookieAuthenticator -> RolesPredicateAuthorizer -> Finder -> PostBookmarkResource
2016-11-11 20:16:57,242 INFO  [io.skysail.server.restlet.SkysailRouter      ] - routing path '/website/v1/Bookmarks/{id}/' -> SkysailCookieAuthenticator -> RolesPredicateAuthorizer -> Finder -> PutBookmarkResource
2016-11-11 20:16:57,244 INFO  [io.skysail.server.restlet.SkysailRouter      ] - routing path '/website/v1/Bookmarks' -> SkysailCookieAuthenticator -> RolesPredicateAuthorizer -> Finder -> BookmarksResource
2016-11-11 20:16:57,245 INFO  [io.skysail.server.restlet.SkysailRouter      ] - routing path '/website/v1' -> SkysailCookieAuthenticator -> RolesPredicateAuthorizer -> Finder -> BookmarksResource
2016-11-11 20:16:57,940 INFO  [i.s.s.u.s.a.SkysailHashedCredentialsMatcher  ] - added entry $2a$12$52R8v2QH3vQRz8NcdtOm5.HhE5tFPZ0T/.MpfUa9rBzOugK.btAHS to credentials hash cache with current timestamp, size now is 1
2016-11-11 20:16:58,727 INFO  [LogService                                   ] - 0:0:0:0:0:0:0:1 admin localhost:2020 GET /  200
2016-11-11 20:16:58,949 INFO  [LogService                                   ] - 0:0:0:0:0:0:0:1  localhost:2020 GET /static/img/silk/page_white_swoosh.png  200
2016-11-11 20:17:02,325 INFO  [LogService                                   ] - 0:0:0:0:0:0:0:1 admin localhost:2020 GET /webconsole/v1  200
2016-11-11 20:17:07,285 INFO  [LogService                                   ] - 0:0:0:0:0:0:0:1 admin localhost:2020 GET /website/v1  200
2016-11-11 20:17:14,861 INFO  [LogService                                   ] - 0:0:0:0:0:0:0:1 admin  GET /v1/Bookmarks  200
2016-11-11 20:22:39,366 INFO  [i.s.s.u.s.a.SkysailHashedCredentialsMatcher  ] - added entry $2a$12$52R8v2QH3vQRz8NcdtOm5.HhE5tFPZ0T/.MpfUa9rBzOugK.btAHS to credentials hash cache with current timestamp, size now is 1
2016-11-11 20:22:39,378 INFO  [LogService                                   ] - 0:0:0:0:0:0:0:1 admin localhost:2020 GET /website/v1/index.html  200
2016-11-11 20:22:39,428 INFO  [LogService                                   ] - 0:0:0:0:0:0:0:1 admin localhost:2020 GET /website/v1/css/style.css  200
2016-11-11 20:22:39,443 INFO  [LogService                                   ] - 0:0:0:0:0:0:0:1 admin localhost:2020 GET /website/v1/css/materialize.css  200
2016-11-11 20:22:39,493 INFO  [LogService                                   ] - 0:0:0:0:0:0:0:1 admin localhost:2020 GET /website/v1/js/materialize.js  200
2016-11-11 20:22:39,520 INFO  [LogService                                   ] - 0:0:0:0:0:0:0:1 admin localhost:2020 GET /website/v1/js/init.js  200
2016-11-11 20:22:39,529 INFO  [LogService                                   ] - 0:0:0:0:0:0:0:1 admin localhost:2020 GET /website/v1/skysail.logo.png  200
2016-11-11 20:22:39,540 INFO  [LogService                                   ] - 0:0:0:0:0:0:0:1 admin localhost:2020 GET /website/v1/background1.jpg  200
2016-11-11 20:22:39,551 INFO  [LogService                                   ] - 0:0:0:0:0:0:0:1 admin localhost:2020 GET /website/v1/background2.jpg  200
2016-11-11 20:22:39,576 INFO  [LogService                                   ] - 0:0:0:0:0:0:0:1 admin localhost:2020 GET /website/v1/background3.jpg  200
2016-11-11 20:22:39,626 INFO  [LogService                                   ] - 0:0:0:0:0:0:0:1 admin localhost:2020 GET /website/v1/fonts/roboto/Roboto-Regular.woff2  200
2016-11-11 20:22:39,638 INFO  [LogService                                   ] - 0:0:0:0:0:0:0:1 admin localhost:2020 GET /website/v1/fonts/roboto/Roboto-Medium.woff2  200
2016-11-11 20:22:39,638 INFO  [LogService                                   ] - 0:0:0:0:0:0:0:1 admin localhost:2020 GET /website/v1/fonts/roboto/Roboto-Light.woff2  200
