2016-11-18 16:25:24,519 WARN  [io.skysail.server.app.SkysailApplication     ] - there are no entities defined for the applicationModel SkysailApplicationModel: webconsole
Repositories: 
Repositories(repositories={})

2016-11-18 16:25:24,530 WARN  [io.skysail.server.app.SkysailApplication     ] - there are no entities defined for the applicationModel SkysailApplicationModel: website
Repositories: 
Repositories(repositories={io.skysail.server.db.versions.impl.ComponentDbVersion=io.skysail.server.db.versions.impl.VersionsRepository@5f06678c, io.skysail.server.app.website.Bookmark=io.skysail.server.app.website.WebsiteRepository@25bd31ce})

2016-11-18 16:26:05,190 WARN  [io.skysail.server.app.SkysailApplication     ] - there are no entities defined for the applicationModel SkysailApplicationModel: website
Repositories: 
Repositories(repositories={io.skysail.server.db.versions.impl.ComponentDbVersion=io.skysail.server.db.versions.impl.VersionsRepository@5f06678c, io.skysail.server.app.website.Bookmark=io.skysail.server.app.website.WebsiteRepository@2b60a15})

2016-11-18 16:36:31,505 WARN  [io.skysail.server.app.SkysailApplication     ] - there are no entities defined for the applicationModel SkysailApplicationModel: website
Repositories: 
Repositories(repositories={io.skysail.server.db.versions.impl.ComponentDbVersion=io.skysail.server.db.versions.impl.VersionsRepository@5f06678c, io.skysail.server.app.website.Bookmark=io.skysail.server.app.website.WebsiteRepository@5ed6dbd6})

2016-11-18 16:40:09,894 WARN  [io.skysail.server.app.SkysailApplication     ] - there are no entities defined for the applicationModel SkysailApplicationModel: website
Repositories: 
Repositories(repositories={io.skysail.server.db.versions.impl.ComponentDbVersion=io.skysail.server.db.versions.impl.VersionsRepository@5f06678c, io.skysail.server.app.website.Bookmark=io.skysail.server.app.website.WebsiteRepository@9e8508b})

2016-11-18 16:40:25,581 WARN  [io.skysail.server.app.SkysailApplication     ] - there are no entities defined for the applicationModel SkysailApplicationModel: website
Repositories: 
Repositories(repositories={io.skysail.server.db.versions.impl.ComponentDbVersion=io.skysail.server.db.versions.impl.VersionsRepository@5f06678c, io.skysail.server.app.website.Bookmark=io.skysail.server.app.website.WebsiteRepository@2462d0ad})

2016-11-18 16:42:27,308 WARN  [io.skysail.server.app.SkysailApplication     ] - there are no entities defined for the applicationModel SkysailApplicationModel: website
Repositories: 
Repositories(repositories={io.skysail.server.db.versions.impl.ComponentDbVersion=io.skysail.server.db.versions.impl.VersionsRepository@5f06678c, io.skysail.server.app.website.Bookmark=io.skysail.server.app.website.WebsiteRepository@3e085487})

2016-11-18 16:43:16,293 WARN  [io.skysail.server.app.SkysailApplication     ] - there are no entities defined for the applicationModel SkysailApplicationModel: website
Repositories: 
Repositories(repositories={io.skysail.server.db.versions.impl.ComponentDbVersion=io.skysail.server.db.versions.impl.VersionsRepository@5f06678c, io.skysail.server.app.website.Bookmark=io.skysail.server.app.website.WebsiteRepository@18997e65})

2016-11-18 16:44:15,987 WARN  [io.skysail.server.app.SkysailApplication     ] - there are no entities defined for the applicationModel SkysailApplicationModel: website
Repositories: 
Repositories(repositories={io.skysail.server.db.versions.impl.ComponentDbVersion=io.skysail.server.db.versions.impl.VersionsRepository@5f06678c, io.skysail.server.app.website.Bookmark=io.skysail.server.app.website.WebsiteRepository@58ef0e42})

2016-11-18 16:45:01,876 WARN  [io.skysail.server.app.SkysailApplication     ] - there are no entities defined for the applicationModel SkysailApplicationModel: website
Repositories: 
Repositories(repositories={io.skysail.server.db.versions.impl.ComponentDbVersion=io.skysail.server.db.versions.impl.VersionsRepository@5f06678c, io.skysail.server.app.website.Bookmark=io.skysail.server.app.website.WebsiteRepository@329ba8ec})

2016-11-18 16:46:32,072 WARN  [io.skysail.server.app.SkysailApplication     ] - there are no entities defined for the applicationModel SkysailApplicationModel: website
Repositories: 
Repositories(repositories={io.skysail.server.db.versions.impl.ComponentDbVersion=io.skysail.server.db.versions.impl.VersionsRepository@5f06678c, io.skysail.server.app.website.Bookmark=io.skysail.server.app.website.WebsiteRepository@710b9d26})

2016-11-18 16:47:27,067 WARN  [io.skysail.server.app.SkysailApplication     ] - there are no entities defined for the applicationModel SkysailApplicationModel: website
Repositories: 
Repositories(repositories={io.skysail.server.db.versions.impl.ComponentDbVersion=io.skysail.server.db.versions.impl.VersionsRepository@5f06678c, io.skysail.server.app.website.Bookmark=io.skysail.server.app.website.WebsiteRepository@3f22df20})

2016-11-18 16:47:59,609 WARN  [io.skysail.server.app.SkysailApplication     ] - there are no entities defined for the applicationModel SkysailApplicationModel: website
Repositories: 
Repositories(repositories={io.skysail.server.db.versions.impl.ComponentDbVersion=io.skysail.server.db.versions.impl.VersionsRepository@5f06678c, io.skysail.server.app.website.Bookmark=io.skysail.server.app.website.WebsiteRepository@7b9a0f61})

2016-11-18 16:51:01,828 WARN  [io.skysail.server.app.SkysailApplication     ] - there are no entities defined for the applicationModel SkysailApplicationModel: website
Repositories: 
Repositories(repositories={io.skysail.server.db.versions.impl.ComponentDbVersion=io.skysail.server.db.versions.impl.VersionsRepository@5f06678c, io.skysail.server.app.website.Bookmark=io.skysail.server.app.website.WebsiteRepository@6f3fcd05})

2016-11-18 16:51:36,026 WARN  [io.skysail.server.app.SkysailApplication     ] - there are no entities defined for the applicationModel SkysailApplicationModel: website
Repositories: 
Repositories(repositories={io.skysail.server.db.versions.impl.ComponentDbVersion=io.skysail.server.db.versions.impl.VersionsRepository@5f06678c, io.skysail.server.app.website.Bookmark=io.skysail.server.app.website.WebsiteRepository@59422b4c})

2016-11-18 16:52:39,151 WARN  [io.skysail.server.app.SkysailApplication     ] - there are no entities defined for the applicationModel SkysailApplicationModel: website
Repositories: 
Repositories(repositories={io.skysail.server.db.versions.impl.ComponentDbVersion=io.skysail.server.db.versions.impl.VersionsRepository@5f06678c, io.skysail.server.app.website.Bookmark=io.skysail.server.app.website.WebsiteRepository@79c6be0d})

2016-11-18 16:52:55,696 WARN  [io.skysail.server.app.SkysailApplication     ] - there are no entities defined for the applicationModel SkysailApplicationModel: website
Repositories: 
Repositories(repositories={io.skysail.server.db.versions.impl.ComponentDbVersion=io.skysail.server.db.versions.impl.VersionsRepository@5f06678c, io.skysail.server.app.website.Bookmark=io.skysail.server.app.website.WebsiteRepository@11ef2365})

2016-11-18 16:53:14,009 WARN  [io.skysail.server.app.SkysailApplication     ] - there are no entities defined for the applicationModel SkysailApplicationModel: website
Repositories: 
Repositories(repositories={io.skysail.server.db.versions.impl.ComponentDbVersion=io.skysail.server.db.versions.impl.VersionsRepository@5f06678c, io.skysail.server.app.website.Bookmark=io.skysail.server.app.website.WebsiteRepository@4471ccdf})

2016-11-18 16:53:30,186 WARN  [io.skysail.server.app.SkysailApplication     ] - there are no entities defined for the applicationModel SkysailApplicationModel: website
Repositories: 
Repositories(repositories={io.skysail.server.db.versions.impl.ComponentDbVersion=io.skysail.server.db.versions.impl.VersionsRepository@5f06678c, io.skysail.server.app.website.Bookmark=io.skysail.server.app.website.WebsiteRepository@3c9bacd5})

2016-11-18 16:56:15,033 WARN  [io.skysail.server.app.SkysailApplication     ] - there are no entities defined for the applicationModel SkysailApplicationModel: website
Repositories: 
Repositories(repositories={io.skysail.server.db.versions.impl.ComponentDbVersion=io.skysail.server.db.versions.impl.VersionsRepository@5f06678c, io.skysail.server.app.website.Bookmark=io.skysail.server.app.website.WebsiteRepository@6f7c7526})

2016-11-18 16:57:16,595 WARN  [io.skysail.server.app.SkysailApplication     ] - there are no entities defined for the applicationModel SkysailApplicationModel: website
Repositories: 
Repositories(repositories={io.skysail.server.db.versions.impl.ComponentDbVersion=io.skysail.server.db.versions.impl.VersionsRepository@5f06678c, io.skysail.server.app.website.Bookmark=io.skysail.server.app.website.WebsiteRepository@31ac8ac8})

2016-11-18 17:00:41,453 WARN  [io.skysail.server.app.SkysailApplication     ] - there are no entities defined for the applicationModel SkysailApplicationModel: website
Repositories: 
Repositories(repositories={io.skysail.server.db.versions.impl.ComponentDbVersion=io.skysail.server.db.versions.impl.VersionsRepository@5f06678c, io.skysail.server.app.website.Bookmark=io.skysail.server.app.website.WebsiteRepository@7d856939})

2016-11-18 17:01:15,934 WARN  [io.skysail.server.app.SkysailApplication     ] - there are no entities defined for the applicationModel SkysailApplicationModel: website
Repositories: 
Repositories(repositories={io.skysail.server.db.versions.impl.ComponentDbVersion=io.skysail.server.db.versions.impl.VersionsRepository@5f06678c, io.skysail.server.app.website.Bookmark=io.skysail.server.app.website.WebsiteRepository@4754d89c})

2016-11-18 17:03:22,563 WARN  [io.skysail.server.app.SkysailApplication     ] - there are no entities defined for the applicationModel SkysailApplicationModel: website
Repositories: 
Repositories(repositories={io.skysail.server.db.versions.impl.ComponentDbVersion=io.skysail.server.db.versions.impl.VersionsRepository@5f06678c, io.skysail.server.app.website.Bookmark=io.skysail.server.app.website.WebsiteRepository@37a8323d})

2016-11-18 17:04:32,869 WARN  [io.skysail.server.app.SkysailApplication     ] - there are no entities defined for the applicationModel SkysailApplicationModel: website
Repositories: 
Repositories(repositories={io.skysail.server.db.versions.impl.ComponentDbVersion=io.skysail.server.db.versions.impl.VersionsRepository@5f06678c, io.skysail.server.app.website.Bookmark=io.skysail.server.app.website.WebsiteRepository@62152faa})

2016-11-18 17:06:20,962 WARN  [io.skysail.server.app.SkysailApplication     ] - there are no entities defined for the applicationModel SkysailApplicationModel: website
Repositories: 
Repositories(repositories={io.skysail.server.db.versions.impl.ComponentDbVersion=io.skysail.server.db.versions.impl.VersionsRepository@5f06678c, io.skysail.server.app.website.Bookmark=io.skysail.server.app.website.WebsiteRepository@4376cff5})

2016-11-18 17:07:57,776 WARN  [io.skysail.server.app.SkysailApplication     ] - there are no entities defined for the applicationModel SkysailApplicationModel: website
Repositories: 
Repositories(repositories={io.skysail.server.db.versions.impl.ComponentDbVersion=io.skysail.server.db.versions.impl.VersionsRepository@5f06678c, io.skysail.server.app.website.Bookmark=io.skysail.server.app.website.WebsiteRepository@3b244258})

2016-11-18 17:11:02,880 WARN  [io.skysail.server.app.SkysailApplication     ] - there are no entities defined for the applicationModel SkysailApplicationModel: website
Repositories: 
Repositories(repositories={io.skysail.server.db.versions.impl.ComponentDbVersion=io.skysail.server.db.versions.impl.VersionsRepository@5f06678c, io.skysail.server.app.website.Bookmark=io.skysail.server.app.website.WebsiteRepository@81a6f01})

